ITGDec version 2.8.1 (r1023)
Compile-time options: bursty multiport
----------------------------------------------------------
Flow number: 1
From 192.168.10.9:44887
To    192.168.10.4:8999
----------------------------------------------------------
Total time               =     10.187117 s
Total packets            =         82162
Minimum delay            =      0.000005 s
Maximum delay            =      1.000135 s
Average delay            =      0.217196 s
Average jitter           =      0.000258 s
Delay standard deviation =      0.405738 s
Bytes received           =      21033472
Average bitrate          =  16517.703291 Kbit/s
Average packet rate      =   8065.284810 pkt/s
Packets dropped          =         12851 (13.53 %)
Average loss-burst size  =     35.304945 pkt
----------------------------------------------------------

__________________________________________________________
****************  TOTAL RESULTS   ******************
__________________________________________________________
Number of flows          =             1
Total time               =     10.187117 s
Total packets            =         82162
Minimum delay            =      0.000005 s
Maximum delay            =      1.000135 s
Average delay            =      0.217196 s
Average jitter           =      0.000258 s
Delay standard deviation =      0.405738 s
Bytes received           =      21033472
Average bitrate          =  16517.703291 Kbit/s
Average packet rate      =   8065.284810 pkt/s
Packets dropped          =         12851 (13.53 %)
Average loss-burst size  =     35.304945 pkt
Error lines              =             0
----------------------------------------------------------
