ITGDec version 2.8.1 (r1023)
Compile-time options: bursty multiport
----------------------------------------------------------
Flow number: 1
From 192.168.10.9:43359
To    192.168.10.4:8999
----------------------------------------------------------
Total time               =     10.061212 s
Total packets            =        128182
Minimum delay            =      0.000003 s
Maximum delay            =      1.000123 s
Average delay            =      0.110468 s
Average jitter           =      0.000179 s
Delay standard deviation =      0.310928 s
Bytes received           =      16407296
Average bitrate          =  13045.979749 Kbit/s
Average packet rate      =  12740.214598 pkt/s
Packets dropped          =           736 (0.57 %)
Average loss-burst size  =      1.872774 pkt
----------------------------------------------------------

__________________________________________________________
****************  TOTAL RESULTS   ******************
__________________________________________________________
Number of flows          =             1
Total time               =     10.061212 s
Total packets            =        128182
Minimum delay            =      0.000003 s
Maximum delay            =      1.000123 s
Average delay            =      0.110468 s
Average jitter           =      0.000179 s
Delay standard deviation =      0.310928 s
Bytes received           =      16407296
Average bitrate          =  13045.979749 Kbit/s
Average packet rate      =  12740.214598 pkt/s
Packets dropped          =           736 (0.57 %)
Average loss-burst size  =      1.872774 pkt
Error lines              =             0
----------------------------------------------------------
