ITGDec version 2.8.1 (r1023)
Compile-time options: bursty multiport
----------------------------------------------------------
Flow number: 1
From 192.168.10.9:33679
To    192.168.10.4:8999
----------------------------------------------------------
Total time               =     10.418543 s
Total packets            =         24562
Minimum delay            =      0.000006 s
Maximum delay            =      1.000297 s
Average delay            =      0.598393 s
Average jitter           =      0.000928 s
Delay standard deviation =      0.473049 s
Bytes received           =      25151488
Average bitrate          =  19312.863996 Kbit/s
Average packet rate      =   2357.527343 pkt/s
Packets dropped          =         13999 (36.30 %)
Average loss-burst size  =      7.825042 pkt
----------------------------------------------------------

__________________________________________________________
****************  TOTAL RESULTS   ******************
__________________________________________________________
Number of flows          =             1
Total time               =     10.418543 s
Total packets            =         24562
Minimum delay            =      0.000006 s
Maximum delay            =      1.000297 s
Average delay            =      0.598393 s
Average jitter           =      0.000928 s
Delay standard deviation =      0.473049 s
Bytes received           =      25151488
Average bitrate          =  19312.863996 Kbit/s
Average packet rate      =   2357.527343 pkt/s
Packets dropped          =         13999 (36.30 %)
Average loss-burst size  =      7.825042 pkt
Error lines              =             0
----------------------------------------------------------
