ITGDec version 2.8.1 (r1023)
Compile-time options: bursty multiport
----------------------------------------------------------
Flow number: 1
From 192.168.10.9:56877
To    192.168.10.4:8999
----------------------------------------------------------
Total time               =     10.188829 s
Total packets            =         82044
Minimum delay            =      0.000003 s
Maximum delay            =      1.001503 s
Average delay            =      0.226331 s
Average jitter           =      0.000265 s
Delay standard deviation =      0.412118 s
Bytes received           =      21003264
Average bitrate          =  16491.209343 Kbit/s
Average packet rate      =   8052.348312 pkt/s
Packets dropped          =         12952 (13.63 %)
Average loss-burst size  =     34.723861 pkt
----------------------------------------------------------

__________________________________________________________
****************  TOTAL RESULTS   ******************
__________________________________________________________
Number of flows          =             1
Total time               =     10.188829 s
Total packets            =         82044
Minimum delay            =      0.000003 s
Maximum delay            =      1.001503 s
Average delay            =      0.226331 s
Average jitter           =      0.000265 s
Delay standard deviation =      0.412118 s
Bytes received           =      21003264
Average bitrate          =  16491.209343 Kbit/s
Average packet rate      =   8052.348312 pkt/s
Packets dropped          =         12952 (13.63 %)
Average loss-burst size  =     34.723861 pkt
Error lines              =             0
----------------------------------------------------------
