ITGDec version 2.8.1 (r1023)
Compile-time options: bursty multiport
----------------------------------------------------------
Flow number: 1
From 192.168.10.9:38250
To    192.168.10.4:8999
----------------------------------------------------------
Total time               =     10.195387 s
Total packets            =         82148
Minimum delay            =      0.000005 s
Maximum delay            =      1.000138 s
Average delay            =      0.237607 s
Average jitter           =      0.000265 s
Delay standard deviation =      0.418792 s
Bytes received           =      21029888
Average bitrate          =  16501.492685 Kbit/s
Average packet rate      =   8057.369475 pkt/s
Packets dropped          =         12736 (13.42 %)
Average loss-burst size  =     33.427822 pkt
----------------------------------------------------------

__________________________________________________________
****************  TOTAL RESULTS   ******************
__________________________________________________________
Number of flows          =             1
Total time               =     10.195387 s
Total packets            =         82148
Minimum delay            =      0.000005 s
Maximum delay            =      1.000138 s
Average delay            =      0.237607 s
Average jitter           =      0.000265 s
Delay standard deviation =      0.418792 s
Bytes received           =      21029888
Average bitrate          =  16501.492685 Kbit/s
Average packet rate      =   8057.369475 pkt/s
Packets dropped          =         12736 (13.42 %)
Average loss-burst size  =     33.427822 pkt
Error lines              =             0
----------------------------------------------------------
