ITGDec version 2.8.1 (r1023)
Compile-time options: bursty multiport
----------------------------------------------------------
Flow number: 1
From 192.168.10.9:40293
To    192.168.10.4:8999
----------------------------------------------------------
Total time               =     10.502850 s
Total packets            =         20035
Minimum delay            =      0.000007 s
Maximum delay            =      1.000740 s
Average delay            =      0.733641 s
Average jitter           =      0.001058 s
Delay standard deviation =      0.422653 s
Bytes received           =      25644800
Average bitrate          =  19533.593263 Kbit/s
Average packet rate      =   1907.577467 pkt/s
Packets dropped          =         12101 (37.66 %)
Average loss-burst size  =      7.126620 pkt
----------------------------------------------------------

__________________________________________________________
****************  TOTAL RESULTS   ******************
__________________________________________________________
Number of flows          =             1
Total time               =     10.502850 s
Total packets            =         20035
Minimum delay            =      0.000007 s
Maximum delay            =      1.000740 s
Average delay            =      0.733641 s
Average jitter           =      0.001058 s
Delay standard deviation =      0.422653 s
Bytes received           =      25644800
Average bitrate          =  19533.593263 Kbit/s
Average packet rate      =   1907.577467 pkt/s
Packets dropped          =         12101 (37.66 %)
Average loss-burst size  =      7.126620 pkt
Error lines              =             0
----------------------------------------------------------
