ITGDec version 2.8.1 (r1023)
Compile-time options: bursty multiport
----------------------------------------------------------
Flow number: 1
From 192.168.10.9:44286
To    192.168.10.4:8999
----------------------------------------------------------
Total time               =     10.186305 s
Total packets            =         82184
Minimum delay            =      0.000004 s
Maximum delay            =      1.000163 s
Average delay            =      0.232271 s
Average jitter           =      0.000265 s
Delay standard deviation =      0.416003 s
Bytes received           =      21039104
Average bitrate          =  16523.443192 Kbit/s
Average packet rate      =   8068.087496 pkt/s
Packets dropped          =         12729 (13.41 %)
Average loss-burst size  =     33.763926 pkt
----------------------------------------------------------

__________________________________________________________
****************  TOTAL RESULTS   ******************
__________________________________________________________
Number of flows          =             1
Total time               =     10.186305 s
Total packets            =         82184
Minimum delay            =      0.000004 s
Maximum delay            =      1.000163 s
Average delay            =      0.232271 s
Average jitter           =      0.000265 s
Delay standard deviation =      0.416003 s
Bytes received           =      21039104
Average bitrate          =  16523.443192 Kbit/s
Average packet rate      =   8068.087496 pkt/s
Packets dropped          =         12729 (13.41 %)
Average loss-burst size  =     33.763926 pkt
Error lines              =             0
----------------------------------------------------------
