ITGDec version 2.8.1 (r1023)
Compile-time options: bursty multiport
----------------------------------------------------------
Flow number: 1
From 192.168.10.9:33412
To    192.168.10.4:8999
----------------------------------------------------------
Total time               =      9.993754 s
Total packets            =        157398
Minimum delay            =      0.000002 s
Maximum delay            =      1.000098 s
Average delay            =      0.007454 s
Average jitter           =      0.000146 s
Delay standard deviation =      0.085860 s
Bytes received           =      10073472
Average bitrate          =   8063.814258 Kbit/s
Average packet rate      =  15749.637223 pkt/s
Packets dropped          =           151 (0.10 %)
Average loss-burst size  =    151.000000 pkt
----------------------------------------------------------

__________________________________________________________
****************  TOTAL RESULTS   ******************
__________________________________________________________
Number of flows          =             1
Total time               =      9.993754 s
Total packets            =        157398
Minimum delay            =      0.000002 s
Maximum delay            =      1.000098 s
Average delay            =      0.007454 s
Average jitter           =      0.000146 s
Delay standard deviation =      0.085860 s
Bytes received           =      10073472
Average bitrate          =   8063.814258 Kbit/s
Average packet rate      =  15749.637223 pkt/s
Packets dropped          =           151 (0.10 %)
Average loss-burst size  =    151.000000 pkt
Error lines              =             0
----------------------------------------------------------
