ITGDec version 2.8.1 (r1023)
Compile-time options: bursty multiport
----------------------------------------------------------
Flow number: 1
From 192.168.10.9:34252
To    192.168.10.4:8999
----------------------------------------------------------
Total time               =     10.185090 s
Total packets            =         82164
Minimum delay            =      0.000004 s
Maximum delay            =      1.000171 s
Average delay            =      0.232960 s
Average jitter           =      0.000265 s
Delay standard deviation =      0.416364 s
Bytes received           =      21033984
Average bitrate          =  16521.392742 Kbit/s
Average packet rate      =   8067.086300 pkt/s
Packets dropped          =         12818 (13.50 %)
Average loss-burst size  =     35.021858 pkt
----------------------------------------------------------

__________________________________________________________
****************  TOTAL RESULTS   ******************
__________________________________________________________
Number of flows          =             1
Total time               =     10.185090 s
Total packets            =         82164
Minimum delay            =      0.000004 s
Maximum delay            =      1.000171 s
Average delay            =      0.232960 s
Average jitter           =      0.000265 s
Delay standard deviation =      0.416364 s
Bytes received           =      21033984
Average bitrate          =  16521.392742 Kbit/s
Average packet rate      =   8067.086300 pkt/s
Packets dropped          =         12818 (13.50 %)
Average loss-burst size  =     35.021858 pkt
Error lines              =             0
----------------------------------------------------------
