ITGDec version 2.8.1 (r1023)
Compile-time options: bursty multiport
----------------------------------------------------------
Flow number: 1
From 192.168.10.9:34630
To    192.168.10.4:8999
----------------------------------------------------------
Total time               =     10.009063 s
Total packets            =        124395
Minimum delay            =      0.000002 s
Maximum delay            =      1.003428 s
Average delay            =      0.012845 s
Average jitter           =      0.000188 s
Delay standard deviation =      0.112226 s
Bytes received           =      15922560
Average bitrate          =  12726.513960 Kbit/s
Average packet rate      =  12428.236289 pkt/s
Packets dropped          =          1154 (0.92 %)
Average loss-burst size  =     76.933333 pkt
----------------------------------------------------------

__________________________________________________________
****************  TOTAL RESULTS   ******************
__________________________________________________________
Number of flows          =             1
Total time               =     10.009063 s
Total packets            =        124395
Minimum delay            =      0.000002 s
Maximum delay            =      1.003428 s
Average delay            =      0.012845 s
Average jitter           =      0.000188 s
Delay standard deviation =      0.112226 s
Bytes received           =      15922560
Average bitrate          =  12726.513960 Kbit/s
Average packet rate      =  12428.236289 pkt/s
Packets dropped          =          1154 (0.92 %)
Average loss-burst size  =     76.933333 pkt
Error lines              =             0
----------------------------------------------------------
