ITGDec version 2.8.1 (r1023)
Compile-time options: bursty multiport
----------------------------------------------------------
Flow number: 1
From 192.168.10.9:48087
To    192.168.10.4:8999
----------------------------------------------------------
Total time               =     10.079316 s
Total packets            =        128215
Minimum delay            =      0.000003 s
Maximum delay            =      1.007792 s
Average delay            =      0.080229 s
Average jitter           =      0.000180 s
Delay standard deviation =      0.267964 s
Bytes received           =      16411520
Average bitrate          =  13025.899773 Kbit/s
Average packet rate      =  12720.605247 pkt/s
Packets dropped          =           245 (0.19 %)
Average loss-burst size  =      2.692308 pkt
----------------------------------------------------------

__________________________________________________________
****************  TOTAL RESULTS   ******************
__________________________________________________________
Number of flows          =             1
Total time               =     10.079316 s
Total packets            =        128215
Minimum delay            =      0.000003 s
Maximum delay            =      1.007792 s
Average delay            =      0.080229 s
Average jitter           =      0.000180 s
Delay standard deviation =      0.267964 s
Bytes received           =      16411520
Average bitrate          =  13025.899773 Kbit/s
Average packet rate      =  12720.605247 pkt/s
Packets dropped          =           245 (0.19 %)
Average loss-burst size  =      2.692308 pkt
Error lines              =             0
----------------------------------------------------------
