ITGDec version 2.8.1 (r1023)
Compile-time options: bursty multiport
----------------------------------------------------------
Flow number: 1
From 192.168.10.9:53337
To    192.168.10.4:8999
----------------------------------------------------------
Total time               =      9.998602 s
Total packets            =        155651
Minimum delay            =      0.000002 s
Maximum delay            =      1.004654 s
Average delay            =      0.005298 s
Average jitter           =      0.000153 s
Delay standard deviation =      0.072393 s
Bytes received           =       9961664
Average bitrate          =   7970.445468 Kbit/s
Average packet rate      =  15567.276305 pkt/s
Packets dropped          =             0 (0.00 %)
Average loss-burst size  =      0.000000 pkt
----------------------------------------------------------

__________________________________________________________
****************  TOTAL RESULTS   ******************
__________________________________________________________
Number of flows          =             1
Total time               =      9.998602 s
Total packets            =        155651
Minimum delay            =      0.000002 s
Maximum delay            =      1.004654 s
Average delay            =      0.005298 s
Average jitter           =      0.000153 s
Delay standard deviation =      0.072393 s
Bytes received           =       9961664
Average bitrate          =   7970.445468 Kbit/s
Average packet rate      =  15567.276305 pkt/s
Packets dropped          =             0 (0.00 %)
Average loss-burst size  =             0 pkt
Error lines              =             0
----------------------------------------------------------
