ITGDec version 2.8.1 (r1023)
Compile-time options: bursty multiport
----------------------------------------------------------
Flow number: 1
From 192.168.10.9:59660
To    192.168.10.4:8999
----------------------------------------------------------
Total time               =      9.997234 s
Total packets            =        125711
Minimum delay            =      0.000002 s
Maximum delay            =      1.008767 s
Average delay            =      0.010947 s
Average jitter           =      0.000208 s
Delay standard deviation =      0.103861 s
Bytes received           =       8045504
Average bitrate          =   6438.184002 Kbit/s
Average packet rate      =  12574.578128 pkt/s
Packets dropped          =           257 (0.20 %)
Average loss-burst size  =     64.250000 pkt
----------------------------------------------------------

__________________________________________________________
****************  TOTAL RESULTS   ******************
__________________________________________________________
Number of flows          =             1
Total time               =      9.997234 s
Total packets            =        125711
Minimum delay            =      0.000002 s
Maximum delay            =      1.008767 s
Average delay            =      0.010947 s
Average jitter           =      0.000208 s
Delay standard deviation =      0.103861 s
Bytes received           =       8045504
Average bitrate          =   6438.184002 Kbit/s
Average packet rate      =  12574.578128 pkt/s
Packets dropped          =           257 (0.20 %)
Average loss-burst size  =     64.250000 pkt
Error lines              =             0
----------------------------------------------------------
