ITGDec version 2.8.1 (r1023)
Compile-time options: bursty multiport
----------------------------------------------------------
Flow number: 1
From 192.168.10.9:56881
To    192.168.10.4:8999
----------------------------------------------------------
Total time               =     10.364117 s
Total packets            =         23495
Minimum delay            =      0.000006 s
Maximum delay            =      1.000523 s
Average delay            =      0.576072 s
Average jitter           =      0.000960 s
Delay standard deviation =      0.477513 s
Bytes received           =      24058880
Average bitrate          =  18570.905751 Kbit/s
Average packet rate      =   2266.956268 pkt/s
Packets dropped          =         15058 (39.06 %)
Average loss-burst size  =      9.255071 pkt
----------------------------------------------------------

__________________________________________________________
****************  TOTAL RESULTS   ******************
__________________________________________________________
Number of flows          =             1
Total time               =     10.364117 s
Total packets            =         23495
Minimum delay            =      0.000006 s
Maximum delay            =      1.000523 s
Average delay            =      0.576072 s
Average jitter           =      0.000960 s
Delay standard deviation =      0.477513 s
Bytes received           =      24058880
Average bitrate          =  18570.905751 Kbit/s
Average packet rate      =   2266.956268 pkt/s
Packets dropped          =         15058 (39.06 %)
Average loss-burst size  =      9.255071 pkt
Error lines              =             0
----------------------------------------------------------
