ITGDec version 2.8.1 (r1023)
Compile-time options: bursty multiport
----------------------------------------------------------
Flow number: 1
From 192.168.10.9:35652
To    192.168.10.4:8999
----------------------------------------------------------
Total time               =     10.495313 s
Total packets            =         20062
Minimum delay            =      0.000007 s
Maximum delay            =      1.000674 s
Average delay            =      0.729723 s
Average jitter           =      0.001147 s
Delay standard deviation =      0.424808 s
Bytes received           =      25679360
Average bitrate          =  19573.964111 Kbit/s
Average packet rate      =   1911.519933 pkt/s
Packets dropped          =         12093 (37.61 %)
Average loss-burst size  =      7.378279 pkt
----------------------------------------------------------

__________________________________________________________
****************  TOTAL RESULTS   ******************
__________________________________________________________
Number of flows          =             1
Total time               =     10.495313 s
Total packets            =         20062
Minimum delay            =      0.000007 s
Maximum delay            =      1.000674 s
Average delay            =      0.729723 s
Average jitter           =      0.001147 s
Delay standard deviation =      0.424808 s
Bytes received           =      25679360
Average bitrate          =  19573.964111 Kbit/s
Average packet rate      =   1911.519933 pkt/s
Packets dropped          =         12093 (37.61 %)
Average loss-burst size  =      7.378279 pkt
Error lines              =             0
----------------------------------------------------------
