ITGDec version 2.8.1 (r1023)
Compile-time options: bursty multiport
----------------------------------------------------------
Flow number: 1
From 192.168.10.9:34311
To    192.168.10.4:8999
----------------------------------------------------------
Total time               =     10.190982 s
Total packets            =         82165
Minimum delay            =      0.000004 s
Maximum delay            =      1.000139 s
Average delay            =      0.236920 s
Average jitter           =      0.000264 s
Delay standard deviation =      0.418747 s
Bytes received           =      21034240
Average bitrate          =  16512.041725 Kbit/s
Average packet rate      =   8062.520373 pkt/s
Packets dropped          =         12751 (13.43 %)
Average loss-burst size  =     34.369272 pkt
----------------------------------------------------------

__________________________________________________________
****************  TOTAL RESULTS   ******************
__________________________________________________________
Number of flows          =             1
Total time               =     10.190982 s
Total packets            =         82165
Minimum delay            =      0.000004 s
Maximum delay            =      1.000139 s
Average delay            =      0.236920 s
Average jitter           =      0.000264 s
Delay standard deviation =      0.418747 s
Bytes received           =      21034240
Average bitrate          =  16512.041725 Kbit/s
Average packet rate      =   8062.520373 pkt/s
Packets dropped          =         12751 (13.43 %)
Average loss-burst size  =     34.369272 pkt
Error lines              =             0
----------------------------------------------------------
