ITGDec version 2.8.1 (r1023)
Compile-time options: bursty multiport
----------------------------------------------------------
Flow number: 1
From 192.168.10.9:49127
To    192.168.10.4:8999
----------------------------------------------------------
Total time               =     10.090005 s
Total packets            =        128293
Minimum delay            =      0.000003 s
Maximum delay            =      1.001914 s
Average delay            =      0.109255 s
Average jitter           =      0.000181 s
Delay standard deviation =      0.308683 s
Bytes received           =      16421504
Average bitrate          =  13020.016541 Kbit/s
Average packet rate      =  12714.859903 pkt/s
Packets dropped          =           836 (0.65 %)
Average loss-burst size  =      1.409781 pkt
----------------------------------------------------------

__________________________________________________________
****************  TOTAL RESULTS   ******************
__________________________________________________________
Number of flows          =             1
Total time               =     10.090005 s
Total packets            =        128293
Minimum delay            =      0.000003 s
Maximum delay            =      1.001914 s
Average delay            =      0.109255 s
Average jitter           =      0.000181 s
Delay standard deviation =      0.308683 s
Bytes received           =      16421504
Average bitrate          =  13020.016541 Kbit/s
Average packet rate      =  12714.859903 pkt/s
Packets dropped          =           836 (0.65 %)
Average loss-burst size  =      1.409781 pkt
Error lines              =             0
----------------------------------------------------------
