ITGDec version 2.8.1 (r1023)
Compile-time options: bursty multiport
----------------------------------------------------------
Flow number: 1
From 192.168.10.9:38034
To    192.168.10.4:8999
----------------------------------------------------------
Total time               =      9.965708 s
Total packets            =           237
Minimum delay            =      0.004064 s
Maximum delay            =      0.005972 s
Average delay            =      0.004673 s
Average jitter           =      0.000168 s
Delay standard deviation =      0.000175 s
Bytes received           =         10477
Average bitrate          =      8.410441 Kbit/s
Average packet rate      =     23.781552 pkt/s
Packets dropped          =             0 (0.00 %)
Average loss-burst size  =      0.000000 pkt
----------------------------------------------------------

__________________________________________________________
****************  TOTAL RESULTS   ******************
__________________________________________________________
Number of flows          =             1
Total time               =      9.965708 s
Total packets            =           237
Minimum delay            =      0.004064 s
Maximum delay            =      0.005972 s
Average delay            =      0.004673 s
Average jitter           =      0.000168 s
Delay standard deviation =      0.000175 s
Bytes received           =         10477
Average bitrate          =      8.410441 Kbit/s
Average packet rate      =     23.781552 pkt/s
Packets dropped          =             0 (0.00 %)
Average loss-burst size  =             0 pkt
Error lines              =             0
----------------------------------------------------------
