ITGDec version 2.8.1 (r1023)
Compile-time options: bursty multiport
----------------------------------------------------------
Flow number: 1
From 192.168.10.9:41995
To    192.168.10.4:8999
----------------------------------------------------------
Total time               =      9.996042 s
Total packets            =        157977
Minimum delay            =      0.000002 s
Maximum delay            =      1.008745 s
Average delay            =      0.008600 s
Average jitter           =      0.000146 s
Delay standard deviation =      0.092183 s
Bytes received           =      10110528
Average bitrate          =   8091.625065 Kbit/s
Average packet rate      =  15803.955205 pkt/s
Packets dropped          =           112 (0.07 %)
Average loss-burst size  =     56.000000 pkt
----------------------------------------------------------

__________________________________________________________
****************  TOTAL RESULTS   ******************
__________________________________________________________
Number of flows          =             1
Total time               =      9.996042 s
Total packets            =        157977
Minimum delay            =      0.000002 s
Maximum delay            =      1.008745 s
Average delay            =      0.008600 s
Average jitter           =      0.000146 s
Delay standard deviation =      0.092183 s
Bytes received           =      10110528
Average bitrate          =   8091.625065 Kbit/s
Average packet rate      =  15803.955205 pkt/s
Packets dropped          =           112 (0.07 %)
Average loss-burst size  =     56.000000 pkt
Error lines              =             0
----------------------------------------------------------
