ITGDec version 2.8.1 (r1023)
Compile-time options: bursty multiport
----------------------------------------------------------
Flow number: 1
From 192.168.10.9:46378
To    192.168.10.4:8999
----------------------------------------------------------
Total time               =      9.961282 s
Total packets            =           244
Minimum delay            =      0.004287 s
Maximum delay            =      0.005521 s
Average delay            =      0.004613 s
Average jitter           =      0.000162 s
Delay standard deviation =      0.000159 s
Bytes received           =         10537
Average bitrate          =      8.462365 Kbit/s
Average packet rate      =     24.494839 pkt/s
Packets dropped          =             0 (0.00 %)
Average loss-burst size  =      0.000000 pkt
----------------------------------------------------------

__________________________________________________________
****************  TOTAL RESULTS   ******************
__________________________________________________________
Number of flows          =             1
Total time               =      9.961282 s
Total packets            =           244
Minimum delay            =      0.004287 s
Maximum delay            =      0.005521 s
Average delay            =      0.004613 s
Average jitter           =      0.000162 s
Delay standard deviation =      0.000159 s
Bytes received           =         10537
Average bitrate          =      8.462365 Kbit/s
Average packet rate      =     24.494839 pkt/s
Packets dropped          =             0 (0.00 %)
Average loss-burst size  =             0 pkt
Error lines              =             0
----------------------------------------------------------
