ITGDec version 2.8.1 (r1023)
Compile-time options: bursty multiport
----------------------------------------------------------
Flow number: 1
From 192.168.10.9:36671
To    192.168.10.4:8999
----------------------------------------------------------
Total time               =      9.997365 s
Total packets            =           989
Minimum delay            =      0.004132 s
Maximum delay            =      0.013737 s
Average delay            =      0.004722 s
Average jitter           =      0.000171 s
Delay standard deviation =      0.000344 s
Bytes received           =         63296
Average bitrate          =     50.650146 Kbit/s
Average packet rate      =     98.926067 pkt/s
Packets dropped          =             0 (0.00 %)
Average loss-burst size  =      0.000000 pkt
----------------------------------------------------------

__________________________________________________________
****************  TOTAL RESULTS   ******************
__________________________________________________________
Number of flows          =             1
Total time               =      9.997365 s
Total packets            =           989
Minimum delay            =      0.004132 s
Maximum delay            =      0.013737 s
Average delay            =      0.004722 s
Average jitter           =      0.000171 s
Delay standard deviation =      0.000344 s
Bytes received           =         63296
Average bitrate          =     50.650146 Kbit/s
Average packet rate      =     98.926067 pkt/s
Packets dropped          =             0 (0.00 %)
Average loss-burst size  =             0 pkt
Error lines              =             0
----------------------------------------------------------
