ITGDec version 2.8.1 (r1023)
Compile-time options: bursty multiport
----------------------------------------------------------
Flow number: 1
From 192.168.10.9:57762
To    192.168.10.4:8999
----------------------------------------------------------
Total time               =     10.515023 s
Total packets            =         19935
Minimum delay            =      0.000007 s
Maximum delay            =      1.000849 s
Average delay            =      0.770133 s
Average jitter           =      0.001062 s
Delay standard deviation =      0.400498 s
Bytes received           =      25516800
Average bitrate          =  19413.595196 Kbit/s
Average packet rate      =   1895.858906 pkt/s
Packets dropped          =         12185 (37.94 %)
Average loss-burst size  =      6.860923 pkt
----------------------------------------------------------

__________________________________________________________
****************  TOTAL RESULTS   ******************
__________________________________________________________
Number of flows          =             1
Total time               =     10.515023 s
Total packets            =         19935
Minimum delay            =      0.000007 s
Maximum delay            =      1.000849 s
Average delay            =      0.770133 s
Average jitter           =      0.001062 s
Delay standard deviation =      0.400498 s
Bytes received           =      25516800
Average bitrate          =  19413.595196 Kbit/s
Average packet rate      =   1895.858906 pkt/s
Packets dropped          =         12185 (37.94 %)
Average loss-burst size  =      6.860923 pkt
Error lines              =             0
----------------------------------------------------------
