ITGDec version 2.8.1 (r1023)
Compile-time options: bursty multiport
----------------------------------------------------------
Flow number: 1
From 192.168.10.9:55422
To    192.168.10.4:8999
----------------------------------------------------------
Total time               =     10.193807 s
Total packets            =         82255
Minimum delay            =      0.000004 s
Maximum delay            =      1.000139 s
Average delay            =      0.232228 s
Average jitter           =      0.000257 s
Delay standard deviation =      0.415680 s
Bytes received           =      21057280
Average bitrate          =  16525.547325 Kbit/s
Average packet rate      =   8069.114905 pkt/s
Packets dropped          =         12648 (13.33 %)
Average loss-burst size  =     34.463215 pkt
----------------------------------------------------------

__________________________________________________________
****************  TOTAL RESULTS   ******************
__________________________________________________________
Number of flows          =             1
Total time               =     10.193807 s
Total packets            =         82255
Minimum delay            =      0.000004 s
Maximum delay            =      1.000139 s
Average delay            =      0.232228 s
Average jitter           =      0.000257 s
Delay standard deviation =      0.415680 s
Bytes received           =      21057280
Average bitrate          =  16525.547325 Kbit/s
Average packet rate      =   8069.114905 pkt/s
Packets dropped          =         12648 (13.33 %)
Average loss-burst size  =     34.463215 pkt
Error lines              =             0
----------------------------------------------------------
