ITGDec version 2.8.1 (r1023)
Compile-time options: bursty multiport
----------------------------------------------------------
Flow number: 1
From 192.168.10.9:51524
To    192.168.10.4:8999
----------------------------------------------------------
Total time               =     10.260407 s
Total packets            =         46616
Minimum delay            =      0.000004 s
Maximum delay            =      1.000695 s
Average delay            =      0.383914 s
Average jitter           =      0.000463 s
Delay standard deviation =      0.475913 s
Bytes received           =      23867392
Average bitrate          =  18609.314036 Kbit/s
Average packet rate      =   4543.289560 pkt/s
Packets dropped          =         17315 (27.08 %)
Average loss-burst size  =     77.645740 pkt
----------------------------------------------------------

__________________________________________________________
****************  TOTAL RESULTS   ******************
__________________________________________________________
Number of flows          =             1
Total time               =     10.260407 s
Total packets            =         46616
Minimum delay            =      0.000004 s
Maximum delay            =      1.000695 s
Average delay            =      0.383914 s
Average jitter           =      0.000463 s
Delay standard deviation =      0.475913 s
Bytes received           =      23867392
Average bitrate          =  18609.314036 Kbit/s
Average packet rate      =   4543.289560 pkt/s
Packets dropped          =         17315 (27.08 %)
Average loss-burst size  =     77.645740 pkt
Error lines              =             0
----------------------------------------------------------
