ITGDec version 2.8.1 (r1023)
Compile-time options: bursty multiport
----------------------------------------------------------
Flow number: 1
From 192.168.10.9:49001
To    192.168.10.4:8999
----------------------------------------------------------
Total time               =     10.089403 s
Total packets            =        128417
Minimum delay            =      0.000003 s
Maximum delay            =      1.000118 s
Average delay            =      0.098747 s
Average jitter           =      0.000181 s
Delay standard deviation =      0.294917 s
Bytes received           =      16437376
Average bitrate          =  13033.378486 Kbit/s
Average packet rate      =  12727.908678 pkt/s
Packets dropped          =           675 (0.52 %)
Average loss-burst size  =      1.666667 pkt
----------------------------------------------------------

__________________________________________________________
****************  TOTAL RESULTS   ******************
__________________________________________________________
Number of flows          =             1
Total time               =     10.089403 s
Total packets            =        128417
Minimum delay            =      0.000003 s
Maximum delay            =      1.000118 s
Average delay            =      0.098747 s
Average jitter           =      0.000181 s
Delay standard deviation =      0.294917 s
Bytes received           =      16437376
Average bitrate          =  13033.378486 Kbit/s
Average packet rate      =  12727.908678 pkt/s
Packets dropped          =           675 (0.52 %)
Average loss-burst size  =      1.666667 pkt
Error lines              =             0
----------------------------------------------------------
