ITGDec version 2.8.1 (r1023)
Compile-time options: bursty multiport
----------------------------------------------------------
Flow number: 1
From 192.168.10.9:52064
To    192.168.10.4:8999
----------------------------------------------------------
Total time               =     10.181384 s
Total packets            =         82032
Minimum delay            =      0.000004 s
Maximum delay            =      1.000137 s
Average delay            =      0.227809 s
Average jitter           =      0.000265 s
Delay standard deviation =      0.412875 s
Bytes received           =      21000192
Average bitrate          =  16500.854501 Kbit/s
Average packet rate      =   8057.057862 pkt/s
Packets dropped          =         12925 (13.61 %)
Average loss-burst size  =     34.744624 pkt
----------------------------------------------------------

__________________________________________________________
****************  TOTAL RESULTS   ******************
__________________________________________________________
Number of flows          =             1
Total time               =     10.181384 s
Total packets            =         82032
Minimum delay            =      0.000004 s
Maximum delay            =      1.000137 s
Average delay            =      0.227809 s
Average jitter           =      0.000265 s
Delay standard deviation =      0.412875 s
Bytes received           =      21000192
Average bitrate          =  16500.854501 Kbit/s
Average packet rate      =   8057.057862 pkt/s
Packets dropped          =         12925 (13.61 %)
Average loss-burst size  =     34.744624 pkt
Error lines              =             0
----------------------------------------------------------
