ITGDec version 2.8.1 (r1023)
Compile-time options: bursty multiport
----------------------------------------------------------
Flow number: 1
From 192.168.10.9:57542
To    192.168.10.4:8999
----------------------------------------------------------
Total time               =     10.419097 s
Total packets            =         24585
Minimum delay            =      0.000006 s
Maximum delay            =      1.000878 s
Average delay            =      0.630037 s
Average jitter           =      0.000866 s
Delay standard deviation =      0.465705 s
Bytes received           =      25175040
Average bitrate          =  19329.920818 Kbit/s
Average packet rate      =   2359.609475 pkt/s
Packets dropped          =         13970 (36.23 %)
Average loss-burst size  =      8.005731 pkt
----------------------------------------------------------

__________________________________________________________
****************  TOTAL RESULTS   ******************
__________________________________________________________
Number of flows          =             1
Total time               =     10.419097 s
Total packets            =         24585
Minimum delay            =      0.000006 s
Maximum delay            =      1.000878 s
Average delay            =      0.630037 s
Average jitter           =      0.000866 s
Delay standard deviation =      0.465705 s
Bytes received           =      25175040
Average bitrate          =  19329.920818 Kbit/s
Average packet rate      =   2359.609475 pkt/s
Packets dropped          =         13970 (36.23 %)
Average loss-burst size  =      8.005731 pkt
Error lines              =             0
----------------------------------------------------------
