ITGDec version 2.8.1 (r1023)
Compile-time options: bursty multiport
----------------------------------------------------------
Flow number: 1
From 192.168.10.9:34958
To    192.168.10.4:8999
----------------------------------------------------------
Total time               =     10.419041 s
Total packets            =         24575
Minimum delay            =      0.000006 s
Maximum delay            =      1.000293 s
Average delay            =      0.603002 s
Average jitter           =      0.000927 s
Delay standard deviation =      0.472043 s
Bytes received           =      25164800
Average bitrate          =  19322.162184 Kbit/s
Average packet rate      =   2358.662376 pkt/s
Packets dropped          =         13990 (36.28 %)
Average loss-burst size  =      7.980605 pkt
----------------------------------------------------------

__________________________________________________________
****************  TOTAL RESULTS   ******************
__________________________________________________________
Number of flows          =             1
Total time               =     10.419041 s
Total packets            =         24575
Minimum delay            =      0.000006 s
Maximum delay            =      1.000293 s
Average delay            =      0.603002 s
Average jitter           =      0.000927 s
Delay standard deviation =      0.472043 s
Bytes received           =      25164800
Average bitrate          =  19322.162184 Kbit/s
Average packet rate      =   2358.662376 pkt/s
Packets dropped          =         13990 (36.28 %)
Average loss-burst size  =      7.980605 pkt
Error lines              =             0
----------------------------------------------------------
