ITGDec version 2.8.1 (r1023)
Compile-time options: bursty multiport
----------------------------------------------------------
Flow number: 1
From 192.168.10.9:50788
To    192.168.10.4:8999
----------------------------------------------------------
Total time               =     10.207301 s
Total packets            =         82422
Minimum delay            =      0.000004 s
Maximum delay            =      1.000152 s
Average delay            =      0.238495 s
Average jitter           =      0.000257 s
Delay standard deviation =      0.418584 s
Bytes received           =      21100032
Average bitrate          =  16537.207632 Kbit/s
Average packet rate      =   8074.808414 pkt/s
Packets dropped          =         12468 (13.14 %)
Average loss-burst size  =     33.516129 pkt
----------------------------------------------------------

__________________________________________________________
****************  TOTAL RESULTS   ******************
__________________________________________________________
Number of flows          =             1
Total time               =     10.207301 s
Total packets            =         82422
Minimum delay            =      0.000004 s
Maximum delay            =      1.000152 s
Average delay            =      0.238495 s
Average jitter           =      0.000257 s
Delay standard deviation =      0.418584 s
Bytes received           =      21100032
Average bitrate          =  16537.207632 Kbit/s
Average packet rate      =   8074.808414 pkt/s
Packets dropped          =         12468 (13.14 %)
Average loss-burst size  =     33.516129 pkt
Error lines              =             0
----------------------------------------------------------
