ITGDec version 2.8.1 (r1023)
Compile-time options: bursty multiport
----------------------------------------------------------
Flow number: 1
From 192.168.10.9:52274
To    192.168.10.4:8999
----------------------------------------------------------
Total time               =      9.991401 s
Total packets            =        157268
Minimum delay            =      0.000002 s
Maximum delay            =      1.000094 s
Average delay            =      0.006705 s
Average jitter           =      0.000147 s
Delay standard deviation =      0.081437 s
Bytes received           =      10065152
Average bitrate          =   8059.051578 Kbit/s
Average packet rate      =  15740.335114 pkt/s
Packets dropped          =           448 (0.28 %)
Average loss-burst size  =    448.000000 pkt
----------------------------------------------------------

__________________________________________________________
****************  TOTAL RESULTS   ******************
__________________________________________________________
Number of flows          =             1
Total time               =      9.991401 s
Total packets            =        157268
Minimum delay            =      0.000002 s
Maximum delay            =      1.000094 s
Average delay            =      0.006705 s
Average jitter           =      0.000147 s
Delay standard deviation =      0.081437 s
Bytes received           =      10065152
Average bitrate          =   8059.051578 Kbit/s
Average packet rate      =  15740.335114 pkt/s
Packets dropped          =           448 (0.28 %)
Average loss-burst size  =    448.000000 pkt
Error lines              =             0
----------------------------------------------------------
