ITGDec version 2.8.1 (r1023)
Compile-time options: bursty multiport
----------------------------------------------------------
Flow number: 1
From 192.168.10.9:48382
To    192.168.10.4:8999
----------------------------------------------------------
Total time               =     10.007598 s
Total packets            =        125700
Minimum delay            =      0.000003 s
Maximum delay            =      1.000115 s
Average delay            =      0.036302 s
Average jitter           =      0.000184 s
Delay standard deviation =      0.186854 s
Bytes received           =      16089600
Average bitrate          =  12861.907523 Kbit/s
Average packet rate      =  12560.456565 pkt/s
Packets dropped          =           866 (0.68 %)
Average loss-burst size  =     78.727273 pkt
----------------------------------------------------------

__________________________________________________________
****************  TOTAL RESULTS   ******************
__________________________________________________________
Number of flows          =             1
Total time               =     10.007598 s
Total packets            =        125700
Minimum delay            =      0.000003 s
Maximum delay            =      1.000115 s
Average delay            =      0.036302 s
Average jitter           =      0.000184 s
Delay standard deviation =      0.186854 s
Bytes received           =      16089600
Average bitrate          =  12861.907523 Kbit/s
Average packet rate      =  12560.456565 pkt/s
Packets dropped          =           866 (0.68 %)
Average loss-burst size  =     78.727273 pkt
Error lines              =             0
----------------------------------------------------------
