ITGDec version 2.8.1 (r1023)
Compile-time options: bursty multiport
----------------------------------------------------------
Flow number: 1
From 192.168.10.9:41366
To    192.168.10.4:8999
----------------------------------------------------------
Total time               =     10.159265 s
Total packets            =         75098
Minimum delay            =      0.000003 s
Maximum delay            =      1.000677 s
Average delay            =      0.230829 s
Average jitter           =      0.000261 s
Delay standard deviation =      0.416571 s
Bytes received           =      19225088
Average bitrate          =  15138.959757 Kbit/s
Average packet rate      =   7392.070194 pkt/s
Packets dropped          =         19579 (20.68 %)
Average loss-burst size  =     63.362460 pkt
----------------------------------------------------------

__________________________________________________________
****************  TOTAL RESULTS   ******************
__________________________________________________________
Number of flows          =             1
Total time               =     10.159265 s
Total packets            =         75098
Minimum delay            =      0.000003 s
Maximum delay            =      1.000677 s
Average delay            =      0.230829 s
Average jitter           =      0.000261 s
Delay standard deviation =      0.416571 s
Bytes received           =      19225088
Average bitrate          =  15138.959757 Kbit/s
Average packet rate      =   7392.070194 pkt/s
Packets dropped          =         19579 (20.68 %)
Average loss-burst size  =     63.362460 pkt
Error lines              =             0
----------------------------------------------------------
