ITGDec version 2.8.1 (r1023)
Compile-time options: bursty multiport
----------------------------------------------------------
Flow number: 1
From 192.168.10.9:57317
To    192.168.10.4:8999
----------------------------------------------------------
Total time               =      9.966051 s
Total packets            =           230
Minimum delay            =      0.004295 s
Maximum delay            =      0.005226 s
Average delay            =      0.004599 s
Average jitter           =      0.000153 s
Delay standard deviation =      0.000130 s
Bytes received           =          9987
Average bitrate          =      8.016816 Kbit/s
Average packet rate      =     23.078349 pkt/s
Packets dropped          =             0 (0.00 %)
Average loss-burst size  =      0.000000 pkt
----------------------------------------------------------

__________________________________________________________
****************  TOTAL RESULTS   ******************
__________________________________________________________
Number of flows          =             1
Total time               =      9.966051 s
Total packets            =           230
Minimum delay            =      0.004295 s
Maximum delay            =      0.005226 s
Average delay            =      0.004599 s
Average jitter           =      0.000153 s
Delay standard deviation =      0.000130 s
Bytes received           =          9987
Average bitrate          =      8.016816 Kbit/s
Average packet rate      =     23.078349 pkt/s
Packets dropped          =             0 (0.00 %)
Average loss-burst size  =             0 pkt
Error lines              =             0
----------------------------------------------------------
