ITGDec version 2.8.1 (r1023)
Compile-time options: bursty multiport
----------------------------------------------------------
Flow number: 1
From 192.168.10.9:36026
To    192.168.10.4:8999
----------------------------------------------------------
Total time               =     10.256911 s
Total packets            =         46666
Minimum delay            =      0.000004 s
Maximum delay            =      1.000316 s
Average delay            =      0.373456 s
Average jitter           =      0.000482 s
Delay standard deviation =      0.473530 s
Bytes received           =      23892992
Average bitrate          =  18635.623922 Kbit/s
Average packet rate      =   4549.712872 pkt/s
Packets dropped          =         16645 (26.29 %)
Average loss-burst size  =     73.977778 pkt
----------------------------------------------------------

__________________________________________________________
****************  TOTAL RESULTS   ******************
__________________________________________________________
Number of flows          =             1
Total time               =     10.256911 s
Total packets            =         46666
Minimum delay            =      0.000004 s
Maximum delay            =      1.000316 s
Average delay            =      0.373456 s
Average jitter           =      0.000482 s
Delay standard deviation =      0.473530 s
Bytes received           =      23892992
Average bitrate          =  18635.623922 Kbit/s
Average packet rate      =   4549.712872 pkt/s
Packets dropped          =         16645 (26.29 %)
Average loss-burst size  =     73.977778 pkt
Error lines              =             0
----------------------------------------------------------
