ITGDec version 2.8.1 (r1023)
Compile-time options: bursty multiport
----------------------------------------------------------
Flow number: 1
From 192.168.10.9:60891
To    192.168.10.4:8999
----------------------------------------------------------
Total time               =     10.028554 s
Total packets            =        127854
Minimum delay            =      0.000003 s
Maximum delay            =      1.006711 s
Average delay            =      0.083808 s
Average jitter           =      0.000182 s
Delay standard deviation =      0.276297 s
Bytes received           =      16365312
Average bitrate          =  13054.972432 Kbit/s
Average packet rate      =  12748.996515 pkt/s
Packets dropped          =           391 (0.30 %)
Average loss-burst size  =      3.054688 pkt
----------------------------------------------------------

__________________________________________________________
****************  TOTAL RESULTS   ******************
__________________________________________________________
Number of flows          =             1
Total time               =     10.028554 s
Total packets            =        127854
Minimum delay            =      0.000003 s
Maximum delay            =      1.006711 s
Average delay            =      0.083808 s
Average jitter           =      0.000182 s
Delay standard deviation =      0.276297 s
Bytes received           =      16365312
Average bitrate          =  13054.972432 Kbit/s
Average packet rate      =  12748.996515 pkt/s
Packets dropped          =           391 (0.30 %)
Average loss-burst size  =      3.054688 pkt
Error lines              =             0
----------------------------------------------------------
