ITGDec version 2.8.1 (r1023)
Compile-time options: bursty multiport
----------------------------------------------------------
Flow number: 1
From 192.168.10.9:60687
To    192.168.10.4:8999
----------------------------------------------------------
Total time               =     10.135328 s
Total packets            =         62163
Minimum delay            =      0.000003 s
Maximum delay            =      3.369096 s
Average delay            =      0.216488 s
Average jitter           =      0.000359 s
Delay standard deviation =      0.417215 s
Bytes received           =      15913728
Average bitrate          =  12560.996941 Kbit/s
Average packet rate      =   6133.299287 pkt/s
Packets dropped          =         10341 (14.26 %)
Average loss-burst size  =     41.364000 pkt
----------------------------------------------------------

__________________________________________________________
****************  TOTAL RESULTS   ******************
__________________________________________________________
Number of flows          =             1
Total time               =     10.135328 s
Total packets            =         62163
Minimum delay            =      0.000003 s
Maximum delay            =      3.369096 s
Average delay            =      0.216488 s
Average jitter           =      0.000359 s
Delay standard deviation =      0.417215 s
Bytes received           =      15913728
Average bitrate          =  12560.996941 Kbit/s
Average packet rate      =   6133.299287 pkt/s
Packets dropped          =         10341 (14.26 %)
Average loss-burst size  =     41.364000 pkt
Error lines              =             0
----------------------------------------------------------
