ITGDec version 2.8.1 (r1023)
Compile-time options: bursty multiport
----------------------------------------------------------
Flow number: 1
From 192.168.10.9:40929
To    192.168.10.4:8999
----------------------------------------------------------
Total time               =     10.284070 s
Total packets            =         46760
Minimum delay            =      0.000004 s
Maximum delay            =      1.000633 s
Average delay            =      0.401752 s
Average jitter           =      0.000462 s
Delay standard deviation =      0.478476 s
Bytes received           =      23941120
Average bitrate          =  18623.848340 Kbit/s
Average packet rate      =   4546.837974 pkt/s
Packets dropped          =         17172 (26.86 %)
Average loss-burst size  =     77.004484 pkt
----------------------------------------------------------

__________________________________________________________
****************  TOTAL RESULTS   ******************
__________________________________________________________
Number of flows          =             1
Total time               =     10.284070 s
Total packets            =         46760
Minimum delay            =      0.000004 s
Maximum delay            =      1.000633 s
Average delay            =      0.401752 s
Average jitter           =      0.000462 s
Delay standard deviation =      0.478476 s
Bytes received           =      23941120
Average bitrate          =  18623.848340 Kbit/s
Average packet rate      =   4546.837974 pkt/s
Packets dropped          =         17172 (26.86 %)
Average loss-burst size  =     77.004484 pkt
Error lines              =             0
----------------------------------------------------------
