ITGDec version 2.8.1 (r1023)
Compile-time options: bursty multiport
----------------------------------------------------------
Flow number: 1
From 192.168.10.9:53583
To    192.168.10.4:8999
----------------------------------------------------------
Total time               =      9.993270 s
Total packets            =           240
Minimum delay            =      0.003597 s
Maximum delay            =      0.008866 s
Average delay            =      0.004681 s
Average jitter           =      0.000201 s
Delay standard deviation =      0.000319 s
Bytes received           =         10468
Average bitrate          =      8.380040 Kbit/s
Average packet rate      =     24.016163 pkt/s
Packets dropped          =             0 (0.00 %)
Average loss-burst size  =      0.000000 pkt
----------------------------------------------------------

__________________________________________________________
****************  TOTAL RESULTS   ******************
__________________________________________________________
Number of flows          =             1
Total time               =      9.993270 s
Total packets            =           240
Minimum delay            =      0.003597 s
Maximum delay            =      0.008866 s
Average delay            =      0.004681 s
Average jitter           =      0.000201 s
Delay standard deviation =      0.000319 s
Bytes received           =         10468
Average bitrate          =      8.380040 Kbit/s
Average packet rate      =     24.016163 pkt/s
Packets dropped          =             0 (0.00 %)
Average loss-burst size  =             0 pkt
Error lines              =             0
----------------------------------------------------------
