ITGDec version 2.8.1 (r1023)
Compile-time options: bursty multiport
----------------------------------------------------------
Flow number: 1
From 192.168.10.9:40039
To    192.168.10.4:8999
----------------------------------------------------------
Total time               =      9.982239 s
Total packets            =        158704
Minimum delay            =      0.000002 s
Maximum delay            =      1.000186 s
Average delay            =      0.007027 s
Average jitter           =      0.000145 s
Delay standard deviation =      0.083375 s
Bytes received           =      10157056
Average bitrate          =   8140.102436 Kbit/s
Average packet rate      =  15898.637570 pkt/s
Packets dropped          =           580 (0.36 %)
Average loss-burst size  =    580.000000 pkt
----------------------------------------------------------

__________________________________________________________
****************  TOTAL RESULTS   ******************
__________________________________________________________
Number of flows          =             1
Total time               =      9.982239 s
Total packets            =        158704
Minimum delay            =      0.000002 s
Maximum delay            =      1.000186 s
Average delay            =      0.007027 s
Average jitter           =      0.000145 s
Delay standard deviation =      0.083375 s
Bytes received           =      10157056
Average bitrate          =   8140.102436 Kbit/s
Average packet rate      =  15898.637570 pkt/s
Packets dropped          =           580 (0.36 %)
Average loss-burst size  =    580.000000 pkt
Error lines              =             0
----------------------------------------------------------
