ITGDec version 2.8.1 (r1023)
Compile-time options: bursty multiport
----------------------------------------------------------
Flow number: 1
From 192.168.10.9:56529
To    192.168.10.4:8999
----------------------------------------------------------
Total time               =      9.999698 s
Total packets            =        139590
Minimum delay            =      0.000002 s
Maximum delay            =      1.000103 s
Average delay            =      0.006176 s
Average jitter           =      0.000178 s
Delay standard deviation =      0.078114 s
Bytes received           =       8933760
Average bitrate          =   7147.223846 Kbit/s
Average packet rate      =  13959.421575 pkt/s
Packets dropped          =           470 (0.34 %)
Average loss-burst size  =    117.500000 pkt
----------------------------------------------------------

__________________________________________________________
****************  TOTAL RESULTS   ******************
__________________________________________________________
Number of flows          =             1
Total time               =      9.999698 s
Total packets            =        139590
Minimum delay            =      0.000002 s
Maximum delay            =      1.000103 s
Average delay            =      0.006176 s
Average jitter           =      0.000178 s
Delay standard deviation =      0.078114 s
Bytes received           =       8933760
Average bitrate          =   7147.223846 Kbit/s
Average packet rate      =  13959.421575 pkt/s
Packets dropped          =           470 (0.34 %)
Average loss-burst size  =    117.500000 pkt
Error lines              =             0
----------------------------------------------------------
