ITGDec version 2.8.1 (r1023)
Compile-time options: bursty multiport
----------------------------------------------------------
Flow number: 1
From 192.168.10.9:42850
To    192.168.10.4:8999
----------------------------------------------------------
Total time               =     10.497474 s
Total packets            =         20081
Minimum delay            =      0.000004 s
Maximum delay            =      1.000849 s
Average delay            =      0.736925 s
Average jitter           =      0.001058 s
Delay standard deviation =      0.421286 s
Bytes received           =      25703680
Average bitrate          =  19588.468616 Kbit/s
Average packet rate      =   1912.936388 pkt/s
Packets dropped          =         12052 (37.51 %)
Average loss-burst size  =      7.371254 pkt
----------------------------------------------------------

__________________________________________________________
****************  TOTAL RESULTS   ******************
__________________________________________________________
Number of flows          =             1
Total time               =     10.497474 s
Total packets            =         20081
Minimum delay            =      0.000004 s
Maximum delay            =      1.000849 s
Average delay            =      0.736925 s
Average jitter           =      0.001058 s
Delay standard deviation =      0.421286 s
Bytes received           =      25703680
Average bitrate          =  19588.468616 Kbit/s
Average packet rate      =   1912.936388 pkt/s
Packets dropped          =         12052 (37.51 %)
Average loss-burst size  =      7.371254 pkt
Error lines              =             0
----------------------------------------------------------
