ITGDec version 2.8.1 (r1023)
Compile-time options: bursty multiport
----------------------------------------------------------
Flow number: 1
From 192.168.10.9:55695
To    192.168.10.4:8999
----------------------------------------------------------
Total time               =     10.089812 s
Total packets            =        128427
Minimum delay            =      0.000003 s
Maximum delay            =      1.000124 s
Average delay            =      0.106719 s
Average jitter           =      0.000181 s
Delay standard deviation =      0.305409 s
Bytes received           =      16438656
Average bitrate          =  13033.865051 Kbit/s
Average packet rate      =  12728.383839 pkt/s
Packets dropped          =           781 (0.60 %)
Average loss-burst size  =      1.504817 pkt
----------------------------------------------------------

__________________________________________________________
****************  TOTAL RESULTS   ******************
__________________________________________________________
Number of flows          =             1
Total time               =     10.089812 s
Total packets            =        128427
Minimum delay            =      0.000003 s
Maximum delay            =      1.000124 s
Average delay            =      0.106719 s
Average jitter           =      0.000181 s
Delay standard deviation =      0.305409 s
Bytes received           =      16438656
Average bitrate          =  13033.865051 Kbit/s
Average packet rate      =  12728.383839 pkt/s
Packets dropped          =           781 (0.60 %)
Average loss-burst size  =      1.504817 pkt
Error lines              =             0
----------------------------------------------------------
