ITGDec version 2.8.1 (r1023)
Compile-time options: bursty multiport
----------------------------------------------------------
Flow number: 1
From 192.168.10.9:44185
To    192.168.10.4:8999
----------------------------------------------------------
Total time               =      9.988238 s
Total packets            =           237
Minimum delay            =      0.004419 s
Maximum delay            =      0.005695 s
Average delay            =      0.004728 s
Average jitter           =      0.000162 s
Delay standard deviation =      0.000169 s
Bytes received           =         10504
Average bitrate          =      8.413095 Kbit/s
Average packet rate      =     23.727909 pkt/s
Packets dropped          =             0 (0.00 %)
Average loss-burst size  =      0.000000 pkt
----------------------------------------------------------

__________________________________________________________
****************  TOTAL RESULTS   ******************
__________________________________________________________
Number of flows          =             1
Total time               =      9.988238 s
Total packets            =           237
Minimum delay            =      0.004419 s
Maximum delay            =      0.005695 s
Average delay            =      0.004728 s
Average jitter           =      0.000162 s
Delay standard deviation =      0.000169 s
Bytes received           =         10504
Average bitrate          =      8.413095 Kbit/s
Average packet rate      =     23.727909 pkt/s
Packets dropped          =             0 (0.00 %)
Average loss-burst size  =             0 pkt
Error lines              =             0
----------------------------------------------------------
