ITGDec version 2.8.1 (r1023)
Compile-time options: bursty multiport
----------------------------------------------------------
Flow number: 1
From 192.168.10.9:43405
To    192.168.10.4:8999
----------------------------------------------------------
Total time               =     10.260878 s
Total packets            =         46602
Minimum delay            =      0.000006 s
Maximum delay            =      1.000200 s
Average delay            =      0.387517 s
Average jitter           =      0.000483 s
Delay standard deviation =      0.477020 s
Bytes received           =      23860224
Average bitrate          =  18602.871216 Kbit/s
Average packet rate      =   4541.716606 pkt/s
Packets dropped          =         17253 (27.02 %)
Average loss-burst size  =     77.367713 pkt
----------------------------------------------------------

__________________________________________________________
****************  TOTAL RESULTS   ******************
__________________________________________________________
Number of flows          =             1
Total time               =     10.260878 s
Total packets            =         46602
Minimum delay            =      0.000006 s
Maximum delay            =      1.000200 s
Average delay            =      0.387517 s
Average jitter           =      0.000483 s
Delay standard deviation =      0.477020 s
Bytes received           =      23860224
Average bitrate          =  18602.871216 Kbit/s
Average packet rate      =   4541.716606 pkt/s
Packets dropped          =         17253 (27.02 %)
Average loss-burst size  =     77.367713 pkt
Error lines              =             0
----------------------------------------------------------
