ITGDec version 2.8.1 (r1023)
Compile-time options: bursty multiport
----------------------------------------------------------
Flow number: 1
From 192.168.10.9:49824
To    192.168.10.4:8999
----------------------------------------------------------
Total time               =     10.253695 s
Total packets            =         46607
Minimum delay            =      0.000006 s
Maximum delay            =      1.000197 s
Average delay            =      0.364935 s
Average jitter           =      0.000464 s
Delay standard deviation =      0.471472 s
Bytes received           =      23862784
Average bitrate          =  18617.900376 Kbit/s
Average packet rate      =   4545.385834 pkt/s
Packets dropped          =         17230 (26.99 %)
Average loss-burst size  =     76.919643 pkt
----------------------------------------------------------

__________________________________________________________
****************  TOTAL RESULTS   ******************
__________________________________________________________
Number of flows          =             1
Total time               =     10.253695 s
Total packets            =         46607
Minimum delay            =      0.000006 s
Maximum delay            =      1.000197 s
Average delay            =      0.364935 s
Average jitter           =      0.000464 s
Delay standard deviation =      0.471472 s
Bytes received           =      23862784
Average bitrate          =  18617.900376 Kbit/s
Average packet rate      =   4545.385834 pkt/s
Packets dropped          =         17230 (26.99 %)
Average loss-burst size  =     76.919643 pkt
Error lines              =             0
----------------------------------------------------------
