ITGDec version 2.8.1 (r1023)
Compile-time options: bursty multiport
----------------------------------------------------------
Flow number: 1
From 192.168.10.9:51252
To    192.168.10.4:8999
----------------------------------------------------------
Total time               =     10.184291 s
Total packets            =         82143
Minimum delay            =      0.000005 s
Maximum delay            =      1.001319 s
Average delay            =      0.223458 s
Average jitter           =      0.000265 s
Delay standard deviation =      0.410096 s
Bytes received           =      21028608
Average bitrate          =  16518.465939 Kbit/s
Average packet rate      =   8065.657197 pkt/s
Packets dropped          =         12835 (13.51 %)
Average loss-burst size  =     33.599476 pkt
----------------------------------------------------------

__________________________________________________________
****************  TOTAL RESULTS   ******************
__________________________________________________________
Number of flows          =             1
Total time               =     10.184291 s
Total packets            =         82143
Minimum delay            =      0.000005 s
Maximum delay            =      1.001319 s
Average delay            =      0.223458 s
Average jitter           =      0.000265 s
Delay standard deviation =      0.410096 s
Bytes received           =      21028608
Average bitrate          =  16518.465939 Kbit/s
Average packet rate      =   8065.657197 pkt/s
Packets dropped          =         12835 (13.51 %)
Average loss-burst size  =     33.599476 pkt
Error lines              =             0
----------------------------------------------------------
