ITGDec version 2.8.1 (r1023)
Compile-time options: bursty multiport
----------------------------------------------------------
Flow number: 1
From 192.168.10.9:59388
To    192.168.10.4:8999
----------------------------------------------------------
Total time               =     10.416657 s
Total packets            =         24523
Minimum delay            =      0.000006 s
Maximum delay            =      1.000791 s
Average delay            =      0.636445 s
Average jitter           =      0.000873 s
Delay standard deviation =      0.463611 s
Bytes received           =      25111552
Average bitrate          =  19285.689833 Kbit/s
Average packet rate      =   2354.210185 pkt/s
Packets dropped          =         14040 (36.41 %)
Average loss-burst size  =      7.874369 pkt
----------------------------------------------------------

__________________________________________________________
****************  TOTAL RESULTS   ******************
__________________________________________________________
Number of flows          =             1
Total time               =     10.416657 s
Total packets            =         24523
Minimum delay            =      0.000006 s
Maximum delay            =      1.000791 s
Average delay            =      0.636445 s
Average jitter           =      0.000873 s
Delay standard deviation =      0.463611 s
Bytes received           =      25111552
Average bitrate          =  19285.689833 Kbit/s
Average packet rate      =   2354.210185 pkt/s
Packets dropped          =         14040 (36.41 %)
Average loss-burst size  =      7.874369 pkt
Error lines              =             0
----------------------------------------------------------
