ITGDec version 2.8.1 (r1023)
Compile-time options: bursty multiport
----------------------------------------------------------
Flow number: 1
From 192.168.10.9:45771
To    192.168.10.4:8999
----------------------------------------------------------
Total time               =     10.190054 s
Total packets            =         82121
Minimum delay            =      0.000005 s
Maximum delay            =      1.000931 s
Average delay            =      0.246646 s
Average jitter           =      0.000265 s
Delay standard deviation =      0.424644 s
Bytes received           =      21022976
Average bitrate          =  16504.702330 Kbit/s
Average packet rate      =   8058.936685 pkt/s
Packets dropped          =         12931 (13.60 %)
Average loss-burst size  =     34.854447 pkt
----------------------------------------------------------

__________________________________________________________
****************  TOTAL RESULTS   ******************
__________________________________________________________
Number of flows          =             1
Total time               =     10.190054 s
Total packets            =         82121
Minimum delay            =      0.000005 s
Maximum delay            =      1.000931 s
Average delay            =      0.246646 s
Average jitter           =      0.000265 s
Delay standard deviation =      0.424644 s
Bytes received           =      21022976
Average bitrate          =  16504.702330 Kbit/s
Average packet rate      =   8058.936685 pkt/s
Packets dropped          =         12931 (13.60 %)
Average loss-burst size  =     34.854447 pkt
Error lines              =             0
----------------------------------------------------------
