ITGDec version 2.8.1 (r1023)
Compile-time options: bursty multiport
----------------------------------------------------------
Flow number: 1
From 192.168.10.9:43798
To    192.168.10.4:8999
----------------------------------------------------------
Total time               =      9.990657 s
Total packets            =           988
Minimum delay            =      0.004249 s
Maximum delay            =      0.015115 s
Average delay            =      0.004708 s
Average jitter           =      0.000166 s
Delay standard deviation =      0.000372 s
Bytes received           =         63232
Average bitrate          =     50.632906 Kbit/s
Average packet rate      =     98.892395 pkt/s
Packets dropped          =             0 (0.00 %)
Average loss-burst size  =      0.000000 pkt
----------------------------------------------------------

__________________________________________________________
****************  TOTAL RESULTS   ******************
__________________________________________________________
Number of flows          =             1
Total time               =      9.990657 s
Total packets            =           988
Minimum delay            =      0.004249 s
Maximum delay            =      0.015115 s
Average delay            =      0.004708 s
Average jitter           =      0.000166 s
Delay standard deviation =      0.000372 s
Bytes received           =         63232
Average bitrate          =     50.632906 Kbit/s
Average packet rate      =     98.892395 pkt/s
Packets dropped          =             0 (0.00 %)
Average loss-burst size  =             0 pkt
Error lines              =             0
----------------------------------------------------------
