ITGDec version 2.8.1 (r1023)
Compile-time options: bursty multiport
----------------------------------------------------------
Flow number: 1
From 192.168.10.9:43171
To    192.168.10.4:8999
----------------------------------------------------------
Total time               =     10.499927 s
Total packets            =         20070
Minimum delay            =      0.000006 s
Maximum delay            =      1.000992 s
Average delay            =      0.733178 s
Average jitter           =      0.001056 s
Delay standard deviation =      0.422893 s
Bytes received           =      25689600
Average bitrate          =  19573.164652 Kbit/s
Average packet rate      =   1911.441861 pkt/s
Packets dropped          =         12041 (37.50 %)
Average loss-burst size  =      7.293156 pkt
----------------------------------------------------------

__________________________________________________________
****************  TOTAL RESULTS   ******************
__________________________________________________________
Number of flows          =             1
Total time               =     10.499927 s
Total packets            =         20070
Minimum delay            =      0.000006 s
Maximum delay            =      1.000992 s
Average delay            =      0.733178 s
Average jitter           =      0.001056 s
Delay standard deviation =      0.422893 s
Bytes received           =      25689600
Average bitrate          =  19573.164652 Kbit/s
Average packet rate      =   1911.441861 pkt/s
Packets dropped          =         12041 (37.50 %)
Average loss-burst size  =      7.293156 pkt
Error lines              =             0
----------------------------------------------------------
