ITGDec version 2.8.1 (r1023)
Compile-time options: bursty multiport
----------------------------------------------------------
Flow number: 1
From 192.168.10.9:42812
To    192.168.10.4:8999
----------------------------------------------------------
Total time               =     10.170395 s
Total packets            =         82796
Minimum delay            =      0.000003 s
Maximum delay            =      1.058721 s
Average delay            =      0.211991 s
Average jitter           =      0.000265 s
Delay standard deviation =      0.402565 s
Bytes received           =      21195776
Average bitrate          =  16672.529238 Kbit/s
Average packet rate      =   8140.883417 pkt/s
Packets dropped          =          7247 (8.05 %)
Average loss-burst size  =     24.649660 pkt
----------------------------------------------------------

__________________________________________________________
****************  TOTAL RESULTS   ******************
__________________________________________________________
Number of flows          =             1
Total time               =     10.170395 s
Total packets            =         82796
Minimum delay            =      0.000003 s
Maximum delay            =      1.058721 s
Average delay            =      0.211991 s
Average jitter           =      0.000265 s
Delay standard deviation =      0.402565 s
Bytes received           =      21195776
Average bitrate          =  16672.529238 Kbit/s
Average packet rate      =   8140.883417 pkt/s
Packets dropped          =          7247 (8.05 %)
Average loss-burst size  =     24.649660 pkt
Error lines              =             0
----------------------------------------------------------
