ITGDec version 2.8.1 (r1023)
Compile-time options: bursty multiport
----------------------------------------------------------
Flow number: 1
From 192.168.10.9:34955
To    192.168.10.4:8999
----------------------------------------------------------
Total time               =      9.972108 s
Total packets            =           239
Minimum delay            =      0.004395 s
Maximum delay            =      0.005547 s
Average delay            =      0.004666 s
Average jitter           =      0.000152 s
Delay standard deviation =      0.000141 s
Bytes received           =         10354
Average bitrate          =      8.306368 Kbit/s
Average packet rate      =     23.966848 pkt/s
Packets dropped          =             0 (0.00 %)
Average loss-burst size  =      0.000000 pkt
----------------------------------------------------------

__________________________________________________________
****************  TOTAL RESULTS   ******************
__________________________________________________________
Number of flows          =             1
Total time               =      9.972108 s
Total packets            =           239
Minimum delay            =      0.004395 s
Maximum delay            =      0.005547 s
Average delay            =      0.004666 s
Average jitter           =      0.000152 s
Delay standard deviation =      0.000141 s
Bytes received           =         10354
Average bitrate          =      8.306368 Kbit/s
Average packet rate      =     23.966848 pkt/s
Packets dropped          =             0 (0.00 %)
Average loss-burst size  =             0 pkt
Error lines              =             0
----------------------------------------------------------
