ITGDec version 2.8.1 (r1023)
Compile-time options: bursty multiport
----------------------------------------------------------
Flow number: 1
From 192.168.10.9:38815
To    192.168.10.4:8999
----------------------------------------------------------
Total time               =     10.002402 s
Total packets            =        124427
Minimum delay            =      0.000002 s
Maximum delay            =      1.000113 s
Average delay            =      0.015983 s
Average jitter           =      0.000187 s
Delay standard deviation =      0.125231 s
Bytes received           =      15926656
Average bitrate          =  12738.265069 Kbit/s
Average packet rate      =  12439.711981 pkt/s
Packets dropped          =           902 (0.72 %)
Average loss-burst size  =     53.058824 pkt
----------------------------------------------------------

__________________________________________________________
****************  TOTAL RESULTS   ******************
__________________________________________________________
Number of flows          =             1
Total time               =     10.002402 s
Total packets            =        124427
Minimum delay            =      0.000002 s
Maximum delay            =      1.000113 s
Average delay            =      0.015983 s
Average jitter           =      0.000187 s
Delay standard deviation =      0.125231 s
Bytes received           =      15926656
Average bitrate          =  12738.265069 Kbit/s
Average packet rate      =  12439.711981 pkt/s
Packets dropped          =           902 (0.72 %)
Average loss-burst size  =     53.058824 pkt
Error lines              =             0
----------------------------------------------------------
