ITGDec version 2.8.1 (r1023)
Compile-time options: bursty multiport
----------------------------------------------------------
Flow number: 1
From 192.168.10.9:47168
To    192.168.10.4:8999
----------------------------------------------------------
Total time               =     10.183120 s
Total packets            =         82130
Minimum delay            =      0.000004 s
Maximum delay            =      1.000246 s
Average delay            =      0.219471 s
Average jitter           =      0.000257 s
Delay standard deviation =      0.407660 s
Bytes received           =      21025280
Average bitrate          =  16517.750945 Kbit/s
Average packet rate      =   8065.308078 pkt/s
Packets dropped          =         12858 (13.54 %)
Average loss-burst size  =     34.471850 pkt
----------------------------------------------------------

__________________________________________________________
****************  TOTAL RESULTS   ******************
__________________________________________________________
Number of flows          =             1
Total time               =     10.183120 s
Total packets            =         82130
Minimum delay            =      0.000004 s
Maximum delay            =      1.000246 s
Average delay            =      0.219471 s
Average jitter           =      0.000257 s
Delay standard deviation =      0.407660 s
Bytes received           =      21025280
Average bitrate          =  16517.750945 Kbit/s
Average packet rate      =   8065.308078 pkt/s
Packets dropped          =         12858 (13.54 %)
Average loss-burst size  =     34.471850 pkt
Error lines              =             0
----------------------------------------------------------
