ITGDec version 2.8.1 (r1023)
Compile-time options: bursty multiport
----------------------------------------------------------
Flow number: 1
From 192.168.10.9:55116
To    192.168.10.4:8999
----------------------------------------------------------
Total time               =      9.996792 s
Total packets            =           240
Minimum delay            =      0.004036 s
Maximum delay            =      0.005113 s
Average delay            =      0.004596 s
Average jitter           =      0.000143 s
Delay standard deviation =      0.000154 s
Bytes received           =         10398
Average bitrate          =      8.321069 Kbit/s
Average packet rate      =     24.007702 pkt/s
Packets dropped          =             0 (0.00 %)
Average loss-burst size  =      0.000000 pkt
----------------------------------------------------------

__________________________________________________________
****************  TOTAL RESULTS   ******************
__________________________________________________________
Number of flows          =             1
Total time               =      9.996792 s
Total packets            =           240
Minimum delay            =      0.004036 s
Maximum delay            =      0.005113 s
Average delay            =      0.004596 s
Average jitter           =      0.000143 s
Delay standard deviation =      0.000154 s
Bytes received           =         10398
Average bitrate          =      8.321069 Kbit/s
Average packet rate      =     24.007702 pkt/s
Packets dropped          =             0 (0.00 %)
Average loss-burst size  =             0 pkt
Error lines              =             0
----------------------------------------------------------
