ITGDec version 2.8.1 (r1023)
Compile-time options: bursty multiport
----------------------------------------------------------
Flow number: 1
From 192.168.10.9:46809
To    192.168.10.4:8999
----------------------------------------------------------
Total time               =      9.990919 s
Total packets            =        131379
Minimum delay            =      0.000002 s
Maximum delay            =      1.011588 s
Average delay            =      0.007447 s
Average jitter           =      0.000196 s
Delay standard deviation =      0.085740 s
Bytes received           =       8408256
Average bitrate          =   6732.718782 Kbit/s
Average packet rate      =  13149.841371 pkt/s
Packets dropped          =           574 (0.44 %)
Average loss-burst size  =    143.500000 pkt
----------------------------------------------------------

__________________________________________________________
****************  TOTAL RESULTS   ******************
__________________________________________________________
Number of flows          =             1
Total time               =      9.990919 s
Total packets            =        131379
Minimum delay            =      0.000002 s
Maximum delay            =      1.011588 s
Average delay            =      0.007447 s
Average jitter           =      0.000196 s
Delay standard deviation =      0.085740 s
Bytes received           =       8408256
Average bitrate          =   6732.718782 Kbit/s
Average packet rate      =  13149.841371 pkt/s
Packets dropped          =           574 (0.44 %)
Average loss-burst size  =    143.500000 pkt
Error lines              =             0
----------------------------------------------------------
