ITGDec version 2.8.1 (r1023)
Compile-time options: bursty multiport
----------------------------------------------------------
Flow number: 1
From 192.168.10.9:59526
To    192.168.10.4:8999
----------------------------------------------------------
Total time               =     10.496941 s
Total packets            =         20082
Minimum delay            =      0.000003 s
Maximum delay            =      1.000703 s
Average delay            =      0.720233 s
Average jitter           =      0.001057 s
Delay standard deviation =      0.429938 s
Bytes received           =      25704960
Average bitrate          =  19590.438776 Kbit/s
Average packet rate      =   1913.128787 pkt/s
Packets dropped          =         12065 (37.53 %)
Average loss-burst size  =      7.401840 pkt
----------------------------------------------------------

__________________________________________________________
****************  TOTAL RESULTS   ******************
__________________________________________________________
Number of flows          =             1
Total time               =     10.496941 s
Total packets            =         20082
Minimum delay            =      0.000003 s
Maximum delay            =      1.000703 s
Average delay            =      0.720233 s
Average jitter           =      0.001057 s
Delay standard deviation =      0.429938 s
Bytes received           =      25704960
Average bitrate          =  19590.438776 Kbit/s
Average packet rate      =   1913.128787 pkt/s
Packets dropped          =         12065 (37.53 %)
Average loss-burst size  =      7.401840 pkt
Error lines              =             0
----------------------------------------------------------
