ITGDec version 2.8.1 (r1023)
Compile-time options: bursty multiport
----------------------------------------------------------
Flow number: 1
From 192.168.10.9:53492
To    192.168.10.4:8999
----------------------------------------------------------
Total time               =      9.990326 s
Total packets            =        154288
Minimum delay            =      0.000002 s
Maximum delay            =      1.010197 s
Average delay            =      0.007080 s
Average jitter           =      0.000153 s
Delay standard deviation =      0.083679 s
Bytes received           =       9874432
Average bitrate          =   7907.195020 Kbit/s
Average packet rate      =  15443.740274 pkt/s
Packets dropped          =             0 (0.00 %)
Average loss-burst size  =      0.000000 pkt
----------------------------------------------------------

__________________________________________________________
****************  TOTAL RESULTS   ******************
__________________________________________________________
Number of flows          =             1
Total time               =      9.990326 s
Total packets            =        154288
Minimum delay            =      0.000002 s
Maximum delay            =      1.010197 s
Average delay            =      0.007080 s
Average jitter           =      0.000153 s
Delay standard deviation =      0.083679 s
Bytes received           =       9874432
Average bitrate          =   7907.195020 Kbit/s
Average packet rate      =  15443.740274 pkt/s
Packets dropped          =             0 (0.00 %)
Average loss-burst size  =             0 pkt
Error lines              =             0
----------------------------------------------------------
