ITGDec version 2.8.1 (r1023)
Compile-time options: bursty multiport
----------------------------------------------------------
Flow number: 1
From 192.168.10.9:49098
To    192.168.10.4:8999
----------------------------------------------------------
Total time               =     10.256721 s
Total packets            =         46472
Minimum delay            =      0.000004 s
Maximum delay            =      1.000183 s
Average delay            =      0.387777 s
Average jitter           =      0.000466 s
Delay standard deviation =      0.477176 s
Bytes received           =      23793664
Average bitrate          =  18558.495644 Kbit/s
Average packet rate      =   4530.882726 pkt/s
Packets dropped          =         17738 (27.62 %)
Average loss-burst size  =     79.900901 pkt
----------------------------------------------------------

__________________________________________________________
****************  TOTAL RESULTS   ******************
__________________________________________________________
Number of flows          =             1
Total time               =     10.256721 s
Total packets            =         46472
Minimum delay            =      0.000004 s
Maximum delay            =      1.000183 s
Average delay            =      0.387777 s
Average jitter           =      0.000466 s
Delay standard deviation =      0.477176 s
Bytes received           =      23793664
Average bitrate          =  18558.495644 Kbit/s
Average packet rate      =   4530.882726 pkt/s
Packets dropped          =         17738 (27.62 %)
Average loss-burst size  =     79.900901 pkt
Error lines              =             0
----------------------------------------------------------
