ITGDec version 2.8.1 (r1023)
Compile-time options: bursty multiport
----------------------------------------------------------
Flow number: 1
From 192.168.10.9:51583
To    192.168.10.4:8999
----------------------------------------------------------
Total time               =     10.247731 s
Total packets            =         46552
Minimum delay            =      0.000005 s
Maximum delay            =      1.000706 s
Average delay            =      0.380712 s
Average jitter           =      0.000464 s
Delay standard deviation =      0.475890 s
Bytes received           =      23834624
Average bitrate          =  18606.752265 Kbit/s
Average packet rate      =   4542.664127 pkt/s
Packets dropped          =         17291 (27.08 %)
Average loss-burst size  =     77.887387 pkt
----------------------------------------------------------

__________________________________________________________
****************  TOTAL RESULTS   ******************
__________________________________________________________
Number of flows          =             1
Total time               =     10.247731 s
Total packets            =         46552
Minimum delay            =      0.000005 s
Maximum delay            =      1.000706 s
Average delay            =      0.380712 s
Average jitter           =      0.000464 s
Delay standard deviation =      0.475890 s
Bytes received           =      23834624
Average bitrate          =  18606.752265 Kbit/s
Average packet rate      =   4542.664127 pkt/s
Packets dropped          =         17291 (27.08 %)
Average loss-burst size  =     77.887387 pkt
Error lines              =             0
----------------------------------------------------------
