ITGDec version 2.8.1 (r1023)
Compile-time options: bursty multiport
----------------------------------------------------------
Flow number: 1
From 192.168.10.9:51884
To    192.168.10.4:8999
----------------------------------------------------------
Total time               =      9.960608 s
Total packets            =           238
Minimum delay            =      0.004291 s
Maximum delay            =      0.006135 s
Average delay            =      0.004718 s
Average jitter           =      0.000186 s
Delay standard deviation =      0.000205 s
Bytes received           =         10216
Average bitrate          =      8.205122 Kbit/s
Average packet rate      =     23.894124 pkt/s
Packets dropped          =             0 (0.00 %)
Average loss-burst size  =      0.000000 pkt
----------------------------------------------------------

__________________________________________________________
****************  TOTAL RESULTS   ******************
__________________________________________________________
Number of flows          =             1
Total time               =      9.960608 s
Total packets            =           238
Minimum delay            =      0.004291 s
Maximum delay            =      0.006135 s
Average delay            =      0.004718 s
Average jitter           =      0.000186 s
Delay standard deviation =      0.000205 s
Bytes received           =         10216
Average bitrate          =      8.205122 Kbit/s
Average packet rate      =     23.894124 pkt/s
Packets dropped          =             0 (0.00 %)
Average loss-burst size  =             0 pkt
Error lines              =             0
----------------------------------------------------------
