ITGDec version 2.8.1 (r1023)
Compile-time options: bursty multiport
----------------------------------------------------------
Flow number: 1
From 192.168.10.9:46159
To    192.168.10.4:8999
----------------------------------------------------------
Total time               =     10.415576 s
Total packets            =         24529
Minimum delay            =      0.000006 s
Maximum delay            =      1.000842 s
Average delay            =      0.642504 s
Average jitter           =      0.000873 s
Delay standard deviation =      0.461706 s
Bytes received           =      25117696
Average bitrate          =  19292.410521 Kbit/s
Average packet rate      =   2355.030581 pkt/s
Packets dropped          =         14035 (36.39 %)
Average loss-burst size  =      7.849553 pkt
----------------------------------------------------------

__________________________________________________________
****************  TOTAL RESULTS   ******************
__________________________________________________________
Number of flows          =             1
Total time               =     10.415576 s
Total packets            =         24529
Minimum delay            =      0.000006 s
Maximum delay            =      1.000842 s
Average delay            =      0.642504 s
Average jitter           =      0.000873 s
Delay standard deviation =      0.461706 s
Bytes received           =      25117696
Average bitrate          =  19292.410521 Kbit/s
Average packet rate      =   2355.030581 pkt/s
Packets dropped          =         14035 (36.39 %)
Average loss-burst size  =      7.849553 pkt
Error lines              =             0
----------------------------------------------------------
