ITGDec version 2.8.1 (r1023)
Compile-time options: bursty multiport
----------------------------------------------------------
Flow number: 1
From 192.168.10.9:51952
To    192.168.10.4:8999
----------------------------------------------------------
Total time               =      9.972816 s
Total packets            =           210
Minimum delay            =      0.004262 s
Maximum delay            =      0.005598 s
Average delay            =      0.004636 s
Average jitter           =      0.000147 s
Delay standard deviation =      0.000144 s
Bytes received           =          8976
Average bitrate          =      7.200373 Kbit/s
Average packet rate      =     21.057242 pkt/s
Packets dropped          =             0 (0.00 %)
Average loss-burst size  =      0.000000 pkt
----------------------------------------------------------

__________________________________________________________
****************  TOTAL RESULTS   ******************
__________________________________________________________
Number of flows          =             1
Total time               =      9.972816 s
Total packets            =           210
Minimum delay            =      0.004262 s
Maximum delay            =      0.005598 s
Average delay            =      0.004636 s
Average jitter           =      0.000147 s
Delay standard deviation =      0.000144 s
Bytes received           =          8976
Average bitrate          =      7.200373 Kbit/s
Average packet rate      =     21.057242 pkt/s
Packets dropped          =             0 (0.00 %)
Average loss-burst size  =             0 pkt
Error lines              =             0
----------------------------------------------------------
