ITGDec version 2.8.1 (r1023)
Compile-time options: bursty multiport
----------------------------------------------------------
Flow number: 1
From 192.168.10.9:57305
To    192.168.10.4:8999
----------------------------------------------------------
Total time               =      9.996319 s
Total packets            =           989
Minimum delay            =      0.003982 s
Maximum delay            =      0.005663 s
Average delay            =      0.004684 s
Average jitter           =      0.000138 s
Delay standard deviation =      0.000163 s
Bytes received           =         63296
Average bitrate          =     50.655446 Kbit/s
Average packet rate      =     98.936418 pkt/s
Packets dropped          =             0 (0.00 %)
Average loss-burst size  =      0.000000 pkt
----------------------------------------------------------

__________________________________________________________
****************  TOTAL RESULTS   ******************
__________________________________________________________
Number of flows          =             1
Total time               =      9.996319 s
Total packets            =           989
Minimum delay            =      0.003982 s
Maximum delay            =      0.005663 s
Average delay            =      0.004684 s
Average jitter           =      0.000138 s
Delay standard deviation =      0.000163 s
Bytes received           =         63296
Average bitrate          =     50.655446 Kbit/s
Average packet rate      =     98.936418 pkt/s
Packets dropped          =             0 (0.00 %)
Average loss-burst size  =             0 pkt
Error lines              =             0
----------------------------------------------------------
