ITGDec version 2.8.1 (r1023)
Compile-time options: bursty multiport
----------------------------------------------------------
Flow number: 1
From 192.168.10.9:60749
To    192.168.10.4:8999
----------------------------------------------------------
Total time               =      9.964891 s
Total packets            =           235
Minimum delay            =      0.004177 s
Maximum delay            =      0.005638 s
Average delay            =      0.004700 s
Average jitter           =      0.000169 s
Delay standard deviation =      0.000151 s
Bytes received           =         10402
Average bitrate          =      8.350919 Kbit/s
Average packet rate      =     23.582797 pkt/s
Packets dropped          =             0 (0.00 %)
Average loss-burst size  =      0.000000 pkt
----------------------------------------------------------

__________________________________________________________
****************  TOTAL RESULTS   ******************
__________________________________________________________
Number of flows          =             1
Total time               =      9.964891 s
Total packets            =           235
Minimum delay            =      0.004177 s
Maximum delay            =      0.005638 s
Average delay            =      0.004700 s
Average jitter           =      0.000169 s
Delay standard deviation =      0.000151 s
Bytes received           =         10402
Average bitrate          =      8.350919 Kbit/s
Average packet rate      =     23.582797 pkt/s
Packets dropped          =             0 (0.00 %)
Average loss-burst size  =             0 pkt
Error lines              =             0
----------------------------------------------------------
