ITGDec version 2.8.1 (r1023)
Compile-time options: bursty multiport
----------------------------------------------------------
Flow number: 1
From 192.168.10.9:33931
To    192.168.10.4:8999
----------------------------------------------------------
Total time               =      9.983291 s
Total packets            =        131923
Minimum delay            =      0.000002 s
Maximum delay            =      1.005838 s
Average delay            =      0.008489 s
Average jitter           =      0.000193 s
Delay standard deviation =      0.091545 s
Bytes received           =       8443072
Average bitrate          =   6765.762513 Kbit/s
Average packet rate      =  13214.379907 pkt/s
Packets dropped          =            80 (0.06 %)
Average loss-burst size  =     40.000000 pkt
----------------------------------------------------------

__________________________________________________________
****************  TOTAL RESULTS   ******************
__________________________________________________________
Number of flows          =             1
Total time               =      9.983291 s
Total packets            =        131923
Minimum delay            =      0.000002 s
Maximum delay            =      1.005838 s
Average delay            =      0.008489 s
Average jitter           =      0.000193 s
Delay standard deviation =      0.091545 s
Bytes received           =       8443072
Average bitrate          =   6765.762513 Kbit/s
Average packet rate      =  13214.379907 pkt/s
Packets dropped          =            80 (0.06 %)
Average loss-burst size  =     40.000000 pkt
Error lines              =             0
----------------------------------------------------------
