ITGDec version 2.8.1 (r1023)
Compile-time options: bursty multiport
----------------------------------------------------------
Flow number: 1
From 192.168.10.9:34840
To    192.168.10.4:8999
----------------------------------------------------------
Total time               =      9.979686 s
Total packets            =           192
Minimum delay            =      0.002671 s
Maximum delay            =      0.004926 s
Average delay            =      0.004614 s
Average jitter           =      0.000164 s
Delay standard deviation =      0.000192 s
Bytes received           =          8264
Average bitrate          =      6.624657 Kbit/s
Average packet rate      =     19.239082 pkt/s
Packets dropped          =             0 (0.00 %)
Average loss-burst size  =      0.000000 pkt
----------------------------------------------------------

__________________________________________________________
****************  TOTAL RESULTS   ******************
__________________________________________________________
Number of flows          =             1
Total time               =      9.979686 s
Total packets            =           192
Minimum delay            =      0.002671 s
Maximum delay            =      0.004926 s
Average delay            =      0.004614 s
Average jitter           =      0.000164 s
Delay standard deviation =      0.000192 s
Bytes received           =          8264
Average bitrate          =      6.624657 Kbit/s
Average packet rate      =     19.239082 pkt/s
Packets dropped          =             0 (0.00 %)
Average loss-burst size  =             0 pkt
Error lines              =             0
----------------------------------------------------------
