ITGDec version 2.8.1 (r1023)
Compile-time options: bursty multiport
----------------------------------------------------------
Flow number: 1
From 192.168.10.9:53989
To    192.168.10.4:8999
----------------------------------------------------------
Total time               =     10.259225 s
Total packets            =         46592
Minimum delay            =      0.000003 s
Maximum delay            =      1.000670 s
Average delay            =      0.393097 s
Average jitter           =      0.000464 s
Delay standard deviation =      0.478014 s
Bytes received           =      23855104
Average bitrate          =  18601.876068 Kbit/s
Average packet rate      =   4541.473649 pkt/s
Packets dropped          =         17352 (27.14 %)
Average loss-burst size  =     77.464286 pkt
----------------------------------------------------------

__________________________________________________________
****************  TOTAL RESULTS   ******************
__________________________________________________________
Number of flows          =             1
Total time               =     10.259225 s
Total packets            =         46592
Minimum delay            =      0.000003 s
Maximum delay            =      1.000670 s
Average delay            =      0.393097 s
Average jitter           =      0.000464 s
Delay standard deviation =      0.478014 s
Bytes received           =      23855104
Average bitrate          =  18601.876068 Kbit/s
Average packet rate      =   4541.473649 pkt/s
Packets dropped          =         17352 (27.14 %)
Average loss-burst size  =     77.464286 pkt
Error lines              =             0
----------------------------------------------------------
