ITGDec version 2.8.1 (r1023)
Compile-time options: bursty multiport
----------------------------------------------------------
Flow number: 1
From 192.168.10.9:35149
To    192.168.10.4:8999
----------------------------------------------------------
Total time               =     10.238266 s
Total packets            =         46558
Minimum delay            =      0.000006 s
Maximum delay            =      1.000245 s
Average delay            =      0.369475 s
Average jitter           =      0.000465 s
Delay standard deviation =      0.472737 s
Bytes received           =      23837696
Average bitrate          =  18626.354111 Kbit/s
Average packet rate      =   4547.449734 pkt/s
Packets dropped          =         17306 (27.10 %)
Average loss-burst size  =     77.605381 pkt
----------------------------------------------------------

__________________________________________________________
****************  TOTAL RESULTS   ******************
__________________________________________________________
Number of flows          =             1
Total time               =     10.238266 s
Total packets            =         46558
Minimum delay            =      0.000006 s
Maximum delay            =      1.000245 s
Average delay            =      0.369475 s
Average jitter           =      0.000465 s
Delay standard deviation =      0.472737 s
Bytes received           =      23837696
Average bitrate          =  18626.354111 Kbit/s
Average packet rate      =   4547.449734 pkt/s
Packets dropped          =         17306 (27.10 %)
Average loss-burst size  =     77.605381 pkt
Error lines              =             0
----------------------------------------------------------
