ITGDec version 2.8.1 (r1023)
Compile-time options: bursty multiport
----------------------------------------------------------
Flow number: 1
From 192.168.10.9:57773
To    192.168.10.4:8999
----------------------------------------------------------
Total time               =     10.012526 s
Total packets            =        126199
Minimum delay            =      0.000003 s
Maximum delay            =      1.000118 s
Average delay            =      0.031676 s
Average jitter           =      0.000183 s
Delay standard deviation =      0.174799 s
Bytes received           =      16153472
Average bitrate          =  12906.610779 Kbit/s
Average packet rate      =  12604.112089 pkt/s
Packets dropped          =          1207 (0.95 %)
Average loss-burst size  =    120.700000 pkt
----------------------------------------------------------

__________________________________________________________
****************  TOTAL RESULTS   ******************
__________________________________________________________
Number of flows          =             1
Total time               =     10.012526 s
Total packets            =        126199
Minimum delay            =      0.000003 s
Maximum delay            =      1.000118 s
Average delay            =      0.031676 s
Average jitter           =      0.000183 s
Delay standard deviation =      0.174799 s
Bytes received           =      16153472
Average bitrate          =  12906.610779 Kbit/s
Average packet rate      =  12604.112089 pkt/s
Packets dropped          =          1207 (0.95 %)
Average loss-burst size  =    120.700000 pkt
Error lines              =             0
----------------------------------------------------------
