ITGDec version 2.8.1 (r1023)
Compile-time options: bursty multiport
----------------------------------------------------------
Flow number: 1
From 192.168.10.9:59832
To    192.168.10.4:8999
----------------------------------------------------------
Total time               =     10.402063 s
Total packets            =         23440
Minimum delay            =      0.000006 s
Maximum delay            =      1.000309 s
Average delay            =      0.572992 s
Average jitter           =      0.000971 s
Delay standard deviation =      0.476959 s
Bytes received           =      24002560
Average bitrate          =  18459.845898 Kbit/s
Average packet rate      =   2253.399157 pkt/s
Packets dropped          =         15103 (39.18 %)
Average loss-burst size  =      8.858065 pkt
----------------------------------------------------------

__________________________________________________________
****************  TOTAL RESULTS   ******************
__________________________________________________________
Number of flows          =             1
Total time               =     10.402063 s
Total packets            =         23440
Minimum delay            =      0.000006 s
Maximum delay            =      1.000309 s
Average delay            =      0.572992 s
Average jitter           =      0.000971 s
Delay standard deviation =      0.476959 s
Bytes received           =      24002560
Average bitrate          =  18459.845898 Kbit/s
Average packet rate      =   2253.399157 pkt/s
Packets dropped          =         15103 (39.18 %)
Average loss-burst size  =      8.858065 pkt
Error lines              =             0
----------------------------------------------------------
