ITGDec version 2.8.1 (r1023)
Compile-time options: bursty multiport
----------------------------------------------------------
Flow number: 1
From 192.168.10.9:54726
To    192.168.10.4:8999
----------------------------------------------------------
Total time               =      9.977647 s
Total packets            =        115036
Minimum delay            =      0.000002 s
Maximum delay            =      1.037777 s
Average delay            =      0.007993 s
Average jitter           =      0.000238 s
Delay standard deviation =      0.088739 s
Bytes received           =       7362304
Average bitrate          =   5903.038261 Kbit/s
Average packet rate      =  11529.371604 pkt/s
Packets dropped          =           367 (0.32 %)
Average loss-burst size  =     91.750000 pkt
----------------------------------------------------------

__________________________________________________________
****************  TOTAL RESULTS   ******************
__________________________________________________________
Number of flows          =             1
Total time               =      9.977647 s
Total packets            =        115036
Minimum delay            =      0.000002 s
Maximum delay            =      1.037777 s
Average delay            =      0.007993 s
Average jitter           =      0.000238 s
Delay standard deviation =      0.088739 s
Bytes received           =       7362304
Average bitrate          =   5903.038261 Kbit/s
Average packet rate      =  11529.371604 pkt/s
Packets dropped          =           367 (0.32 %)
Average loss-burst size  =     91.750000 pkt
Error lines              =             0
----------------------------------------------------------
