ITGDec version 2.8.1 (r1023)
Compile-time options: bursty multiport
----------------------------------------------------------
Flow number: 1
From 192.168.10.9:49092
To    192.168.10.4:8999
----------------------------------------------------------
Total time               =      8.937860 s
Total packets            =             6
Minimum delay            =      0.004732 s
Maximum delay            =      0.005308 s
Average delay            =      0.005013 s
Average jitter           =      0.000293 s
Delay standard deviation =      0.000181 s
Bytes received           =          1233
Average bitrate          =      1.103620 Kbit/s
Average packet rate      =      0.671302 pkt/s
Packets dropped          =             0 (0.00 %)
Average loss-burst size  =      0.000000 pkt
----------------------------------------------------------

__________________________________________________________
****************  TOTAL RESULTS   ******************
__________________________________________________________
Number of flows          =             1
Total time               =      8.937860 s
Total packets            =             6
Minimum delay            =      0.004732 s
Maximum delay            =      0.005308 s
Average delay            =      0.005013 s
Average jitter           =      0.000293 s
Delay standard deviation =      0.000181 s
Bytes received           =          1233
Average bitrate          =      1.103620 Kbit/s
Average packet rate      =      0.671302 pkt/s
Packets dropped          =             0 (0.00 %)
Average loss-burst size  =             0 pkt
Error lines              =             0
----------------------------------------------------------
