ITGDec version 2.8.1 (r1023)
Compile-time options: bursty multiport
----------------------------------------------------------
Flow number: 1
From 192.168.10.9:33389
To    192.168.10.4:8999
----------------------------------------------------------
Total time               =     10.187722 s
Total packets            =         82084
Minimum delay            =      0.000005 s
Maximum delay            =      1.000243 s
Average delay            =      0.230086 s
Average jitter           =      0.000265 s
Delay standard deviation =      0.414213 s
Bytes received           =      21013504
Average bitrate          =  16501.042333 Kbit/s
Average packet rate      =   8057.149577 pkt/s
Packets dropped          =         12802 (13.49 %)
Average loss-burst size  =     33.425587 pkt
----------------------------------------------------------

__________________________________________________________
****************  TOTAL RESULTS   ******************
__________________________________________________________
Number of flows          =             1
Total time               =     10.187722 s
Total packets            =         82084
Minimum delay            =      0.000005 s
Maximum delay            =      1.000243 s
Average delay            =      0.230086 s
Average jitter           =      0.000265 s
Delay standard deviation =      0.414213 s
Bytes received           =      21013504
Average bitrate          =  16501.042333 Kbit/s
Average packet rate      =   8057.149577 pkt/s
Packets dropped          =         12802 (13.49 %)
Average loss-burst size  =     33.425587 pkt
Error lines              =             0
----------------------------------------------------------
