ITGDec version 2.8.1 (r1023)
Compile-time options: bursty multiport
----------------------------------------------------------
Flow number: 1
From 192.168.10.9:58349
To    192.168.10.4:8999
----------------------------------------------------------
Total time               =     10.188826 s
Total packets            =         82190
Minimum delay            =      0.000003 s
Maximum delay            =      1.000143 s
Average delay            =      0.273264 s
Average jitter           =      0.000264 s
Delay standard deviation =      0.439694 s
Bytes received           =      21040640
Average bitrate          =  16520.560858 Kbit/s
Average packet rate      =   8066.680106 pkt/s
Packets dropped          =         12740 (13.42 %)
Average loss-burst size  =     34.525745 pkt
----------------------------------------------------------

__________________________________________________________
****************  TOTAL RESULTS   ******************
__________________________________________________________
Number of flows          =             1
Total time               =     10.188826 s
Total packets            =         82190
Minimum delay            =      0.000003 s
Maximum delay            =      1.000143 s
Average delay            =      0.273264 s
Average jitter           =      0.000264 s
Delay standard deviation =      0.439694 s
Bytes received           =      21040640
Average bitrate          =  16520.560858 Kbit/s
Average packet rate      =   8066.680106 pkt/s
Packets dropped          =         12740 (13.42 %)
Average loss-burst size  =     34.525745 pkt
Error lines              =             0
----------------------------------------------------------
