ITGDec version 2.8.1 (r1023)
Compile-time options: bursty multiport
----------------------------------------------------------
Flow number: 1
From 192.168.10.9:53960
To    192.168.10.4:8999
----------------------------------------------------------
Total time               =     10.066422 s
Total packets            =        126080
Minimum delay            =      0.000003 s
Maximum delay            =      1.001918 s
Average delay            =      0.056491 s
Average jitter           =      0.000185 s
Delay standard deviation =      0.228331 s
Bytes received           =      16138240
Average bitrate          =  12825.403107 Kbit/s
Average packet rate      =  12524.807722 pkt/s
Packets dropped          =          1253 (0.98 %)
Average loss-burst size  =      7.831250 pkt
----------------------------------------------------------

__________________________________________________________
****************  TOTAL RESULTS   ******************
__________________________________________________________
Number of flows          =             1
Total time               =     10.066422 s
Total packets            =        126080
Minimum delay            =      0.000003 s
Maximum delay            =      1.001918 s
Average delay            =      0.056491 s
Average jitter           =      0.000185 s
Delay standard deviation =      0.228331 s
Bytes received           =      16138240
Average bitrate          =  12825.403107 Kbit/s
Average packet rate      =  12524.807722 pkt/s
Packets dropped          =          1253 (0.98 %)
Average loss-burst size  =      7.831250 pkt
Error lines              =             0
----------------------------------------------------------
