ITGDec version 2.8.1 (r1023)
Compile-time options: bursty multiport
----------------------------------------------------------
Flow number: 1
From 192.168.10.9:57920
To    192.168.10.4:8999
----------------------------------------------------------
Total time               =     10.251451 s
Total packets            =         46570
Minimum delay            =      0.000005 s
Maximum delay            =      1.000186 s
Average delay            =      0.379821 s
Average jitter           =      0.000482 s
Delay standard deviation =      0.475572 s
Bytes received           =      23843840
Average bitrate          =  18607.192289 Kbit/s
Average packet rate      =   4542.771555 pkt/s
Packets dropped          =         17321 (27.11 %)
Average loss-burst size  =     77.672646 pkt
----------------------------------------------------------

__________________________________________________________
****************  TOTAL RESULTS   ******************
__________________________________________________________
Number of flows          =             1
Total time               =     10.251451 s
Total packets            =         46570
Minimum delay            =      0.000005 s
Maximum delay            =      1.000186 s
Average delay            =      0.379821 s
Average jitter           =      0.000482 s
Delay standard deviation =      0.475572 s
Bytes received           =      23843840
Average bitrate          =  18607.192289 Kbit/s
Average packet rate      =   4542.771555 pkt/s
Packets dropped          =         17321 (27.11 %)
Average loss-burst size  =     77.672646 pkt
Error lines              =             0
----------------------------------------------------------
