ITGDec version 2.8.1 (r1023)
Compile-time options: bursty multiport
----------------------------------------------------------
Flow number: 1
From 192.168.10.9:37154
To    192.168.10.4:8999
----------------------------------------------------------
Total time               =     10.413761 s
Total packets            =         24565
Minimum delay            =      0.000006 s
Maximum delay            =      1.000626 s
Average delay            =      0.591130 s
Average jitter           =      0.000927 s
Delay standard deviation =      0.474300 s
Bytes received           =      25154560
Average bitrate          =  19324.092420 Kbit/s
Average packet rate      =   2358.898000 pkt/s
Packets dropped          =         14009 (36.32 %)
Average loss-burst size  =      8.065055 pkt
----------------------------------------------------------

__________________________________________________________
****************  TOTAL RESULTS   ******************
__________________________________________________________
Number of flows          =             1
Total time               =     10.413761 s
Total packets            =         24565
Minimum delay            =      0.000006 s
Maximum delay            =      1.000626 s
Average delay            =      0.591130 s
Average jitter           =      0.000927 s
Delay standard deviation =      0.474300 s
Bytes received           =      25154560
Average bitrate          =  19324.092420 Kbit/s
Average packet rate      =   2358.898000 pkt/s
Packets dropped          =         14009 (36.32 %)
Average loss-burst size  =      8.065055 pkt
Error lines              =             0
----------------------------------------------------------
