ITGDec version 2.8.1 (r1023)
Compile-time options: bursty multiport
----------------------------------------------------------
Flow number: 1
From 192.168.10.9:57393
To    192.168.10.4:8999
----------------------------------------------------------
Total time               =      9.996274 s
Total packets            =        162764
Minimum delay            =      0.000002 s
Maximum delay            =      1.025835 s
Average delay            =      0.010972 s
Average jitter           =      0.000139 s
Delay standard deviation =      0.104032 s
Bytes received           =      10416896
Average bitrate          =   8336.623026 Kbit/s
Average packet rate      =  16282.466847 pkt/s
Packets dropped          =             0 (0.00 %)
Average loss-burst size  =      0.000000 pkt
----------------------------------------------------------

__________________________________________________________
****************  TOTAL RESULTS   ******************
__________________________________________________________
Number of flows          =             1
Total time               =      9.996274 s
Total packets            =        162764
Minimum delay            =      0.000002 s
Maximum delay            =      1.025835 s
Average delay            =      0.010972 s
Average jitter           =      0.000139 s
Delay standard deviation =      0.104032 s
Bytes received           =      10416896
Average bitrate          =   8336.623026 Kbit/s
Average packet rate      =  16282.466847 pkt/s
Packets dropped          =             0 (0.00 %)
Average loss-burst size  =             0 pkt
Error lines              =             0
----------------------------------------------------------
