ITGDec version 2.8.1 (r1023)
Compile-time options: bursty multiport
----------------------------------------------------------
Flow number: 1
From 192.168.10.9:46494
To    192.168.10.4:8999
----------------------------------------------------------
Total time               =     10.261319 s
Total packets            =         46617
Minimum delay            =      0.000006 s
Maximum delay            =      1.000189 s
Average delay            =      0.375568 s
Average jitter           =      0.000483 s
Delay standard deviation =      0.474078 s
Bytes received           =      23867904
Average bitrate          =  18608.059256 Kbit/s
Average packet rate      =   4542.983217 pkt/s
Packets dropped          =         17331 (27.10 %)
Average loss-burst size  =     77.370536 pkt
----------------------------------------------------------

__________________________________________________________
****************  TOTAL RESULTS   ******************
__________________________________________________________
Number of flows          =             1
Total time               =     10.261319 s
Total packets            =         46617
Minimum delay            =      0.000006 s
Maximum delay            =      1.000189 s
Average delay            =      0.375568 s
Average jitter           =      0.000483 s
Delay standard deviation =      0.474078 s
Bytes received           =      23867904
Average bitrate          =  18608.059256 Kbit/s
Average packet rate      =   4542.983217 pkt/s
Packets dropped          =         17331 (27.10 %)
Average loss-burst size  =     77.370536 pkt
Error lines              =             0
----------------------------------------------------------
