ITGDec version 2.8.1 (r1023)
Compile-time options: bursty multiport
----------------------------------------------------------
Flow number: 1
From 192.168.10.9:50980
To    192.168.10.4:8999
----------------------------------------------------------
Total time               =     10.260400 s
Total packets            =         46626
Minimum delay            =      0.000005 s
Maximum delay            =      1.001499 s
Average delay            =      0.391085 s
Average jitter           =      0.000483 s
Delay standard deviation =      0.477977 s
Bytes received           =      23872512
Average bitrate          =  18613.318779 Kbit/s
Average packet rate      =   4544.267280 pkt/s
Packets dropped          =         17280 (27.04 %)
Average loss-burst size  =     77.488789 pkt
----------------------------------------------------------

__________________________________________________________
****************  TOTAL RESULTS   ******************
__________________________________________________________
Number of flows          =             1
Total time               =     10.260400 s
Total packets            =         46626
Minimum delay            =      0.000005 s
Maximum delay            =      1.001499 s
Average delay            =      0.391085 s
Average jitter           =      0.000483 s
Delay standard deviation =      0.477977 s
Bytes received           =      23872512
Average bitrate          =  18613.318779 Kbit/s
Average packet rate      =   4544.267280 pkt/s
Packets dropped          =         17280 (27.04 %)
Average loss-burst size  =     77.488789 pkt
Error lines              =             0
----------------------------------------------------------
