ITGDec version 2.8.1 (r1023)
Compile-time options: bursty multiport
----------------------------------------------------------
Flow number: 1
From 192.168.10.9:41210
To    192.168.10.4:8999
----------------------------------------------------------
Total time               =      9.915727 s
Total packets            =           241
Minimum delay            =      0.004306 s
Maximum delay            =      0.005752 s
Average delay            =      0.004694 s
Average jitter           =      0.000150 s
Delay standard deviation =      0.000141 s
Bytes received           =         10595
Average bitrate          =      8.548037 Kbit/s
Average packet rate      =     24.304824 pkt/s
Packets dropped          =             0 (0.00 %)
Average loss-burst size  =      0.000000 pkt
----------------------------------------------------------

__________________________________________________________
****************  TOTAL RESULTS   ******************
__________________________________________________________
Number of flows          =             1
Total time               =      9.915727 s
Total packets            =           241
Minimum delay            =      0.004306 s
Maximum delay            =      0.005752 s
Average delay            =      0.004694 s
Average jitter           =      0.000150 s
Delay standard deviation =      0.000141 s
Bytes received           =         10595
Average bitrate          =      8.548037 Kbit/s
Average packet rate      =     24.304824 pkt/s
Packets dropped          =             0 (0.00 %)
Average loss-burst size  =             0 pkt
Error lines              =             0
----------------------------------------------------------
