ITGDec version 2.8.1 (r1023)
Compile-time options: bursty multiport
----------------------------------------------------------
Flow number: 1
From 192.168.10.9:58303
To    192.168.10.4:8999
----------------------------------------------------------
Total time               =      9.995622 s
Total packets            =        135028
Minimum delay            =      0.000002 s
Maximum delay            =      1.004548 s
Average delay            =      0.007992 s
Average jitter           =      0.000188 s
Delay standard deviation =      0.088829 s
Bytes received           =       8641792
Average bitrate          =   6916.461627 Kbit/s
Average packet rate      =  13508.714115 pkt/s
Packets dropped          =           375 (0.28 %)
Average loss-burst size  =    125.000000 pkt
----------------------------------------------------------

__________________________________________________________
****************  TOTAL RESULTS   ******************
__________________________________________________________
Number of flows          =             1
Total time               =      9.995622 s
Total packets            =        135028
Minimum delay            =      0.000002 s
Maximum delay            =      1.004548 s
Average delay            =      0.007992 s
Average jitter           =      0.000188 s
Delay standard deviation =      0.088829 s
Bytes received           =       8641792
Average bitrate          =   6916.461627 Kbit/s
Average packet rate      =  13508.714115 pkt/s
Packets dropped          =           375 (0.28 %)
Average loss-burst size  =    125.000000 pkt
Error lines              =             0
----------------------------------------------------------
