ITGDec version 2.8.1 (r1023)
Compile-time options: bursty multiport
----------------------------------------------------------
Flow number: 1
From 192.168.10.9:60277
To    192.168.10.4:8999
----------------------------------------------------------
Total time               =      9.967046 s
Total packets            =           239
Minimum delay            =      0.004375 s
Maximum delay            =      0.006265 s
Average delay            =      0.004672 s
Average jitter           =      0.000143 s
Delay standard deviation =      0.000162 s
Bytes received           =         10357
Average bitrate          =      8.312995 Kbit/s
Average packet rate      =     23.979020 pkt/s
Packets dropped          =             0 (0.00 %)
Average loss-burst size  =      0.000000 pkt
----------------------------------------------------------

__________________________________________________________
****************  TOTAL RESULTS   ******************
__________________________________________________________
Number of flows          =             1
Total time               =      9.967046 s
Total packets            =           239
Minimum delay            =      0.004375 s
Maximum delay            =      0.006265 s
Average delay            =      0.004672 s
Average jitter           =      0.000143 s
Delay standard deviation =      0.000162 s
Bytes received           =         10357
Average bitrate          =      8.312995 Kbit/s
Average packet rate      =     23.979020 pkt/s
Packets dropped          =             0 (0.00 %)
Average loss-burst size  =             0 pkt
Error lines              =             0
----------------------------------------------------------
