ITGDec version 2.8.1 (r1023)
Compile-time options: bursty multiport
----------------------------------------------------------
Flow number: 1
From 192.168.10.9:50962
To    192.168.10.4:8999
----------------------------------------------------------
Total time               =      9.998315 s
Total packets            =        115965
Minimum delay            =      0.000002 s
Maximum delay            =      1.017685 s
Average delay            =      0.014408 s
Average jitter           =      0.000210 s
Delay standard deviation =      0.118962 s
Bytes received           =      14843520
Average bitrate          =  11876.817244 Kbit/s
Average packet rate      =  11598.454340 pkt/s
Packets dropped          =          1048 (0.90 %)
Average loss-burst size  =     47.636364 pkt
----------------------------------------------------------

__________________________________________________________
****************  TOTAL RESULTS   ******************
__________________________________________________________
Number of flows          =             1
Total time               =      9.998315 s
Total packets            =        115965
Minimum delay            =      0.000002 s
Maximum delay            =      1.017685 s
Average delay            =      0.014408 s
Average jitter           =      0.000210 s
Delay standard deviation =      0.118962 s
Bytes received           =      14843520
Average bitrate          =  11876.817244 Kbit/s
Average packet rate      =  11598.454340 pkt/s
Packets dropped          =          1048 (0.90 %)
Average loss-burst size  =     47.636364 pkt
Error lines              =             0
----------------------------------------------------------
