ITGDec version 2.8.1 (r1023)
Compile-time options: bursty multiport
----------------------------------------------------------
Flow number: 1
From 192.168.10.9:49792
To    192.168.10.4:8999
----------------------------------------------------------
Total time               =      9.989957 s
Total packets            =           241
Minimum delay            =      0.004349 s
Maximum delay            =      0.005519 s
Average delay            =      0.004658 s
Average jitter           =      0.000148 s
Delay standard deviation =      0.000141 s
Bytes received           =         10491
Average bitrate          =      8.401237 Kbit/s
Average packet rate      =     24.124228 pkt/s
Packets dropped          =             0 (0.00 %)
Average loss-burst size  =      0.000000 pkt
----------------------------------------------------------

__________________________________________________________
****************  TOTAL RESULTS   ******************
__________________________________________________________
Number of flows          =             1
Total time               =      9.989957 s
Total packets            =           241
Minimum delay            =      0.004349 s
Maximum delay            =      0.005519 s
Average delay            =      0.004658 s
Average jitter           =      0.000148 s
Delay standard deviation =      0.000141 s
Bytes received           =         10491
Average bitrate          =      8.401237 Kbit/s
Average packet rate      =     24.124228 pkt/s
Packets dropped          =             0 (0.00 %)
Average loss-burst size  =             0 pkt
Error lines              =             0
----------------------------------------------------------
