ITGDec version 2.8.1 (r1023)
Compile-time options: bursty multiport
----------------------------------------------------------
Flow number: 1
From 192.168.10.9:60598
To    192.168.10.4:8999
----------------------------------------------------------
Total time               =     10.419421 s
Total packets            =         24546
Minimum delay            =      0.000006 s
Maximum delay            =      1.000880 s
Average delay            =      0.613075 s
Average jitter           =      0.000871 s
Delay standard deviation =      0.469913 s
Bytes received           =      25135104
Average bitrate          =  19298.656998 Kbit/s
Average packet rate      =   2355.793091 pkt/s
Packets dropped          =         14025 (36.36 %)
Average loss-burst size  =      7.813370 pkt
----------------------------------------------------------

__________________________________________________________
****************  TOTAL RESULTS   ******************
__________________________________________________________
Number of flows          =             1
Total time               =     10.419421 s
Total packets            =         24546
Minimum delay            =      0.000006 s
Maximum delay            =      1.000880 s
Average delay            =      0.613075 s
Average jitter           =      0.000871 s
Delay standard deviation =      0.469913 s
Bytes received           =      25135104
Average bitrate          =  19298.656998 Kbit/s
Average packet rate      =   2355.793091 pkt/s
Packets dropped          =         14025 (36.36 %)
Average loss-burst size  =      7.813370 pkt
Error lines              =             0
----------------------------------------------------------
