ITGDec version 2.8.1 (r1023)
Compile-time options: bursty multiport
----------------------------------------------------------
Flow number: 1
From 192.168.10.9:47417
To    192.168.10.4:8999
----------------------------------------------------------
Total time               =      9.981023 s
Total packets            =        155205
Minimum delay            =      0.000002 s
Maximum delay            =      1.000092 s
Average delay            =      0.009363 s
Average jitter           =      0.000151 s
Delay standard deviation =      0.096138 s
Bytes received           =       9933120
Average bitrate          =   7961.604737 Kbit/s
Average packet rate      =  15550.009253 pkt/s
Packets dropped          =           261 (0.17 %)
Average loss-burst size  =    261.000000 pkt
----------------------------------------------------------

__________________________________________________________
****************  TOTAL RESULTS   ******************
__________________________________________________________
Number of flows          =             1
Total time               =      9.981023 s
Total packets            =        155205
Minimum delay            =      0.000002 s
Maximum delay            =      1.000092 s
Average delay            =      0.009363 s
Average jitter           =      0.000151 s
Delay standard deviation =      0.096138 s
Bytes received           =       9933120
Average bitrate          =   7961.604737 Kbit/s
Average packet rate      =  15550.009253 pkt/s
Packets dropped          =           261 (0.17 %)
Average loss-burst size  =    261.000000 pkt
Error lines              =             0
----------------------------------------------------------
