ITGDec version 2.8.1 (r1023)
Compile-time options: bursty multiport
----------------------------------------------------------
Flow number: 1
From 192.168.10.9:45496
To    192.168.10.4:8999
----------------------------------------------------------
Total time               =     10.259548 s
Total packets            =         46560
Minimum delay            =      0.000004 s
Maximum delay            =      1.000701 s
Average delay            =      0.372110 s
Average jitter           =      0.000464 s
Delay standard deviation =      0.473112 s
Bytes received           =      23838720
Average bitrate          =  18588.514816 Kbit/s
Average packet rate      =   4538.211625 pkt/s
Packets dropped          =         17322 (27.12 %)
Average loss-burst size  =     77.677130 pkt
----------------------------------------------------------

__________________________________________________________
****************  TOTAL RESULTS   ******************
__________________________________________________________
Number of flows          =             1
Total time               =     10.259548 s
Total packets            =         46560
Minimum delay            =      0.000004 s
Maximum delay            =      1.000701 s
Average delay            =      0.372110 s
Average jitter           =      0.000464 s
Delay standard deviation =      0.473112 s
Bytes received           =      23838720
Average bitrate          =  18588.514816 Kbit/s
Average packet rate      =   4538.211625 pkt/s
Packets dropped          =         17322 (27.12 %)
Average loss-burst size  =     77.677130 pkt
Error lines              =             0
----------------------------------------------------------
