ITGDec version 2.8.1 (r1023)
Compile-time options: bursty multiport
----------------------------------------------------------
Flow number: 1
From 192.168.10.9:57096
To    192.168.10.4:8999
----------------------------------------------------------
Total time               =      9.980643 s
Total packets            =           240
Minimum delay            =      0.004193 s
Maximum delay            =      0.005826 s
Average delay            =      0.004598 s
Average jitter           =      0.000162 s
Delay standard deviation =      0.000155 s
Bytes received           =         10544
Average bitrate          =      8.451560 Kbit/s
Average packet rate      =     24.046547 pkt/s
Packets dropped          =             0 (0.00 %)
Average loss-burst size  =      0.000000 pkt
----------------------------------------------------------

__________________________________________________________
****************  TOTAL RESULTS   ******************
__________________________________________________________
Number of flows          =             1
Total time               =      9.980643 s
Total packets            =           240
Minimum delay            =      0.004193 s
Maximum delay            =      0.005826 s
Average delay            =      0.004598 s
Average jitter           =      0.000162 s
Delay standard deviation =      0.000155 s
Bytes received           =         10544
Average bitrate          =      8.451560 Kbit/s
Average packet rate      =     24.046547 pkt/s
Packets dropped          =             0 (0.00 %)
Average loss-burst size  =             0 pkt
Error lines              =             0
----------------------------------------------------------
