ITGDec version 2.8.1 (r1023)
Compile-time options: bursty multiport
----------------------------------------------------------
Flow number: 1
From 192.168.10.9:39244
To    192.168.10.4:8999
----------------------------------------------------------
Total time               =      9.991043 s
Total packets            =        120778
Minimum delay            =      0.000002 s
Maximum delay            =      1.000327 s
Average delay            =      0.013451 s
Average jitter           =      0.000197 s
Delay standard deviation =      0.115000 s
Bytes received           =      15459584
Average bitrate          =  12378.754851 Kbit/s
Average packet rate      =  12088.627784 pkt/s
Packets dropped          =          1080 (0.89 %)
Average loss-burst size  =     49.090909 pkt
----------------------------------------------------------

__________________________________________________________
****************  TOTAL RESULTS   ******************
__________________________________________________________
Number of flows          =             1
Total time               =      9.991043 s
Total packets            =        120778
Minimum delay            =      0.000002 s
Maximum delay            =      1.000327 s
Average delay            =      0.013451 s
Average jitter           =      0.000197 s
Delay standard deviation =      0.115000 s
Bytes received           =      15459584
Average bitrate          =  12378.754851 Kbit/s
Average packet rate      =  12088.627784 pkt/s
Packets dropped          =          1080 (0.89 %)
Average loss-burst size  =     49.090909 pkt
Error lines              =             0
----------------------------------------------------------
