ITGDec version 2.8.1 (r1023)
Compile-time options: bursty multiport
----------------------------------------------------------
Flow number: 1
From 192.168.10.9:48389
To    192.168.10.4:8999
----------------------------------------------------------
Total time               =      9.997100 s
Total packets            =        125373
Minimum delay            =      0.000002 s
Maximum delay            =      1.004396 s
Average delay            =      0.008571 s
Average jitter           =      0.000210 s
Delay standard deviation =      0.091945 s
Bytes received           =       8023872
Average bitrate          =   6420.959678 Kbit/s
Average packet rate      =  12540.936872 pkt/s
Packets dropped          =           559 (0.44 %)
Average loss-burst size  =    139.750000 pkt
----------------------------------------------------------

__________________________________________________________
****************  TOTAL RESULTS   ******************
__________________________________________________________
Number of flows          =             1
Total time               =      9.997100 s
Total packets            =        125373
Minimum delay            =      0.000002 s
Maximum delay            =      1.004396 s
Average delay            =      0.008571 s
Average jitter           =      0.000210 s
Delay standard deviation =      0.091945 s
Bytes received           =       8023872
Average bitrate          =   6420.959678 Kbit/s
Average packet rate      =  12540.936872 pkt/s
Packets dropped          =           559 (0.44 %)
Average loss-burst size  =    139.750000 pkt
Error lines              =             0
----------------------------------------------------------
