ITGDec version 2.8.1 (r1023)
Compile-time options: bursty multiport
----------------------------------------------------------
Flow number: 1
From 192.168.10.9:41564
To    192.168.10.4:8999
----------------------------------------------------------
Total time               =     10.423293 s
Total packets            =         24629
Minimum delay            =      0.000006 s
Maximum delay            =      1.000289 s
Average delay            =      0.633047 s
Average jitter           =      0.000925 s
Delay standard deviation =      0.464569 s
Bytes received           =      25220096
Average bitrate          =  19356.720376 Kbit/s
Average packet rate      =   2362.880905 pkt/s
Packets dropped          =         13926 (36.12 %)
Average loss-burst size  =      8.073043 pkt
----------------------------------------------------------

__________________________________________________________
****************  TOTAL RESULTS   ******************
__________________________________________________________
Number of flows          =             1
Total time               =     10.423293 s
Total packets            =         24629
Minimum delay            =      0.000006 s
Maximum delay            =      1.000289 s
Average delay            =      0.633047 s
Average jitter           =      0.000925 s
Delay standard deviation =      0.464569 s
Bytes received           =      25220096
Average bitrate          =  19356.720376 Kbit/s
Average packet rate      =   2362.880905 pkt/s
Packets dropped          =         13926 (36.12 %)
Average loss-burst size  =      8.073043 pkt
Error lines              =             0
----------------------------------------------------------
