ITGDec version 2.8.1 (r1023)
Compile-time options: bursty multiport
----------------------------------------------------------
Flow number: 1
From 192.168.10.9:34721
To    192.168.10.4:8999
----------------------------------------------------------
Total time               =     10.168806 s
Total packets            =         81940
Minimum delay            =      0.000005 s
Maximum delay            =      1.000137 s
Average delay            =      0.219132 s
Average jitter           =      0.000265 s
Delay standard deviation =      0.407662 s
Bytes received           =      20976640
Average bitrate          =  16502.735916 Kbit/s
Average packet rate      =   8057.976522 pkt/s
Packets dropped          =         13037 (13.73 %)
Average loss-burst size  =     34.765333 pkt
----------------------------------------------------------

__________________________________________________________
****************  TOTAL RESULTS   ******************
__________________________________________________________
Number of flows          =             1
Total time               =     10.168806 s
Total packets            =         81940
Minimum delay            =      0.000005 s
Maximum delay            =      1.000137 s
Average delay            =      0.219132 s
Average jitter           =      0.000265 s
Delay standard deviation =      0.407662 s
Bytes received           =      20976640
Average bitrate          =  16502.735916 Kbit/s
Average packet rate      =   8057.976522 pkt/s
Packets dropped          =         13037 (13.73 %)
Average loss-burst size  =     34.765333 pkt
Error lines              =             0
----------------------------------------------------------
