ITGDec version 2.8.1 (r1023)
Compile-time options: bursty multiport
----------------------------------------------------------
Flow number: 1
From 192.168.10.9:59859
To    192.168.10.4:8999
----------------------------------------------------------
Total time               =     10.003255 s
Total packets            =        124807
Minimum delay            =      0.000002 s
Maximum delay            =      1.000104 s
Average delay            =      0.013489 s
Average jitter           =      0.000187 s
Delay standard deviation =      0.115134 s
Bytes received           =      15975296
Average bitrate          =  12776.078187 Kbit/s
Average packet rate      =  12476.638854 pkt/s
Packets dropped          =          1022 (0.81 %)
Average loss-burst size  =     92.909091 pkt
----------------------------------------------------------

__________________________________________________________
****************  TOTAL RESULTS   ******************
__________________________________________________________
Number of flows          =             1
Total time               =     10.003255 s
Total packets            =        124807
Minimum delay            =      0.000002 s
Maximum delay            =      1.000104 s
Average delay            =      0.013489 s
Average jitter           =      0.000187 s
Delay standard deviation =      0.115134 s
Bytes received           =      15975296
Average bitrate          =  12776.078187 Kbit/s
Average packet rate      =  12476.638854 pkt/s
Packets dropped          =          1022 (0.81 %)
Average loss-burst size  =     92.909091 pkt
Error lines              =             0
----------------------------------------------------------
