ITGDec version 2.8.1 (r1023)
Compile-time options: bursty multiport
----------------------------------------------------------
Flow number: 1
From 192.168.10.9:57348
To    192.168.10.4:8999
----------------------------------------------------------
Total time               =     10.033493 s
Total packets            =        128186
Minimum delay            =      0.000003 s
Maximum delay            =      1.000114 s
Average delay            =      0.060196 s
Average jitter           =      0.000181 s
Delay standard deviation =      0.236311 s
Bytes received           =      16407808
Average bitrate          =  13082.429419 Kbit/s
Average packet rate      =  12775.809980 pkt/s
Packets dropped          =           250 (0.19 %)
Average loss-burst size  =      1.344086 pkt
----------------------------------------------------------

__________________________________________________________
****************  TOTAL RESULTS   ******************
__________________________________________________________
Number of flows          =             1
Total time               =     10.033493 s
Total packets            =        128186
Minimum delay            =      0.000003 s
Maximum delay            =      1.000114 s
Average delay            =      0.060196 s
Average jitter           =      0.000181 s
Delay standard deviation =      0.236311 s
Bytes received           =      16407808
Average bitrate          =  13082.429419 Kbit/s
Average packet rate      =  12775.809980 pkt/s
Packets dropped          =           250 (0.19 %)
Average loss-burst size  =      1.344086 pkt
Error lines              =             0
----------------------------------------------------------
