ITGDec version 2.8.1 (r1023)
Compile-time options: bursty multiport
----------------------------------------------------------
Flow number: 1
From 192.168.10.9:40834
To    192.168.10.4:8999
----------------------------------------------------------
Total time               =      9.995712 s
Total packets            =           240
Minimum delay            =      0.004290 s
Maximum delay            =      0.005467 s
Average delay            =      0.004599 s
Average jitter           =      0.000130 s
Delay standard deviation =      0.000130 s
Bytes received           =         10536
Average bitrate          =      8.432416 Kbit/s
Average packet rate      =     24.010296 pkt/s
Packets dropped          =             0 (0.00 %)
Average loss-burst size  =      0.000000 pkt
----------------------------------------------------------

__________________________________________________________
****************  TOTAL RESULTS   ******************
__________________________________________________________
Number of flows          =             1
Total time               =      9.995712 s
Total packets            =           240
Minimum delay            =      0.004290 s
Maximum delay            =      0.005467 s
Average delay            =      0.004599 s
Average jitter           =      0.000130 s
Delay standard deviation =      0.000130 s
Bytes received           =         10536
Average bitrate          =      8.432416 Kbit/s
Average packet rate      =     24.010296 pkt/s
Packets dropped          =             0 (0.00 %)
Average loss-burst size  =             0 pkt
Error lines              =             0
----------------------------------------------------------
