ITGDec version 2.8.1 (r1023)
Compile-time options: bursty multiport
----------------------------------------------------------
Flow number: 1
From 192.168.10.9:44157
To    192.168.10.4:8999
----------------------------------------------------------
Total time               =     10.519167 s
Total packets            =         20035
Minimum delay            =      0.000004 s
Maximum delay            =      1.000830 s
Average delay            =      0.747668 s
Average jitter           =      0.001145 s
Delay standard deviation =      0.414877 s
Bytes received           =      25644800
Average bitrate          =  19503.293369 Kbit/s
Average packet rate      =   1904.618493 pkt/s
Packets dropped          =         12096 (37.65 %)
Average loss-burst size  =      7.136283 pkt
----------------------------------------------------------

__________________________________________________________
****************  TOTAL RESULTS   ******************
__________________________________________________________
Number of flows          =             1
Total time               =     10.519167 s
Total packets            =         20035
Minimum delay            =      0.000004 s
Maximum delay            =      1.000830 s
Average delay            =      0.747668 s
Average jitter           =      0.001145 s
Delay standard deviation =      0.414877 s
Bytes received           =      25644800
Average bitrate          =  19503.293369 Kbit/s
Average packet rate      =   1904.618493 pkt/s
Packets dropped          =         12096 (37.65 %)
Average loss-burst size  =      7.136283 pkt
Error lines              =             0
----------------------------------------------------------
