ITGDec version 2.8.1 (r1023)
Compile-time options: bursty multiport
----------------------------------------------------------
Flow number: 1
From 192.168.10.9:50588
To    192.168.10.4:8999
----------------------------------------------------------
Total time               =     10.261846 s
Total packets            =         46609
Minimum delay            =      0.000006 s
Maximum delay            =      1.000188 s
Average delay            =      0.383406 s
Average jitter           =      0.000483 s
Delay standard deviation =      0.475815 s
Bytes received           =      23863808
Average bitrate          =  18603.910447 Kbit/s
Average packet rate      =   4541.970324 pkt/s
Packets dropped          =         17262 (27.03 %)
Average loss-burst size  =     76.720000 pkt
----------------------------------------------------------

__________________________________________________________
****************  TOTAL RESULTS   ******************
__________________________________________________________
Number of flows          =             1
Total time               =     10.261846 s
Total packets            =         46609
Minimum delay            =      0.000006 s
Maximum delay            =      1.000188 s
Average delay            =      0.383406 s
Average jitter           =      0.000483 s
Delay standard deviation =      0.475815 s
Bytes received           =      23863808
Average bitrate          =  18603.910447 Kbit/s
Average packet rate      =   4541.970324 pkt/s
Packets dropped          =         17262 (27.03 %)
Average loss-burst size  =     76.720000 pkt
Error lines              =             0
----------------------------------------------------------
