ITGDec version 2.8.1 (r1023)
Compile-time options: bursty multiport
----------------------------------------------------------
Flow number: 1
From 192.168.10.9:38973
To    192.168.10.4:8999
----------------------------------------------------------
Total time               =     10.426945 s
Total packets            =         24686
Minimum delay            =      0.000006 s
Maximum delay            =      1.001106 s
Average delay            =      0.630208 s
Average jitter           =      0.000866 s
Delay standard deviation =      0.464968 s
Bytes received           =      25278464
Average bitrate          =  19394.723191 Kbit/s
Average packet rate      =   2367.519921 pkt/s
Packets dropped          =         13749 (35.77 %)
Average loss-burst size  =      7.929066 pkt
----------------------------------------------------------

__________________________________________________________
****************  TOTAL RESULTS   ******************
__________________________________________________________
Number of flows          =             1
Total time               =     10.426945 s
Total packets            =         24686
Minimum delay            =      0.000006 s
Maximum delay            =      1.001106 s
Average delay            =      0.630208 s
Average jitter           =      0.000866 s
Delay standard deviation =      0.464968 s
Bytes received           =      25278464
Average bitrate          =  19394.723191 Kbit/s
Average packet rate      =   2367.519921 pkt/s
Packets dropped          =         13749 (35.77 %)
Average loss-burst size  =      7.929066 pkt
Error lines              =             0
----------------------------------------------------------
