ITGDec version 2.8.1 (r1023)
Compile-time options: bursty multiport
----------------------------------------------------------
Flow number: 1
From 192.168.10.9:42240
To    192.168.10.4:8999
----------------------------------------------------------
Total time               =     10.259419 s
Total packets            =         46631
Minimum delay            =      0.000005 s
Maximum delay            =      1.000921 s
Average delay            =      0.358667 s
Average jitter           =      0.000483 s
Delay standard deviation =      0.469034 s
Bytes received           =      23875072
Average bitrate          =  18617.094789 Kbit/s
Average packet rate      =   4545.189157 pkt/s
Packets dropped          =         17245 (27.00 %)
Average loss-burst size  =     78.031674 pkt
----------------------------------------------------------

__________________________________________________________
****************  TOTAL RESULTS   ******************
__________________________________________________________
Number of flows          =             1
Total time               =     10.259419 s
Total packets            =         46631
Minimum delay            =      0.000005 s
Maximum delay            =      1.000921 s
Average delay            =      0.358667 s
Average jitter           =      0.000483 s
Delay standard deviation =      0.469034 s
Bytes received           =      23875072
Average bitrate          =  18617.094789 Kbit/s
Average packet rate      =   4545.189157 pkt/s
Packets dropped          =         17245 (27.00 %)
Average loss-burst size  =     78.031674 pkt
Error lines              =             0
----------------------------------------------------------
