ITGDec version 2.8.1 (r1023)
Compile-time options: bursty multiport
----------------------------------------------------------
Flow number: 1
From 192.168.10.9:57158
To    192.168.10.4:8999
----------------------------------------------------------
Total time               =     10.006765 s
Total packets            =        126989
Minimum delay            =      0.000003 s
Maximum delay            =      1.000117 s
Average delay            =      0.078561 s
Average jitter           =      0.000182 s
Delay standard deviation =      0.268650 s
Bytes received           =      16254592
Average bitrate          =  12994.882562 Kbit/s
Average packet rate      =  12690.315002 pkt/s
Packets dropped          =          1053 (0.82 %)
Average loss-burst size  =      7.917293 pkt
----------------------------------------------------------

__________________________________________________________
****************  TOTAL RESULTS   ******************
__________________________________________________________
Number of flows          =             1
Total time               =     10.006765 s
Total packets            =        126989
Minimum delay            =      0.000003 s
Maximum delay            =      1.000117 s
Average delay            =      0.078561 s
Average jitter           =      0.000182 s
Delay standard deviation =      0.268650 s
Bytes received           =      16254592
Average bitrate          =  12994.882562 Kbit/s
Average packet rate      =  12690.315002 pkt/s
Packets dropped          =          1053 (0.82 %)
Average loss-burst size  =      7.917293 pkt
Error lines              =             0
----------------------------------------------------------
