ITGDec version 2.8.1 (r1023)
Compile-time options: bursty multiport
----------------------------------------------------------
Flow number: 1
From 192.168.10.9:46229
To    192.168.10.4:8999
----------------------------------------------------------
Total time               =     10.259029 s
Total packets            =         46600
Minimum delay            =      0.000005 s
Maximum delay            =      1.000184 s
Average delay            =      0.379993 s
Average jitter           =      0.000483 s
Delay standard deviation =      0.475224 s
Bytes received           =      23859200
Average bitrate          =  18605.425523 Kbit/s
Average packet rate      =   4542.340216 pkt/s
Packets dropped          =         17346 (27.13 %)
Average loss-burst size  =     77.437500 pkt
----------------------------------------------------------

__________________________________________________________
****************  TOTAL RESULTS   ******************
__________________________________________________________
Number of flows          =             1
Total time               =     10.259029 s
Total packets            =         46600
Minimum delay            =      0.000005 s
Maximum delay            =      1.000184 s
Average delay            =      0.379993 s
Average jitter           =      0.000483 s
Delay standard deviation =      0.475224 s
Bytes received           =      23859200
Average bitrate          =  18605.425523 Kbit/s
Average packet rate      =   4542.340216 pkt/s
Packets dropped          =         17346 (27.13 %)
Average loss-burst size  =     77.437500 pkt
Error lines              =             0
----------------------------------------------------------
