ITGDec version 2.8.1 (r1023)
Compile-time options: bursty multiport
----------------------------------------------------------
Flow number: 1
From 192.168.10.9:58285
To    192.168.10.4:8999
----------------------------------------------------------
Total time               =     10.177994 s
Total packets            =         81970
Minimum delay            =      0.000005 s
Maximum delay            =      1.000731 s
Average delay            =      0.235287 s
Average jitter           =      0.000258 s
Delay standard deviation =      0.418262 s
Bytes received           =      20984320
Average bitrate          =  16493.874923 Kbit/s
Average packet rate      =   8053.649865 pkt/s
Packets dropped          =         13113 (13.79 %)
Average loss-burst size  =     34.690476 pkt
----------------------------------------------------------

__________________________________________________________
****************  TOTAL RESULTS   ******************
__________________________________________________________
Number of flows          =             1
Total time               =     10.177994 s
Total packets            =         81970
Minimum delay            =      0.000005 s
Maximum delay            =      1.000731 s
Average delay            =      0.235287 s
Average jitter           =      0.000258 s
Delay standard deviation =      0.418262 s
Bytes received           =      20984320
Average bitrate          =  16493.874923 Kbit/s
Average packet rate      =   8053.649865 pkt/s
Packets dropped          =         13113 (13.79 %)
Average loss-burst size  =     34.690476 pkt
Error lines              =             0
----------------------------------------------------------
