ITGDec version 2.8.1 (r1023)
Compile-time options: bursty multiport
----------------------------------------------------------
Flow number: 1
From 192.168.10.9:60833
To    192.168.10.4:8999
----------------------------------------------------------
Total time               =      9.970190 s
Total packets            =           240
Minimum delay            =      0.004354 s
Maximum delay            =      0.005409 s
Average delay            =      0.004587 s
Average jitter           =      0.000133 s
Delay standard deviation =      0.000124 s
Bytes received           =         10536
Average bitrate          =      8.454001 Kbit/s
Average packet rate      =     24.071758 pkt/s
Packets dropped          =             0 (0.00 %)
Average loss-burst size  =      0.000000 pkt
----------------------------------------------------------

__________________________________________________________
****************  TOTAL RESULTS   ******************
__________________________________________________________
Number of flows          =             1
Total time               =      9.970190 s
Total packets            =           240
Minimum delay            =      0.004354 s
Maximum delay            =      0.005409 s
Average delay            =      0.004587 s
Average jitter           =      0.000133 s
Delay standard deviation =      0.000124 s
Bytes received           =         10536
Average bitrate          =      8.454001 Kbit/s
Average packet rate      =     24.071758 pkt/s
Packets dropped          =             0 (0.00 %)
Average loss-burst size  =             0 pkt
Error lines              =             0
----------------------------------------------------------
