ITGDec version 2.8.1 (r1023)
Compile-time options: bursty multiport
----------------------------------------------------------
Flow number: 1
From 192.168.10.9:60828
To    192.168.10.4:8999
----------------------------------------------------------
Total time               =     10.191599 s
Total packets            =         82082
Minimum delay            =      0.000004 s
Maximum delay            =      1.000592 s
Average delay            =      0.242246 s
Average jitter           =      0.000265 s
Delay standard deviation =      0.422077 s
Bytes received           =      21012992
Average bitrate          =  16494.363250 Kbit/s
Average packet rate      =   8053.888305 pkt/s
Packets dropped          =         12889 (13.57 %)
Average loss-burst size  =     33.740838 pkt
----------------------------------------------------------

__________________________________________________________
****************  TOTAL RESULTS   ******************
__________________________________________________________
Number of flows          =             1
Total time               =     10.191599 s
Total packets            =         82082
Minimum delay            =      0.000004 s
Maximum delay            =      1.000592 s
Average delay            =      0.242246 s
Average jitter           =      0.000265 s
Delay standard deviation =      0.422077 s
Bytes received           =      21012992
Average bitrate          =  16494.363250 Kbit/s
Average packet rate      =   8053.888305 pkt/s
Packets dropped          =         12889 (13.57 %)
Average loss-burst size  =     33.740838 pkt
Error lines              =             0
----------------------------------------------------------
