ITGDec version 2.8.1 (r1023)
Compile-time options: bursty multiport
----------------------------------------------------------
Flow number: 1
From 192.168.10.9:46462
To    192.168.10.4:8999
----------------------------------------------------------
Total time               =      9.975703 s
Total packets            =           238
Minimum delay            =      0.004276 s
Maximum delay            =      0.033450 s
Average delay            =      0.004704 s
Average jitter           =      0.000373 s
Delay standard deviation =      0.001871 s
Bytes received           =         10251
Average bitrate          =      8.220774 Kbit/s
Average packet rate      =     23.857968 pkt/s
Packets dropped          =             0 (0.00 %)
Average loss-burst size  =      0.000000 pkt
----------------------------------------------------------

__________________________________________________________
****************  TOTAL RESULTS   ******************
__________________________________________________________
Number of flows          =             1
Total time               =      9.975703 s
Total packets            =           238
Minimum delay            =      0.004276 s
Maximum delay            =      0.033450 s
Average delay            =      0.004704 s
Average jitter           =      0.000373 s
Delay standard deviation =      0.001871 s
Bytes received           =         10251
Average bitrate          =      8.220774 Kbit/s
Average packet rate      =     23.857968 pkt/s
Packets dropped          =             0 (0.00 %)
Average loss-burst size  =             0 pkt
Error lines              =             0
----------------------------------------------------------
