ITGDec version 2.8.1 (r1023)
Compile-time options: bursty multiport
----------------------------------------------------------
Flow number: 1
From 192.168.10.9:39309
To    192.168.10.4:8999
----------------------------------------------------------
Total time               =     10.427268 s
Total packets            =         24623
Minimum delay            =      0.000006 s
Maximum delay            =      1.000296 s
Average delay            =      0.621650 s
Average jitter           =      0.000928 s
Delay standard deviation =      0.467215 s
Bytes received           =      25213952
Average bitrate          =  19344.627567 Kbit/s
Average packet rate      =   2361.404732 pkt/s
Packets dropped          =         13934 (36.14 %)
Average loss-burst size  =      7.858996 pkt
----------------------------------------------------------

__________________________________________________________
****************  TOTAL RESULTS   ******************
__________________________________________________________
Number of flows          =             1
Total time               =     10.427268 s
Total packets            =         24623
Minimum delay            =      0.000006 s
Maximum delay            =      1.000296 s
Average delay            =      0.621650 s
Average jitter           =      0.000928 s
Delay standard deviation =      0.467215 s
Bytes received           =      25213952
Average bitrate          =  19344.627567 Kbit/s
Average packet rate      =   2361.404732 pkt/s
Packets dropped          =         13934 (36.14 %)
Average loss-burst size  =      7.858996 pkt
Error lines              =             0
----------------------------------------------------------
