ITGDec version 2.8.1 (r1023)
Compile-time options: bursty multiport
----------------------------------------------------------
Flow number: 1
From 192.168.10.9:39370
To    192.168.10.4:8999
----------------------------------------------------------
Total time               =      9.989851 s
Total packets            =        106425
Minimum delay            =      0.000002 s
Maximum delay            =      1.009092 s
Average delay            =      0.018346 s
Average jitter           =      0.000238 s
Delay standard deviation =      0.134014 s
Bytes received           =      13622400
Average bitrate          =  10908.991536 Kbit/s
Average packet rate      =  10653.312046 pkt/s
Packets dropped          =           874 (0.81 %)
Average loss-burst size  =     41.619048 pkt
----------------------------------------------------------

__________________________________________________________
****************  TOTAL RESULTS   ******************
__________________________________________________________
Number of flows          =             1
Total time               =      9.989851 s
Total packets            =        106425
Minimum delay            =      0.000002 s
Maximum delay            =      1.009092 s
Average delay            =      0.018346 s
Average jitter           =      0.000238 s
Delay standard deviation =      0.134014 s
Bytes received           =      13622400
Average bitrate          =  10908.991536 Kbit/s
Average packet rate      =  10653.312046 pkt/s
Packets dropped          =           874 (0.81 %)
Average loss-burst size  =     41.619048 pkt
Error lines              =             0
----------------------------------------------------------
