ITGDec version 2.8.1 (r1023)
Compile-time options: bursty multiport
----------------------------------------------------------
Flow number: 1
From 192.168.10.9:53482
To    192.168.10.4:8999
----------------------------------------------------------
Total time               =     10.253196 s
Total packets            =         46543
Minimum delay            =      0.000006 s
Maximum delay            =      1.000181 s
Average delay            =      0.366964 s
Average jitter           =      0.000482 s
Delay standard deviation =      0.472149 s
Bytes received           =      23830016
Average bitrate          =  18593.239415 Kbit/s
Average packet rate      =   4539.365092 pkt/s
Packets dropped          =         17362 (27.17 %)
Average loss-burst size  =     77.508929 pkt
----------------------------------------------------------

__________________________________________________________
****************  TOTAL RESULTS   ******************
__________________________________________________________
Number of flows          =             1
Total time               =     10.253196 s
Total packets            =         46543
Minimum delay            =      0.000006 s
Maximum delay            =      1.000181 s
Average delay            =      0.366964 s
Average jitter           =      0.000482 s
Delay standard deviation =      0.472149 s
Bytes received           =      23830016
Average bitrate          =  18593.239415 Kbit/s
Average packet rate      =   4539.365092 pkt/s
Packets dropped          =         17362 (27.17 %)
Average loss-burst size  =     77.508929 pkt
Error lines              =             0
----------------------------------------------------------
