ITGDec version 2.8.1 (r1023)
Compile-time options: bursty multiport
----------------------------------------------------------
Flow number: 1
From 192.168.10.9:36368
To    192.168.10.4:8999
----------------------------------------------------------
Total time               =      9.997421 s
Total packets            =           240
Minimum delay            =      0.004311 s
Maximum delay            =      0.006128 s
Average delay            =      0.004695 s
Average jitter           =      0.000184 s
Delay standard deviation =      0.000205 s
Bytes received           =         10629
Average bitrate          =      8.505394 Kbit/s
Average packet rate      =     24.006191 pkt/s
Packets dropped          =             0 (0.00 %)
Average loss-burst size  =      0.000000 pkt
----------------------------------------------------------

__________________________________________________________
****************  TOTAL RESULTS   ******************
__________________________________________________________
Number of flows          =             1
Total time               =      9.997421 s
Total packets            =           240
Minimum delay            =      0.004311 s
Maximum delay            =      0.006128 s
Average delay            =      0.004695 s
Average jitter           =      0.000184 s
Delay standard deviation =      0.000205 s
Bytes received           =         10629
Average bitrate          =      8.505394 Kbit/s
Average packet rate      =     24.006191 pkt/s
Packets dropped          =             0 (0.00 %)
Average loss-burst size  =             0 pkt
Error lines              =             0
----------------------------------------------------------
