ITGDec version 2.8.1 (r1023)
Compile-time options: bursty multiport
----------------------------------------------------------
Flow number: 1
From 192.168.10.9:41774
To    192.168.10.4:8999
----------------------------------------------------------
Total time               =     10.190325 s
Total packets            =         82168
Minimum delay            =      0.000005 s
Maximum delay            =      1.000144 s
Average delay            =      0.233433 s
Average jitter           =      0.000264 s
Delay standard deviation =      0.416820 s
Bytes received           =      21035008
Average bitrate          =  16513.709229 Kbit/s
Average packet rate      =   8063.334585 pkt/s
Packets dropped          =         12741 (13.42 %)
Average loss-burst size  =     34.528455 pkt
----------------------------------------------------------

__________________________________________________________
****************  TOTAL RESULTS   ******************
__________________________________________________________
Number of flows          =             1
Total time               =     10.190325 s
Total packets            =         82168
Minimum delay            =      0.000005 s
Maximum delay            =      1.000144 s
Average delay            =      0.233433 s
Average jitter           =      0.000264 s
Delay standard deviation =      0.416820 s
Bytes received           =      21035008
Average bitrate          =  16513.709229 Kbit/s
Average packet rate      =   8063.334585 pkt/s
Packets dropped          =         12741 (13.42 %)
Average loss-burst size  =     34.528455 pkt
Error lines              =             0
----------------------------------------------------------
