ITGDec version 2.8.1 (r1023)
Compile-time options: bursty multiport
----------------------------------------------------------
Flow number: 1
From 192.168.10.9:55068
To    192.168.10.4:8999
----------------------------------------------------------
Total time               =     10.019118 s
Total packets            =        124756
Minimum delay            =      0.000003 s
Maximum delay            =      1.003338 s
Average delay            =      0.023300 s
Average jitter           =      0.000187 s
Delay standard deviation =      0.150602 s
Bytes received           =      15968768
Average bitrate          =  12750.637731 Kbit/s
Average packet rate      =  12451.794659 pkt/s
Packets dropped          =          1080 (0.86 %)
Average loss-burst size  =    108.000000 pkt
----------------------------------------------------------

__________________________________________________________
****************  TOTAL RESULTS   ******************
__________________________________________________________
Number of flows          =             1
Total time               =     10.019118 s
Total packets            =        124756
Minimum delay            =      0.000003 s
Maximum delay            =      1.003338 s
Average delay            =      0.023300 s
Average jitter           =      0.000187 s
Delay standard deviation =      0.150602 s
Bytes received           =      15968768
Average bitrate          =  12750.637731 Kbit/s
Average packet rate      =  12451.794659 pkt/s
Packets dropped          =          1080 (0.86 %)
Average loss-burst size  =    108.000000 pkt
Error lines              =             0
----------------------------------------------------------
