ITGDec version 2.8.1 (r1023)
Compile-time options: bursty multiport
----------------------------------------------------------
Flow number: 1
From 192.168.10.9:35963
To    192.168.10.4:8999
----------------------------------------------------------
Total time               =     10.209590 s
Total packets            =         82419
Minimum delay            =      0.000003 s
Maximum delay            =      1.000133 s
Average delay            =      0.228295 s
Average jitter           =      0.000265 s
Delay standard deviation =      0.411547 s
Bytes received           =      21099264
Average bitrate          =  16532.898187 Kbit/s
Average packet rate      =   8072.704193 pkt/s
Packets dropped          =         12513 (13.18 %)
Average loss-burst size  =     33.103175 pkt
----------------------------------------------------------

__________________________________________________________
****************  TOTAL RESULTS   ******************
__________________________________________________________
Number of flows          =             1
Total time               =     10.209590 s
Total packets            =         82419
Minimum delay            =      0.000003 s
Maximum delay            =      1.000133 s
Average delay            =      0.228295 s
Average jitter           =      0.000265 s
Delay standard deviation =      0.411547 s
Bytes received           =      21099264
Average bitrate          =  16532.898187 Kbit/s
Average packet rate      =   8072.704193 pkt/s
Packets dropped          =         12513 (13.18 %)
Average loss-burst size  =     33.103175 pkt
Error lines              =             0
----------------------------------------------------------
