ITGDec version 2.8.1 (r1023)
Compile-time options: bursty multiport
----------------------------------------------------------
Flow number: 1
From 192.168.10.9:55467
To    192.168.10.4:8999
----------------------------------------------------------
Total time               =     10.368839 s
Total packets            =         23436
Minimum delay            =      0.000006 s
Maximum delay            =      1.000299 s
Average delay            =      0.557100 s
Average jitter           =      0.000962 s
Delay standard deviation =      0.479992 s
Bytes received           =      23998464
Average bitrate          =  18515.834994 Kbit/s
Average packet rate      =   2260.233764 pkt/s
Packets dropped          =         15129 (39.23 %)
Average loss-burst size  =      9.270221 pkt
----------------------------------------------------------

__________________________________________________________
****************  TOTAL RESULTS   ******************
__________________________________________________________
Number of flows          =             1
Total time               =     10.368839 s
Total packets            =         23436
Minimum delay            =      0.000006 s
Maximum delay            =      1.000299 s
Average delay            =      0.557100 s
Average jitter           =      0.000962 s
Delay standard deviation =      0.479992 s
Bytes received           =      23998464
Average bitrate          =  18515.834994 Kbit/s
Average packet rate      =   2260.233764 pkt/s
Packets dropped          =         15129 (39.23 %)
Average loss-burst size  =      9.270221 pkt
Error lines              =             0
----------------------------------------------------------
