ITGDec version 2.8.1 (r1023)
Compile-time options: bursty multiport
----------------------------------------------------------
Flow number: 1
From 192.168.10.9:52803
To    192.168.10.4:8999
----------------------------------------------------------
Total time               =      9.983015 s
Total packets            =           172
Minimum delay            =      0.004270 s
Maximum delay            =      0.005419 s
Average delay            =      0.004626 s
Average jitter           =      0.000160 s
Delay standard deviation =      0.000160 s
Bytes received           =          7714
Average bitrate          =      6.181700 Kbit/s
Average packet rate      =     17.229264 pkt/s
Packets dropped          =             0 (0.00 %)
Average loss-burst size  =      0.000000 pkt
----------------------------------------------------------

__________________________________________________________
****************  TOTAL RESULTS   ******************
__________________________________________________________
Number of flows          =             1
Total time               =      9.983015 s
Total packets            =           172
Minimum delay            =      0.004270 s
Maximum delay            =      0.005419 s
Average delay            =      0.004626 s
Average jitter           =      0.000160 s
Delay standard deviation =      0.000160 s
Bytes received           =          7714
Average bitrate          =      6.181700 Kbit/s
Average packet rate      =     17.229264 pkt/s
Packets dropped          =             0 (0.00 %)
Average loss-burst size  =             0 pkt
Error lines              =             0
----------------------------------------------------------
