36314.0 6e-06 1.000751 0.327929 0.000628 28919.612937 3530.226189 6.15
36410.0 5e-06 1.000636 0.291128 0.000626 29056.004102 3546.875501 5.92
36409.0 4e-06 1.000677 0.295138 0.000626 29057.031808 3547.000953 5.97
36426.0 6e-06 1.000302 0.284515 0.000626 29066.034439 3548.099907 5.91
36419.0 5e-06 1.000296 0.273681 0.0006 29063.76388 3547.822739 5.95
36444.0 5e-06 1.000725 0.289082 0.000601 29079.748843 3549.774029 5.79
36435.0 6e-06 1.001146 0.288905 0.0006 29073.725716 3549.038784 5.84
36431.0 6e-06 1.000631 0.295612 0.000601 29068.619777 3548.4155 5.8
36409.0 6e-06 1.00031 0.297971 0.000626 29051.742072 3546.355233 5.93
36442.0 6e-06 1.000742 0.294781 0.000625 29082.787389 3550.144945 5.85
36427.0 6e-06 1.00032 0.29076 0.000625 29067.503414 3548.279225 5.9
36422.0 6e-06 1.000667 0.280581 0.000601 29066.234447 3548.124322 5.88
36434.0 6e-06 1.001065 0.291517 0.000602 29072.978729 3548.947599 5.85
36413.0 6e-06 1.000865 0.291399 0.000602 29049.088085 3546.03126 5.94
36434.0 6e-06 1.000788 0.312241 0.000601 29070.98802 3548.704592 5.87
36420.0 4e-06 1.000694 0.303177 0.000626 29064.743127 3547.942276 5.9
36458.0 6e-06 1.0003 0.287257 0.000625 29091.401571 3551.196481 5.85
36422.0 6e-06 1.000289 0.291987 0.000625 29066.191973 3548.119137 5.95
36409.0 6e-06 1.000282 0.275418 0.000624 29051.781688 3546.360069 5.97
36430.0 6e-06 1.000702 0.27825 0.000602 29070.460819 3548.640237 5.91
36371.0 6e-06 1.000772 0.288676 0.000603 29009.991002 3541.258667 6.05
36407.0 6e-06 1.000633 0.29544 0.000601 29047.953459 3545.892756 5.96
36387.0 5e-06 1.000759 0.289779 0.000627 29041.052905 3545.050403 6.02
36435.0 6e-06 1.000764 0.294063 0.000625 29074.762264 3549.165315 5.87
36400.0 6e-06 1.000286 0.294885 0.000626 29040.696777 3545.006931 6.01
36373.0 5e-06 1.000725 0.284895 0.000627 29019.935649 3542.472613 6.1
36432.0 6e-06 1.000305 0.283284 0.0006 29072.549541 3548.895208 5.93
36406.0 4e-06 1.000792 0.296335 0.000601 29050.981003 3546.26233 5.98
36422.0 6e-06 1.000853 0.292197 0.000601 29064.906512 3547.962221 5.92
34753.0 5e-06 1.001074 0.347245 0.000626 27907.078799 3406.62583 10.18
36426.0 6e-06 1.000671 0.296728 0.000625 29066.020283 3548.098179 5.92
36372.0 6e-06 1.000288 0.286078 0.000626 29030.368049 3543.7461 6.07
36426.0 6e-06 1.000631 0.286682 0.000625 29069.545548 3548.528509 5.92
36418.0 6e-06 1.000291 0.274673 0.000601 29062.524177 3547.671408 5.95
36402.0 6e-06 1.00075 0.284301 0.0006 29043.452125 3545.343277 6.03
36422.0 6e-06 1.001374 0.293231 0.000602 29064.920668 3547.963949 5.95
36424.0 6e-06 1.000689 0.305093 0.000625 29063.229739 3547.757537 5.96
36424.0 6e-06 1.00064 0.296863 0.000627 29066.533666 3548.160848 5.9
36424.0 6e-06 1.000286 0.296933 0.000625 29064.186583 3547.874339 5.95
36417.0 6e-06 1.000655 0.282432 0.000626 29055.97458 3546.871897 5.93
36399.0 6e-06 1.00029 0.271625 0.0006 29052.25781 3546.41819 6.0
36466.0 4e-06 1.000669 0.28882 0.000612 29096.294363 3551.793745 5.6
36413.0 6e-06 1.00066 0.284566 0.000602 29051.821066 3546.364876 5.91
36422.0 6e-06 1.000837 0.298076 0.000625 29062.890774 3547.716159 5.91
36406.0 6e-06 1.000292 0.295536 0.000626 29050.42071 3546.193934 6.0
36434.0 5e-06 1.000287 0.296458 0.000626 29074.3013 3549.109045 5.92
36415.0 6e-06 1.000694 0.294104 0.000625 29058.796804 3547.216407 5.98
36301.0 6e-06 1.000705 0.311906 0.000628 28929.601843 3531.445537 6.27
36418.0 6e-06 1.000304 0.279054 0.0006 29063.60288 3547.803086 5.97
36357.0 6e-06 1.000649 0.304931 0.000627 28998.279497 3539.82904 6.07
36409.0 6e-06 1.000736 0.295764 0.000626 29054.509816 3546.693093 5.98
36408.0 6e-06 1.000282 0.288208 0.000626 29051.023375 3546.267502 6.01
36415.0 6e-06 1.000667 0.285154 0.000599 29050.32999 3546.18286 5.96
36404.0 5e-06 1.000687 0.291149 0.000602 29051.278227 3546.298612 6.01
36424.0 5e-06 1.000849 0.288092 0.000602 29067.603993 3548.291503 5.89
36412.0 5e-06 1.000676 0.309851 0.000603 29055.171659 3546.773884 5.97
36413.0 6e-06 1.000585 0.294299 0.000624 29055.372445 3546.798394 5.98
36406.0 6e-06 1.000282 0.286637 0.000627 29046.963216 3545.771877 6.0
36366.0 5e-06 1.000601 0.297399 0.000626 29014.593769 3541.820528 6.1
36410.0 6e-06 1.000296 0.273067 0.000624 29054.005916 3546.631582 5.99
36415.0 6e-06 1.000799 0.291761 0.000604 29058.225026 3547.14661 5.93
36391.0 6e-06 1.000777 0.294757 0.000605 29040.524827 3544.985941 6.06
36410.0 5e-06 1.000474 0.296552 0.000602 29055.661617 3546.833694 6.04
36401.0 5e-06 1.001453 0.293147 0.000626 29048.838877 3546.00084 6.06
36426.0 6e-06 1.000666 0.297793 0.000626 29066.408162 3548.145528 5.96
36391.0 6e-06 1.000283 0.281397 0.000625 29034.203504 3544.214295 6.07
36393.0 6e-06 1.000581 0.286278 0.000625 29039.919979 3544.912107 6.03
34747.0 4e-06 1.000344 0.322731 0.000625 27903.655691 3406.20797 10.17
36427.0 6e-06 1.001686 0.28476 0.000601 29067.302385 3548.254686 5.93
36361.0 6e-06 1.00106 0.292441 0.000604 29017.022541 3542.117009 6.14
36370.0 6e-06 1.000761 0.29971 0.000626 29022.203113 3542.749403 6.07
36395.0 4e-06 1.000293 0.304661 0.000626 29028.899128 3543.566788 6.03
36391.0 6e-06 1.00073 0.296527 0.000628 29043.639833 3545.366191 6.03
36421.0 5e-06 1.000285 0.280935 0.000627 29065.342968 3548.015499 5.92
36433.0 6e-06 1.000309 0.283848 0.000599 29072.953882 3548.944566 5.96
36415.0 5e-06 1.000884 0.280886 0.000602 29058.966644 3547.237139 5.98
36299.0 6e-06 1.000718 0.308874 0.000603 28930.518439 3531.557427 6.28
36398.0 6e-06 1.000755 0.29388 0.000626 29041.923879 3545.156724 6.02
36387.0 6e-06 1.000736 0.306323 0.000628 29044.128748 3545.425873 6.05
36388.0 6e-06 1.000288 0.287614 0.000626 29036.625986 3544.510008 6.08
36392.0 6e-06 1.000721 0.294079 0.000627 29038.966453 3544.79571 6.05
36404.0 6e-06 1.000294 0.275399 0.000627 29045.644725 3545.610928 6.0
36403.0 6e-06 1.0006 0.283743 0.000602 29049.368073 3546.065439 6.01
36388.0 6e-06 1.000854 0.290745 0.000603 29039.177447 3544.821466 6.06
36417.0 4e-06 1.000822 0.295109 0.000603 29059.237864 3547.270247 5.9
36374.0 4e-06 1.000779 0.31368 0.000642 28984.011199 3538.087305 5.83
36413.0 6e-06 1.000638 0.301266 0.000627 29054.860201 3546.735864 5.97
36359.0 6e-06 1.00029 0.287722 0.000627 29019.740439 3542.448784 6.17
36369.0 6e-06 1.00029 0.295487 0.000626 29006.740771 3540.861911 6.12
36432.0 5e-06 1.000307 0.276939 0.000601 29071.048658 3548.711994 5.94
36432.0 4e-06 1.001055 0.285258 0.000601 29064.777779 3547.946506 5.95
36405.0 3e-06 1.000765 0.307958 0.000603 29051.286672 3546.299643 6.03
36409.0 4e-06 1.000814 0.303481 0.000627 29049.529388 3546.08513 5.97
36388.0 6e-06 1.000286 0.298053 0.000628 29034.349285 3544.232091 6.02
36417.0 4e-06 1.000643 0.293999 0.000627 29062.071544 3547.616155 5.95
36438.0 4e-06 1.000287 0.287083 0.000627 29075.946836 3549.309916 5.88
36340.0 6e-06 1.000301 0.276067 0.000574 28977.565397 3537.300463 6.15
36369.0 4e-06 1.000734 0.298328 0.000602 29023.542461 3542.912898 6.12
36427.0 4e-06 1.000668 0.302187 0.000602 29070.604134 3548.657731 5.92
36399.0 5e-06 1.001086 0.305071 0.000602 29043.395037 3545.336308 5.99
