6.0 0.001524 0.002115 0.001724 0.000302 1.16183 0.67132 0.0
6.0 0.001448 0.001807 0.001667 0.000159 1.074096 0.67131 0.0
6.0 0.001609 0.001817 0.001705 9.4e-05 1.109895 0.671307 0.0
6.0 0.001503 0.001842 0.001675 0.000218 1.014126 0.67131 0.0
6.0 0.001661 0.001817 0.001737 8.1e-05 1.011439 0.671309 0.0
6.0 0.001722 0.001901 0.001818 7.3e-05 1.091974 0.671295 0.0
6.0 0.001507 0.00173 0.00165 8.7e-05 1.078561 0.671304 0.0
6.0 0.001715 0.001876 0.00178 7.6e-05 1.137635 0.671303 0.0
6.0 0.001553 0.002044 0.001782 0.000374 1.039169 0.671298 0.0
6.0 0.001473 0.00196 0.001738 0.000239 1.091945 0.671278 0.0
6.0 0.001477 0.001946 0.001717 0.000202 1.036493 0.671304 0.0
6.0 0.00143 0.001801 0.00164 0.000156 0.950607 0.671333 0.0
6.0 0.001618 0.00192 0.001804 0.000113 0.94698 0.6713 0.0
6.0 0.001595 0.001896 0.001745 0.000104 1.177924 0.671309 0.0
6.0 0.001599 0.001985 0.001784 0.000239 1.363132 0.671273 0.0
6.0 0.00166 0.001992 0.001823 0.000165 1.246842 0.671308 0.0
6.0 0.001583 0.002083 0.00179 0.000196 1.24233 0.671288 0.0
6.0 0.001714 0.001837 0.001798 5.6e-05 1.146593 0.671307 0.0
6.0 0.00153 0.001903 0.001707 0.000203 1.25578 0.671301 0.0
6.0 0.001657 0.001875 0.001772 0.000116 1.302343 0.671311 0.0
6.0 0.001565 0.001998 0.001804 0.000261 1.270084 0.671292 0.0
6.0 0.001555 0.001984 0.001773 0.000176 1.386468 0.671305 0.0
6.0 0.001529 0.001963 0.001737 0.000134 1.135817 0.671287 0.0
6.0 0.001454 0.001999 0.00176 0.000282 1.086631 0.671313 0.0
6.0 0.001569 0.002051 0.001764 0.000237 1.458089 0.671312 0.0
6.0 0.001678 0.001954 0.001788 0.000147 1.10004 0.671302 0.0
6.0 0.001646 0.001908 0.00177 0.000105 1.146584 0.671302 0.0
6.0 0.001616 0.001873 0.001748 0.00013 1.222647 0.671292 0.0
6.0 0.001476 0.001925 0.001707 0.000284 0.812711 0.671292 0.0
6.0 0.00158 0.001798 0.001703 9.4e-05 1.33991 0.671298 0.0
6.0 0.001644 0.002127 0.001813 0.000301 1.386463 0.671302 0.0
6.0 0.001721 0.001867 0.001777 9.2e-05 1.298743 0.6713 0.0
6.0 0.001603 0.002026 0.001733 0.000199 1.001599 0.671313 0.0
6.0 0.001603 0.001897 0.001761 0.000148 1.413338 0.671313 0.0
6.0 0.001496 0.001795 0.00166 0.000156 0.994414 0.671296 0.0
6.0 0.001707 0.001797 0.001734 2.7e-05 1.171645 0.671302 0.0
6.0 0.001631 0.001972 0.001809 0.000113 1.273657 0.671288 0.0
6.0 0.001533 0.001818 0.001707 0.000138 1.277283 0.671312 0.0
6.0 0.00156 0.001824 0.001688 0.000126 0.761763 0.671354 0.0
6.0 0.001534 0.001884 0.001757 0.000141 1.001617 0.671325 0.0
6.0 0.001634 0.001901 0.001706 7.5e-05 1.315719 0.671285 0.0
6.0 0.001523 0.002004 0.001707 0.000248 1.05799 0.671313 0.0
6.0 0.001589 0.001899 0.001759 0.000139 1.210124 0.671297 0.0
6.0 0.001626 0.001872 0.001718 6.9e-05 1.134038 0.671293 0.0
6.0 0.001608 0.001788 0.001694 6.7e-05 0.969383 0.671318 0.0
6.0 0.001643 0.001793 0.001703 7.2e-05 0.947889 0.671309 0.0
6.0 0.001714 0.001969 0.00183 0.000116 1.040081 0.671309 0.0
6.0 0.001616 0.002067 0.001826 0.000202 1.001599 0.671313 0.0
6.0 0.001586 0.001942 0.001763 0.000234 0.994393 0.671282 0.0
6.0 0.001764 0.002003 0.001873 9e-05 0.979203 0.6713 0.0
6.0 0.001542 0.002081 0.001871 0.000199 1.185101 0.671319 0.0
6.0 0.001698 0.002019 0.001812 0.00015 1.249507 0.671297 0.0
6.0 0.001685 0.002079 0.001826 0.000169 1.204787 0.671315 0.0
6.0 0.001765 0.002012 0.001883 0.000143 1.10092 0.671293 0.0
6.0 0.001614 0.001938 0.001755 0.000138 0.975606 0.671288 0.0
6.0 0.001793 0.001983 0.001905 6.8e-05 1.318411 0.671289 0.0
6.0 0.001635 0.002128 0.001827 0.000241 1.288917 0.671311 0.0
6.0 0.001617 0.001928 0.001761 0.000123 1.135823 0.67129 0.0
6.0 0.00155 0.001963 0.001765 0.00016 1.105435 0.671317 0.0
6.0 0.001701 0.002066 0.001858 0.000204 1.47144 0.671278 0.0
6.0 0.00172 0.001907 0.00182 0.000112 1.203902 0.671321 0.0
6.0 0.00153 0.001996 0.00179 0.000218 0.945218 0.67132 0.0
6.0 0.001681 0.001857 0.001782 8.4e-05 1.105408 0.6713 0.0
6.0 0.001765 0.002062 0.001865 9.7e-05 1.134916 0.671283 0.0
6.0 0.001677 0.002011 0.001847 0.000208 1.117953 0.671309 0.0
6.0 0.001687 0.002156 0.001863 0.000172 1.250408 0.6713 0.0
6.0 0.001563 0.00186 0.001705 0.000183 1.194936 0.671312 0.0
6.0 0.001534 0.001886 0.001777 0.00017 1.321119 0.671301 0.0
6.0 0.001685 0.002028 0.001798 0.000109 1.225325 0.671288 0.0
6.0 0.001694 0.001935 0.0018 0.000161 1.12241 0.671298 0.0
6.0 0.00167 0.001942 0.001822 9e-05 1.067802 0.671292 0.0
6.0 0.001706 0.001872 0.001769 8.8e-05 0.762589 0.671293 0.0
6.0 0.001711 0.002041 0.00186 0.000139 1.256687 0.671307 0.0
6.0 0.001741 0.001936 0.001849 6.6e-05 1.183262 0.671291 0.0
6.0 0.001618 0.001896 0.00181 0.000104 1.121541 0.671313 0.0
6.0 0.001781 0.00213 0.001916 0.000155 1.221771 0.671303 0.0
6.0 0.00173 0.002186 0.001866 0.000215 1.18954 0.671298 0.0
6.0 0.001718 0.00197 0.00182 9.5e-05 1.314826 0.671286 0.0
6.0 0.001778 0.001954 0.001865 0.00013 1.051694 0.671294 0.0
6.0 0.001792 0.001881 0.001822 4.9e-05 1.033807 0.671303 0.0
6.0 0.001703 0.002077 0.001912 0.00017 1.3229 0.671296 0.0
6.0 0.001875 0.002065 0.001942 7.6e-05 1.404375 0.671307 0.0
6.0 0.001697 0.001857 0.001776 0.000124 0.95428 0.671398 0.0
6.0 0.001617 0.002136 0.001869 0.000211 1.363191 0.671302 0.0
6.0 0.001622 0.002106 0.001874 0.000155 1.143035 0.67132 0.0
6.0 0.001536 0.001975 0.001726 0.000181 1.076806 0.671325 0.0
6.0 0.001782 0.001939 0.001834 7e-05 1.039172 0.6713 0.0
6.0 0.001767 0.002133 0.001906 0.000159 1.252153 0.671276 0.0
6.0 0.001686 0.001978 0.001857 0.000149 1.159974 0.671281 0.0
6.0 0.001465 0.00204 0.001717 0.000267 0.987292 0.671323 0.0
6.0 0.00162 0.001891 0.001766 0.0001 0.907614 0.671312 0.0
6.0 0.001566 0.00196 0.001758 0.00021 1.142105 0.6713 0.0
6.0 0.001611 0.001963 0.001777 0.000127 1.147546 0.671341 0.0
6.0 0.001709 0.001947 0.001839 0.000102 1.321125 0.671304 0.0
6.0 0.00159 0.002052 0.001828 0.000217 1.108972 0.671291 0.0
6.0 0.001577 0.00204 0.001825 0.000153 1.057096 0.671314 0.0
6.0 0.001636 0.002149 0.00188 0.000227 1.339931 0.671308 0.0
6.0 0.001493 0.001969 0.001743 0.000189 1.035623 0.67132 0.0
6.0 0.001767 0.001865 0.001821 4.3e-05 1.099142 0.6713 0.0
6.0 0.001667 0.001939 0.001808 0.000145 1.135839 0.6713 0.0
