66680.0 4e-06 1.000166 0.001279 0.000338 27314.657337 6668.617514 0.0
66453.0 4e-06 1.000173 0.001299 0.000338 27220.528881 6645.636934 0.08
67226.0 6e-06 1.000142 0.001276 0.000322 27538.435321 6723.250811 0.51
67619.0 6e-06 1.00015 0.001329 0.00032 27698.445854 6762.315882 0.0
67518.0 5e-06 1.000168 0.001256 0.000321 27657.922861 6752.422573 0.0
67562.0 6e-06 1.000148 0.001226 0.000321 27675.861119 6756.802031 0.0
67534.0 5e-06 1.000169 0.001241 0.000321 27663.741141 6753.843052 0.0
67445.0 5e-06 1.000164 0.001199 0.000321 27626.568775 6744.767767 0.15
67689.0 6e-06 1.00016 0.00124 0.000319 27727.396909 6769.384011 0.0
67501.0 4e-06 1.000157 0.001227 0.000321 27650.347889 6750.573215 0.07
66589.0 4e-06 1.000165 0.00129 0.000328 27276.057274 6659.19367 0.22
66739.0 4e-06 1.000167 0.001239 0.000329 27337.93741 6674.301126 0.29
66738.0 4e-06 1.000164 0.001295 0.000337 27337.970687 6674.30925 0.0
67581.0 6e-06 1.000168 0.001448 0.00032 27683.995831 6758.788045 0.0
67668.0 6e-06 1.000181 0.001269 0.00032 27718.92221 6767.314993 0.0
67489.0 4e-06 1.000163 0.001226 0.000322 27645.036993 6749.27661 0.0
67533.0 4e-06 1.000164 0.001301 0.000321 27663.937395 6753.890965 0.0
67575.0 4e-06 1.000166 0.00127 0.000321 27680.095701 6757.835864 0.0
67362.0 6e-06 1.000142 0.001244 0.000322 27593.900704 6736.792164 0.07
66651.0 6e-06 1.000151 0.001288 0.000328 27302.305464 6665.60192 0.0
67820.0 6e-06 1.00016 0.001221 0.000319 27780.116532 6782.255013 0.0
67381.0 6e-06 1.000169 0.001273 0.000322 27601.55957 6738.662004 0.07
67240.0 3e-06 1.000166 0.00126 0.000323 27543.363177 6724.453901 0.16
67381.0 4e-06 1.000155 0.001347 0.000322 27601.578893 6738.666722 0.0
67444.0 4e-06 1.000147 0.001257 0.000322 27627.477042 6744.989512 0.0
67397.0 5e-06 1.000167 0.001258 0.000322 27607.230212 6740.046438 0.04
67452.0 3e-06 1.000143 0.001241 0.000322 27629.0244 6745.367285 0.0
67416.0 4e-06 1.000163 0.001271 0.000322 27615.761437 6742.129257 0.0
67387.0 4e-06 1.000164 0.001257 0.000322 27604.268595 6739.323387 0.0
67579.0 4e-06 1.000154 0.001315 0.00032 27681.997174 6758.300091 0.0
67327.0 3e-06 1.000154 0.001288 0.000323 27578.151318 6732.947099 0.01
67510.0 4e-06 1.000172 0.00139 0.000321 27653.545046 6751.353771 0.0
67312.0 4e-06 1.000183 0.001319 0.000322 27573.289298 6731.760082 0.07
67465.0 4e-06 1.000165 0.001228 0.000321 27635.529398 6746.955419 0.0
66736.0 4e-06 1.000164 0.001293 0.000338 27337.296323 6674.14461 0.0
66600.0 4e-06 1.000164 0.001338 0.000341 27281.065067 6660.416276 0.0
67353.0 5e-06 1.000202 0.001258 0.000323 27590.478872 6735.956756 0.0
67187.0 4e-06 1.000166 0.001301 0.000333 27522.277709 6719.306081 0.0
67717.0 6e-06 1.000154 0.001237 0.00032 27739.082909 6772.237038 0.0
67386.0 6e-06 1.000147 0.001243 0.000322 27603.083239 6739.033994 0.0
67395.0 3e-06 1.000146 0.001272 0.000323 27607.645095 6740.147728 0.0
67438.0 6e-06 1.000166 0.001242 0.000322 27624.182141 6744.185093 0.0
66594.0 6e-06 1.000167 0.001272 0.000329 27278.225394 6659.722997 0.0
67384.0 6e-06 1.000137 0.001228 0.000322 27602.512424 6738.894635 0.0
67390.0 6e-06 1.000169 0.001258 0.000322 27605.60518 6739.649702 0.0
67409.0 6e-06 1.00019 0.001273 0.000322 27613.004473 6741.45617 0.0
67258.0 6e-06 1.000167 0.001274 0.000324 27550.524321 6726.202227 0.0
67417.0 4e-06 1.000162 0.001317 0.000322 27616.146213 6742.223197 0.0
67419.0 6e-06 1.000147 0.001287 0.000322 27616.802525 6742.383429 0.0
67939.0 4e-06 1.000145 0.001191 0.000317 27829.787532 6794.381722 0.0
67863.0 3e-06 1.000153 0.001236 0.000318 27797.880109 6786.591823 0.0
67795.0 5e-06 1.000167 0.001266 0.000319 27767.893445 6779.270861 0.0
67711.0 4e-06 1.000163 0.001238 0.000319 27736.261741 6771.548276 0.0
67882.0 4e-06 1.000154 0.001236 0.000318 27805.96038 6788.564546 0.0
67828.0 3e-06 1.000167 0.001265 0.000319 27784.126984 6783.234127 0.0
67897.0 6e-06 1.000163 0.001235 0.000318 27812.549735 6790.173275 0.0
67844.0 5e-06 1.000158 0.00125 0.000319 27790.253006 6784.729738 0.0
67963.0 4e-06 1.000164 0.00122 0.000318 27839.429307 6796.735671 0.0
68029.0 6e-06 1.000174 0.001234 0.000317 27867.147429 6803.50279 0.0
67825.0 6e-06 1.000166 0.00128 0.000319 27782.761961 6782.900869 0.0
67446.0 4e-06 1.000174 0.001285 0.000325 27628.238289 6745.175363 0.0
67636.0 4e-06 1.000168 0.00125 0.000329 27704.694658 6763.841469 0.0
67750.0 4e-06 1.000181 0.001239 0.000319 27752.570251 6775.529846 0.0
67621.0 3e-06 1.000154 0.001256 0.00032 27699.11552 6762.479375 0.0
67942.0 3e-06 1.000166 0.001338 0.000317 27831.773497 6794.866576 0.0
67951.0 6e-06 1.000151 0.001249 0.000317 27834.4275 6795.514526 0.0
67777.0 5e-06 1.000164 0.001193 0.000319 27763.097223 6778.099908 0.0
67943.0 3e-06 1.000168 0.001249 0.000318 27831.1505 6794.714478 0.0
67961.0 4e-06 1.000141 0.001323 0.000317 27838.281542 6796.455455 0.0
67937.0 6e-06 1.000144 0.00128 0.000317 27828.467326 6794.059406 0.0
67976.0 4e-06 1.000164 0.001278 0.000317 27844.503832 6797.974568 0.0
67420.0 4e-06 1.000161 0.001311 0.000334 27615.46397 6742.056633 0.0
67919.0 6e-06 1.000151 0.001264 0.000318 27822.632809 6792.634963 0.0
68005.0 6e-06 1.000136 0.001205 0.000317 27856.402387 6800.879489 0.0
68028.0 4e-06 1.000142 0.001263 0.000316 27866.105176 6803.248334 0.0
67945.0 4e-06 1.000182 0.00125 0.000317 27831.861199 6794.887988 0.0
67835.0 5e-06 1.000152 0.001222 0.000318 27787.489017 6784.054936 0.0
67943.0 4e-06 1.000162 0.001279 0.000317 27832.155302 6794.959791 0.0
67082.0 6e-06 1.000162 0.00134 0.000325 27478.694221 6708.665581 0.0
67131.0 3e-06 1.000164 0.001258 0.000333 27498.966771 6713.614934 0.0
67920.0 4e-06 1.000166 0.001205 0.000318 27822.886628 6792.696931 0.0
67851.0 5e-06 1.000147 0.001265 0.000318 27793.348262 6785.485416 0.0
68059.0 3e-06 1.000171 0.001263 0.000316 27878.96811 6806.388699 0.0
67864.0 6e-06 1.000167 0.001324 0.000318 27798.712285 6786.794991 0.0
67962.0 3e-06 1.000166 0.001234 0.000317 27838.73014 6796.564976 0.0
68040.0 4e-06 1.000152 0.001249 0.000316 27871.168427 6804.484479 0.0
68001.0 6e-06 1.000166 0.001263 0.000317 27855.053605 6800.550196 0.0
67012.0 6e-06 1.000164 0.001296 0.000325 27449.649635 6701.574618 0.0
67952.0 4e-06 1.00015 0.001219 0.000318 27834.277622 6795.477935 0.0
67940.0 3e-06 1.000141 0.001293 0.000317 27830.219427 6794.487165 0.0
67477.0 4e-06 1.000163 0.001296 0.000334 27640.060707 6748.061696 0.0
67940.0 4e-06 1.000163 0.00122 0.000318 27829.409533 6794.289437 0.0
67836.0 4e-06 1.000142 0.00125 0.000318 27787.159451 6783.974475 0.0
67880.0 4e-06 1.000155 0.00125 0.000318 27805.260705 6788.393727 0.0
67974.0 6e-06 1.000178 0.001221 0.000317 27844.18581 6797.896926 0.0
67988.0 3e-06 1.000165 0.001278 0.000317 27850.110024 6799.343268 0.0
67961.0 4e-06 1.00015 0.001235 0.000317 27838.933007 6796.614504 0.0
67875.0 4e-06 1.000166 0.00128 0.000318 27803.435027 6787.948005 0.0
67923.0 3e-06 1.00015 0.001235 0.000318 27822.629673 6792.634198 0.0
67952.0 4e-06 1.000203 0.001264 0.000317 27835.496867 6795.775602 0.0
