ITGDec version 2.8.1 (r1023)
Compile-time options: bursty multiport
----------------------------------------------------------
Flow number: 1
From 192.168.10.7:49524
To    192.168.10.5:8999
----------------------------------------------------------
Total time               =      9.960134 s
Total packets            =           238
Minimum delay            =      0.001484 s
Maximum delay            =      0.005651 s
Average delay            =      0.001671 s
Average jitter           =      0.000133 s
Delay standard deviation =      0.000350 s
Bytes received           =         10441
Average bitrate          =      8.386233 Kbit/s
Average packet rate      =     23.895261 pkt/s
Packets dropped          =             0 (0.00 %)
Average loss-burst size  =      0.000000 pkt
----------------------------------------------------------

__________________________________________________________
****************  TOTAL RESULTS   ******************
__________________________________________________________
Number of flows          =             1
Total time               =      9.960134 s
Total packets            =           238
Minimum delay            =      0.001484 s
Maximum delay            =      0.005651 s
Average delay            =      0.001671 s
Average jitter           =      0.000133 s
Delay standard deviation =      0.000350 s
Bytes received           =         10441
Average bitrate          =      8.386233 Kbit/s
Average packet rate      =     23.895261 pkt/s
Packets dropped          =             0 (0.00 %)
Average loss-burst size  =             0 pkt
Error lines              =             0
----------------------------------------------------------
