ITGDec version 2.8.1 (r1023)
Compile-time options: bursty multiport
----------------------------------------------------------
Flow number: 1
From 192.168.10.7:51373
To    192.168.10.5:8999
----------------------------------------------------------
Total time               =      9.999169 s
Total packets            =         32775
Minimum delay            =      0.000004 s
Maximum delay            =      1.000319 s
Average delay            =      0.001990 s
Average jitter           =      0.000672 s
Delay standard deviation =      0.042029 s
Bytes received           =      41952000
Average bitrate          =  33564.389201 Kbit/s
Average packet rate      =   3277.772383 pkt/s
Packets dropped          =             0 (0.00 %)
Average loss-burst size  =      0.000000 pkt
----------------------------------------------------------

__________________________________________________________
****************  TOTAL RESULTS   ******************
__________________________________________________________
Number of flows          =             1
Total time               =      9.999169 s
Total packets            =         32775
Minimum delay            =      0.000004 s
Maximum delay            =      1.000319 s
Average delay            =      0.001990 s
Average jitter           =      0.000672 s
Delay standard deviation =      0.042029 s
Bytes received           =      41952000
Average bitrate          =  33564.389201 Kbit/s
Average packet rate      =   3277.772383 pkt/s
Packets dropped          =             0 (0.00 %)
Average loss-burst size  =             0 pkt
Error lines              =             0
----------------------------------------------------------
