ITGDec version 2.8.1 (r1023)
Compile-time options: bursty multiport
----------------------------------------------------------
Flow number: 1
From 192.168.10.7:51687
To    192.168.10.5:8999
----------------------------------------------------------
Total time               =      9.999277 s
Total packets            =         39232
Minimum delay            =      0.000003 s
Maximum delay            =      1.000268 s
Average delay            =      0.001748 s
Average jitter           =      0.000566 s
Delay standard deviation =      0.039401 s
Bytes received           =      40173568
Average bitrate          =  32141.178207 Kbit/s
Average packet rate      =   3923.483668 pkt/s
Packets dropped          =             0 (0.00 %)
Average loss-burst size  =      0.000000 pkt
----------------------------------------------------------

__________________________________________________________
****************  TOTAL RESULTS   ******************
__________________________________________________________
Number of flows          =             1
Total time               =      9.999277 s
Total packets            =         39232
Minimum delay            =      0.000003 s
Maximum delay            =      1.000268 s
Average delay            =      0.001748 s
Average jitter           =      0.000566 s
Delay standard deviation =      0.039401 s
Bytes received           =      40173568
Average bitrate          =  32141.178207 Kbit/s
Average packet rate      =   3923.483668 pkt/s
Packets dropped          =             0 (0.00 %)
Average loss-burst size  =             0 pkt
Error lines              =             0
----------------------------------------------------------
