ITGDec version 2.8.1 (r1023)
Compile-time options: bursty multiport
----------------------------------------------------------
Flow number: 1
From 192.168.10.7:47606
To    192.168.10.5:8999
----------------------------------------------------------
Total time               =      8.938002 s
Total packets            =             6
Minimum delay            =      0.001714 s
Maximum delay            =      0.001961 s
Average delay            =      0.001838 s
Average jitter           =      0.000115 s
Delay standard deviation =      0.000087 s
Bytes received           =          1022
Average bitrate          =      0.914746 Kbit/s
Average packet rate      =      0.671291 pkt/s
Packets dropped          =             0 (0.00 %)
Average loss-burst size  =      0.000000 pkt
----------------------------------------------------------

__________________________________________________________
****************  TOTAL RESULTS   ******************
__________________________________________________________
Number of flows          =             1
Total time               =      8.938002 s
Total packets            =             6
Minimum delay            =      0.001714 s
Maximum delay            =      0.001961 s
Average delay            =      0.001838 s
Average jitter           =      0.000115 s
Delay standard deviation =      0.000087 s
Bytes received           =          1022
Average bitrate          =      0.914746 Kbit/s
Average packet rate      =      0.671291 pkt/s
Packets dropped          =             0 (0.00 %)
Average loss-burst size  =             0 pkt
Error lines              =             0
----------------------------------------------------------
