ITGDec version 2.8.1 (r1023)
Compile-time options: bursty multiport
----------------------------------------------------------
Flow number: 1
From 192.168.10.7:33579
To    192.168.10.5:8999
----------------------------------------------------------
Total time               =      9.999178 s
Total packets            =         66726
Minimum delay            =      0.000004 s
Maximum delay            =      1.000146 s
Average delay            =      0.001336 s
Average jitter           =      0.000324 s
Delay standard deviation =      0.035034 s
Bytes received           =      34163712
Average bitrate          =  27333.216390 Kbit/s
Average packet rate      =   6673.148533 pkt/s
Packets dropped          =             0 (0.00 %)
Average loss-burst size  =      0.000000 pkt
----------------------------------------------------------

__________________________________________________________
****************  TOTAL RESULTS   ******************
__________________________________________________________
Number of flows          =             1
Total time               =      9.999178 s
Total packets            =         66726
Minimum delay            =      0.000004 s
Maximum delay            =      1.000146 s
Average delay            =      0.001336 s
Average jitter           =      0.000324 s
Delay standard deviation =      0.035034 s
Bytes received           =      34163712
Average bitrate          =  27333.216390 Kbit/s
Average packet rate      =   6673.148533 pkt/s
Packets dropped          =             0 (0.00 %)
Average loss-burst size  =             0 pkt
Error lines              =             0
----------------------------------------------------------
