ITGDec version 2.8.1 (r1023)
Compile-time options: bursty multiport
----------------------------------------------------------
Flow number: 1
From 192.168.10.7:55843
To    192.168.10.5:8999
----------------------------------------------------------
Total time               =      9.998927 s
Total packets            =        130248
Minimum delay            =      0.000003 s
Maximum delay            =      1.000098 s
Average delay            =      0.001020 s
Average jitter           =      0.000181 s
Delay standard deviation =      0.031333 s
Bytes received           =      16671744
Average bitrate          =  13338.826456 Kbit/s
Average packet rate      =  13026.197711 pkt/s
Packets dropped          =             7 (0.01 %)
Average loss-burst size  =      0.000000 pkt
----------------------------------------------------------

__________________________________________________________
****************  TOTAL RESULTS   ******************
__________________________________________________________
Number of flows          =             1
Total time               =      9.998927 s
Total packets            =        130248
Minimum delay            =      0.000003 s
Maximum delay            =      1.000098 s
Average delay            =      0.001020 s
Average jitter           =      0.000181 s
Delay standard deviation =      0.031333 s
Bytes received           =      16671744
Average bitrate          =  13338.826456 Kbit/s
Average packet rate      =  13026.197711 pkt/s
Packets dropped          =             7 (0.01 %)
Average loss-burst size  =      0.000000 pkt
Error lines              =             0
----------------------------------------------------------
