ITGDec version 2.8.1 (r1023)
Compile-time options: bursty multiport
----------------------------------------------------------
Flow number: 1
From 192.168.10.7:41306
To    192.168.10.5:8999
----------------------------------------------------------
Total time               =      9.999392 s
Total packets            =         32730
Minimum delay            =      0.000006 s
Maximum delay            =      1.000316 s
Average delay            =      0.001901 s
Average jitter           =      0.000676 s
Delay standard deviation =      0.040959 s
Bytes received           =      41894400
Average bitrate          =  33517.557868 Kbit/s
Average packet rate      =   3273.199011 pkt/s
Packets dropped          =             0 (0.00 %)
Average loss-burst size  =      0.000000 pkt
----------------------------------------------------------

__________________________________________________________
****************  TOTAL RESULTS   ******************
__________________________________________________________
Number of flows          =             1
Total time               =      9.999392 s
Total packets            =         32730
Minimum delay            =      0.000006 s
Maximum delay            =      1.000316 s
Average delay            =      0.001901 s
Average jitter           =      0.000676 s
Delay standard deviation =      0.040959 s
Bytes received           =      41894400
Average bitrate          =  33517.557868 Kbit/s
Average packet rate      =   3273.199011 pkt/s
Packets dropped          =             0 (0.00 %)
Average loss-burst size  =             0 pkt
Error lines              =             0
----------------------------------------------------------
