ITGDec version 2.8.1 (r1023)
Compile-time options: bursty multiport
----------------------------------------------------------
Flow number: 1
From 192.168.10.7:59115
To    192.168.10.5:8999
----------------------------------------------------------
Total time               =      9.999238 s
Total packets            =        167634
Minimum delay            =      0.000002 s
Maximum delay            =      1.000094 s
Average delay            =      0.000974 s
Average jitter           =      0.000137 s
Delay standard deviation =      0.030783 s
Bytes received           =      10728576
Average bitrate          =   8583.514864 Kbit/s
Average packet rate      =  16764.677468 pkt/s
Packets dropped          =             0 (0.00 %)
Average loss-burst size  =      0.000000 pkt
----------------------------------------------------------

__________________________________________________________
****************  TOTAL RESULTS   ******************
__________________________________________________________
Number of flows          =             1
Total time               =      9.999238 s
Total packets            =        167634
Minimum delay            =      0.000002 s
Maximum delay            =      1.000094 s
Average delay            =      0.000974 s
Average jitter           =      0.000137 s
Delay standard deviation =      0.030783 s
Bytes received           =      10728576
Average bitrate          =   8583.514864 Kbit/s
Average packet rate      =  16764.677468 pkt/s
Packets dropped          =             0 (0.00 %)
Average loss-burst size  =             0 pkt
Error lines              =             0
----------------------------------------------------------
