ITGDec version 2.8.1 (r1023)
Compile-time options: bursty multiport
----------------------------------------------------------
Flow number: 1
From 192.168.10.7:58921
To    192.168.10.5:8999
----------------------------------------------------------
Total time               =      9.999025 s
Total packets            =        100649
Minimum delay            =      0.000003 s
Maximum delay            =      1.000116 s
Average delay            =      0.001032 s
Average jitter           =      0.000225 s
Delay standard deviation =      0.031347 s
Bytes received           =      25766144
Average bitrate          =  20614.925155 Kbit/s
Average packet rate      =  10065.881423 pkt/s
Packets dropped          =            15 (0.01 %)
Average loss-burst size  =     15.000000 pkt
----------------------------------------------------------

__________________________________________________________
****************  TOTAL RESULTS   ******************
__________________________________________________________
Number of flows          =             1
Total time               =      9.999025 s
Total packets            =        100649
Minimum delay            =      0.000003 s
Maximum delay            =      1.000116 s
Average delay            =      0.001032 s
Average jitter           =      0.000225 s
Delay standard deviation =      0.031347 s
Bytes received           =      25766144
Average bitrate          =  20614.925155 Kbit/s
Average packet rate      =  10065.881423 pkt/s
Packets dropped          =            15 (0.01 %)
Average loss-burst size  =     15.000000 pkt
Error lines              =             0
----------------------------------------------------------
