ITGDec version 2.8.1 (r1023)
Compile-time options: bursty multiport
----------------------------------------------------------
Flow number: 1
From 192.168.10.7:40364
To    192.168.10.5:8999
----------------------------------------------------------
Total time               =      9.998954 s
Total packets            =        132040
Minimum delay            =      0.000003 s
Maximum delay            =      1.000094 s
Average delay            =      0.001022 s
Average jitter           =      0.000178 s
Delay standard deviation =      0.031362 s
Bytes received           =      16901120
Average bitrate          =  13522.310434 Kbit/s
Average packet rate      =  13205.381283 pkt/s
Packets dropped          =           109 (0.08 %)
Average loss-burst size  =     27.250000 pkt
----------------------------------------------------------

__________________________________________________________
****************  TOTAL RESULTS   ******************
__________________________________________________________
Number of flows          =             1
Total time               =      9.998954 s
Total packets            =        132040
Minimum delay            =      0.000003 s
Maximum delay            =      1.000094 s
Average delay            =      0.001022 s
Average jitter           =      0.000178 s
Delay standard deviation =      0.031362 s
Bytes received           =      16901120
Average bitrate          =  13522.310434 Kbit/s
Average packet rate      =  13205.381283 pkt/s
Packets dropped          =           109 (0.08 %)
Average loss-burst size  =     27.250000 pkt
Error lines              =             0
----------------------------------------------------------
