ITGDec version 2.8.1 (r1023)
Compile-time options: bursty multiport
----------------------------------------------------------
Flow number: 1
From 192.168.10.7:52232
To    192.168.10.5:8999
----------------------------------------------------------
Total time               =      9.980443 s
Total packets            =           240
Minimum delay            =      0.001459 s
Maximum delay            =      0.005424 s
Average delay            =      0.001662 s
Average jitter           =      0.000125 s
Delay standard deviation =      0.000262 s
Bytes received           =         10721
Average bitrate          =      8.593607 Kbit/s
Average packet rate      =     24.047029 pkt/s
Packets dropped          =             0 (0.00 %)
Average loss-burst size  =      0.000000 pkt
----------------------------------------------------------

__________________________________________________________
****************  TOTAL RESULTS   ******************
__________________________________________________________
Number of flows          =             1
Total time               =      9.980443 s
Total packets            =           240
Minimum delay            =      0.001459 s
Maximum delay            =      0.005424 s
Average delay            =      0.001662 s
Average jitter           =      0.000125 s
Delay standard deviation =      0.000262 s
Bytes received           =         10721
Average bitrate          =      8.593607 Kbit/s
Average packet rate      =     24.047029 pkt/s
Packets dropped          =             0 (0.00 %)
Average loss-burst size  =             0 pkt
Error lines              =             0
----------------------------------------------------------
