ITGDec version 2.8.1 (r1023)
Compile-time options: bursty multiport
----------------------------------------------------------
Flow number: 1
From 192.168.10.7:46937
To    192.168.10.5:8999
----------------------------------------------------------
Total time               =      9.998989 s
Total packets            =        130373
Minimum delay            =      0.000003 s
Maximum delay            =      1.000099 s
Average delay            =      0.000988 s
Average jitter           =      0.000180 s
Delay standard deviation =      0.030826 s
Bytes received           =      16687744
Average bitrate          =  13351.545041 Kbit/s
Average packet rate      =  13038.618204 pkt/s
Packets dropped          =           138 (0.11 %)
Average loss-burst size  =     46.000000 pkt
----------------------------------------------------------

__________________________________________________________
****************  TOTAL RESULTS   ******************
__________________________________________________________
Number of flows          =             1
Total time               =      9.998989 s
Total packets            =        130373
Minimum delay            =      0.000003 s
Maximum delay            =      1.000099 s
Average delay            =      0.000988 s
Average jitter           =      0.000180 s
Delay standard deviation =      0.030826 s
Bytes received           =      16687744
Average bitrate          =  13351.545041 Kbit/s
Average packet rate      =  13038.618204 pkt/s
Packets dropped          =           138 (0.11 %)
Average loss-burst size  =     46.000000 pkt
Error lines              =             0
----------------------------------------------------------
