ITGDec version 2.8.1 (r1023)
Compile-time options: bursty multiport
----------------------------------------------------------
Flow number: 1
From 192.168.10.7:51028
To    192.168.10.5:8999
----------------------------------------------------------
Total time               =      9.999191 s
Total packets            =        100574
Minimum delay            =      0.000003 s
Maximum delay            =      1.000106 s
Average delay            =      0.001093 s
Average jitter           =      0.000226 s
Delay standard deviation =      0.032294 s
Bytes received           =      25746944
Average bitrate          =  20599.221677 Kbit/s
Average packet rate      =  10058.213709 pkt/s
Packets dropped          =             0 (0.00 %)
Average loss-burst size  =      0.000000 pkt
----------------------------------------------------------

__________________________________________________________
****************  TOTAL RESULTS   ******************
__________________________________________________________
Number of flows          =             1
Total time               =      9.999191 s
Total packets            =        100574
Minimum delay            =      0.000003 s
Maximum delay            =      1.000106 s
Average delay            =      0.001093 s
Average jitter           =      0.000226 s
Delay standard deviation =      0.032294 s
Bytes received           =      25746944
Average bitrate          =  20599.221677 Kbit/s
Average packet rate      =  10058.213709 pkt/s
Packets dropped          =             0 (0.00 %)
Average loss-burst size  =             0 pkt
Error lines              =             0
----------------------------------------------------------
