ITGDec version 2.8.1 (r1023)
Compile-time options: bursty multiport
----------------------------------------------------------
Flow number: 1
From 192.168.10.7:42873
To    192.168.10.5:8999
----------------------------------------------------------
Total time               =      9.993461 s
Total packets            =           986
Minimum delay            =      0.000088 s
Maximum delay            =      0.008936 s
Average delay            =      0.001695 s
Average jitter           =      0.000178 s
Delay standard deviation =      0.000506 s
Bytes received           =         63104
Average bitrate          =     50.516233 Kbit/s
Average packet rate      =     98.664517 pkt/s
Packets dropped          =             0 (0.00 %)
Average loss-burst size  =      0.000000 pkt
----------------------------------------------------------

__________________________________________________________
****************  TOTAL RESULTS   ******************
__________________________________________________________
Number of flows          =             1
Total time               =      9.993461 s
Total packets            =           986
Minimum delay            =      0.000088 s
Maximum delay            =      0.008936 s
Average delay            =      0.001695 s
Average jitter           =      0.000178 s
Delay standard deviation =      0.000506 s
Bytes received           =         63104
Average bitrate          =     50.516233 Kbit/s
Average packet rate      =     98.664517 pkt/s
Packets dropped          =             0 (0.00 %)
Average loss-burst size  =             0 pkt
Error lines              =             0
----------------------------------------------------------
