ITGDec version 2.8.1 (r1023)
Compile-time options: bursty multiport
----------------------------------------------------------
Flow number: 1
From 192.168.10.7:41609
To    192.168.10.5:8999
----------------------------------------------------------
Total time               =      9.959280 s
Total packets            =           237
Minimum delay            =      0.001470 s
Maximum delay            =      0.008229 s
Average delay            =      0.001686 s
Average jitter           =      0.000172 s
Delay standard deviation =      0.000466 s
Bytes received           =         10245
Average bitrate          =      8.229511 Kbit/s
Average packet rate      =     23.796901 pkt/s
Packets dropped          =             0 (0.00 %)
Average loss-burst size  =      0.000000 pkt
----------------------------------------------------------

__________________________________________________________
****************  TOTAL RESULTS   ******************
__________________________________________________________
Number of flows          =             1
Total time               =      9.959280 s
Total packets            =           237
Minimum delay            =      0.001470 s
Maximum delay            =      0.008229 s
Average delay            =      0.001686 s
Average jitter           =      0.000172 s
Delay standard deviation =      0.000466 s
Bytes received           =         10245
Average bitrate          =      8.229511 Kbit/s
Average packet rate      =     23.796901 pkt/s
Packets dropped          =             0 (0.00 %)
Average loss-burst size  =             0 pkt
Error lines              =             0
----------------------------------------------------------
