ITGDec version 2.8.1 (r1023)
Compile-time options: bursty multiport
----------------------------------------------------------
Flow number: 1
From 192.168.10.7:51319
To    192.168.10.5:8999
----------------------------------------------------------
Total time               =      9.999121 s
Total packets            =         66496
Minimum delay            =      0.000003 s
Maximum delay            =      1.000169 s
Average delay            =      0.001339 s
Average jitter           =      0.000327 s
Delay standard deviation =      0.035095 s
Bytes received           =      34045952
Average bitrate          =  27239.155922 Kbit/s
Average packet rate      =   6650.184551 pkt/s
Packets dropped          =             0 (0.00 %)
Average loss-burst size  =      0.000000 pkt
----------------------------------------------------------

__________________________________________________________
****************  TOTAL RESULTS   ******************
__________________________________________________________
Number of flows          =             1
Total time               =      9.999121 s
Total packets            =         66496
Minimum delay            =      0.000003 s
Maximum delay            =      1.000169 s
Average delay            =      0.001339 s
Average jitter           =      0.000327 s
Delay standard deviation =      0.035095 s
Bytes received           =      34045952
Average bitrate          =  27239.155922 Kbit/s
Average packet rate      =   6650.184551 pkt/s
Packets dropped          =             0 (0.00 %)
Average loss-burst size  =             0 pkt
Error lines              =             0
----------------------------------------------------------
