ITGDec version 2.8.1 (r1023)
Compile-time options: bursty multiport
----------------------------------------------------------
Flow number: 1
From 192.168.10.7:48924
To    192.168.10.5:8999
----------------------------------------------------------
Total time               =      9.998882 s
Total packets            =        130674
Minimum delay            =      0.000003 s
Maximum delay            =      1.000104 s
Average delay            =      0.001001 s
Average jitter           =      0.000180 s
Delay standard deviation =      0.031037 s
Bytes received           =      16726272
Average bitrate          =  13382.513765 Kbit/s
Average packet rate      =  13068.861099 pkt/s
Packets dropped          =            12 (0.01 %)
Average loss-burst size  =     12.000000 pkt
----------------------------------------------------------

__________________________________________________________
****************  TOTAL RESULTS   ******************
__________________________________________________________
Number of flows          =             1
Total time               =      9.998882 s
Total packets            =        130674
Minimum delay            =      0.000003 s
Maximum delay            =      1.000104 s
Average delay            =      0.001001 s
Average jitter           =      0.000180 s
Delay standard deviation =      0.031037 s
Bytes received           =      16726272
Average bitrate          =  13382.513765 Kbit/s
Average packet rate      =  13068.861099 pkt/s
Packets dropped          =            12 (0.01 %)
Average loss-burst size  =     12.000000 pkt
Error lines              =             0
----------------------------------------------------------
