ITGDec version 2.8.1 (r1023)
Compile-time options: bursty multiport
----------------------------------------------------------
Flow number: 1
From 192.168.10.7:51112
To    192.168.10.5:8999
----------------------------------------------------------
Total time               =      9.999409 s
Total packets            =        129645
Minimum delay            =      0.000003 s
Maximum delay            =      1.000097 s
Average delay            =      0.001009 s
Average jitter           =      0.000182 s
Delay standard deviation =      0.031160 s
Bytes received           =      16594560
Average bitrate          =  13276.432637 Kbit/s
Average packet rate      =  12965.266247 pkt/s
Packets dropped          =             4 (0.00 %)
Average loss-burst size  =      4.000000 pkt
----------------------------------------------------------

__________________________________________________________
****************  TOTAL RESULTS   ******************
__________________________________________________________
Number of flows          =             1
Total time               =      9.999409 s
Total packets            =        129645
Minimum delay            =      0.000003 s
Maximum delay            =      1.000097 s
Average delay            =      0.001009 s
Average jitter           =      0.000182 s
Delay standard deviation =      0.031160 s
Bytes received           =      16594560
Average bitrate          =  13276.432637 Kbit/s
Average packet rate      =  12965.266247 pkt/s
Packets dropped          =             4 (0.00 %)
Average loss-burst size  =      4.000000 pkt
Error lines              =             0
----------------------------------------------------------
