ITGDec version 2.8.1 (r1023)
Compile-time options: bursty multiport
----------------------------------------------------------
Flow number: 1
From 192.168.10.7:59846
To    192.168.10.5:8999
----------------------------------------------------------
Total time               =     10.000269 s
Total packets            =         39206
Minimum delay            =      0.000004 s
Maximum delay            =      1.000281 s
Average delay            =      0.001774 s
Average jitter           =      0.000568 s
Delay standard deviation =      0.039734 s
Bytes received           =      40146944
Average bitrate          =  32116.691261 Kbit/s
Average packet rate      =   3920.494539 pkt/s
Packets dropped          =             0 (0.00 %)
Average loss-burst size  =      0.000000 pkt
----------------------------------------------------------

__________________________________________________________
****************  TOTAL RESULTS   ******************
__________________________________________________________
Number of flows          =             1
Total time               =     10.000269 s
Total packets            =         39206
Minimum delay            =      0.000004 s
Maximum delay            =      1.000281 s
Average delay            =      0.001774 s
Average jitter           =      0.000568 s
Delay standard deviation =      0.039734 s
Bytes received           =      40146944
Average bitrate          =  32116.691261 Kbit/s
Average packet rate      =   3920.494539 pkt/s
Packets dropped          =             0 (0.00 %)
Average loss-burst size  =             0 pkt
Error lines              =             0
----------------------------------------------------------
