ITGDec version 2.8.1 (r1023)
Compile-time options: bursty multiport
----------------------------------------------------------
Flow number: 1
From 192.168.10.7:36622
To    192.168.10.5:8999
----------------------------------------------------------
Total time               =      9.976249 s
Total packets            =           210
Minimum delay            =      0.001472 s
Maximum delay            =      0.008787 s
Average delay            =      0.001730 s
Average jitter           =      0.000261 s
Delay standard deviation =      0.000698 s
Bytes received           =          9031
Average bitrate          =      7.242000 Kbit/s
Average packet rate      =     21.049996 pkt/s
Packets dropped          =             0 (0.00 %)
Average loss-burst size  =      0.000000 pkt
----------------------------------------------------------

__________________________________________________________
****************  TOTAL RESULTS   ******************
__________________________________________________________
Number of flows          =             1
Total time               =      9.976249 s
Total packets            =           210
Minimum delay            =      0.001472 s
Maximum delay            =      0.008787 s
Average delay            =      0.001730 s
Average jitter           =      0.000261 s
Delay standard deviation =      0.000698 s
Bytes received           =          9031
Average bitrate          =      7.242000 Kbit/s
Average packet rate      =     21.049996 pkt/s
Packets dropped          =             0 (0.00 %)
Average loss-burst size  =             0 pkt
Error lines              =             0
----------------------------------------------------------
