ITGDec version 2.8.1 (r1023)
Compile-time options: bursty multiport
----------------------------------------------------------
Flow number: 1
From 192.168.10.7:42939
To    192.168.10.5:8999
----------------------------------------------------------
Total time               =      9.999128 s
Total packets            =        131528
Minimum delay            =      0.000003 s
Maximum delay            =      1.000100 s
Average delay            =      0.000965 s
Average jitter           =      0.000179 s
Delay standard deviation =      0.030442 s
Bytes received           =      16835584
Average bitrate          =  13469.641753 Kbit/s
Average packet rate      =  13153.947024 pkt/s
Packets dropped          =             5 (0.00 %)
Average loss-burst size  =      2.500000 pkt
----------------------------------------------------------

__________________________________________________________
****************  TOTAL RESULTS   ******************
__________________________________________________________
Number of flows          =             1
Total time               =      9.999128 s
Total packets            =        131528
Minimum delay            =      0.000003 s
Maximum delay            =      1.000100 s
Average delay            =      0.000965 s
Average jitter           =      0.000179 s
Delay standard deviation =      0.030442 s
Bytes received           =      16835584
Average bitrate          =  13469.641753 Kbit/s
Average packet rate      =  13153.947024 pkt/s
Packets dropped          =             5 (0.00 %)
Average loss-burst size  =      2.500000 pkt
Error lines              =             0
----------------------------------------------------------
