ITGDec version 2.8.1 (r1023)
Compile-time options: bursty multiport
----------------------------------------------------------
Flow number: 1
From 192.168.10.7:34028
To    192.168.10.5:8999
----------------------------------------------------------
Total time               =      9.998948 s
Total packets            =        165044
Minimum delay            =      0.000002 s
Maximum delay            =      1.000082 s
Average delay            =      0.000910 s
Average jitter           =      0.000139 s
Delay standard deviation =      0.029729 s
Bytes received           =      10562816
Average bitrate          =   8451.141860 Kbit/s
Average packet rate      =  16506.136446 pkt/s
Packets dropped          =             0 (0.00 %)
Average loss-burst size  =      0.000000 pkt
----------------------------------------------------------

__________________________________________________________
****************  TOTAL RESULTS   ******************
__________________________________________________________
Number of flows          =             1
Total time               =      9.998948 s
Total packets            =        165044
Minimum delay            =      0.000002 s
Maximum delay            =      1.000082 s
Average delay            =      0.000910 s
Average jitter           =      0.000139 s
Delay standard deviation =      0.029729 s
Bytes received           =      10562816
Average bitrate          =   8451.141860 Kbit/s
Average packet rate      =  16506.136446 pkt/s
Packets dropped          =             0 (0.00 %)
Average loss-burst size  =             0 pkt
Error lines              =             0
----------------------------------------------------------
