ITGDec version 2.8.1 (r1023)
Compile-time options: bursty multiport
----------------------------------------------------------
Flow number: 1
From 192.168.10.7:55616
To    192.168.10.5:8999
----------------------------------------------------------
Total time               =      9.999073 s
Total packets            =        100542
Minimum delay            =      0.000004 s
Maximum delay            =      1.000116 s
Average delay            =      0.001073 s
Average jitter           =      0.000226 s
Delay standard deviation =      0.031991 s
Bytes received           =      25738752
Average bitrate          =  20592.910563 Kbit/s
Average packet rate      =  10055.132111 pkt/s
Packets dropped          =            41 (0.04 %)
Average loss-burst size  =     41.000000 pkt
----------------------------------------------------------

__________________________________________________________
****************  TOTAL RESULTS   ******************
__________________________________________________________
Number of flows          =             1
Total time               =      9.999073 s
Total packets            =        100542
Minimum delay            =      0.000004 s
Maximum delay            =      1.000116 s
Average delay            =      0.001073 s
Average jitter           =      0.000226 s
Delay standard deviation =      0.031991 s
Bytes received           =      25738752
Average bitrate          =  20592.910563 Kbit/s
Average packet rate      =  10055.132111 pkt/s
Packets dropped          =            41 (0.04 %)
Average loss-burst size  =     41.000000 pkt
Error lines              =             0
----------------------------------------------------------
