ITGDec version 2.8.1 (r1023)
Compile-time options: bursty multiport
----------------------------------------------------------
Flow number: 1
From 192.168.10.7:52270
To    192.168.10.5:8999
----------------------------------------------------------
Total time               =      8.940198 s
Total packets            =             6
Minimum delay            =      0.001717 s
Maximum delay            =      0.001951 s
Average delay            =      0.001873 s
Average jitter           =      0.000107 s
Delay standard deviation =      0.000080 s
Bytes received           =          1382
Average bitrate          =      1.236662 Kbit/s
Average packet rate      =      0.671126 pkt/s
Packets dropped          =             0 (0.00 %)
Average loss-burst size  =      0.000000 pkt
----------------------------------------------------------

__________________________________________________________
****************  TOTAL RESULTS   ******************
__________________________________________________________
Number of flows          =             1
Total time               =      8.940198 s
Total packets            =             6
Minimum delay            =      0.001717 s
Maximum delay            =      0.001951 s
Average delay            =      0.001873 s
Average jitter           =      0.000107 s
Delay standard deviation =      0.000080 s
Bytes received           =          1382
Average bitrate          =      1.236662 Kbit/s
Average packet rate      =      0.671126 pkt/s
Packets dropped          =             0 (0.00 %)
Average loss-burst size  =             0 pkt
Error lines              =             0
----------------------------------------------------------
