ITGDec version 2.8.1 (r1023)
Compile-time options: bursty multiport
----------------------------------------------------------
Flow number: 1
From 192.168.10.7:36977
To    192.168.10.5:8999
----------------------------------------------------------
Total time               =      9.999315 s
Total packets            =        131171
Minimum delay            =      0.000003 s
Maximum delay            =      1.000092 s
Average delay            =      0.001025 s
Average jitter           =      0.000176 s
Delay standard deviation =      0.031466 s
Bytes received           =      16789888
Average bitrate          =  13432.830549 Kbit/s
Average packet rate      =  13117.998583 pkt/s
Packets dropped          =             0 (0.00 %)
Average loss-burst size  =      0.000000 pkt
----------------------------------------------------------

__________________________________________________________
****************  TOTAL RESULTS   ******************
__________________________________________________________
Number of flows          =             1
Total time               =      9.999315 s
Total packets            =        131171
Minimum delay            =      0.000003 s
Maximum delay            =      1.000092 s
Average delay            =      0.001025 s
Average jitter           =      0.000176 s
Delay standard deviation =      0.031466 s
Bytes received           =      16789888
Average bitrate          =  13432.830549 Kbit/s
Average packet rate      =  13117.998583 pkt/s
Packets dropped          =             0 (0.00 %)
Average loss-burst size  =             0 pkt
Error lines              =             0
----------------------------------------------------------
