ITGDec version 2.8.1 (r1023)
Compile-time options: bursty multiport
----------------------------------------------------------
Flow number: 1
From 192.168.10.7:43715
To    192.168.10.5:8999
----------------------------------------------------------
Total time               =      9.999615 s
Total packets            =           987
Minimum delay            =      0.000485 s
Maximum delay            =      1.000704 s
Average delay            =      0.002760 s
Average jitter           =      0.002247 s
Delay standard deviation =      0.031786 s
Bytes received           =         63168
Average bitrate          =     50.536346 Kbit/s
Average packet rate      =     98.703800 pkt/s
Packets dropped          =             0 (0.00 %)
Average loss-burst size  =      0.000000 pkt
----------------------------------------------------------

__________________________________________________________
****************  TOTAL RESULTS   ******************
__________________________________________________________
Number of flows          =             1
Total time               =      9.999615 s
Total packets            =           987
Minimum delay            =      0.000485 s
Maximum delay            =      1.000704 s
Average delay            =      0.002760 s
Average jitter           =      0.002247 s
Delay standard deviation =      0.031786 s
Bytes received           =         63168
Average bitrate          =     50.536346 Kbit/s
Average packet rate      =     98.703800 pkt/s
Packets dropped          =             0 (0.00 %)
Average loss-burst size  =             0 pkt
Error lines              =             0
----------------------------------------------------------
