ITGDec version 2.8.1 (r1023)
Compile-time options: bursty multiport
----------------------------------------------------------
Flow number: 1
From 192.168.10.7:34803
To    192.168.10.5:8999
----------------------------------------------------------
Total time               =      9.999383 s
Total packets            =         39265
Minimum delay            =      0.000006 s
Maximum delay            =      1.000267 s
Average delay            =      0.001855 s
Average jitter           =      0.000574 s
Delay standard deviation =      0.040653 s
Bytes received           =      40207360
Average bitrate          =  32167.872758 Kbit/s
Average packet rate      =   3926.742280 pkt/s
Packets dropped          =             0 (0.00 %)
Average loss-burst size  =      0.000000 pkt
----------------------------------------------------------

__________________________________________________________
****************  TOTAL RESULTS   ******************
__________________________________________________________
Number of flows          =             1
Total time               =      9.999383 s
Total packets            =         39265
Minimum delay            =      0.000006 s
Maximum delay            =      1.000267 s
Average delay            =      0.001855 s
Average jitter           =      0.000574 s
Delay standard deviation =      0.040653 s
Bytes received           =      40207360
Average bitrate          =  32167.872758 Kbit/s
Average packet rate      =   3926.742280 pkt/s
Packets dropped          =             0 (0.00 %)
Average loss-burst size  =             0 pkt
Error lines              =             0
----------------------------------------------------------
