ITGDec version 2.8.1 (r1023)
Compile-time options: bursty multiport
----------------------------------------------------------
Flow number: 1
From 192.168.10.7:55757
To    192.168.10.5:8999
----------------------------------------------------------
Total time               =      9.999207 s
Total packets            =         39195
Minimum delay            =      0.000004 s
Maximum delay            =      1.000271 s
Average delay            =      0.001750 s
Average jitter           =      0.000566 s
Delay standard deviation =      0.039420 s
Bytes received           =      40135680
Average bitrate          =  32111.090409 Kbit/s
Average packet rate      =   3919.810841 pkt/s
Packets dropped          =             0 (0.00 %)
Average loss-burst size  =      0.000000 pkt
----------------------------------------------------------

__________________________________________________________
****************  TOTAL RESULTS   ******************
__________________________________________________________
Number of flows          =             1
Total time               =      9.999207 s
Total packets            =         39195
Minimum delay            =      0.000004 s
Maximum delay            =      1.000271 s
Average delay            =      0.001750 s
Average jitter           =      0.000566 s
Delay standard deviation =      0.039420 s
Bytes received           =      40135680
Average bitrate          =  32111.090409 Kbit/s
Average packet rate      =   3919.810841 pkt/s
Packets dropped          =             0 (0.00 %)
Average loss-burst size  =             0 pkt
Error lines              =             0
----------------------------------------------------------
