ITGDec version 2.8.1 (r1023)
Compile-time options: bursty multiport
----------------------------------------------------------
Flow number: 1
From 192.168.10.7:60653
To    192.168.10.5:8999
----------------------------------------------------------
Total time               =      9.999332 s
Total packets            =         39195
Minimum delay            =      0.000003 s
Maximum delay            =      1.000276 s
Average delay            =      0.001744 s
Average jitter           =      0.000572 s
Delay standard deviation =      0.039419 s
Bytes received           =      40135680
Average bitrate          =  32110.688994 Kbit/s
Average packet rate      =   3919.761840 pkt/s
Packets dropped          =             0 (0.00 %)
Average loss-burst size  =      0.000000 pkt
----------------------------------------------------------

__________________________________________________________
****************  TOTAL RESULTS   ******************
__________________________________________________________
Number of flows          =             1
Total time               =      9.999332 s
Total packets            =         39195
Minimum delay            =      0.000003 s
Maximum delay            =      1.000276 s
Average delay            =      0.001744 s
Average jitter           =      0.000572 s
Delay standard deviation =      0.039419 s
Bytes received           =      40135680
Average bitrate          =  32110.688994 Kbit/s
Average packet rate      =   3919.761840 pkt/s
Packets dropped          =             0 (0.00 %)
Average loss-burst size  =             0 pkt
Error lines              =             0
----------------------------------------------------------
