ITGDec version 2.8.1 (r1023)
Compile-time options: bursty multiport
----------------------------------------------------------
Flow number: 1
From 192.168.10.7:43661
To    192.168.10.5:8999
----------------------------------------------------------
Total time               =      9.998824 s
Total packets            =        165244
Minimum delay            =      0.000002 s
Maximum delay            =      1.000086 s
Average delay            =      0.000945 s
Average jitter           =      0.000138 s
Delay standard deviation =      0.030315 s
Bytes received           =      10575616
Average bitrate          =   8461.487871 Kbit/s
Average packet rate      =  16526.343498 pkt/s
Packets dropped          =             0 (0.00 %)
Average loss-burst size  =      0.000000 pkt
----------------------------------------------------------

__________________________________________________________
****************  TOTAL RESULTS   ******************
__________________________________________________________
Number of flows          =             1
Total time               =      9.998824 s
Total packets            =        165244
Minimum delay            =      0.000002 s
Maximum delay            =      1.000086 s
Average delay            =      0.000945 s
Average jitter           =      0.000138 s
Delay standard deviation =      0.030315 s
Bytes received           =      10575616
Average bitrate          =   8461.487871 Kbit/s
Average packet rate      =  16526.343498 pkt/s
Packets dropped          =             0 (0.00 %)
Average loss-burst size  =             0 pkt
Error lines              =             0
----------------------------------------------------------
