ITGDec version 2.8.1 (r1023)
Compile-time options: bursty multiport
----------------------------------------------------------
Flow number: 1
From 192.168.10.7:56560
To    192.168.10.5:8999
----------------------------------------------------------
Total time               =      9.999308 s
Total packets            =         39226
Minimum delay            =      0.000004 s
Maximum delay            =      1.000273 s
Average delay            =      0.001874 s
Average jitter           =      0.000569 s
Delay standard deviation =      0.040984 s
Bytes received           =      40167424
Average bitrate          =  32136.163022 Kbit/s
Average packet rate      =   3922.871463 pkt/s
Packets dropped          =             0 (0.00 %)
Average loss-burst size  =      0.000000 pkt
----------------------------------------------------------

__________________________________________________________
****************  TOTAL RESULTS   ******************
__________________________________________________________
Number of flows          =             1
Total time               =      9.999308 s
Total packets            =         39226
Minimum delay            =      0.000004 s
Maximum delay            =      1.000273 s
Average delay            =      0.001874 s
Average jitter           =      0.000569 s
Delay standard deviation =      0.040984 s
Bytes received           =      40167424
Average bitrate          =  32136.163022 Kbit/s
Average packet rate      =   3922.871463 pkt/s
Packets dropped          =             0 (0.00 %)
Average loss-burst size  =             0 pkt
Error lines              =             0
----------------------------------------------------------
