ITGDec version 2.8.1 (r1023)
Compile-time options: bursty multiport
----------------------------------------------------------
Flow number: 1
From 192.168.10.7:40844
To    192.168.10.5:8999
----------------------------------------------------------
Total time               =      9.993033 s
Total packets            =           242
Minimum delay            =      0.001409 s
Maximum delay            =      0.006573 s
Average delay            =      0.001709 s
Average jitter           =      0.000211 s
Delay standard deviation =      0.000531 s
Bytes received           =         10456
Average bitrate          =      8.370632 Kbit/s
Average packet rate      =     24.216872 pkt/s
Packets dropped          =             0 (0.00 %)
Average loss-burst size  =      0.000000 pkt
----------------------------------------------------------

__________________________________________________________
****************  TOTAL RESULTS   ******************
__________________________________________________________
Number of flows          =             1
Total time               =      9.993033 s
Total packets            =           242
Minimum delay            =      0.001409 s
Maximum delay            =      0.006573 s
Average delay            =      0.001709 s
Average jitter           =      0.000211 s
Delay standard deviation =      0.000531 s
Bytes received           =         10456
Average bitrate          =      8.370632 Kbit/s
Average packet rate      =     24.216872 pkt/s
Packets dropped          =             0 (0.00 %)
Average loss-burst size  =             0 pkt
Error lines              =             0
----------------------------------------------------------
