ITGDec version 2.8.1 (r1023)
Compile-time options: bursty multiport
----------------------------------------------------------
Flow number: 1
From 192.168.10.7:33741
To    192.168.10.5:8999
----------------------------------------------------------
Total time               =      8.937775 s
Total packets            =             6
Minimum delay            =      0.001653 s
Maximum delay            =      0.002029 s
Average delay            =      0.001802 s
Average jitter           =      0.000200 s
Delay standard deviation =      0.000127 s
Bytes received           =           911
Average bitrate          =      0.815415 Kbit/s
Average packet rate      =      0.671308 pkt/s
Packets dropped          =             0 (0.00 %)
Average loss-burst size  =      0.000000 pkt
----------------------------------------------------------

__________________________________________________________
****************  TOTAL RESULTS   ******************
__________________________________________________________
Number of flows          =             1
Total time               =      8.937775 s
Total packets            =             6
Minimum delay            =      0.001653 s
Maximum delay            =      0.002029 s
Average delay            =      0.001802 s
Average jitter           =      0.000200 s
Delay standard deviation =      0.000127 s
Bytes received           =           911
Average bitrate          =      0.815415 Kbit/s
Average packet rate      =      0.671308 pkt/s
Packets dropped          =             0 (0.00 %)
Average loss-burst size  =             0 pkt
Error lines              =             0
----------------------------------------------------------
