ITGDec version 2.8.1 (r1023)
Compile-time options: bursty multiport
----------------------------------------------------------
Flow number: 1
From 192.168.10.7:33626
To    192.168.10.5:8999
----------------------------------------------------------
Total time               =      9.999398 s
Total packets            =         66656
Minimum delay            =      0.000003 s
Maximum delay            =      1.000177 s
Average delay            =      0.001666 s
Average jitter           =      0.000325 s
Delay standard deviation =      0.039469 s
Bytes received           =      34127872
Average bitrate          =  27303.941297 Kbit/s
Average packet rate      =   6666.001293 pkt/s
Packets dropped          =             0 (0.00 %)
Average loss-burst size  =      0.000000 pkt
----------------------------------------------------------

__________________________________________________________
****************  TOTAL RESULTS   ******************
__________________________________________________________
Number of flows          =             1
Total time               =      9.999398 s
Total packets            =         66656
Minimum delay            =      0.000003 s
Maximum delay            =      1.000177 s
Average delay            =      0.001666 s
Average jitter           =      0.000325 s
Delay standard deviation =      0.039469 s
Bytes received           =      34127872
Average bitrate          =  27303.941297 Kbit/s
Average packet rate      =   6666.001293 pkt/s
Packets dropped          =             0 (0.00 %)
Average loss-burst size  =             0 pkt
Error lines              =             0
----------------------------------------------------------
