ITGDec version 2.8.1 (r1023)
Compile-time options: bursty multiport
----------------------------------------------------------
Flow number: 1
From 192.168.10.7:36902
To    192.168.10.5:8999
----------------------------------------------------------
Total time               =      9.998917 s
Total packets            =        130067
Minimum delay            =      0.000003 s
Maximum delay            =      1.000105 s
Average delay            =      0.001182 s
Average jitter           =      0.000181 s
Delay standard deviation =      0.033827 s
Bytes received           =      16648576
Average bitrate          =  13320.303389 Kbit/s
Average packet rate      =  13008.108778 pkt/s
Packets dropped          =            68 (0.05 %)
Average loss-burst size  =     17.000000 pkt
----------------------------------------------------------

__________________________________________________________
****************  TOTAL RESULTS   ******************
__________________________________________________________
Number of flows          =             1
Total time               =      9.998917 s
Total packets            =        130067
Minimum delay            =      0.000003 s
Maximum delay            =      1.000105 s
Average delay            =      0.001182 s
Average jitter           =      0.000181 s
Delay standard deviation =      0.033827 s
Bytes received           =      16648576
Average bitrate          =  13320.303389 Kbit/s
Average packet rate      =  13008.108778 pkt/s
Packets dropped          =            68 (0.05 %)
Average loss-burst size  =     17.000000 pkt
Error lines              =             0
----------------------------------------------------------
