ITGDec version 2.8.1 (r1023)
Compile-time options: bursty multiport
----------------------------------------------------------
Flow number: 1
From 192.168.10.7:45346
To    192.168.10.5:8999
----------------------------------------------------------
Total time               =      9.999369 s
Total packets            =         32783
Minimum delay            =      0.000003 s
Maximum delay            =      1.000327 s
Average delay            =      0.001927 s
Average jitter           =      0.000672 s
Delay standard deviation =      0.041296 s
Bytes received           =      41962240
Average bitrate          =  33571.910388 Kbit/s
Average packet rate      =   3278.506874 pkt/s
Packets dropped          =             0 (0.00 %)
Average loss-burst size  =      0.000000 pkt
----------------------------------------------------------

__________________________________________________________
****************  TOTAL RESULTS   ******************
__________________________________________________________
Number of flows          =             1
Total time               =      9.999369 s
Total packets            =         32783
Minimum delay            =      0.000003 s
Maximum delay            =      1.000327 s
Average delay            =      0.001927 s
Average jitter           =      0.000672 s
Delay standard deviation =      0.041296 s
Bytes received           =      41962240
Average bitrate          =  33571.910388 Kbit/s
Average packet rate      =   3278.506874 pkt/s
Packets dropped          =             0 (0.00 %)
Average loss-burst size  =             0 pkt
Error lines              =             0
----------------------------------------------------------
