ITGDec version 2.8.1 (r1023)
Compile-time options: bursty multiport
----------------------------------------------------------
Flow number: 1
From 192.168.10.7:37593
To    192.168.10.5:8999
----------------------------------------------------------
Total time               =      9.999079 s
Total packets            =         32804
Minimum delay            =      0.000005 s
Maximum delay            =      1.000320 s
Average delay            =      0.001898 s
Average jitter           =      0.000671 s
Delay standard deviation =      0.040912 s
Bytes received           =      41989120
Average bitrate          =  33594.390043 Kbit/s
Average packet rate      =   3280.702153 pkt/s
Packets dropped          =             0 (0.00 %)
Average loss-burst size  =      0.000000 pkt
----------------------------------------------------------

__________________________________________________________
****************  TOTAL RESULTS   ******************
__________________________________________________________
Number of flows          =             1
Total time               =      9.999079 s
Total packets            =         32804
Minimum delay            =      0.000005 s
Maximum delay            =      1.000320 s
Average delay            =      0.001898 s
Average jitter           =      0.000671 s
Delay standard deviation =      0.040912 s
Bytes received           =      41989120
Average bitrate          =  33594.390043 Kbit/s
Average packet rate      =   3280.702153 pkt/s
Packets dropped          =             0 (0.00 %)
Average loss-burst size  =             0 pkt
Error lines              =             0
----------------------------------------------------------
