ITGDec version 2.8.1 (r1023)
Compile-time options: bursty multiport
----------------------------------------------------------
Flow number: 1
From 192.168.10.7:51478
To    192.168.10.5:8999
----------------------------------------------------------
Total time               =      9.998914 s
Total packets            =         39231
Minimum delay            =      0.000006 s
Maximum delay            =      1.000266 s
Average delay            =      0.001777 s
Average jitter           =      0.000575 s
Delay standard deviation =      0.039723 s
Bytes received           =      40172544
Average bitrate          =  32141.525770 Kbit/s
Average packet rate      =   3923.526095 pkt/s
Packets dropped          =             0 (0.00 %)
Average loss-burst size  =      0.000000 pkt
----------------------------------------------------------

__________________________________________________________
****************  TOTAL RESULTS   ******************
__________________________________________________________
Number of flows          =             1
Total time               =      9.998914 s
Total packets            =         39231
Minimum delay            =      0.000006 s
Maximum delay            =      1.000266 s
Average delay            =      0.001777 s
Average jitter           =      0.000575 s
Delay standard deviation =      0.039723 s
Bytes received           =      40172544
Average bitrate          =  32141.525770 Kbit/s
Average packet rate      =   3923.526095 pkt/s
Packets dropped          =             0 (0.00 %)
Average loss-burst size  =             0 pkt
Error lines              =             0
----------------------------------------------------------
