ITGDec version 2.8.1 (r1023)
Compile-time options: bursty multiport
----------------------------------------------------------
Flow number: 1
From 192.168.10.7:43580
To    192.168.10.5:8999
----------------------------------------------------------
Total time               =      9.999137 s
Total packets            =        130008
Minimum delay            =      0.000003 s
Maximum delay            =      1.000110 s
Average delay            =      0.000967 s
Average jitter           =      0.000181 s
Delay standard deviation =      0.030494 s
Bytes received           =      16641024
Average bitrate          =  13313.968195 Kbit/s
Average packet rate      =  13001.922066 pkt/s
Packets dropped          =             8 (0.01 %)
Average loss-burst size  =      4.000000 pkt
----------------------------------------------------------

__________________________________________________________
****************  TOTAL RESULTS   ******************
__________________________________________________________
Number of flows          =             1
Total time               =      9.999137 s
Total packets            =        130008
Minimum delay            =      0.000003 s
Maximum delay            =      1.000110 s
Average delay            =      0.000967 s
Average jitter           =      0.000181 s
Delay standard deviation =      0.030494 s
Bytes received           =      16641024
Average bitrate          =  13313.968195 Kbit/s
Average packet rate      =  13001.922066 pkt/s
Packets dropped          =             8 (0.01 %)
Average loss-burst size  =      4.000000 pkt
Error lines              =             0
----------------------------------------------------------
