ITGDec version 2.8.1 (r1023)
Compile-time options: bursty multiport
----------------------------------------------------------
Flow number: 1
From 192.168.10.7:45333
To    192.168.10.5:8999
----------------------------------------------------------
Total time               =      9.998961 s
Total packets            =         32819
Minimum delay            =      0.000003 s
Maximum delay            =      1.000319 s
Average delay            =      0.001898 s
Average jitter           =      0.000670 s
Delay standard deviation =      0.040903 s
Bytes received           =      42008320
Average bitrate          =  33610.148094 Kbit/s
Average packet rate      =   3282.241025 pkt/s
Packets dropped          =             0 (0.00 %)
Average loss-burst size  =      0.000000 pkt
----------------------------------------------------------

__________________________________________________________
****************  TOTAL RESULTS   ******************
__________________________________________________________
Number of flows          =             1
Total time               =      9.998961 s
Total packets            =         32819
Minimum delay            =      0.000003 s
Maximum delay            =      1.000319 s
Average delay            =      0.001898 s
Average jitter           =      0.000670 s
Delay standard deviation =      0.040903 s
Bytes received           =      42008320
Average bitrate          =  33610.148094 Kbit/s
Average packet rate      =   3282.241025 pkt/s
Packets dropped          =             0 (0.00 %)
Average loss-burst size  =             0 pkt
Error lines              =             0
----------------------------------------------------------
