ITGDec version 2.8.1 (r1023)
Compile-time options: bursty multiport
----------------------------------------------------------
Flow number: 1
From 192.168.10.7:41067
To    192.168.10.5:8999
----------------------------------------------------------
Total time               =      9.999721 s
Total packets            =         39246
Minimum delay            =      0.000004 s
Maximum delay            =      1.000267 s
Average delay            =      0.001826 s
Average jitter           =      0.000575 s
Delay standard deviation =      0.040349 s
Bytes received           =      40187904
Average bitrate          =  32151.220219 Kbit/s
Average packet rate      =   3924.709499 pkt/s
Packets dropped          =             0 (0.00 %)
Average loss-burst size  =      0.000000 pkt
----------------------------------------------------------

__________________________________________________________
****************  TOTAL RESULTS   ******************
__________________________________________________________
Number of flows          =             1
Total time               =      9.999721 s
Total packets            =         39246
Minimum delay            =      0.000004 s
Maximum delay            =      1.000267 s
Average delay            =      0.001826 s
Average jitter           =      0.000575 s
Delay standard deviation =      0.040349 s
Bytes received           =      40187904
Average bitrate          =  32151.220219 Kbit/s
Average packet rate      =   3924.709499 pkt/s
Packets dropped          =             0 (0.00 %)
Average loss-burst size  =             0 pkt
Error lines              =             0
----------------------------------------------------------
