ITGDec version 2.8.1 (r1023)
Compile-time options: bursty multiport
----------------------------------------------------------
Flow number: 1
From 192.168.10.7:57199
To    192.168.10.5:8999
----------------------------------------------------------
Total time               =      9.999336 s
Total packets            =        100843
Minimum delay            =      0.000003 s
Maximum delay            =      1.000113 s
Average delay            =      0.001090 s
Average jitter           =      0.000225 s
Delay standard deviation =      0.032251 s
Bytes received           =      25815808
Average bitrate          =  20654.017827 Kbit/s
Average packet rate      =  10084.969642 pkt/s
Packets dropped          =            82 (0.08 %)
Average loss-burst size  =     27.333333 pkt
----------------------------------------------------------

__________________________________________________________
****************  TOTAL RESULTS   ******************
__________________________________________________________
Number of flows          =             1
Total time               =      9.999336 s
Total packets            =        100843
Minimum delay            =      0.000003 s
Maximum delay            =      1.000113 s
Average delay            =      0.001090 s
Average jitter           =      0.000225 s
Delay standard deviation =      0.032251 s
Bytes received           =      25815808
Average bitrate          =  20654.017827 Kbit/s
Average packet rate      =  10084.969642 pkt/s
Packets dropped          =            82 (0.08 %)
Average loss-burst size  =     27.333333 pkt
Error lines              =             0
----------------------------------------------------------
