ITGDec version 2.8.1 (r1023)
Compile-time options: bursty multiport
----------------------------------------------------------
Flow number: 1
From 192.168.10.7:49712
To    192.168.10.5:8999
----------------------------------------------------------
Total time               =      9.998930 s
Total packets            =        100313
Minimum delay            =      0.000004 s
Maximum delay            =      1.000103 s
Average delay            =      0.001036 s
Average jitter           =      0.000226 s
Delay standard deviation =      0.031400 s
Bytes received           =      25680128
Average bitrate          =  20546.300854 Kbit/s
Average packet rate      =  10032.373464 pkt/s
Packets dropped          =             0 (0.00 %)
Average loss-burst size  =      0.000000 pkt
----------------------------------------------------------

__________________________________________________________
****************  TOTAL RESULTS   ******************
__________________________________________________________
Number of flows          =             1
Total time               =      9.998930 s
Total packets            =        100313
Minimum delay            =      0.000004 s
Maximum delay            =      1.000103 s
Average delay            =      0.001036 s
Average jitter           =      0.000226 s
Delay standard deviation =      0.031400 s
Bytes received           =      25680128
Average bitrate          =  20546.300854 Kbit/s
Average packet rate      =  10032.373464 pkt/s
Packets dropped          =             0 (0.00 %)
Average loss-burst size  =             0 pkt
Error lines              =             0
----------------------------------------------------------
