ITGDec version 2.8.1 (r1023)
Compile-time options: bursty multiport
----------------------------------------------------------
Flow number: 1
From 192.168.10.7:37930
To    192.168.10.5:8999
----------------------------------------------------------
Total time               =      9.999403 s
Total packets            =        130826
Minimum delay            =      0.000003 s
Maximum delay            =      1.000101 s
Average delay            =      0.001000 s
Average jitter           =      0.000180 s
Delay standard deviation =      0.031019 s
Bytes received           =      16745728
Average bitrate          =  13397.382224 Kbit/s
Average packet rate      =  13083.381078 pkt/s
Packets dropped          =            46 (0.04 %)
Average loss-burst size  =      9.200000 pkt
----------------------------------------------------------

__________________________________________________________
****************  TOTAL RESULTS   ******************
__________________________________________________________
Number of flows          =             1
Total time               =      9.999403 s
Total packets            =        130826
Minimum delay            =      0.000003 s
Maximum delay            =      1.000101 s
Average delay            =      0.001000 s
Average jitter           =      0.000180 s
Delay standard deviation =      0.031019 s
Bytes received           =      16745728
Average bitrate          =  13397.382224 Kbit/s
Average packet rate      =  13083.381078 pkt/s
Packets dropped          =            46 (0.04 %)
Average loss-burst size  =      9.200000 pkt
Error lines              =             0
----------------------------------------------------------
