ITGDec version 2.8.1 (r1023)
Compile-time options: bursty multiport
----------------------------------------------------------
Flow number: 1
From 192.168.10.7:55731
To    192.168.10.5:8999
----------------------------------------------------------
Total time               =      9.999122 s
Total packets            =        130843
Minimum delay            =      0.000003 s
Maximum delay            =      1.000097 s
Average delay            =      0.000977 s
Average jitter           =      0.000180 s
Delay standard deviation =      0.030646 s
Bytes received           =      16747904
Average bitrate          =  13399.499676 Kbit/s
Average packet rate      =  13085.448902 pkt/s
Packets dropped          =            56 (0.04 %)
Average loss-burst size  =     14.000000 pkt
----------------------------------------------------------

__________________________________________________________
****************  TOTAL RESULTS   ******************
__________________________________________________________
Number of flows          =             1
Total time               =      9.999122 s
Total packets            =        130843
Minimum delay            =      0.000003 s
Maximum delay            =      1.000097 s
Average delay            =      0.000977 s
Average jitter           =      0.000180 s
Delay standard deviation =      0.030646 s
Bytes received           =      16747904
Average bitrate          =  13399.499676 Kbit/s
Average packet rate      =  13085.448902 pkt/s
Packets dropped          =            56 (0.04 %)
Average loss-burst size  =     14.000000 pkt
Error lines              =             0
----------------------------------------------------------
