ITGDec version 2.8.1 (r1023)
Compile-time options: bursty multiport
----------------------------------------------------------
Flow number: 1
From 192.168.10.7:35505
To    192.168.10.5:8999
----------------------------------------------------------
Total time               =      9.999138 s
Total packets            =         66720
Minimum delay            =      0.000004 s
Maximum delay            =      1.000166 s
Average delay            =      0.001351 s
Average jitter           =      0.000324 s
Delay standard deviation =      0.035248 s
Bytes received           =      34160640
Average bitrate          =  27330.867921 Kbit/s
Average packet rate      =   6672.575176 pkt/s
Packets dropped          =             0 (0.00 %)
Average loss-burst size  =      0.000000 pkt
----------------------------------------------------------

__________________________________________________________
****************  TOTAL RESULTS   ******************
__________________________________________________________
Number of flows          =             1
Total time               =      9.999138 s
Total packets            =         66720
Minimum delay            =      0.000004 s
Maximum delay            =      1.000166 s
Average delay            =      0.001351 s
Average jitter           =      0.000324 s
Delay standard deviation =      0.035248 s
Bytes received           =      34160640
Average bitrate          =  27330.867921 Kbit/s
Average packet rate      =   6672.575176 pkt/s
Packets dropped          =             0 (0.00 %)
Average loss-burst size  =             0 pkt
Error lines              =             0
----------------------------------------------------------
