ITGDec version 2.8.1 (r1023)
Compile-time options: bursty multiport
----------------------------------------------------------
Flow number: 1
From 192.168.10.7:36422
To    192.168.10.5:8999
----------------------------------------------------------
Total time               =      9.999003 s
Total packets            =        130338
Minimum delay            =      0.000003 s
Maximum delay            =      1.000103 s
Average delay            =      0.001019 s
Average jitter           =      0.000180 s
Delay standard deviation =      0.031323 s
Bytes received           =      16683264
Average bitrate          =  13347.941990 Kbit/s
Average packet rate      =  13035.099599 pkt/s
Packets dropped          =             0 (0.00 %)
Average loss-burst size  =      0.000000 pkt
----------------------------------------------------------

__________________________________________________________
****************  TOTAL RESULTS   ******************
__________________________________________________________
Number of flows          =             1
Total time               =      9.999003 s
Total packets            =        130338
Minimum delay            =      0.000003 s
Maximum delay            =      1.000103 s
Average delay            =      0.001019 s
Average jitter           =      0.000180 s
Delay standard deviation =      0.031323 s
Bytes received           =      16683264
Average bitrate          =  13347.941990 Kbit/s
Average packet rate      =  13035.099599 pkt/s
Packets dropped          =             0 (0.00 %)
Average loss-burst size  =             0 pkt
Error lines              =             0
----------------------------------------------------------
