ITGDec version 2.8.1 (r1023)
Compile-time options: bursty multiport
----------------------------------------------------------
Flow number: 1
From 192.168.10.7:43094
To    192.168.10.5:8999
----------------------------------------------------------
Total time               =      9.999536 s
Total packets            =         39218
Minimum delay            =      0.000003 s
Maximum delay            =      1.000266 s
Average delay            =      0.001852 s
Average jitter           =      0.000569 s
Delay standard deviation =      0.040677 s
Bytes received           =      40159232
Average bitrate          =  32128.876380 Kbit/s
Average packet rate      =   3921.981980 pkt/s
Packets dropped          =             0 (0.00 %)
Average loss-burst size  =      0.000000 pkt
----------------------------------------------------------

__________________________________________________________
****************  TOTAL RESULTS   ******************
__________________________________________________________
Number of flows          =             1
Total time               =      9.999536 s
Total packets            =         39218
Minimum delay            =      0.000003 s
Maximum delay            =      1.000266 s
Average delay            =      0.001852 s
Average jitter           =      0.000569 s
Delay standard deviation =      0.040677 s
Bytes received           =      40159232
Average bitrate          =  32128.876380 Kbit/s
Average packet rate      =   3921.981980 pkt/s
Packets dropped          =             0 (0.00 %)
Average loss-burst size  =             0 pkt
Error lines              =             0
----------------------------------------------------------
