ITGDec version 2.8.1 (r1023)
Compile-time options: bursty multiport
----------------------------------------------------------
Flow number: 1
From 192.168.10.7:53379
To    192.168.10.5:8999
----------------------------------------------------------
Total time               =      9.999041 s
Total packets            =        131475
Minimum delay            =      0.000003 s
Maximum delay            =      1.000117 s
Average delay            =      0.001064 s
Average jitter           =      0.000179 s
Delay standard deviation =      0.032028 s
Bytes received           =      16828800
Average bitrate          =  13464.331229 Kbit/s
Average packet rate      =  13148.760966 pkt/s
Packets dropped          =            71 (0.05 %)
Average loss-burst size  =     17.750000 pkt
----------------------------------------------------------

__________________________________________________________
****************  TOTAL RESULTS   ******************
__________________________________________________________
Number of flows          =             1
Total time               =      9.999041 s
Total packets            =        131475
Minimum delay            =      0.000003 s
Maximum delay            =      1.000117 s
Average delay            =      0.001064 s
Average jitter           =      0.000179 s
Delay standard deviation =      0.032028 s
Bytes received           =      16828800
Average bitrate          =  13464.331229 Kbit/s
Average packet rate      =  13148.760966 pkt/s
Packets dropped          =            71 (0.05 %)
Average loss-burst size  =     17.750000 pkt
Error lines              =             0
----------------------------------------------------------
