ITGDec version 2.8.1 (r1023)
Compile-time options: bursty multiport
----------------------------------------------------------
Flow number: 1
From 192.168.10.7:53119
To    192.168.10.5:8999
----------------------------------------------------------
Total time               =      9.998627 s
Total packets            =         66759
Minimum delay            =      0.000003 s
Maximum delay            =      1.000167 s
Average delay            =      0.001426 s
Average jitter           =      0.000323 s
Delay standard deviation =      0.036283 s
Bytes received           =      34180608
Average bitrate          =  27348.241314 Kbit/s
Average packet rate      =   6676.816727 pkt/s
Packets dropped          =             0 (0.00 %)
Average loss-burst size  =      0.000000 pkt
----------------------------------------------------------

__________________________________________________________
****************  TOTAL RESULTS   ******************
__________________________________________________________
Number of flows          =             1
Total time               =      9.998627 s
Total packets            =         66759
Minimum delay            =      0.000003 s
Maximum delay            =      1.000167 s
Average delay            =      0.001426 s
Average jitter           =      0.000323 s
Delay standard deviation =      0.036283 s
Bytes received           =      34180608
Average bitrate          =  27348.241314 Kbit/s
Average packet rate      =   6676.816727 pkt/s
Packets dropped          =             0 (0.00 %)
Average loss-burst size  =             0 pkt
Error lines              =             0
----------------------------------------------------------
