ITGDec version 2.8.1 (r1023)
Compile-time options: bursty multiport
----------------------------------------------------------
Flow number: 1
From 192.168.10.7:59130
To    192.168.10.5:8999
----------------------------------------------------------
Total time               =      9.999302 s
Total packets            =         32780
Minimum delay            =      0.000003 s
Maximum delay            =      1.000319 s
Average delay            =      0.002600 s
Average jitter           =      0.000672 s
Delay standard deviation =      0.048722 s
Bytes received           =      41958400
Average bitrate          =  33569.063121 Kbit/s
Average packet rate      =   3278.228820 pkt/s
Packets dropped          =             0 (0.00 %)
Average loss-burst size  =      0.000000 pkt
----------------------------------------------------------

__________________________________________________________
****************  TOTAL RESULTS   ******************
__________________________________________________________
Number of flows          =             1
Total time               =      9.999302 s
Total packets            =         32780
Minimum delay            =      0.000003 s
Maximum delay            =      1.000319 s
Average delay            =      0.002600 s
Average jitter           =      0.000672 s
Delay standard deviation =      0.048722 s
Bytes received           =      41958400
Average bitrate          =  33569.063121 Kbit/s
Average packet rate      =   3278.228820 pkt/s
Packets dropped          =             0 (0.00 %)
Average loss-burst size  =             0 pkt
Error lines              =             0
----------------------------------------------------------
