ITGDec version 2.8.1 (r1023)
Compile-time options: bursty multiport
----------------------------------------------------------
Flow number: 1
From 192.168.10.7:36025
To    192.168.10.5:8999
----------------------------------------------------------
Total time               =      9.999214 s
Total packets            =        129840
Minimum delay            =      0.000003 s
Maximum delay            =      1.000103 s
Average delay            =      0.001038 s
Average jitter           =      0.000181 s
Delay standard deviation =      0.031627 s
Bytes received           =      16619520
Average bitrate          =  13296.661118 Kbit/s
Average packet rate      =  12985.020623 pkt/s
Packets dropped          =            33 (0.03 %)
Average loss-burst size  =     11.000000 pkt
----------------------------------------------------------

__________________________________________________________
****************  TOTAL RESULTS   ******************
__________________________________________________________
Number of flows          =             1
Total time               =      9.999214 s
Total packets            =        129840
Minimum delay            =      0.000003 s
Maximum delay            =      1.000103 s
Average delay            =      0.001038 s
Average jitter           =      0.000181 s
Delay standard deviation =      0.031627 s
Bytes received           =      16619520
Average bitrate          =  13296.661118 Kbit/s
Average packet rate      =  12985.020623 pkt/s
Packets dropped          =            33 (0.03 %)
Average loss-burst size  =     11.000000 pkt
Error lines              =             0
----------------------------------------------------------
