ITGDec version 2.8.1 (r1023)
Compile-time options: bursty multiport
----------------------------------------------------------
Flow number: 1
From 192.168.10.7:44648
To    192.168.10.5:8999
----------------------------------------------------------
Total time               =      9.999479 s
Total packets            =        132923
Minimum delay            =      0.000002 s
Maximum delay            =      1.000111 s
Average delay            =      0.001075 s
Average jitter           =      0.000177 s
Delay standard deviation =      0.032204 s
Bytes received           =      17014144
Average bitrate          =  13612.024386 Kbit/s
Average packet rate      =  13292.992565 pkt/s
Packets dropped          =            90 (0.07 %)
Average loss-burst size  =     22.500000 pkt
----------------------------------------------------------

__________________________________________________________
****************  TOTAL RESULTS   ******************
__________________________________________________________
Number of flows          =             1
Total time               =      9.999479 s
Total packets            =        132923
Minimum delay            =      0.000002 s
Maximum delay            =      1.000111 s
Average delay            =      0.001075 s
Average jitter           =      0.000177 s
Delay standard deviation =      0.032204 s
Bytes received           =      17014144
Average bitrate          =  13612.024386 Kbit/s
Average packet rate      =  13292.992565 pkt/s
Packets dropped          =            90 (0.07 %)
Average loss-burst size  =     22.500000 pkt
Error lines              =             0
----------------------------------------------------------
