ITGDec version 2.8.1 (r1023)
Compile-time options: bursty multiport
----------------------------------------------------------
Flow number: 1
From 192.168.10.7:44035
To    192.168.10.5:8999
----------------------------------------------------------
Total time               =      9.999322 s
Total packets            =        131862
Minimum delay            =      0.000003 s
Maximum delay            =      1.000100 s
Average delay            =      0.001121 s
Average jitter           =      0.000178 s
Delay standard deviation =      0.032913 s
Bytes received           =      16878336
Average bitrate          =  13503.584343 Kbit/s
Average packet rate      =  13187.094085 pkt/s
Packets dropped          =            64 (0.05 %)
Average loss-burst size  =     32.000000 pkt
----------------------------------------------------------

__________________________________________________________
****************  TOTAL RESULTS   ******************
__________________________________________________________
Number of flows          =             1
Total time               =      9.999322 s
Total packets            =        131862
Minimum delay            =      0.000003 s
Maximum delay            =      1.000100 s
Average delay            =      0.001121 s
Average jitter           =      0.000178 s
Delay standard deviation =      0.032913 s
Bytes received           =      16878336
Average bitrate          =  13503.584343 Kbit/s
Average packet rate      =  13187.094085 pkt/s
Packets dropped          =            64 (0.05 %)
Average loss-burst size  =     32.000000 pkt
Error lines              =             0
----------------------------------------------------------
