ITGDec version 2.8.1 (r1023)
Compile-time options: bursty multiport
----------------------------------------------------------
Flow number: 1
From 192.168.10.7:58768
To    192.168.10.5:8999
----------------------------------------------------------
Total time               =      9.963333 s
Total packets            =           222
Minimum delay            =      0.001440 s
Maximum delay            =      0.010296 s
Average delay            =      0.001682 s
Average jitter           =      0.000219 s
Delay standard deviation =      0.000675 s
Bytes received           =          9574
Average bitrate          =      7.687387 Kbit/s
Average packet rate      =     22.281700 pkt/s
Packets dropped          =             0 (0.00 %)
Average loss-burst size  =      0.000000 pkt
----------------------------------------------------------

__________________________________________________________
****************  TOTAL RESULTS   ******************
__________________________________________________________
Number of flows          =             1
Total time               =      9.963333 s
Total packets            =           222
Minimum delay            =      0.001440 s
Maximum delay            =      0.010296 s
Average delay            =      0.001682 s
Average jitter           =      0.000219 s
Delay standard deviation =      0.000675 s
Bytes received           =          9574
Average bitrate          =      7.687387 Kbit/s
Average packet rate      =     22.281700 pkt/s
Packets dropped          =             0 (0.00 %)
Average loss-burst size  =             0 pkt
Error lines              =             0
----------------------------------------------------------
