ITGDec version 2.8.1 (r1023)
Compile-time options: bursty multiport
----------------------------------------------------------
Flow number: 1
From 192.168.10.7:55889
To    192.168.10.5:8999
----------------------------------------------------------
Total time               =      9.999078 s
Total packets            =         32769
Minimum delay            =      0.000004 s
Maximum delay            =      1.000320 s
Average delay            =      0.001961 s
Average jitter           =      0.000671 s
Delay standard deviation =      0.041670 s
Bytes received           =      41944320
Average bitrate          =  33558.550098 Kbit/s
Average packet rate      =   3277.202158 pkt/s
Packets dropped          =             0 (0.00 %)
Average loss-burst size  =      0.000000 pkt
----------------------------------------------------------

__________________________________________________________
****************  TOTAL RESULTS   ******************
__________________________________________________________
Number of flows          =             1
Total time               =      9.999078 s
Total packets            =         32769
Minimum delay            =      0.000004 s
Maximum delay            =      1.000320 s
Average delay            =      0.001961 s
Average jitter           =      0.000671 s
Delay standard deviation =      0.041670 s
Bytes received           =      41944320
Average bitrate          =  33558.550098 Kbit/s
Average packet rate      =   3277.202158 pkt/s
Packets dropped          =             0 (0.00 %)
Average loss-burst size  =             0 pkt
Error lines              =             0
----------------------------------------------------------
