ITGDec version 2.8.1 (r1023)
Compile-time options: bursty multiport
----------------------------------------------------------
Flow number: 1
From 192.168.10.7:49834
To    192.168.10.5:8999
----------------------------------------------------------
Total time               =      9.999374 s
Total packets            =         32767
Minimum delay            =      0.000004 s
Maximum delay            =      1.000318 s
Average delay            =      0.001929 s
Average jitter           =      0.000673 s
Delay standard deviation =      0.041306 s
Bytes received           =      41941760
Average bitrate          =  33555.508575 Kbit/s
Average packet rate      =   3276.905134 pkt/s
Packets dropped          =             0 (0.00 %)
Average loss-burst size  =      0.000000 pkt
----------------------------------------------------------

__________________________________________________________
****************  TOTAL RESULTS   ******************
__________________________________________________________
Number of flows          =             1
Total time               =      9.999374 s
Total packets            =         32767
Minimum delay            =      0.000004 s
Maximum delay            =      1.000318 s
Average delay            =      0.001929 s
Average jitter           =      0.000673 s
Delay standard deviation =      0.041306 s
Bytes received           =      41941760
Average bitrate          =  33555.508575 Kbit/s
Average packet rate      =   3276.905134 pkt/s
Packets dropped          =             0 (0.00 %)
Average loss-burst size  =             0 pkt
Error lines              =             0
----------------------------------------------------------
