ITGDec version 2.8.1 (r1023)
Compile-time options: bursty multiport
----------------------------------------------------------
Flow number: 1
From 192.168.10.7:40318
To    192.168.10.5:8999
----------------------------------------------------------
Total time               =      9.984110 s
Total packets            =           243
Minimum delay            =      0.001476 s
Maximum delay            =      0.009493 s
Average delay            =      0.001713 s
Average jitter           =      0.000229 s
Delay standard deviation =      0.000657 s
Bytes received           =         10596
Average bitrate          =      8.490291 Kbit/s
Average packet rate      =     24.338674 pkt/s
Packets dropped          =             0 (0.00 %)
Average loss-burst size  =      0.000000 pkt
----------------------------------------------------------

__________________________________________________________
****************  TOTAL RESULTS   ******************
__________________________________________________________
Number of flows          =             1
Total time               =      9.984110 s
Total packets            =           243
Minimum delay            =      0.001476 s
Maximum delay            =      0.009493 s
Average delay            =      0.001713 s
Average jitter           =      0.000229 s
Delay standard deviation =      0.000657 s
Bytes received           =         10596
Average bitrate          =      8.490291 Kbit/s
Average packet rate      =     24.338674 pkt/s
Packets dropped          =             0 (0.00 %)
Average loss-burst size  =             0 pkt
Error lines              =             0
----------------------------------------------------------
