ITGDec version 2.8.1 (r1023)
Compile-time options: bursty multiport
----------------------------------------------------------
Flow number: 1
From 192.168.10.7:38096
To    192.168.10.5:8999
----------------------------------------------------------
Total time               =      9.999172 s
Total packets            =         66593
Minimum delay            =      0.000004 s
Maximum delay            =      1.000166 s
Average delay            =      0.001278 s
Average jitter           =      0.000326 s
Delay standard deviation =      0.034204 s
Bytes received           =      34095616
Average bitrate          =  27278.751481 Kbit/s
Average packet rate      =   6659.851436 pkt/s
Packets dropped          =             9 (0.01 %)
Average loss-burst size  =      9.000000 pkt
----------------------------------------------------------

__________________________________________________________
****************  TOTAL RESULTS   ******************
__________________________________________________________
Number of flows          =             1
Total time               =      9.999172 s
Total packets            =         66593
Minimum delay            =      0.000004 s
Maximum delay            =      1.000166 s
Average delay            =      0.001278 s
Average jitter           =      0.000326 s
Delay standard deviation =      0.034204 s
Bytes received           =      34095616
Average bitrate          =  27278.751481 Kbit/s
Average packet rate      =   6659.851436 pkt/s
Packets dropped          =             9 (0.01 %)
Average loss-burst size  =      9.000000 pkt
Error lines              =             0
----------------------------------------------------------
