ITGDec version 2.8.1 (r1023)
Compile-time options: bursty multiport
----------------------------------------------------------
Flow number: 1
From 192.168.10.7:33799
To    192.168.10.5:8999
----------------------------------------------------------
Total time               =      9.996466 s
Total packets            =        167130
Minimum delay            =      0.000002 s
Maximum delay            =      1.000074 s
Average delay            =      0.000988 s
Average jitter           =      0.000136 s
Delay standard deviation =      0.031023 s
Bytes received           =      10696320
Average bitrate          =   8560.081133 Kbit/s
Average packet rate      =  16718.908462 pkt/s
Packets dropped          =             0 (0.00 %)
Average loss-burst size  =      0.000000 pkt
----------------------------------------------------------

__________________________________________________________
****************  TOTAL RESULTS   ******************
__________________________________________________________
Number of flows          =             1
Total time               =      9.996466 s
Total packets            =        167130
Minimum delay            =      0.000002 s
Maximum delay            =      1.000074 s
Average delay            =      0.000988 s
Average jitter           =      0.000136 s
Delay standard deviation =      0.031023 s
Bytes received           =      10696320
Average bitrate          =   8560.081133 Kbit/s
Average packet rate      =  16718.908462 pkt/s
Packets dropped          =             0 (0.00 %)
Average loss-burst size  =             0 pkt
Error lines              =             0
----------------------------------------------------------
