ITGDec version 2.8.1 (r1023)
Compile-time options: bursty multiport
----------------------------------------------------------
Flow number: 1
From 192.168.10.7:56924
To    192.168.10.5:8999
----------------------------------------------------------
Total time               =      9.999358 s
Total packets            =         99443
Minimum delay            =      0.000003 s
Maximum delay            =      1.000112 s
Average delay            =      0.001115 s
Average jitter           =      0.000228 s
Delay standard deviation =      0.032631 s
Bytes received           =      25457408
Average bitrate          =  20367.233976 Kbit/s
Average packet rate      =   9944.938465 pkt/s
Packets dropped          =            33 (0.03 %)
Average loss-burst size  =     16.500000 pkt
----------------------------------------------------------

__________________________________________________________
****************  TOTAL RESULTS   ******************
__________________________________________________________
Number of flows          =             1
Total time               =      9.999358 s
Total packets            =         99443
Minimum delay            =      0.000003 s
Maximum delay            =      1.000112 s
Average delay            =      0.001115 s
Average jitter           =      0.000228 s
Delay standard deviation =      0.032631 s
Bytes received           =      25457408
Average bitrate          =  20367.233976 Kbit/s
Average packet rate      =   9944.938465 pkt/s
Packets dropped          =            33 (0.03 %)
Average loss-burst size  =     16.500000 pkt
Error lines              =             0
----------------------------------------------------------
