ITGDec version 2.8.1 (r1023)
Compile-time options: bursty multiport
----------------------------------------------------------
Flow number: 1
From 192.168.10.7:54255
To    192.168.10.5:8999
----------------------------------------------------------
Total time               =      8.937982 s
Total packets            =             6
Minimum delay            =      0.001831 s
Maximum delay            =      0.002195 s
Average delay            =      0.001964 s
Average jitter           =      0.000201 s
Delay standard deviation =      0.000117 s
Bytes received           =          1173
Average bitrate          =      1.049901 Kbit/s
Average packet rate      =      0.671292 pkt/s
Packets dropped          =             0 (0.00 %)
Average loss-burst size  =      0.000000 pkt
----------------------------------------------------------

__________________________________________________________
****************  TOTAL RESULTS   ******************
__________________________________________________________
Number of flows          =             1
Total time               =      8.937982 s
Total packets            =             6
Minimum delay            =      0.001831 s
Maximum delay            =      0.002195 s
Average delay            =      0.001964 s
Average jitter           =      0.000201 s
Delay standard deviation =      0.000117 s
Bytes received           =          1173
Average bitrate          =      1.049901 Kbit/s
Average packet rate      =      0.671292 pkt/s
Packets dropped          =             0 (0.00 %)
Average loss-burst size  =             0 pkt
Error lines              =             0
----------------------------------------------------------
