ITGDec version 2.8.1 (r1023)
Compile-time options: bursty multiport
----------------------------------------------------------
Flow number: 1
From 192.168.10.7:60651
To    192.168.10.5:8999
----------------------------------------------------------
Total time               =      9.999380 s
Total packets            =        100614
Minimum delay            =      0.000003 s
Maximum delay            =      1.000095 s
Average delay            =      0.001062 s
Average jitter           =      0.000226 s
Delay standard deviation =      0.031824 s
Bytes received           =      25757184
Average bitrate          =  20607.024836 Kbit/s
Average packet rate      =  10062.023845 pkt/s
Packets dropped          =            46 (0.05 %)
Average loss-burst size  =     46.000000 pkt
----------------------------------------------------------

__________________________________________________________
****************  TOTAL RESULTS   ******************
__________________________________________________________
Number of flows          =             1
Total time               =      9.999380 s
Total packets            =        100614
Minimum delay            =      0.000003 s
Maximum delay            =      1.000095 s
Average delay            =      0.001062 s
Average jitter           =      0.000226 s
Delay standard deviation =      0.031824 s
Bytes received           =      25757184
Average bitrate          =  20607.024836 Kbit/s
Average packet rate      =  10062.023845 pkt/s
Packets dropped          =            46 (0.05 %)
Average loss-burst size  =     46.000000 pkt
Error lines              =             0
----------------------------------------------------------
