ITGDec version 2.8.1 (r1023)
Compile-time options: bursty multiport
----------------------------------------------------------
Flow number: 1
From 192.168.10.7:43586
To    192.168.10.5:8999
----------------------------------------------------------
Total time               =      9.999373 s
Total packets            =        100719
Minimum delay            =      0.000003 s
Maximum delay            =      1.000112 s
Average delay            =      0.001031 s
Average jitter           =      0.000225 s
Delay standard deviation =      0.031336 s
Bytes received           =      25784064
Average bitrate          =  20628.544610 Kbit/s
Average packet rate      =  10072.531548 pkt/s
Packets dropped          =            34 (0.03 %)
Average loss-burst size  =     34.000000 pkt
----------------------------------------------------------

__________________________________________________________
****************  TOTAL RESULTS   ******************
__________________________________________________________
Number of flows          =             1
Total time               =      9.999373 s
Total packets            =        100719
Minimum delay            =      0.000003 s
Maximum delay            =      1.000112 s
Average delay            =      0.001031 s
Average jitter           =      0.000225 s
Delay standard deviation =      0.031336 s
Bytes received           =      25784064
Average bitrate          =  20628.544610 Kbit/s
Average packet rate      =  10072.531548 pkt/s
Packets dropped          =            34 (0.03 %)
Average loss-burst size  =     34.000000 pkt
Error lines              =             0
----------------------------------------------------------
