ITGDec version 2.8.1 (r1023)
Compile-time options: bursty multiport
----------------------------------------------------------
Flow number: 1
From 192.168.10.7:55110
To    192.168.10.5:8999
----------------------------------------------------------
Total time               =      9.998952 s
Total packets            =        129618
Minimum delay            =      0.000003 s
Maximum delay            =      1.000094 s
Average delay            =      0.001025 s
Average jitter           =      0.000182 s
Delay standard deviation =      0.031409 s
Bytes received           =      16591104
Average bitrate          =  13274.274344 Kbit/s
Average packet rate      =  12963.158539 pkt/s
Packets dropped          =            50 (0.04 %)
Average loss-burst size  =      8.333333 pkt
----------------------------------------------------------

__________________________________________________________
****************  TOTAL RESULTS   ******************
__________________________________________________________
Number of flows          =             1
Total time               =      9.998952 s
Total packets            =        129618
Minimum delay            =      0.000003 s
Maximum delay            =      1.000094 s
Average delay            =      0.001025 s
Average jitter           =      0.000182 s
Delay standard deviation =      0.031409 s
Bytes received           =      16591104
Average bitrate          =  13274.274344 Kbit/s
Average packet rate      =  12963.158539 pkt/s
Packets dropped          =            50 (0.04 %)
Average loss-burst size  =      8.333333 pkt
Error lines              =             0
----------------------------------------------------------
