ITGDec version 2.8.1 (r1023)
Compile-time options: bursty multiport
----------------------------------------------------------
Flow number: 1
From 192.168.10.7:34003
To    192.168.10.5:8999
----------------------------------------------------------
Total time               =      9.998956 s
Total packets            =         66560
Minimum delay            =      0.000003 s
Maximum delay            =      1.000175 s
Average delay            =      0.001293 s
Average jitter           =      0.000326 s
Delay standard deviation =      0.034431 s
Bytes received           =      34078720
Average bitrate          =  27265.822552 Kbit/s
Average packet rate      =   6656.694959 pkt/s
Packets dropped          =             0 (0.00 %)
Average loss-burst size  =      0.000000 pkt
----------------------------------------------------------

__________________________________________________________
****************  TOTAL RESULTS   ******************
__________________________________________________________
Number of flows          =             1
Total time               =      9.998956 s
Total packets            =         66560
Minimum delay            =      0.000003 s
Maximum delay            =      1.000175 s
Average delay            =      0.001293 s
Average jitter           =      0.000326 s
Delay standard deviation =      0.034431 s
Bytes received           =      34078720
Average bitrate          =  27265.822552 Kbit/s
Average packet rate      =   6656.694959 pkt/s
Packets dropped          =             0 (0.00 %)
Average loss-burst size  =             0 pkt
Error lines              =             0
----------------------------------------------------------
