ITGDec version 2.8.1 (r1023)
Compile-time options: bursty multiport
----------------------------------------------------------
Flow number: 1
From 192.168.10.7:51490
To    192.168.10.5:8999
----------------------------------------------------------
Total time               =      8.938058 s
Total packets            =             6
Minimum delay            =      0.001722 s
Maximum delay            =      0.002040 s
Average delay            =      0.001871 s
Average jitter           =      0.000153 s
Delay standard deviation =      0.000109 s
Bytes received           =          1347
Average bitrate          =      1.205631 Kbit/s
Average packet rate      =      0.671287 pkt/s
Packets dropped          =             0 (0.00 %)
Average loss-burst size  =      0.000000 pkt
----------------------------------------------------------

__________________________________________________________
****************  TOTAL RESULTS   ******************
__________________________________________________________
Number of flows          =             1
Total time               =      8.938058 s
Total packets            =             6
Minimum delay            =      0.001722 s
Maximum delay            =      0.002040 s
Average delay            =      0.001871 s
Average jitter           =      0.000153 s
Delay standard deviation =      0.000109 s
Bytes received           =          1347
Average bitrate          =      1.205631 Kbit/s
Average packet rate      =      0.671287 pkt/s
Packets dropped          =             0 (0.00 %)
Average loss-burst size  =             0 pkt
Error lines              =             0
----------------------------------------------------------
