ITGDec version 2.8.1 (r1023)
Compile-time options: bursty multiport
----------------------------------------------------------
Flow number: 1
From 192.168.10.7:35278
To    192.168.10.5:8999
----------------------------------------------------------
Total time               =      9.999635 s
Total packets            =         66760
Minimum delay            =      0.000004 s
Maximum delay            =      1.000167 s
Average delay            =      0.001291 s
Average jitter           =      0.000323 s
Delay standard deviation =      0.034380 s
Bytes received           =      34181120
Average bitrate          =  27345.894125 Kbit/s
Average packet rate      =   6676.243683 pkt/s
Packets dropped          =             0 (0.00 %)
Average loss-burst size  =      0.000000 pkt
----------------------------------------------------------

__________________________________________________________
****************  TOTAL RESULTS   ******************
__________________________________________________________
Number of flows          =             1
Total time               =      9.999635 s
Total packets            =         66760
Minimum delay            =      0.000004 s
Maximum delay            =      1.000167 s
Average delay            =      0.001291 s
Average jitter           =      0.000323 s
Delay standard deviation =      0.034380 s
Bytes received           =      34181120
Average bitrate          =  27345.894125 Kbit/s
Average packet rate      =   6676.243683 pkt/s
Packets dropped          =             0 (0.00 %)
Average loss-burst size  =             0 pkt
Error lines              =             0
----------------------------------------------------------
