ITGDec version 2.8.1 (r1023)
Compile-time options: bursty multiport
----------------------------------------------------------
Flow number: 1
From 192.168.10.7:54582
To    192.168.10.5:8999
----------------------------------------------------------
Total time               =      9.999200 s
Total packets            =        132705
Minimum delay            =      0.000002 s
Maximum delay            =      1.000111 s
Average delay            =      0.001115 s
Average jitter           =      0.000177 s
Delay standard deviation =      0.032809 s
Bytes received           =      16986240
Average bitrate          =  13590.079206 Kbit/s
Average packet rate      =  13271.561725 pkt/s
Packets dropped          =            40 (0.03 %)
Average loss-burst size  =     20.000000 pkt
----------------------------------------------------------

__________________________________________________________
****************  TOTAL RESULTS   ******************
__________________________________________________________
Number of flows          =             1
Total time               =      9.999200 s
Total packets            =        132705
Minimum delay            =      0.000002 s
Maximum delay            =      1.000111 s
Average delay            =      0.001115 s
Average jitter           =      0.000177 s
Delay standard deviation =      0.032809 s
Bytes received           =      16986240
Average bitrate          =  13590.079206 Kbit/s
Average packet rate      =  13271.561725 pkt/s
Packets dropped          =            40 (0.03 %)
Average loss-burst size  =     20.000000 pkt
Error lines              =             0
----------------------------------------------------------
