ITGDec version 2.8.1 (r1023)
Compile-time options: bursty multiport
----------------------------------------------------------
Flow number: 1
From 192.168.10.7:42339
To    192.168.10.5:8999
----------------------------------------------------------
Total time               =      9.999206 s
Total packets            =         32800
Minimum delay            =      0.000004 s
Maximum delay            =      1.000318 s
Average delay            =      0.001989 s
Average jitter           =      0.000671 s
Delay standard deviation =      0.042013 s
Bytes received           =      41984000
Average bitrate          =  33589.867035 Kbit/s
Average packet rate      =   3280.260453 pkt/s
Packets dropped          =             0 (0.00 %)
Average loss-burst size  =      0.000000 pkt
----------------------------------------------------------

__________________________________________________________
****************  TOTAL RESULTS   ******************
__________________________________________________________
Number of flows          =             1
Total time               =      9.999206 s
Total packets            =         32800
Minimum delay            =      0.000004 s
Maximum delay            =      1.000318 s
Average delay            =      0.001989 s
Average jitter           =      0.000671 s
Delay standard deviation =      0.042013 s
Bytes received           =      41984000
Average bitrate          =  33589.867035 Kbit/s
Average packet rate      =   3280.260453 pkt/s
Packets dropped          =             0 (0.00 %)
Average loss-burst size  =             0 pkt
Error lines              =             0
----------------------------------------------------------
