ITGDec version 2.8.1 (r1023)
Compile-time options: bursty multiport
----------------------------------------------------------
Flow number: 1
From 192.168.10.7:32885
To    192.168.10.5:8999
----------------------------------------------------------
Total time               =      9.998787 s
Total packets            =         66594
Minimum delay            =      0.000004 s
Maximum delay            =      1.000169 s
Average delay            =      0.001293 s
Average jitter           =      0.000325 s
Delay standard deviation =      0.034422 s
Bytes received           =      34096128
Average bitrate          =  27280.211490 Kbit/s
Average packet rate      =   6660.207883 pkt/s
Packets dropped          =             0 (0.00 %)
Average loss-burst size  =      0.000000 pkt
----------------------------------------------------------

__________________________________________________________
****************  TOTAL RESULTS   ******************
__________________________________________________________
Number of flows          =             1
Total time               =      9.998787 s
Total packets            =         66594
Minimum delay            =      0.000004 s
Maximum delay            =      1.000169 s
Average delay            =      0.001293 s
Average jitter           =      0.000325 s
Delay standard deviation =      0.034422 s
Bytes received           =      34096128
Average bitrate          =  27280.211490 Kbit/s
Average packet rate      =   6660.207883 pkt/s
Packets dropped          =             0 (0.00 %)
Average loss-burst size  =             0 pkt
Error lines              =             0
----------------------------------------------------------
