ITGDec version 2.8.1 (r1023)
Compile-time options: bursty multiport
----------------------------------------------------------
Flow number: 1
From 192.168.10.7:49426
To    192.168.10.5:8999
----------------------------------------------------------
Total time               =      9.999092 s
Total packets            =         65780
Minimum delay            =      0.000006 s
Maximum delay            =      1.000170 s
Average delay            =      0.001430 s
Average jitter           =      0.000332 s
Delay standard deviation =      0.036343 s
Bytes received           =      33679360
Average bitrate          =  26945.934691 Kbit/s
Average packet rate      =   6578.597337 pkt/s
Packets dropped          =             0 (0.00 %)
Average loss-burst size  =      0.000000 pkt
----------------------------------------------------------

__________________________________________________________
****************  TOTAL RESULTS   ******************
__________________________________________________________
Number of flows          =             1
Total time               =      9.999092 s
Total packets            =         65780
Minimum delay            =      0.000006 s
Maximum delay            =      1.000170 s
Average delay            =      0.001430 s
Average jitter           =      0.000332 s
Delay standard deviation =      0.036343 s
Bytes received           =      33679360
Average bitrate          =  26945.934691 Kbit/s
Average packet rate      =   6578.597337 pkt/s
Packets dropped          =             0 (0.00 %)
Average loss-burst size  =             0 pkt
Error lines              =             0
----------------------------------------------------------
