ITGDec version 2.8.1 (r1023)
Compile-time options: bursty multiport
----------------------------------------------------------
Flow number: 1
From 192.168.10.7:34270
To    192.168.10.5:8999
----------------------------------------------------------
Total time               =      9.999425 s
Total packets            =        100279
Minimum delay            =      0.000004 s
Maximum delay            =      1.000125 s
Average delay            =      0.002303 s
Average jitter           =      0.000226 s
Delay standard deviation =      0.047419 s
Bytes received           =      25671424
Average bitrate          =  20538.320153 Kbit/s
Average packet rate      =  10028.476637 pkt/s
Packets dropped          =            46 (0.05 %)
Average loss-burst size  =     23.000000 pkt
----------------------------------------------------------

__________________________________________________________
****************  TOTAL RESULTS   ******************
__________________________________________________________
Number of flows          =             1
Total time               =      9.999425 s
Total packets            =        100279
Minimum delay            =      0.000004 s
Maximum delay            =      1.000125 s
Average delay            =      0.002303 s
Average jitter           =      0.000226 s
Delay standard deviation =      0.047419 s
Bytes received           =      25671424
Average bitrate          =  20538.320153 Kbit/s
Average packet rate      =  10028.476637 pkt/s
Packets dropped          =            46 (0.05 %)
Average loss-burst size  =     23.000000 pkt
Error lines              =             0
----------------------------------------------------------
