ITGDec version 2.8.1 (r1023)
Compile-time options: bursty multiport
----------------------------------------------------------
Flow number: 1
From 192.168.10.7:41907
To    192.168.10.5:8999
----------------------------------------------------------
Total time               =      9.999088 s
Total packets            =        170254
Minimum delay            =      0.000002 s
Maximum delay            =      1.000082 s
Average delay            =      0.000953 s
Average jitter           =      0.000133 s
Delay standard deviation =      0.030449 s
Bytes received           =      10896256
Average bitrate          =   8717.799863 Kbit/s
Average packet rate      =  17026.952858 pkt/s
Packets dropped          =             0 (0.00 %)
Average loss-burst size  =      0.000000 pkt
----------------------------------------------------------

__________________________________________________________
****************  TOTAL RESULTS   ******************
__________________________________________________________
Number of flows          =             1
Total time               =      9.999088 s
Total packets            =        170254
Minimum delay            =      0.000002 s
Maximum delay            =      1.000082 s
Average delay            =      0.000953 s
Average jitter           =      0.000133 s
Delay standard deviation =      0.030449 s
Bytes received           =      10896256
Average bitrate          =   8717.799863 Kbit/s
Average packet rate      =  17026.952858 pkt/s
Packets dropped          =             0 (0.00 %)
Average loss-burst size  =             0 pkt
Error lines              =             0
----------------------------------------------------------
