ITGDec version 2.8.1 (r1023)
Compile-time options: bursty multiport
----------------------------------------------------------
Flow number: 1
From 192.168.10.7:55554
To    192.168.10.5:8999
----------------------------------------------------------
Total time               =      9.999380 s
Total packets            =         66704
Minimum delay            =      0.000003 s
Maximum delay            =      1.000189 s
Average delay            =      0.003017 s
Average jitter           =      0.000323 s
Delay standard deviation =      0.053849 s
Bytes received           =      34152448
Average bitrate          =  27323.652466 Kbit/s
Average packet rate      =   6670.813590 pkt/s
Packets dropped          =             0 (0.00 %)
Average loss-burst size  =      0.000000 pkt
----------------------------------------------------------

__________________________________________________________
****************  TOTAL RESULTS   ******************
__________________________________________________________
Number of flows          =             1
Total time               =      9.999380 s
Total packets            =         66704
Minimum delay            =      0.000003 s
Maximum delay            =      1.000189 s
Average delay            =      0.003017 s
Average jitter           =      0.000323 s
Delay standard deviation =      0.053849 s
Bytes received           =      34152448
Average bitrate          =  27323.652466 Kbit/s
Average packet rate      =   6670.813590 pkt/s
Packets dropped          =             0 (0.00 %)
Average loss-burst size  =             0 pkt
Error lines              =             0
----------------------------------------------------------
