ITGDec version 2.8.1 (r1023)
Compile-time options: bursty multiport
----------------------------------------------------------
Flow number: 1
From 192.168.10.7:59867
To    192.168.10.5:8999
----------------------------------------------------------
Total time               =      9.999191 s
Total packets            =        100619
Minimum delay            =      0.000003 s
Maximum delay            =      1.000107 s
Average delay            =      0.001052 s
Average jitter           =      0.000225 s
Delay standard deviation =      0.031667 s
Bytes received           =      25758464
Average bitrate          =  20608.438423 Kbit/s
Average packet rate      =  10062.714074 pkt/s
Packets dropped          =             9 (0.01 %)
Average loss-burst size  =      9.000000 pkt
----------------------------------------------------------

__________________________________________________________
****************  TOTAL RESULTS   ******************
__________________________________________________________
Number of flows          =             1
Total time               =      9.999191 s
Total packets            =        100619
Minimum delay            =      0.000003 s
Maximum delay            =      1.000107 s
Average delay            =      0.001052 s
Average jitter           =      0.000225 s
Delay standard deviation =      0.031667 s
Bytes received           =      25758464
Average bitrate          =  20608.438423 Kbit/s
Average packet rate      =  10062.714074 pkt/s
Packets dropped          =             9 (0.01 %)
Average loss-burst size  =      9.000000 pkt
Error lines              =             0
----------------------------------------------------------
