ITGDec version 2.8.1 (r1023)
Compile-time options: bursty multiport
----------------------------------------------------------
Flow number: 1
From 192.168.10.7:39181
To    192.168.10.5:8999
----------------------------------------------------------
Total time               =      9.962487 s
Total packets            =           229
Minimum delay            =      0.001462 s
Maximum delay            =      0.003008 s
Average delay            =      0.001652 s
Average jitter           =      0.000089 s
Delay standard deviation =      0.000137 s
Bytes received           =         10108
Average bitrate          =      8.116849 Kbit/s
Average packet rate      =     22.986228 pkt/s
Packets dropped          =             0 (0.00 %)
Average loss-burst size  =      0.000000 pkt
----------------------------------------------------------

__________________________________________________________
****************  TOTAL RESULTS   ******************
__________________________________________________________
Number of flows          =             1
Total time               =      9.962487 s
Total packets            =           229
Minimum delay            =      0.001462 s
Maximum delay            =      0.003008 s
Average delay            =      0.001652 s
Average jitter           =      0.000089 s
Delay standard deviation =      0.000137 s
Bytes received           =         10108
Average bitrate          =      8.116849 Kbit/s
Average packet rate      =     22.986228 pkt/s
Packets dropped          =             0 (0.00 %)
Average loss-burst size  =             0 pkt
Error lines              =             0
----------------------------------------------------------
