ITGDec version 2.8.1 (r1023)
Compile-time options: bursty multiport
----------------------------------------------------------
Flow number: 1
From 192.168.10.7:41784
To    192.168.10.5:8999
----------------------------------------------------------
Total time               =     10.000099 s
Total packets            =         66658
Minimum delay            =      0.000004 s
Maximum delay            =      1.000171 s
Average delay            =      0.001276 s
Average jitter           =      0.000325 s
Delay standard deviation =      0.034188 s
Bytes received           =      34128896
Average bitrate          =  27302.846502 Kbit/s
Average packet rate      =   6665.734009 pkt/s
Packets dropped          =             0 (0.00 %)
Average loss-burst size  =      0.000000 pkt
----------------------------------------------------------

__________________________________________________________
****************  TOTAL RESULTS   ******************
__________________________________________________________
Number of flows          =             1
Total time               =     10.000099 s
Total packets            =         66658
Minimum delay            =      0.000004 s
Maximum delay            =      1.000171 s
Average delay            =      0.001276 s
Average jitter           =      0.000325 s
Delay standard deviation =      0.034188 s
Bytes received           =      34128896
Average bitrate          =  27302.846502 Kbit/s
Average packet rate      =   6665.734009 pkt/s
Packets dropped          =             0 (0.00 %)
Average loss-burst size  =             0 pkt
Error lines              =             0
----------------------------------------------------------
