ITGDec version 2.8.1 (r1023)
Compile-time options: bursty multiport
----------------------------------------------------------
Flow number: 1
From 192.168.10.7:37331
To    192.168.10.5:8999
----------------------------------------------------------
Total time               =      9.999289 s
Total packets            =        100807
Minimum delay            =      0.000003 s
Maximum delay            =      1.000115 s
Average delay            =      0.001100 s
Average jitter           =      0.000225 s
Delay standard deviation =      0.032410 s
Bytes received           =      25806592
Average bitrate          =  20646.741583 Kbit/s
Average packet rate      =  10081.416789 pkt/s
Packets dropped          =             2 (0.00 %)
Average loss-burst size  =      2.000000 pkt
----------------------------------------------------------

__________________________________________________________
****************  TOTAL RESULTS   ******************
__________________________________________________________
Number of flows          =             1
Total time               =      9.999289 s
Total packets            =        100807
Minimum delay            =      0.000003 s
Maximum delay            =      1.000115 s
Average delay            =      0.001100 s
Average jitter           =      0.000225 s
Delay standard deviation =      0.032410 s
Bytes received           =      25806592
Average bitrate          =  20646.741583 Kbit/s
Average packet rate      =  10081.416789 pkt/s
Packets dropped          =             2 (0.00 %)
Average loss-burst size  =      2.000000 pkt
Error lines              =             0
----------------------------------------------------------
