ITGDec version 2.8.1 (r1023)
Compile-time options: bursty multiport
----------------------------------------------------------
Flow number: 1
From 192.168.10.7:45850
To    192.168.10.5:8999
----------------------------------------------------------
Total time               =      9.960346 s
Total packets            =           240
Minimum delay            =      0.001413 s
Maximum delay            =      0.002406 s
Average delay            =      0.001643 s
Average jitter           =      0.000106 s
Delay standard deviation =      0.000103 s
Bytes received           =         10475
Average bitrate          =      8.413362 Kbit/s
Average packet rate      =     24.095548 pkt/s
Packets dropped          =             0 (0.00 %)
Average loss-burst size  =      0.000000 pkt
----------------------------------------------------------

__________________________________________________________
****************  TOTAL RESULTS   ******************
__________________________________________________________
Number of flows          =             1
Total time               =      9.960346 s
Total packets            =           240
Minimum delay            =      0.001413 s
Maximum delay            =      0.002406 s
Average delay            =      0.001643 s
Average jitter           =      0.000106 s
Delay standard deviation =      0.000103 s
Bytes received           =         10475
Average bitrate          =      8.413362 Kbit/s
Average packet rate      =     24.095548 pkt/s
Packets dropped          =             0 (0.00 %)
Average loss-burst size  =             0 pkt
Error lines              =             0
----------------------------------------------------------
