ITGDec version 2.8.1 (r1023)
Compile-time options: bursty multiport
----------------------------------------------------------
Flow number: 1
From 192.168.10.7:40518
To    192.168.10.5:8999
----------------------------------------------------------
Total time               =      9.984221 s
Total packets            =           231
Minimum delay            =      0.001451 s
Maximum delay            =      0.009278 s
Average delay            =      0.001696 s
Average jitter           =      0.000182 s
Delay standard deviation =      0.000534 s
Bytes received           =         10261
Average bitrate          =      8.221773 Kbit/s
Average packet rate      =     23.136507 pkt/s
Packets dropped          =             0 (0.00 %)
Average loss-burst size  =      0.000000 pkt
----------------------------------------------------------

__________________________________________________________
****************  TOTAL RESULTS   ******************
__________________________________________________________
Number of flows          =             1
Total time               =      9.984221 s
Total packets            =           231
Minimum delay            =      0.001451 s
Maximum delay            =      0.009278 s
Average delay            =      0.001696 s
Average jitter           =      0.000182 s
Delay standard deviation =      0.000534 s
Bytes received           =         10261
Average bitrate          =      8.221773 Kbit/s
Average packet rate      =     23.136507 pkt/s
Packets dropped          =             0 (0.00 %)
Average loss-burst size  =             0 pkt
Error lines              =             0
----------------------------------------------------------
