ITGDec version 2.8.1 (r1023)
Compile-time options: bursty multiport
----------------------------------------------------------
Flow number: 1
From 192.168.10.7:54597
To    192.168.10.5:8999
----------------------------------------------------------
Total time               =      8.938084 s
Total packets            =             6
Minimum delay            =      0.001799 s
Maximum delay            =      0.011894 s
Average delay            =      0.003574 s
Average jitter           =      0.004011 s
Delay standard deviation =      0.003722 s
Bytes received           =          1462
Average bitrate          =      1.308558 Kbit/s
Average packet rate      =      0.671285 pkt/s
Packets dropped          =             0 (0.00 %)
Average loss-burst size  =      0.000000 pkt
----------------------------------------------------------

__________________________________________________________
****************  TOTAL RESULTS   ******************
__________________________________________________________
Number of flows          =             1
Total time               =      8.938084 s
Total packets            =             6
Minimum delay            =      0.001799 s
Maximum delay            =      0.011894 s
Average delay            =      0.003574 s
Average jitter           =      0.004011 s
Delay standard deviation =      0.003722 s
Bytes received           =          1462
Average bitrate          =      1.308558 Kbit/s
Average packet rate      =      0.671285 pkt/s
Packets dropped          =             0 (0.00 %)
Average loss-burst size  =             0 pkt
Error lines              =             0
----------------------------------------------------------
