ITGDec version 2.8.1 (r1023)
Compile-time options: bursty multiport
----------------------------------------------------------
Flow number: 1
From 192.168.10.7:58400
To    192.168.10.5:8999
----------------------------------------------------------
Total time               =      9.999116 s
Total packets            =        130152
Minimum delay            =      0.000003 s
Maximum delay            =      1.000102 s
Average delay            =      0.001058 s
Average jitter           =      0.000180 s
Delay standard deviation =      0.031951 s
Bytes received           =      16659456
Average bitrate          =  13328.743061 Kbit/s
Average packet rate      =  13016.350645 pkt/s
Packets dropped          =           109 (0.08 %)
Average loss-burst size  =     36.333333 pkt
----------------------------------------------------------

__________________________________________________________
****************  TOTAL RESULTS   ******************
__________________________________________________________
Number of flows          =             1
Total time               =      9.999116 s
Total packets            =        130152
Minimum delay            =      0.000003 s
Maximum delay            =      1.000102 s
Average delay            =      0.001058 s
Average jitter           =      0.000180 s
Delay standard deviation =      0.031951 s
Bytes received           =      16659456
Average bitrate          =  13328.743061 Kbit/s
Average packet rate      =  13016.350645 pkt/s
Packets dropped          =           109 (0.08 %)
Average loss-burst size  =     36.333333 pkt
Error lines              =             0
----------------------------------------------------------
