ITGDec version 2.8.1 (r1023)
Compile-time options: bursty multiport
----------------------------------------------------------
Flow number: 1
From 192.168.10.7:60504
To    192.168.10.5:8999
----------------------------------------------------------
Total time               =      9.999207 s
Total packets            =        131409
Minimum delay            =      0.000003 s
Maximum delay            =      1.000094 s
Average delay            =      0.000965 s
Average jitter           =      0.000179 s
Delay standard deviation =      0.030456 s
Bytes received           =      16820352
Average bitrate          =  13457.348768 Kbit/s
Average packet rate      =  13141.942156 pkt/s
Packets dropped          =            22 (0.02 %)
Average loss-burst size  =     11.000000 pkt
----------------------------------------------------------

__________________________________________________________
****************  TOTAL RESULTS   ******************
__________________________________________________________
Number of flows          =             1
Total time               =      9.999207 s
Total packets            =        131409
Minimum delay            =      0.000003 s
Maximum delay            =      1.000094 s
Average delay            =      0.000965 s
Average jitter           =      0.000179 s
Delay standard deviation =      0.030456 s
Bytes received           =      16820352
Average bitrate          =  13457.348768 Kbit/s
Average packet rate      =  13141.942156 pkt/s
Packets dropped          =            22 (0.02 %)
Average loss-burst size  =     11.000000 pkt
Error lines              =             0
----------------------------------------------------------
