ITGDec version 2.8.1 (r1023)
Compile-time options: bursty multiport
----------------------------------------------------------
Flow number: 1
From 192.168.10.7:53883
To    192.168.10.5:8999
----------------------------------------------------------
Total time               =      8.937749 s
Total packets            =             6
Minimum delay            =      0.001765 s
Maximum delay            =      0.001989 s
Average delay            =      0.001853 s
Average jitter           =      0.000107 s
Delay standard deviation =      0.000072 s
Bytes received           =           963
Average bitrate          =      0.861962 Kbit/s
Average packet rate      =      0.671310 pkt/s
Packets dropped          =             0 (0.00 %)
Average loss-burst size  =      0.000000 pkt
----------------------------------------------------------

__________________________________________________________
****************  TOTAL RESULTS   ******************
__________________________________________________________
Number of flows          =             1
Total time               =      8.937749 s
Total packets            =             6
Minimum delay            =      0.001765 s
Maximum delay            =      0.001989 s
Average delay            =      0.001853 s
Average jitter           =      0.000107 s
Delay standard deviation =      0.000072 s
Bytes received           =           963
Average bitrate          =      0.861962 Kbit/s
Average packet rate      =      0.671310 pkt/s
Packets dropped          =             0 (0.00 %)
Average loss-burst size  =             0 pkt
Error lines              =             0
----------------------------------------------------------
