ITGDec version 2.8.1 (r1023)
Compile-time options: bursty multiport
----------------------------------------------------------
Flow number: 1
From 192.168.10.7:49245
To    192.168.10.5:8999
----------------------------------------------------------
Total time               =      9.999264 s
Total packets            =         39271
Minimum delay            =      0.000003 s
Maximum delay            =      1.000274 s
Average delay            =      0.001722 s
Average jitter           =      0.000570 s
Delay standard deviation =      0.039058 s
Bytes received           =      40213504
Average bitrate          =  32173.171145 Kbit/s
Average packet rate      =   3927.389056 pkt/s
Packets dropped          =             0 (0.00 %)
Average loss-burst size  =      0.000000 pkt
----------------------------------------------------------

__________________________________________________________
****************  TOTAL RESULTS   ******************
__________________________________________________________
Number of flows          =             1
Total time               =      9.999264 s
Total packets            =         39271
Minimum delay            =      0.000003 s
Maximum delay            =      1.000274 s
Average delay            =      0.001722 s
Average jitter           =      0.000570 s
Delay standard deviation =      0.039058 s
Bytes received           =      40213504
Average bitrate          =  32173.171145 Kbit/s
Average packet rate      =   3927.389056 pkt/s
Packets dropped          =             0 (0.00 %)
Average loss-burst size  =             0 pkt
Error lines              =             0
----------------------------------------------------------
