ITGDec version 2.8.1 (r1023)
Compile-time options: bursty multiport
----------------------------------------------------------
Flow number: 1
From 192.168.10.7:42609
To    192.168.10.5:8999
----------------------------------------------------------
Total time               =      9.999532 s
Total packets            =        131470
Minimum delay            =      0.000003 s
Maximum delay            =      1.000110 s
Average delay            =      0.001056 s
Average jitter           =      0.000179 s
Delay standard deviation =      0.031909 s
Bytes received           =      16828160
Average bitrate          =  13463.158076 Kbit/s
Average packet rate      =  13147.615308 pkt/s
Packets dropped          =            40 (0.03 %)
Average loss-burst size  =      8.000000 pkt
----------------------------------------------------------

__________________________________________________________
****************  TOTAL RESULTS   ******************
__________________________________________________________
Number of flows          =             1
Total time               =      9.999532 s
Total packets            =        131470
Minimum delay            =      0.000003 s
Maximum delay            =      1.000110 s
Average delay            =      0.001056 s
Average jitter           =      0.000179 s
Delay standard deviation =      0.031909 s
Bytes received           =      16828160
Average bitrate          =  13463.158076 Kbit/s
Average packet rate      =  13147.615308 pkt/s
Packets dropped          =            40 (0.03 %)
Average loss-burst size  =      8.000000 pkt
Error lines              =             0
----------------------------------------------------------
