ITGDec version 2.8.1 (r1023)
Compile-time options: bursty multiport
----------------------------------------------------------
Flow number: 1
From 192.168.10.7:52896
To    192.168.10.5:8999
----------------------------------------------------------
Total time               =      9.999619 s
Total packets            =         32825
Minimum delay            =      0.000003 s
Maximum delay            =      1.000320 s
Average delay            =      0.002111 s
Average jitter           =      0.000669 s
Delay standard deviation =      0.043418 s
Bytes received           =      42016000
Average bitrate          =  33614.080696 Kbit/s
Average packet rate      =   3282.625068 pkt/s
Packets dropped          =             0 (0.00 %)
Average loss-burst size  =      0.000000 pkt
----------------------------------------------------------

__________________________________________________________
****************  TOTAL RESULTS   ******************
__________________________________________________________
Number of flows          =             1
Total time               =      9.999619 s
Total packets            =         32825
Minimum delay            =      0.000003 s
Maximum delay            =      1.000320 s
Average delay            =      0.002111 s
Average jitter           =      0.000669 s
Delay standard deviation =      0.043418 s
Bytes received           =      42016000
Average bitrate          =  33614.080696 Kbit/s
Average packet rate      =   3282.625068 pkt/s
Packets dropped          =             0 (0.00 %)
Average loss-burst size  =             0 pkt
Error lines              =             0
----------------------------------------------------------
