ITGDec version 2.8.1 (r1023)
Compile-time options: bursty multiport
----------------------------------------------------------
Flow number: 1
From 192.168.10.7:42950
To    192.168.10.5:8999
----------------------------------------------------------
Total time               =      9.999394 s
Total packets            =         99612
Minimum delay            =      0.000004 s
Maximum delay            =      1.000112 s
Average delay            =      0.001063 s
Average jitter           =      0.000228 s
Delay standard deviation =      0.031826 s
Bytes received           =      25500672
Average bitrate          =  20401.773947 Kbit/s
Average packet rate      =   9961.803685 pkt/s
Packets dropped          =             0 (0.00 %)
Average loss-burst size  =      0.000000 pkt
----------------------------------------------------------

__________________________________________________________
****************  TOTAL RESULTS   ******************
__________________________________________________________
Number of flows          =             1
Total time               =      9.999394 s
Total packets            =         99612
Minimum delay            =      0.000004 s
Maximum delay            =      1.000112 s
Average delay            =      0.001063 s
Average jitter           =      0.000228 s
Delay standard deviation =      0.031826 s
Bytes received           =      25500672
Average bitrate          =  20401.773947 Kbit/s
Average packet rate      =   9961.803685 pkt/s
Packets dropped          =             0 (0.00 %)
Average loss-burst size  =             0 pkt
Error lines              =             0
----------------------------------------------------------
