ITGDec version 2.8.1 (r1023)
Compile-time options: bursty multiport
----------------------------------------------------------
Flow number: 1
From 192.168.10.7:46834
To    192.168.10.5:8999
----------------------------------------------------------
Total time               =      9.999135 s
Total packets            =        131770
Minimum delay            =      0.000003 s
Maximum delay            =      1.000104 s
Average delay            =      0.001061 s
Average jitter           =      0.000178 s
Delay standard deviation =      0.031992 s
Bytes received           =      16866560
Average bitrate          =  13494.415267 Kbit/s
Average packet rate      =  13178.139909 pkt/s
Packets dropped          =            26 (0.02 %)
Average loss-burst size  =     13.000000 pkt
----------------------------------------------------------

__________________________________________________________
****************  TOTAL RESULTS   ******************
__________________________________________________________
Number of flows          =             1
Total time               =      9.999135 s
Total packets            =        131770
Minimum delay            =      0.000003 s
Maximum delay            =      1.000104 s
Average delay            =      0.001061 s
Average jitter           =      0.000178 s
Delay standard deviation =      0.031992 s
Bytes received           =      16866560
Average bitrate          =  13494.415267 Kbit/s
Average packet rate      =  13178.139909 pkt/s
Packets dropped          =            26 (0.02 %)
Average loss-burst size  =     13.000000 pkt
Error lines              =             0
----------------------------------------------------------
