ITGDec version 2.8.1 (r1023)
Compile-time options: bursty multiport
----------------------------------------------------------
Flow number: 1
From 192.168.10.7:56898
To    192.168.10.5:8999
----------------------------------------------------------
Total time               =      9.999210 s
Total packets            =        165022
Minimum delay            =      0.000002 s
Maximum delay            =      1.000082 s
Average delay            =      0.000940 s
Average jitter           =      0.000139 s
Delay standard deviation =      0.030236 s
Bytes received           =      10561408
Average bitrate          =   8449.793934 Kbit/s
Average packet rate      =  16503.503777 pkt/s
Packets dropped          =             0 (0.00 %)
Average loss-burst size  =      0.000000 pkt
----------------------------------------------------------

__________________________________________________________
****************  TOTAL RESULTS   ******************
__________________________________________________________
Number of flows          =             1
Total time               =      9.999210 s
Total packets            =        165022
Minimum delay            =      0.000002 s
Maximum delay            =      1.000082 s
Average delay            =      0.000940 s
Average jitter           =      0.000139 s
Delay standard deviation =      0.030236 s
Bytes received           =      10561408
Average bitrate          =   8449.793934 Kbit/s
Average packet rate      =  16503.503777 pkt/s
Packets dropped          =             0 (0.00 %)
Average loss-burst size  =             0 pkt
Error lines              =             0
----------------------------------------------------------
