ITGDec version 2.8.1 (r1023)
Compile-time options: bursty multiport
----------------------------------------------------------
Flow number: 1
From 192.168.10.7:40016
To    192.168.10.5:8999
----------------------------------------------------------
Total time               =      9.999158 s
Total packets            =        100771
Minimum delay            =      0.000003 s
Maximum delay            =      1.000103 s
Average delay            =      0.001071 s
Average jitter           =      0.000225 s
Delay standard deviation =      0.031954 s
Bytes received           =      25797376
Average bitrate          =  20639.638658 Kbit/s
Average packet rate      =  10077.948563 pkt/s
Packets dropped          =             0 (0.00 %)
Average loss-burst size  =      0.000000 pkt
----------------------------------------------------------

__________________________________________________________
****************  TOTAL RESULTS   ******************
__________________________________________________________
Number of flows          =             1
Total time               =      9.999158 s
Total packets            =        100771
Minimum delay            =      0.000003 s
Maximum delay            =      1.000103 s
Average delay            =      0.001071 s
Average jitter           =      0.000225 s
Delay standard deviation =      0.031954 s
Bytes received           =      25797376
Average bitrate          =  20639.638658 Kbit/s
Average packet rate      =  10077.948563 pkt/s
Packets dropped          =             0 (0.00 %)
Average loss-burst size  =             0 pkt
Error lines              =             0
----------------------------------------------------------
