ITGDec version 2.8.1 (r1023)
Compile-time options: bursty multiport
----------------------------------------------------------
Flow number: 1
From 192.168.10.7:60415
To    192.168.10.5:8999
----------------------------------------------------------
Total time               =      9.999346 s
Total packets            =        100361
Minimum delay            =      0.000003 s
Maximum delay            =      1.000116 s
Average delay            =      0.001095 s
Average jitter           =      0.000226 s
Delay standard deviation =      0.032329 s
Bytes received           =      25692416
Average bitrate          =  20555.277115 Kbit/s
Average packet rate      =  10036.756404 pkt/s
Packets dropped          =            28 (0.03 %)
Average loss-burst size  =     28.000000 pkt
----------------------------------------------------------

__________________________________________________________
****************  TOTAL RESULTS   ******************
__________________________________________________________
Number of flows          =             1
Total time               =      9.999346 s
Total packets            =        100361
Minimum delay            =      0.000003 s
Maximum delay            =      1.000116 s
Average delay            =      0.001095 s
Average jitter           =      0.000226 s
Delay standard deviation =      0.032329 s
Bytes received           =      25692416
Average bitrate          =  20555.277115 Kbit/s
Average packet rate      =  10036.756404 pkt/s
Packets dropped          =            28 (0.03 %)
Average loss-burst size  =     28.000000 pkt
Error lines              =             0
----------------------------------------------------------
