ITGDec version 2.8.1 (r1023)
Compile-time options: bursty multiport
----------------------------------------------------------
Flow number: 1
From 192.168.10.7:47733
To    192.168.10.5:8999
----------------------------------------------------------
Total time               =      9.994156 s
Total packets            =           985
Minimum delay            =      0.000544 s
Maximum delay            =      1.006062 s
Average delay            =      0.003797 s
Average jitter           =      0.004301 s
Delay standard deviation =      0.045107 s
Bytes received           =         63040
Average bitrate          =     50.461490 Kbit/s
Average packet rate      =     98.557597 pkt/s
Packets dropped          =             0 (0.00 %)
Average loss-burst size  =      0.000000 pkt
----------------------------------------------------------

__________________________________________________________
****************  TOTAL RESULTS   ******************
__________________________________________________________
Number of flows          =             1
Total time               =      9.994156 s
Total packets            =           985
Minimum delay            =      0.000544 s
Maximum delay            =      1.006062 s
Average delay            =      0.003797 s
Average jitter           =      0.004301 s
Delay standard deviation =      0.045107 s
Bytes received           =         63040
Average bitrate          =     50.461490 Kbit/s
Average packet rate      =     98.557597 pkt/s
Packets dropped          =             0 (0.00 %)
Average loss-burst size  =             0 pkt
Error lines              =             0
----------------------------------------------------------
