ITGDec version 2.8.1 (r1023)
Compile-time options: bursty multiport
----------------------------------------------------------
Flow number: 1
From 192.168.10.7:57575
To    192.168.10.5:8999
----------------------------------------------------------
Total time               =      9.999068 s
Total packets            =        131954
Minimum delay            =      0.000003 s
Maximum delay            =      1.000100 s
Average delay            =      0.000961 s
Average jitter           =      0.000178 s
Delay standard deviation =      0.030393 s
Bytes received           =      16890112
Average bitrate          =  13513.349044 Kbit/s
Average packet rate      =  13196.629926 pkt/s
Packets dropped          =            28 (0.02 %)
Average loss-burst size  =     28.000000 pkt
----------------------------------------------------------

__________________________________________________________
****************  TOTAL RESULTS   ******************
__________________________________________________________
Number of flows          =             1
Total time               =      9.999068 s
Total packets            =        131954
Minimum delay            =      0.000003 s
Maximum delay            =      1.000100 s
Average delay            =      0.000961 s
Average jitter           =      0.000178 s
Delay standard deviation =      0.030393 s
Bytes received           =      16890112
Average bitrate          =  13513.349044 Kbit/s
Average packet rate      =  13196.629926 pkt/s
Packets dropped          =            28 (0.02 %)
Average loss-burst size  =     28.000000 pkt
Error lines              =             0
----------------------------------------------------------
