ITGDec version 2.8.1 (r1023)
Compile-time options: bursty multiport
----------------------------------------------------------
Flow number: 1
From 192.168.10.7:45342
To    192.168.10.5:8999
----------------------------------------------------------
Total time               =      9.997352 s
Total packets            =        168144
Minimum delay            =      0.000002 s
Maximum delay            =      1.000081 s
Average delay            =      0.000957 s
Average jitter           =      0.000136 s
Delay standard deviation =      0.030446 s
Bytes received           =      10761216
Average bitrate          =   8611.253060 Kbit/s
Average packet rate      =  16818.853632 pkt/s
Packets dropped          =             0 (0.00 %)
Average loss-burst size  =      0.000000 pkt
----------------------------------------------------------

__________________________________________________________
****************  TOTAL RESULTS   ******************
__________________________________________________________
Number of flows          =             1
Total time               =      9.997352 s
Total packets            =        168144
Minimum delay            =      0.000002 s
Maximum delay            =      1.000081 s
Average delay            =      0.000957 s
Average jitter           =      0.000136 s
Delay standard deviation =      0.030446 s
Bytes received           =      10761216
Average bitrate          =   8611.253060 Kbit/s
Average packet rate      =  16818.853632 pkt/s
Packets dropped          =             0 (0.00 %)
Average loss-burst size  =             0 pkt
Error lines              =             0
----------------------------------------------------------
