ITGDec version 2.8.1 (r1023)
Compile-time options: bursty multiport
----------------------------------------------------------
Flow number: 1
From 192.168.10.7:58496
To    192.168.10.5:8999
----------------------------------------------------------
Total time               =      9.999292 s
Total packets            =         39240
Minimum delay            =      0.000003 s
Maximum delay            =      1.000268 s
Average delay            =      0.001773 s
Average jitter           =      0.000566 s
Delay standard deviation =      0.039720 s
Bytes received           =      40181760
Average bitrate          =  32147.684056 Kbit/s
Average packet rate      =   3924.277839 pkt/s
Packets dropped          =             0 (0.00 %)
Average loss-burst size  =      0.000000 pkt
----------------------------------------------------------

__________________________________________________________
****************  TOTAL RESULTS   ******************
__________________________________________________________
Number of flows          =             1
Total time               =      9.999292 s
Total packets            =         39240
Minimum delay            =      0.000003 s
Maximum delay            =      1.000268 s
Average delay            =      0.001773 s
Average jitter           =      0.000566 s
Delay standard deviation =      0.039720 s
Bytes received           =      40181760
Average bitrate          =  32147.684056 Kbit/s
Average packet rate      =   3924.277839 pkt/s
Packets dropped          =             0 (0.00 %)
Average loss-burst size  =             0 pkt
Error lines              =             0
----------------------------------------------------------
