ITGDec version 2.8.1 (r1023)
Compile-time options: bursty multiport
----------------------------------------------------------
Flow number: 1
From 192.168.10.7:36802
To    192.168.10.5:8999
----------------------------------------------------------
Total time               =      9.999190 s
Total packets            =         66646
Minimum delay            =      0.000003 s
Maximum delay            =      1.000168 s
Average delay            =      0.001486 s
Average jitter           =      0.000325 s
Delay standard deviation =      0.037128 s
Bytes received           =      34122752
Average bitrate          =  27300.412933 Kbit/s
Average packet rate      =   6665.139876 pkt/s
Packets dropped          =             0 (0.00 %)
Average loss-burst size  =      0.000000 pkt
----------------------------------------------------------

__________________________________________________________
****************  TOTAL RESULTS   ******************
__________________________________________________________
Number of flows          =             1
Total time               =      9.999190 s
Total packets            =         66646
Minimum delay            =      0.000003 s
Maximum delay            =      1.000168 s
Average delay            =      0.001486 s
Average jitter           =      0.000325 s
Delay standard deviation =      0.037128 s
Bytes received           =      34122752
Average bitrate          =  27300.412933 Kbit/s
Average packet rate      =   6665.139876 pkt/s
Packets dropped          =             0 (0.00 %)
Average loss-burst size  =             0 pkt
Error lines              =             0
----------------------------------------------------------
