ITGDec version 2.8.1 (r1023)
Compile-time options: bursty multiport
----------------------------------------------------------
Flow number: 1
From 192.168.10.7:55128
To    192.168.10.5:8999
----------------------------------------------------------
Total time               =      9.999142 s
Total packets            =         66605
Minimum delay            =      0.000003 s
Maximum delay            =      1.000174 s
Average delay            =      0.001339 s
Average jitter           =      0.000325 s
Delay standard deviation =      0.035066 s
Bytes received           =      34101760
Average bitrate          =  27283.748946 Kbit/s
Average packet rate      =   6661.071520 pkt/s
Packets dropped          =             0 (0.00 %)
Average loss-burst size  =      0.000000 pkt
----------------------------------------------------------

__________________________________________________________
****************  TOTAL RESULTS   ******************
__________________________________________________________
Number of flows          =             1
Total time               =      9.999142 s
Total packets            =         66605
Minimum delay            =      0.000003 s
Maximum delay            =      1.000174 s
Average delay            =      0.001339 s
Average jitter           =      0.000325 s
Delay standard deviation =      0.035066 s
Bytes received           =      34101760
Average bitrate          =  27283.748946 Kbit/s
Average packet rate      =   6661.071520 pkt/s
Packets dropped          =             0 (0.00 %)
Average loss-burst size  =             0 pkt
Error lines              =             0
----------------------------------------------------------
