ITGDec version 2.8.1 (r1023)
Compile-time options: bursty multiport
----------------------------------------------------------
Flow number: 1
From 192.168.10.7:33644
To    192.168.10.5:8999
----------------------------------------------------------
Total time               =      9.999425 s
Total packets            =        131152
Minimum delay            =      0.000003 s
Maximum delay            =      1.000106 s
Average delay            =      0.000990 s
Average jitter           =      0.000179 s
Delay standard deviation =      0.030858 s
Bytes received           =      16787456
Average bitrate          =  13430.737067 Kbit/s
Average packet rate      =  13115.954167 pkt/s
Packets dropped          =            64 (0.05 %)
Average loss-burst size  =     32.000000 pkt
----------------------------------------------------------

__________________________________________________________
****************  TOTAL RESULTS   ******************
__________________________________________________________
Number of flows          =             1
Total time               =      9.999425 s
Total packets            =        131152
Minimum delay            =      0.000003 s
Maximum delay            =      1.000106 s
Average delay            =      0.000990 s
Average jitter           =      0.000179 s
Delay standard deviation =      0.030858 s
Bytes received           =      16787456
Average bitrate          =  13430.737067 Kbit/s
Average packet rate      =  13115.954167 pkt/s
Packets dropped          =            64 (0.05 %)
Average loss-burst size  =     32.000000 pkt
Error lines              =             0
----------------------------------------------------------
