ITGDec version 2.8.1 (r1023)
Compile-time options: bursty multiport
----------------------------------------------------------
Flow number: 1
From 192.168.10.7:35479
To    192.168.10.5:8999
----------------------------------------------------------
Total time               =      9.999260 s
Total packets            =        165034
Minimum delay            =      0.000002 s
Maximum delay            =      1.000095 s
Average delay            =      0.000952 s
Average jitter           =      0.000138 s
Delay standard deviation =      0.030434 s
Bytes received           =      10562176
Average bitrate          =   8450.366127 Kbit/s
Average packet rate      =  16504.621342 pkt/s
Packets dropped          =             0 (0.00 %)
Average loss-burst size  =      0.000000 pkt
----------------------------------------------------------

__________________________________________________________
****************  TOTAL RESULTS   ******************
__________________________________________________________
Number of flows          =             1
Total time               =      9.999260 s
Total packets            =        165034
Minimum delay            =      0.000002 s
Maximum delay            =      1.000095 s
Average delay            =      0.000952 s
Average jitter           =      0.000138 s
Delay standard deviation =      0.030434 s
Bytes received           =      10562176
Average bitrate          =   8450.366127 Kbit/s
Average packet rate      =  16504.621342 pkt/s
Packets dropped          =             0 (0.00 %)
Average loss-burst size  =             0 pkt
Error lines              =             0
----------------------------------------------------------
