ITGDec version 2.8.1 (r1023)
Compile-time options: bursty multiport
----------------------------------------------------------
Flow number: 1
From 192.168.10.7:34606
To    192.168.10.5:8999
----------------------------------------------------------
Total time               =      9.999008 s
Total packets            =         32749
Minimum delay            =      0.000005 s
Maximum delay            =      1.000326 s
Average delay            =      0.001963 s
Average jitter           =      0.000675 s
Delay standard deviation =      0.041683 s
Bytes received           =      41918720
Average bitrate          =  33538.303000 Kbit/s
Average packet rate      =   3275.224902 pkt/s
Packets dropped          =             0 (0.00 %)
Average loss-burst size  =      0.000000 pkt
----------------------------------------------------------

__________________________________________________________
****************  TOTAL RESULTS   ******************
__________________________________________________________
Number of flows          =             1
Total time               =      9.999008 s
Total packets            =         32749
Minimum delay            =      0.000005 s
Maximum delay            =      1.000326 s
Average delay            =      0.001963 s
Average jitter           =      0.000675 s
Delay standard deviation =      0.041683 s
Bytes received           =      41918720
Average bitrate          =  33538.303000 Kbit/s
Average packet rate      =   3275.224902 pkt/s
Packets dropped          =             0 (0.00 %)
Average loss-burst size  =             0 pkt
Error lines              =             0
----------------------------------------------------------
