ITGDec version 2.8.1 (r1023)
Compile-time options: bursty multiport
----------------------------------------------------------
Flow number: 1
From 192.168.10.7:45243
To    192.168.10.5:8999
----------------------------------------------------------
Total time               =      9.999148 s
Total packets            =         39182
Minimum delay            =      0.000003 s
Maximum delay            =      1.000282 s
Average delay            =      0.001848 s
Average jitter           =      0.000571 s
Delay standard deviation =      0.040696 s
Bytes received           =      40122368
Average bitrate          =  32100.629374 Kbit/s
Average packet rate      =   3918.533859 pkt/s
Packets dropped          =             0 (0.00 %)
Average loss-burst size  =      0.000000 pkt
----------------------------------------------------------

__________________________________________________________
****************  TOTAL RESULTS   ******************
__________________________________________________________
Number of flows          =             1
Total time               =      9.999148 s
Total packets            =         39182
Minimum delay            =      0.000003 s
Maximum delay            =      1.000282 s
Average delay            =      0.001848 s
Average jitter           =      0.000571 s
Delay standard deviation =      0.040696 s
Bytes received           =      40122368
Average bitrate          =  32100.629374 Kbit/s
Average packet rate      =   3918.533859 pkt/s
Packets dropped          =             0 (0.00 %)
Average loss-burst size  =             0 pkt
Error lines              =             0
----------------------------------------------------------
