ITGDec version 2.8.1 (r1023)
Compile-time options: bursty multiport
----------------------------------------------------------
Flow number: 1
From 192.168.10.7:42592
To    192.168.10.5:8999
----------------------------------------------------------
Total time               =      9.996936 s
Total packets            =           985
Minimum delay            =      0.001382 s
Maximum delay            =      0.007214 s
Average delay            =      0.001681 s
Average jitter           =      0.000138 s
Delay standard deviation =      0.000369 s
Bytes received           =         63040
Average bitrate          =     50.447457 Kbit/s
Average packet rate      =     98.530190 pkt/s
Packets dropped          =             0 (0.00 %)
Average loss-burst size  =      0.000000 pkt
----------------------------------------------------------

__________________________________________________________
****************  TOTAL RESULTS   ******************
__________________________________________________________
Number of flows          =             1
Total time               =      9.996936 s
Total packets            =           985
Minimum delay            =      0.001382 s
Maximum delay            =      0.007214 s
Average delay            =      0.001681 s
Average jitter           =      0.000138 s
Delay standard deviation =      0.000369 s
Bytes received           =         63040
Average bitrate          =     50.447457 Kbit/s
Average packet rate      =     98.530190 pkt/s
Packets dropped          =             0 (0.00 %)
Average loss-burst size  =             0 pkt
Error lines              =             0
----------------------------------------------------------
