ITGDec version 2.8.1 (r1023)
Compile-time options: bursty multiport
----------------------------------------------------------
Flow number: 1
From 192.168.10.7:41237
To    192.168.10.5:8999
----------------------------------------------------------
Total time               =      9.999250 s
Total packets            =         39258
Minimum delay            =      0.000004 s
Maximum delay            =      1.000271 s
Average delay            =      0.001850 s
Average jitter           =      0.000569 s
Delay standard deviation =      0.040657 s
Bytes received           =      40200192
Average bitrate          =  32162.565792 Kbit/s
Average packet rate      =   3926.094457 pkt/s
Packets dropped          =             0 (0.00 %)
Average loss-burst size  =      0.000000 pkt
----------------------------------------------------------

__________________________________________________________
****************  TOTAL RESULTS   ******************
__________________________________________________________
Number of flows          =             1
Total time               =      9.999250 s
Total packets            =         39258
Minimum delay            =      0.000004 s
Maximum delay            =      1.000271 s
Average delay            =      0.001850 s
Average jitter           =      0.000569 s
Delay standard deviation =      0.040657 s
Bytes received           =      40200192
Average bitrate          =  32162.565792 Kbit/s
Average packet rate      =   3926.094457 pkt/s
Packets dropped          =             0 (0.00 %)
Average loss-burst size  =             0 pkt
Error lines              =             0
----------------------------------------------------------
