ITGDec version 2.8.1 (r1023)
Compile-time options: bursty multiport
----------------------------------------------------------
Flow number: 1
From 192.168.10.7:56311
To    192.168.10.5:8999
----------------------------------------------------------
Total time               =      9.975710 s
Total packets            =           228
Minimum delay            =      0.001323 s
Maximum delay            =      0.009231 s
Average delay            =      0.001673 s
Average jitter           =      0.000166 s
Delay standard deviation =      0.000511 s
Bytes received           =          9797
Average bitrate          =      7.856684 Kbit/s
Average packet rate      =     22.855516 pkt/s
Packets dropped          =             0 (0.00 %)
Average loss-burst size  =      0.000000 pkt
----------------------------------------------------------

__________________________________________________________
****************  TOTAL RESULTS   ******************
__________________________________________________________
Number of flows          =             1
Total time               =      9.975710 s
Total packets            =           228
Minimum delay            =      0.001323 s
Maximum delay            =      0.009231 s
Average delay            =      0.001673 s
Average jitter           =      0.000166 s
Delay standard deviation =      0.000511 s
Bytes received           =          9797
Average bitrate          =      7.856684 Kbit/s
Average packet rate      =     22.855516 pkt/s
Packets dropped          =             0 (0.00 %)
Average loss-burst size  =             0 pkt
Error lines              =             0
----------------------------------------------------------
