ITGDec version 2.8.1 (r1023)
Compile-time options: bursty multiport
----------------------------------------------------------
Flow number: 1
From 192.168.10.7:35582
To    192.168.10.5:8999
----------------------------------------------------------
Total time               =      9.999052 s
Total packets            =        163645
Minimum delay            =      0.000002 s
Maximum delay            =      1.000085 s
Average delay            =      0.000966 s
Average jitter           =      0.000139 s
Delay standard deviation =      0.030662 s
Bytes received           =      10473280
Average bitrate          =   8379.418369 Kbit/s
Average packet rate      =  16366.051502 pkt/s
Packets dropped          =             0 (0.00 %)
Average loss-burst size  =      0.000000 pkt
----------------------------------------------------------

__________________________________________________________
****************  TOTAL RESULTS   ******************
__________________________________________________________
Number of flows          =             1
Total time               =      9.999052 s
Total packets            =        163645
Minimum delay            =      0.000002 s
Maximum delay            =      1.000085 s
Average delay            =      0.000966 s
Average jitter           =      0.000139 s
Delay standard deviation =      0.030662 s
Bytes received           =      10473280
Average bitrate          =   8379.418369 Kbit/s
Average packet rate      =  16366.051502 pkt/s
Packets dropped          =             0 (0.00 %)
Average loss-burst size  =             0 pkt
Error lines              =             0
----------------------------------------------------------
