ITGDec version 2.8.1 (r1023)
Compile-time options: bursty multiport
----------------------------------------------------------
Flow number: 1
From 192.168.10.7:39552
To    192.168.10.5:8999
----------------------------------------------------------
Total time               =      9.971582 s
Total packets            =           219
Minimum delay            =      0.001476 s
Maximum delay            =      0.009356 s
Average delay            =      0.001688 s
Average jitter           =      0.000179 s
Delay standard deviation =      0.000590 s
Bytes received           =          9408
Average bitrate          =      7.547849 Kbit/s
Average packet rate      =     21.962413 pkt/s
Packets dropped          =             0 (0.00 %)
Average loss-burst size  =      0.000000 pkt
----------------------------------------------------------

__________________________________________________________
****************  TOTAL RESULTS   ******************
__________________________________________________________
Number of flows          =             1
Total time               =      9.971582 s
Total packets            =           219
Minimum delay            =      0.001476 s
Maximum delay            =      0.009356 s
Average delay            =      0.001688 s
Average jitter           =      0.000179 s
Delay standard deviation =      0.000590 s
Bytes received           =          9408
Average bitrate          =      7.547849 Kbit/s
Average packet rate      =     21.962413 pkt/s
Packets dropped          =             0 (0.00 %)
Average loss-burst size  =             0 pkt
Error lines              =             0
----------------------------------------------------------
