ITGDec version 2.8.1 (r1023)
Compile-time options: bursty multiport
----------------------------------------------------------
Flow number: 1
From 192.168.10.7:56031
To    192.168.10.5:8999
----------------------------------------------------------
Total time               =      9.964164 s
Total packets            =           207
Minimum delay            =      0.001465 s
Maximum delay            =      0.008744 s
Average delay            =      0.001679 s
Average jitter           =      0.000164 s
Delay standard deviation =      0.000500 s
Bytes received           =          8906
Average bitrate          =      7.150424 Kbit/s
Average packet rate      =     20.774447 pkt/s
Packets dropped          =             0 (0.00 %)
Average loss-burst size  =      0.000000 pkt
----------------------------------------------------------

__________________________________________________________
****************  TOTAL RESULTS   ******************
__________________________________________________________
Number of flows          =             1
Total time               =      9.964164 s
Total packets            =           207
Minimum delay            =      0.001465 s
Maximum delay            =      0.008744 s
Average delay            =      0.001679 s
Average jitter           =      0.000164 s
Delay standard deviation =      0.000500 s
Bytes received           =          8906
Average bitrate          =      7.150424 Kbit/s
Average packet rate      =     20.774447 pkt/s
Packets dropped          =             0 (0.00 %)
Average loss-burst size  =             0 pkt
Error lines              =             0
----------------------------------------------------------
