ITGDec version 2.8.1 (r1023)
Compile-time options: bursty multiport
----------------------------------------------------------
Flow number: 1
From 192.168.10.7:60873
To    192.168.10.5:8999
----------------------------------------------------------
Total time               =      9.999365 s
Total packets            =         65996
Minimum delay            =      0.000003 s
Maximum delay            =      1.000165 s
Average delay            =      0.001334 s
Average jitter           =      0.000331 s
Delay standard deviation =      0.035012 s
Bytes received           =      33789952
Average bitrate          =  27033.678239 Kbit/s
Average packet rate      =   6600.019101 pkt/s
Packets dropped          =             0 (0.00 %)
Average loss-burst size  =      0.000000 pkt
----------------------------------------------------------

__________________________________________________________
****************  TOTAL RESULTS   ******************
__________________________________________________________
Number of flows          =             1
Total time               =      9.999365 s
Total packets            =         65996
Minimum delay            =      0.000003 s
Maximum delay            =      1.000165 s
Average delay            =      0.001334 s
Average jitter           =      0.000331 s
Delay standard deviation =      0.035012 s
Bytes received           =      33789952
Average bitrate          =  27033.678239 Kbit/s
Average packet rate      =   6600.019101 pkt/s
Packets dropped          =             0 (0.00 %)
Average loss-burst size  =             0 pkt
Error lines              =             0
----------------------------------------------------------
