ITGDec version 2.8.1 (r1023)
Compile-time options: bursty multiport
----------------------------------------------------------
Flow number: 1
From 192.168.10.7:57064
To    192.168.10.5:8999
----------------------------------------------------------
Total time               =      9.999196 s
Total packets            =         66713
Minimum delay            =      0.000004 s
Maximum delay            =      1.000165 s
Average delay            =      0.001278 s
Average jitter           =      0.000323 s
Delay standard deviation =      0.034173 s
Bytes received           =      34157056
Average bitrate          =  27327.841958 Kbit/s
Average packet rate      =   6671.836416 pkt/s
Packets dropped          =             0 (0.00 %)
Average loss-burst size  =      0.000000 pkt
----------------------------------------------------------

__________________________________________________________
****************  TOTAL RESULTS   ******************
__________________________________________________________
Number of flows          =             1
Total time               =      9.999196 s
Total packets            =         66713
Minimum delay            =      0.000004 s
Maximum delay            =      1.000165 s
Average delay            =      0.001278 s
Average jitter           =      0.000323 s
Delay standard deviation =      0.034173 s
Bytes received           =      34157056
Average bitrate          =  27327.841958 Kbit/s
Average packet rate      =   6671.836416 pkt/s
Packets dropped          =             0 (0.00 %)
Average loss-burst size  =             0 pkt
Error lines              =             0
----------------------------------------------------------
