ITGDec version 2.8.1 (r1023)
Compile-time options: bursty multiport
----------------------------------------------------------
Flow number: 1
From 192.168.10.7:60337
To    192.168.10.5:8999
----------------------------------------------------------
Total time               =      9.998841 s
Total packets            =        100612
Minimum delay            =      0.000003 s
Maximum delay            =      1.000096 s
Average delay            =      0.001033 s
Average jitter           =      0.000225 s
Delay standard deviation =      0.031353 s
Bytes received           =      25756672
Average bitrate          =  20607.726035 Kbit/s
Average packet rate      =  10062.366228 pkt/s
Packets dropped          =             1 (0.00 %)
Average loss-burst size  =      1.000000 pkt
----------------------------------------------------------

__________________________________________________________
****************  TOTAL RESULTS   ******************
__________________________________________________________
Number of flows          =             1
Total time               =      9.998841 s
Total packets            =        100612
Minimum delay            =      0.000003 s
Maximum delay            =      1.000096 s
Average delay            =      0.001033 s
Average jitter           =      0.000225 s
Delay standard deviation =      0.031353 s
Bytes received           =      25756672
Average bitrate          =  20607.726035 Kbit/s
Average packet rate      =  10062.366228 pkt/s
Packets dropped          =             1 (0.00 %)
Average loss-burst size  =      1.000000 pkt
Error lines              =             0
----------------------------------------------------------
