ITGDec version 2.8.1 (r1023)
Compile-time options: bursty multiport
----------------------------------------------------------
Flow number: 1
From 192.168.10.7:50904
To    192.168.10.5:8999
----------------------------------------------------------
Total time               =     10.000534 s
Total packets            =         66655
Minimum delay            =      0.000003 s
Maximum delay            =      1.000166 s
Average delay            =      0.001305 s
Average jitter           =      0.000326 s
Delay standard deviation =      0.034624 s
Bytes received           =      34127360
Average bitrate          =  27300.430157 Kbit/s
Average packet rate      =   6665.144081 pkt/s
Packets dropped          =             0 (0.00 %)
Average loss-burst size  =      0.000000 pkt
----------------------------------------------------------

__________________________________________________________
****************  TOTAL RESULTS   ******************
__________________________________________________________
Number of flows          =             1
Total time               =     10.000534 s
Total packets            =         66655
Minimum delay            =      0.000003 s
Maximum delay            =      1.000166 s
Average delay            =      0.001305 s
Average jitter           =      0.000326 s
Delay standard deviation =      0.034624 s
Bytes received           =      34127360
Average bitrate          =  27300.430157 Kbit/s
Average packet rate      =   6665.144081 pkt/s
Packets dropped          =             0 (0.00 %)
Average loss-burst size  =             0 pkt
Error lines              =             0
----------------------------------------------------------
