6.0 0.00283 0.003357 0.00305 0.000243 1.204798 0.671321 0.0
6.0 0.002892 0.003109 0.00299 8.2e-05 1.20927 0.67132 0.0
6.0 0.002836 0.00343 0.003099 0.000304 1.356038 0.671306 0.0
6.0 0.002601 0.003266 0.002996 0.000287 1.030194 0.671282 0.0
6.0 0.002837 0.003118 0.002979 0.000156 1.122418 0.671303 0.0
6.0 0.002632 0.003236 0.002939 0.000193 0.938964 0.671328 0.0
6.0 0.002895 0.003332 0.003146 0.000191 1.327388 0.671302 0.0
6.0 0.002676 0.003269 0.002947 0.000236 1.119794 0.671339 0.0
6.0 0.002671 0.005813 0.003369 0.001371 1.011623 0.671431 0.0
6.0 0.00284 0.003251 0.00301 0.00012 1.055311 0.671317 0.0
6.0 0.002728 0.003331 0.003047 0.000308 1.237928 0.671327 0.0
6.0 0.002739 0.003325 0.003088 0.000287 1.378435 0.671316 0.0
6.0 0.002769 0.008763 0.00391 0.001259 1.015258 0.670875 0.0
6.0 0.002647 0.00318 0.003019 0.00031 1.101837 0.671306 0.0
6.0 0.002849 0.003242 0.00299 0.000151 0.942496 0.671293 0.0
6.0 0.002577 0.00322 0.003037 0.000242 1.134064 0.671309 0.0
6.0 0.002845 0.003346 0.003004 0.000181 1.132322 0.671337 0.0
6.0 0.002748 0.003463 0.003046 0.00015 1.013426 0.671439 0.0
6.0 0.002759 0.003326 0.003054 0.000212 1.213724 0.671307 0.0
6.0 0.002873 0.003213 0.003032 0.000169 1.112606 0.671323 0.0
6.0 0.002674 0.003139 0.002992 0.000246 1.228949 0.671312 0.0
6.0 0.00259 0.006878 0.003714 0.001858 1.090223 0.671319 0.0
6.0 0.002627 0.003322 0.00295 0.000412 0.797508 0.671303 0.0
6.0 0.002614 0.003253 0.002972 0.000368 1.009687 0.671334 0.0
6.0 0.002592 0.003298 0.002996 0.000382 1.189596 0.671329 0.0
6.0 0.002543 0.003313 0.002918 0.000284 0.878939 0.671288 0.0
6.0 0.002686 0.003304 0.002949 0.000259 1.123513 0.671422 0.0
6.0 0.002747 0.003325 0.002998 0.000202 1.08848 0.671349 0.0
6.0 0.002855 0.003388 0.003141 0.000209 1.38289 0.671306 0.0
6.0 0.002731 0.003273 0.003042 0.000164 1.118874 0.671325 0.0
6.0 0.00261 0.0033 0.003044 0.000379 1.202977 0.671304 0.0
6.0 0.002797 0.003236 0.003001 0.000306 1.193161 0.671321 0.0
6.0 0.002821 0.003341 0.003129 0.00015 1.380259 0.671332 0.0
6.0 0.003002 0.003329 0.003098 0.000152 1.314864 0.671306 0.0
6.0 0.00255 0.003338 0.002949 0.000298 1.065177 0.67133 0.0
6.0 0.002738 0.003377 0.002989 0.000343 1.170832 0.671348 0.0
6.0 0.00293 0.00343 0.003098 0.000164 1.27433 0.6707 0.0
6.0 0.002865 0.003437 0.003047 0.000155 1.01506 0.671336 0.0
6.0 0.002775 0.003213 0.003039 0.000167 1.17972 0.671313 0.0
6.0 0.002569 0.003335 0.002965 0.000317 0.846774 0.671333 0.0
6.0 0.002667 0.003329 0.002978 0.000313 1.028461 0.671319 0.0
6.0 0.002658 0.003152 0.002983 0.000152 0.99982 0.67132 0.0
6.0 0.002579 0.003246 0.002967 0.000205 0.906776 0.671354 0.0
6.0 0.002772 0.003497 0.003162 0.000362 1.096526 0.671342 0.0
6.0 0.002786 0.00332 0.003071 0.000229 1.315732 0.671292 0.0
6.0 0.002789 0.003432 0.003106 0.000204 1.125187 0.671353 0.0
6.0 0.002773 0.003145 0.002959 0.000123 1.149419 0.67139 0.0
6.0 0.002937 0.012503 0.004632 0.003931 1.157379 0.671334 0.0
6.0 0.002757 0.003142 0.002975 0.0002 1.219137 0.671331 0.0
6.0 0.002584 0.003431 0.002953 0.000324 1.161855 0.671334 0.0
6.0 0.002715 0.003346 0.002992 0.000256 1.211075 0.671328 0.0
6.0 0.002802 0.003255 0.003062 0.000164 1.196646 0.671268 0.0
6.0 0.002699 0.003302 0.002966 0.000314 0.982797 0.671309 0.0
6.0 0.002791 0.003161 0.002969 0.000155 1.123342 0.67132 0.0
6.0 0.002895 0.00306 0.002952 5.5e-05 0.988161 0.671305 0.0
6.0 0.002781 0.003276 0.002946 0.000145 1.047202 0.671284 0.0
6.0 0.002875 0.003207 0.003024 0.000165 1.064251 0.67131 0.0
6.0 0.002555 0.003259 0.003016 0.000356 0.979251 0.671333 0.0
6.0 0.002692 0.003251 0.002961 0.000366 0.94434 0.671331 0.0
6.0 0.002888 0.006262 0.003627 0.001405 1.282674 0.671323 0.0
6.0 0.002896 0.003381 0.003104 0.000152 1.262076 0.671317 0.0
6.0 0.002898 0.003513 0.003127 0.000294 1.165415 0.671322 0.0
6.0 0.002676 0.003404 0.002962 0.000198 1.148443 0.671342 0.0
6.0 0.00272 0.003037 0.002912 0.000123 0.785897 0.671324 0.0
6.0 0.002894 0.009357 0.004164 0.002659 1.266576 0.67133 0.0
6.0 0.002441 0.003335 0.002986 0.000216 1.158319 0.67136 0.0
6.0 0.002538 0.003431 0.003069 0.000439 1.007012 0.671341 0.0
6.0 0.002572 0.003048 0.002871 0.000198 0.979402 0.671437 0.0
6.0 0.002889 0.003314 0.003093 0.000161 1.314005 0.671324 0.0
6.0 0.002849 0.003045 0.002965 8.3e-05 1.060582 0.670688 0.0
6.0 0.002694 0.00362 0.003045 0.000372 0.772475 0.671328 0.0
6.0 0.002846 0.003714 0.003127 0.000317 1.033717 0.671245 0.0
6.0 0.002836 0.003302 0.003031 0.000175 0.980146 0.671333 0.0
6.0 0.002604 0.003125 0.002872 0.000306 1.075927 0.671335 0.0
6.0 0.002602 0.003282 0.002932 0.000428 0.991736 0.671301 0.0
6.0 0.002563 0.003265 0.002984 0.000325 1.314009 0.671326 0.0
6.0 0.002845 0.003304 0.003065 0.000154 1.082159 0.671314 0.0
6.0 0.002855 0.003197 0.003036 0.000116 1.177943 0.67132 0.0
6.0 0.002751 0.003269 0.002918 0.000152 0.969418 0.671342 0.0
6.0 0.002832 0.003254 0.003076 0.000214 1.249526 0.671307 0.0
6.0 0.002808 0.003366 0.00301 0.000175 0.858411 0.671333 0.0
6.0 0.00257 0.003158 0.002836 0.000213 1.315804 0.671328 0.0
6.0 0.002841 0.003687 0.003056 0.000194 1.070599 0.671362 0.0
6.0 0.002751 0.003333 0.002928 0.000174 1.123466 0.671394 0.0
6.0 0.002921 0.003276 0.003063 0.000113 1.200271 0.671293 0.0
6.0 0.002537 0.00305 0.002847 0.00028 1.179728 0.671317 0.0
6.0 0.002755 0.003522 0.003061 0.000252 1.03378 0.671286 0.0
6.0 0.002823 0.003273 0.003097 0.000142 1.301464 0.671319 0.0
6.0 0.002625 0.003336 0.00301 0.000299 1.016883 0.671358 0.0
6.0 0.002758 0.008237 0.003918 0.002273 1.374812 0.671295 0.0
6.0 0.002687 0.002944 0.002821 0.000201 1.016826 0.67132 0.0
6.0 0.002713 0.003266 0.002998 0.00026 1.074056 0.671285 0.0
6.0 0.002752 0.003236 0.003006 0.000213 1.163603 0.671309 0.0
6.0 0.002842 0.00332 0.003016 0.000147 1.182443 0.671334 0.0
6.0 0.002711 0.003368 0.00301 0.000245 0.978384 0.671352 0.0
6.0 0.002586 0.003182 0.002919 0.000204 1.004292 0.671318 0.0
6.0 0.002841 0.003381 0.003117 0.000347 1.146603 0.671313 0.0
6.0 0.002823 0.003214 0.003053 0.000289 1.283531 0.671303 0.0
6.0 0.002928 0.00328 0.003007 0.000148 1.197604 0.671303 0.0
6.0 0.0028 0.003194 0.002968 0.000243 1.035609 0.671311 0.0
