66009.0 3e-06 1.000174 0.002368 0.000339 27041.77263 6601.995271 0.0
65991.0 4e-06 1.000167 0.002353 0.000339 27033.71454 6600.027964 0.0
65859.0 4e-06 1.000173 0.002343 0.000341 26978.231276 6586.482245 0.0
66066.0 3e-06 1.000172 0.002472 0.000338 27064.701425 6607.593121 0.0
66014.0 4e-06 1.000171 0.002368 0.00034 27043.342223 6602.378472 0.0
65990.0 3e-06 1.000172 0.002414 0.00034 27033.08318 6599.873823 0.0
65993.0 4e-06 1.000167 0.002292 0.00034 27034.268882 6600.163301 0.0
66090.0 3e-06 1.000172 0.00232 0.000339 27073.582877 6609.761445 0.0
65940.0 3e-06 1.000174 0.002325 0.00034 27013.637929 6595.126448 0.0
66060.0 3e-06 1.000164 0.002381 0.000339 27061.934903 6606.917701 0.0
66048.0 4e-06 1.000167 0.002318 0.00034 27046.83988 6603.232393 0.0
65972.0 4e-06 1.000167 0.002324 0.000339 27025.698592 6598.070945 0.0
65993.0 4e-06 1.000168 0.002308 0.000339 27033.7011 6600.024683 0.0
65562.0 4e-06 1.000183 0.0024 0.000343 26856.096612 6556.664212 0.0
65942.0 3e-06 1.000172 0.002326 0.00034 27012.857835 6594.935995 0.0
66077.0 3e-06 1.000169 0.002305 0.000339 27069.24019 6608.701218 0.0
66023.0 3e-06 1.000163 0.002321 0.000339 27047.372722 6603.362481 0.0
65998.0 3e-06 1.000176 0.002277 0.000339 27035.208562 6600.392715 0.0
66024.0 3e-06 1.000174 0.002307 0.00034 27047.108807 6603.298049 0.0
66083.0 4e-06 1.000169 0.002184 0.000339 27071.85791 6609.34031 0.02
66153.0 3e-06 1.000169 0.002393 0.000338 27100.165804 6616.251417 0.0
66154.0 4e-06 1.000175 0.002348 0.000338 27100.927825 6616.437457 0.0
66153.0 4e-06 1.000167 0.00259 0.000338 27100.458531 6616.322884 0.0
66234.0 3e-06 1.000168 0.00227 0.000338 27133.226058 6624.322768 0.0
66045.0 4e-06 1.000169 0.002275 0.000339 27055.354398 6605.311132 0.0
66039.0 4e-06 1.000164 0.002382 0.000339 27052.761215 6604.678031 0.0
66083.0 3e-06 1.000173 0.002245 0.000339 27071.221637 6609.18497 0.0
66157.0 3e-06 1.000175 0.002424 0.000338 27100.083337 6616.231283 0.0
65380.0 4e-06 1.000173 0.002239 0.000344 26782.636942 6538.729722 0.0
65539.0 3e-06 1.000177 0.002278 0.000343 26848.790979 6554.88061 0.0
65567.0 3e-06 1.000202 0.002338 0.000343 26860.642973 6557.774163 0.0
66071.0 4e-06 1.000164 0.002367 0.000339 27056.15295 6605.506091 0.0
65496.0 3e-06 1.000172 0.002417 0.000344 26820.689768 6548.019963 0.04
66096.0 3e-06 1.000166 0.00229 0.000339 27077.091472 6610.618035 0.0
65938.0 4e-06 1.000168 0.002386 0.00034 27011.870311 6594.6949 0.0
66007.0 3e-06 1.000167 0.002292 0.00034 27039.087288 6601.33967 0.0
66038.0 4e-06 1.000167 0.002095 0.000324 27053.025267 6604.742497 0.0
66077.0 3e-06 1.00017 0.002411 0.000339 27068.945094 6608.629173 0.0
66037.0 3e-06 1.000165 0.002291 0.000339 27050.708261 6604.176822 0.0
66093.0 4e-06 1.000166 0.002304 0.000339 27076.588247 6610.495178 0.0
66025.0 3e-06 1.000165 0.002291 0.00034 27048.275917 6603.582988 0.0
66064.0 3e-06 1.000167 0.002321 0.000339 27063.102567 6607.202775 0.0
66103.0 3e-06 1.000166 0.002183 0.000339 27081.638434 6611.728133 0.0
65836.0 3e-06 1.000169 0.002313 0.000341 26970.357878 6584.560029 0.02
66094.0 3e-06 1.000181 0.002381 0.000339 27076.670234 6610.515194 0.0
66018.0 3e-06 1.000168 0.002443 0.000339 27045.137751 6602.816834 0.09
66106.0 3e-06 1.000171 0.002327 0.000339 27061.143533 6606.724495 0.02
65951.0 3e-06 1.000165 0.002385 0.00034 27016.879693 6595.917894 0.0
66077.0 4e-06 1.000164 0.002229 0.000339 27068.56608 6608.536641 0.0
66121.0 4e-06 1.000177 0.002455 0.000339 27086.758722 6612.978204 0.0
66141.0 4e-06 1.00017 0.002485 0.000339 27096.347457 6615.319203 0.0
66090.0 3e-06 1.000165 0.002395 0.000339 27075.424218 6610.210991 0.0
66131.0 4e-06 1.000169 0.002666 0.000339 27090.649349 6613.928064 0.0
66144.0 3e-06 1.00017 0.002348 0.000339 27096.465323 6615.347979 0.0
66178.0 4e-06 1.000159 0.002483 0.000339 27109.677921 6618.573711 0.0
66059.0 4e-06 1.000167 0.00232 0.000339 27061.349323 6606.774737 0.03
66118.0 4e-06 1.000164 0.00253 0.000339 27086.063425 6612.808453 0.0
66150.0 4e-06 1.000165 0.002787 0.000338 27100.392327 6616.306721 0.0
66118.0 3e-06 1.000167 0.002425 0.000339 27086.147405 6612.828956 0.0
66016.0 4e-06 1.000167 0.002413 0.000339 27044.056057 6602.552748 0.0
66079.0 3e-06 1.00016 0.002457 0.000339 27071.922345 6609.356041 0.0
65580.0 3e-06 1.000163 0.002354 0.000343 26866.522187 6559.209518 0.0
66096.0 4e-06 1.000168 0.002274 0.000339 27078.134141 6610.872593 0.0
66164.0 3e-06 1.000171 0.003904 0.000339 27104.566329 6617.325764 0.0
66148.0 4e-06 1.000177 0.002953 0.000338 27098.163583 6615.762593 0.0
66129.0 3e-06 1.000167 0.002938 0.000339 27089.667488 6613.688352 0.0
65949.0 4e-06 1.000173 0.002267 0.00034 27014.115134 6595.242953 0.0
66152.0 3e-06 1.000167 0.002257 0.000339 27101.065315 6616.471024 0.0
66136.0 3e-06 1.000168 0.002288 0.000339 27093.13386 6614.534634 0.0
66130.0 3e-06 1.000167 0.002243 0.000339 27090.169255 6613.810853 0.0
66204.0 4e-06 1.00017 0.002603 0.000338 27120.903797 6621.314404 0.0
66078.0 4e-06 1.000166 0.002457 0.000339 27069.484703 6608.760914 0.0
66069.0 3e-06 1.000166 0.003259 0.000339 27065.762576 6607.852192 0.0
66061.0 3e-06 1.000164 0.002972 0.000339 27062.176751 6606.976746 0.02
66176.0 3e-06 1.000168 0.002604 0.000338 27109.726238 6618.585507 0.0
66103.0 3e-06 1.000166 0.002713 0.000339 27079.092449 6611.106555 0.0
66088.0 4e-06 1.000179 0.002486 0.000339 27072.398063 6609.472183 0.0
66151.0 4e-06 1.000167 0.002544 0.000339 27100.365606 6616.300197 0.0
66153.0 4e-06 1.000174 0.002499 0.000338 27099.995049 6616.209729 0.0
66199.0 3e-06 1.000166 0.002482 0.000338 27119.468499 6620.963989 0.0
66155.0 4e-06 1.000168 0.003799 0.000339 27100.895676 6616.429608 0.0
66064.0 3e-06 1.000164 0.002426 0.000339 27063.754883 6607.362032 0.0
66018.0 3e-06 1.000167 0.002468 0.00034 27034.998065 6600.341325 0.0
66054.0 3e-06 1.000165 0.002321 0.000339 27057.685494 6605.880247 0.0
66122.0 4e-06 1.000163 0.002122 0.000323 27086.667206 6612.955861 0.0
65969.0 3e-06 1.000166 0.00243 0.000339 27024.591257 6597.8006 0.0
65537.0 3e-06 1.000165 0.002262 0.000343 26847.71388 6554.617646 0.0
66125.0 3e-06 1.000167 0.002379 0.000339 27083.648945 6612.218981 0.0
66122.0 4e-06 1.000167 0.00235 0.000339 27087.688529 6613.205207 0.0
66129.0 4e-06 1.000166 0.002318 0.000339 27090.596807 6613.915236 0.0
66071.0 4e-06 1.000167 0.002259 0.000339 27066.627914 6608.063456 0.0
65281.0 3e-06 1.000185 0.002365 0.000346 26741.969688 6528.801193 0.02
66170.0 4e-06 1.000167 0.003768 0.000339 27107.102894 6617.945043 0.0
66171.0 4e-06 1.000166 0.002301 0.000338 27108.146974 6618.199945 0.01
66107.0 3e-06 1.000172 0.00241 0.000339 27079.582735 6611.226254 0.0
65999.0 4e-06 1.000167 0.002338 0.000339 27037.851726 6601.038019 0.0
66119.0 3e-06 1.000171 0.002304 0.000339 27085.982756 6612.788759 0.05
66113.0 3e-06 1.00017 0.002334 0.000339 27085.258515 6612.611942 0.0
66107.0 3e-06 1.000164 0.002304 0.000339 27080.915222 6611.551568 0.0
66079.0 3e-06 1.000166 0.002336 0.000339 27069.647993 6608.80078 0.0
