99362.0 4e-06 1.000116 0.001968 0.000224 20352.500379 9937.744325 0.0
99378.0 3e-06 1.000124 0.002199 0.000224 20355.215797 9939.070213 0.08
99487.0 3e-06 1.000116 0.001956 0.000224 20377.906661 9950.149737 0.03
99407.0 3e-06 1.00012 0.001988 0.000224 20360.722017 9941.758797 0.0
99267.0 4e-06 1.000122 0.00193 0.000224 20332.610236 9928.032342 0.04
99307.0 3e-06 1.000117 0.001909 0.000224 20341.075943 9932.165988 0.06
99378.0 4e-06 1.000132 0.001848 0.000224 20353.444821 9938.205479 0.04
99246.0 4e-06 1.000103 0.00186 0.000225 20328.754119 9926.149472 0.0
99407.0 3e-06 1.000127 0.001847 0.000224 20361.581367 9942.178402 0.04
97322.0 4e-06 1.000117 0.002861 0.000228 19934.119095 9733.456589 1.96
98838.0 3e-06 1.000122 0.001959 0.000226 20245.198872 9885.351012 0.03
99214.0 3e-06 1.00014 0.002143 0.000224 20321.750315 9922.729646 0.16
99566.0 3e-06 1.000111 0.002068 0.000224 20388.191095 9955.171433 0.06
99243.0 3e-06 1.000122 0.003129 0.000224 20328.35717 9925.955649 0.07
99294.0 3e-06 1.000122 0.002362 0.000224 20337.983955 9930.656228 0.13
99429.0 4e-06 1.000125 0.003496 0.000224 20365.615085 9944.147991 0.04
99180.0 4e-06 1.00012 0.002184 0.000225 20315.227081 9919.544473 0.06
99640.0 3e-06 1.000121 0.001863 0.000224 20409.502824 9965.577551 0.03
99060.0 3e-06 1.000135 0.003226 0.000224 20291.187083 9907.806193 0.08
99289.0 3e-06 1.000124 0.001839 0.000224 20337.917863 9930.623956 0.12
99306.0 3e-06 1.00012 0.003057 0.000224 20341.357343 9932.30339 0.04
99526.0 4e-06 1.000116 0.002759 0.000224 20386.429227 9954.311146 0.0
99256.0 4e-06 1.000124 0.00327 0.000224 20329.22871 9926.381206 0.12
99439.0 3e-06 1.000119 0.002007 0.000224 20369.203447 9945.900121 0.04
95799.0 4e-06 1.000119 0.002165 0.000231 19622.360746 9581.230833 3.27
99374.0 3e-06 1.000127 0.00612 0.000224 20345.842007 9934.493167 0.09
99522.0 3e-06 1.00011 0.002468 0.000224 20385.049201 9953.637305 0.02
99068.0 4e-06 1.000125 0.006165 0.000224 20288.540061 9906.513702 0.1
99175.0 3e-06 1.000129 0.002154 0.000224 20313.613735 9918.756706 0.17
99575.0 3e-06 1.000134 0.002808 0.000224 20396.288674 9959.125329 0.0
99401.0 3e-06 1.000124 0.003637 0.000224 20361.181208 9941.983012 0.0
99367.0 3e-06 1.000147 0.005168 0.000224 20353.520466 9938.242415 0.05
99378.0 4e-06 1.00013 0.004916 0.000224 20355.873375 9939.391297 0.02
99272.0 4e-06 1.000132 0.003179 0.000224 20334.527179 9928.968349 0.0
99516.0 3e-06 1.000122 0.002458 0.000224 20383.973126 9953.111878 0.01
99361.0 3e-06 1.000124 0.002924 0.000224 20352.006503 9937.503175 0.04
99445.0 3e-06 1.000137 0.003636 0.000224 20369.063418 9945.831747 0.09
99409.0 3e-06 1.000121 0.003235 0.000224 20362.219119 9942.489804 0.05
98835.0 3e-06 1.000135 0.003051 0.000225 20244.963016 9885.235847 0.58
99375.0 3e-06 1.000146 0.002944 0.000224 20355.482823 9939.200597 0.06
99319.0 3e-06 1.000123 0.003721 0.000224 20343.293819 9933.248935 0.04
99546.0 4e-06 1.000123 0.003532 0.000224 20390.324032 9956.212906 0.03
99259.0 3e-06 1.000122 0.002767 0.000224 20331.217657 9927.352372 0.07
99484.0 3e-06 1.000122 0.003444 0.000224 20375.183033 9948.81984 0.0
99429.0 3e-06 1.000118 0.003104 0.000224 20366.505213 9944.582623 0.09
99458.0 3e-06 1.000124 0.00436 0.000224 20371.968633 9947.250309 0.0
99246.0 3e-06 1.000129 0.004188 0.000224 20329.164832 9926.350016 0.03
99330.0 3e-06 1.000134 0.003842 0.000224 20337.705675 9930.520349 0.01
99229.0 3e-06 1.00013 0.004461 0.000224 20325.524051 9924.57229 0.08
99537.0 4e-06 1.00013 0.003995 0.000224 20387.834135 9954.997136 0.0
99497.0 3e-06 1.000119 0.003393 0.000224 20379.43317 9950.895103 0.0
99571.0 3e-06 1.000122 0.00336 0.000224 20394.798242 9958.397579 0.09
99448.0 3e-06 1.000121 0.002439 0.000224 20370.016087 9946.296918 0.0
99407.0 4e-06 1.000124 0.00241 0.000224 20362.224909 9942.492631 0.04
99000.0 3e-06 1.000128 0.002066 0.000224 20277.894932 9901.315885 0.0
99115.0 3e-06 1.000123 0.001943 0.000224 20302.059205 9913.114846 0.03
99368.0 3e-06 1.00012 0.002109 0.000224 20353.397558 9938.182401 0.0
99160.0 3e-06 1.000131 0.001982 0.000224 20311.745985 9917.844719 0.07
99411.0 4e-06 1.000118 0.001917 0.000224 20363.266257 9943.001102 0.02
99455.0 4e-06 1.000125 0.001786 0.000224 20371.087243 9946.819943 0.02
99228.0 3e-06 1.000122 0.00187 0.000224 20324.770355 9924.204275 0.08
99057.0 3e-06 1.000127 0.001853 0.000224 20289.35093 9906.909634 0.13
99293.0 3e-06 1.000117 0.00197 0.000224 20338.157467 9930.740951 0.0
99018.0 4e-06 1.000126 0.001835 0.000225 20271.54202 9898.213877 0.02
99409.0 3e-06 1.000126 0.002591 0.000224 20362.339276 9942.548475 0.01
98997.0 3e-06 1.000125 0.002056 0.000225 20277.947684 9901.341642 0.36
99118.0 3e-06 1.000118 0.001852 0.000224 20301.158992 9912.675289 0.01
99145.0 3e-06 1.000116 0.001892 0.000224 20308.041716 9916.035994 0.05
99048.0 3e-06 1.000116 0.001894 0.000225 20287.783452 9906.144264 0.04
99505.0 4e-06 1.000114 0.001885 0.000224 20381.656791 9951.980855 0.0
99296.0 3e-06 1.000117 0.002 0.000224 20337.704071 9930.519566 0.0
99411.0 3e-06 1.000117 0.001907 0.000224 20362.353849 9942.55559 0.0
99281.0 3e-06 1.000119 0.0019 0.000224 20324.809929 9924.223598 0.0
99492.0 4e-06 1.00012 0.001885 0.000224 20379.483175 9950.919519 0.0
99146.0 3e-06 1.000121 0.001892 0.000224 20309.067161 9916.5367 0.02
99246.0 4e-06 1.000128 0.00183 0.000224 20328.060823 9925.810949 0.04
99469.0 3e-06 1.000096 0.001866 0.000224 20374.317535 9948.397234 0.0
99299.0 3e-06 1.000119 0.001849 0.000224 20339.571562 9931.431427 0.04
99208.0 3e-06 1.000116 0.00189 0.000224 20321.216429 9922.468959 0.01
99470.0 3e-06 1.000117 0.001805 0.000224 20374.422516 9948.448494 0.0
99442.0 3e-06 1.000109 0.002077 0.000224 20368.542643 9945.577462 0.01
99216.0 3e-06 1.000152 0.001951 0.000224 20322.61729 9923.152973 0.14
99325.0 3e-06 1.000122 0.001868 0.000224 20345.481189 9934.316987 0.0
99490.0 4e-06 1.000117 0.001875 0.000224 20378.877833 9950.623942 0.0
99453.0 3e-06 1.000125 0.001856 0.000223 20371.810412 9947.173053 0.03
99603.0 4e-06 1.000117 0.001854 0.000223 20401.383302 9961.612941 0.0
99492.0 3e-06 1.000113 0.001986 0.000224 20379.057179 9950.711513 0.0
99292.0 3e-06 1.000114 0.001929 0.000224 20338.636114 9930.974665 0.05
99394.0 4e-06 1.000118 0.001847 0.000224 20358.065441 9940.461641 0.0
99361.0 4e-06 1.000191 0.003863 0.000224 20348.532518 9935.806894 0.0
99351.0 3e-06 1.000165 0.00371 0.000224 20350.300147 9936.669994 0.03
99092.0 4e-06 1.000139 0.002226 0.000224 20311.999439 9917.968476 0.0
98739.0 3e-06 1.000124 0.00191 0.000226 20225.062088 9875.518597 0.04
99305.0 4e-06 1.000113 0.001828 0.000224 20340.33672 9931.805039 0.01
99254.0 3e-06 1.000115 0.001981 0.000224 20330.419208 9926.962504 0.01
98776.0 3e-06 1.0001 0.001891 0.000225 20221.927619 9873.988095 0.1
98831.0 4e-06 1.000115 0.001898 0.000226 20243.64559 9884.592573 0.14
99229.0 4e-06 1.000116 0.002113 0.000224 20323.989331 9923.822916 0.06
99188.0 3e-06 1.000111 0.001881 0.000224 20316.481695 9920.157077 0.02
99279.0 3e-06 1.000118 0.00188 0.000224 20335.243073 9929.317907 0.0
