236.0 0.002422 0.005948 0.002638 0.000129 8.131317 23.651534 0.0
239.0 0.002365 0.007664 0.002645 0.000158 8.30363 23.993707 0.0
240.0 0.002378 0.007824 0.002642 0.000143 8.416021 24.025181 0.0
149.0 0.002262 0.003329 0.002619 0.000127 5.233441 14.920073 0.0
36.0 0.002403 0.003204 0.002616 0.000127 1.293278 3.614753 0.0
243.0 0.002371 0.014025 0.00276 0.000403 8.509509 24.382261 0.0
229.0 0.00226 0.007944 0.00265 0.00017 7.925564 22.981084 0.0
235.0 0.002308 0.008221 0.002672 0.000252 8.152699 23.578372 0.0
240.0 0.002375 0.012186 0.002688 0.000262 8.308639 24.080685 0.0
237.0 0.002357 0.004157 0.002622 0.000117 8.221295 23.712964 0.0
240.0 0.002338 0.003013 0.002621 9.6e-05 8.218681 24.040602 0.0
168.0 0.002374 0.007242 0.002671 0.000179 5.828296 16.868002 0.0
242.0 0.002331 0.006418 0.002664 0.000214 8.335805 24.215701 0.0
238.0 0.002292 0.003916 0.002612 0.000133 8.278269 23.813431 0.0
242.0 0.002315 0.010437 0.002642 0.000184 8.558435 24.234078 0.0
240.0 0.002264 0.006854 0.002637 0.000173 8.134726 24.093374 0.0
233.0 0.002341 0.008903 0.002661 0.000192 8.105348 23.391623 0.0
242.0 0.002374 0.011444 0.002713 0.000266 8.443143 24.20213 0.0
231.0 0.002308 0.008211 0.002685 0.00025 8.303132 23.151115 0.0
241.0 0.002318 0.012596 0.002701 0.000204 8.312959 24.114384 0.0
235.0 0.002315 0.013414 0.002689 0.000247 8.22207 23.54717 0.0
242.0 0.002336 0.008173 0.002665 0.00022 8.325009 24.282281 0.0
229.0 0.002328 0.00775 0.002675 0.000204 7.973408 22.936267 0.0
102.0 0.002364 0.003897 0.002646 0.000138 4.105434 11.85064 0.0
239.0 0.002429 0.006987 0.002699 0.000194 8.275536 23.947272 0.0
240.0 0.002236 0.006836 0.002709 0.000189 8.591854 24.046612 0.0
240.0 0.002306 0.008317 0.00269 0.000201 8.357238 24.061147 0.0
239.0 0.002382 0.011255 0.002773 0.000376 8.441898 23.907641 0.0
237.0 0.002359 0.005914 0.002667 0.000149 8.277555 23.734279 0.0
235.0 0.00215 0.005445 0.002661 0.000173 8.39268 23.6122 0.0
239.0 0.002464 0.006233 0.002702 0.000187 8.242469 23.969995 0.0
240.0 0.002349 0.004405 0.002675 0.000137 8.353008 24.058202 0.0
221.0 0.002393 0.013003 0.002747 0.000312 7.599905 22.116019 0.0
227.0 0.002351 0.012433 0.002739 0.000326 8.03066 22.789277 0.0
222.0 0.002426 0.005872 0.002677 0.000185 7.884427 22.226011 0.0
238.0 0.002325 0.003537 0.00261 0.000114 8.176222 23.837967 0.0
243.0 0.002402 0.010814 0.002658 0.000195 8.324485 24.390491 0.0
237.0 0.002374 0.009097 0.002677 0.000235 8.44035 23.759537 0.0
241.0 0.002347 0.006316 0.002643 0.000172 8.556218 24.134464 0.0
236.0 0.00232 0.013004 0.00269 0.000281 8.091832 23.669712 0.0
239.0 0.002323 0.008816 0.002623 0.000176 8.415466 23.955411 0.0
237.0 0.002187 0.007688 0.002666 0.000172 8.350245 23.795307 0.0
239.0 0.002404 0.003339 0.002637 0.000105 8.402773 23.976394 0.0
233.0 0.002377 0.006586 0.002659 0.000148 8.103791 23.396403 0.0
237.0 0.002278 0.008739 0.002646 0.000151 8.324362 23.707866 0.0
235.0 0.002362 0.008621 0.002705 0.000261 8.182691 23.530743 0.0
176.0 0.002405 0.01245 0.002752 0.000334 6.731228 19.5417 0.0
241.0 0.002393 0.009104 0.002666 0.000196 8.368658 24.136506 0.0
235.0 0.002322 0.00431 0.002629 0.000138 8.07749 23.54632 0.0
241.0 0.002362 0.005197 0.002644 0.000154 8.306202 24.113359 0.0
241.0 0.002361 0.012124 0.002745 0.000299 8.389561 24.199112 0.0
239.0 0.002364 0.003307 0.00262 0.000105 8.326659 23.928331 0.0
238.0 0.002234 0.003585 0.002632 0.000132 8.313249 23.923308 0.0
236.0 0.002333 0.003442 0.00262 0.000136 8.166898 23.615319 0.0
240.0 0.002368 0.00309 0.002611 0.00011 8.485143 24.007762 0.0
228.0 0.002326 0.010501 0.002666 0.000198 7.956833 22.848336 0.0
194.0 0.00235 0.003016 0.002627 8.5e-05 6.834601 19.432417 0.0
243.0 0.002369 0.011807 0.002664 0.000177 8.660231 24.334367 0.0
239.0 0.002385 0.009323 0.00267 0.00022 8.26877 23.913796 0.0
238.0 0.002301 0.009053 0.002656 0.000161 8.483306 23.827261 0.0
236.0 0.002374 0.007573 0.002679 0.000198 8.273769 23.84954 0.0
242.0 0.002362 0.00663 0.002674 0.000187 8.391972 24.241516 0.0
243.0 0.002261 0.006241 0.002634 0.00018 8.483278 24.396853 0.0
240.0 0.002341 0.004544 0.002659 0.000158 8.472667 24.072357 0.0
240.0 0.002318 0.004537 0.00263 0.000118 8.430139 24.226858 0.0
233.0 0.002354 0.015093 0.002692 0.000218 8.04178 23.34232 0.0
240.0 0.00238 0.017474 0.002717 0.000325 8.383439 24.097266 0.0
241.0 0.002381 0.009837 0.002659 0.000174 8.319018 24.104107 0.0
244.0 0.002376 0.006873 0.002631 0.000127 8.528711 24.408904 0.0
235.0 0.002404 0.009201 0.002674 0.000155 8.242195 23.57263 0.0
240.0 0.002341 0.003738 0.002623 0.000119 8.431573 24.07645 0.0
244.0 0.002372 0.003543 0.002622 0.000105 8.570282 24.443015 0.0
240.0 0.002356 0.01407 0.002662 0.000233 8.3775 24.02495 0.0
236.0 0.002288 0.01103 0.002712 0.000338 8.23394 23.681509 0.0
243.0 0.000489 0.005323 0.002648 0.000199 8.285652 24.314238 0.0
236.0 0.002301 0.006316 0.00267 0.000157 8.206959 23.624638 0.0
239.0 0.002383 0.014625 0.00277 0.000309 8.532723 23.97396 0.0
240.0 0.002334 0.009325 0.002693 0.000248 8.331898 24.036632 0.0
239.0 0.002317 0.00561 0.002652 0.000145 8.25439 23.941738 0.0
235.0 0.002334 0.010942 0.002692 0.000195 8.144131 23.583779 0.0
241.0 0.00236 0.005559 0.002651 0.000137 8.462682 24.13046 0.0
116.0 0.002356 0.007713 0.002723 0.000314 8.07418 23.917388 0.0
237.0 0.002331 0.006955 0.00264 0.000159 8.33859 23.70964 0.0
244.0 0.001002 0.010406 0.002654 0.000139 8.329193 24.481101 0.0
234.0 0.00237 0.007414 0.002645 0.000149 8.102517 23.402649 0.0
240.0 0.002345 0.00883 0.002653 0.000192 8.322483 24.05342 0.0
237.0 0.002371 0.010357 0.0027 0.00025 8.252448 23.867887 0.0
237.0 0.002364 0.010436 0.00266 0.000188 8.245684 23.764799 0.0
238.0 0.002365 0.005183 0.002636 0.000122 8.326255 23.866085 0.0
227.0 0.002408 0.006844 0.002645 0.000151 7.896557 22.710806 0.0
240.0 0.002412 0.012077 0.002708 0.000251 8.394919 24.010637 0.0
238.0 0.002436 0.008059 0.00266 0.000155 8.403298 23.845681 0.0
241.0 0.002331 0.003722 0.002624 0.000127 8.299175 24.14648 0.0
240.0 0.002339 0.006011 0.00263 0.000127 8.326766 24.049581 0.0
236.0 0.002212 0.011268 0.002736 0.000339 8.255979 23.68025 0.0
241.0 0.002377 0.011528 0.002689 0.00023 8.400913 24.10262 0.0
240.0 0.002376 0.003538 0.002624 0.000106 8.255824 24.071797 0.0
241.0 0.002358 0.01006 0.002721 0.0003 8.475497 24.114502 0.0
238.0 0.002421 0.005995 0.002644 0.000146 8.237054 23.840097 0.0
239.0 0.00232 0.012282 0.0027 0.000273 8.461325 24.001338 0.0
