ITGDec version 2.8.1 (r1023)
Compile-time options: bursty multiport
----------------------------------------------------------
Flow number: 1
From 192.168.10.7:39823
To    192.168.10.5:8999
----------------------------------------------------------
Total time               =      9.964123 s
Total packets            =           238
Minimum delay            =      0.003198 s
Maximum delay            =      0.006966 s
Average delay            =      0.003634 s
Average jitter           =      0.000180 s
Delay standard deviation =      0.000283 s
Bytes received           =         10144
Average bitrate          =      8.144420 Kbit/s
Average packet rate      =     23.885695 pkt/s
Packets dropped          =             0 (0.00 %)
Average loss-burst size  =      0.000000 pkt
----------------------------------------------------------

__________________________________________________________
****************  TOTAL RESULTS   ******************
__________________________________________________________
Number of flows          =             1
Total time               =      9.964123 s
Total packets            =           238
Minimum delay            =      0.003198 s
Maximum delay            =      0.006966 s
Average delay            =      0.003634 s
Average jitter           =      0.000180 s
Delay standard deviation =      0.000283 s
Bytes received           =         10144
Average bitrate          =      8.144420 Kbit/s
Average packet rate      =     23.885695 pkt/s
Packets dropped          =             0 (0.00 %)
Average loss-burst size  =             0 pkt
Error lines              =             0
----------------------------------------------------------
