ITGDec version 2.8.1 (r1023)
Compile-time options: bursty multiport
----------------------------------------------------------
Flow number: 1
From 192.168.10.7:58413
To    192.168.10.5:8999
----------------------------------------------------------
Total time               =     10.211413 s
Total packets            =         28335
Minimum delay            =      0.000004 s
Maximum delay            =      1.000512 s
Average delay            =      0.318464 s
Average jitter           =      0.000769 s
Delay standard deviation =      0.455732 s
Bytes received           =      36268800
Average bitrate          =  28414.324247 Kbit/s
Average packet rate      =   2774.836352 pkt/s
Packets dropped          =          4069 (12.56 %)
Average loss-burst size  =      1.331044 pkt
----------------------------------------------------------

__________________________________________________________
****************  TOTAL RESULTS   ******************
__________________________________________________________
Number of flows          =             1
Total time               =     10.211413 s
Total packets            =         28335
Minimum delay            =      0.000004 s
Maximum delay            =      1.000512 s
Average delay            =      0.318464 s
Average jitter           =      0.000769 s
Delay standard deviation =      0.455732 s
Bytes received           =      36268800
Average bitrate          =  28414.324247 Kbit/s
Average packet rate      =   2774.836352 pkt/s
Packets dropped          =          4069 (12.56 %)
Average loss-burst size  =      1.331044 pkt
Error lines              =             0
----------------------------------------------------------
