ITGDec version 2.8.1 (r1023)
Compile-time options: bursty multiport
----------------------------------------------------------
Flow number: 1
From 192.168.10.7:48072
To    192.168.10.5:8999
----------------------------------------------------------
Total time               =      9.973018 s
Total packets            =           224
Minimum delay            =      0.003291 s
Maximum delay            =      0.004627 s
Average delay            =      0.003644 s
Average jitter           =      0.000119 s
Delay standard deviation =      0.000142 s
Bytes received           =          9689
Average bitrate          =      7.772171 Kbit/s
Average packet rate      =     22.460603 pkt/s
Packets dropped          =             0 (0.00 %)
Average loss-burst size  =      0.000000 pkt
----------------------------------------------------------

__________________________________________________________
****************  TOTAL RESULTS   ******************
__________________________________________________________
Number of flows          =             1
Total time               =      9.973018 s
Total packets            =           224
Minimum delay            =      0.003291 s
Maximum delay            =      0.004627 s
Average delay            =      0.003644 s
Average jitter           =      0.000119 s
Delay standard deviation =      0.000142 s
Bytes received           =          9689
Average bitrate          =      7.772171 Kbit/s
Average packet rate      =     22.460603 pkt/s
Packets dropped          =             0 (0.00 %)
Average loss-burst size  =             0 pkt
Error lines              =             0
----------------------------------------------------------
