ITGDec version 2.8.1 (r1023)
Compile-time options: bursty multiport
----------------------------------------------------------
Flow number: 1
From 192.168.10.7:40946
To    192.168.10.5:8999
----------------------------------------------------------
Total time               =     10.213545 s
Total packets            =         28329
Minimum delay            =      0.000004 s
Maximum delay            =      1.000935 s
Average delay            =      0.339769 s
Average jitter           =      0.000769 s
Delay standard deviation =      0.463614 s
Bytes received           =      36261120
Average bitrate          =  28402.377431 Kbit/s
Average packet rate      =   2773.669671 pkt/s
Packets dropped          =          4072 (12.57 %)
Average loss-burst size  =      1.341238 pkt
----------------------------------------------------------

__________________________________________________________
****************  TOTAL RESULTS   ******************
__________________________________________________________
Number of flows          =             1
Total time               =     10.213545 s
Total packets            =         28329
Minimum delay            =      0.000004 s
Maximum delay            =      1.000935 s
Average delay            =      0.339769 s
Average jitter           =      0.000769 s
Delay standard deviation =      0.463614 s
Bytes received           =      36261120
Average bitrate          =  28402.377431 Kbit/s
Average packet rate      =   2773.669671 pkt/s
Packets dropped          =          4072 (12.57 %)
Average loss-burst size  =      1.341238 pkt
Error lines              =             0
----------------------------------------------------------
