ITGDec version 2.8.1 (r1023)
Compile-time options: bursty multiport
----------------------------------------------------------
Flow number: 1
From 192.168.10.7:54321
To    192.168.10.5:8999
----------------------------------------------------------
Total time               =      9.997551 s
Total packets            =        168667
Minimum delay            =      0.000002 s
Maximum delay            =      1.000080 s
Average delay            =      0.002454 s
Average jitter           =      0.000133 s
Delay standard deviation =      0.049243 s
Bytes received           =      10794688
Average bitrate          =   8637.865813 Kbit/s
Average packet rate      =  16870.831667 pkt/s
Packets dropped          =           129 (0.08 %)
Average loss-burst size  =      3.794118 pkt
----------------------------------------------------------

__________________________________________________________
****************  TOTAL RESULTS   ******************
__________________________________________________________
Number of flows          =             1
Total time               =      9.997551 s
Total packets            =        168667
Minimum delay            =      0.000002 s
Maximum delay            =      1.000080 s
Average delay            =      0.002454 s
Average jitter           =      0.000133 s
Delay standard deviation =      0.049243 s
Bytes received           =      10794688
Average bitrate          =   8637.865813 Kbit/s
Average packet rate      =  16870.831667 pkt/s
Packets dropped          =           129 (0.08 %)
Average loss-burst size  =      3.794118 pkt
Error lines              =             0
----------------------------------------------------------
