ITGDec version 2.8.1 (r1023)
Compile-time options: bursty multiport
----------------------------------------------------------
Flow number: 1
From 192.168.10.7:41682
To    192.168.10.5:8999
----------------------------------------------------------
Total time               =     10.008755 s
Total packets            =         65650
Minimum delay            =      0.000003 s
Maximum delay            =      1.000180 s
Average delay            =      0.020321 s
Average jitter           =      0.000343 s
Delay standard deviation =      0.140673 s
Bytes received           =      33612800
Average bitrate          =  26866.718188 Kbit/s
Average packet rate      =   6559.257370 pkt/s
Packets dropped          =             0 (0.00 %)
Average loss-burst size  =      0.000000 pkt
----------------------------------------------------------

__________________________________________________________
****************  TOTAL RESULTS   ******************
__________________________________________________________
Number of flows          =             1
Total time               =     10.008755 s
Total packets            =         65650
Minimum delay            =      0.000003 s
Maximum delay            =      1.000180 s
Average delay            =      0.020321 s
Average jitter           =      0.000343 s
Delay standard deviation =      0.140673 s
Bytes received           =      33612800
Average bitrate          =  26866.718188 Kbit/s
Average packet rate      =   6559.257370 pkt/s
Packets dropped          =             0 (0.00 %)
Average loss-burst size  =             0 pkt
Error lines              =             0
----------------------------------------------------------
