ITGDec version 2.8.1 (r1023)
Compile-time options: bursty multiport
----------------------------------------------------------
Flow number: 1
From 192.168.10.7:46205
To    192.168.10.5:8999
----------------------------------------------------------
Total time               =      9.998552 s
Total packets            =        172955
Minimum delay            =      0.000002 s
Maximum delay            =      1.000088 s
Average delay            =      0.002395 s
Average jitter           =      0.000130 s
Delay standard deviation =      0.048631 s
Bytes received           =      11069120
Average bitrate          =   8856.578433 Kbit/s
Average packet rate      =  17298.004751 pkt/s
Packets dropped          =          1651 (0.95 %)
Average loss-burst size  =      3.628571 pkt
----------------------------------------------------------

__________________________________________________________
****************  TOTAL RESULTS   ******************
__________________________________________________________
Number of flows          =             1
Total time               =      9.998552 s
Total packets            =        172955
Minimum delay            =      0.000002 s
Maximum delay            =      1.000088 s
Average delay            =      0.002395 s
Average jitter           =      0.000130 s
Delay standard deviation =      0.048631 s
Bytes received           =      11069120
Average bitrate          =   8856.578433 Kbit/s
Average packet rate      =  17298.004751 pkt/s
Packets dropped          =          1651 (0.95 %)
Average loss-burst size  =      3.628571 pkt
Error lines              =             0
----------------------------------------------------------
