ITGDec version 2.8.1 (r1023)
Compile-time options: bursty multiport
----------------------------------------------------------
Flow number: 1
From 192.168.10.7:37767
To    192.168.10.5:8999
----------------------------------------------------------
Total time               =      9.996182 s
Total packets            =        168103
Minimum delay            =      0.000002 s
Maximum delay            =      1.000531 s
Average delay            =      0.002695 s
Average jitter           =      0.000133 s
Delay standard deviation =      0.051612 s
Bytes received           =      10758592
Average bitrate          =   8610.160959 Kbit/s
Average packet rate      =  16816.720624 pkt/s
Packets dropped          =          1618 (0.95 %)
Average loss-burst size  =      4.963190 pkt
----------------------------------------------------------

__________________________________________________________
****************  TOTAL RESULTS   ******************
__________________________________________________________
Number of flows          =             1
Total time               =      9.996182 s
Total packets            =        168103
Minimum delay            =      0.000002 s
Maximum delay            =      1.000531 s
Average delay            =      0.002695 s
Average jitter           =      0.000133 s
Delay standard deviation =      0.051612 s
Bytes received           =      10758592
Average bitrate          =   8610.160959 Kbit/s
Average packet rate      =  16816.720624 pkt/s
Packets dropped          =          1618 (0.95 %)
Average loss-burst size  =      4.963190 pkt
Error lines              =             0
----------------------------------------------------------
