ITGDec version 2.8.1 (r1023)
Compile-time options: bursty multiport
----------------------------------------------------------
Flow number: 1
From 192.168.10.7:51254
To    192.168.10.5:8999
----------------------------------------------------------
Total time               =      9.998249 s
Total packets            =        167521
Minimum delay            =      0.000002 s
Maximum delay            =      1.000101 s
Average delay            =      0.002680 s
Average jitter           =      0.000134 s
Delay standard deviation =      0.051472 s
Bytes received           =      10721344
Average bitrate          =   8578.577309 Kbit/s
Average packet rate      =  16755.033806 pkt/s
Packets dropped          =          5850 (3.37 %)
Average loss-burst size  =      5.674103 pkt
----------------------------------------------------------

__________________________________________________________
****************  TOTAL RESULTS   ******************
__________________________________________________________
Number of flows          =             1
Total time               =      9.998249 s
Total packets            =        167521
Minimum delay            =      0.000002 s
Maximum delay            =      1.000101 s
Average delay            =      0.002680 s
Average jitter           =      0.000134 s
Delay standard deviation =      0.051472 s
Bytes received           =      10721344
Average bitrate          =   8578.577309 Kbit/s
Average packet rate      =  16755.033806 pkt/s
Packets dropped          =          5850 (3.37 %)
Average loss-burst size  =      5.674103 pkt
Error lines              =             0
----------------------------------------------------------
