ITGDec version 2.8.1 (r1023)
Compile-time options: bursty multiport
----------------------------------------------------------
Flow number: 1
From 192.168.10.7:45819
To    192.168.10.5:8999
----------------------------------------------------------
Total time               =     10.000391 s
Total packets            =         98557
Minimum delay            =      0.000004 s
Maximum delay            =      1.000120 s
Average delay            =      0.003417 s
Average jitter           =      0.000224 s
Delay standard deviation =      0.057942 s
Bytes received           =      25230592
Average bitrate          =  20183.684418 Kbit/s
Average packet rate      =   9855.314657 pkt/s
Packets dropped          =           137 (0.14 %)
Average loss-burst size  =           inf pkt
----------------------------------------------------------

__________________________________________________________
****************  TOTAL RESULTS   ******************
__________________________________________________________
Number of flows          =             1
Total time               =     10.000391 s
Total packets            =         98557
Minimum delay            =      0.000004 s
Maximum delay            =      1.000120 s
Average delay            =      0.003417 s
Average jitter           =      0.000224 s
Delay standard deviation =      0.057942 s
Bytes received           =      25230592
Average bitrate          =  20183.684418 Kbit/s
Average packet rate      =   9855.314657 pkt/s
Packets dropped          =           137 (0.14 %)
Average loss-burst size  =           inf pkt
Error lines              =             0
----------------------------------------------------------
