ITGDec version 2.8.1 (r1023)
Compile-time options: bursty multiport
----------------------------------------------------------
Flow number: 1
From 192.168.10.7:42187
To    192.168.10.5:8999
----------------------------------------------------------
Total time               =     10.173122 s
Total packets            =         35527
Minimum delay            =      0.000005 s
Maximum delay            =      1.000604 s
Average delay            =      0.259357 s
Average jitter           =      0.000634 s
Delay standard deviation =      0.430466 s
Bytes received           =      36379648
Average bitrate          =  28608.443308 Kbit/s
Average packet rate      =   3492.241615 pkt/s
Packets dropped          =          3009 (7.81 %)
Average loss-burst size  =      1.218219 pkt
----------------------------------------------------------

__________________________________________________________
****************  TOTAL RESULTS   ******************
__________________________________________________________
Number of flows          =             1
Total time               =     10.173122 s
Total packets            =         35527
Minimum delay            =      0.000005 s
Maximum delay            =      1.000604 s
Average delay            =      0.259357 s
Average jitter           =      0.000634 s
Delay standard deviation =      0.430466 s
Bytes received           =      36379648
Average bitrate          =  28608.443308 Kbit/s
Average packet rate      =   3492.241615 pkt/s
Packets dropped          =          3009 (7.81 %)
Average loss-burst size  =      1.218219 pkt
Error lines              =             0
----------------------------------------------------------
