ITGDec version 2.8.1 (r1023)
Compile-time options: bursty multiport
----------------------------------------------------------
Flow number: 1
From 192.168.10.7:59421
To    192.168.10.5:8999
----------------------------------------------------------
Total time               =      8.937184 s
Total packets            =             6
Minimum delay            =      0.003908 s
Maximum delay            =      0.004531 s
Average delay            =      0.004140 s
Average jitter           =      0.000201 s
Delay standard deviation =      0.000217 s
Bytes received           =          1228
Average bitrate          =      1.099228 Kbit/s
Average packet rate      =      0.671352 pkt/s
Packets dropped          =             0 (0.00 %)
Average loss-burst size  =      0.000000 pkt
----------------------------------------------------------

__________________________________________________________
****************  TOTAL RESULTS   ******************
__________________________________________________________
Number of flows          =             1
Total time               =      8.937184 s
Total packets            =             6
Minimum delay            =      0.003908 s
Maximum delay            =      0.004531 s
Average delay            =      0.004140 s
Average jitter           =      0.000201 s
Delay standard deviation =      0.000217 s
Bytes received           =          1228
Average bitrate          =      1.099228 Kbit/s
Average packet rate      =      0.671352 pkt/s
Packets dropped          =             0 (0.00 %)
Average loss-burst size  =             0 pkt
Error lines              =             0
----------------------------------------------------------
