ITGDec version 2.8.1 (r1023)
Compile-time options: bursty multiport
----------------------------------------------------------
Flow number: 1
From 192.168.10.7:35732
To    192.168.10.5:8999
----------------------------------------------------------
Total time               =      9.965171 s
Total packets            =           234
Minimum delay            =      0.003291 s
Maximum delay            =      0.012101 s
Average delay            =      0.003681 s
Average jitter           =      0.000243 s
Delay standard deviation =      0.000591 s
Bytes received           =         10339
Average bitrate          =      8.300108 Kbit/s
Average packet rate      =     23.481785 pkt/s
Packets dropped          =             0 (0.00 %)
Average loss-burst size  =      0.000000 pkt
----------------------------------------------------------

__________________________________________________________
****************  TOTAL RESULTS   ******************
__________________________________________________________
Number of flows          =             1
Total time               =      9.965171 s
Total packets            =           234
Minimum delay            =      0.003291 s
Maximum delay            =      0.012101 s
Average delay            =      0.003681 s
Average jitter           =      0.000243 s
Delay standard deviation =      0.000591 s
Bytes received           =         10339
Average bitrate          =      8.300108 Kbit/s
Average packet rate      =     23.481785 pkt/s
Packets dropped          =             0 (0.00 %)
Average loss-burst size  =             0 pkt
Error lines              =             0
----------------------------------------------------------
