ITGDec version 2.8.1 (r1023)
Compile-time options: bursty multiport
----------------------------------------------------------
Flow number: 1
From 192.168.10.7:36005
To    192.168.10.5:8999
----------------------------------------------------------
Total time               =      9.997344 s
Total packets            =        166867
Minimum delay            =      0.000002 s
Maximum delay            =      1.000088 s
Average delay            =      0.002325 s
Average jitter           =      0.000134 s
Delay standard deviation =      0.047916 s
Bytes received           =      10679488
Average bitrate          =   8545.860180 Kbit/s
Average packet rate      =  16691.133165 pkt/s
Packets dropped          =             0 (0.00 %)
Average loss-burst size  =      0.000000 pkt
----------------------------------------------------------

__________________________________________________________
****************  TOTAL RESULTS   ******************
__________________________________________________________
Number of flows          =             1
Total time               =      9.997344 s
Total packets            =        166867
Minimum delay            =      0.000002 s
Maximum delay            =      1.000088 s
Average delay            =      0.002325 s
Average jitter           =      0.000134 s
Delay standard deviation =      0.047916 s
Bytes received           =      10679488
Average bitrate          =   8545.860180 Kbit/s
Average packet rate      =  16691.133165 pkt/s
Packets dropped          =             0 (0.00 %)
Average loss-burst size  =             0 pkt
Error lines              =             0
----------------------------------------------------------
