ITGDec version 2.8.1 (r1023)
Compile-time options: bursty multiport
----------------------------------------------------------
Flow number: 1
From 192.168.10.7:36671
To    192.168.10.5:8999
----------------------------------------------------------
Total time               =      9.995905 s
Total packets            =        168368
Minimum delay            =      0.000002 s
Maximum delay            =      1.000197 s
Average delay            =      0.002712 s
Average jitter           =      0.000131 s
Delay standard deviation =      0.051801 s
Bytes received           =      10775552
Average bitrate          =   8623.973117 Kbit/s
Average packet rate      =  16843.697494 pkt/s
Packets dropped          =            11 (0.01 %)
Average loss-burst size  =      0.000000 pkt
----------------------------------------------------------

__________________________________________________________
****************  TOTAL RESULTS   ******************
__________________________________________________________
Number of flows          =             1
Total time               =      9.995905 s
Total packets            =        168368
Minimum delay            =      0.000002 s
Maximum delay            =      1.000197 s
Average delay            =      0.002712 s
Average jitter           =      0.000131 s
Delay standard deviation =      0.051801 s
Bytes received           =      10775552
Average bitrate          =   8623.973117 Kbit/s
Average packet rate      =  16843.697494 pkt/s
Packets dropped          =            11 (0.01 %)
Average loss-burst size  =      0.000000 pkt
Error lines              =             0
----------------------------------------------------------
