ITGDec version 2.8.1 (r1023)
Compile-time options: bursty multiport
----------------------------------------------------------
Flow number: 1
From 192.168.10.7:46152
To    192.168.10.5:8999
----------------------------------------------------------
Total time               =     10.013998 s
Total packets            =         65483
Minimum delay            =      0.000003 s
Maximum delay            =      1.000188 s
Average delay            =      0.021437 s
Average jitter           =      0.000344 s
Delay standard deviation =      0.144288 s
Bytes received           =      33527296
Average bitrate          =  26784.344075 Kbit/s
Average packet rate      =   6539.146503 pkt/s
Packets dropped          =            60 (0.09 %)
Average loss-burst size  =     60.000000 pkt
----------------------------------------------------------

__________________________________________________________
****************  TOTAL RESULTS   ******************
__________________________________________________________
Number of flows          =             1
Total time               =     10.013998 s
Total packets            =         65483
Minimum delay            =      0.000003 s
Maximum delay            =      1.000188 s
Average delay            =      0.021437 s
Average jitter           =      0.000344 s
Delay standard deviation =      0.144288 s
Bytes received           =      33527296
Average bitrate          =  26784.344075 Kbit/s
Average packet rate      =   6539.146503 pkt/s
Packets dropped          =            60 (0.09 %)
Average loss-burst size  =     60.000000 pkt
Error lines              =             0
----------------------------------------------------------
