ITGDec version 2.8.1 (r1023)
Compile-time options: bursty multiport
----------------------------------------------------------
Flow number: 1
From 192.168.10.7:47356
To    192.168.10.5:8999
----------------------------------------------------------
Total time               =     10.181739 s
Total packets            =         35446
Minimum delay            =      0.000005 s
Maximum delay            =      1.000635 s
Average delay            =      0.264781 s
Average jitter           =      0.000615 s
Delay standard deviation =      0.432939 s
Bytes received           =      36296704
Average bitrate          =  28519.060644 Kbit/s
Average packet rate      =   3481.330645 pkt/s
Packets dropped          =          3085 (8.01 %)
Average loss-burst size  =      1.235978 pkt
----------------------------------------------------------

__________________________________________________________
****************  TOTAL RESULTS   ******************
__________________________________________________________
Number of flows          =             1
Total time               =     10.181739 s
Total packets            =         35446
Minimum delay            =      0.000005 s
Maximum delay            =      1.000635 s
Average delay            =      0.264781 s
Average jitter           =      0.000615 s
Delay standard deviation =      0.432939 s
Bytes received           =      36296704
Average bitrate          =  28519.060644 Kbit/s
Average packet rate      =   3481.330645 pkt/s
Packets dropped          =          3085 (8.01 %)
Average loss-burst size  =      1.235978 pkt
Error lines              =             0
----------------------------------------------------------
