ITGDec version 2.8.1 (r1023)
Compile-time options: bursty multiport
----------------------------------------------------------
Flow number: 1
From 192.168.10.7:59740
To    192.168.10.5:8999
----------------------------------------------------------
Total time               =      9.997138 s
Total packets            =        130104
Minimum delay            =      0.000003 s
Maximum delay            =      1.000106 s
Average delay            =      0.004284 s
Average jitter           =      0.000175 s
Delay standard deviation =      0.065056 s
Bytes received           =      16653312
Average bitrate          =  13326.463634 Kbit/s
Average packet rate      =  13014.124642 pkt/s
Packets dropped          =            34 (0.03 %)
Average loss-burst size  =      0.000000 pkt
----------------------------------------------------------

__________________________________________________________
****************  TOTAL RESULTS   ******************
__________________________________________________________
Number of flows          =             1
Total time               =      9.997138 s
Total packets            =        130104
Minimum delay            =      0.000003 s
Maximum delay            =      1.000106 s
Average delay            =      0.004284 s
Average jitter           =      0.000175 s
Delay standard deviation =      0.065056 s
Bytes received           =      16653312
Average bitrate          =  13326.463634 Kbit/s
Average packet rate      =  13014.124642 pkt/s
Packets dropped          =            34 (0.03 %)
Average loss-burst size  =      0.000000 pkt
Error lines              =             0
----------------------------------------------------------
