ITGDec version 2.8.1 (r1023)
Compile-time options: bursty multiport
----------------------------------------------------------
Flow number: 1
From 192.168.10.7:60673
To    192.168.10.5:8999
----------------------------------------------------------
Total time               =      9.998720 s
Total packets            =         98555
Minimum delay            =      0.000003 s
Maximum delay            =      1.000116 s
Average delay            =      0.003140 s
Average jitter           =      0.000225 s
Delay standard deviation =      0.055544 s
Bytes received           =      25230080
Average bitrate          =  20186.647891 Kbit/s
Average packet rate      =   9856.761665 pkt/s
Packets dropped          =            84 (0.09 %)
Average loss-burst size  =           inf pkt
----------------------------------------------------------

__________________________________________________________
****************  TOTAL RESULTS   ******************
__________________________________________________________
Number of flows          =             1
Total time               =      9.998720 s
Total packets            =         98555
Minimum delay            =      0.000003 s
Maximum delay            =      1.000116 s
Average delay            =      0.003140 s
Average jitter           =      0.000225 s
Delay standard deviation =      0.055544 s
Bytes received           =      25230080
Average bitrate          =  20186.647891 Kbit/s
Average packet rate      =   9856.761665 pkt/s
Packets dropped          =            84 (0.09 %)
Average loss-burst size  =           inf pkt
Error lines              =             0
----------------------------------------------------------
