ITGDec version 2.8.1 (r1023)
Compile-time options: bursty multiport
----------------------------------------------------------
Flow number: 1
From 192.168.10.7:60379
To    192.168.10.5:8999
----------------------------------------------------------
Total time               =      9.998428 s
Total packets            =         98603
Minimum delay            =      0.000003 s
Maximum delay            =      1.000116 s
Average delay            =      0.002875 s
Average jitter           =      0.000225 s
Delay standard deviation =      0.053118 s
Bytes received           =      25242368
Average bitrate          =  20197.069379 Kbit/s
Average packet rate      =   9861.850283 pkt/s
Packets dropped          =            82 (0.08 %)
Average loss-burst size  =           inf pkt
----------------------------------------------------------

__________________________________________________________
****************  TOTAL RESULTS   ******************
__________________________________________________________
Number of flows          =             1
Total time               =      9.998428 s
Total packets            =         98603
Minimum delay            =      0.000003 s
Maximum delay            =      1.000116 s
Average delay            =      0.002875 s
Average jitter           =      0.000225 s
Delay standard deviation =      0.053118 s
Bytes received           =      25242368
Average bitrate          =  20197.069379 Kbit/s
Average packet rate      =   9861.850283 pkt/s
Packets dropped          =            82 (0.08 %)
Average loss-burst size  =           inf pkt
Error lines              =             0
----------------------------------------------------------
