ITGDec version 2.8.1 (r1023)
Compile-time options: bursty multiport
----------------------------------------------------------
Flow number: 1
From 192.168.10.7:60919
To    192.168.10.5:8999
----------------------------------------------------------
Total time               =      9.997830 s
Total packets            =        129993
Minimum delay            =      0.000003 s
Maximum delay            =      1.000111 s
Average delay            =      0.003018 s
Average jitter           =      0.000175 s
Delay standard deviation =      0.054551 s
Bytes received           =      16639104
Average bitrate          =  13314.172375 Kbit/s
Average packet rate      =  13002.121460 pkt/s
Packets dropped          =            52 (0.04 %)
Average loss-burst size  =      0.000000 pkt
----------------------------------------------------------

__________________________________________________________
****************  TOTAL RESULTS   ******************
__________________________________________________________
Number of flows          =             1
Total time               =      9.997830 s
Total packets            =        129993
Minimum delay            =      0.000003 s
Maximum delay            =      1.000111 s
Average delay            =      0.003018 s
Average jitter           =      0.000175 s
Delay standard deviation =      0.054551 s
Bytes received           =      16639104
Average bitrate          =  13314.172375 Kbit/s
Average packet rate      =  13002.121460 pkt/s
Packets dropped          =            52 (0.04 %)
Average loss-burst size  =      0.000000 pkt
Error lines              =             0
----------------------------------------------------------
