ITGDec version 2.8.1 (r1023)
Compile-time options: bursty multiport
----------------------------------------------------------
Flow number: 1
From 192.168.10.7:42001
To    192.168.10.5:8999
----------------------------------------------------------
Total time               =     10.182322 s
Total packets            =         35524
Minimum delay            =      0.000004 s
Maximum delay            =      1.000662 s
Average delay            =      0.261793 s
Average jitter           =      0.000634 s
Delay standard deviation =      0.431317 s
Bytes received           =      36376576
Average bitrate          =  28580.181220 Kbit/s
Average packet rate      =   3488.791653 pkt/s
Packets dropped          =          3001 (7.79 %)
Average loss-burst size  =      1.209106 pkt
----------------------------------------------------------

__________________________________________________________
****************  TOTAL RESULTS   ******************
__________________________________________________________
Number of flows          =             1
Total time               =     10.182322 s
Total packets            =         35524
Minimum delay            =      0.000004 s
Maximum delay            =      1.000662 s
Average delay            =      0.261793 s
Average jitter           =      0.000634 s
Delay standard deviation =      0.431317 s
Bytes received           =      36376576
Average bitrate          =  28580.181220 Kbit/s
Average packet rate      =   3488.791653 pkt/s
Packets dropped          =          3001 (7.79 %)
Average loss-burst size  =      1.209106 pkt
Error lines              =             0
----------------------------------------------------------
