ITGDec version 2.8.1 (r1023)
Compile-time options: bursty multiport
----------------------------------------------------------
Flow number: 1
From 192.168.10.7:53980
To    192.168.10.5:8999
----------------------------------------------------------
Total time               =      9.996588 s
Total packets            =        166813
Minimum delay            =      0.000002 s
Maximum delay            =      1.000094 s
Average delay            =      0.002529 s
Average jitter           =      0.000134 s
Delay standard deviation =      0.049995 s
Bytes received           =      10676032
Average bitrate          =   8543.740724 Kbit/s
Average packet rate      =  16686.993602 pkt/s
Packets dropped          =             0 (0.00 %)
Average loss-burst size  =      0.000000 pkt
----------------------------------------------------------

__________________________________________________________
****************  TOTAL RESULTS   ******************
__________________________________________________________
Number of flows          =             1
Total time               =      9.996588 s
Total packets            =        166813
Minimum delay            =      0.000002 s
Maximum delay            =      1.000094 s
Average delay            =      0.002529 s
Average jitter           =      0.000134 s
Delay standard deviation =      0.049995 s
Bytes received           =      10676032
Average bitrate          =   8543.740724 Kbit/s
Average packet rate      =  16686.993602 pkt/s
Packets dropped          =             0 (0.00 %)
Average loss-burst size  =             0 pkt
Error lines              =             0
----------------------------------------------------------
