ITGDec version 2.8.1 (r1023)
Compile-time options: bursty multiport
----------------------------------------------------------
Flow number: 1
From 192.168.10.7:40518
To    192.168.10.5:8999
----------------------------------------------------------
Total time               =      9.996702 s
Total packets            =        168577
Minimum delay            =      0.000002 s
Maximum delay            =      1.000088 s
Average delay            =      0.002509 s
Average jitter           =      0.000133 s
Delay standard deviation =      0.049793 s
Bytes received           =      10788928
Average bitrate          =   8633.989890 Kbit/s
Average packet rate      =  16863.261504 pkt/s
Packets dropped          =           404 (0.24 %)
Average loss-burst size  =      3.394958 pkt
----------------------------------------------------------

__________________________________________________________
****************  TOTAL RESULTS   ******************
__________________________________________________________
Number of flows          =             1
Total time               =      9.996702 s
Total packets            =        168577
Minimum delay            =      0.000002 s
Maximum delay            =      1.000088 s
Average delay            =      0.002509 s
Average jitter           =      0.000133 s
Delay standard deviation =      0.049793 s
Bytes received           =      10788928
Average bitrate          =   8633.989890 Kbit/s
Average packet rate      =  16863.261504 pkt/s
Packets dropped          =           404 (0.24 %)
Average loss-burst size  =      3.394958 pkt
Error lines              =             0
----------------------------------------------------------
