ITGDec version 2.8.1 (r1023)
Compile-time options: bursty multiport
----------------------------------------------------------
Flow number: 1
From 192.168.10.7:42475
To    192.168.10.5:8999
----------------------------------------------------------
Total time               =     10.207014 s
Total packets            =         28289
Minimum delay            =      0.000004 s
Maximum delay            =      1.000919 s
Average delay            =      0.343970 s
Average jitter           =      0.000800 s
Delay standard deviation =      0.464953 s
Bytes received           =      36209920
Average bitrate          =  28380.421542 Kbit/s
Average packet rate      =   2771.525541 pkt/s
Packets dropped          =          4110 (12.69 %)
Average loss-burst size  =      1.317308 pkt
----------------------------------------------------------

__________________________________________________________
****************  TOTAL RESULTS   ******************
__________________________________________________________
Number of flows          =             1
Total time               =     10.207014 s
Total packets            =         28289
Minimum delay            =      0.000004 s
Maximum delay            =      1.000919 s
Average delay            =      0.343970 s
Average jitter           =      0.000800 s
Delay standard deviation =      0.464953 s
Bytes received           =      36209920
Average bitrate          =  28380.421542 Kbit/s
Average packet rate      =   2771.525541 pkt/s
Packets dropped          =          4110 (12.69 %)
Average loss-burst size  =      1.317308 pkt
Error lines              =             0
----------------------------------------------------------
