ITGDec version 2.8.1 (r1023)
Compile-time options: bursty multiport
----------------------------------------------------------
Flow number: 1
From 192.168.10.7:52389
To    192.168.10.5:8999
----------------------------------------------------------
Total time               =     10.207073 s
Total packets            =         28315
Minimum delay            =      0.000004 s
Maximum delay            =      1.000827 s
Average delay            =      0.333212 s
Average jitter           =      0.000799 s
Delay standard deviation =      0.461572 s
Bytes received           =      36243200
Average bitrate          =  28406.341367 Kbit/s
Average packet rate      =   2774.056774 pkt/s
Packets dropped          =          4081 (12.60 %)
Average loss-burst size  =      1.341993 pkt
----------------------------------------------------------

__________________________________________________________
****************  TOTAL RESULTS   ******************
__________________________________________________________
Number of flows          =             1
Total time               =     10.207073 s
Total packets            =         28315
Minimum delay            =      0.000004 s
Maximum delay            =      1.000827 s
Average delay            =      0.333212 s
Average jitter           =      0.000799 s
Delay standard deviation =      0.461572 s
Bytes received           =      36243200
Average bitrate          =  28406.341367 Kbit/s
Average packet rate      =   2774.056774 pkt/s
Packets dropped          =          4081 (12.60 %)
Average loss-burst size  =      1.341993 pkt
Error lines              =             0
----------------------------------------------------------
