ITGDec version 2.8.1 (r1023)
Compile-time options: bursty multiport
----------------------------------------------------------
Flow number: 1
From 192.168.10.7:52840
To    192.168.10.5:8999
----------------------------------------------------------
Total time               =      9.359114 s
Total packets            =           222
Minimum delay            =      0.003329 s
Maximum delay            =      0.004064 s
Average delay            =      0.003633 s
Average jitter           =      0.000138 s
Delay standard deviation =      0.000130 s
Bytes received           =          9904
Average bitrate          =      8.465759 Kbit/s
Average packet rate      =     23.720194 pkt/s
Packets dropped          =             0 (0.00 %)
Average loss-burst size  =      0.000000 pkt
----------------------------------------------------------

__________________________________________________________
****************  TOTAL RESULTS   ******************
__________________________________________________________
Number of flows          =             1
Total time               =      9.359114 s
Total packets            =           222
Minimum delay            =      0.003329 s
Maximum delay            =      0.004064 s
Average delay            =      0.003633 s
Average jitter           =      0.000138 s
Delay standard deviation =      0.000130 s
Bytes received           =          9904
Average bitrate          =      8.465759 Kbit/s
Average packet rate      =     23.720194 pkt/s
Packets dropped          =             0 (0.00 %)
Average loss-burst size  =             0 pkt
Error lines              =             0
----------------------------------------------------------
