ITGDec version 2.8.1 (r1023)
Compile-time options: bursty multiport
----------------------------------------------------------
Flow number: 1
From 192.168.10.7:42972
To    192.168.10.5:8999
----------------------------------------------------------
Total time               =      9.998732 s
Total packets            =           986
Minimum delay            =      0.003209 s
Maximum delay            =      0.013714 s
Average delay            =      0.003706 s
Average jitter           =      0.000193 s
Delay standard deviation =      0.000520 s
Bytes received           =         63104
Average bitrate          =     50.489602 Kbit/s
Average packet rate      =     98.612504 pkt/s
Packets dropped          =             0 (0.00 %)
Average loss-burst size  =      0.000000 pkt
----------------------------------------------------------

__________________________________________________________
****************  TOTAL RESULTS   ******************
__________________________________________________________
Number of flows          =             1
Total time               =      9.998732 s
Total packets            =           986
Minimum delay            =      0.003209 s
Maximum delay            =      0.013714 s
Average delay            =      0.003706 s
Average jitter           =      0.000193 s
Delay standard deviation =      0.000520 s
Bytes received           =         63104
Average bitrate          =     50.489602 Kbit/s
Average packet rate      =     98.612504 pkt/s
Packets dropped          =             0 (0.00 %)
Average loss-burst size  =             0 pkt
Error lines              =             0
----------------------------------------------------------
