ITGDec version 2.8.1 (r1023)
Compile-time options: bursty multiport
----------------------------------------------------------
Flow number: 1
From 192.168.10.7:60046
To    192.168.10.5:8999
----------------------------------------------------------
Total time               =      9.997696 s
Total packets            =         98553
Minimum delay            =      0.000003 s
Maximum delay            =      1.000113 s
Average delay            =      0.002785 s
Average jitter           =      0.000226 s
Delay standard deviation =      0.052270 s
Bytes received           =      25229568
Average bitrate          =  20188.305786 Kbit/s
Average packet rate      =   9857.571184 pkt/s
Packets dropped          =             1 (0.00 %)
Average loss-burst size  =      0.000000 pkt
----------------------------------------------------------

__________________________________________________________
****************  TOTAL RESULTS   ******************
__________________________________________________________
Number of flows          =             1
Total time               =      9.997696 s
Total packets            =         98553
Minimum delay            =      0.000003 s
Maximum delay            =      1.000113 s
Average delay            =      0.002785 s
Average jitter           =      0.000226 s
Delay standard deviation =      0.052270 s
Bytes received           =      25229568
Average bitrate          =  20188.305786 Kbit/s
Average packet rate      =   9857.571184 pkt/s
Packets dropped          =             1 (0.00 %)
Average loss-burst size  =      0.000000 pkt
Error lines              =             0
----------------------------------------------------------
