ITGDec version 2.8.1 (r1023)
Compile-time options: bursty multiport
----------------------------------------------------------
Flow number: 1
From 192.168.10.7:33806
To    192.168.10.5:8999
----------------------------------------------------------
Total time               =      9.995167 s
Total packets            =         98694
Minimum delay            =      0.000004 s
Maximum delay            =      1.000119 s
Average delay            =      0.002872 s
Average jitter           =      0.000224 s
Delay standard deviation =      0.053093 s
Bytes received           =      25265664
Average bitrate          =  20222.304640 Kbit/s
Average packet rate      =   9874.172187 pkt/s
Packets dropped          =            51 (0.05 %)
Average loss-burst size  =      0.000000 pkt
----------------------------------------------------------

__________________________________________________________
****************  TOTAL RESULTS   ******************
__________________________________________________________
Number of flows          =             1
Total time               =      9.995167 s
Total packets            =         98694
Minimum delay            =      0.000004 s
Maximum delay            =      1.000119 s
Average delay            =      0.002872 s
Average jitter           =      0.000224 s
Delay standard deviation =      0.053093 s
Bytes received           =      25265664
Average bitrate          =  20222.304640 Kbit/s
Average packet rate      =   9874.172187 pkt/s
Packets dropped          =            51 (0.05 %)
Average loss-burst size  =      0.000000 pkt
Error lines              =             0
----------------------------------------------------------
