ITGDec version 2.8.1 (r1023)
Compile-time options: bursty multiport
----------------------------------------------------------
Flow number: 1
From 192.168.10.7:33278
To    192.168.10.5:8999
----------------------------------------------------------
Total time               =      9.996899 s
Total packets            =        130103
Minimum delay            =      0.000002 s
Maximum delay            =      1.000094 s
Average delay            =      0.002493 s
Average jitter           =      0.000175 s
Delay standard deviation =      0.049533 s
Bytes received           =      16653184
Average bitrate          =  13326.679803 Kbit/s
Average packet rate      =  13014.335746 pkt/s
Packets dropped          =            50 (0.04 %)
Average loss-burst size  =      0.000000 pkt
----------------------------------------------------------

__________________________________________________________
****************  TOTAL RESULTS   ******************
__________________________________________________________
Number of flows          =             1
Total time               =      9.996899 s
Total packets            =        130103
Minimum delay            =      0.000002 s
Maximum delay            =      1.000094 s
Average delay            =      0.002493 s
Average jitter           =      0.000175 s
Delay standard deviation =      0.049533 s
Bytes received           =      16653184
Average bitrate          =  13326.679803 Kbit/s
Average packet rate      =  13014.335746 pkt/s
Packets dropped          =            50 (0.04 %)
Average loss-burst size  =      0.000000 pkt
Error lines              =             0
----------------------------------------------------------
