ITGDec version 2.8.1 (r1023)
Compile-time options: bursty multiport
----------------------------------------------------------
Flow number: 1
From 192.168.10.7:58752
To    192.168.10.5:8999
----------------------------------------------------------
Total time               =     10.221040 s
Total packets            =         28348
Minimum delay            =      0.000004 s
Maximum delay            =      1.000986 s
Average delay            =      0.335199 s
Average jitter           =      0.000799 s
Delay standard deviation =      0.461963 s
Bytes received           =      36285440
Average bitrate          =  28400.585459 Kbit/s
Average packet rate      =   2773.494674 pkt/s
Packets dropped          =          4033 (12.45 %)
Average loss-burst size  =      1.317113 pkt
----------------------------------------------------------

__________________________________________________________
****************  TOTAL RESULTS   ******************
__________________________________________________________
Number of flows          =             1
Total time               =     10.221040 s
Total packets            =         28348
Minimum delay            =      0.000004 s
Maximum delay            =      1.000986 s
Average delay            =      0.335199 s
Average jitter           =      0.000799 s
Delay standard deviation =      0.461963 s
Bytes received           =      36285440
Average bitrate          =  28400.585459 Kbit/s
Average packet rate      =   2773.494674 pkt/s
Packets dropped          =          4033 (12.45 %)
Average loss-burst size  =      1.317113 pkt
Error lines              =             0
----------------------------------------------------------
