ITGDec version 2.8.1 (r1023)
Compile-time options: bursty multiport
----------------------------------------------------------
Flow number: 1
From 192.168.10.7:49739
To    192.168.10.5:8999
----------------------------------------------------------
Total time               =      9.983062 s
Total packets            =           217
Minimum delay            =      0.003306 s
Maximum delay            =      0.009866 s
Average delay            =      0.003716 s
Average jitter           =      0.000253 s
Delay standard deviation =      0.000538 s
Bytes received           =          9444
Average bitrate          =      7.568019 Kbit/s
Average packet rate      =     21.736818 pkt/s
Packets dropped          =             0 (0.00 %)
Average loss-burst size  =      0.000000 pkt
----------------------------------------------------------

__________________________________________________________
****************  TOTAL RESULTS   ******************
__________________________________________________________
Number of flows          =             1
Total time               =      9.983062 s
Total packets            =           217
Minimum delay            =      0.003306 s
Maximum delay            =      0.009866 s
Average delay            =      0.003716 s
Average jitter           =      0.000253 s
Delay standard deviation =      0.000538 s
Bytes received           =          9444
Average bitrate          =      7.568019 Kbit/s
Average packet rate      =     21.736818 pkt/s
Packets dropped          =             0 (0.00 %)
Average loss-burst size  =             0 pkt
Error lines              =             0
----------------------------------------------------------
