ITGDec version 2.8.1 (r1023)
Compile-time options: bursty multiport
----------------------------------------------------------
Flow number: 1
From 192.168.10.7:51459
To    192.168.10.5:8999
----------------------------------------------------------
Total time               =      9.996400 s
Total packets            =        168641
Minimum delay            =      0.000002 s
Maximum delay            =      1.000091 s
Average delay            =      0.003036 s
Average jitter           =      0.000133 s
Delay standard deviation =      0.054802 s
Bytes received           =      10793024
Average bitrate          =   8637.528710 Kbit/s
Average packet rate      =  16870.173262 pkt/s
Packets dropped          =          6143 (3.51 %)
Average loss-burst size  =      5.630614 pkt
----------------------------------------------------------

__________________________________________________________
****************  TOTAL RESULTS   ******************
__________________________________________________________
Number of flows          =             1
Total time               =      9.996400 s
Total packets            =        168641
Minimum delay            =      0.000002 s
Maximum delay            =      1.000091 s
Average delay            =      0.003036 s
Average jitter           =      0.000133 s
Delay standard deviation =      0.054802 s
Bytes received           =      10793024
Average bitrate          =   8637.528710 Kbit/s
Average packet rate      =  16870.173262 pkt/s
Packets dropped          =          6143 (3.51 %)
Average loss-burst size  =      5.630614 pkt
Error lines              =             0
----------------------------------------------------------
