ITGDec version 2.8.1 (r1023)
Compile-time options: bursty multiport
----------------------------------------------------------
Flow number: 1
From 192.168.10.7:42034
To    192.168.10.5:8999
----------------------------------------------------------
Total time               =     10.180101 s
Total packets            =         35550
Minimum delay            =      0.000004 s
Maximum delay            =      1.000629 s
Average delay            =      0.265384 s
Average jitter           =      0.000633 s
Delay standard deviation =      0.433347 s
Bytes received           =      36403200
Average bitrate          =  28607.338965 Kbit/s
Average packet rate      =   3492.106807 pkt/s
Packets dropped          =          2985 (7.75 %)
Average loss-burst size  =      1.229913 pkt
----------------------------------------------------------

__________________________________________________________
****************  TOTAL RESULTS   ******************
__________________________________________________________
Number of flows          =             1
Total time               =     10.180101 s
Total packets            =         35550
Minimum delay            =      0.000004 s
Maximum delay            =      1.000629 s
Average delay            =      0.265384 s
Average jitter           =      0.000633 s
Delay standard deviation =      0.433347 s
Bytes received           =      36403200
Average bitrate          =  28607.338965 Kbit/s
Average packet rate      =   3492.106807 pkt/s
Packets dropped          =          2985 (7.75 %)
Average loss-burst size  =      1.229913 pkt
Error lines              =             0
----------------------------------------------------------
