ITGDec version 2.8.1 (r1023)
Compile-time options: bursty multiport
----------------------------------------------------------
Flow number: 1
From 192.168.10.7:43985
To    192.168.10.5:8999
----------------------------------------------------------
Total time               =     10.210563 s
Total packets            =         28347
Minimum delay            =      0.000004 s
Maximum delay            =      1.000954 s
Average delay            =      0.328434 s
Average jitter           =      0.000799 s
Delay standard deviation =      0.459857 s
Bytes received           =      36284160
Average bitrate          =  28428.724253 Kbit/s
Average packet rate      =   2776.242603 pkt/s
Packets dropped          =          4054 (12.51 %)
Average loss-burst size  =      1.323107 pkt
----------------------------------------------------------

__________________________________________________________
****************  TOTAL RESULTS   ******************
__________________________________________________________
Number of flows          =             1
Total time               =     10.210563 s
Total packets            =         28347
Minimum delay            =      0.000004 s
Maximum delay            =      1.000954 s
Average delay            =      0.328434 s
Average jitter           =      0.000799 s
Delay standard deviation =      0.459857 s
Bytes received           =      36284160
Average bitrate          =  28428.724253 Kbit/s
Average packet rate      =   2776.242603 pkt/s
Packets dropped          =          4054 (12.51 %)
Average loss-burst size  =      1.323107 pkt
Error lines              =             0
----------------------------------------------------------
