ITGDec version 2.8.1 (r1023)
Compile-time options: bursty multiport
----------------------------------------------------------
Flow number: 1
From 192.168.10.7:43555
To    192.168.10.5:8999
----------------------------------------------------------
Total time               =     10.217004 s
Total packets            =         28345
Minimum delay            =      0.000004 s
Maximum delay            =      1.000380 s
Average delay            =      0.325788 s
Average jitter           =      0.000798 s
Delay standard deviation =      0.458952 s
Bytes received           =      36281600
Average bitrate          =  28408.797726 Kbit/s
Average packet rate      =   2774.296653 pkt/s
Packets dropped          =          4054 (12.51 %)
Average loss-burst size  =      1.317089 pkt
----------------------------------------------------------

__________________________________________________________
****************  TOTAL RESULTS   ******************
__________________________________________________________
Number of flows          =             1
Total time               =     10.217004 s
Total packets            =         28345
Minimum delay            =      0.000004 s
Maximum delay            =      1.000380 s
Average delay            =      0.325788 s
Average jitter           =      0.000798 s
Delay standard deviation =      0.458952 s
Bytes received           =      36281600
Average bitrate          =  28408.797726 Kbit/s
Average packet rate      =   2774.296653 pkt/s
Packets dropped          =          4054 (12.51 %)
Average loss-burst size  =      1.317089 pkt
Error lines              =             0
----------------------------------------------------------
