ITGDec version 2.8.1 (r1023)
Compile-time options: bursty multiport
----------------------------------------------------------
Flow number: 1
From 192.168.10.7:49578
To    192.168.10.5:8999
----------------------------------------------------------
Total time               =      9.994838 s
Total packets            =           988
Minimum delay            =      0.001804 s
Maximum delay            =      0.008339 s
Average delay            =      0.003680 s
Average jitter           =      0.000170 s
Delay standard deviation =      0.000335 s
Bytes received           =         63232
Average bitrate          =     50.611726 Kbit/s
Average packet rate      =     98.851027 pkt/s
Packets dropped          =             0 (0.00 %)
Average loss-burst size  =      0.000000 pkt
----------------------------------------------------------

__________________________________________________________
****************  TOTAL RESULTS   ******************
__________________________________________________________
Number of flows          =             1
Total time               =      9.994838 s
Total packets            =           988
Minimum delay            =      0.001804 s
Maximum delay            =      0.008339 s
Average delay            =      0.003680 s
Average jitter           =      0.000170 s
Delay standard deviation =      0.000335 s
Bytes received           =         63232
Average bitrate          =     50.611726 Kbit/s
Average packet rate      =     98.851027 pkt/s
Packets dropped          =             0 (0.00 %)
Average loss-burst size  =             0 pkt
Error lines              =             0
----------------------------------------------------------
