ITGDec version 2.8.1 (r1023)
Compile-time options: bursty multiport
----------------------------------------------------------
Flow number: 1
From 192.168.10.7:56967
To    192.168.10.5:8999
----------------------------------------------------------
Total time               =      9.997561 s
Total packets            =        168417
Minimum delay            =      0.000002 s
Maximum delay            =      1.000106 s
Average delay            =      0.004234 s
Average jitter           =      0.000133 s
Delay standard deviation =      0.064746 s
Bytes received           =      10778688
Average bitrate          =   8625.054051 Kbit/s
Average packet rate      =  16845.808693 pkt/s
Packets dropped          =          1019 (0.60 %)
Average loss-burst size  =      3.575439 pkt
----------------------------------------------------------

__________________________________________________________
****************  TOTAL RESULTS   ******************
__________________________________________________________
Number of flows          =             1
Total time               =      9.997561 s
Total packets            =        168417
Minimum delay            =      0.000002 s
Maximum delay            =      1.000106 s
Average delay            =      0.004234 s
Average jitter           =      0.000133 s
Delay standard deviation =      0.064746 s
Bytes received           =      10778688
Average bitrate          =   8625.054051 Kbit/s
Average packet rate      =  16845.808693 pkt/s
Packets dropped          =          1019 (0.60 %)
Average loss-burst size  =      3.575439 pkt
Error lines              =             0
----------------------------------------------------------
