ITGDec version 2.8.1 (r1023)
Compile-time options: bursty multiport
----------------------------------------------------------
Flow number: 1
From 192.168.10.7:56168
To    192.168.10.5:8999
----------------------------------------------------------
Total time               =     10.211913 s
Total packets            =         28301
Minimum delay            =      0.000005 s
Maximum delay            =      1.000428 s
Average delay            =      0.338741 s
Average jitter           =      0.000799 s
Delay standard deviation =      0.463257 s
Bytes received           =      36225280
Average bitrate          =  28378.839499 Kbit/s
Average packet rate      =   2771.371045 pkt/s
Packets dropped          =          4107 (12.67 %)
Average loss-burst size  =      1.320579 pkt
----------------------------------------------------------

__________________________________________________________
****************  TOTAL RESULTS   ******************
__________________________________________________________
Number of flows          =             1
Total time               =     10.211913 s
Total packets            =         28301
Minimum delay            =      0.000005 s
Maximum delay            =      1.000428 s
Average delay            =      0.338741 s
Average jitter           =      0.000799 s
Delay standard deviation =      0.463257 s
Bytes received           =      36225280
Average bitrate          =  28378.839499 Kbit/s
Average packet rate      =   2771.371045 pkt/s
Packets dropped          =          4107 (12.67 %)
Average loss-burst size  =      1.320579 pkt
Error lines              =             0
----------------------------------------------------------
