ITGDec version 2.8.1 (r1023)
Compile-time options: bursty multiport
----------------------------------------------------------
Flow number: 1
From 192.168.10.7:51272
To    192.168.10.5:8999
----------------------------------------------------------
Total time               =      9.998164 s
Total packets            =        130019
Minimum delay            =      0.000002 s
Maximum delay            =      1.000152 s
Average delay            =      0.003402 s
Average jitter           =      0.000175 s
Delay standard deviation =      0.057943 s
Bytes received           =      16642432
Average bitrate          =  13316.390489 Kbit/s
Average packet rate      =  13004.287587 pkt/s
Packets dropped          =           233 (0.18 %)
Average loss-burst size  =      0.000000 pkt
----------------------------------------------------------

__________________________________________________________
****************  TOTAL RESULTS   ******************
__________________________________________________________
Number of flows          =             1
Total time               =      9.998164 s
Total packets            =        130019
Minimum delay            =      0.000002 s
Maximum delay            =      1.000152 s
Average delay            =      0.003402 s
Average jitter           =      0.000175 s
Delay standard deviation =      0.057943 s
Bytes received           =      16642432
Average bitrate          =  13316.390489 Kbit/s
Average packet rate      =  13004.287587 pkt/s
Packets dropped          =           233 (0.18 %)
Average loss-burst size  =      0.000000 pkt
Error lines              =             0
----------------------------------------------------------
