ITGDec version 2.8.1 (r1023)
Compile-time options: bursty multiport
----------------------------------------------------------
Flow number: 1
From 192.168.10.7:58543
To    192.168.10.5:8999
----------------------------------------------------------
Total time               =      8.913431 s
Total packets            =           215
Minimum delay            =      0.003326 s
Maximum delay            =      0.010462 s
Average delay            =      0.003686 s
Average jitter           =      0.000227 s
Delay standard deviation =      0.000518 s
Bytes received           =          9139
Average bitrate          =      8.202453 Kbit/s
Average packet rate      =     24.120902 pkt/s
Packets dropped          =             0 (0.00 %)
Average loss-burst size  =      0.000000 pkt
----------------------------------------------------------

__________________________________________________________
****************  TOTAL RESULTS   ******************
__________________________________________________________
Number of flows          =             1
Total time               =      8.913431 s
Total packets            =           215
Minimum delay            =      0.003326 s
Maximum delay            =      0.010462 s
Average delay            =      0.003686 s
Average jitter           =      0.000227 s
Delay standard deviation =      0.000518 s
Bytes received           =          9139
Average bitrate          =      8.202453 Kbit/s
Average packet rate      =     24.120902 pkt/s
Packets dropped          =             0 (0.00 %)
Average loss-burst size  =             0 pkt
Error lines              =             0
----------------------------------------------------------
