ITGDec version 2.8.1 (r1023)
Compile-time options: bursty multiport
----------------------------------------------------------
Flow number: 1
From 192.168.10.7:54085
To    192.168.10.5:8999
----------------------------------------------------------
Total time               =      9.959604 s
Total packets            =           138
Minimum delay            =      0.003336 s
Maximum delay            =      0.014470 s
Average delay            =      0.003734 s
Average jitter           =      0.000298 s
Delay standard deviation =      0.000928 s
Bytes received           =          6058
Average bitrate          =      4.866057 Kbit/s
Average packet rate      =     13.855973 pkt/s
Packets dropped          =             0 (0.00 %)
Average loss-burst size  =      0.000000 pkt
----------------------------------------------------------

__________________________________________________________
****************  TOTAL RESULTS   ******************
__________________________________________________________
Number of flows          =             1
Total time               =      9.959604 s
Total packets            =           138
Minimum delay            =      0.003336 s
Maximum delay            =      0.014470 s
Average delay            =      0.003734 s
Average jitter           =      0.000298 s
Delay standard deviation =      0.000928 s
Bytes received           =          6058
Average bitrate          =      4.866057 Kbit/s
Average packet rate      =     13.855973 pkt/s
Packets dropped          =             0 (0.00 %)
Average loss-burst size  =             0 pkt
Error lines              =             0
----------------------------------------------------------
