ITGDec version 2.8.1 (r1023)
Compile-time options: bursty multiport
----------------------------------------------------------
Flow number: 1
From 192.168.10.7:54915
To    192.168.10.5:8999
----------------------------------------------------------
Total time               =      9.998405 s
Total packets            =         98851
Minimum delay            =      0.000003 s
Maximum delay            =      1.000129 s
Average delay            =      0.003191 s
Average jitter           =      0.000224 s
Delay standard deviation =      0.056002 s
Bytes received           =      25305856
Average bitrate          =  20247.914342 Kbit/s
Average packet rate      =   9886.676925 pkt/s
Packets dropped          =           109 (0.11 %)
Average loss-burst size  =     21.800000 pkt
----------------------------------------------------------

__________________________________________________________
****************  TOTAL RESULTS   ******************
__________________________________________________________
Number of flows          =             1
Total time               =      9.998405 s
Total packets            =         98851
Minimum delay            =      0.000003 s
Maximum delay            =      1.000129 s
Average delay            =      0.003191 s
Average jitter           =      0.000224 s
Delay standard deviation =      0.056002 s
Bytes received           =      25305856
Average bitrate          =  20247.914342 Kbit/s
Average packet rate      =   9886.676925 pkt/s
Packets dropped          =           109 (0.11 %)
Average loss-burst size  =     21.800000 pkt
Error lines              =             0
----------------------------------------------------------
