ITGDec version 2.8.1 (r1023)
Compile-time options: bursty multiport
----------------------------------------------------------
Flow number: 1
From 192.168.10.7:46879
To    192.168.10.5:8999
----------------------------------------------------------
Total time               =      9.997505 s
Total packets            =        131629
Minimum delay            =      0.000003 s
Maximum delay            =      1.000118 s
Average delay            =      0.004790 s
Average jitter           =      0.000173 s
Delay standard deviation =      0.068798 s
Bytes received           =      16848512
Average bitrate          =  13482.173402 Kbit/s
Average packet rate      =  13166.184963 pkt/s
Packets dropped          =           194 (0.15 %)
Average loss-burst size  =     10.210526 pkt
----------------------------------------------------------

__________________________________________________________
****************  TOTAL RESULTS   ******************
__________________________________________________________
Number of flows          =             1
Total time               =      9.997505 s
Total packets            =        131629
Minimum delay            =      0.000003 s
Maximum delay            =      1.000118 s
Average delay            =      0.004790 s
Average jitter           =      0.000173 s
Delay standard deviation =      0.068798 s
Bytes received           =      16848512
Average bitrate          =  13482.173402 Kbit/s
Average packet rate      =  13166.184963 pkt/s
Packets dropped          =           194 (0.15 %)
Average loss-burst size  =     10.210526 pkt
Error lines              =             0
----------------------------------------------------------
