ITGDec version 2.8.1 (r1023)
Compile-time options: bursty multiport
----------------------------------------------------------
Flow number: 1
From 192.168.10.7:37742
To    192.168.10.5:8999
----------------------------------------------------------
Total time               =      9.997524 s
Total packets            =        166728
Minimum delay            =      0.000002 s
Maximum delay            =      1.000088 s
Average delay            =      0.002555 s
Average jitter           =      0.000134 s
Delay standard deviation =      0.050246 s
Bytes received           =      10670592
Average bitrate          =   8538.587754 Kbit/s
Average packet rate      =  16676.929208 pkt/s
Packets dropped          =             0 (0.00 %)
Average loss-burst size  =      0.000000 pkt
----------------------------------------------------------

__________________________________________________________
****************  TOTAL RESULTS   ******************
__________________________________________________________
Number of flows          =             1
Total time               =      9.997524 s
Total packets            =        166728
Minimum delay            =      0.000002 s
Maximum delay            =      1.000088 s
Average delay            =      0.002555 s
Average jitter           =      0.000134 s
Delay standard deviation =      0.050246 s
Bytes received           =      10670592
Average bitrate          =   8538.587754 Kbit/s
Average packet rate      =  16676.929208 pkt/s
Packets dropped          =             0 (0.00 %)
Average loss-burst size  =             0 pkt
Error lines              =             0
----------------------------------------------------------
