ITGDec version 2.8.1 (r1023)
Compile-time options: bursty multiport
----------------------------------------------------------
Flow number: 1
From 192.168.10.7:59028
To    192.168.10.5:8999
----------------------------------------------------------
Total time               =      9.997746 s
Total packets            =         98556
Minimum delay            =      0.000003 s
Maximum delay            =      1.000115 s
Average delay            =      0.003119 s
Average jitter           =      0.000224 s
Delay standard deviation =      0.055362 s
Bytes received           =      25230336
Average bitrate          =  20188.819360 Kbit/s
Average packet rate      =   9857.821953 pkt/s
Packets dropped          =            15 (0.02 %)
Average loss-burst size  =      0.000000 pkt
----------------------------------------------------------

__________________________________________________________
****************  TOTAL RESULTS   ******************
__________________________________________________________
Number of flows          =             1
Total time               =      9.997746 s
Total packets            =         98556
Minimum delay            =      0.000003 s
Maximum delay            =      1.000115 s
Average delay            =      0.003119 s
Average jitter           =      0.000224 s
Delay standard deviation =      0.055362 s
Bytes received           =      25230336
Average bitrate          =  20188.819360 Kbit/s
Average packet rate      =   9857.821953 pkt/s
Packets dropped          =            15 (0.02 %)
Average loss-burst size  =      0.000000 pkt
Error lines              =             0
----------------------------------------------------------
