ITGDec version 2.8.1 (r1023)
Compile-time options: bursty multiport
----------------------------------------------------------
Flow number: 1
From 192.168.10.7:42907
To    192.168.10.5:8999
----------------------------------------------------------
Total time               =      9.997515 s
Total packets            =         98720
Minimum delay            =      0.000003 s
Maximum delay            =      1.000125 s
Average delay            =      0.003601 s
Average jitter           =      0.000224 s
Delay standard deviation =      0.059522 s
Bytes received           =      25272320
Average bitrate          =  20222.881386 Kbit/s
Average packet rate      =   9874.453802 pkt/s
Packets dropped          =           167 (0.17 %)
Average loss-burst size  =    167.000000 pkt
----------------------------------------------------------

__________________________________________________________
****************  TOTAL RESULTS   ******************
__________________________________________________________
Number of flows          =             1
Total time               =      9.997515 s
Total packets            =         98720
Minimum delay            =      0.000003 s
Maximum delay            =      1.000125 s
Average delay            =      0.003601 s
Average jitter           =      0.000224 s
Delay standard deviation =      0.059522 s
Bytes received           =      25272320
Average bitrate          =  20222.881386 Kbit/s
Average packet rate      =   9874.453802 pkt/s
Packets dropped          =           167 (0.17 %)
Average loss-burst size  =    167.000000 pkt
Error lines              =             0
----------------------------------------------------------
