ITGDec version 2.8.1 (r1023)
Compile-time options: bursty multiport
----------------------------------------------------------
Flow number: 1
From 192.168.10.7:37190
To    192.168.10.5:8999
----------------------------------------------------------
Total time               =     10.009041 s
Total packets            =         65523
Minimum delay            =      0.000004 s
Maximum delay            =      1.000182 s
Average delay            =      0.025228 s
Average jitter           =      0.000344 s
Delay standard deviation =      0.156443 s
Bytes received           =      33547776
Average bitrate          =  26813.978282 Kbit/s
Average packet rate      =   6546.381417 pkt/s
Packets dropped          =             0 (0.00 %)
Average loss-burst size  =      0.000000 pkt
----------------------------------------------------------

__________________________________________________________
****************  TOTAL RESULTS   ******************
__________________________________________________________
Number of flows          =             1
Total time               =     10.009041 s
Total packets            =         65523
Minimum delay            =      0.000004 s
Maximum delay            =      1.000182 s
Average delay            =      0.025228 s
Average jitter           =      0.000344 s
Delay standard deviation =      0.156443 s
Bytes received           =      33547776
Average bitrate          =  26813.978282 Kbit/s
Average packet rate      =   6546.381417 pkt/s
Packets dropped          =             0 (0.00 %)
Average loss-burst size  =             0 pkt
Error lines              =             0
----------------------------------------------------------
