ITGDec version 2.8.1 (r1023)
Compile-time options: bursty multiport
----------------------------------------------------------
Flow number: 1
From 192.168.10.7:55710
To    192.168.10.5:8999
----------------------------------------------------------
Total time               =      9.997914 s
Total packets            =        166558
Minimum delay            =      0.000002 s
Maximum delay            =      1.000093 s
Average delay            =      0.005673 s
Average jitter           =      0.000134 s
Delay standard deviation =      0.074951 s
Bytes received           =      10659712
Average bitrate          =   8529.548864 Kbit/s
Average packet rate      =  16659.275125 pkt/s
Packets dropped          =             8 (0.00 %)
Average loss-burst size  =      8.000000 pkt
----------------------------------------------------------

__________________________________________________________
****************  TOTAL RESULTS   ******************
__________________________________________________________
Number of flows          =             1
Total time               =      9.997914 s
Total packets            =        166558
Minimum delay            =      0.000002 s
Maximum delay            =      1.000093 s
Average delay            =      0.005673 s
Average jitter           =      0.000134 s
Delay standard deviation =      0.074951 s
Bytes received           =      10659712
Average bitrate          =   8529.548864 Kbit/s
Average packet rate      =  16659.275125 pkt/s
Packets dropped          =             8 (0.00 %)
Average loss-burst size  =      8.000000 pkt
Error lines              =             0
----------------------------------------------------------
