ITGDec version 2.8.1 (r1023)
Compile-time options: bursty multiport
----------------------------------------------------------
Flow number: 1
From 192.168.10.7:50062
To    192.168.10.5:8999
----------------------------------------------------------
Total time               =     10.172765 s
Total packets            =         35520
Minimum delay            =      0.000004 s
Maximum delay            =      1.000403 s
Average delay            =      0.246717 s
Average jitter           =      0.000632 s
Delay standard deviation =      0.423221 s
Bytes received           =      36372480
Average bitrate          =  28603.810272 Kbit/s
Average packet rate      =   3491.676059 pkt/s
Packets dropped          =          3007 (7.80 %)
Average loss-burst size  =      1.217409 pkt
----------------------------------------------------------

__________________________________________________________
****************  TOTAL RESULTS   ******************
__________________________________________________________
Number of flows          =             1
Total time               =     10.172765 s
Total packets            =         35520
Minimum delay            =      0.000004 s
Maximum delay            =      1.000403 s
Average delay            =      0.246717 s
Average jitter           =      0.000632 s
Delay standard deviation =      0.423221 s
Bytes received           =      36372480
Average bitrate          =  28603.810272 Kbit/s
Average packet rate      =   3491.676059 pkt/s
Packets dropped          =          3007 (7.80 %)
Average loss-burst size  =      1.217409 pkt
Error lines              =             0
----------------------------------------------------------
