ITGDec version 2.8.1 (r1023)
Compile-time options: bursty multiport
----------------------------------------------------------
Flow number: 1
From 192.168.10.7:58496
To    192.168.10.5:8999
----------------------------------------------------------
Total time               =      9.960446 s
Total packets            =           236
Minimum delay            =      0.003334 s
Maximum delay            =      0.014767 s
Average delay            =      0.003814 s
Average jitter           =      0.000430 s
Delay standard deviation =      0.001099 s
Bytes received           =         10329
Average bitrate          =      8.296014 Kbit/s
Average packet rate      =     23.693718 pkt/s
Packets dropped          =             0 (0.00 %)
Average loss-burst size  =      0.000000 pkt
----------------------------------------------------------

__________________________________________________________
****************  TOTAL RESULTS   ******************
__________________________________________________________
Number of flows          =             1
Total time               =      9.960446 s
Total packets            =           236
Minimum delay            =      0.003334 s
Maximum delay            =      0.014767 s
Average delay            =      0.003814 s
Average jitter           =      0.000430 s
Delay standard deviation =      0.001099 s
Bytes received           =         10329
Average bitrate          =      8.296014 Kbit/s
Average packet rate      =     23.693718 pkt/s
Packets dropped          =             0 (0.00 %)
Average loss-burst size  =             0 pkt
Error lines              =             0
----------------------------------------------------------
