ITGDec version 2.8.1 (r1023)
Compile-time options: bursty multiport
----------------------------------------------------------
Flow number: 1
From 192.168.10.7:41127
To    192.168.10.5:8999
----------------------------------------------------------
Total time               =     10.012263 s
Total packets            =         65571
Minimum delay            =      0.000004 s
Maximum delay            =      1.000187 s
Average delay            =      0.020126 s
Average jitter           =      0.000343 s
Delay standard deviation =      0.139922 s
Bytes received           =      33572352
Average bitrate          =  26824.986120 Kbit/s
Average packet rate      =   6549.068877 pkt/s
Packets dropped          =             2 (0.00 %)
Average loss-burst size  =      2.000000 pkt
----------------------------------------------------------

__________________________________________________________
****************  TOTAL RESULTS   ******************
__________________________________________________________
Number of flows          =             1
Total time               =     10.012263 s
Total packets            =         65571
Minimum delay            =      0.000004 s
Maximum delay            =      1.000187 s
Average delay            =      0.020126 s
Average jitter           =      0.000343 s
Delay standard deviation =      0.139922 s
Bytes received           =      33572352
Average bitrate          =  26824.986120 Kbit/s
Average packet rate      =   6549.068877 pkt/s
Packets dropped          =             2 (0.00 %)
Average loss-burst size  =      2.000000 pkt
Error lines              =             0
----------------------------------------------------------
