ITGDec version 2.8.1 (r1023)
Compile-time options: bursty multiport
----------------------------------------------------------
Flow number: 1
From 192.168.10.7:38699
To    192.168.10.5:8999
----------------------------------------------------------
Total time               =      9.998235 s
Total packets            =        166880
Minimum delay            =      0.000002 s
Maximum delay            =      1.000082 s
Average delay            =      0.002487 s
Average jitter           =      0.000134 s
Delay standard deviation =      0.049566 s
Bytes received           =      10680320
Average bitrate          =   8545.764327 Kbit/s
Average packet rate      =  16690.945952 pkt/s
Packets dropped          =             0 (0.00 %)
Average loss-burst size  =      0.000000 pkt
----------------------------------------------------------

__________________________________________________________
****************  TOTAL RESULTS   ******************
__________________________________________________________
Number of flows          =             1
Total time               =      9.998235 s
Total packets            =        166880
Minimum delay            =      0.000002 s
Maximum delay            =      1.000082 s
Average delay            =      0.002487 s
Average jitter           =      0.000134 s
Delay standard deviation =      0.049566 s
Bytes received           =      10680320
Average bitrate          =   8545.764327 Kbit/s
Average packet rate      =  16690.945952 pkt/s
Packets dropped          =             0 (0.00 %)
Average loss-burst size  =             0 pkt
Error lines              =             0
----------------------------------------------------------
