ITGDec version 2.8.1 (r1023)
Compile-time options: bursty multiport
----------------------------------------------------------
Flow number: 1
From 192.168.10.7:44652
To    192.168.10.5:8999
----------------------------------------------------------
Total time               =     10.008162 s
Total packets            =         65643
Minimum delay            =      0.000003 s
Maximum delay            =      1.000180 s
Average delay            =      0.019608 s
Average jitter           =      0.000343 s
Delay standard deviation =      0.138216 s
Bytes received           =      33609216
Average bitrate          =  26865.445224 Kbit/s
Average packet rate      =   6558.946588 pkt/s
Packets dropped          =            12 (0.02 %)
Average loss-burst size  =      0.000000 pkt
----------------------------------------------------------

__________________________________________________________
****************  TOTAL RESULTS   ******************
__________________________________________________________
Number of flows          =             1
Total time               =     10.008162 s
Total packets            =         65643
Minimum delay            =      0.000003 s
Maximum delay            =      1.000180 s
Average delay            =      0.019608 s
Average jitter           =      0.000343 s
Delay standard deviation =      0.138216 s
Bytes received           =      33609216
Average bitrate          =  26865.445224 Kbit/s
Average packet rate      =   6558.946588 pkt/s
Packets dropped          =            12 (0.02 %)
Average loss-burst size  =      0.000000 pkt
Error lines              =             0
----------------------------------------------------------
