ITGDec version 2.8.1 (r1023)
Compile-time options: bursty multiport
----------------------------------------------------------
Flow number: 1
From 192.168.10.7:59856
To    192.168.10.5:8999
----------------------------------------------------------
Total time               =     10.003014 s
Total packets            =         65585
Minimum delay            =      0.000004 s
Maximum delay            =      1.000223 s
Average delay            =      0.019132 s
Average jitter           =      0.000343 s
Delay standard deviation =      0.136625 s
Bytes received           =      33579520
Average bitrate          =  26855.521746 Kbit/s
Average packet rate      =   6556.523864 pkt/s
Packets dropped          =             0 (0.00 %)
Average loss-burst size  =      0.000000 pkt
----------------------------------------------------------

__________________________________________________________
****************  TOTAL RESULTS   ******************
__________________________________________________________
Number of flows          =             1
Total time               =     10.003014 s
Total packets            =         65585
Minimum delay            =      0.000004 s
Maximum delay            =      1.000223 s
Average delay            =      0.019132 s
Average jitter           =      0.000343 s
Delay standard deviation =      0.136625 s
Bytes received           =      33579520
Average bitrate          =  26855.521746 Kbit/s
Average packet rate      =   6556.523864 pkt/s
Packets dropped          =             0 (0.00 %)
Average loss-burst size  =             0 pkt
Error lines              =             0
----------------------------------------------------------
