ITGDec version 2.8.1 (r1023)
Compile-time options: bursty multiport
----------------------------------------------------------
Flow number: 1
From 192.168.10.7:47908
To    192.168.10.5:8999
----------------------------------------------------------
Total time               =      9.977970 s
Total packets            =           239
Minimum delay            =      0.003338 s
Maximum delay            =      0.014270 s
Average delay            =      0.003777 s
Average jitter           =      0.000345 s
Delay standard deviation =      0.000919 s
Bytes received           =         10667
Average bitrate          =      8.552441 Kbit/s
Average packet rate      =     23.952768 pkt/s
Packets dropped          =             0 (0.00 %)
Average loss-burst size  =      0.000000 pkt
----------------------------------------------------------

__________________________________________________________
****************  TOTAL RESULTS   ******************
__________________________________________________________
Number of flows          =             1
Total time               =      9.977970 s
Total packets            =           239
Minimum delay            =      0.003338 s
Maximum delay            =      0.014270 s
Average delay            =      0.003777 s
Average jitter           =      0.000345 s
Delay standard deviation =      0.000919 s
Bytes received           =         10667
Average bitrate          =      8.552441 Kbit/s
Average packet rate      =     23.952768 pkt/s
Packets dropped          =             0 (0.00 %)
Average loss-burst size  =             0 pkt
Error lines              =             0
----------------------------------------------------------
