ITGDec version 2.8.1 (r1023)
Compile-time options: bursty multiport
----------------------------------------------------------
Flow number: 1
From 192.168.10.7:53465
To    192.168.10.5:8999
----------------------------------------------------------
Total time               =     10.008035 s
Total packets            =         65565
Minimum delay            =      0.000004 s
Maximum delay            =      1.000175 s
Average delay            =      0.019586 s
Average jitter           =      0.000343 s
Delay standard deviation =      0.138138 s
Bytes received           =      33569280
Average bitrate          =  26833.862991 Kbit/s
Average packet rate      =   6551.236082 pkt/s
Packets dropped          =            27 (0.04 %)
Average loss-burst size  =     27.000000 pkt
----------------------------------------------------------

__________________________________________________________
****************  TOTAL RESULTS   ******************
__________________________________________________________
Number of flows          =             1
Total time               =     10.008035 s
Total packets            =         65565
Minimum delay            =      0.000004 s
Maximum delay            =      1.000175 s
Average delay            =      0.019586 s
Average jitter           =      0.000343 s
Delay standard deviation =      0.138138 s
Bytes received           =      33569280
Average bitrate          =  26833.862991 Kbit/s
Average packet rate      =   6551.236082 pkt/s
Packets dropped          =            27 (0.04 %)
Average loss-burst size  =     27.000000 pkt
Error lines              =             0
----------------------------------------------------------
