ITGDec version 2.8.1 (r1023)
Compile-time options: bursty multiport
----------------------------------------------------------
Flow number: 1
From 192.168.10.7:52826
To    192.168.10.5:8999
----------------------------------------------------------
Total time               =      8.937298 s
Total packets            =             6
Minimum delay            =      0.003688 s
Maximum delay            =      0.004495 s
Average delay            =      0.004073 s
Average jitter           =      0.000382 s
Delay standard deviation =      0.000258 s
Bytes received           =          1347
Average bitrate          =      1.205734 Kbit/s
Average packet rate      =      0.671344 pkt/s
Packets dropped          =             0 (0.00 %)
Average loss-burst size  =      0.000000 pkt
----------------------------------------------------------

__________________________________________________________
****************  TOTAL RESULTS   ******************
__________________________________________________________
Number of flows          =             1
Total time               =      8.937298 s
Total packets            =             6
Minimum delay            =      0.003688 s
Maximum delay            =      0.004495 s
Average delay            =      0.004073 s
Average jitter           =      0.000382 s
Delay standard deviation =      0.000258 s
Bytes received           =          1347
Average bitrate          =      1.205734 Kbit/s
Average packet rate      =      0.671344 pkt/s
Packets dropped          =             0 (0.00 %)
Average loss-burst size  =             0 pkt
Error lines              =             0
----------------------------------------------------------
