ITGDec version 2.8.1 (r1023)
Compile-time options: bursty multiport
----------------------------------------------------------
Flow number: 1
From 192.168.10.7:46717
To    192.168.10.5:8999
----------------------------------------------------------
Total time               =     10.009894 s
Total packets            =         65656
Minimum delay            =      0.000004 s
Maximum delay            =      1.000178 s
Average delay            =      0.022025 s
Average jitter           =      0.000343 s
Delay standard deviation =      0.146310 s
Bytes received           =      33615872
Average bitrate          =  26866.116265 Kbit/s
Average packet rate      =   6559.110416 pkt/s
Packets dropped          =             1 (0.00 %)
Average loss-burst size  =      1.000000 pkt
----------------------------------------------------------

__________________________________________________________
****************  TOTAL RESULTS   ******************
__________________________________________________________
Number of flows          =             1
Total time               =     10.009894 s
Total packets            =         65656
Minimum delay            =      0.000004 s
Maximum delay            =      1.000178 s
Average delay            =      0.022025 s
Average jitter           =      0.000343 s
Delay standard deviation =      0.146310 s
Bytes received           =      33615872
Average bitrate          =  26866.116265 Kbit/s
Average packet rate      =   6559.110416 pkt/s
Packets dropped          =             1 (0.00 %)
Average loss-burst size  =      1.000000 pkt
Error lines              =             0
----------------------------------------------------------
