ITGDec version 2.8.1 (r1023)
Compile-time options: bursty multiport
----------------------------------------------------------
Flow number: 1
From 192.168.10.7:40606
To    192.168.10.5:8999
----------------------------------------------------------
Total time               =     10.172671 s
Total packets            =         35476
Minimum delay            =      0.000006 s
Maximum delay            =      1.000594 s
Average delay            =      0.255338 s
Average jitter           =      0.000615 s
Delay standard deviation =      0.428213 s
Bytes received           =      36327424
Average bitrate          =  28568.641608 Kbit/s
Average packet rate      =   3487.383009 pkt/s
Packets dropped          =          3039 (7.89 %)
Average loss-burst size  =      1.222938 pkt
----------------------------------------------------------

__________________________________________________________
****************  TOTAL RESULTS   ******************
__________________________________________________________
Number of flows          =             1
Total time               =     10.172671 s
Total packets            =         35476
Minimum delay            =      0.000006 s
Maximum delay            =      1.000594 s
Average delay            =      0.255338 s
Average jitter           =      0.000615 s
Delay standard deviation =      0.428213 s
Bytes received           =      36327424
Average bitrate          =  28568.641608 Kbit/s
Average packet rate      =   3487.383009 pkt/s
Packets dropped          =          3039 (7.89 %)
Average loss-burst size  =      1.222938 pkt
Error lines              =             0
----------------------------------------------------------
