ITGDec version 2.8.1 (r1023)
Compile-time options: bursty multiport
----------------------------------------------------------
Flow number: 1
From 192.168.10.7:45108
To    192.168.10.5:8999
----------------------------------------------------------
Total time               =      9.997185 s
Total packets            =        130031
Minimum delay            =      0.000003 s
Maximum delay            =      1.000104 s
Average delay            =      0.002541 s
Average jitter           =      0.000176 s
Delay standard deviation =      0.050008 s
Bytes received           =      16643968
Average bitrate          =  13318.923677 Kbit/s
Average packet rate      =  13006.761403 pkt/s
Packets dropped          =            34 (0.03 %)
Average loss-burst size  =      0.000000 pkt
----------------------------------------------------------

__________________________________________________________
****************  TOTAL RESULTS   ******************
__________________________________________________________
Number of flows          =             1
Total time               =      9.997185 s
Total packets            =        130031
Minimum delay            =      0.000003 s
Maximum delay            =      1.000104 s
Average delay            =      0.002541 s
Average jitter           =      0.000176 s
Delay standard deviation =      0.050008 s
Bytes received           =      16643968
Average bitrate          =  13318.923677 Kbit/s
Average packet rate      =  13006.761403 pkt/s
Packets dropped          =            34 (0.03 %)
Average loss-burst size  =      0.000000 pkt
Error lines              =             0
----------------------------------------------------------
