ITGDec version 2.8.1 (r1023)
Compile-time options: bursty multiport
----------------------------------------------------------
Flow number: 1
From 192.168.10.7:36112
To    192.168.10.5:8999
----------------------------------------------------------
Total time               =      9.997062 s
Total packets            =        166455
Minimum delay            =      0.000002 s
Maximum delay            =      1.000099 s
Average delay            =      0.002938 s
Average jitter           =      0.000135 s
Delay standard deviation =      0.053900 s
Bytes received           =      10653120
Average bitrate          =   8525.000645 Kbit/s
Average packet rate      =  16650.391885 pkt/s
Packets dropped          =             0 (0.00 %)
Average loss-burst size  =      0.000000 pkt
----------------------------------------------------------

__________________________________________________________
****************  TOTAL RESULTS   ******************
__________________________________________________________
Number of flows          =             1
Total time               =      9.997062 s
Total packets            =        166455
Minimum delay            =      0.000002 s
Maximum delay            =      1.000099 s
Average delay            =      0.002938 s
Average jitter           =      0.000135 s
Delay standard deviation =      0.053900 s
Bytes received           =      10653120
Average bitrate          =   8525.000645 Kbit/s
Average packet rate      =  16650.391885 pkt/s
Packets dropped          =             0 (0.00 %)
Average loss-burst size  =             0 pkt
Error lines              =             0
----------------------------------------------------------
