ITGDec version 2.8.1 (r1023)
Compile-time options: bursty multiport
----------------------------------------------------------
Flow number: 1
From 192.168.10.7:51769
To    192.168.10.5:8999
----------------------------------------------------------
Total time               =      9.998405 s
Total packets            =         98574
Minimum delay            =      0.000003 s
Maximum delay            =      1.000171 s
Average delay            =      0.006335 s
Average jitter           =      0.000225 s
Delay standard deviation =      0.079058 s
Bytes received           =      25234944
Average bitrate          =  20191.175693 Kbit/s
Average packet rate      =   9858.972506 pkt/s
Packets dropped          =             7 (0.01 %)
Average loss-burst size  =      7.000000 pkt
----------------------------------------------------------

__________________________________________________________
****************  TOTAL RESULTS   ******************
__________________________________________________________
Number of flows          =             1
Total time               =      9.998405 s
Total packets            =         98574
Minimum delay            =      0.000003 s
Maximum delay            =      1.000171 s
Average delay            =      0.006335 s
Average jitter           =      0.000225 s
Delay standard deviation =      0.079058 s
Bytes received           =      25234944
Average bitrate          =  20191.175693 Kbit/s
Average packet rate      =   9858.972506 pkt/s
Packets dropped          =             7 (0.01 %)
Average loss-burst size  =      7.000000 pkt
Error lines              =             0
----------------------------------------------------------
