ITGDec version 2.8.1 (r1023)
Compile-time options: bursty multiport
----------------------------------------------------------
Flow number: 1
From 192.168.10.7:50266
To    192.168.10.5:8999
----------------------------------------------------------
Total time               =     10.210094 s
Total packets            =         28302
Minimum delay            =      0.000004 s
Maximum delay            =      1.001018 s
Average delay            =      0.335769 s
Average jitter           =      0.000798 s
Delay standard deviation =      0.462372 s
Bytes received           =      36226560
Average bitrate          =  28384.898317 Kbit/s
Average packet rate      =   2771.962726 pkt/s
Packets dropped          =          4097 (12.65 %)
Average loss-burst size  =      1.328900 pkt
----------------------------------------------------------

__________________________________________________________
****************  TOTAL RESULTS   ******************
__________________________________________________________
Number of flows          =             1
Total time               =     10.210094 s
Total packets            =         28302
Minimum delay            =      0.000004 s
Maximum delay            =      1.001018 s
Average delay            =      0.335769 s
Average jitter           =      0.000798 s
Delay standard deviation =      0.462372 s
Bytes received           =      36226560
Average bitrate          =  28384.898317 Kbit/s
Average packet rate      =   2771.962726 pkt/s
Packets dropped          =          4097 (12.65 %)
Average loss-burst size  =      1.328900 pkt
Error lines              =             0
----------------------------------------------------------
