ITGDec version 2.8.1 (r1023)
Compile-time options: bursty multiport
----------------------------------------------------------
Flow number: 1
From 192.168.10.7:33060
To    192.168.10.5:8999
----------------------------------------------------------
Total time               =      9.997950 s
Total packets            =        167356
Minimum delay            =      0.000002 s
Maximum delay            =      1.000098 s
Average delay            =      0.004834 s
Average jitter           =      0.000134 s
Delay standard deviation =      0.069188 s
Bytes received           =      10710784
Average bitrate          =   8570.384129 Kbit/s
Average packet rate      =  16739.031501 pkt/s
Packets dropped          =           581 (0.35 %)
Average loss-burst size  =      3.417647 pkt
----------------------------------------------------------

__________________________________________________________
****************  TOTAL RESULTS   ******************
__________________________________________________________
Number of flows          =             1
Total time               =      9.997950 s
Total packets            =        167356
Minimum delay            =      0.000002 s
Maximum delay            =      1.000098 s
Average delay            =      0.004834 s
Average jitter           =      0.000134 s
Delay standard deviation =      0.069188 s
Bytes received           =      10710784
Average bitrate          =   8570.384129 Kbit/s
Average packet rate      =  16739.031501 pkt/s
Packets dropped          =           581 (0.35 %)
Average loss-burst size  =      3.417647 pkt
Error lines              =             0
----------------------------------------------------------
