ITGDec version 2.8.1 (r1023)
Compile-time options: bursty multiport
----------------------------------------------------------
Flow number: 1
From 192.168.10.7:48166
To    192.168.10.5:8999
----------------------------------------------------------
Total time               =      9.998044 s
Total packets            =         98729
Minimum delay            =      0.000003 s
Maximum delay            =      1.000816 s
Average delay            =      0.003469 s
Average jitter           =      0.000224 s
Delay standard deviation =      0.058410 s
Bytes received           =      25274624
Average bitrate          =  20223.654947 Kbit/s
Average packet rate      =   9874.831517 pkt/s
Packets dropped          =            11 (0.01 %)
Average loss-burst size  =      0.000000 pkt
----------------------------------------------------------

__________________________________________________________
****************  TOTAL RESULTS   ******************
__________________________________________________________
Number of flows          =             1
Total time               =      9.998044 s
Total packets            =         98729
Minimum delay            =      0.000003 s
Maximum delay            =      1.000816 s
Average delay            =      0.003469 s
Average jitter           =      0.000224 s
Delay standard deviation =      0.058410 s
Bytes received           =      25274624
Average bitrate          =  20223.654947 Kbit/s
Average packet rate      =   9874.831517 pkt/s
Packets dropped          =            11 (0.01 %)
Average loss-burst size  =      0.000000 pkt
Error lines              =             0
----------------------------------------------------------
