ITGDec version 2.8.1 (r1023)
Compile-time options: bursty multiport
----------------------------------------------------------
Flow number: 1
From 192.168.10.7:42063
To    192.168.10.5:8999
----------------------------------------------------------
Total time               =     10.174229 s
Total packets            =         35536
Minimum delay            =      0.000004 s
Maximum delay            =      1.000628 s
Average delay            =      0.246686 s
Average jitter           =      0.000633 s
Delay standard deviation =      0.423110 s
Bytes received           =      36388864
Average bitrate          =  28612.577130 Kbit/s
Average packet rate      =   3492.746232 pkt/s
Packets dropped          =          2993 (7.77 %)
Average loss-burst size  =      1.230674 pkt
----------------------------------------------------------

__________________________________________________________
****************  TOTAL RESULTS   ******************
__________________________________________________________
Number of flows          =             1
Total time               =     10.174229 s
Total packets            =         35536
Minimum delay            =      0.000004 s
Maximum delay            =      1.000628 s
Average delay            =      0.246686 s
Average jitter           =      0.000633 s
Delay standard deviation =      0.423110 s
Bytes received           =      36388864
Average bitrate          =  28612.577130 Kbit/s
Average packet rate      =   3492.746232 pkt/s
Packets dropped          =          2993 (7.77 %)
Average loss-burst size  =      1.230674 pkt
Error lines              =             0
----------------------------------------------------------
