ITGDec version 2.8.1 (r1023)
Compile-time options: bursty multiport
----------------------------------------------------------
Flow number: 1
From 192.168.10.7:55885
To    192.168.10.5:8999
----------------------------------------------------------
Total time               =     10.211666 s
Total packets            =         28325
Minimum delay            =      0.000006 s
Maximum delay            =      1.000459 s
Average delay            =      0.319714 s
Average jitter           =      0.000798 s
Delay standard deviation =      0.456251 s
Bytes received           =      36256000
Average bitrate          =  28403.592519 Kbit/s
Average packet rate      =   2773.788332 pkt/s
Packets dropped          =          4064 (12.55 %)
Average loss-burst size  =      1.311391 pkt
----------------------------------------------------------

__________________________________________________________
****************  TOTAL RESULTS   ******************
__________________________________________________________
Number of flows          =             1
Total time               =     10.211666 s
Total packets            =         28325
Minimum delay            =      0.000006 s
Maximum delay            =      1.000459 s
Average delay            =      0.319714 s
Average jitter           =      0.000798 s
Delay standard deviation =      0.456251 s
Bytes received           =      36256000
Average bitrate          =  28403.592519 Kbit/s
Average packet rate      =   2773.788332 pkt/s
Packets dropped          =          4064 (12.55 %)
Average loss-burst size  =      1.311391 pkt
Error lines              =             0
----------------------------------------------------------
