ITGDec version 2.8.1 (r1023)
Compile-time options: bursty multiport
----------------------------------------------------------
Flow number: 1
From 192.168.10.7:46073
To    192.168.10.5:8999
----------------------------------------------------------
Total time               =      9.998409 s
Total packets            =         98474
Minimum delay            =      0.000003 s
Maximum delay            =      1.000130 s
Average delay            =      0.004533 s
Average jitter           =      0.000224 s
Delay standard deviation =      0.066846 s
Bytes received           =      25209344
Average bitrate          =  20170.684356 Kbit/s
Average packet rate      =   9848.966971 pkt/s
Packets dropped          =            48 (0.05 %)
Average loss-burst size  =      0.000000 pkt
----------------------------------------------------------

__________________________________________________________
****************  TOTAL RESULTS   ******************
__________________________________________________________
Number of flows          =             1
Total time               =      9.998409 s
Total packets            =         98474
Minimum delay            =      0.000003 s
Maximum delay            =      1.000130 s
Average delay            =      0.004533 s
Average jitter           =      0.000224 s
Delay standard deviation =      0.066846 s
Bytes received           =      25209344
Average bitrate          =  20170.684356 Kbit/s
Average packet rate      =   9848.966971 pkt/s
Packets dropped          =            48 (0.05 %)
Average loss-burst size  =      0.000000 pkt
Error lines              =             0
----------------------------------------------------------
