ITGDec version 2.8.1 (r1023)
Compile-time options: bursty multiport
----------------------------------------------------------
Flow number: 1
From 192.168.10.7:33159
To    192.168.10.5:8999
----------------------------------------------------------
Total time               =      9.996966 s
Total packets            =        167326
Minimum delay            =      0.000002 s
Maximum delay            =      1.000087 s
Average delay            =      0.002562 s
Average jitter           =      0.000134 s
Delay standard deviation =      0.050275 s
Bytes received           =      10708864
Average bitrate          =   8569.691244 Kbit/s
Average packet rate      =  16737.678212 pkt/s
Packets dropped          =           563 (0.34 %)
Average loss-burst size  =      4.614754 pkt
----------------------------------------------------------

__________________________________________________________
****************  TOTAL RESULTS   ******************
__________________________________________________________
Number of flows          =             1
Total time               =      9.996966 s
Total packets            =        167326
Minimum delay            =      0.000002 s
Maximum delay            =      1.000087 s
Average delay            =      0.002562 s
Average jitter           =      0.000134 s
Delay standard deviation =      0.050275 s
Bytes received           =      10708864
Average bitrate          =   8569.691244 Kbit/s
Average packet rate      =  16737.678212 pkt/s
Packets dropped          =           563 (0.34 %)
Average loss-burst size  =      4.614754 pkt
Error lines              =             0
----------------------------------------------------------
