ITGDec version 2.8.1 (r1023)
Compile-time options: bursty multiport
----------------------------------------------------------
Flow number: 1
From 192.168.10.7:60983
To    192.168.10.5:8999
----------------------------------------------------------
Total time               =     10.216556 s
Total packets            =         28331
Minimum delay            =      0.000004 s
Maximum delay            =      1.000373 s
Average delay            =      0.327686 s
Average jitter           =      0.000798 s
Delay standard deviation =      0.459110 s
Bytes received           =      36263680
Average bitrate          =  28396.011337 Kbit/s
Average packet rate      =   2773.047982 pkt/s
Packets dropped          =          4087 (12.61 %)
Average loss-burst size  =      1.305751 pkt
----------------------------------------------------------

__________________________________________________________
****************  TOTAL RESULTS   ******************
__________________________________________________________
Number of flows          =             1
Total time               =     10.216556 s
Total packets            =         28331
Minimum delay            =      0.000004 s
Maximum delay            =      1.000373 s
Average delay            =      0.327686 s
Average jitter           =      0.000798 s
Delay standard deviation =      0.459110 s
Bytes received           =      36263680
Average bitrate          =  28396.011337 Kbit/s
Average packet rate      =   2773.047982 pkt/s
Packets dropped          =          4087 (12.61 %)
Average loss-burst size  =      1.305751 pkt
Error lines              =             0
----------------------------------------------------------
