ITGDec version 2.8.1 (r1023)
Compile-time options: bursty multiport
----------------------------------------------------------
Flow number: 1
From 192.168.10.7:59669
To    192.168.10.5:8999
----------------------------------------------------------
Total time               =      9.997353 s
Total packets            =        131410
Minimum delay            =      0.000003 s
Maximum delay            =      1.000113 s
Average delay            =      0.006753 s
Average jitter           =      0.000173 s
Delay standard deviation =      0.081697 s
Bytes received           =      16820480
Average bitrate          =  13459.946848 Kbit/s
Average packet rate      =  13144.479344 pkt/s
Packets dropped          =           273 (0.21 %)
Average loss-burst size  =      0.000000 pkt
----------------------------------------------------------

__________________________________________________________
****************  TOTAL RESULTS   ******************
__________________________________________________________
Number of flows          =             1
Total time               =      9.997353 s
Total packets            =        131410
Minimum delay            =      0.000003 s
Maximum delay            =      1.000113 s
Average delay            =      0.006753 s
Average jitter           =      0.000173 s
Delay standard deviation =      0.081697 s
Bytes received           =      16820480
Average bitrate          =  13459.946848 Kbit/s
Average packet rate      =  13144.479344 pkt/s
Packets dropped          =           273 (0.21 %)
Average loss-burst size  =      0.000000 pkt
Error lines              =             0
----------------------------------------------------------
