ITGDec version 2.8.1 (r1023)
Compile-time options: bursty multiport
----------------------------------------------------------
Flow number: 1
From 192.168.10.7:37567
To    192.168.10.5:8999
----------------------------------------------------------
Total time               =      9.998468 s
Total packets            =         98321
Minimum delay            =      0.000003 s
Maximum delay            =      1.000113 s
Average delay            =      0.005558 s
Average jitter           =      0.000226 s
Delay standard deviation =      0.074041 s
Bytes received           =      25170176
Average bitrate          =  20139.226129 Kbit/s
Average packet rate      =   9833.606509 pkt/s
Packets dropped          =            62 (0.06 %)
Average loss-burst size  =      0.000000 pkt
----------------------------------------------------------

__________________________________________________________
****************  TOTAL RESULTS   ******************
__________________________________________________________
Number of flows          =             1
Total time               =      9.998468 s
Total packets            =         98321
Minimum delay            =      0.000003 s
Maximum delay            =      1.000113 s
Average delay            =      0.005558 s
Average jitter           =      0.000226 s
Delay standard deviation =      0.074041 s
Bytes received           =      25170176
Average bitrate          =  20139.226129 Kbit/s
Average packet rate      =   9833.606509 pkt/s
Packets dropped          =            62 (0.06 %)
Average loss-burst size  =      0.000000 pkt
Error lines              =             0
----------------------------------------------------------
