ITGDec version 2.8.1 (r1023)
Compile-time options: bursty multiport
----------------------------------------------------------
Flow number: 1
From 192.168.10.7:50114
To    192.168.10.5:8999
----------------------------------------------------------
Total time               =      9.997682 s
Total packets            =         98559
Minimum delay            =      0.000003 s
Maximum delay            =      1.000140 s
Average delay            =      0.003007 s
Average jitter           =      0.000224 s
Delay standard deviation =      0.054350 s
Bytes received           =      25231104
Average bitrate          =  20189.563141 Kbit/s
Average packet rate      =   9858.185127 pkt/s
Packets dropped          =             0 (0.00 %)
Average loss-burst size  =      0.000000 pkt
----------------------------------------------------------

__________________________________________________________
****************  TOTAL RESULTS   ******************
__________________________________________________________
Number of flows          =             1
Total time               =      9.997682 s
Total packets            =         98559
Minimum delay            =      0.000003 s
Maximum delay            =      1.000140 s
Average delay            =      0.003007 s
Average jitter           =      0.000224 s
Delay standard deviation =      0.054350 s
Bytes received           =      25231104
Average bitrate          =  20189.563141 Kbit/s
Average packet rate      =   9858.185127 pkt/s
Packets dropped          =             0 (0.00 %)
Average loss-burst size  =             0 pkt
Error lines              =             0
----------------------------------------------------------
