ITGDec version 2.8.1 (r1023)
Compile-time options: bursty multiport
----------------------------------------------------------
Flow number: 1
From 192.168.10.7:47292
To    192.168.10.5:8999
----------------------------------------------------------
Total time               =      9.993952 s
Total packets            =         98883
Minimum delay            =      0.000003 s
Maximum delay            =      1.000122 s
Average delay            =      0.003038 s
Average jitter           =      0.000224 s
Delay standard deviation =      0.054630 s
Bytes received           =      25314048
Average bitrate          =  20263.493761 Kbit/s
Average packet rate      =   9894.284063 pkt/s
Packets dropped          =             0 (0.00 %)
Average loss-burst size  =      0.000000 pkt
----------------------------------------------------------

__________________________________________________________
****************  TOTAL RESULTS   ******************
__________________________________________________________
Number of flows          =             1
Total time               =      9.993952 s
Total packets            =         98883
Minimum delay            =      0.000003 s
Maximum delay            =      1.000122 s
Average delay            =      0.003038 s
Average jitter           =      0.000224 s
Delay standard deviation =      0.054630 s
Bytes received           =      25314048
Average bitrate          =  20263.493761 Kbit/s
Average packet rate      =   9894.284063 pkt/s
Packets dropped          =             0 (0.00 %)
Average loss-burst size  =             0 pkt
Error lines              =             0
----------------------------------------------------------
