ITGDec version 2.8.1 (r1023)
Compile-time options: bursty multiport
----------------------------------------------------------
Flow number: 1
From 192.168.10.7:33171
To    192.168.10.5:8999
----------------------------------------------------------
Total time               =      9.960492 s
Total packets            =           240
Minimum delay            =      0.003164 s
Maximum delay            =      0.009227 s
Average delay            =      0.003738 s
Average jitter           =      0.000251 s
Delay standard deviation =      0.000586 s
Bytes received           =         10557
Average bitrate          =      8.479099 Kbit/s
Average packet rate      =     24.095195 pkt/s
Packets dropped          =             0 (0.00 %)
Average loss-burst size  =      0.000000 pkt
----------------------------------------------------------

__________________________________________________________
****************  TOTAL RESULTS   ******************
__________________________________________________________
Number of flows          =             1
Total time               =      9.960492 s
Total packets            =           240
Minimum delay            =      0.003164 s
Maximum delay            =      0.009227 s
Average delay            =      0.003738 s
Average jitter           =      0.000251 s
Delay standard deviation =      0.000586 s
Bytes received           =         10557
Average bitrate          =      8.479099 Kbit/s
Average packet rate      =     24.095195 pkt/s
Packets dropped          =             0 (0.00 %)
Average loss-burst size  =             0 pkt
Error lines              =             0
----------------------------------------------------------
