ITGDec version 2.8.1 (r1023)
Compile-time options: bursty multiport
----------------------------------------------------------
Flow number: 1
From 192.168.10.7:56710
To    192.168.10.5:8999
----------------------------------------------------------
Total time               =     10.220807 s
Total packets            =         28346
Minimum delay            =      0.000006 s
Maximum delay            =      1.000843 s
Average delay            =      0.344018 s
Average jitter           =      0.000799 s
Delay standard deviation =      0.464652 s
Bytes received           =      36282880
Average bitrate          =  28399.229141 Kbit/s
Average packet rate      =   2773.362221 pkt/s
Packets dropped          =          4053 (12.51 %)
Average loss-burst size  =      1.314629 pkt
----------------------------------------------------------

__________________________________________________________
****************  TOTAL RESULTS   ******************
__________________________________________________________
Number of flows          =             1
Total time               =     10.220807 s
Total packets            =         28346
Minimum delay            =      0.000006 s
Maximum delay            =      1.000843 s
Average delay            =      0.344018 s
Average jitter           =      0.000799 s
Delay standard deviation =      0.464652 s
Bytes received           =      36282880
Average bitrate          =  28399.229141 Kbit/s
Average packet rate      =   2773.362221 pkt/s
Packets dropped          =          4053 (12.51 %)
Average loss-burst size  =      1.314629 pkt
Error lines              =             0
----------------------------------------------------------
