ITGDec version 2.8.1 (r1023)
Compile-time options: bursty multiport
----------------------------------------------------------
Flow number: 1
From 192.168.10.7:37866
To    192.168.10.5:8999
----------------------------------------------------------
Total time               =      9.994902 s
Total packets            =           986
Minimum delay            =      0.003063 s
Maximum delay            =      0.009585 s
Average delay            =      0.003697 s
Average jitter           =      0.000170 s
Delay standard deviation =      0.000330 s
Bytes received           =         63104
Average bitrate          =     50.508949 Kbit/s
Average packet rate      =     98.650292 pkt/s
Packets dropped          =             0 (0.00 %)
Average loss-burst size  =      0.000000 pkt
----------------------------------------------------------

__________________________________________________________
****************  TOTAL RESULTS   ******************
__________________________________________________________
Number of flows          =             1
Total time               =      9.994902 s
Total packets            =           986
Minimum delay            =      0.003063 s
Maximum delay            =      0.009585 s
Average delay            =      0.003697 s
Average jitter           =      0.000170 s
Delay standard deviation =      0.000330 s
Bytes received           =         63104
Average bitrate          =     50.508949 Kbit/s
Average packet rate      =     98.650292 pkt/s
Packets dropped          =             0 (0.00 %)
Average loss-burst size  =             0 pkt
Error lines              =             0
----------------------------------------------------------
