ITGDec version 2.8.1 (r1023)
Compile-time options: bursty multiport
----------------------------------------------------------
Flow number: 1
From 192.168.10.7:43583
To    192.168.10.5:8999
----------------------------------------------------------
Total time               =      9.997644 s
Total packets            =         98593
Minimum delay            =      0.000003 s
Maximum delay            =      1.000121 s
Average delay            =      0.002702 s
Average jitter           =      0.000224 s
Delay standard deviation =      0.051482 s
Bytes received           =      25239808
Average bitrate          =  20196.604720 Kbit/s
Average packet rate      =   9861.623398 pkt/s
Packets dropped          =            91 (0.09 %)
Average loss-burst size  =      0.000000 pkt
----------------------------------------------------------

__________________________________________________________
****************  TOTAL RESULTS   ******************
__________________________________________________________
Number of flows          =             1
Total time               =      9.997644 s
Total packets            =         98593
Minimum delay            =      0.000003 s
Maximum delay            =      1.000121 s
Average delay            =      0.002702 s
Average jitter           =      0.000224 s
Delay standard deviation =      0.051482 s
Bytes received           =      25239808
Average bitrate          =  20196.604720 Kbit/s
Average packet rate      =   9861.623398 pkt/s
Packets dropped          =            91 (0.09 %)
Average loss-burst size  =      0.000000 pkt
Error lines              =             0
----------------------------------------------------------
