ITGDec version 2.8.1 (r1023)
Compile-time options: bursty multiport
----------------------------------------------------------
Flow number: 1
From 192.168.10.7:60989
To    192.168.10.5:8999
----------------------------------------------------------
Total time               =     10.004795 s
Total packets            =         65657
Minimum delay            =      0.000003 s
Maximum delay            =      1.000187 s
Average delay            =      0.018992 s
Average jitter           =      0.000342 s
Delay standard deviation =      0.136121 s
Bytes received           =      33616384
Average bitrate          =  26880.218135 Kbit/s
Average packet rate      =   6562.553256 pkt/s
Packets dropped          =             0 (0.00 %)
Average loss-burst size  =      0.000000 pkt
----------------------------------------------------------

__________________________________________________________
****************  TOTAL RESULTS   ******************
__________________________________________________________
Number of flows          =             1
Total time               =     10.004795 s
Total packets            =         65657
Minimum delay            =      0.000003 s
Maximum delay            =      1.000187 s
Average delay            =      0.018992 s
Average jitter           =      0.000342 s
Delay standard deviation =      0.136121 s
Bytes received           =      33616384
Average bitrate          =  26880.218135 Kbit/s
Average packet rate      =   6562.553256 pkt/s
Packets dropped          =             0 (0.00 %)
Average loss-burst size  =             0 pkt
Error lines              =             0
----------------------------------------------------------
