ITGDec version 2.8.1 (r1023)
Compile-time options: bursty multiport
----------------------------------------------------------
Flow number: 1
From 192.168.10.7:45164
To    192.168.10.5:8999
----------------------------------------------------------
Total time               =     10.172790 s
Total packets            =         35440
Minimum delay            =      0.000004 s
Maximum delay            =      1.000690 s
Average delay            =      0.247020 s
Average jitter           =      0.000635 s
Delay standard deviation =      0.423340 s
Bytes received           =      36290560
Average bitrate          =  28539.317139 Kbit/s
Average packet rate      =   3483.803362 pkt/s
Packets dropped          =          3110 (8.07 %)
Average loss-burst size  =      1.250000 pkt
----------------------------------------------------------

__________________________________________________________
****************  TOTAL RESULTS   ******************
__________________________________________________________
Number of flows          =             1
Total time               =     10.172790 s
Total packets            =         35440
Minimum delay            =      0.000004 s
Maximum delay            =      1.000690 s
Average delay            =      0.247020 s
Average jitter           =      0.000635 s
Delay standard deviation =      0.423340 s
Bytes received           =      36290560
Average bitrate          =  28539.317139 Kbit/s
Average packet rate      =   3483.803362 pkt/s
Packets dropped          =          3110 (8.07 %)
Average loss-burst size  =      1.250000 pkt
Error lines              =             0
----------------------------------------------------------
