ITGDec version 2.8.1 (r1023)
Compile-time options: bursty multiport
----------------------------------------------------------
Flow number: 1
From 192.168.10.7:60136
To    192.168.10.5:8999
----------------------------------------------------------
Total time               =      9.997548 s
Total packets            =        129997
Minimum delay            =      0.000003 s
Maximum delay            =      1.000094 s
Average delay            =      0.002748 s
Average jitter           =      0.000175 s
Delay standard deviation =      0.052039 s
Bytes received           =      16639616
Average bitrate          =  13314.957628 Kbit/s
Average packet rate      =  13002.888308 pkt/s
Packets dropped          =            55 (0.04 %)
Average loss-burst size  =      0.000000 pkt
----------------------------------------------------------

__________________________________________________________
****************  TOTAL RESULTS   ******************
__________________________________________________________
Number of flows          =             1
Total time               =      9.997548 s
Total packets            =        129997
Minimum delay            =      0.000003 s
Maximum delay            =      1.000094 s
Average delay            =      0.002748 s
Average jitter           =      0.000175 s
Delay standard deviation =      0.052039 s
Bytes received           =      16639616
Average bitrate          =  13314.957628 Kbit/s
Average packet rate      =  13002.888308 pkt/s
Packets dropped          =            55 (0.04 %)
Average loss-burst size  =      0.000000 pkt
Error lines              =             0
----------------------------------------------------------
