ITGDec version 2.8.1 (r1023)
Compile-time options: bursty multiport
----------------------------------------------------------
Flow number: 1
From 192.168.10.7:54077
To    192.168.10.5:8999
----------------------------------------------------------
Total time               =     10.010419 s
Total packets            =         65658
Minimum delay            =      0.000004 s
Maximum delay            =      1.000177 s
Average delay            =      0.021950 s
Average jitter           =      0.000343 s
Delay standard deviation =      0.146059 s
Bytes received           =      33616896
Average bitrate          =  26865.525609 Kbit/s
Average packet rate      =   6558.966213 pkt/s
Packets dropped          =            18 (0.03 %)
Average loss-burst size  =           inf pkt
----------------------------------------------------------

__________________________________________________________
****************  TOTAL RESULTS   ******************
__________________________________________________________
Number of flows          =             1
Total time               =     10.010419 s
Total packets            =         65658
Minimum delay            =      0.000004 s
Maximum delay            =      1.000177 s
Average delay            =      0.021950 s
Average jitter           =      0.000343 s
Delay standard deviation =      0.146059 s
Bytes received           =      33616896
Average bitrate          =  26865.525609 Kbit/s
Average packet rate      =   6558.966213 pkt/s
Packets dropped          =            18 (0.03 %)
Average loss-burst size  =           inf pkt
Error lines              =             0
----------------------------------------------------------
