ITGDec version 2.8.1 (r1023)
Compile-time options: bursty multiport
----------------------------------------------------------
Flow number: 1
From 192.168.10.7:44197
To    192.168.10.5:8999
----------------------------------------------------------
Total time               =      9.969167 s
Total packets            =           240
Minimum delay            =      0.003330 s
Maximum delay            =      0.014734 s
Average delay            =      0.003793 s
Average jitter           =      0.000360 s
Delay standard deviation =      0.001013 s
Bytes received           =         10340
Average bitrate          =      8.297584 Kbit/s
Average packet rate      =     24.074228 pkt/s
Packets dropped          =             0 (0.00 %)
Average loss-burst size  =      0.000000 pkt
----------------------------------------------------------

__________________________________________________________
****************  TOTAL RESULTS   ******************
__________________________________________________________
Number of flows          =             1
Total time               =      9.969167 s
Total packets            =           240
Minimum delay            =      0.003330 s
Maximum delay            =      0.014734 s
Average delay            =      0.003793 s
Average jitter           =      0.000360 s
Delay standard deviation =      0.001013 s
Bytes received           =         10340
Average bitrate          =      8.297584 Kbit/s
Average packet rate      =     24.074228 pkt/s
Packets dropped          =             0 (0.00 %)
Average loss-burst size  =             0 pkt
Error lines              =             0
----------------------------------------------------------
