ITGDec version 2.8.1 (r1023)
Compile-time options: bursty multiport
----------------------------------------------------------
Flow number: 1
From 192.168.10.7:45132
To    192.168.10.5:8999
----------------------------------------------------------
Total time               =     10.007864 s
Total packets            =         65647
Minimum delay            =      0.000003 s
Maximum delay            =      1.000178 s
Average delay            =      0.020323 s
Average jitter           =      0.000342 s
Delay standard deviation =      0.140678 s
Bytes received           =      33611264
Average bitrate          =  26867.882297 Kbit/s
Average packet rate      =   6559.541577 pkt/s
Packets dropped          =             0 (0.00 %)
Average loss-burst size  =      0.000000 pkt
----------------------------------------------------------

__________________________________________________________
****************  TOTAL RESULTS   ******************
__________________________________________________________
Number of flows          =             1
Total time               =     10.007864 s
Total packets            =         65647
Minimum delay            =      0.000003 s
Maximum delay            =      1.000178 s
Average delay            =      0.020323 s
Average jitter           =      0.000342 s
Delay standard deviation =      0.140678 s
Bytes received           =      33611264
Average bitrate          =  26867.882297 Kbit/s
Average packet rate      =   6559.541577 pkt/s
Packets dropped          =             0 (0.00 %)
Average loss-burst size  =             0 pkt
Error lines              =             0
----------------------------------------------------------
