ITGDec version 2.8.1 (r1023)
Compile-time options: bursty multiport
----------------------------------------------------------
Flow number: 1
From 192.168.10.7:33653
To    192.168.10.5:8999
----------------------------------------------------------
Total time               =     10.173037 s
Total packets            =         35513
Minimum delay            =      0.000004 s
Maximum delay            =      1.000660 s
Average delay            =      0.257804 s
Average jitter           =      0.000613 s
Delay standard deviation =      0.429713 s
Bytes received           =      36365312
Average bitrate          =  28597.408620 Kbit/s
Average packet rate      =   3490.894607 pkt/s
Packets dropped          =          3022 (7.84 %)
Average loss-burst size  =      1.221504 pkt
----------------------------------------------------------

__________________________________________________________
****************  TOTAL RESULTS   ******************
__________________________________________________________
Number of flows          =             1
Total time               =     10.173037 s
Total packets            =         35513
Minimum delay            =      0.000004 s
Maximum delay            =      1.000660 s
Average delay            =      0.257804 s
Average jitter           =      0.000613 s
Delay standard deviation =      0.429713 s
Bytes received           =      36365312
Average bitrate          =  28597.408620 Kbit/s
Average packet rate      =   3490.894607 pkt/s
Packets dropped          =          3022 (7.84 %)
Average loss-burst size  =      1.221504 pkt
Error lines              =             0
----------------------------------------------------------
