ITGDec version 2.8.1 (r1023)
Compile-time options: bursty multiport
----------------------------------------------------------
Flow number: 1
From 192.168.10.7:48143
To    192.168.10.5:8999
----------------------------------------------------------
Total time               =      9.997723 s
Total packets            =         98709
Minimum delay            =      0.000003 s
Maximum delay            =      1.000126 s
Average delay            =      0.003722 s
Average jitter           =      0.000224 s
Delay standard deviation =      0.060531 s
Bytes received           =      25269504
Average bitrate          =  20220.207341 Kbit/s
Average packet rate      =   9873.148116 pkt/s
Packets dropped          =           107 (0.11 %)
Average loss-burst size  =           inf pkt
----------------------------------------------------------

__________________________________________________________
****************  TOTAL RESULTS   ******************
__________________________________________________________
Number of flows          =             1
Total time               =      9.997723 s
Total packets            =         98709
Minimum delay            =      0.000003 s
Maximum delay            =      1.000126 s
Average delay            =      0.003722 s
Average jitter           =      0.000224 s
Delay standard deviation =      0.060531 s
Bytes received           =      25269504
Average bitrate          =  20220.207341 Kbit/s
Average packet rate      =   9873.148116 pkt/s
Packets dropped          =           107 (0.11 %)
Average loss-burst size  =           inf pkt
Error lines              =             0
----------------------------------------------------------
