ITGDec version 2.8.1 (r1023)
Compile-time options: bursty multiport
----------------------------------------------------------
Flow number: 1
From 192.168.10.7:53512
To    192.168.10.5:8999
----------------------------------------------------------
Total time               =     10.018020 s
Total packets            =         65543
Minimum delay            =      0.000003 s
Maximum delay            =      1.000192 s
Average delay            =      0.021850 s
Average jitter           =      0.000343 s
Delay standard deviation =      0.145533 s
Bytes received           =      33558016
Average bitrate          =  26798.122583 Kbit/s
Average packet rate      =   6542.510396 pkt/s
Packets dropped          =            44 (0.07 %)
Average loss-burst size  =           inf pkt
----------------------------------------------------------

__________________________________________________________
****************  TOTAL RESULTS   ******************
__________________________________________________________
Number of flows          =             1
Total time               =     10.018020 s
Total packets            =         65543
Minimum delay            =      0.000003 s
Maximum delay            =      1.000192 s
Average delay            =      0.021850 s
Average jitter           =      0.000343 s
Delay standard deviation =      0.145533 s
Bytes received           =      33558016
Average bitrate          =  26798.122583 Kbit/s
Average packet rate      =   6542.510396 pkt/s
Packets dropped          =            44 (0.07 %)
Average loss-burst size  =           inf pkt
Error lines              =             0
----------------------------------------------------------
