ITGDec version 2.8.1 (r1023)
Compile-time options: bursty multiport
----------------------------------------------------------
Flow number: 1
From 192.168.10.7:37270
To    192.168.10.5:8999
----------------------------------------------------------
Total time               =      8.935702 s
Total packets            =             6
Minimum delay            =      0.003810 s
Maximum delay            =      0.004668 s
Average delay            =      0.004075 s
Average jitter           =      0.000280 s
Delay standard deviation =      0.000286 s
Bytes received           =          1082
Average bitrate          =      0.968698 Kbit/s
Average packet rate      =      0.671464 pkt/s
Packets dropped          =             0 (0.00 %)
Average loss-burst size  =      0.000000 pkt
----------------------------------------------------------

__________________________________________________________
****************  TOTAL RESULTS   ******************
__________________________________________________________
Number of flows          =             1
Total time               =      8.935702 s
Total packets            =             6
Minimum delay            =      0.003810 s
Maximum delay            =      0.004668 s
Average delay            =      0.004075 s
Average jitter           =      0.000280 s
Delay standard deviation =      0.000286 s
Bytes received           =          1082
Average bitrate          =      0.968698 Kbit/s
Average packet rate      =      0.671464 pkt/s
Packets dropped          =             0 (0.00 %)
Average loss-burst size  =             0 pkt
Error lines              =             0
----------------------------------------------------------
