ITGDec version 2.8.1 (r1023)
Compile-time options: bursty multiport
----------------------------------------------------------
Flow number: 1
From 192.168.10.7:37582
To    192.168.10.5:8999
----------------------------------------------------------
Total time               =      0.951774 s
Total packets            =            23
Minimum delay            =      0.003386 s
Maximum delay            =      0.008970 s
Average delay            =      0.003867 s
Average jitter           =      0.000554 s
Delay standard deviation =      0.001101 s
Bytes received           =          1033
Average bitrate          =      8.682734 Kbit/s
Average packet rate      =     24.165401 pkt/s
Packets dropped          =             0 (0.00 %)
Average loss-burst size  =      0.000000 pkt
----------------------------------------------------------

__________________________________________________________
****************  TOTAL RESULTS   ******************
__________________________________________________________
Number of flows          =             1
Total time               =      0.951774 s
Total packets            =            23
Minimum delay            =      0.003386 s
Maximum delay            =      0.008970 s
Average delay            =      0.003867 s
Average jitter           =      0.000554 s
Delay standard deviation =      0.001101 s
Bytes received           =          1033
Average bitrate          =      8.682734 Kbit/s
Average packet rate      =     24.165401 pkt/s
Packets dropped          =             0 (0.00 %)
Average loss-burst size  =             0 pkt
Error lines              =             0
----------------------------------------------------------
