ITGDec version 2.8.1 (r1023)
Compile-time options: bursty multiport
----------------------------------------------------------
Flow number: 1
From 192.168.10.7:34301
To    192.168.10.5:8999
----------------------------------------------------------
Total time               =      9.998356 s
Total packets            =        130277
Minimum delay            =      0.000003 s
Maximum delay            =      1.000106 s
Average delay            =      0.002551 s
Average jitter           =      0.000175 s
Delay standard deviation =      0.050114 s
Bytes received           =      16675456
Average bitrate          =  13342.558317 Kbit/s
Average packet rate      =  13029.842106 pkt/s
Packets dropped          =            16 (0.01 %)
Average loss-burst size  =           inf pkt
----------------------------------------------------------

__________________________________________________________
****************  TOTAL RESULTS   ******************
__________________________________________________________
Number of flows          =             1
Total time               =      9.998356 s
Total packets            =        130277
Minimum delay            =      0.000003 s
Maximum delay            =      1.000106 s
Average delay            =      0.002551 s
Average jitter           =      0.000175 s
Delay standard deviation =      0.050114 s
Bytes received           =      16675456
Average bitrate          =  13342.558317 Kbit/s
Average packet rate      =  13029.842106 pkt/s
Packets dropped          =            16 (0.01 %)
Average loss-burst size  =           inf pkt
Error lines              =             0
----------------------------------------------------------
