ITGDec version 2.8.1 (r1023)
Compile-time options: bursty multiport
----------------------------------------------------------
Flow number: 1
From 192.168.10.7:44701
To    192.168.10.5:8999
----------------------------------------------------------
Total time               =     10.177650 s
Total packets            =         35475
Minimum delay            =      0.000004 s
Maximum delay            =      1.000846 s
Average delay            =      0.260877 s
Average jitter           =      0.000615 s
Delay standard deviation =      0.431015 s
Bytes received           =      36326400
Average bitrate          =  28553.860665 Kbit/s
Average packet rate      =   3485.578694 pkt/s
Packets dropped          =          3051 (7.92 %)
Average loss-burst size  =      1.206406 pkt
----------------------------------------------------------

__________________________________________________________
****************  TOTAL RESULTS   ******************
__________________________________________________________
Number of flows          =             1
Total time               =     10.177650 s
Total packets            =         35475
Minimum delay            =      0.000004 s
Maximum delay            =      1.000846 s
Average delay            =      0.260877 s
Average jitter           =      0.000615 s
Delay standard deviation =      0.431015 s
Bytes received           =      36326400
Average bitrate          =  28553.860665 Kbit/s
Average packet rate      =   3485.578694 pkt/s
Packets dropped          =          3051 (7.92 %)
Average loss-burst size  =      1.206406 pkt
Error lines              =             0
----------------------------------------------------------
