ITGDec version 2.8.1 (r1023)
Compile-time options: bursty multiport
----------------------------------------------------------
Flow number: 1
From 192.168.10.7:42073
To    192.168.10.5:8999
----------------------------------------------------------
Total time               =     10.007252 s
Total packets            =         65568
Minimum delay            =      0.000004 s
Maximum delay            =      1.000176 s
Average delay            =      0.022919 s
Average jitter           =      0.000343 s
Delay standard deviation =      0.149264 s
Bytes received           =      33570816
Average bitrate          =  26837.190469 Kbit/s
Average packet rate      =   6552.048454 pkt/s
Packets dropped          =            18 (0.03 %)
Average loss-burst size  =      9.000000 pkt
----------------------------------------------------------

__________________________________________________________
****************  TOTAL RESULTS   ******************
__________________________________________________________
Number of flows          =             1
Total time               =     10.007252 s
Total packets            =         65568
Minimum delay            =      0.000004 s
Maximum delay            =      1.000176 s
Average delay            =      0.022919 s
Average jitter           =      0.000343 s
Delay standard deviation =      0.149264 s
Bytes received           =      33570816
Average bitrate          =  26837.190469 Kbit/s
Average packet rate      =   6552.048454 pkt/s
Packets dropped          =            18 (0.03 %)
Average loss-burst size  =      9.000000 pkt
Error lines              =             0
----------------------------------------------------------
