ITGDec version 2.8.1 (r1023)
Compile-time options: bursty multiport
----------------------------------------------------------
Flow number: 1
From 192.168.10.7:37543
To    192.168.10.5:8999
----------------------------------------------------------
Total time               =      8.937630 s
Total packets            =             6
Minimum delay            =      0.004083 s
Maximum delay            =      0.004436 s
Average delay            =      0.004268 s
Average jitter           =      0.000144 s
Delay standard deviation =      0.000110 s
Bytes received           =          1529
Average bitrate          =      1.368595 Kbit/s
Average packet rate      =      0.671319 pkt/s
Packets dropped          =             0 (0.00 %)
Average loss-burst size  =      0.000000 pkt
----------------------------------------------------------

__________________________________________________________
****************  TOTAL RESULTS   ******************
__________________________________________________________
Number of flows          =             1
Total time               =      8.937630 s
Total packets            =             6
Minimum delay            =      0.004083 s
Maximum delay            =      0.004436 s
Average delay            =      0.004268 s
Average jitter           =      0.000144 s
Delay standard deviation =      0.000110 s
Bytes received           =          1529
Average bitrate          =      1.368595 Kbit/s
Average packet rate      =      0.671319 pkt/s
Packets dropped          =             0 (0.00 %)
Average loss-burst size  =             0 pkt
Error lines              =             0
----------------------------------------------------------
