ITGDec version 2.8.1 (r1023)
Compile-time options: bursty multiport
----------------------------------------------------------
Flow number: 1
From 192.168.10.7:52984
To    192.168.10.5:8999
----------------------------------------------------------
Total time               =      9.994133 s
Total packets            =        164757
Minimum delay            =      0.000002 s
Maximum delay            =      1.000090 s
Average delay            =      0.004255 s
Average jitter           =      0.000137 s
Delay standard deviation =      0.064905 s
Bytes received           =      10544448
Average bitrate          =   8440.510447 Kbit/s
Average packet rate      =  16485.371968 pkt/s
Packets dropped          =             5 (0.00 %)
Average loss-burst size  =      5.000000 pkt
----------------------------------------------------------

__________________________________________________________
****************  TOTAL RESULTS   ******************
__________________________________________________________
Number of flows          =             1
Total time               =      9.994133 s
Total packets            =        164757
Minimum delay            =      0.000002 s
Maximum delay            =      1.000090 s
Average delay            =      0.004255 s
Average jitter           =      0.000137 s
Delay standard deviation =      0.064905 s
Bytes received           =      10544448
Average bitrate          =   8440.510447 Kbit/s
Average packet rate      =  16485.371968 pkt/s
Packets dropped          =             5 (0.00 %)
Average loss-burst size  =      5.000000 pkt
Error lines              =             0
----------------------------------------------------------
