ITGDec version 2.8.1 (r1023)
Compile-time options: bursty multiport
----------------------------------------------------------
Flow number: 1
From 192.168.10.7:57328
To    192.168.10.5:8999
----------------------------------------------------------
Total time               =      9.998520 s
Total packets            =           239
Minimum delay            =      0.003278 s
Maximum delay            =      0.007311 s
Average delay            =      0.003652 s
Average jitter           =      0.000150 s
Delay standard deviation =      0.000278 s
Bytes received           =         10329
Average bitrate          =      8.264423 Kbit/s
Average packet rate      =     23.903538 pkt/s
Packets dropped          =             0 (0.00 %)
Average loss-burst size  =      0.000000 pkt
----------------------------------------------------------

__________________________________________________________
****************  TOTAL RESULTS   ******************
__________________________________________________________
Number of flows          =             1
Total time               =      9.998520 s
Total packets            =           239
Minimum delay            =      0.003278 s
Maximum delay            =      0.007311 s
Average delay            =      0.003652 s
Average jitter           =      0.000150 s
Delay standard deviation =      0.000278 s
Bytes received           =         10329
Average bitrate          =      8.264423 Kbit/s
Average packet rate      =     23.903538 pkt/s
Packets dropped          =             0 (0.00 %)
Average loss-burst size  =             0 pkt
Error lines              =             0
----------------------------------------------------------
