ITGDec version 2.8.1 (r1023)
Compile-time options: bursty multiport
----------------------------------------------------------
Flow number: 1
From 192.168.10.7:53360
To    192.168.10.5:8999
----------------------------------------------------------
Total time               =      9.997651 s
Total packets            =        167536
Minimum delay            =      0.000002 s
Maximum delay            =      1.000085 s
Average delay            =      0.002435 s
Average jitter           =      0.000134 s
Delay standard deviation =      0.049047 s
Bytes received           =      10722304
Average bitrate          =   8579.858609 Kbit/s
Average packet rate      =  16757.536345 pkt/s
Packets dropped          =             3 (0.00 %)
Average loss-burst size  =      0.000000 pkt
----------------------------------------------------------

__________________________________________________________
****************  TOTAL RESULTS   ******************
__________________________________________________________
Number of flows          =             1
Total time               =      9.997651 s
Total packets            =        167536
Minimum delay            =      0.000002 s
Maximum delay            =      1.000085 s
Average delay            =      0.002435 s
Average jitter           =      0.000134 s
Delay standard deviation =      0.049047 s
Bytes received           =      10722304
Average bitrate          =   8579.858609 Kbit/s
Average packet rate      =  16757.536345 pkt/s
Packets dropped          =             3 (0.00 %)
Average loss-burst size  =      0.000000 pkt
Error lines              =             0
----------------------------------------------------------
