ITGDec version 2.8.1 (r1023)
Compile-time options: bursty multiport
----------------------------------------------------------
Flow number: 1
From 192.168.10.7:48384
To    192.168.10.5:8999
----------------------------------------------------------
Total time               =     10.173245 s
Total packets            =         35478
Minimum delay            =      0.000004 s
Maximum delay            =      1.000809 s
Average delay            =      0.253764 s
Average jitter           =      0.000633 s
Delay standard deviation =      0.427313 s
Bytes received           =      36329472
Average bitrate          =  28568.640193 Kbit/s
Average packet rate      =   3487.382836 pkt/s
Packets dropped          =          3048 (7.91 %)
Average loss-burst size  =      1.200473 pkt
----------------------------------------------------------

__________________________________________________________
****************  TOTAL RESULTS   ******************
__________________________________________________________
Number of flows          =             1
Total time               =     10.173245 s
Total packets            =         35478
Minimum delay            =      0.000004 s
Maximum delay            =      1.000809 s
Average delay            =      0.253764 s
Average jitter           =      0.000633 s
Delay standard deviation =      0.427313 s
Bytes received           =      36329472
Average bitrate          =  28568.640193 Kbit/s
Average packet rate      =   3487.382836 pkt/s
Packets dropped          =          3048 (7.91 %)
Average loss-burst size  =      1.200473 pkt
Error lines              =             0
----------------------------------------------------------
