ITGDec version 2.8.1 (r1023)
Compile-time options: bursty multiport
----------------------------------------------------------
Flow number: 1
From 192.168.10.7:45234
To    192.168.10.5:8999
----------------------------------------------------------
Total time               =      8.938045 s
Total packets            =             6
Minimum delay            =      0.003894 s
Maximum delay            =      0.004368 s
Average delay            =      0.004040 s
Average jitter           =      0.000221 s
Delay standard deviation =      0.000161 s
Bytes received           =          1102
Average bitrate          =      0.986345 Kbit/s
Average packet rate      =      0.671288 pkt/s
Packets dropped          =             0 (0.00 %)
Average loss-burst size  =      0.000000 pkt
----------------------------------------------------------

__________________________________________________________
****************  TOTAL RESULTS   ******************
__________________________________________________________
Number of flows          =             1
Total time               =      8.938045 s
Total packets            =             6
Minimum delay            =      0.003894 s
Maximum delay            =      0.004368 s
Average delay            =      0.004040 s
Average jitter           =      0.000221 s
Delay standard deviation =      0.000161 s
Bytes received           =          1102
Average bitrate          =      0.986345 Kbit/s
Average packet rate      =      0.671288 pkt/s
Packets dropped          =             0 (0.00 %)
Average loss-burst size  =             0 pkt
Error lines              =             0
----------------------------------------------------------
