ITGDec version 2.8.1 (r1023)
Compile-time options: bursty multiport
----------------------------------------------------------
Flow number: 1
From 192.168.10.7:34830
To    192.168.10.5:8999
----------------------------------------------------------
Total time               =     10.216823 s
Total packets            =         28308
Minimum delay            =      0.000004 s
Maximum delay            =      1.000369 s
Average delay            =      0.325111 s
Average jitter           =      0.000771 s
Delay standard deviation =      0.458431 s
Bytes received           =      36234240
Average bitrate          =  28372.217078 Kbit/s
Average packet rate      =   2770.724324 pkt/s
Packets dropped          =          4101 (12.65 %)
Average loss-burst size  =      1.317802 pkt
----------------------------------------------------------

__________________________________________________________
****************  TOTAL RESULTS   ******************
__________________________________________________________
Number of flows          =             1
Total time               =     10.216823 s
Total packets            =         28308
Minimum delay            =      0.000004 s
Maximum delay            =      1.000369 s
Average delay            =      0.325111 s
Average jitter           =      0.000771 s
Delay standard deviation =      0.458431 s
Bytes received           =      36234240
Average bitrate          =  28372.217078 Kbit/s
Average packet rate      =   2770.724324 pkt/s
Packets dropped          =          4101 (12.65 %)
Average loss-burst size  =      1.317802 pkt
Error lines              =             0
----------------------------------------------------------
