ITGDec version 2.8.1 (r1023)
Compile-time options: bursty multiport
----------------------------------------------------------
Flow number: 1
From 192.168.10.7:54314
To    192.168.10.5:8999
----------------------------------------------------------
Total time               =     10.219736 s
Total packets            =         28338
Minimum delay            =      0.000004 s
Maximum delay            =      1.001111 s
Average delay            =      0.331637 s
Average jitter           =      0.000774 s
Delay standard deviation =      0.460632 s
Bytes received           =      36272640
Average bitrate          =  28394.189439 Kbit/s
Average packet rate      =   2772.870062 pkt/s
Packets dropped          =          4051 (12.51 %)
Average loss-burst size  =      1.301317 pkt
----------------------------------------------------------

__________________________________________________________
****************  TOTAL RESULTS   ******************
__________________________________________________________
Number of flows          =             1
Total time               =     10.219736 s
Total packets            =         28338
Minimum delay            =      0.000004 s
Maximum delay            =      1.001111 s
Average delay            =      0.331637 s
Average jitter           =      0.000774 s
Delay standard deviation =      0.460632 s
Bytes received           =      36272640
Average bitrate          =  28394.189439 Kbit/s
Average packet rate      =   2772.870062 pkt/s
Packets dropped          =          4051 (12.51 %)
Average loss-burst size  =      1.301317 pkt
Error lines              =             0
----------------------------------------------------------
