ITGDec version 2.8.1 (r1023)
Compile-time options: bursty multiport
----------------------------------------------------------
Flow number: 1
From 192.168.10.7:55748
To    192.168.10.5:8999
----------------------------------------------------------
Total time               =     10.002846 s
Total packets            =        130233
Minimum delay            =      0.000003 s
Maximum delay            =      1.000203 s
Average delay            =      0.003224 s
Average jitter           =      0.000175 s
Delay standard deviation =      0.056293 s
Bytes received           =      16669824
Average bitrate          =  13332.064894 Kbit/s
Average packet rate      =  13019.594623 pkt/s
Packets dropped          =           210 (0.16 %)
Average loss-burst size  =      0.000000 pkt
----------------------------------------------------------

__________________________________________________________
****************  TOTAL RESULTS   ******************
__________________________________________________________
Number of flows          =             1
Total time               =     10.002846 s
Total packets            =        130233
Minimum delay            =      0.000003 s
Maximum delay            =      1.000203 s
Average delay            =      0.003224 s
Average jitter           =      0.000175 s
Delay standard deviation =      0.056293 s
Bytes received           =      16669824
Average bitrate          =  13332.064894 Kbit/s
Average packet rate      =  13019.594623 pkt/s
Packets dropped          =           210 (0.16 %)
Average loss-burst size  =      0.000000 pkt
Error lines              =             0
----------------------------------------------------------
