ITGDec version 2.8.1 (r1023)
Compile-time options: bursty multiport
----------------------------------------------------------
Flow number: 1
From 192.168.10.7:48350
To    192.168.10.5:8999
----------------------------------------------------------
Total time               =      9.998029 s
Total packets            =        130967
Minimum delay            =      0.000003 s
Maximum delay            =      1.000103 s
Average delay            =      0.002569 s
Average jitter           =      0.000174 s
Delay standard deviation =      0.050285 s
Bytes received           =      16763776
Average bitrate          =  13413.664633 Kbit/s
Average packet rate      =  13099.281868 pkt/s
Packets dropped          =           204 (0.16 %)
Average loss-burst size  =      0.000000 pkt
----------------------------------------------------------

__________________________________________________________
****************  TOTAL RESULTS   ******************
__________________________________________________________
Number of flows          =             1
Total time               =      9.998029 s
Total packets            =        130967
Minimum delay            =      0.000003 s
Maximum delay            =      1.000103 s
Average delay            =      0.002569 s
Average jitter           =      0.000174 s
Delay standard deviation =      0.050285 s
Bytes received           =      16763776
Average bitrate          =  13413.664633 Kbit/s
Average packet rate      =  13099.281868 pkt/s
Packets dropped          =           204 (0.16 %)
Average loss-burst size  =      0.000000 pkt
Error lines              =             0
----------------------------------------------------------
