ITGDec version 2.8.1 (r1023)
Compile-time options: bursty multiport
----------------------------------------------------------
Flow number: 1
From 192.168.10.7:40801
To    192.168.10.5:8999
----------------------------------------------------------
Total time               =     10.006629 s
Total packets            =        168883
Minimum delay            =      0.000002 s
Maximum delay            =      1.000087 s
Average delay            =      0.002544 s
Average jitter           =      0.000133 s
Delay standard deviation =      0.049406 s
Bytes received           =      10808512
Average bitrate          =   8641.081427 Kbit/s
Average packet rate      =  16877.112162 pkt/s
Packets dropped          =           512 (0.30 %)
Average loss-burst size  =      5.505376 pkt
----------------------------------------------------------

__________________________________________________________
****************  TOTAL RESULTS   ******************
__________________________________________________________
Number of flows          =             1
Total time               =     10.006629 s
Total packets            =        168883
Minimum delay            =      0.000002 s
Maximum delay            =      1.000087 s
Average delay            =      0.002544 s
Average jitter           =      0.000133 s
Delay standard deviation =      0.049406 s
Bytes received           =      10808512
Average bitrate          =   8641.081427 Kbit/s
Average packet rate      =  16877.112162 pkt/s
Packets dropped          =           512 (0.30 %)
Average loss-burst size  =      5.505376 pkt
Error lines              =             0
----------------------------------------------------------
