ITGDec version 2.8.1 (r1023)
Compile-time options: bursty multiport
----------------------------------------------------------
Flow number: 1
From 192.168.10.7:41295
To    192.168.10.5:8999
----------------------------------------------------------
Total time               =      9.999019 s
Total packets            =         98741
Minimum delay            =      0.000003 s
Maximum delay            =      1.000146 s
Average delay            =      0.005113 s
Average jitter           =      0.000224 s
Delay standard deviation =      0.070979 s
Bytes received           =      25277696
Average bitrate          =  20224.140788 Kbit/s
Average packet rate      =   9875.068744 pkt/s
Packets dropped          =            40 (0.04 %)
Average loss-burst size  =      0.000000 pkt
----------------------------------------------------------

__________________________________________________________
****************  TOTAL RESULTS   ******************
__________________________________________________________
Number of flows          =             1
Total time               =      9.999019 s
Total packets            =         98741
Minimum delay            =      0.000003 s
Maximum delay            =      1.000146 s
Average delay            =      0.005113 s
Average jitter           =      0.000224 s
Delay standard deviation =      0.070979 s
Bytes received           =      25277696
Average bitrate          =  20224.140788 Kbit/s
Average packet rate      =   9875.068744 pkt/s
Packets dropped          =            40 (0.04 %)
Average loss-burst size  =      0.000000 pkt
Error lines              =             0
----------------------------------------------------------
