ITGDec version 2.8.1 (r1023)
Compile-time options: bursty multiport
----------------------------------------------------------
Flow number: 1
From 192.168.10.7:53486
To    192.168.10.5:8999
----------------------------------------------------------
Total time               =     10.179247 s
Total packets            =         35556
Minimum delay            =      0.000003 s
Maximum delay            =      1.000331 s
Average delay            =      0.253700 s
Average jitter           =      0.000614 s
Delay standard deviation =      0.426952 s
Bytes received           =      36409344
Average bitrate          =  28614.567659 Kbit/s
Average packet rate      =   3492.989216 pkt/s
Packets dropped          =          2982 (7.74 %)
Average loss-burst size  =      1.221130 pkt
----------------------------------------------------------

__________________________________________________________
****************  TOTAL RESULTS   ******************
__________________________________________________________
Number of flows          =             1
Total time               =     10.179247 s
Total packets            =         35556
Minimum delay            =      0.000003 s
Maximum delay            =      1.000331 s
Average delay            =      0.253700 s
Average jitter           =      0.000614 s
Delay standard deviation =      0.426952 s
Bytes received           =      36409344
Average bitrate          =  28614.567659 Kbit/s
Average packet rate      =   3492.989216 pkt/s
Packets dropped          =          2982 (7.74 %)
Average loss-burst size  =      1.221130 pkt
Error lines              =             0
----------------------------------------------------------
