ITGDec version 2.8.1 (r1023)
Compile-time options: bursty multiport
----------------------------------------------------------
Flow number: 1
From 192.168.10.7:48481
To    192.168.10.5:8999
----------------------------------------------------------
Total time               =      9.975726 s
Total packets            =           225
Minimum delay            =      0.000107 s
Maximum delay            =      0.011801 s
Average delay            =      0.003698 s
Average jitter           =      0.000310 s
Delay standard deviation =      0.000715 s
Bytes received           =          9888
Average bitrate          =      7.929648 Kbit/s
Average packet rate      =     22.554749 pkt/s
Packets dropped          =             0 (0.00 %)
Average loss-burst size  =      0.000000 pkt
----------------------------------------------------------

__________________________________________________________
****************  TOTAL RESULTS   ******************
__________________________________________________________
Number of flows          =             1
Total time               =      9.975726 s
Total packets            =           225
Minimum delay            =      0.000107 s
Maximum delay            =      0.011801 s
Average delay            =      0.003698 s
Average jitter           =      0.000310 s
Delay standard deviation =      0.000715 s
Bytes received           =          9888
Average bitrate          =      7.929648 Kbit/s
Average packet rate      =     22.554749 pkt/s
Packets dropped          =             0 (0.00 %)
Average loss-burst size  =             0 pkt
Error lines              =             0
----------------------------------------------------------
