ITGDec version 2.8.1 (r1023)
Compile-time options: bursty multiport
----------------------------------------------------------
Flow number: 1
From 192.168.10.7:57457
To    192.168.10.5:8999
----------------------------------------------------------
Total time               =      9.998530 s
Total packets            =         98517
Minimum delay            =      0.000004 s
Maximum delay            =      1.000119 s
Average delay            =      0.003111 s
Average jitter           =      0.000225 s
Delay standard deviation =      0.055282 s
Bytes received           =      25220352
Average bitrate          =  20179.247949 Kbit/s
Average packet rate      =   9853.148413 pkt/s
Packets dropped          =            66 (0.07 %)
Average loss-burst size  =           inf pkt
----------------------------------------------------------

__________________________________________________________
****************  TOTAL RESULTS   ******************
__________________________________________________________
Number of flows          =             1
Total time               =      9.998530 s
Total packets            =         98517
Minimum delay            =      0.000004 s
Maximum delay            =      1.000119 s
Average delay            =      0.003111 s
Average jitter           =      0.000225 s
Delay standard deviation =      0.055282 s
Bytes received           =      25220352
Average bitrate          =  20179.247949 Kbit/s
Average packet rate      =   9853.148413 pkt/s
Packets dropped          =            66 (0.07 %)
Average loss-burst size  =           inf pkt
Error lines              =             0
----------------------------------------------------------
