ITGDec version 2.8.1 (r1023)
Compile-time options: bursty multiport
----------------------------------------------------------
Flow number: 1
From 192.168.10.7:54631
To    192.168.10.5:8999
----------------------------------------------------------
Total time               =      9.960443 s
Total packets            =           239
Minimum delay            =      0.003345 s
Maximum delay            =      0.007925 s
Average delay            =      0.003699 s
Average jitter           =      0.000183 s
Delay standard deviation =      0.000349 s
Bytes received           =         10467
Average bitrate          =      8.406855 Kbit/s
Average packet rate      =     23.994917 pkt/s
Packets dropped          =             0 (0.00 %)
Average loss-burst size  =      0.000000 pkt
----------------------------------------------------------

__________________________________________________________
****************  TOTAL RESULTS   ******************
__________________________________________________________
Number of flows          =             1
Total time               =      9.960443 s
Total packets            =           239
Minimum delay            =      0.003345 s
Maximum delay            =      0.007925 s
Average delay            =      0.003699 s
Average jitter           =      0.000183 s
Delay standard deviation =      0.000349 s
Bytes received           =         10467
Average bitrate          =      8.406855 Kbit/s
Average packet rate      =     23.994917 pkt/s
Packets dropped          =             0 (0.00 %)
Average loss-burst size  =             0 pkt
Error lines              =             0
----------------------------------------------------------
