ITGDec version 2.8.1 (r1023)
Compile-time options: bursty multiport
----------------------------------------------------------
Flow number: 1
From 192.168.10.7:46111
To    192.168.10.5:8999
----------------------------------------------------------
Total time               =      9.996751 s
Total packets            =        166646
Minimum delay            =      0.000002 s
Maximum delay            =      1.000093 s
Average delay            =      0.002526 s
Average jitter           =      0.000135 s
Delay standard deviation =      0.049961 s
Bytes received           =      10665344
Average bitrate          =   8535.048237 Kbit/s
Average packet rate      =  16670.016088 pkt/s
Packets dropped          =             0 (0.00 %)
Average loss-burst size  =      0.000000 pkt
----------------------------------------------------------

__________________________________________________________
****************  TOTAL RESULTS   ******************
__________________________________________________________
Number of flows          =             1
Total time               =      9.996751 s
Total packets            =        166646
Minimum delay            =      0.000002 s
Maximum delay            =      1.000093 s
Average delay            =      0.002526 s
Average jitter           =      0.000135 s
Delay standard deviation =      0.049961 s
Bytes received           =      10665344
Average bitrate          =   8535.048237 Kbit/s
Average packet rate      =  16670.016088 pkt/s
Packets dropped          =             0 (0.00 %)
Average loss-burst size  =             0 pkt
Error lines              =             0
----------------------------------------------------------
