ITGDec version 2.8.1 (r1023)
Compile-time options: bursty multiport
----------------------------------------------------------
Flow number: 1
From 192.168.10.7:52463
To    192.168.10.5:8999
----------------------------------------------------------
Total time               =      9.996188 s
Total packets            =        167200
Minimum delay            =      0.000002 s
Maximum delay            =      1.000082 s
Average delay            =      0.002380 s
Average jitter           =      0.000134 s
Delay standard deviation =      0.048486 s
Bytes received           =      10700800
Average bitrate          =   8563.904560 Kbit/s
Average packet rate      =  16726.376095 pkt/s
Packets dropped          =             0 (0.00 %)
Average loss-burst size  =      0.000000 pkt
----------------------------------------------------------

__________________________________________________________
****************  TOTAL RESULTS   ******************
__________________________________________________________
Number of flows          =             1
Total time               =      9.996188 s
Total packets            =        167200
Minimum delay            =      0.000002 s
Maximum delay            =      1.000082 s
Average delay            =      0.002380 s
Average jitter           =      0.000134 s
Delay standard deviation =      0.048486 s
Bytes received           =      10700800
Average bitrate          =   8563.904560 Kbit/s
Average packet rate      =  16726.376095 pkt/s
Packets dropped          =             0 (0.00 %)
Average loss-burst size  =             0 pkt
Error lines              =             0
----------------------------------------------------------
