ITGDec version 2.8.1 (r1023)
Compile-time options: bursty multiport
----------------------------------------------------------
Flow number: 1
From 192.168.10.7:48340
To    192.168.10.5:8999
----------------------------------------------------------
Total time               =     10.008435 s
Total packets            =         65584
Minimum delay            =      0.000003 s
Maximum delay            =      1.000196 s
Average delay            =      0.019250 s
Average jitter           =      0.000343 s
Delay standard deviation =      0.136946 s
Bytes received           =      33579008
Average bitrate          =  26840.566382 Kbit/s
Average packet rate      =   6552.872652 pkt/s
Packets dropped          =            13 (0.02 %)
Average loss-burst size  =      0.000000 pkt
----------------------------------------------------------

__________________________________________________________
****************  TOTAL RESULTS   ******************
__________________________________________________________
Number of flows          =             1
Total time               =     10.008435 s
Total packets            =         65584
Minimum delay            =      0.000003 s
Maximum delay            =      1.000196 s
Average delay            =      0.019250 s
Average jitter           =      0.000343 s
Delay standard deviation =      0.136946 s
Bytes received           =      33579008
Average bitrate          =  26840.566382 Kbit/s
Average packet rate      =   6552.872652 pkt/s
Packets dropped          =            13 (0.02 %)
Average loss-burst size  =      0.000000 pkt
Error lines              =             0
----------------------------------------------------------
