ITGDec version 2.8.1 (r1023)
Compile-time options: bursty multiport
----------------------------------------------------------
Flow number: 1
From 192.168.10.7:58865
To    192.168.10.5:8999
----------------------------------------------------------
Total time               =     10.171306 s
Total packets            =         35552
Minimum delay            =      0.000004 s
Maximum delay            =      1.000300 s
Average delay            =      0.235739 s
Average jitter           =      0.000628 s
Delay standard deviation =      0.416594 s
Bytes received           =      36405248
Average bitrate          =  28633.686176 Kbit/s
Average packet rate      =   3495.323019 pkt/s
Packets dropped          =          2891 (7.52 %)
Average loss-burst size  =      1.204583 pkt
----------------------------------------------------------

__________________________________________________________
****************  TOTAL RESULTS   ******************
__________________________________________________________
Number of flows          =             1
Total time               =     10.171306 s
Total packets            =         35552
Minimum delay            =      0.000004 s
Maximum delay            =      1.000300 s
Average delay            =      0.235739 s
Average jitter           =      0.000628 s
Delay standard deviation =      0.416594 s
Bytes received           =      36405248
Average bitrate          =  28633.686176 Kbit/s
Average packet rate      =   3495.323019 pkt/s
Packets dropped          =          2891 (7.52 %)
Average loss-burst size  =      1.204583 pkt
Error lines              =             0
----------------------------------------------------------
