ITGDec version 2.8.1 (r1023)
Compile-time options: bursty multiport
----------------------------------------------------------
Flow number: 1
From 192.168.10.7:35495
To    192.168.10.5:8999
----------------------------------------------------------
Total time               =     10.002527 s
Total packets            =        129876
Minimum delay            =      0.000003 s
Maximum delay            =      1.000102 s
Average delay            =      0.002466 s
Average jitter           =      0.000176 s
Delay standard deviation =      0.049189 s
Bytes received           =      16624128
Average bitrate          =  13295.942515 Kbit/s
Average packet rate      =  12984.318863 pkt/s
Packets dropped          =           128 (0.10 %)
Average loss-burst size  =      0.000000 pkt
----------------------------------------------------------

__________________________________________________________
****************  TOTAL RESULTS   ******************
__________________________________________________________
Number of flows          =             1
Total time               =     10.002527 s
Total packets            =        129876
Minimum delay            =      0.000003 s
Maximum delay            =      1.000102 s
Average delay            =      0.002466 s
Average jitter           =      0.000176 s
Delay standard deviation =      0.049189 s
Bytes received           =      16624128
Average bitrate          =  13295.942515 Kbit/s
Average packet rate      =  12984.318863 pkt/s
Packets dropped          =           128 (0.10 %)
Average loss-burst size  =      0.000000 pkt
Error lines              =             0
----------------------------------------------------------
