ITGDec version 2.8.1 (r1023)
Compile-time options: bursty multiport
----------------------------------------------------------
Flow number: 1
From 192.168.10.7:43263
To    192.168.10.5:8999
----------------------------------------------------------
Total time               =     10.176693 s
Total packets            =         35481
Minimum delay            =      0.000003 s
Maximum delay            =      1.000877 s
Average delay            =      0.246158 s
Average jitter           =      0.000634 s
Delay standard deviation =      0.422693 s
Bytes received           =      36332544
Average bitrate          =  28561.375685 Kbit/s
Average packet rate      =   3486.496055 pkt/s
Packets dropped          =          3054 (7.93 %)
Average loss-burst size  =      1.222578 pkt
----------------------------------------------------------

__________________________________________________________
****************  TOTAL RESULTS   ******************
__________________________________________________________
Number of flows          =             1
Total time               =     10.176693 s
Total packets            =         35481
Minimum delay            =      0.000003 s
Maximum delay            =      1.000877 s
Average delay            =      0.246158 s
Average jitter           =      0.000634 s
Delay standard deviation =      0.422693 s
Bytes received           =      36332544
Average bitrate          =  28561.375685 Kbit/s
Average packet rate      =   3486.496055 pkt/s
Packets dropped          =          3054 (7.93 %)
Average loss-burst size  =      1.222578 pkt
Error lines              =             0
----------------------------------------------------------
