ITGDec version 2.8.1 (r1023)
Compile-time options: bursty multiport
----------------------------------------------------------
Flow number: 1
From 192.168.10.7:41905
To    192.168.10.5:8999
----------------------------------------------------------
Total time               =     10.009608 s
Total packets            =         65519
Minimum delay            =      0.000004 s
Maximum delay            =      1.000181 s
Average delay            =      0.022583 s
Average jitter           =      0.000343 s
Delay standard deviation =      0.148143 s
Bytes received           =      33545728
Average bitrate          =  26810.822562 Kbit/s
Average packet rate      =   6545.610977 pkt/s
Packets dropped          =            64 (0.10 %)
Average loss-burst size  =     32.000000 pkt
----------------------------------------------------------

__________________________________________________________
****************  TOTAL RESULTS   ******************
__________________________________________________________
Number of flows          =             1
Total time               =     10.009608 s
Total packets            =         65519
Minimum delay            =      0.000004 s
Maximum delay            =      1.000181 s
Average delay            =      0.022583 s
Average jitter           =      0.000343 s
Delay standard deviation =      0.148143 s
Bytes received           =      33545728
Average bitrate          =  26810.822562 Kbit/s
Average packet rate      =   6545.610977 pkt/s
Packets dropped          =            64 (0.10 %)
Average loss-burst size  =     32.000000 pkt
Error lines              =             0
----------------------------------------------------------
