ITGDec version 2.8.1 (r1023)
Compile-time options: bursty multiport
----------------------------------------------------------
Flow number: 1
From 192.168.10.7:57205
To    192.168.10.5:8999
----------------------------------------------------------
Total time               =     10.171017 s
Total packets            =         35415
Minimum delay            =      0.000003 s
Maximum delay            =      1.000613 s
Average delay            =      0.247637 s
Average jitter           =      0.000635 s
Delay standard deviation =      0.423897 s
Bytes received           =      36264960
Average bitrate          =  28524.156434 Kbit/s
Average packet rate      =   3481.952690 pkt/s
Packets dropped          =          3143 (8.15 %)
Average loss-burst size  =      1.234001 pkt
----------------------------------------------------------

__________________________________________________________
****************  TOTAL RESULTS   ******************
__________________________________________________________
Number of flows          =             1
Total time               =     10.171017 s
Total packets            =         35415
Minimum delay            =      0.000003 s
Maximum delay            =      1.000613 s
Average delay            =      0.247637 s
Average jitter           =      0.000635 s
Delay standard deviation =      0.423897 s
Bytes received           =      36264960
Average bitrate          =  28524.156434 Kbit/s
Average packet rate      =   3481.952690 pkt/s
Packets dropped          =          3143 (8.15 %)
Average loss-burst size  =      1.234001 pkt
Error lines              =             0
----------------------------------------------------------
