ITGDec version 2.8.1 (r1023)
Compile-time options: bursty multiport
----------------------------------------------------------
Flow number: 1
From 192.168.10.7:60821
To    192.168.10.5:8999
----------------------------------------------------------
Total time               =     10.004541 s
Total packets            =        165464
Minimum delay            =      0.000002 s
Maximum delay            =      1.000095 s
Average delay            =      0.006311 s
Average jitter           =      0.000136 s
Delay standard deviation =      0.078955 s
Bytes received           =      10589696
Average bitrate          =   8467.911521 Kbit/s
Average packet rate      =  16538.889690 pkt/s
Packets dropped          =          2318 (1.38 %)
Average loss-burst size  =      0.000001 pkt
----------------------------------------------------------

__________________________________________________________
****************  TOTAL RESULTS   ******************
__________________________________________________________
Number of flows          =             1
Total time               =     10.004541 s
Total packets            =        165464
Minimum delay            =      0.000002 s
Maximum delay            =      1.000095 s
Average delay            =      0.006311 s
Average jitter           =      0.000136 s
Delay standard deviation =      0.078955 s
Bytes received           =      10589696
Average bitrate          =   8467.911521 Kbit/s
Average packet rate      =  16538.889690 pkt/s
Packets dropped          =          2318 (1.38 %)
Average loss-burst size  =      0.000001 pkt
Error lines              =             0
----------------------------------------------------------
