ITGDec version 2.8.1 (r1023)
Compile-time options: bursty multiport
----------------------------------------------------------
Flow number: 1
From 192.168.10.7:59443
To    192.168.10.5:8999
----------------------------------------------------------
Total time               =     10.182906 s
Total packets            =         35474
Minimum delay            =      0.000004 s
Maximum delay            =      1.000340 s
Average delay            =      0.268584 s
Average jitter           =      0.000635 s
Delay standard deviation =      0.434948 s
Bytes received           =      36325376
Average bitrate          =  28538.317844 Kbit/s
Average packet rate      =   3483.681377 pkt/s
Packets dropped          =          3069 (7.96 %)
Average loss-burst size  =      1.210651 pkt
----------------------------------------------------------

__________________________________________________________
****************  TOTAL RESULTS   ******************
__________________________________________________________
Number of flows          =             1
Total time               =     10.182906 s
Total packets            =         35474
Minimum delay            =      0.000004 s
Maximum delay            =      1.000340 s
Average delay            =      0.268584 s
Average jitter           =      0.000635 s
Delay standard deviation =      0.434948 s
Bytes received           =      36325376
Average bitrate          =  28538.317844 Kbit/s
Average packet rate      =   3483.681377 pkt/s
Packets dropped          =          3069 (7.96 %)
Average loss-burst size  =      1.210651 pkt
Error lines              =             0
----------------------------------------------------------
