ITGDec version 2.8.1 (r1023)
Compile-time options: bursty multiport
----------------------------------------------------------
Flow number: 1
From 192.168.10.7:36839
To    192.168.10.5:8999
----------------------------------------------------------
Total time               =     10.173726 s
Total packets            =         35481
Minimum delay            =      0.000005 s
Maximum delay            =      1.000526 s
Average delay            =      0.265338 s
Average jitter           =      0.000633 s
Delay standard deviation =      0.433722 s
Bytes received           =      36332544
Average bitrate          =  28569.705140 Kbit/s
Average packet rate      =   3487.512835 pkt/s
Packets dropped          =          3052 (7.92 %)
Average loss-burst size  =      1.229654 pkt
----------------------------------------------------------

__________________________________________________________
****************  TOTAL RESULTS   ******************
__________________________________________________________
Number of flows          =             1
Total time               =     10.173726 s
Total packets            =         35481
Minimum delay            =      0.000005 s
Maximum delay            =      1.000526 s
Average delay            =      0.265338 s
Average jitter           =      0.000633 s
Delay standard deviation =      0.433722 s
Bytes received           =      36332544
Average bitrate          =  28569.705140 Kbit/s
Average packet rate      =   3487.512835 pkt/s
Packets dropped          =          3052 (7.92 %)
Average loss-burst size  =      1.229654 pkt
Error lines              =             0
----------------------------------------------------------
