ITGDec version 2.8.1 (r1023)
Compile-time options: bursty multiport
----------------------------------------------------------
Flow number: 1
From 192.168.10.7:33774
To    192.168.10.5:8999
----------------------------------------------------------
Total time               =      9.998044 s
Total packets            =         98523
Minimum delay            =      0.000003 s
Maximum delay            =      1.000103 s
Average delay            =      0.003272 s
Average jitter           =      0.000224 s
Delay standard deviation =      0.056721 s
Bytes received           =      25221888
Average bitrate          =  20181.457893 Kbit/s
Average packet rate      =   9854.227487 pkt/s
Packets dropped          =            37 (0.04 %)
Average loss-burst size  =     18.500000 pkt
----------------------------------------------------------

__________________________________________________________
****************  TOTAL RESULTS   ******************
__________________________________________________________
Number of flows          =             1
Total time               =      9.998044 s
Total packets            =         98523
Minimum delay            =      0.000003 s
Maximum delay            =      1.000103 s
Average delay            =      0.003272 s
Average jitter           =      0.000224 s
Delay standard deviation =      0.056721 s
Bytes received           =      25221888
Average bitrate          =  20181.457893 Kbit/s
Average packet rate      =   9854.227487 pkt/s
Packets dropped          =            37 (0.04 %)
Average loss-burst size  =     18.500000 pkt
Error lines              =             0
----------------------------------------------------------
