ITGDec version 2.8.1 (r1023)
Compile-time options: bursty multiport
----------------------------------------------------------
Flow number: 1
From 192.168.10.7:32961
To    192.168.10.5:8999
----------------------------------------------------------
Total time               =     10.169461 s
Total packets            =         35576
Minimum delay            =      0.000003 s
Maximum delay            =      1.000768 s
Average delay            =      0.244489 s
Average jitter           =      0.000614 s
Delay standard deviation =      0.422004 s
Bytes received           =      36429824
Average bitrate          =  28658.214236 Kbit/s
Average packet rate      =   3498.317167 pkt/s
Packets dropped          =          2825 (7.36 %)
Average loss-burst size  =      1.218197 pkt
----------------------------------------------------------

__________________________________________________________
****************  TOTAL RESULTS   ******************
__________________________________________________________
Number of flows          =             1
Total time               =     10.169461 s
Total packets            =         35576
Minimum delay            =      0.000003 s
Maximum delay            =      1.000768 s
Average delay            =      0.244489 s
Average jitter           =      0.000614 s
Delay standard deviation =      0.422004 s
Bytes received           =      36429824
Average bitrate          =  28658.214236 Kbit/s
Average packet rate      =   3498.317167 pkt/s
Packets dropped          =          2825 (7.36 %)
Average loss-burst size  =      1.218197 pkt
Error lines              =             0
----------------------------------------------------------
