ITGDec version 2.8.1 (r1023)
Compile-time options: bursty multiport
----------------------------------------------------------
Flow number: 1
From 192.168.10.7:60884
To    192.168.10.5:8999
----------------------------------------------------------
Total time               =     10.008057 s
Total packets            =         65555
Minimum delay            =      0.000003 s
Maximum delay            =      1.000184 s
Average delay            =      0.020031 s
Average jitter           =      0.000343 s
Delay standard deviation =      0.139678 s
Bytes received           =      33564160
Average bitrate          =  26829.711302 Kbit/s
Average packet rate      =   6550.222486 pkt/s
Packets dropped          =            14 (0.02 %)
Average loss-burst size  =      7.000000 pkt
----------------------------------------------------------

__________________________________________________________
****************  TOTAL RESULTS   ******************
__________________________________________________________
Number of flows          =             1
Total time               =     10.008057 s
Total packets            =         65555
Minimum delay            =      0.000003 s
Maximum delay            =      1.000184 s
Average delay            =      0.020031 s
Average jitter           =      0.000343 s
Delay standard deviation =      0.139678 s
Bytes received           =      33564160
Average bitrate          =  26829.711302 Kbit/s
Average packet rate      =   6550.222486 pkt/s
Packets dropped          =            14 (0.02 %)
Average loss-burst size  =      7.000000 pkt
Error lines              =             0
----------------------------------------------------------
