ITGDec version 2.8.1 (r1023)
Compile-time options: bursty multiport
----------------------------------------------------------
Flow number: 1
From 192.168.10.7:40297
To    192.168.10.5:8999
----------------------------------------------------------
Total time               =     10.176412 s
Total packets            =         35501
Minimum delay            =      0.000004 s
Maximum delay            =      1.000655 s
Average delay            =      0.255273 s
Average jitter           =      0.000633 s
Delay standard deviation =      0.428046 s
Bytes received           =      36353024
Average bitrate          =  28578.264323 Kbit/s
Average packet rate      =   3488.557657 pkt/s
Packets dropped          =          3040 (7.89 %)
Average loss-burst size  =      1.223833 pkt
----------------------------------------------------------

__________________________________________________________
****************  TOTAL RESULTS   ******************
__________________________________________________________
Number of flows          =             1
Total time               =     10.176412 s
Total packets            =         35501
Minimum delay            =      0.000004 s
Maximum delay            =      1.000655 s
Average delay            =      0.255273 s
Average jitter           =      0.000633 s
Delay standard deviation =      0.428046 s
Bytes received           =      36353024
Average bitrate          =  28578.264323 Kbit/s
Average packet rate      =   3488.557657 pkt/s
Packets dropped          =          3040 (7.89 %)
Average loss-burst size  =      1.223833 pkt
Error lines              =             0
----------------------------------------------------------
