ITGDec version 2.8.1 (r1023)
Compile-time options: bursty multiport
----------------------------------------------------------
Flow number: 1
From 192.168.10.7:51451
To    192.168.10.5:8999
----------------------------------------------------------
Total time               =     10.217340 s
Total packets            =         28388
Minimum delay            =      0.000005 s
Maximum delay            =      1.000557 s
Average delay            =      0.328015 s
Average jitter           =      0.000767 s
Delay standard deviation =      0.459177 s
Bytes received           =      36336640
Average bitrate          =  28450.958860 Kbit/s
Average packet rate      =   2778.413951 pkt/s
Packets dropped          =          4000 (12.35 %)
Average loss-burst size  =      1.320568 pkt
----------------------------------------------------------

__________________________________________________________
****************  TOTAL RESULTS   ******************
__________________________________________________________
Number of flows          =             1
Total time               =     10.217340 s
Total packets            =         28388
Minimum delay            =      0.000005 s
Maximum delay            =      1.000557 s
Average delay            =      0.328015 s
Average jitter           =      0.000767 s
Delay standard deviation =      0.459177 s
Bytes received           =      36336640
Average bitrate          =  28450.958860 Kbit/s
Average packet rate      =   2778.413951 pkt/s
Packets dropped          =          4000 (12.35 %)
Average loss-burst size  =      1.320568 pkt
Error lines              =             0
----------------------------------------------------------
