ITGDec version 2.8.1 (r1023)
Compile-time options: bursty multiport
----------------------------------------------------------
Flow number: 1
From 192.168.10.7:45306
To    192.168.10.5:8999
----------------------------------------------------------
Total time               =      9.998407 s
Total packets            =        130122
Minimum delay            =      0.000002 s
Maximum delay            =      1.000094 s
Average delay            =      0.002431 s
Average jitter           =      0.000175 s
Delay standard deviation =      0.048908 s
Bytes received           =      16655616
Average bitrate          =  13326.615730 Kbit/s
Average packet rate      =  13014.273174 pkt/s
Packets dropped          =             0 (0.00 %)
Average loss-burst size  =      0.000000 pkt
----------------------------------------------------------

__________________________________________________________
****************  TOTAL RESULTS   ******************
__________________________________________________________
Number of flows          =             1
Total time               =      9.998407 s
Total packets            =        130122
Minimum delay            =      0.000002 s
Maximum delay            =      1.000094 s
Average delay            =      0.002431 s
Average jitter           =      0.000175 s
Delay standard deviation =      0.048908 s
Bytes received           =      16655616
Average bitrate          =  13326.615730 Kbit/s
Average packet rate      =  13014.273174 pkt/s
Packets dropped          =             0 (0.00 %)
Average loss-burst size  =             0 pkt
Error lines              =             0
----------------------------------------------------------
