ITGDec version 2.8.1 (r1023)
Compile-time options: bursty multiport
----------------------------------------------------------
Flow number: 1
From 192.168.10.7:50868
To    192.168.10.5:8999
----------------------------------------------------------
Total time               =     10.209642 s
Total packets            =         28375
Minimum delay            =      0.000004 s
Maximum delay            =      1.001020 s
Average delay            =      0.330570 s
Average jitter           =      0.000768 s
Delay standard deviation =      0.460615 s
Bytes received           =      36320000
Average bitrate          =  28459.372033 Kbit/s
Average packet rate      =   2779.235550 pkt/s
Packets dropped          =          3991 (12.33 %)
Average loss-burst size  =      1.318467 pkt
----------------------------------------------------------

__________________________________________________________
****************  TOTAL RESULTS   ******************
__________________________________________________________
Number of flows          =             1
Total time               =     10.209642 s
Total packets            =         28375
Minimum delay            =      0.000004 s
Maximum delay            =      1.001020 s
Average delay            =      0.330570 s
Average jitter           =      0.000768 s
Delay standard deviation =      0.460615 s
Bytes received           =      36320000
Average bitrate          =  28459.372033 Kbit/s
Average packet rate      =   2779.235550 pkt/s
Packets dropped          =          3991 (12.33 %)
Average loss-burst size  =      1.318467 pkt
Error lines              =             0
----------------------------------------------------------
