ITGDec version 2.8.1 (r1023)
Compile-time options: bursty multiport
----------------------------------------------------------
Flow number: 1
From 192.168.10.7:57220
To    192.168.10.5:8999
----------------------------------------------------------
Total time               =     10.006892 s
Total packets            =         65617
Minimum delay            =      0.000003 s
Maximum delay            =      1.000266 s
Average delay            =      0.021728 s
Average jitter           =      0.000343 s
Delay standard deviation =      0.145405 s
Bytes received           =      33595904
Average bitrate          =  26858.212520 Kbit/s
Average packet rate      =   6557.180791 pkt/s
Packets dropped          =             0 (0.00 %)
Average loss-burst size  =      0.000000 pkt
----------------------------------------------------------

__________________________________________________________
****************  TOTAL RESULTS   ******************
__________________________________________________________
Number of flows          =             1
Total time               =     10.006892 s
Total packets            =         65617
Minimum delay            =      0.000003 s
Maximum delay            =      1.000266 s
Average delay            =      0.021728 s
Average jitter           =      0.000343 s
Delay standard deviation =      0.145405 s
Bytes received           =      33595904
Average bitrate          =  26858.212520 Kbit/s
Average packet rate      =   6557.180791 pkt/s
Packets dropped          =             0 (0.00 %)
Average loss-burst size  =             0 pkt
Error lines              =             0
----------------------------------------------------------
