ITGDec version 2.8.1 (r1023)
Compile-time options: bursty multiport
----------------------------------------------------------
Flow number: 1
From 192.168.10.7:35624
To    192.168.10.5:8999
----------------------------------------------------------
Total time               =     10.009142 s
Total packets            =         65571
Minimum delay            =      0.000004 s
Maximum delay            =      1.000181 s
Average delay            =      0.020457 s
Average jitter           =      0.000342 s
Delay standard deviation =      0.141121 s
Bytes received           =      33572352
Average bitrate          =  26833.350551 Kbit/s
Average packet rate      =   6551.110974 pkt/s
Packets dropped          =            17 (0.03 %)
Average loss-burst size  =      8.500000 pkt
----------------------------------------------------------

__________________________________________________________
****************  TOTAL RESULTS   ******************
__________________________________________________________
Number of flows          =             1
Total time               =     10.009142 s
Total packets            =         65571
Minimum delay            =      0.000004 s
Maximum delay            =      1.000181 s
Average delay            =      0.020457 s
Average jitter           =      0.000342 s
Delay standard deviation =      0.141121 s
Bytes received           =      33572352
Average bitrate          =  26833.350551 Kbit/s
Average packet rate      =   6551.110974 pkt/s
Packets dropped          =            17 (0.03 %)
Average loss-burst size  =      8.500000 pkt
Error lines              =             0
----------------------------------------------------------
