ITGDec version 2.8.1 (r1023)
Compile-time options: bursty multiport
----------------------------------------------------------
Flow number: 1
From 192.168.10.7:38862
To    192.168.10.5:8999
----------------------------------------------------------
Total time               =     10.171003 s
Total packets            =         35489
Minimum delay            =      0.000005 s
Maximum delay            =      1.000566 s
Average delay            =      0.251180 s
Average jitter           =      0.000633 s
Delay standard deviation =      0.425990 s
Bytes received           =      36340736
Average bitrate          =  28583.797291 Kbit/s
Average packet rate      =   3489.233068 pkt/s
Packets dropped          =          3035 (7.88 %)
Average loss-burst size  =      1.243852 pkt
----------------------------------------------------------

__________________________________________________________
****************  TOTAL RESULTS   ******************
__________________________________________________________
Number of flows          =             1
Total time               =     10.171003 s
Total packets            =         35489
Minimum delay            =      0.000005 s
Maximum delay            =      1.000566 s
Average delay            =      0.251180 s
Average jitter           =      0.000633 s
Delay standard deviation =      0.425990 s
Bytes received           =      36340736
Average bitrate          =  28583.797291 Kbit/s
Average packet rate      =   3489.233068 pkt/s
Packets dropped          =          3035 (7.88 %)
Average loss-burst size  =      1.243852 pkt
Error lines              =             0
----------------------------------------------------------
