ITGDec version 2.8.1 (r1023)
Compile-time options: bursty multiport
----------------------------------------------------------
Flow number: 1
From 192.168.10.7:35328
To    192.168.10.5:8999
----------------------------------------------------------
Total time               =     10.213246 s
Total packets            =         28414
Minimum delay            =      0.000003 s
Maximum delay            =      1.000622 s
Average delay            =      0.327617 s
Average jitter           =      0.000799 s
Delay standard deviation =      0.459234 s
Bytes received           =      36369920
Average bitrate          =  28488.431592 Kbit/s
Average packet rate      =   2782.073398 pkt/s
Packets dropped          =          3881 (12.02 %)
Average loss-burst size  =      1.334594 pkt
----------------------------------------------------------

__________________________________________________________
****************  TOTAL RESULTS   ******************
__________________________________________________________
Number of flows          =             1
Total time               =     10.213246 s
Total packets            =         28414
Minimum delay            =      0.000003 s
Maximum delay            =      1.000622 s
Average delay            =      0.327617 s
Average jitter           =      0.000799 s
Delay standard deviation =      0.459234 s
Bytes received           =      36369920
Average bitrate          =  28488.431592 Kbit/s
Average packet rate      =   2782.073398 pkt/s
Packets dropped          =          3881 (12.02 %)
Average loss-burst size  =      1.334594 pkt
Error lines              =             0
----------------------------------------------------------
