ITGDec version 2.8.1 (r1023)
Compile-time options: bursty multiport
----------------------------------------------------------
Flow number: 1
From 192.168.10.7:44384
To    192.168.10.5:8999
----------------------------------------------------------
Total time               =     10.012872 s
Total packets            =         65621
Minimum delay            =      0.000003 s
Maximum delay            =      1.000199 s
Average delay            =      0.019429 s
Average jitter           =      0.000343 s
Delay standard deviation =      0.137495 s
Bytes received           =      33597952
Average bitrate          =  26843.808250 Kbit/s
Average packet rate      =   6553.664124 pkt/s
Packets dropped          =             9 (0.01 %)
Average loss-burst size  =      9.000000 pkt
----------------------------------------------------------

__________________________________________________________
****************  TOTAL RESULTS   ******************
__________________________________________________________
Number of flows          =             1
Total time               =     10.012872 s
Total packets            =         65621
Minimum delay            =      0.000003 s
Maximum delay            =      1.000199 s
Average delay            =      0.019429 s
Average jitter           =      0.000343 s
Delay standard deviation =      0.137495 s
Bytes received           =      33597952
Average bitrate          =  26843.808250 Kbit/s
Average packet rate      =   6553.664124 pkt/s
Packets dropped          =             9 (0.01 %)
Average loss-burst size  =      9.000000 pkt
Error lines              =             0
----------------------------------------------------------
