ITGDec version 2.8.1 (r1023)
Compile-time options: bursty multiport
----------------------------------------------------------
Flow number: 1
From 192.168.10.7:39813
To    192.168.10.5:8999
----------------------------------------------------------
Total time               =      9.997916 s
Total packets            =        129964
Minimum delay            =      0.000003 s
Maximum delay            =      1.000111 s
Average delay            =      0.002611 s
Average jitter           =      0.000175 s
Delay standard deviation =      0.050705 s
Bytes received           =      16635392
Average bitrate          =  13311.087631 Kbit/s
Average packet rate      =  12999.109014 pkt/s
Packets dropped          =            80 (0.06 %)
Average loss-burst size  =     16.000000 pkt
----------------------------------------------------------

__________________________________________________________
****************  TOTAL RESULTS   ******************
__________________________________________________________
Number of flows          =             1
Total time               =      9.997916 s
Total packets            =        129964
Minimum delay            =      0.000003 s
Maximum delay            =      1.000111 s
Average delay            =      0.002611 s
Average jitter           =      0.000175 s
Delay standard deviation =      0.050705 s
Bytes received           =      16635392
Average bitrate          =  13311.087631 Kbit/s
Average packet rate      =  12999.109014 pkt/s
Packets dropped          =            80 (0.06 %)
Average loss-burst size  =     16.000000 pkt
Error lines              =             0
----------------------------------------------------------
