ITGDec version 2.8.1 (r1023)
Compile-time options: bursty multiport
----------------------------------------------------------
Flow number: 1
From 192.168.10.7:50698
To    192.168.10.5:8999
----------------------------------------------------------
Total time               =     10.010063 s
Total packets            =         65622
Minimum delay            =      0.000004 s
Maximum delay            =      1.000170 s
Average delay            =      0.019088 s
Average jitter           =      0.000343 s
Delay standard deviation =      0.136371 s
Bytes received           =      33598464
Average bitrate          =  26851.750284 Kbit/s
Average packet rate      =   6555.603097 pkt/s
Packets dropped          =             9 (0.01 %)
Average loss-burst size  =      9.000000 pkt
----------------------------------------------------------

__________________________________________________________
****************  TOTAL RESULTS   ******************
__________________________________________________________
Number of flows          =             1
Total time               =     10.010063 s
Total packets            =         65622
Minimum delay            =      0.000004 s
Maximum delay            =      1.000170 s
Average delay            =      0.019088 s
Average jitter           =      0.000343 s
Delay standard deviation =      0.136371 s
Bytes received           =      33598464
Average bitrate          =  26851.750284 Kbit/s
Average packet rate      =   6555.603097 pkt/s
Packets dropped          =             9 (0.01 %)
Average loss-burst size  =      9.000000 pkt
Error lines              =             0
----------------------------------------------------------
