ITGDec version 2.8.1 (r1023)
Compile-time options: bursty multiport
----------------------------------------------------------
Flow number: 1
From 192.168.10.7:56438
To    192.168.10.5:8999
----------------------------------------------------------
Total time               =      9.997395 s
Total packets            =        167643
Minimum delay            =      0.000002 s
Maximum delay            =      1.000082 s
Average delay            =      0.002505 s
Average jitter           =      0.000133 s
Delay standard deviation =      0.049752 s
Bytes received           =      10729152
Average bitrate          =   8585.558138 Kbit/s
Average packet rate      =  16768.668238 pkt/s
Packets dropped          =          6432 (3.69 %)
Average loss-burst size  =      6.244660 pkt
----------------------------------------------------------

__________________________________________________________
****************  TOTAL RESULTS   ******************
__________________________________________________________
Number of flows          =             1
Total time               =      9.997395 s
Total packets            =        167643
Minimum delay            =      0.000002 s
Maximum delay            =      1.000082 s
Average delay            =      0.002505 s
Average jitter           =      0.000133 s
Delay standard deviation =      0.049752 s
Bytes received           =      10729152
Average bitrate          =   8585.558138 Kbit/s
Average packet rate      =  16768.668238 pkt/s
Packets dropped          =          6432 (3.69 %)
Average loss-burst size  =      6.244660 pkt
Error lines              =             0
----------------------------------------------------------
