240.0 0.001454 0.002858 0.001642 8.9e-05 8.145767 24.014644 0.0
218.0 0.00143 0.012898 0.001771 0.000331 7.626904 21.856466 0.0
239.0 0.001428 0.007612 0.001691 0.000179 8.333984 23.949381 0.0
240.0 0.00145 0.008237 0.001728 0.000271 8.510018 24.028286 0.0
233.0 0.001457 0.013116 0.001755 0.000319 8.202316 23.320233 0.0
233.0 0.001466 0.011973 0.001724 0.000264 8.186664 23.316702 0.0
149.0 0.001454 0.010572 0.001733 0.000265 8.504965 24.366249 0.0
240.0 0.001357 0.012577 0.001678 0.000176 8.307664 24.003651 0.0
240.0 0.001493 0.003587 0.001663 9.9e-05 8.601449 24.028633 0.0
211.0 0.001437 0.010453 0.0017 0.0002 8.422894 23.892647 0.0
239.0 0.001465 0.00891 0.001697 0.000183 8.237018 23.970478 0.0
173.0 0.001475 0.006852 0.001734 0.000278 6.174659 17.341168 0.0
207.0 0.001465 0.008744 0.001679 0.000164 7.150424 20.774447 0.0
234.0 0.001466 0.010337 0.001786 0.000367 8.220574 23.477035 0.0
231.0 0.001453 0.004898 0.001676 0.000135 8.131019 23.15416 0.0
236.0 0.001446 0.008546 0.001711 0.000227 8.346181 23.633358 0.0
237.0 0.001447 0.007908 0.001692 0.000201 8.329442 23.715496 0.0
218.0 0.001408 0.006857 0.001671 0.000151 7.653996 21.876588 0.0
242.0 0.0014 0.003553 0.001648 0.000107 8.474812 24.279104 0.0
239.0 0.00144 0.00262 0.001621 7.2e-05 8.443041 23.944925 0.0
222.0 0.00144 0.010296 0.001682 0.000219 7.687387 22.2817 0.0
233.0 0.00138 0.010021 0.001721 0.000259 8.131833 23.313282 0.0
153.0 0.001483 0.007391 0.001703 0.000204 6.287679 17.950718 0.0
243.0 0.001469 0.003914 0.001659 0.00011 8.622716 24.373256 0.0
238.0 0.001484 0.005651 0.001671 0.000133 8.386233 23.895261 0.0
237.0 0.001446 0.024001 0.001789 0.000375 8.314185 23.745082 0.0
240.0 0.001459 0.005424 0.001662 0.000125 8.593607 24.047029 0.0
241.0 0.001433 0.011162 0.001697 0.000212 8.647337 24.201137 0.0
238.0 0.001468 0.010862 0.00169 0.000177 8.268911 23.848773 0.0
219.0 0.001476 0.009356 0.001688 0.000179 7.547849 21.962413 0.0
237.0 0.001465 0.00666 0.001718 0.000223 8.31251 23.712864 0.0
241.0 0.001489 0.006021 0.001657 0.000124 8.307626 24.126793 0.0
243.0 0.001476 0.009493 0.001713 0.000229 8.490291 24.338674 0.0
237.0 0.001479 0.009973 0.001726 0.000256 8.322271 23.772759 0.0
235.0 0.001444 0.012617 0.001776 0.00036 8.159963 23.585448 0.0
223.0 0.001447 0.006296 0.001671 0.000165 7.734045 22.359106 0.0
236.0 0.001426 0.010491 0.001727 0.000252 8.268739 23.604393 0.0
237.0 0.001429 0.004255 0.001659 0.000125 8.025781 23.778755 0.0
223.0 0.001409 0.007092 0.001676 0.00015 7.731993 22.385677 0.0
236.0 0.00143 0.005689 0.001675 0.000129 8.26507 23.641962 0.0
241.0 0.001465 0.005624 0.001679 0.000173 8.384844 24.201727 0.0
240.0 0.00142 0.011784 0.001683 0.000189 8.368221 24.044309 0.0
241.0 0.001495 0.010647 0.001791 0.000298 8.43533 24.136997 0.0
240.0 0.001487 0.013012 0.001742 0.000273 8.533245 24.07574 0.0
238.0 0.001405 0.012256 0.001713 0.000212 8.344977 23.811918 0.0
230.0 0.001449 0.005699 0.00168 0.000182 8.073762 23.043846 0.0
238.0 0.001443 0.011344 0.001687 0.000175 8.049435 23.880204 0.0
241.0 0.00139 0.010956 0.001799 0.000386 8.349363 24.152541 0.0
242.0 0.001409 0.006573 0.001709 0.000211 8.370632 24.216872 0.0
235.0 0.001485 0.006235 0.001682 0.000162 8.148997 23.505183 0.0
227.0 0.001372 0.010045 0.001727 0.000236 7.957482 22.704228 0.0
238.0 0.00145 0.005659 0.001672 0.000152 8.216077 23.893284 0.0
239.0 0.001415 0.005726 0.00169 0.00019 8.394891 23.942469 0.0
235.0 0.001461 0.002506 0.001639 8.4e-05 8.331217 23.592933 0.0
239.0 0.001473 0.010531 0.001701 0.000185 8.254361 23.983566 0.0
237.0 0.001419 0.009735 0.001672 0.000145 8.272907 23.76235 0.0
235.0 0.001367 0.006367 0.001647 0.000134 8.243229 23.543497 0.0
237.0 0.00144 0.008169 0.00172 0.000257 8.329211 23.755933 0.0
180.0 0.001471 0.008724 0.001694 0.000184 8.134169 23.802679 0.0
239.0 0.001439 0.012215 0.001716 0.000253 8.323995 23.946015 0.0
239.0 0.00145 0.005732 0.001662 0.000123 8.259853 23.938989 0.0
235.0 0.001437 0.008267 0.001685 0.000176 8.217328 23.531294 0.0
228.0 0.001323 0.009231 0.001673 0.000166 7.856684 22.855516 0.0
240.0 0.001414 0.012235 0.001756 0.000323 8.40943 24.081987 0.0
239.0 0.001379 0.012218 0.001747 0.000318 8.225882 23.940402 0.0
240.0 0.001443 0.005742 0.001693 0.000201 8.372052 24.002443 0.0
201.0 0.001413 0.006933 0.00168 0.000184 7.084636 20.154152 0.0
231.0 0.001451 0.009278 0.001696 0.000182 8.221773 23.136507 0.0
210.0 0.001472 0.008787 0.00173 0.000261 7.242 21.049996 0.0
242.0 0.001475 0.007413 0.001766 0.00028 8.569633 24.272604 0.0
240.0 0.001471 0.00912 0.00178 0.000298 8.199626 24.043473 0.0
240.0 0.001463 0.011928 0.001831 0.000384 8.42099 24.046231 0.0
229.0 0.001462 0.003008 0.001652 8.9e-05 8.116849 22.986228 0.0
239.0 0.001478 0.010741 0.001716 0.000204 8.178032 23.966913 0.0
213.0 0.00139 0.006083 0.001667 0.000135 7.374517 21.351296 0.0
224.0 0.001432 0.002744 0.001647 0.000111 7.827767 22.433725 0.0
241.0 0.00131 0.003167 0.001642 0.000115 8.541743 24.147897 0.0
240.0 0.001433 0.008585 0.001679 0.000175 8.449258 24.046841 0.0
239.0 0.001406 0.008503 0.00169 0.000198 8.371962 23.959419 0.0
243.0 0.001471 0.003828 0.001654 9.9e-05 8.453227 24.324249 0.0
218.0 0.001374 0.002596 0.001652 0.000109 7.557382 21.882761 0.0
240.0 0.001401 0.006551 0.001682 0.000176 8.147115 24.044608 0.0
245.0 0.00148 0.006135 0.001681 0.000158 8.517874 24.535355 0.0
237.0 0.00147 0.008229 0.001686 0.000172 8.229511 23.796901 0.0
225.0 0.001479 0.011686 0.001762 0.00031 7.787918 22.56699 0.0
241.0 0.001487 0.007961 0.00173 0.000251 8.539292 24.143236 0.0
228.0 0.001436 0.00524 0.001673 0.000165 8.11331 22.853264 0.0
239.0 0.001423 0.009147 0.001734 0.000275 8.374719 23.955834 0.0
239.0 0.001459 0.007229 0.001692 0.000199 8.42051 23.976624 0.0
244.0 0.001453 0.009366 0.001681 0.000179 8.601557 24.418047 0.0
239.0 0.001376 0.006332 0.001695 0.000222 8.39429 23.908801 0.0
240.0 0.001413 0.002406 0.001643 0.000106 8.413362 24.095548 0.0
239.0 0.001412 0.009306 0.001708 0.000236 8.309783 23.95819 0.0
239.0 0.001449 0.012005 0.001679 0.000181 8.312126 23.985778 0.0
236.0 0.000523 0.002626 0.001638 8.5e-05 8.312166 23.634592 0.0
243.0 0.001357 0.007814 0.001693 0.000173 8.424172 24.323596 0.0
239.0 0.001439 0.009704 0.001728 0.000222 8.35488 23.988665 0.0
229.0 0.001478 0.004964 0.001721 0.000159 8.073307 22.983432 0.0
233.0 0.001431 0.006943 0.001664 0.00013 8.254638 23.402738 0.0
239.0 0.00139 0.014146 0.001738 0.000276 8.472841 23.956665 0.0
