6.0 0.001697 0.002019 0.001843 0.0002 0.975622 0.671299 0.0
6.0 0.001831 0.002195 0.001964 0.000201 1.049901 0.671292 0.0
6.0 0.001621 0.002029 0.001891 0.00017 1.151981 0.671317 0.0
6.0 0.001688 0.002186 0.001905 0.000204 1.190451 0.671307 0.0
6.0 0.001849 0.002001 0.001924 4e-05 1.12509 0.671294 0.0
6.0 0.001626 0.00208 0.001906 0.000166 1.136756 0.671313 0.0
6.0 0.001609 0.002028 0.001875 0.000264 1.259381 0.671312 0.0
6.0 0.001564 0.002287 0.001935 0.000393 0.921876 0.671269 0.0
6.0 0.001756 0.001996 0.001857 0.000142 1.08572 0.671303 0.0
6.0 0.001678 0.011824 0.003474 0.002133 1.13799 0.672042 0.0
6.0 0.001757 0.001992 0.00191 0.000107 1.040971 0.671306 0.0
6.0 0.001637 0.001932 0.001802 0.000113 0.972944 0.671305 0.0
6.0 0.001387 0.002015 0.001861 0.000326 1.128675 0.671298 0.0
6.0 0.001754 0.002045 0.001873 9.7e-05 1.221794 0.671316 0.0
6.0 0.001695 0.001968 0.001847 0.000124 1.081251 0.671307 0.0
6.0 0.001782 0.001988 0.0019 7.9e-05 0.92908 0.671301 0.0
6.0 0.001682 0.002261 0.001883 0.000297 1.051732 0.671319 0.0
6.0 0.001627 0.002089 0.001797 0.000213 1.131335 0.671283 0.0
6.0 0.001695 0.002042 0.001867 0.000209 1.250447 0.671321 0.0
6.0 0.001796 0.002255 0.001993 0.000269 1.28799 0.671294 0.0
6.0 0.001732 0.002042 0.001863 0.000165 1.109011 0.671314 0.0
6.0 0.001717 0.002094 0.001914 0.000159 1.211039 0.671308 0.0
6.0 0.001765 0.001989 0.001853 0.000107 0.861962 0.67131 0.0
6.0 0.001688 0.002092 0.001892 0.000186 1.251307 0.671302 0.0
6.0 0.001622 0.002019 0.001868 0.000189 0.93539 0.671333 0.0
6.0 0.001687 0.002107 0.001918 0.000208 1.241463 0.671303 0.0
6.0 0.001819 0.002094 0.001929 0.000148 1.043663 0.67131 0.0
6.0 0.001782 0.002078 0.001959 0.000194 1.32284 0.671265 0.0
6.0 0.001776 0.002045 0.001872 0.000189 0.993533 0.671306 0.0
6.0 0.001785 0.002046 0.001913 9.1e-05 1.241474 0.671309 0.0
6.0 0.001771 0.002135 0.001935 0.0003 1.122349 0.671261 0.0
6.0 0.001673 0.002045 0.001833 0.000161 0.880839 0.671371 0.0
6.0 0.001582 0.002008 0.001876 0.000152 1.047268 0.671326 0.0
6.0 0.00183 0.002104 0.001982 0.000175 1.20652 0.671283 0.0
6.0 0.001689 0.002147 0.001977 0.00022 1.110772 0.671297 0.0
6.0 0.001745 0.002091 0.001937 0.000164 1.229819 0.671299 0.0
6.0 0.001774 0.002029 0.0019 9.3e-05 1.015015 0.671306 0.0
6.0 0.001702 0.010881 0.003346 0.003683 0.993534 0.671307 0.0
6.0 0.001824 0.002066 0.001898 9.6e-05 1.078551 0.671297 0.0
6.0 0.001758 0.002089 0.001929 0.000196 1.129558 0.671291 0.0
6.0 0.001763 0.002097 0.001902 0.000157 1.287084 0.671288 0.0
6.0 0.001656 0.00202 0.001838 0.000165 1.160001 0.671297 0.0
6.0 0.001627 0.002031 0.001855 0.000242 1.101083 0.671392 0.0
6.0 0.001791 0.002002 0.001943 0.000119 0.927289 0.6713 0.0
6.0 0.001714 0.002008 0.001837 0.000147 1.030251 0.671319 0.0
6.0 0.001611 0.002259 0.001856 0.000337 1.030238 0.67131 0.0
6.0 0.001714 0.001961 0.001838 0.000115 0.914746 0.671291 0.0
6.0 0.001699 0.007363 0.002747 0.002231 0.920116 0.671291 0.0
6.0 0.001661 0.005395 0.00246 0.000824 1.269745 0.671586 0.0
6.0 0.001755 0.001895 0.001822 8.3e-05 1.025751 0.671303 0.0
6.0 0.001749 0.001954 0.00187 7.8e-05 0.943401 0.6713 0.0
6.0 0.001849 0.002114 0.001939 9.7e-05 1.165419 0.671324 0.0
6.0 0.001829 0.002023 0.00191 8.5e-05 1.278149 0.671297 0.0
6.0 0.00165 0.002043 0.00186 0.000161 1.104492 0.671288 0.0
6.0 0.001799 0.011894 0.003574 0.004011 1.308558 0.671285 0.0
6.0 0.001576 0.002143 0.001854 0.000219 1.026636 0.671297 0.0
6.0 0.0017 0.002109 0.001913 0.000242 0.980134 0.671325 0.0
6.0 0.001746 0.002115 0.001961 0.000162 1.159074 0.671278 0.0
6.0 0.00175 0.00239 0.001998 0.000294 1.062431 0.671292 0.0
6.0 0.001725 0.002147 0.001858 0.000248 0.830628 0.671305 0.0
6.0 0.001777 0.001887 0.00183 4.8e-05 0.997111 0.671304 0.0
6.0 0.001684 0.002157 0.001963 0.000255 1.127651 0.670688 0.0
6.0 0.001717 0.001951 0.001873 0.000107 1.236662 0.671126 0.0
6.0 0.001674 0.002009 0.001858 0.00021 1.135842 0.671301 0.0
6.0 0.001749 0.002106 0.001938 0.000154 1.161849 0.671331 0.0
6.0 0.001722 0.00204 0.001871 0.000153 1.205631 0.671287 0.0
6.0 0.001774 0.001982 0.00185 0.000129 1.092003 0.671313 0.0
6.0 0.001819 0.002084 0.001906 5.8e-05 1.233431 0.671316 0.0
6.0 0.001795 0.001988 0.001878 7.9e-05 1.160899 0.671299 0.0
6.0 0.001765 0.002036 0.001877 0.000146 1.041928 0.671346 0.0
6.0 0.001762 0.002197 0.001958 0.00013 1.275504 0.671318 0.0
6.0 0.001788 0.00219 0.001911 0.000209 1.236993 0.671306 0.0
6.0 0.001768 0.00201 0.001897 0.00016 1.117031 0.671293 0.0
6.0 0.001638 0.002031 0.001873 0.000162 1.016801 0.671304 0.0
6.0 0.001608 0.002259 0.001925 0.000333 1.211049 0.671313 0.0
6.0 0.001726 0.00211 0.001957 0.000142 1.089306 0.671306 0.0
6.0 0.00168 0.002033 0.001802 0.00013 0.970273 0.671314 0.0
6.0 0.001688 0.002162 0.001922 0.000189 1.079417 0.671279 0.0
6.0 0.001767 0.002186 0.001944 0.000209 1.357679 0.671232 0.0
6.0 0.00158 0.002212 0.001862 0.000222 1.237842 0.671281 0.0
6.0 0.001761 0.002046 0.00191 9.6e-05 1.369463 0.671306 0.0
6.0 0.001731 0.002055 0.0019 0.000188 1.310371 0.671297 0.0
6.0 0.001699 0.002194 0.001905 0.000302 0.845875 0.671329 0.0
6.0 0.001837 0.013512 0.003857 0.002424 1.078943 0.670429 0.0
6.0 0.001516 0.002153 0.001807 0.000315 0.990806 0.670672 0.0
6.0 0.001555 0.003073 0.001971 0.000386 1.172399 0.671221 0.0
6.0 0.001774 0.001842 0.001811 2.4e-05 1.18239 0.671304 0.0
6.0 0.00161 0.002056 0.001822 0.000246 1.071398 0.671302 0.0
6.0 0.001795 0.002087 0.001946 0.00011 1.228056 0.671313 0.0
6.0 0.00173 0.002032 0.001891 0.000113 1.141228 0.671311 0.0
6.0 0.001727 0.002023 0.001894 0.000151 1.197624 0.671314 0.0
6.0 0.001653 0.002029 0.001802 0.0002 0.815415 0.671308 0.0
6.0 0.001592 0.001974 0.001817 0.000153 1.220024 0.671326 0.0
6.0 0.00163 0.001995 0.001796 0.000136 1.030229 0.671305 0.0
6.0 0.001564 0.002001 0.001805 0.000252 1.270135 0.671319 0.0
6.0 0.001652 0.002082 0.001899 0.000164 1.219995 0.671311 0.0
6.0 0.001807 0.001983 0.001893 7.5e-05 1.054385 0.671298 0.0
6.0 0.001661 0.00205 0.001913 0.000203 1.118819 0.671291 0.0
6.0 0.001745 0.002083 0.00188 0.000116 1.120558 0.671261 0.0
6.0 0.001692 0.002097 0.001882 0.000197 1.085684 0.67128 0.0
