987.0 0.00136 0.010143 0.001723 0.000209 50.540308 98.711539 0.0
988.0 0.001339 0.010375 0.001706 0.000187 50.587816 98.804328 0.0
985.0 4.6e-05 0.013301 0.001698 0.000207 50.462479 98.55953 0.0
988.0 0.000987 0.009347 0.001708 0.000188 50.609518 98.846715 0.0
986.0 0.001446 0.006762 0.001694 0.000153 50.528534 98.688543 0.0
988.0 0.001279 0.009157 0.001711 0.000185 50.588787 98.806225 0.0
986.0 0.000996 0.009993 0.001702 0.000181 50.506377 98.645268 0.0
986.0 0.001381 0.012397 0.001705 0.000194 50.509718 98.651792 0.0
986.0 0.00143 0.009598 0.001695 0.000164 50.5317 98.694727 0.0
987.0 0.001426 0.009838 0.001708 0.000185 50.543574 98.717917 0.0
988.0 0.001381 0.012553 0.001697 0.000176 50.619824 98.866844 0.0
987.0 0.0014 0.007265 0.001689 0.000135 50.5699 98.769336 0.0
987.0 0.000197 0.008835 0.0017 0.000186 50.56615 98.762013 0.0
987.0 0.001417 0.009656 0.001744 0.000206 50.518724 98.669383 0.0
986.0 0.001384 0.006997 0.001675 0.00013 50.498274 98.629441 0.0
987.0 0.001398 1.000832 0.00271 0.002199 50.563595 98.757022 0.0
987.0 0.00047 0.009359 0.001689 0.000146 50.575574 98.780417 0.0
987.0 0.001384 0.013085 0.001691 0.000155 50.549004 98.728523 0.0
985.0 0.000265 0.011615 0.001696 0.000163 50.443567 98.522591 0.0
988.0 0.000971 0.008884 0.001693 0.000151 50.585838 98.800464 0.0
987.0 0.001388 0.013271 0.001707 0.000162 50.564476 98.758742 0.0
987.0 0.00131 0.011539 0.00171 0.000181 50.547831 98.726232 0.0
986.0 0.001436 0.013223 0.00176 0.000215 50.498794 98.630457 0.0
985.0 0.000544 1.006062 0.003797 0.004301 50.46149 98.557597 0.0
985.0 0.001389 0.00931 0.001754 0.000243 50.481366 98.596417 0.0
986.0 0.000351 0.008558 0.001721 0.000163 50.517031 98.666077 0.0
987.0 0.001459 0.011258 0.001769 0.000219 50.536558 98.704215 0.0
985.0 0.001466 0.009898 0.001736 0.000188 50.460243 98.555161 0.0
986.0 0.000219 0.012561 0.001746 0.000252 50.51505 98.662207 0.0
989.0 0.001348 0.010293 0.001782 0.000244 50.637489 98.901345 0.0
986.0 0.001419 0.012695 0.00175 0.00021 50.535246 98.701653 0.0
987.0 0.001447 0.01202 0.001766 0.000229 50.564167 98.758139 0.0
987.0 0.001381 0.00908 0.001725 0.000186 50.542254 98.71534 0.0
986.0 8.4e-05 0.009283 0.001733 0.000195 50.530916 98.693196 0.0
987.0 0.000211 0.009305 0.001702 0.000154 50.557879 98.745858 0.0
988.0 0.001432 0.011144 0.001786 0.000262 50.598654 98.825497 0.0
986.0 0.00143 0.010107 0.00179 0.000218 50.493395 98.619911 0.0
987.0 0.001387 0.010367 0.001693 0.000142 50.565133 98.760026 0.0
986.0 0.000288 0.007095 0.001668 0.000123 50.519837 98.671557 0.0
985.0 0.000175 0.012821 0.001702 0.000189 50.479764 98.593289 0.0
987.0 0.000511 0.012304 0.001764 0.000235 50.549297 98.729095 0.0
986.0 0.001438 0.009676 0.001714 0.000183 50.529065 98.689581 0.0
988.0 4.3e-05 0.00889 0.001707 0.000186 50.635005 98.896493 0.0
987.0 0.001422 1.000764 0.002719 0.002204 50.560939 98.751835 0.0
987.0 0.001346 0.010485 0.001678 0.000142 50.536816 98.704718 0.0
984.0 0.000494 1.00089 0.002685 0.002162 50.408883 98.454849 0.0
987.0 0.000485 1.000704 0.00276 0.002247 50.536346 98.7038 0.0
987.0 0.000878 0.012368 0.001692 0.000162 50.554258 98.738785 0.0
988.0 0.000543 1.00343 0.003716 0.004225 50.621364 98.869852 0.0
987.0 0.000519 0.011448 0.001687 0.000149 50.548811 98.728147 0.0
988.0 0.001368 0.00968 0.001687 0.00015 50.608348 98.844431 0.0
987.0 0.001365 0.010108 0.001714 0.000182 50.552857 98.736049 0.0
985.0 0.000724 0.009524 0.001712 0.000177 50.482973 98.599556 0.0
987.0 0.001182 0.00913 0.00172 0.000212 50.5777 98.784569 0.0
987.0 0.001428 0.009017 0.001708 0.000183 50.53999 98.710917 0.0
986.0 0.001367 0.008809 0.001713 0.000185 50.491642 98.616489 0.0
988.0 0.000368 0.009253 0.00171 0.000184 50.596858 98.821988 0.0
987.0 0.001337 0.008072 0.001707 0.000176 50.551497 98.733392 0.0
987.0 0.001435 0.009985 0.001699 0.000162 50.560449 98.750876 0.0
985.0 0.001378 0.016297 0.001676 0.00014 50.436267 98.508334 0.0
987.0 0.001134 0.013568 0.001706 0.000184 50.567744 98.765126 0.0
986.0 0.000507 0.009344 0.001698 0.000165 50.522355 98.676474 0.0
988.0 0.000505 0.010028 0.001733 0.000212 50.588721 98.806096 0.0
986.0 0.001429 0.010717 0.001714 0.000176 50.498324 98.62954 0.0
986.0 0.001435 0.008441 0.00173 0.000209 50.517673 98.667331 0.0
986.0 0.001391 0.01173 0.001698 0.000147 50.533466 98.698175 0.0
987.0 0.000379 1.001463 0.002763 0.002233 50.556114 98.74241 0.0
988.0 6e-05 0.010136 0.001709 0.000197 50.606825 98.841454 0.0
986.0 0.001349 0.013986 0.001674 0.000164 50.495253 98.623541 0.0
987.0 0.001255 0.009308 0.001706 0.00018 50.540172 98.711273 0.0
988.0 0.000828 0.010828 0.001701 0.000185 50.609143 98.845983 0.0
987.0 0.000158 0.007307 0.001699 0.000163 50.568286 98.766183 0.0
987.0 0.001391 0.011542 0.001707 0.000179 50.561263 98.752467 0.0
987.0 0.001372 0.009551 0.001708 0.000183 50.580251 98.789553 0.0
987.0 0.001394 0.009521 0.001712 0.000195 50.568387 98.766381 0.0
988.0 0.001072 0.008925 0.00171 0.000183 50.609878 98.847417 0.0
987.0 0.00142 0.010079 0.00169 0.000145 50.555209 98.740642 0.0
986.0 0.001334 0.011596 0.001726 0.000219 50.49984 98.632499 0.0
988.0 0.001367 0.008552 0.001704 0.000178 50.602046 98.83212 0.0
987.0 0.001035 0.010204 0.001707 0.000178 50.562326 98.754542 0.0
987.0 0.00104 0.008868 0.001705 0.000169 50.579076 98.787259 0.0
987.0 0.000458 0.011014 0.001693 0.000164 50.55091 98.732246 0.0
987.0 0.001387 0.009913 0.001694 0.000158 50.558299 98.746678 0.0
988.0 0.001403 0.009909 0.001706 0.000152 50.629369 98.885487 0.0
985.0 0.001315 0.012607 0.001704 0.000178 50.466418 98.567223 0.0
986.0 0.001404 0.012443 0.001707 0.000185 50.487633 98.608658 0.0
987.0 0.001212 0.009349 0.001695 0.000179 50.556539 98.74324 0.0
986.0 0.000988 0.013526 0.001779 0.000255 50.513362 98.658909 0.0
987.0 0.000107 0.009921 0.001714 0.000203 50.545191 98.721077 0.0
988.0 5.1e-05 0.009499 0.001707 0.00017 50.622762 98.872582 0.0
985.0 0.001357 0.010917 0.001675 0.000146 50.454023 98.543014 0.0
986.0 0.000519 0.009836 0.001735 0.000174 50.490213 98.613697 0.0
986.0 8.8e-05 0.008936 0.001695 0.000178 50.516233 98.664517 0.0
987.0 0.000903 0.010717 0.001698 0.000169 50.57608 98.781406 0.0
986.0 0.000928 0.010718 0.0017 0.000168 50.510466 98.653253 0.0
987.0 0.000504 0.010939 0.001721 0.000229 50.580195 98.789444 0.0
985.0 0.001382 0.007214 0.001681 0.000138 50.447457 98.53019 0.0
986.0 0.001396 0.00801 0.001693 0.000161 50.516056 98.664171 0.0
985.0 0.001403 0.009477 0.001752 0.000219 50.478208 98.59025 0.0
987.0 0.001032 0.008235 0.001696 0.000166 50.553282 98.736878 0.0
