39308.0 6e-06 1.000267 0.001752 0.000571 32203.86381 3931.135719 0.0
39271.0 3e-06 1.000274 0.001722 0.00057 32173.171145 3927.389056 0.0
39298.0 4e-06 1.000277 0.001745 0.000567 32195.258976 3930.085324 0.0
39293.0 4e-06 1.000268 0.001746 0.000566 32191.587638 3929.637163 0.0
39239.0 4e-06 1.000278 0.001875 0.00057 32147.80358 3924.292429 0.0
39234.0 3e-06 1.000268 0.001746 0.000569 32142.231695 3923.612267 0.0
39231.0 3e-06 1.000268 0.001849 0.000571 32141.140034 3923.479008 0.0
39240.0 3e-06 1.000268 0.001793 0.000572 32148.48461 3924.375563 0.0
39233.0 4e-06 1.000275 0.001797 0.000571 32142.27391 3923.617421 0.0
39253.0 4e-06 1.000268 0.001772 0.000571 32158.723558 3925.625434 0.0
39327.0 4e-06 1.000268 0.0018 0.000562 32218.875727 3932.968228 0.0
39228.0 3e-06 1.000276 0.001796 0.00057 32138.656483 3923.17584 0.0
39285.0 4e-06 1.000276 0.001721 0.000568 32184.772757 3928.805268 0.0
39284.0 4e-06 1.000266 0.001748 0.000568 32184.085458 3928.721369 0.0
39247.0 3e-06 1.000266 0.00182 0.00057 32154.261363 3925.080733 0.0
39264.0 4e-06 1.000272 0.001824 0.000571 32166.776856 3926.608503 0.0
39265.0 6e-06 1.000267 0.001855 0.000574 32167.872758 3926.74228 0.0
39234.0 4e-06 1.000266 0.001723 0.000572 32142.578853 3923.654645 0.0
39280.0 4e-06 1.000269 0.001753 0.000571 32180.982182 3928.342551 0.0
39284.0 3e-06 1.000267 0.001772 0.000564 32183.856934 3928.693473 0.0
39242.0 4e-06 1.000267 0.001902 0.000568 32149.261484 3924.470396 0.0
39274.0 3e-06 1.000276 0.001825 0.000564 32176.175962 3927.755855 0.0
39227.0 4e-06 1.000266 0.001823 0.000569 32137.547939 3923.04052 0.0
39254.0 4e-06 1.000275 0.001746 0.000567 32159.677908 3925.741932 0.0
39269.0 4e-06 1.000267 0.001824 0.000567 32170.934201 3927.115991 0.0
39208.0 4e-06 1.000274 0.001874 0.000568 32132.608964 3922.437618 0.0
39248.0 4e-06 1.000267 0.0018 0.00057 32154.768711 3925.142665 0.0
39236.0 6e-06 1.000273 0.001779 0.000572 32144.792789 3923.924901 0.0
39234.0 3e-06 1.000267 0.001847 0.000567 32143.202472 3923.730771 0.0
39198.0 3e-06 1.000266 0.00182 0.000571 32113.753749 3920.135956 0.0
39194.0 3e-06 1.000275 0.00187 0.000571 32110.129849 3919.693585 0.0
39239.0 4e-06 1.000273 0.002055 0.000568 32146.974105 3924.191175 0.0
39244.0 3e-06 1.000267 0.001825 0.000569 32150.189429 3924.583671 0.0
39262.0 3e-06 1.000274 0.001751 0.000564 32166.045499 3926.519226 0.0
39240.0 3e-06 1.000268 0.001773 0.000566 32147.684056 3924.277839 0.0
39197.0 3e-06 1.000275 0.001798 0.00057 32111.887541 3919.908147 0.0
39186.0 4e-06 1.000266 0.001773 0.000572 32103.778027 3918.918216 0.0
39197.0 4e-06 1.000272 0.001778 0.000568 32112.658286 3920.002232 0.0
39201.0 3e-06 1.000265 0.001799 0.000573 32115.896797 3920.397558 0.0
39231.0 6e-06 1.000266 0.001777 0.000575 32141.52577 3923.526095 0.0
39202.0 3e-06 1.000283 0.001771 0.000569 32117.072585 3920.541087 0.0
39312.0 3e-06 1.000267 0.001775 0.000564 32207.630488 3931.595519 0.0
39232.0 3e-06 1.000267 0.001823 0.000571 32129.05825 3922.004181 0.0
39182.0 3e-06 1.000282 0.001848 0.000571 32100.629374 3918.533859 0.0
39199.0 3e-06 1.000271 0.001769 0.000569 32114.743242 3920.256743 0.0
39233.0 3e-06 1.000271 0.001799 0.00057 32141.563524 3923.530704 0.0
39171.0 5e-06 1.000274 0.001751 0.000571 32091.787507 3917.45453 0.0
39188.0 3e-06 1.000267 0.001743 0.00057 32104.472612 3919.003004 0.0
39187.0 3e-06 1.000271 0.001847 0.000572 32104.651876 3919.024887 0.0
39218.0 4e-06 1.000267 0.001795 0.000569 32130.878226 3922.226346 0.0
39190.0 4e-06 1.000269 0.001896 0.000574 32106.400069 3919.23829 0.0
39226.0 4e-06 1.000273 0.001874 0.000569 32136.163022 3922.871463 0.0
39251.0 4e-06 1.000267 0.0018 0.000567 32156.953168 3925.409322 0.0
39235.0 4e-06 1.000268 0.001821 0.00057 32143.668131 3923.787614 0.0
39212.0 3e-06 1.000272 0.001849 0.000569 32124.712705 3921.473719 0.0
39222.0 4e-06 1.000267 0.001747 0.00057 32132.487525 3922.422794 0.0
39239.0 3e-06 1.000274 0.001799 0.000567 32146.626896 3924.148791 0.0
39242.0 3e-06 1.000275 0.001771 0.000571 32149.946325 3924.553995 0.0
39232.0 3e-06 1.000268 0.001748 0.000566 32141.178207 3923.483668 0.0
39203.0 3e-06 1.000275 0.001978 0.000569 32117.15631 3920.551307 0.0
39261.0 3e-06 1.00028 0.00181 0.000568 32148.713311 3924.40348 0.0
39235.0 4e-06 1.000268 0.001772 0.000569 32144.269273 3923.860995 0.0
39260.0 4e-06 1.000274 0.001827 0.000565 32163.905169 3926.257955 0.0
39246.0 4e-06 1.000272 0.001776 0.000571 32153.522475 3924.990537 0.0
39209.0 4e-06 1.000268 0.001748 0.000569 32122.566544 3921.211736 0.0
39218.0 3e-06 1.000266 0.001852 0.000569 32128.87638 3921.98198 0.0
39217.0 4e-06 1.00027 0.001796 0.000571 32128.198512 3921.899232 0.0
39223.0 4e-06 1.000275 0.00231 0.000568 32133.207153 3922.510639 0.0
39195.0 4e-06 1.000271 0.00175 0.000566 32111.090409 3919.810841 0.0
39210.0 3e-06 1.000272 0.001773 0.00057 32123.019578 3921.267038 0.0
39188.0 4e-06 1.000274 0.001822 0.000569 32104.523982 3919.009275 0.0
39191.0 4e-06 1.000273 0.001772 0.000569 32104.689316 3919.029457 0.0
39271.0 4e-06 1.000267 0.001825 0.000567 32173.486469 3927.427547 0.0
39220.0 4e-06 1.000267 0.001924 0.000571 32131.025763 3922.244356 0.0
39299.0 4e-06 1.00031 0.001774 0.000569 32196.245668 3930.20577 0.0
39198.0 3e-06 1.000275 0.00177 0.000568 32113.2142 3920.070093 0.0
39217.0 4e-06 1.000278 0.001901 0.000569 32129.544809 3922.063575 0.0
39228.0 4e-06 1.000268 0.001897 0.000572 32136.837364 3922.95378 0.0
39219.0 4e-06 1.000275 0.001823 0.000569 32130.842742 3922.222014 0.0
39202.0 4e-06 1.00028 0.001798 0.000568 32115.482731 3920.347013 0.0
39206.0 4e-06 1.000281 0.001774 0.000568 32116.691261 3920.494539 0.0
39242.0 4e-06 1.000272 0.001849 0.00057 32149.267914 3924.471181 0.0
39185.0 3e-06 1.000268 0.001822 0.00057 32102.756496 3918.793518 0.0
39247.0 3e-06 1.000276 0.001799 0.000568 32153.123032 3924.941776 0.0
39266.0 3e-06 1.000271 0.001827 0.00057 32169.22605 3926.907477 0.0
39253.0 3e-06 1.000268 0.001822 0.000569 32158.443757 3925.591279 0.0
39210.0 3e-06 1.000267 0.001823 0.000567 32123.819515 3921.364687 0.0
39225.0 4e-06 1.000267 0.0018 0.00057 32135.764773 3922.822848 0.0
39193.0 4e-06 1.000268 0.00185 0.000569 32109.422979 3919.607297 0.0
39221.0 6e-06 1.000266 0.001753 0.000574 32132.291681 3922.398887 0.0
39246.0 4e-06 1.000267 0.001826 0.000575 32151.220219 3924.709499 0.0
39275.0 3e-06 1.000267 0.001825 0.000569 32176.612299 3927.809119 0.0
39202.0 3e-06 1.000267 0.001801 0.000568 32116.73533 3920.499918 0.0
39239.0 3e-06 1.000274 0.001825 0.000569 32146.498302 3924.133094 0.0
39258.0 4e-06 1.000271 0.00185 0.000569 32162.565792 3926.094457 0.0
39199.0 4e-06 1.000279 0.00175 0.000569 32114.682218 3920.249294 0.0
39201.0 4e-06 1.000267 0.001845 0.000574 32115.482475 3920.346982 0.0
39220.0 3e-06 1.000275 0.001873 0.000569 32130.672303 3922.201209 0.0
39231.0 4e-06 1.000274 0.001874 0.00057 32141.162535 3923.481755 0.0
39195.0 3e-06 1.000276 0.001744 0.000572 32110.688994 3919.76184 0.0
