240.0 0.003308 0.012528 0.003737 0.00028 8.312058 24.065019 0.0
240.0 0.00333 0.01146 0.003705 0.000219 8.470952 24.035616 0.0
240.0 0.003279 0.013374 0.003725 0.000274 8.392191 24.050986 0.0
224.0 0.003311 0.005307 0.003672 0.000149 7.791262 22.462452 0.0
241.0 0.003338 0.012873 0.0038 0.000369 8.380674 24.12036 0.0
229.0 0.003328 0.013756 0.003799 0.000409 7.915962 23.023209 0.0
151.0 0.003257 0.008693 0.003736 0.000295 5.272252 15.121374 0.0
188.0 0.003354 0.01202 0.003776 0.000319 8.440625 24.251703 0.0
237.0 0.003336 0.01318 0.003745 0.000281 8.360038 23.795747 0.0
237.0 0.00339 0.014064 0.003778 0.000366 8.299739 23.772578 0.0
241.0 0.003312 0.010796 0.003698 0.000212 8.386055 24.198267 0.0
235.0 0.00333 0.01313 0.003763 0.00032 8.246441 23.51837 0.0
210.0 0.000842 0.008472 0.003698 0.00022 7.45854 21.022942 0.0
239.0 0.003307 0.016025 0.003789 0.000359 8.473277 23.96924 0.0
217.0 0.003386 0.00745 0.003707 0.000202 7.532428 21.708149 0.0
242.0 0.003311 0.009928 0.003696 0.000203 8.322941 24.222529 0.0
241.0 0.001087 0.010828 0.003722 0.000284 8.242997 24.148623 0.0
239.0 0.003345 0.007925 0.003699 0.000183 8.406855 23.994917 0.0
239.0 0.003293 0.012402 0.003708 0.000252 8.333367 23.947608 0.0
240.0 0.003247 0.011721 0.003741 0.000291 8.252704 24.093142 0.0
172.0 0.003173 0.007418 0.003681 0.000171 5.936167 17.237654 0.0
240.0 0.003275 0.012053 0.003728 0.000259 8.325447 24.055033 0.0
232.0 0.00317 0.012731 0.003756 0.000291 8.158868 23.240073 0.0
240.0 0.003332 0.012232 0.003722 0.000242 8.4517 24.035549 0.0
240.0 0.003244 0.004689 0.003674 0.000158 8.378332 24.052627 0.0
240.0 0.003235 0.006991 0.003677 0.000188 8.362155 24.082236 0.0
236.0 0.003334 0.014767 0.003814 0.00043 8.296014 23.693718 0.0
240.0 0.00326 0.005076 0.003669 0.000166 8.299888 24.013563 0.0
217.0 0.003291 0.00904 0.003718 0.000191 7.441081 21.724177 0.0
224.0 0.003236 0.012155 0.003778 0.000374 7.781087 22.479411 0.0
231.0 0.003305 0.00602 0.003682 0.000163 8.055167 23.138973 0.0
238.0 0.003338 0.01148 0.003696 0.000187 8.289705 23.880964 0.0
239.0 0.003364 0.009028 0.003695 0.000184 8.365465 23.911047 0.0
240.0 0.001167 0.013544 0.003782 0.00041 8.505914 24.082429 0.0
239.0 0.003333 0.014882 0.003885 0.000519 8.257069 23.991436 0.0
240.0 0.003164 0.009227 0.003738 0.000251 8.479099 24.095195 0.0
217.0 0.003306 0.009866 0.003716 0.000253 7.568019 21.736818 0.0
241.0 0.003285 0.011004 0.003688 0.000202 8.323492 24.142614 0.0
23.0 0.003386 0.00897 0.003867 0.000554 8.682734 24.165401 0.0
234.0 0.003265 0.009773 0.003708 0.000242 8.179235 23.49893 0.0
215.0 0.003326 0.010462 0.003686 0.000227 8.202453 24.120902 0.0
203.0 0.003255 0.007894 0.003705 0.000251 7.067438 20.321386 0.0
240.0 0.003334 0.013263 0.003706 0.000224 8.370068 24.019708 0.0
240.0 0.003397 0.010781 0.003757 0.00029 8.420055 24.025267 0.0
235.0 0.003285 0.007442 0.00371 0.000254 8.252237 23.587571 0.0
240.0 0.00333 0.014734 0.003793 0.00036 8.297584 24.074228 0.0
241.0 0.003317 0.007113 0.003699 0.000215 8.542937 24.106031 0.0
238.0 0.003147 0.010122 0.003696 0.000226 8.390586 23.887076 0.0
241.0 0.003272 0.013938 0.003709 0.000249 8.422445 24.159793 0.0
225.0 0.000107 0.011801 0.003698 0.00031 7.929648 22.554749 0.0
240.0 0.003232 0.008827 0.003661 0.000181 8.259435 24.007658 0.0
238.0 0.003224 0.014605 0.003706 0.000253 8.414304 23.892864 0.0
241.0 0.003252 0.009581 0.003708 0.000229 8.786285 24.172314 0.0
239.0 0.003324 0.009716 0.00368 0.000198 8.310603 23.951308 0.0
240.0 0.003295 0.006728 0.003669 0.000175 8.32025 24.067833 0.0
240.0 0.003347 0.007223 0.003659 0.000184 8.420615 24.063484 0.0
210.0 0.003278 0.010726 0.003689 0.000214 8.249583 23.260103 0.0
244.0 0.000435 0.008948 0.003689 0.000307 8.599481 24.409881 0.0
243.0 0.003269 0.007068 0.003672 0.000186 8.413766 24.393255 0.0
239.0 0.003267 0.010946 0.003703 0.00025 8.375137 23.968504 0.0
241.0 0.003306 0.012873 0.003701 0.000246 8.38663 24.116764 0.0
224.0 0.003291 0.004627 0.003644 0.000119 7.772171 22.460603 0.0
242.0 0.003293 0.010354 0.003704 0.000232 8.417108 24.230826 0.0
138.0 0.003336 0.01447 0.003734 0.000298 4.866057 13.855973 0.0
239.0 0.003338 0.01427 0.003777 0.000345 8.552441 23.952768 0.0
240.0 0.00332 0.008974 0.003684 0.000221 8.495868 24.006407 0.0
241.0 0.003328 0.006039 0.003647 0.000136 8.19126 24.135535 0.0
239.0 0.003294 0.004326 0.003628 0.000109 8.330352 24.001278 0.0
241.0 0.002301 0.004645 0.003648 0.00014 8.398116 24.103777 0.0
239.0 0.003282 0.004796 0.003641 0.00014 8.396165 23.952962 0.0
138.0 0.003322 0.004518 0.003643 0.000136 4.749373 13.845984 0.0
208.0 0.003263 0.012723 0.003696 0.000281 8.018842 23.022294 0.0
241.0 0.003312 0.008233 0.003693 0.000199 8.369513 24.182964 0.0
234.0 0.003291 0.012101 0.003681 0.000243 8.300108 23.481785 0.0
198.0 0.003334 0.006488 0.003667 0.000151 7.006613 19.841381 0.0
236.0 0.003275 0.010961 0.003699 0.00026 8.28966 23.620687 0.0
221.0 0.003219 0.011803 0.003738 0.000296 8.361821 23.855758 0.0
236.0 0.00322 0.006302 0.003641 0.000145 7.966993 23.639741 0.0
242.0 0.003321 0.009756 0.003672 0.000195 8.364603 24.283036 0.0
208.0 0.003296 0.004633 0.003626 0.000142 7.326943 20.892797 0.0
242.0 0.003302 0.008897 0.003678 0.000218 8.639351 24.238581 0.0
237.0 0.000835 0.005084 0.003618 0.000171 8.179156 23.795295 0.0
239.0 0.003278 0.007311 0.003652 0.00015 8.264423 23.903538 0.0
220.0 0.003256 0.009735 0.003694 0.00027 7.729963 21.998757 0.0
238.0 0.003276 0.006585 0.003659 0.000182 8.238359 23.853157 0.0
240.0 0.003262 0.009978 0.003685 0.000256 8.452932 24.027663 0.0
219.0 0.00336 0.011575 0.003712 0.000288 7.876671 21.968811 0.0
222.0 0.003329 0.004064 0.003633 0.000138 8.465759 23.720194 0.0
240.0 0.003281 0.006155 0.003654 0.000142 8.366077 24.061195 0.0
239.0 0.003352 0.005995 0.003666 0.00015 8.349015 23.948808 0.0
240.0 0.003221 0.013269 0.003705 0.000237 8.266717 24.056796 0.0
231.0 0.003374 0.009952 0.00373 0.000222 8.124758 23.131767 0.0
181.0 0.00328 0.004651 0.003653 0.000168 7.012604 20.653497 0.0
237.0 0.003277 0.010515 0.003689 0.000189 8.282079 23.774865 0.0
237.0 0.003261 0.00745 0.003652 0.000169 8.370558 23.97542 0.0
122.0 0.001977 0.008776 0.003697 0.000248 8.355469 24.50402 0.0
240.0 0.003206 0.005318 0.003648 0.000162 8.319841 24.057372 0.0
238.0 0.003198 0.006966 0.003634 0.00018 8.14442 23.885695 0.0
239.0 0.003218 0.005611 0.003633 0.000177 8.295625 23.986818 0.0
221.0 0.00328 0.015028 0.003707 0.000227 7.51434 22.187222 0.0
