35516.0 6e-06 1.000628 0.264731 0.000614 28588.72957 3489.835153 7.82
35481.0 5e-06 1.000526 0.265338 0.000633 28569.70514 3487.512835 7.92
35478.0 4e-06 1.000809 0.253764 0.000633 28568.640193 3487.382836 7.91
35437.0 4e-06 1.000446 0.254321 0.000634 28521.853613 3481.671584 8.08
35571.0 4e-06 1.000661 0.250058 0.000614 28626.076839 3494.394145 7.56
35609.0 4e-06 1.000915 0.259734 0.000609 28665.136596 3499.162182 7.33
35460.0 6e-06 1.000592 0.258136 0.000634 28557.03418 3485.966086 7.96
35501.0 4e-06 1.000655 0.255273 0.000633 28578.264323 3488.557657 7.89
35504.0 4e-06 1.000336 0.243454 0.000634 28583.833639 3489.237505 7.87
35534.0 3e-06 1.000325 0.263391 0.000613 28583.917469 3489.247738 7.8
35524.0 5e-06 1.012508 0.273143 0.000634 28590.820308 3490.09037 7.74
35550.0 4e-06 1.000629 0.265384 0.000633 28607.338965 3492.106807 7.75
35427.0 4e-06 1.000554 0.245447 0.000632 28549.633147 3485.06264 8.05
35513.0 3e-06 1.000752 0.244009 0.000633 28586.143366 3489.519454 7.77
35446.0 5e-06 1.000635 0.264781 0.000615 28519.060644 3481.330645 8.01
35506.0 4e-06 1.00105 0.266398 0.000633 28579.955495 3488.764098 7.87
35527.0 5e-06 1.000604 0.259357 0.000634 28608.443308 3492.241615 7.81
35440.0 4e-06 1.00069 0.24702 0.000635 28539.317139 3483.803362 8.07
35503.0 4e-06 1.000679 0.24383 0.000615 28583.983664 3489.255818 7.9
35472.0 5e-06 1.000931 0.260025 0.000617 28565.89219 3487.047386 7.95
35497.0 4e-06 1.000328 0.261671 0.000634 28574.182308 3488.059364 7.87
35491.0 4e-06 1.000648 0.258664 0.000634 28572.033707 3487.797083 7.91
35538.0 3e-06 1.000854 0.258933 0.000634 28592.683022 3490.317752 7.77
35495.0 4e-06 1.000874 0.25196 0.000614 28569.700431 3487.51226 7.91
35452.0 4e-06 1.000934 0.26084 0.000616 28550.26315 3485.139545 8.01
35481.0 6e-06 1.001376 0.258626 0.000634 28575.260811 3488.191017 7.92
35488.0 4e-06 1.000492 0.255859 0.000632 28576.392127 3488.329117 7.97
35509.0 4e-06 1.000387 0.244284 0.000634 28592.166747 3490.25473 7.85
35425.0 4e-06 1.000377 0.252005 0.000615 28531.184009 3482.810548 8.05
35481.0 4e-06 1.000797 0.269926 0.000614 28559.728336 3486.294963 7.94
35489.0 3e-06 1.000328 0.261972 0.000633 28569.126511 3487.442201 7.89
35442.0 4e-06 1.000615 0.256769 0.000635 28527.963246 3482.417388 8.02
35555.0 4e-06 1.000384 0.248758 0.000633 28618.410206 3493.458277 7.69
35576.0 3e-06 1.000768 0.244489 0.000614 28658.214236 3498.317167 7.36
35494.0 6e-06 1.000695 0.269283 0.000634 28575.706936 3488.245476 7.9
35496.0 4e-06 1.000436 0.257973 0.000633 28577.131748 3488.419403 7.91
35415.0 3e-06 1.000613 0.247637 0.000635 28524.156434 3481.95269 8.15
35456.0 3e-06 1.000332 0.251413 0.000615 28540.502468 3483.948055 8.03
35469.0 4e-06 1.000498 0.260999 0.000616 28556.623801 3485.915991 8.0
35522.0 3e-06 1.000603 0.267053 0.000635 28588.870788 3489.852391 7.8
35524.0 4e-06 1.000662 0.261793 0.000634 28580.18122 3488.791653 7.79
35540.0 4e-06 1.000325 0.251476 0.000633 28594.146121 3490.496353 7.74
35517.0 4e-06 1.000589 0.255951 0.000614 28577.297121 3488.43959 7.83
35506.0 4e-06 1.000884 0.260178 0.000614 28585.466288 3489.436803 7.86
35465.0 4e-06 1.0004 0.258258 0.000634 28559.66545 3486.287286 7.99
35521.0 4e-06 1.000577 0.252083 0.000633 28603.384008 3491.624024 7.84
35449.0 5e-06 1.000697 0.252995 0.000635 28531.767037 3482.881718 8.05
35475.0 4e-06 1.000846 0.260877 0.000615 28553.860665 3485.578694 7.92
35488.0 4e-06 1.000874 0.259121 0.000634 28578.05512 3488.532119 7.85
35548.0 5e-06 1.000477 0.250463 0.000634 28595.207292 3490.62589 7.71
35512.0 4e-06 1.000568 0.252277 0.000614 28594.025882 3490.481675 7.8
35464.0 5e-06 1.000848 0.263266 0.000635 28548.933841 3484.977276 7.99
35474.0 4e-06 1.00034 0.268584 0.000635 28538.317844 3483.681377 7.96
35560.0 4e-06 1.000313 0.245829 0.000632 28637.11402 3495.741457 7.53
35552.0 4e-06 1.0003 0.235739 0.000628 28633.686176 3495.323019 7.52
35533.0 3e-06 1.000537 0.269025 0.000614 28570.813745 3487.648162 7.82
35646.0 4e-06 1.025164 0.266975 0.000633 28681.032522 3501.102603 7.14
35489.0 5e-06 1.000566 0.25118 0.000633 28583.797291 3489.233068 7.88
35536.0 4e-06 1.000628 0.246686 0.000633 28612.57713 3492.746232 7.77
35461.0 3e-06 1.000414 0.252935 0.000614 28545.276152 3484.53078 7.98
35449.0 3e-06 1.001061 0.261577 0.000616 28546.438431 3484.67266 8.04
35492.0 4e-06 1.000623 0.257077 0.000634 28580.467132 3488.826554 7.9
35478.0 6e-06 1.000319 0.258771 0.000635 28560.714807 3486.415382 7.94
35478.0 4e-06 1.000473 0.251552 0.000634 28557.271456 3485.995051 7.97
35476.0 6e-06 1.000594 0.255338 0.000615 28568.641608 3487.383009 7.89
35501.0 3e-06 1.000912 0.261345 0.000615 28591.542444 3490.178521 7.82
35501.0 4e-06 1.000866 0.268394 0.000635 28567.975665 3487.301717 7.89
35458.0 4e-06 1.000663 0.24791 0.000634 28556.641894 3485.9182 7.97
35491.0 4e-06 1.000659 0.249473 0.000634 28569.793217 3487.523586 7.93
35532.0 6e-06 1.000681 0.2638 0.000614 28578.890583 3488.634104 7.79
35489.0 4e-06 1.006808 0.270461 0.000615 28564.248017 3486.846682 7.88
35474.0 6e-06 1.000819 0.253547 0.000634 28571.979948 3487.790521 7.95
35518.0 3e-06 1.000712 0.25391 0.000633 28598.317343 3491.005535 7.79
35470.0 4e-06 1.000386 0.249327 0.000607 28545.643077 3484.575571 7.98
35548.0 4e-06 1.000878 0.251858 0.000613 28645.120421 3496.718801 7.67
35436.0 4e-06 1.000806 0.275545 0.000635 28525.244235 3482.085478 8.07
35481.0 4e-06 1.000347 0.25777 0.000634 28570.24713 3487.578995 7.93
35455.0 3e-06 1.0003 0.255424 0.000635 28539.54047 3483.830624 8.02
35511.0 5e-06 1.000545 0.247099 0.000615 28584.539086 3489.323619 7.86
35498.0 4e-06 1.000692 0.259209 0.000614 28582.050842 3489.019878 7.86
35553.0 4e-06 1.001199 0.265672 0.000634 28617.418992 3493.337279 7.68
35621.0 4e-06 1.000297 0.254693 0.000628 28667.215961 3499.416011 7.35
35560.0 4e-06 1.00031 0.247815 0.00063 28621.031464 3493.778255 7.51
35521.0 4e-06 1.000647 0.251329 0.000614 28596.629233 3490.799467 7.85
35513.0 4e-06 1.00066 0.257804 0.000613 28597.40862 3490.894607 7.84
35488.0 4e-06 1.000354 0.259366 0.000634 28574.732137 3488.126482 7.95
35428.0 4e-06 1.000579 0.252378 0.000634 28534.943993 3483.26953 8.1
35502.0 3e-06 1.000652 0.249333 0.000634 28573.43124 3487.967681 7.92
35556.0 3e-06 1.000331 0.2537 0.000614 28614.567659 3492.989216 7.74
35506.0 4e-06 1.000729 0.263725 0.000615 28574.309276 3488.074863 7.83
35255.0 4e-06 1.000879 0.267173 0.000638 28387.947803 3465.32566 8.51
35457.0 5e-06 1.000815 0.249588 0.000634 28559.646622 3486.284988 8.0
35481.0 3e-06 1.000877 0.246158 0.000634 28561.375685 3486.496055 7.93
35456.0 4e-06 1.00076 0.256927 0.000615 28537.961887 3483.637926 7.99
35487.0 4e-06 1.000893 0.261146 0.000634 28577.851012 3488.507204 7.93
35486.0 4e-06 1.000904 0.264072 0.000634 28562.369391 3486.617357 7.86
35520.0 4e-06 1.000403 0.246717 0.000632 28603.810272 3491.676059 7.8
35482.0 4e-06 1.000523 0.247715 0.000615 28554.848828 3485.69932 7.88
35479.0 4e-06 1.000707 0.258497 0.000615 28555.870994 3485.824096 7.95
35439.0 4e-06 1.000828 0.259499 0.000634 28531.177678 3482.809775 8.05
