131594.0 3e-06 1.000109 0.005953 0.000173 13477.563957 13161.683552 0.1
131908.0 3e-06 1.000108 0.006545 0.000172 13510.77716 13194.118321 0.07
133031.0 3e-06 1.000114 0.003853 0.000171 13614.876687 13295.778015 0.31
130233.0 3e-06 1.000203 0.003224 0.000175 13332.064894 13019.594623 0.16
131643.0 -86398.999997 1.000128 -93.84722 1.312793 1.560213 1.523646 0.82
130304.0 3e-06 1.000104 0.003364 0.000175 13346.116461 13033.316856 0.21
131262.0 3e-06 1.000099 0.002708 0.000174 13444.091047 13128.995163 0.18
131926.0 2e-06 1.000114 0.002612 0.000173 13512.091017 13195.401384 0.03
129938.0 2e-06 1.000097 0.002689 0.000175 13307.998731 12996.092511 0.07
129786.0 3e-06 1.000098 0.002522 0.000176 13293.766114 12982.193471 0.09
130042.0 3e-06 1.000105 0.002971 0.000175 13320.479434 13008.280698 0.06
129944.0 3e-06 1.000102 0.002986 0.000175 13304.94841 12993.113682 0.19
130967.0 3e-06 1.000103 0.002569 0.000174 13413.664633 13099.281868 0.16
131812.0 3e-06 1.000097 0.002704 0.000173 13500.626943 13184.205999 0.19
131363.0 3e-06 1.000097 0.002614 0.000173 13456.636278 13141.246365 0.11
130275.0 3e-06 1.000097 0.002528 0.000175 13343.1849 13030.454004 0.08
131945.0 3e-06 1.000093 0.002459 0.000172 13513.470695 13196.748726 0.08
132966.0 3e-06 1.000098 0.002493 0.000171 13619.399724 13300.195043 0.22
129768.0 3e-06 1.000101 0.002823 0.000175 13291.241704 12979.728227 0.08
129815.0 3e-06 1.000095 0.00247 0.000176 13294.143461 12982.561974 0.09
127733.0 3e-06 1.00012 0.002628 0.000178 13081.741663 12775.138342 0.12
131417.0 3e-06 1.0001 0.002583 0.000173 13459.565246 13144.106686 0.29
130166.0 3e-06 1.000102 0.004174 0.000175 13337.096685 13024.508482 0.05
132569.0 3e-06 1.000098 0.002441 0.000172 13574.176491 13256.03173 0.12
130122.0 2e-06 1.000094 0.002431 0.000175 13326.61573 13014.273174 0.0
131153.0 3e-06 1.000103 0.002588 0.000174 13432.611337 13117.784508 0.29
131734.0 3e-06 1.000094 0.002508 0.000173 13491.930783 13175.713655 0.12
127545.0 3e-06 1.000296 0.002621 0.000178 13064.111795 12757.921675 2.04
129506.0 3e-06 1.000108 0.003146 0.000176 13264.896435 12954.000425 0.14
130027.0 3e-06 1.000107 0.002764 0.000175 13318.388734 13006.238998 0.08
130049.0 3e-06 1.000104 0.002848 0.000175 13319.602935 13007.424741 0.07
129851.0 2e-06 1.000104 0.004215 0.000175 13300.165863 12988.443225 0.13
130052.0 3e-06 1.000101 0.004909 0.000175 13321.674327 13009.447585 0.07
131948.0 3e-06 1.000111 0.005104 0.000173 13514.534891 13197.787979 0.1
129896.0 3e-06 1.000102 0.005771 0.000175 13295.980154 12984.355619 0.12
130109.0 3e-06 1.0001 0.003984 0.000175 13325.96405 13013.636768 0.04
130233.0 3e-06 1.000104 0.002705 0.000175 13337.77317 13025.169112 0.08
129893.0 3e-06 1.000103 0.002528 0.000175 13304.457124 12992.63391 0.18
129991.0 3e-06 1.000103 0.002804 0.000176 13314.167287 13002.116491 0.05
130985.0 3e-06 1.000103 0.002545 0.000174 13416.09057 13101.650947 0.13
129997.0 3e-06 1.000094 0.002748 0.000175 13314.957628 13002.888308 0.04
131086.0 2e-06 1.000104 0.002521 0.000174 13425.67941 13111.015049 0.07
131648.0 2e-06 1.000098 0.002442 0.000173 13484.297525 13168.259302 0.07
129745.0 3e-06 1.000101 0.002978 0.000175 13289.425645 12977.954732 0.23
129965.0 3e-06 1.000105 0.002673 0.000175 13310.164956 12998.207965 0.21
129917.0 3e-06 1.000098 0.002873 0.000175 13305.647001 12993.795899 0.18
131487.0 2e-06 1.000095 0.003281 0.000173 13466.217362 13150.602892 0.3
129601.0 3e-06 1.000098 0.00258 0.000176 13273.975066 12962.866276 0.01
131112.0 3e-06 1.000102 0.002749 0.000174 13428.38125 13113.653565 0.07
129837.0 3e-06 1.000102 0.002575 0.000175 13299.365106 12987.661237 0.05
129736.0 3e-06 1.000101 0.003194 0.000175 13287.554816 12976.12775 0.3
130068.0 3e-06 1.000097 0.003171 0.000175 13321.931326 13009.698561 0.02
130187.0 3e-06 1.000102 0.002768 0.000175 13333.168775 13020.672632 0.03
130103.0 2e-06 1.000094 0.002493 0.000175 13326.679803 13014.335746 0.04
131354.0 3e-06 1.000115 0.007327 0.000174 13454.537961 13139.197228 0.31
131935.0 3e-06 1.000102 0.010764 0.000173 13510.83035 13194.170264 0.09
130693.0 3e-06 1.000116 0.009407 0.000174 13385.685849 13071.958836 0.2
131102.0 3e-06 1.000212 0.007954 0.000174 13428.058134 13113.338022 0.15
129722.0 3e-06 1.000121 0.003834 0.000176 13287.201396 12975.782614 0.15
129833.0 3e-06 1.000157 0.005341 0.000176 13297.420391 12985.7621 0.0
130154.0 3e-06 1.00012 0.004442 0.000175 13322.540503 13010.29346 0.13
130019.0 2e-06 1.000152 0.003402 0.000175 13316.390489 13004.287587 0.18
131581.0 3e-06 1.0002 0.011 0.000173 13477.247539 13161.37455 0.16
130114.0 3e-06 1.000232 0.003753 0.000175 13325.673784 13013.353304 0.06
129912.0 3e-06 1.000101 0.002735 0.000175 13305.554111 12993.705186 0.21
132198.0 3e-06 1.000135 0.008718 0.000172 13538.538716 13221.229215 0.04
131662.0 3e-06 1.00012 0.009269 0.000173 13485.465768 13169.400164 0.09
129933.0 3e-06 1.000095 0.00265 0.000175 13308.696615 12996.774038 0.1
129876.0 3e-06 1.000102 0.002466 0.000176 13295.942515 12984.318863 0.1
130110.0 3e-06 1.0001 0.002593 0.000175 13326.571655 13014.230132 0.02
132820.0 3e-06 1.00016 0.017222 0.000171 13604.652128 13285.793094 0.38
130486.0 3e-06 1.000099 0.00306 0.000174 13363.915318 13050.698552 0.06
129964.0 3e-06 1.000111 0.002611 0.000175 13311.087631 12999.109014 0.06
130040.0 3e-06 1.000102 0.00284 0.000175 13318.344136 13006.195446 0.07
131256.0 2e-06 1.000126 0.008513 0.000174 13443.464414 13128.383217 0.22
130221.0 3e-06 1.000096 0.002537 0.000175 13337.792791 13025.188272 0.11
129905.0 3e-06 1.000105 0.004313 0.000175 13304.441954 12992.619096 0.09
130134.0 3e-06 1.000117 0.0025 0.000175 13330.57793 13018.142509 0.0
130177.0 3e-06 1.000091 0.002676 0.000175 13333.962314 13021.447573 0.03
130277.0 3e-06 1.000106 0.002551 0.000175 13342.558317 13029.842106 0.01
130291.0 3e-06 1.000096 0.003295 0.000175 13344.587419 13031.823651 0.08
131410.0 3e-06 1.000113 0.006753 0.000173 13459.946848 13144.479344 0.21
131340.0 3e-06 1.000117 0.004945 0.000174 13453.245247 13137.934811 0.2
131372.0 3e-06 1.000188 0.010439 0.000173 13454.263381 13138.929083 0.18
131494.0 3e-06 1.000118 0.008926 0.000173 13459.328644 13143.875629 0.08
131668.0 2e-06 1.000143 0.007051 0.000173 13486.495803 13170.406057 0.08
130039.0 3e-06 1.000099 0.002889 0.000175 13316.89249 13004.777823 0.06
131378.0 3e-06 1.000124 0.006344 0.000174 13457.13492 13141.733321 0.36
131629.0 3e-06 1.000118 0.00479 0.000173 13482.173402 13166.184963 0.15
131485.0 3e-06 1.000117 0.003182 0.000173 13467.910435 13152.256284 0.22
129757.0 3e-06 1.000108 0.002469 0.000175 13289.433148 12977.962059 0.18
131656.0 3e-06 1.000107 0.00352 0.000173 13483.804621 13167.77795 0.0
131332.0 2e-06 1.000119 0.004335 0.000173 13450.310779 13135.06912 0.27
129993.0 3e-06 1.000111 0.003018 0.000175 13314.172375 13002.12146 0.04
130090.0 3e-06 1.000114 0.003962 0.000175 13318.377854 13006.228373 0.12
130104.0 3e-06 1.000106 0.004284 0.000175 13326.463634 13014.124642 0.03
129957.0 3e-06 1.000135 0.004504 0.000175 13310.128386 12998.172252 0.12
129794.0 3e-06 1.000158 0.004009 0.000176 13293.246541 12981.686075 0.2
130031.0 3e-06 1.000104 0.002541 0.000176 13318.923677 13006.761403 0.03
130094.0 3e-06 1.000102 0.002778 0.000175 13326.027187 13013.698425 0.09
