65604.0 3e-06 1.000184 0.019599 0.000343 26863.734177 6558.528852 0.0
65586.0 3e-06 1.000189 0.022238 0.000343 26839.467487 6552.604367 0.02
65583.0 4e-06 1.000206 0.021025 0.000343 26811.739205 6545.834767 0.02
65581.0 4e-06 1.000178 0.019833 0.000343 26846.355706 6554.286061 0.0
65600.0 4e-06 1.000176 0.023311 0.000343 26839.699537 6552.66102 0.0
65615.0 3e-06 1.000203 0.020512 0.000343 26852.212293 6555.715892 0.01
65633.0 4e-06 1.000189 0.023191 0.000343 26864.34818 6558.678755 0.0
65631.0 4e-06 1.000184 0.021568 0.000343 26850.382134 6555.269076 0.0
65553.0 3e-06 1.000171 0.025009 0.000344 26801.408619 6543.312651 0.06
65578.0 4e-06 1.000192 0.021782 0.000343 26828.948447 6550.036242 0.05
65656.0 4e-06 1.000176 0.02129 0.000343 26872.57273 6560.686702 0.0
65619.0 3e-06 1.000184 0.023787 0.000343 26852.145641 6555.699619 0.0
65550.0 4e-06 1.000183 0.020253 0.000343 26832.785887 6550.973117 0.03
65559.0 4e-06 1.000183 0.020789 0.000343 26825.344343 6549.156334 0.09
65657.0 3e-06 1.000187 0.018992 0.000342 26880.218135 6562.553256 0.0
65613.0 4e-06 1.000192 0.022613 0.000343 26855.005313 6556.397781 0.0
65643.0 3e-06 1.00018 0.019608 0.000343 26865.445224 6558.946588 0.02
65517.0 4e-06 1.000184 0.021028 0.000343 26815.040537 6546.640756 0.07
65483.0 3e-06 1.000188 0.021437 0.000344 26784.344075 6539.146503 0.09
65626.0 4e-06 1.000181 0.022588 0.000343 26856.166538 6556.681284 0.0
65439.0 3e-06 1.000178 0.023778 0.000343 26794.562238 6541.641171 0.14
65684.0 3e-06 1.000179 0.019695 0.000343 26884.578296 6563.617748 0.0
65642.0 4e-06 1.0002 0.020814 0.000343 26862.953093 6558.338157 0.0
65660.0 4e-06 1.000194 0.022098 0.000343 26876.044164 6561.53422 0.05
65656.0 4e-06 1.000178 0.022025 0.000343 26866.116265 6559.110416 0.0
65623.0 3e-06 1.000176 0.019287 0.000343 26853.315686 6555.985275 0.0
65508.0 3e-06 1.000199 0.024473 0.000343 26806.942611 6544.663723 0.01
65628.0 3e-06 1.000218 0.021083 0.000343 26844.985385 6553.95151 0.0
65610.0 4e-06 1.000208 0.019477 0.000343 26845.51519 6554.080857 0.03
65523.0 4e-06 1.000182 0.025228 0.000344 26813.978282 6546.381417 0.0
65571.0 4e-06 1.000187 0.020126 0.000343 26824.98612 6549.068877 0.0
65650.0 3e-06 1.00018 0.020321 0.000343 26866.718188 6559.25737 0.0
65670.0 3e-06 1.000201 0.025474 0.000342 26869.442558 6559.9225 0.0
65306.0 3e-06 1.000182 0.020807 0.000345 26723.618789 6524.320993 0.12
65621.0 3e-06 1.000199 0.019429 0.000343 26843.80825 6553.664124 0.01
65613.0 3e-06 1.000175 0.020604 0.000343 26838.388671 6552.340984 0.01
65596.0 3e-06 1.000181 0.019931 0.000342 26852.810128 6555.861848 0.0
65588.0 4e-06 1.000181 0.020829 0.000343 26832.766228 6550.968317 0.0
65519.0 4e-06 1.000181 0.022583 0.000343 26810.822562 6545.610977 0.1
65537.0 4e-06 1.000194 0.021324 0.000343 26826.504559 6549.43959 0.02
65688.0 3e-06 1.00018 0.020994 0.000342 26889.928986 6564.924069 0.0
65528.0 4e-06 1.000175 0.021659 0.000343 26803.60415 6543.848669 0.06
65609.0 3e-06 1.000176 0.021543 0.000343 26842.979618 6553.461821 0.01
65499.0 4e-06 1.000174 0.022805 0.000343 26792.681115 6541.181913 0.12
65612.0 4e-06 1.000179 0.0208 0.000343 26842.729667 6553.400798 0.0
65653.0 4e-06 1.000177 0.018912 0.000343 26865.079233 6558.857235 0.05
65637.0 4e-06 1.000187 0.027062 0.000343 26855.862528 6556.607062 0.0
65644.0 3e-06 1.000173 0.022142 0.000343 26856.636758 6556.796084 0.0
65662.0 4e-06 1.000205 0.0221 0.000342 26859.228296 6557.428783 0.05
64169.0 4e-06 1.000193 0.022671 0.000349 26257.690305 6410.568922 1.92
65571.0 4e-06 1.000181 0.020457 0.000342 26833.350551 6551.110974 0.03
65554.0 4e-06 1.000191 0.019123 0.000343 26826.584006 6549.458986 0.0
65606.0 3e-06 1.000794 0.026091 0.000343 26863.787743 6558.54193 0.0
65636.0 4e-06 1.000182 0.022929 0.000343 26845.05947 6553.969597 0.04
65653.0 3e-06 1.000183 0.019774 0.000343 26862.05485 6558.11886 0.0
65591.0 3e-06 1.000181 0.023719 0.000343 26846.824427 6554.400495 0.02
65652.0 3e-06 1.000174 0.020179 0.000342 26862.227971 6558.161126 0.0
65658.0 4e-06 1.000177 0.02195 0.000343 26865.525609 6558.966213 0.03
65671.0 3e-06 1.000177 0.023068 0.000342 26882.110175 6563.015179 0.0
65591.0 4e-06 1.000185 0.018603 0.000343 26837.703464 6552.173697 0.04
65629.0 4e-06 1.00018 0.020874 0.000343 26861.121875 6557.891083 0.01
65568.0 4e-06 1.000176 0.022919 0.000343 26837.190469 6552.048454 0.03
65592.0 4e-06 1.00018 0.021453 0.000343 26845.28348 6554.024287 0.0
65565.0 4e-06 1.000175 0.019586 0.000343 26833.862991 6551.236082 0.04
65580.0 4e-06 1.000187 0.022751 0.000343 26840.573304 6552.874342 0.09
65659.0 4e-06 1.000176 0.022836 0.000343 26859.068701 6557.389819 0.01
65622.0 4e-06 1.00017 0.019088 0.000343 26851.750284 6555.603097 0.01
65645.0 4e-06 1.000185 0.024963 0.000343 26862.366521 6558.194951 0.0
65711.0 4e-06 1.000175 0.017993 0.000342 26890.988752 6565.182801 0.0
65551.0 3e-06 1.000176 0.022158 0.000343 26828.717591 6549.979881 0.06
65608.0 4e-06 1.000198 0.022469 0.000343 26851.684341 6555.586997 0.0
65543.0 3e-06 1.000192 0.02185 0.000343 26798.122583 6542.510396 0.07
65673.0 4e-06 1.000179 0.022084 0.000343 26874.439139 6561.142368 0.03
65598.0 4e-06 1.000177 0.021118 0.000342 26833.94129 6551.255198 0.03
65505.0 4e-06 1.000178 0.02116 0.000344 26796.141637 6542.026767 0.06
65617.0 3e-06 1.000266 0.021728 0.000343 26858.21252 6557.180791 0.0
65667.0 4e-06 1.000175 0.021127 0.000343 26866.153986 6559.119625 0.0
65555.0 3e-06 1.000184 0.020031 0.000343 26829.711302 6550.222486 0.02
65479.0 3e-06 1.000188 0.021025 0.000343 26805.554526 6544.324835 0.09
65343.0 4e-06 1.000212 0.01667 0.000346 26737.060576 6527.60268 0.01
65670.0 4e-06 1.000178 0.020736 0.000342 26871.906741 6560.524107 0.0
65593.0 4e-06 1.00019 0.021505 0.000343 26852.113397 6555.691747 0.05
65671.0 3e-06 1.000177 0.019694 0.000343 26869.443742 6559.922788 0.01
65672.0 4e-06 1.000173 0.020661 0.000342 26873.151995 6560.828124 0.0
65601.0 4e-06 1.000718 0.021744 0.000343 26854.8838 6556.368115 0.0
65554.0 4e-06 1.000944 0.025264 0.000343 26822.240061 6548.398452 0.01
65584.0 3e-06 1.000196 0.01925 0.000343 26840.566382 6552.872652 0.02
65615.0 4e-06 1.000175 0.021543 0.000343 26870.618549 6560.209607 0.0
65406.0 4e-06 1.000483 0.019746 0.000345 26755.443284 6532.090646 0.0
65627.0 3e-06 1.000174 0.020862 0.000343 26867.039096 6559.335717 0.0
65535.0 3e-06 1.000172 0.020707 0.000343 26800.61147 6543.118035 0.03
65647.0 3e-06 1.000178 0.020323 0.000342 26867.882297 6559.541577 0.0
65585.0 4e-06 1.000223 0.019132 0.000343 26855.521746 6556.523864 0.0
65597.0 4e-06 1.000195 0.021846 0.000343 26840.834143 6552.938023 0.1
65576.0 4e-06 1.000193 0.020714 0.000343 26825.265991 6549.137205 0.08
65646.0 4e-06 1.000191 0.019158 0.000342 26880.558937 6562.636459 0.04
65532.0 4e-06 1.000177 0.019875 0.000344 26819.636174 6547.762738 0.02
65546.0 4e-06 1.00017 0.019368 0.000343 26812.937615 6546.127347 0.02
65555.0 3e-06 1.000176 0.023266 0.000343 26828.266422 6549.869732 0.0
65566.0 3e-06 1.000182 0.02053 0.000343 26813.361236 6546.23077 0.02
