ITGDec version 2.8.1 (r1023)
Compile-time options: bursty multiport
----------------------------------------------------------
Flow number: 1
From 192.168.10.9:52891
To    192.168.10.4:8999
----------------------------------------------------------
Total time               =      9.999154 s
Total packets            =         99820
Minimum delay            =      0.000004 s
Maximum delay            =      1.000127 s
Average delay            =      0.003360 s
Average jitter           =      0.000221 s
Delay standard deviation =      0.057489 s
Bytes received           =      25553920
Average bitrate          =  20444.865636 Kbit/s
Average packet rate      =   9982.844549 pkt/s
Packets dropped          =             0 (0.00 %)
Average loss-burst size  =      0.000000 pkt
----------------------------------------------------------

__________________________________________________________
****************  TOTAL RESULTS   ******************
__________________________________________________________
Number of flows          =             1
Total time               =      9.999154 s
Total packets            =         99820
Minimum delay            =      0.000004 s
Maximum delay            =      1.000127 s
Average delay            =      0.003360 s
Average jitter           =      0.000221 s
Delay standard deviation =      0.057489 s
Bytes received           =      25553920
Average bitrate          =  20444.865636 Kbit/s
Average packet rate      =   9982.844549 pkt/s
Packets dropped          =             0 (0.00 %)
Average loss-burst size  =             0 pkt
Error lines              =             0
----------------------------------------------------------
