ITGDec version 2.8.1 (r1023)
Compile-time options: bursty multiport
----------------------------------------------------------
Flow number: 1
From 192.168.10.9:43166
To    192.168.10.4:8999
----------------------------------------------------------
Total time               =      9.991971 s
Total packets            =           242
Minimum delay            =      0.003253 s
Maximum delay            =      0.004246 s
Average delay            =      0.003524 s
Average jitter           =      0.000099 s
Delay standard deviation =      0.000104 s
Bytes received           =         10663
Average bitrate          =      8.537255 Kbit/s
Average packet rate      =     24.219446 pkt/s
Packets dropped          =             0 (0.00 %)
Average loss-burst size  =      0.000000 pkt
----------------------------------------------------------

__________________________________________________________
****************  TOTAL RESULTS   ******************
__________________________________________________________
Number of flows          =             1
Total time               =      9.991971 s
Total packets            =           242
Minimum delay            =      0.003253 s
Maximum delay            =      0.004246 s
Average delay            =      0.003524 s
Average jitter           =      0.000099 s
Delay standard deviation =      0.000104 s
Bytes received           =         10663
Average bitrate          =      8.537255 Kbit/s
Average packet rate      =     24.219446 pkt/s
Packets dropped          =             0 (0.00 %)
Average loss-burst size  =             0 pkt
Error lines              =             0
----------------------------------------------------------
