ITGDec version 2.8.1 (r1023)
Compile-time options: bursty multiport
----------------------------------------------------------
Flow number: 1
From 192.168.10.9:39705
To    192.168.10.4:8999
----------------------------------------------------------
Total time               =      8.936933 s
Total packets            =             6
Minimum delay            =      0.003560 s
Maximum delay            =      0.004471 s
Average delay            =      0.004166 s
Average jitter           =      0.000248 s
Delay standard deviation =      0.000294 s
Bytes received           =          1395
Average bitrate          =      1.248751 Kbit/s
Average packet rate      =      0.671371 pkt/s
Packets dropped          =             0 (0.00 %)
Average loss-burst size  =      0.000000 pkt
----------------------------------------------------------

__________________________________________________________
****************  TOTAL RESULTS   ******************
__________________________________________________________
Number of flows          =             1
Total time               =      8.936933 s
Total packets            =             6
Minimum delay            =      0.003560 s
Maximum delay            =      0.004471 s
Average delay            =      0.004166 s
Average jitter           =      0.000248 s
Delay standard deviation =      0.000294 s
Bytes received           =          1395
Average bitrate          =      1.248751 Kbit/s
Average packet rate      =      0.671371 pkt/s
Packets dropped          =             0 (0.00 %)
Average loss-burst size  =             0 pkt
Error lines              =             0
----------------------------------------------------------
