ITGDec version 2.8.1 (r1023)
Compile-time options: bursty multiport
----------------------------------------------------------
Flow number: 1
From 192.168.10.9:35743
To    192.168.10.4:8999
----------------------------------------------------------
Total time               =      9.999336 s
Total packets            =         99761
Minimum delay            =      0.000003 s
Maximum delay            =      1.000119 s
Average delay            =      0.003362 s
Average jitter           =      0.000221 s
Delay standard deviation =      0.057506 s
Bytes received           =      25538816
Average bitrate          =  20432.409512 Kbit/s
Average packet rate      =   9976.762457 pkt/s
Packets dropped          =             0 (0.00 %)
Average loss-burst size  =      0.000000 pkt
----------------------------------------------------------

__________________________________________________________
****************  TOTAL RESULTS   ******************
__________________________________________________________
Number of flows          =             1
Total time               =      9.999336 s
Total packets            =         99761
Minimum delay            =      0.000003 s
Maximum delay            =      1.000119 s
Average delay            =      0.003362 s
Average jitter           =      0.000221 s
Delay standard deviation =      0.057506 s
Bytes received           =      25538816
Average bitrate          =  20432.409512 Kbit/s
Average packet rate      =   9976.762457 pkt/s
Packets dropped          =             0 (0.00 %)
Average loss-burst size  =             0 pkt
Error lines              =             0
----------------------------------------------------------
