ITGDec version 2.8.1 (r1023)
Compile-time options: bursty multiport
----------------------------------------------------------
Flow number: 1
From 192.168.10.9:51290
To    192.168.10.4:8999
----------------------------------------------------------
Total time               =      9.998869 s
Total packets            =         99786
Minimum delay            =      0.000004 s
Maximum delay            =      1.000116 s
Average delay            =      0.003011 s
Average jitter           =      0.000221 s
Delay standard deviation =      0.054383 s
Bytes received           =      25545216
Average bitrate          =  20438.484393 Kbit/s
Average packet rate      =   9979.728707 pkt/s
Packets dropped          =             0 (0.00 %)
Average loss-burst size  =      0.000000 pkt
----------------------------------------------------------

__________________________________________________________
****************  TOTAL RESULTS   ******************
__________________________________________________________
Number of flows          =             1
Total time               =      9.998869 s
Total packets            =         99786
Minimum delay            =      0.000004 s
Maximum delay            =      1.000116 s
Average delay            =      0.003011 s
Average jitter           =      0.000221 s
Delay standard deviation =      0.054383 s
Bytes received           =      25545216
Average bitrate          =  20438.484393 Kbit/s
Average packet rate      =   9979.728707 pkt/s
Packets dropped          =             0 (0.00 %)
Average loss-burst size  =             0 pkt
Error lines              =             0
----------------------------------------------------------
