ITGDec version 2.8.1 (r1023)
Compile-time options: bursty multiport
----------------------------------------------------------
Flow number: 1
From 192.168.10.9:59659
To    192.168.10.4:8999
----------------------------------------------------------
Total time               =     10.318120 s
Total packets            =         29635
Minimum delay            =      0.000005 s
Maximum delay            =      1.000837 s
Average delay            =      0.366541 s
Average jitter           =      0.000732 s
Delay standard deviation =      0.468260 s
Bytes received           =      37932800
Average bitrate          =  29410.629068 Kbit/s
Average packet rate      =   2872.131745 pkt/s
Packets dropped          =          2654 (8.22 %)
Average loss-burst size  =      2.009084 pkt
----------------------------------------------------------

__________________________________________________________
****************  TOTAL RESULTS   ******************
__________________________________________________________
Number of flows          =             1
Total time               =     10.318120 s
Total packets            =         29635
Minimum delay            =      0.000005 s
Maximum delay            =      1.000837 s
Average delay            =      0.366541 s
Average jitter           =      0.000732 s
Delay standard deviation =      0.468260 s
Bytes received           =      37932800
Average bitrate          =  29410.629068 Kbit/s
Average packet rate      =   2872.131745 pkt/s
Packets dropped          =          2654 (8.22 %)
Average loss-burst size  =      2.009084 pkt
Error lines              =             0
----------------------------------------------------------
