ITGDec version 2.8.1 (r1023)
Compile-time options: bursty multiport
----------------------------------------------------------
Flow number: 1
From 192.168.10.9:46437
To    192.168.10.4:8999
----------------------------------------------------------
Total time               =      9.999212 s
Total packets            =        167562
Minimum delay            =      0.000002 s
Maximum delay            =      1.000092 s
Average delay            =      0.002560 s
Average jitter           =      0.000134 s
Delay standard deviation =      0.050299 s
Bytes received           =      10723968
Average bitrate          =   8579.850492 Kbit/s
Average packet rate      =  16757.520493 pkt/s
Packets dropped          =           144 (0.09 %)
Average loss-burst size  =    144.000000 pkt
----------------------------------------------------------

__________________________________________________________
****************  TOTAL RESULTS   ******************
__________________________________________________________
Number of flows          =             1
Total time               =      9.999212 s
Total packets            =        167562
Minimum delay            =      0.000002 s
Maximum delay            =      1.000092 s
Average delay            =      0.002560 s
Average jitter           =      0.000134 s
Delay standard deviation =      0.050299 s
Bytes received           =      10723968
Average bitrate          =   8579.850492 Kbit/s
Average packet rate      =  16757.520493 pkt/s
Packets dropped          =           144 (0.09 %)
Average loss-burst size  =    144.000000 pkt
Error lines              =             0
----------------------------------------------------------
