ITGDec version 2.8.1 (r1023)
Compile-time options: bursty multiport
----------------------------------------------------------
Flow number: 1
From 192.168.10.9:56680
To    192.168.10.4:8999
----------------------------------------------------------
Total time               =     10.315405 s
Total packets            =         29610
Minimum delay            =      0.000006 s
Maximum delay            =      1.000334 s
Average delay            =      0.381556 s
Average jitter           =      0.000733 s
Delay standard deviation =      0.472713 s
Bytes received           =      37900800
Average bitrate          =  29393.552653 Kbit/s
Average packet rate      =   2870.464126 pkt/s
Packets dropped          =          2692 (8.33 %)
Average loss-burst size  =      2.119685 pkt
----------------------------------------------------------

__________________________________________________________
****************  TOTAL RESULTS   ******************
__________________________________________________________
Number of flows          =             1
Total time               =     10.315405 s
Total packets            =         29610
Minimum delay            =      0.000006 s
Maximum delay            =      1.000334 s
Average delay            =      0.381556 s
Average jitter           =      0.000733 s
Delay standard deviation =      0.472713 s
Bytes received           =      37900800
Average bitrate          =  29393.552653 Kbit/s
Average packet rate      =   2870.464126 pkt/s
Packets dropped          =          2692 (8.33 %)
Average loss-burst size  =      2.119685 pkt
Error lines              =             0
----------------------------------------------------------
