ITGDec version 2.8.1 (r1023)
Compile-time options: bursty multiport
----------------------------------------------------------
Flow number: 1
From 192.168.10.9:50638
To    192.168.10.4:8999
----------------------------------------------------------
Total time               =     10.321585 s
Total packets            =         29643
Minimum delay            =      0.000004 s
Maximum delay            =      1.000332 s
Average delay            =      0.385327 s
Average jitter           =      0.000767 s
Delay standard deviation =      0.473394 s
Bytes received           =      37943040
Average bitrate          =  29408.692560 Kbit/s
Average packet rate      =   2871.942633 pkt/s
Packets dropped          =          2670 (8.26 %)
Average loss-burst size  =      2.066563 pkt
----------------------------------------------------------

__________________________________________________________
****************  TOTAL RESULTS   ******************
__________________________________________________________
Number of flows          =             1
Total time               =     10.321585 s
Total packets            =         29643
Minimum delay            =      0.000004 s
Maximum delay            =      1.000332 s
Average delay            =      0.385327 s
Average jitter           =      0.000767 s
Delay standard deviation =      0.473394 s
Bytes received           =      37943040
Average bitrate          =  29408.692560 Kbit/s
Average packet rate      =   2871.942633 pkt/s
Packets dropped          =          2670 (8.26 %)
Average loss-burst size  =      2.066563 pkt
Error lines              =             0
----------------------------------------------------------
