ITGDec version 2.8.1 (r1023)
Compile-time options: bursty multiport
----------------------------------------------------------
Flow number: 1
From 192.168.10.9:44348
To    192.168.10.4:8999
----------------------------------------------------------
Total time               =      8.937600 s
Total packets            =             6
Minimum delay            =      0.003629 s
Maximum delay            =      0.004386 s
Average delay            =      0.004011 s
Average jitter           =      0.000265 s
Delay standard deviation =      0.000232 s
Bytes received           =          1430
Average bitrate          =      1.279986 Kbit/s
Average packet rate      =      0.671321 pkt/s
Packets dropped          =             0 (0.00 %)
Average loss-burst size  =      0.000000 pkt
----------------------------------------------------------

__________________________________________________________
****************  TOTAL RESULTS   ******************
__________________________________________________________
Number of flows          =             1
Total time               =      8.937600 s
Total packets            =             6
Minimum delay            =      0.003629 s
Maximum delay            =      0.004386 s
Average delay            =      0.004011 s
Average jitter           =      0.000265 s
Delay standard deviation =      0.000232 s
Bytes received           =          1430
Average bitrate          =      1.279986 Kbit/s
Average packet rate      =      0.671321 pkt/s
Packets dropped          =             0 (0.00 %)
Average loss-burst size  =             0 pkt
Error lines              =             0
----------------------------------------------------------
