ITGDec version 2.8.1 (r1023)
Compile-time options: bursty multiport
----------------------------------------------------------
Flow number: 1
From 192.168.10.9:34408
To    192.168.10.4:8999
----------------------------------------------------------
Total time               =      9.993312 s
Total packets            =        167421
Minimum delay            =      0.000002 s
Maximum delay            =      1.000087 s
Average delay            =      0.002544 s
Average jitter           =      0.000134 s
Delay standard deviation =      0.050142 s
Bytes received           =      10714944
Average bitrate          =   8577.691960 Kbit/s
Average packet rate      =  16753.304610 pkt/s
Packets dropped          =           242 (0.14 %)
Average loss-burst size  =    242.000000 pkt
----------------------------------------------------------

__________________________________________________________
****************  TOTAL RESULTS   ******************
__________________________________________________________
Number of flows          =             1
Total time               =      9.993312 s
Total packets            =        167421
Minimum delay            =      0.000002 s
Maximum delay            =      1.000087 s
Average delay            =      0.002544 s
Average jitter           =      0.000134 s
Delay standard deviation =      0.050142 s
Bytes received           =      10714944
Average bitrate          =   8577.691960 Kbit/s
Average packet rate      =  16753.304610 pkt/s
Packets dropped          =           242 (0.14 %)
Average loss-burst size  =    242.000000 pkt
Error lines              =             0
----------------------------------------------------------
