ITGDec version 2.8.1 (r1023)
Compile-time options: bursty multiport
----------------------------------------------------------
Flow number: 1
From 192.168.10.9:43672
To    192.168.10.4:8999
----------------------------------------------------------
Total time               =     10.317446 s
Total packets            =         29645
Minimum delay            =      0.000005 s
Maximum delay            =      1.000817 s
Average delay            =      0.374417 s
Average jitter           =      0.000730 s
Delay standard deviation =      0.470901 s
Bytes received           =      37945600
Average bitrate          =  29422.475291 Kbit/s
Average packet rate      =   2873.288603 pkt/s
Packets dropped          =          2661 (8.24 %)
Average loss-burst size  =      2.067599 pkt
----------------------------------------------------------

__________________________________________________________
****************  TOTAL RESULTS   ******************
__________________________________________________________
Number of flows          =             1
Total time               =     10.317446 s
Total packets            =         29645
Minimum delay            =      0.000005 s
Maximum delay            =      1.000817 s
Average delay            =      0.374417 s
Average jitter           =      0.000730 s
Delay standard deviation =      0.470901 s
Bytes received           =      37945600
Average bitrate          =  29422.475291 Kbit/s
Average packet rate      =   2873.288603 pkt/s
Packets dropped          =          2661 (8.24 %)
Average loss-burst size  =      2.067599 pkt
Error lines              =             0
----------------------------------------------------------
