ITGDec version 2.8.1 (r1023)
Compile-time options: bursty multiport
----------------------------------------------------------
Flow number: 1
From 192.168.10.9:58766
To    192.168.10.4:8999
----------------------------------------------------------
Total time               =      9.998591 s
Total packets            =        129203
Minimum delay            =      0.000003 s
Maximum delay            =      1.000104 s
Average delay            =      0.002575 s
Average jitter           =      0.000179 s
Delay standard deviation =      0.050321 s
Bytes received           =      16537984
Average bitrate          =  13232.251624 Kbit/s
Average packet rate      =  12922.120727 pkt/s
Packets dropped          =             0 (0.00 %)
Average loss-burst size  =      0.000000 pkt
----------------------------------------------------------

__________________________________________________________
****************  TOTAL RESULTS   ******************
__________________________________________________________
Number of flows          =             1
Total time               =      9.998591 s
Total packets            =        129203
Minimum delay            =      0.000003 s
Maximum delay            =      1.000104 s
Average delay            =      0.002575 s
Average jitter           =      0.000179 s
Delay standard deviation =      0.050321 s
Bytes received           =      16537984
Average bitrate          =  13232.251624 Kbit/s
Average packet rate      =  12922.120727 pkt/s
Packets dropped          =             0 (0.00 %)
Average loss-burst size  =             0 pkt
Error lines              =             0
----------------------------------------------------------
