ITGDec version 2.8.1 (r1023)
Compile-time options: bursty multiport
----------------------------------------------------------
Flow number: 1
From 192.168.10.9:41298
To    192.168.10.4:8999
----------------------------------------------------------
Total time               =      9.998653 s
Total packets            =         99544
Minimum delay            =      0.000003 s
Maximum delay            =      1.000120 s
Average delay            =      0.003449 s
Average jitter           =      0.000222 s
Delay standard deviation =      0.058257 s
Bytes received           =      25483264
Average bitrate          =  20389.357646 Kbit/s
Average packet rate      =   9955.741038 pkt/s
Packets dropped          =             0 (0.00 %)
Average loss-burst size  =      0.000000 pkt
----------------------------------------------------------

__________________________________________________________
****************  TOTAL RESULTS   ******************
__________________________________________________________
Number of flows          =             1
Total time               =      9.998653 s
Total packets            =         99544
Minimum delay            =      0.000003 s
Maximum delay            =      1.000120 s
Average delay            =      0.003449 s
Average jitter           =      0.000222 s
Delay standard deviation =      0.058257 s
Bytes received           =      25483264
Average bitrate          =  20389.357646 Kbit/s
Average packet rate      =   9955.741038 pkt/s
Packets dropped          =             0 (0.00 %)
Average loss-burst size  =             0 pkt
Error lines              =             0
----------------------------------------------------------
