ITGDec version 2.8.1 (r1023)
Compile-time options: bursty multiport
----------------------------------------------------------
Flow number: 1
From 192.168.10.9:56311
To    192.168.10.4:8999
----------------------------------------------------------
Total time               =      9.962668 s
Total packets            =           239
Minimum delay            =      0.003261 s
Maximum delay            =      0.004555 s
Average delay            =      0.003569 s
Average jitter           =      0.000119 s
Delay standard deviation =      0.000130 s
Bytes received           =         10251
Average bitrate          =      8.231530 Kbit/s
Average packet rate      =     23.989558 pkt/s
Packets dropped          =             0 (0.00 %)
Average loss-burst size  =      0.000000 pkt
----------------------------------------------------------

__________________________________________________________
****************  TOTAL RESULTS   ******************
__________________________________________________________
Number of flows          =             1
Total time               =      9.962668 s
Total packets            =           239
Minimum delay            =      0.003261 s
Maximum delay            =      0.004555 s
Average delay            =      0.003569 s
Average jitter           =      0.000119 s
Delay standard deviation =      0.000130 s
Bytes received           =         10251
Average bitrate          =      8.231530 Kbit/s
Average packet rate      =     23.989558 pkt/s
Packets dropped          =             0 (0.00 %)
Average loss-burst size  =             0 pkt
Error lines              =             0
----------------------------------------------------------
