ITGDec version 2.8.1 (r1023)
Compile-time options: bursty multiport
----------------------------------------------------------
Flow number: 1
From 192.168.10.9:57585
To    192.168.10.4:8999
----------------------------------------------------------
Total time               =     10.315281 s
Total packets            =         29630
Minimum delay            =      0.000005 s
Maximum delay            =      1.000951 s
Average delay            =      0.381992 s
Average jitter           =      0.000738 s
Delay standard deviation =      0.472632 s
Bytes received           =      37926400
Average bitrate          =  29413.760032 Kbit/s
Average packet rate      =   2872.437503 pkt/s
Packets dropped          =          2696 (8.34 %)
Average loss-burst size  =      2.172442 pkt
----------------------------------------------------------

__________________________________________________________
****************  TOTAL RESULTS   ******************
__________________________________________________________
Number of flows          =             1
Total time               =     10.315281 s
Total packets            =         29630
Minimum delay            =      0.000005 s
Maximum delay            =      1.000951 s
Average delay            =      0.381992 s
Average jitter           =      0.000738 s
Delay standard deviation =      0.472632 s
Bytes received           =      37926400
Average bitrate          =  29413.760032 Kbit/s
Average packet rate      =   2872.437503 pkt/s
Packets dropped          =          2696 (8.34 %)
Average loss-burst size  =      2.172442 pkt
Error lines              =             0
----------------------------------------------------------
