ITGDec version 2.8.1 (r1023)
Compile-time options: bursty multiport
----------------------------------------------------------
Flow number: 1
From 192.168.10.9:34613
To    192.168.10.4:8999
----------------------------------------------------------
Total time               =      8.937583 s
Total packets            =             6
Minimum delay            =      0.003716 s
Maximum delay            =      0.004456 s
Average delay            =      0.004115 s
Average jitter           =      0.000378 s
Delay standard deviation =      0.000252 s
Bytes received           =          1253
Average bitrate          =      1.121556 Kbit/s
Average packet rate      =      0.671322 pkt/s
Packets dropped          =             0 (0.00 %)
Average loss-burst size  =      0.000000 pkt
----------------------------------------------------------

__________________________________________________________
****************  TOTAL RESULTS   ******************
__________________________________________________________
Number of flows          =             1
Total time               =      8.937583 s
Total packets            =             6
Minimum delay            =      0.003716 s
Maximum delay            =      0.004456 s
Average delay            =      0.004115 s
Average jitter           =      0.000378 s
Delay standard deviation =      0.000252 s
Bytes received           =          1253
Average bitrate          =      1.121556 Kbit/s
Average packet rate      =      0.671322 pkt/s
Packets dropped          =             0 (0.00 %)
Average loss-burst size  =             0 pkt
Error lines              =             0
----------------------------------------------------------
