ITGDec version 2.8.1 (r1023)
Compile-time options: bursty multiport
----------------------------------------------------------
Flow number: 1
From 192.168.10.9:39803
To    192.168.10.4:8999
----------------------------------------------------------
Total time               =     10.315000 s
Total packets            =         29627
Minimum delay            =      0.000006 s
Maximum delay            =      1.000332 s
Average delay            =      0.386710 s
Average jitter           =      0.000768 s
Delay standard deviation =      0.473979 s
Bytes received           =      37922560
Average bitrate          =  29411.583131 Kbit/s
Average packet rate      =   2872.224915 pkt/s
Packets dropped          =          2684 (8.31 %)
Average loss-burst size  =      2.178571 pkt
----------------------------------------------------------

__________________________________________________________
****************  TOTAL RESULTS   ******************
__________________________________________________________
Number of flows          =             1
Total time               =     10.315000 s
Total packets            =         29627
Minimum delay            =      0.000006 s
Maximum delay            =      1.000332 s
Average delay            =      0.386710 s
Average jitter           =      0.000768 s
Delay standard deviation =      0.473979 s
Bytes received           =      37922560
Average bitrate          =  29411.583131 Kbit/s
Average packet rate      =   2872.224915 pkt/s
Packets dropped          =          2684 (8.31 %)
Average loss-burst size  =      2.178571 pkt
Error lines              =             0
----------------------------------------------------------
