ITGDec version 2.8.1 (r1023)
Compile-time options: bursty multiport
----------------------------------------------------------
Flow number: 1
From 192.168.10.9:36783
To    192.168.10.4:8999
----------------------------------------------------------
Total time               =      9.999101 s
Total packets            =         99430
Minimum delay            =      0.000004 s
Maximum delay            =      1.000128 s
Average delay            =      0.004811 s
Average jitter           =      0.000222 s
Delay standard deviation =      0.068880 s
Bytes received           =      25454080
Average bitrate          =  20365.094822 Kbit/s
Average packet rate      =   9943.893956 pkt/s
Packets dropped          =             0 (0.00 %)
Average loss-burst size  =      0.000000 pkt
----------------------------------------------------------

__________________________________________________________
****************  TOTAL RESULTS   ******************
__________________________________________________________
Number of flows          =             1
Total time               =      9.999101 s
Total packets            =         99430
Minimum delay            =      0.000004 s
Maximum delay            =      1.000128 s
Average delay            =      0.004811 s
Average jitter           =      0.000222 s
Delay standard deviation =      0.068880 s
Bytes received           =      25454080
Average bitrate          =  20365.094822 Kbit/s
Average packet rate      =   9943.893956 pkt/s
Packets dropped          =             0 (0.00 %)
Average loss-burst size  =             0 pkt
Error lines              =             0
----------------------------------------------------------
