ITGDec version 2.8.1 (r1023)
Compile-time options: bursty multiport
----------------------------------------------------------
Flow number: 1
From 192.168.10.9:58955
To    192.168.10.4:8999
----------------------------------------------------------
Total time               =      9.968046 s
Total packets            =           233
Minimum delay            =      0.003264 s
Maximum delay            =      0.004366 s
Average delay            =      0.003604 s
Average jitter           =      0.000136 s
Delay standard deviation =      0.000122 s
Bytes received           =         10145
Average bitrate          =      8.142017 Kbit/s
Average packet rate      =     23.374691 pkt/s
Packets dropped          =             0 (0.00 %)
Average loss-burst size  =      0.000000 pkt
----------------------------------------------------------

__________________________________________________________
****************  TOTAL RESULTS   ******************
__________________________________________________________
Number of flows          =             1
Total time               =      9.968046 s
Total packets            =           233
Minimum delay            =      0.003264 s
Maximum delay            =      0.004366 s
Average delay            =      0.003604 s
Average jitter           =      0.000136 s
Delay standard deviation =      0.000122 s
Bytes received           =         10145
Average bitrate          =      8.142017 Kbit/s
Average packet rate      =     23.374691 pkt/s
Packets dropped          =             0 (0.00 %)
Average loss-burst size  =             0 pkt
Error lines              =             0
----------------------------------------------------------
