ITGDec version 2.8.1 (r1023)
Compile-time options: bursty multiport
----------------------------------------------------------
Flow number: 1
From 192.168.10.9:57280
To    192.168.10.4:8999
----------------------------------------------------------
Total time               =     10.264170 s
Total packets            =         36387
Minimum delay            =      0.000005 s
Maximum delay            =      1.000759 s
Average delay            =      0.289779 s
Average jitter           =      0.000627 s
Delay standard deviation =      0.442599 s
Bytes received           =      37260288
Average bitrate          =  29041.052905 Kbit/s
Average packet rate      =   3545.050403 pkt/s
Packets dropped          =          2329 (6.02 %)
Average loss-burst size  =      1.663571 pkt
----------------------------------------------------------

__________________________________________________________
****************  TOTAL RESULTS   ******************
__________________________________________________________
Number of flows          =             1
Total time               =     10.264170 s
Total packets            =         36387
Minimum delay            =      0.000005 s
Maximum delay            =      1.000759 s
Average delay            =      0.289779 s
Average jitter           =      0.000627 s
Delay standard deviation =      0.442599 s
Bytes received           =      37260288
Average bitrate          =  29041.052905 Kbit/s
Average packet rate      =   3545.050403 pkt/s
Packets dropped          =          2329 (6.02 %)
Average loss-burst size  =      1.663571 pkt
Error lines              =             0
----------------------------------------------------------
