ITGDec version 2.8.1 (r1023)
Compile-time options: bursty multiport
----------------------------------------------------------
Flow number: 1
From 192.168.10.9:59076
To    192.168.10.4:8999
----------------------------------------------------------
Total time               =     10.266208 s
Total packets            =         36426
Minimum delay            =      0.000006 s
Maximum delay            =      1.000666 s
Average delay            =      0.297793 s
Average jitter           =      0.000626 s
Delay standard deviation =      0.446175 s
Bytes received           =      37300224
Average bitrate          =  29066.408162 Kbit/s
Average packet rate      =   3548.145528 pkt/s
Packets dropped          =          2308 (5.96 %)
Average loss-burst size  =      1.702065 pkt
----------------------------------------------------------

__________________________________________________________
****************  TOTAL RESULTS   ******************
__________________________________________________________
Number of flows          =             1
Total time               =     10.266208 s
Total packets            =         36426
Minimum delay            =      0.000006 s
Maximum delay            =      1.000666 s
Average delay            =      0.297793 s
Average jitter           =      0.000626 s
Delay standard deviation =      0.446175 s
Bytes received           =      37300224
Average bitrate          =  29066.408162 Kbit/s
Average packet rate      =   3548.145528 pkt/s
Packets dropped          =          2308 (5.96 %)
Average loss-burst size  =      1.702065 pkt
Error lines              =             0
----------------------------------------------------------
