ITGDec version 2.8.1 (r1023)
Compile-time options: bursty multiport
----------------------------------------------------------
Flow number: 1
From 192.168.10.9:48264
To    192.168.10.4:8999
----------------------------------------------------------
Total time               =      9.998677 s
Total packets            =        168559
Minimum delay            =      0.000002 s
Maximum delay            =      1.000089 s
Average delay            =      0.002551 s
Average jitter           =      0.000133 s
Delay standard deviation =      0.050209 s
Bytes received           =      10787776
Average bitrate          =   8631.362729 Kbit/s
Average packet rate      =  16858.130331 pkt/s
Packets dropped          =             0 (0.00 %)
Average loss-burst size  =      0.000000 pkt
----------------------------------------------------------

__________________________________________________________
****************  TOTAL RESULTS   ******************
__________________________________________________________
Number of flows          =             1
Total time               =      9.998677 s
Total packets            =        168559
Minimum delay            =      0.000002 s
Maximum delay            =      1.000089 s
Average delay            =      0.002551 s
Average jitter           =      0.000133 s
Delay standard deviation =      0.050209 s
Bytes received           =      10787776
Average bitrate          =   8631.362729 Kbit/s
Average packet rate      =  16858.130331 pkt/s
Packets dropped          =             0 (0.00 %)
Average loss-burst size  =             0 pkt
Error lines              =             0
----------------------------------------------------------
