ITGDec version 2.8.1 (r1023)
Compile-time options: bursty multiport
----------------------------------------------------------
Flow number: 1
From 192.168.10.9:54383
To    192.168.10.4:8999
----------------------------------------------------------
Total time               =      9.999180 s
Total packets            =         99707
Minimum delay            =      0.000004 s
Maximum delay            =      1.000120 s
Average delay            =      0.003133 s
Average jitter           =      0.000222 s
Delay standard deviation =      0.055493 s
Bytes received           =      25524992
Average bitrate          =  20421.668177 Kbit/s
Average packet rate      =   9971.517664 pkt/s
Packets dropped          =             0 (0.00 %)
Average loss-burst size  =      0.000000 pkt
----------------------------------------------------------

__________________________________________________________
****************  TOTAL RESULTS   ******************
__________________________________________________________
Number of flows          =             1
Total time               =      9.999180 s
Total packets            =         99707
Minimum delay            =      0.000004 s
Maximum delay            =      1.000120 s
Average delay            =      0.003133 s
Average jitter           =      0.000222 s
Delay standard deviation =      0.055493 s
Bytes received           =      25524992
Average bitrate          =  20421.668177 Kbit/s
Average packet rate      =   9971.517664 pkt/s
Packets dropped          =             0 (0.00 %)
Average loss-burst size  =             0 pkt
Error lines              =             0
----------------------------------------------------------
