ITGDec version 2.8.1 (r1023)
Compile-time options: bursty multiport
----------------------------------------------------------
Flow number: 1
From 192.168.10.9:37725
To    192.168.10.4:8999
----------------------------------------------------------
Total time               =      9.998526 s
Total packets            =         99823
Minimum delay            =      0.000003 s
Maximum delay            =      1.000113 s
Average delay            =      0.003090 s
Average jitter           =      0.000221 s
Delay standard deviation =      0.055101 s
Bytes received           =      25554688
Average bitrate          =  20446.764253 Kbit/s
Average packet rate      =   9983.771608 pkt/s
Packets dropped          =             0 (0.00 %)
Average loss-burst size  =      0.000000 pkt
----------------------------------------------------------

__________________________________________________________
****************  TOTAL RESULTS   ******************
__________________________________________________________
Number of flows          =             1
Total time               =      9.998526 s
Total packets            =         99823
Minimum delay            =      0.000003 s
Maximum delay            =      1.000113 s
Average delay            =      0.003090 s
Average jitter           =      0.000221 s
Delay standard deviation =      0.055101 s
Bytes received           =      25554688
Average bitrate          =  20446.764253 Kbit/s
Average packet rate      =   9983.771608 pkt/s
Packets dropped          =             0 (0.00 %)
Average loss-burst size  =             0 pkt
Error lines              =             0
----------------------------------------------------------
