ITGDec version 2.8.1 (r1023)
Compile-time options: bursty multiport
----------------------------------------------------------
Flow number: 1
From 192.168.10.9:56607
To    192.168.10.4:8999
----------------------------------------------------------
Total time               =      9.998898 s
Total packets            =         98957
Minimum delay            =      0.000003 s
Maximum delay            =      1.000111 s
Average delay            =      0.003430 s
Average jitter           =      0.000225 s
Delay standard deviation =      0.058085 s
Bytes received           =      25332992
Average bitrate          =  20268.627203 Kbit/s
Average packet rate      =   9896.790626 pkt/s
Packets dropped          =             0 (0.00 %)
Average loss-burst size  =      0.000000 pkt
----------------------------------------------------------

__________________________________________________________
****************  TOTAL RESULTS   ******************
__________________________________________________________
Number of flows          =             1
Total time               =      9.998898 s
Total packets            =         98957
Minimum delay            =      0.000003 s
Maximum delay            =      1.000111 s
Average delay            =      0.003430 s
Average jitter           =      0.000225 s
Delay standard deviation =      0.058085 s
Bytes received           =      25332992
Average bitrate          =  20268.627203 Kbit/s
Average packet rate      =   9896.790626 pkt/s
Packets dropped          =             0 (0.00 %)
Average loss-burst size  =             0 pkt
Error lines              =             0
----------------------------------------------------------
