ITGDec version 2.8.1 (r1023)
Compile-time options: bursty multiport
----------------------------------------------------------
Flow number: 1
From 192.168.10.9:38298
To    192.168.10.4:8999
----------------------------------------------------------
Total time               =      9.999060 s
Total packets            =        129271
Minimum delay            =      0.000003 s
Maximum delay            =      1.000095 s
Average delay            =      0.003298 s
Average jitter           =      0.000176 s
Delay standard deviation =      0.057042 s
Bytes received           =      16546688
Average bitrate          =  13238.594828 Kbit/s
Average packet rate      =  12928.315262 pkt/s
Packets dropped          =             0 (0.00 %)
Average loss-burst size  =      0.000000 pkt
----------------------------------------------------------

__________________________________________________________
****************  TOTAL RESULTS   ******************
__________________________________________________________
Number of flows          =             1
Total time               =      9.999060 s
Total packets            =        129271
Minimum delay            =      0.000003 s
Maximum delay            =      1.000095 s
Average delay            =      0.003298 s
Average jitter           =      0.000176 s
Delay standard deviation =      0.057042 s
Bytes received           =      16546688
Average bitrate          =  13238.594828 Kbit/s
Average packet rate      =  12928.315262 pkt/s
Packets dropped          =             0 (0.00 %)
Average loss-burst size  =             0 pkt
Error lines              =             0
----------------------------------------------------------
