ITGDec version 2.8.1 (r1023)
Compile-time options: bursty multiport
----------------------------------------------------------
Flow number: 1
From 192.168.10.9:49271
To    192.168.10.4:8999
----------------------------------------------------------
Total time               =     10.318618 s
Total packets            =         29630
Minimum delay            =      0.000005 s
Maximum delay            =      1.000692 s
Average delay            =      0.385920 s
Average jitter           =      0.000768 s
Delay standard deviation =      0.473368 s
Bytes received           =      37926400
Average bitrate          =  29404.247739 Kbit/s
Average packet rate      =   2871.508568 pkt/s
Packets dropped          =          2681 (8.30 %)
Average loss-burst size  =      2.116022 pkt
----------------------------------------------------------

__________________________________________________________
****************  TOTAL RESULTS   ******************
__________________________________________________________
Number of flows          =             1
Total time               =     10.318618 s
Total packets            =         29630
Minimum delay            =      0.000005 s
Maximum delay            =      1.000692 s
Average delay            =      0.385920 s
Average jitter           =      0.000768 s
Delay standard deviation =      0.473368 s
Bytes received           =      37926400
Average bitrate          =  29404.247739 Kbit/s
Average packet rate      =   2871.508568 pkt/s
Packets dropped          =          2681 (8.30 %)
Average loss-burst size  =      2.116022 pkt
Error lines              =             0
----------------------------------------------------------
