ITGDec version 2.8.1 (r1023)
Compile-time options: bursty multiport
----------------------------------------------------------
Flow number: 1
From 192.168.10.9:47250
To    192.168.10.4:8999
----------------------------------------------------------
Total time               =      9.998887 s
Total packets            =         99653
Minimum delay            =      0.000004 s
Maximum delay            =      1.000128 s
Average delay            =      0.003175 s
Average jitter           =      0.000222 s
Delay standard deviation =      0.055866 s
Bytes received           =      25511168
Average bitrate          =  20411.206167 Kbit/s
Average packet rate      =   9966.409261 pkt/s
Packets dropped          =             0 (0.00 %)
Average loss-burst size  =      0.000000 pkt
----------------------------------------------------------

__________________________________________________________
****************  TOTAL RESULTS   ******************
__________________________________________________________
Number of flows          =             1
Total time               =      9.998887 s
Total packets            =         99653
Minimum delay            =      0.000004 s
Maximum delay            =      1.000128 s
Average delay            =      0.003175 s
Average jitter           =      0.000222 s
Delay standard deviation =      0.055866 s
Bytes received           =      25511168
Average bitrate          =  20411.206167 Kbit/s
Average packet rate      =   9966.409261 pkt/s
Packets dropped          =             0 (0.00 %)
Average loss-burst size  =             0 pkt
Error lines              =             0
----------------------------------------------------------
