ITGDec version 2.8.1 (r1023)
Compile-time options: bursty multiport
----------------------------------------------------------
Flow number: 1
From 192.168.10.9:44922
To    192.168.10.4:8999
----------------------------------------------------------
Total time               =     10.317998 s
Total packets            =         29637
Minimum delay            =      0.000006 s
Maximum delay            =      1.000332 s
Average delay            =      0.368756 s
Average jitter           =      0.000731 s
Delay standard deviation =      0.469453 s
Bytes received           =      37935360
Average bitrate          =  29412.961701 Kbit/s
Average packet rate      =   2872.359541 pkt/s
Packets dropped          =          2675 (8.28 %)
Average loss-burst size  =      2.171266 pkt
----------------------------------------------------------

__________________________________________________________
****************  TOTAL RESULTS   ******************
__________________________________________________________
Number of flows          =             1
Total time               =     10.317998 s
Total packets            =         29637
Minimum delay            =      0.000006 s
Maximum delay            =      1.000332 s
Average delay            =      0.368756 s
Average jitter           =      0.000731 s
Delay standard deviation =      0.469453 s
Bytes received           =      37935360
Average bitrate          =  29412.961701 Kbit/s
Average packet rate      =   2872.359541 pkt/s
Packets dropped          =          2675 (8.28 %)
Average loss-burst size  =      2.171266 pkt
Error lines              =             0
----------------------------------------------------------
