ITGDec version 2.8.1 (r1023)
Compile-time options: bursty multiport
----------------------------------------------------------
Flow number: 1
From 192.168.10.9:42353
To    192.168.10.4:8999
----------------------------------------------------------
Total time               =     10.317648 s
Total packets            =         29645
Minimum delay            =      0.000006 s
Maximum delay            =      1.000834 s
Average delay            =      0.369474 s
Average jitter           =      0.000732 s
Delay standard deviation =      0.469198 s
Bytes received           =      37945600
Average bitrate          =  29421.899255 Kbit/s
Average packet rate      =   2873.232349 pkt/s
Packets dropped          =          2653 (8.21 %)
Average loss-burst size  =      2.158666 pkt
----------------------------------------------------------

__________________________________________________________
****************  TOTAL RESULTS   ******************
__________________________________________________________
Number of flows          =             1
Total time               =     10.317648 s
Total packets            =         29645
Minimum delay            =      0.000006 s
Maximum delay            =      1.000834 s
Average delay            =      0.369474 s
Average jitter           =      0.000732 s
Delay standard deviation =      0.469198 s
Bytes received           =      37945600
Average bitrate          =  29421.899255 Kbit/s
Average packet rate      =   2873.232349 pkt/s
Packets dropped          =          2653 (8.21 %)
Average loss-burst size  =      2.158666 pkt
Error lines              =             0
----------------------------------------------------------
