ITGDec version 2.8.1 (r1023)
Compile-time options: bursty multiport
----------------------------------------------------------
Flow number: 1
From 192.168.10.9:37658
To    192.168.10.4:8999
----------------------------------------------------------
Total time               =      9.974230 s
Total packets            =           239
Minimum delay            =      0.003112 s
Maximum delay            =      0.004699 s
Average delay            =      0.003546 s
Average jitter           =      0.000123 s
Delay standard deviation =      0.000143 s
Bytes received           =         10270
Average bitrate          =      8.237227 Kbit/s
Average packet rate      =     23.961749 pkt/s
Packets dropped          =             0 (0.00 %)
Average loss-burst size  =      0.000000 pkt
----------------------------------------------------------

__________________________________________________________
****************  TOTAL RESULTS   ******************
__________________________________________________________
Number of flows          =             1
Total time               =      9.974230 s
Total packets            =           239
Minimum delay            =      0.003112 s
Maximum delay            =      0.004699 s
Average delay            =      0.003546 s
Average jitter           =      0.000123 s
Delay standard deviation =      0.000143 s
Bytes received           =         10270
Average bitrate          =      8.237227 Kbit/s
Average packet rate      =     23.961749 pkt/s
Packets dropped          =             0 (0.00 %)
Average loss-burst size  =             0 pkt
Error lines              =             0
----------------------------------------------------------
