ITGDec version 2.8.1 (r1023)
Compile-time options: bursty multiport
----------------------------------------------------------
Flow number: 1
From 192.168.10.9:40521
To    192.168.10.4:8999
----------------------------------------------------------
Total time               =      9.982810 s
Total packets            =           229
Minimum delay            =      0.003286 s
Maximum delay            =      0.005552 s
Average delay            =      0.003597 s
Average jitter           =      0.000165 s
Delay standard deviation =      0.000175 s
Bytes received           =         10025
Average bitrate          =      8.033810 Kbit/s
Average packet rate      =     22.939433 pkt/s
Packets dropped          =             0 (0.00 %)
Average loss-burst size  =      0.000000 pkt
----------------------------------------------------------

__________________________________________________________
****************  TOTAL RESULTS   ******************
__________________________________________________________
Number of flows          =             1
Total time               =      9.982810 s
Total packets            =           229
Minimum delay            =      0.003286 s
Maximum delay            =      0.005552 s
Average delay            =      0.003597 s
Average jitter           =      0.000165 s
Delay standard deviation =      0.000175 s
Bytes received           =         10025
Average bitrate          =      8.033810 Kbit/s
Average packet rate      =     22.939433 pkt/s
Packets dropped          =             0 (0.00 %)
Average loss-burst size  =             0 pkt
Error lines              =             0
----------------------------------------------------------
