ITGDec version 2.8.1 (r1023)
Compile-time options: bursty multiport
----------------------------------------------------------
Flow number: 1
From 192.168.10.9:44434
To    192.168.10.4:8999
----------------------------------------------------------
Total time               =      8.936495 s
Total packets            =             6
Minimum delay            =      0.003778 s
Maximum delay            =      0.004296 s
Average delay            =      0.003984 s
Average jitter           =      0.000240 s
Delay standard deviation =      0.000169 s
Bytes received           =          1015
Average bitrate          =      0.908634 Kbit/s
Average packet rate      =      0.671404 pkt/s
Packets dropped          =             0 (0.00 %)
Average loss-burst size  =      0.000000 pkt
----------------------------------------------------------

__________________________________________________________
****************  TOTAL RESULTS   ******************
__________________________________________________________
Number of flows          =             1
Total time               =      8.936495 s
Total packets            =             6
Minimum delay            =      0.003778 s
Maximum delay            =      0.004296 s
Average delay            =      0.003984 s
Average jitter           =      0.000240 s
Delay standard deviation =      0.000169 s
Bytes received           =          1015
Average bitrate          =      0.908634 Kbit/s
Average packet rate      =      0.671404 pkt/s
Packets dropped          =             0 (0.00 %)
Average loss-burst size  =             0 pkt
Error lines              =             0
----------------------------------------------------------
