ITGDec version 2.8.1 (r1023)
Compile-time options: bursty multiport
----------------------------------------------------------
Flow number: 1
From 192.168.10.9:42101
To    192.168.10.4:8999
----------------------------------------------------------
Total time               =     10.265606 s
Total packets            =         36422
Minimum delay            =      0.000006 s
Maximum delay            =      1.001374 s
Average delay            =      0.293231 s
Average jitter           =      0.000602 s
Delay standard deviation =      0.443857 s
Bytes received           =      37296128
Average bitrate          =  29064.920668 Kbit/s
Average packet rate      =   3547.963949 pkt/s
Packets dropped          =          2305 (5.95 %)
Average loss-burst size  =      1.692364 pkt
----------------------------------------------------------

__________________________________________________________
****************  TOTAL RESULTS   ******************
__________________________________________________________
Number of flows          =             1
Total time               =     10.265606 s
Total packets            =         36422
Minimum delay            =      0.000006 s
Maximum delay            =      1.001374 s
Average delay            =      0.293231 s
Average jitter           =      0.000602 s
Delay standard deviation =      0.443857 s
Bytes received           =      37296128
Average bitrate          =  29064.920668 Kbit/s
Average packet rate      =   3547.963949 pkt/s
Packets dropped          =          2305 (5.95 %)
Average loss-burst size  =      1.692364 pkt
Error lines              =             0
----------------------------------------------------------
