ITGDec version 2.8.1 (r1023)
Compile-time options: bursty multiport
----------------------------------------------------------
Flow number: 1
From 192.168.10.9:34973
To    192.168.10.4:8999
----------------------------------------------------------
Total time               =     10.265485 s
Total packets            =         36391
Minimum delay            =      0.000006 s
Maximum delay            =      1.000777 s
Average delay            =      0.294757 s
Average jitter           =      0.000605 s
Delay standard deviation =      0.444962 s
Bytes received           =      37264384
Average bitrate          =  29040.524827 Kbit/s
Average packet rate      =   3544.985941 pkt/s
Packets dropped          =          2347 (6.06 %)
Average loss-burst size  =      1.671652 pkt
----------------------------------------------------------

__________________________________________________________
****************  TOTAL RESULTS   ******************
__________________________________________________________
Number of flows          =             1
Total time               =     10.265485 s
Total packets            =         36391
Minimum delay            =      0.000006 s
Maximum delay            =      1.000777 s
Average delay            =      0.294757 s
Average jitter           =      0.000605 s
Delay standard deviation =      0.444962 s
Bytes received           =      37264384
Average bitrate          =  29040.524827 Kbit/s
Average packet rate      =   3544.985941 pkt/s
Packets dropped          =          2347 (6.06 %)
Average loss-burst size  =      1.671652 pkt
Error lines              =             0
----------------------------------------------------------
