ITGDec version 2.8.1 (r1023)
Compile-time options: bursty multiport
----------------------------------------------------------
Flow number: 1
From 192.168.10.9:54584
To    192.168.10.4:8999
----------------------------------------------------------
Total time               =      9.967005 s
Total packets            =           241
Minimum delay            =      0.003281 s
Maximum delay            =      0.004441 s
Average delay            =      0.003553 s
Average jitter           =      0.000119 s
Delay standard deviation =      0.000123 s
Bytes received           =         10362
Average bitrate          =      8.317042 Kbit/s
Average packet rate      =     24.179781 pkt/s
Packets dropped          =             0 (0.00 %)
Average loss-burst size  =      0.000000 pkt
----------------------------------------------------------

__________________________________________________________
****************  TOTAL RESULTS   ******************
__________________________________________________________
Number of flows          =             1
Total time               =      9.967005 s
Total packets            =           241
Minimum delay            =      0.003281 s
Maximum delay            =      0.004441 s
Average delay            =      0.003553 s
Average jitter           =      0.000119 s
Delay standard deviation =      0.000123 s
Bytes received           =         10362
Average bitrate          =      8.317042 Kbit/s
Average packet rate      =     24.179781 pkt/s
Packets dropped          =             0 (0.00 %)
Average loss-burst size  =             0 pkt
Error lines              =             0
----------------------------------------------------------
