ITGDec version 2.8.1 (r1023)
Compile-time options: bursty multiport
----------------------------------------------------------
Flow number: 1
From 192.168.10.9:36570
To    192.168.10.4:8999
----------------------------------------------------------
Total time               =     10.050244 s
Total packets            =         66492
Minimum delay            =      0.000005 s
Maximum delay            =      1.000188 s
Average delay            =      0.042438 s
Average jitter           =      0.000339 s
Delay standard deviation =      0.200002 s
Bytes received           =      34043904
Average bitrate          =  27098.967149 Kbit/s
Average packet rate      =   6615.958777 pkt/s
Packets dropped          =             0 (0.00 %)
Average loss-burst size  =      0.000000 pkt
----------------------------------------------------------

__________________________________________________________
****************  TOTAL RESULTS   ******************
__________________________________________________________
Number of flows          =             1
Total time               =     10.050244 s
Total packets            =         66492
Minimum delay            =      0.000005 s
Maximum delay            =      1.000188 s
Average delay            =      0.042438 s
Average jitter           =      0.000339 s
Delay standard deviation =      0.200002 s
Bytes received           =      34043904
Average bitrate          =  27098.967149 Kbit/s
Average packet rate      =   6615.958777 pkt/s
Packets dropped          =             0 (0.00 %)
Average loss-burst size  =             0 pkt
Error lines              =             0
----------------------------------------------------------
