ITGDec version 2.8.1 (r1023)
Compile-time options: bursty multiport
----------------------------------------------------------
Flow number: 1
From 192.168.10.9:56077
To    192.168.10.4:8999
----------------------------------------------------------
Total time               =     10.318010 s
Total packets            =         29631
Minimum delay            =      0.000006 s
Maximum delay            =      1.000773 s
Average delay            =      0.371515 s
Average jitter           =      0.000733 s
Delay standard deviation =      0.470077 s
Bytes received           =      37927680
Average bitrate          =  29406.972856 Kbit/s
Average packet rate      =   2871.774693 pkt/s
Packets dropped          =          2707 (8.37 %)
Average loss-burst size  =      2.193679 pkt
----------------------------------------------------------

__________________________________________________________
****************  TOTAL RESULTS   ******************
__________________________________________________________
Number of flows          =             1
Total time               =     10.318010 s
Total packets            =         29631
Minimum delay            =      0.000006 s
Maximum delay            =      1.000773 s
Average delay            =      0.371515 s
Average jitter           =      0.000733 s
Delay standard deviation =      0.470077 s
Bytes received           =      37927680
Average bitrate          =  29406.972856 Kbit/s
Average packet rate      =   2871.774693 pkt/s
Packets dropped          =          2707 (8.37 %)
Average loss-burst size  =      2.193679 pkt
Error lines              =             0
----------------------------------------------------------
