ITGDec version 2.8.1 (r1023)
Compile-time options: bursty multiport
----------------------------------------------------------
Flow number: 1
From 192.168.10.9:58998
To    192.168.10.4:8999
----------------------------------------------------------
Total time               =      9.998379 s
Total packets            =        167991
Minimum delay            =      0.000002 s
Maximum delay            =      1.000088 s
Average delay            =      0.002470 s
Average jitter           =      0.000134 s
Delay standard deviation =      0.049402 s
Bytes received           =      10751424
Average bitrate          =   8602.533671 Kbit/s
Average packet rate      =  16801.823576 pkt/s
Packets dropped          =             0 (0.00 %)
Average loss-burst size  =      0.000000 pkt
----------------------------------------------------------

__________________________________________________________
****************  TOTAL RESULTS   ******************
__________________________________________________________
Number of flows          =             1
Total time               =      9.998379 s
Total packets            =        167991
Minimum delay            =      0.000002 s
Maximum delay            =      1.000088 s
Average delay            =      0.002470 s
Average jitter           =      0.000134 s
Delay standard deviation =      0.049402 s
Bytes received           =      10751424
Average bitrate          =   8602.533671 Kbit/s
Average packet rate      =  16801.823576 pkt/s
Packets dropped          =             0 (0.00 %)
Average loss-burst size  =             0 pkt
Error lines              =             0
----------------------------------------------------------
