ITGDec version 2.8.1 (r1023)
Compile-time options: bursty multiport
----------------------------------------------------------
Flow number: 1
From 192.168.10.9:55208
To    192.168.10.4:8999
----------------------------------------------------------
Total time               =     10.266263 s
Total packets            =         36393
Minimum delay            =      0.000006 s
Maximum delay            =      1.000581 s
Average delay            =      0.286278 s
Average jitter           =      0.000625 s
Delay standard deviation =      0.440852 s
Bytes received           =      37266432
Average bitrate          =  29039.919979 Kbit/s
Average packet rate      =   3544.912107 pkt/s
Packets dropped          =          2334 (6.03 %)
Average loss-burst size  =      1.631027 pkt
----------------------------------------------------------

__________________________________________________________
****************  TOTAL RESULTS   ******************
__________________________________________________________
Number of flows          =             1
Total time               =     10.266263 s
Total packets            =         36393
Minimum delay            =      0.000006 s
Maximum delay            =      1.000581 s
Average delay            =      0.286278 s
Average jitter           =      0.000625 s
Delay standard deviation =      0.440852 s
Bytes received           =      37266432
Average bitrate          =  29039.919979 Kbit/s
Average packet rate      =   3544.912107 pkt/s
Packets dropped          =          2334 (6.03 %)
Average loss-burst size  =      1.631027 pkt
Error lines              =             0
----------------------------------------------------------
