ITGDec version 2.8.1 (r1023)
Compile-time options: bursty multiport
----------------------------------------------------------
Flow number: 1
From 192.168.10.9:59092
To    192.168.10.4:8999
----------------------------------------------------------
Total time               =      9.998796 s
Total packets            =        129925
Minimum delay            =      0.000003 s
Maximum delay            =      1.000103 s
Average delay            =      0.002545 s
Average jitter           =      0.000177 s
Delay standard deviation =      0.050028 s
Bytes received           =      16630400
Average bitrate          =  13305.922033 Kbit/s
Average packet rate      =  12994.064485 pkt/s
Packets dropped          =             0 (0.00 %)
Average loss-burst size  =      0.000000 pkt
----------------------------------------------------------

__________________________________________________________
****************  TOTAL RESULTS   ******************
__________________________________________________________
Number of flows          =             1
Total time               =      9.998796 s
Total packets            =        129925
Minimum delay            =      0.000003 s
Maximum delay            =      1.000103 s
Average delay            =      0.002545 s
Average jitter           =      0.000177 s
Delay standard deviation =      0.050028 s
Bytes received           =      16630400
Average bitrate          =  13305.922033 Kbit/s
Average packet rate      =  12994.064485 pkt/s
Packets dropped          =             0 (0.00 %)
Average loss-burst size  =             0 pkt
Error lines              =             0
----------------------------------------------------------
