ITGDec version 2.8.1 (r1023)
Compile-time options: bursty multiport
----------------------------------------------------------
Flow number: 1
From 192.168.10.9:36743
To    192.168.10.4:8999
----------------------------------------------------------
Total time               =      9.999020 s
Total packets            =        129749
Minimum delay            =      0.000003 s
Maximum delay            =      1.000103 s
Average delay            =      0.002417 s
Average jitter           =      0.000178 s
Delay standard deviation =      0.048743 s
Bytes received           =      16607872
Average bitrate          =  13287.599785 Kbit/s
Average packet rate      =  12976.171665 pkt/s
Packets dropped          =             0 (0.00 %)
Average loss-burst size  =      0.000000 pkt
----------------------------------------------------------

__________________________________________________________
****************  TOTAL RESULTS   ******************
__________________________________________________________
Number of flows          =             1
Total time               =      9.999020 s
Total packets            =        129749
Minimum delay            =      0.000003 s
Maximum delay            =      1.000103 s
Average delay            =      0.002417 s
Average jitter           =      0.000178 s
Delay standard deviation =      0.048743 s
Bytes received           =      16607872
Average bitrate          =  13287.599785 Kbit/s
Average packet rate      =  12976.171665 pkt/s
Packets dropped          =             0 (0.00 %)
Average loss-burst size  =             0 pkt
Error lines              =             0
----------------------------------------------------------
