ITGDec version 2.8.1 (r1023)
Compile-time options: bursty multiport
----------------------------------------------------------
Flow number: 1
From 192.168.10.9:37659
To    192.168.10.4:8999
----------------------------------------------------------
Total time               =      9.977824 s
Total packets            =           226
Minimum delay            =      0.000072 s
Maximum delay            =      0.004926 s
Average delay            =      0.003567 s
Average jitter           =      0.000197 s
Delay standard deviation =      0.000282 s
Bytes received           =          9914
Average bitrate          =      7.948827 Kbit/s
Average packet rate      =     22.650229 pkt/s
Packets dropped          =             0 (0.00 %)
Average loss-burst size  =      0.000000 pkt
----------------------------------------------------------

__________________________________________________________
****************  TOTAL RESULTS   ******************
__________________________________________________________
Number of flows          =             1
Total time               =      9.977824 s
Total packets            =           226
Minimum delay            =      0.000072 s
Maximum delay            =      0.004926 s
Average delay            =      0.003567 s
Average jitter           =      0.000197 s
Delay standard deviation =      0.000282 s
Bytes received           =          9914
Average bitrate          =      7.948827 Kbit/s
Average packet rate      =     22.650229 pkt/s
Packets dropped          =             0 (0.00 %)
Average loss-burst size  =             0 pkt
Error lines              =             0
----------------------------------------------------------
