ITGDec version 2.8.1 (r1023)
Compile-time options: bursty multiport
----------------------------------------------------------
Flow number: 1
From 192.168.10.9:36125
To    192.168.10.4:8999
----------------------------------------------------------
Total time               =     10.049233 s
Total packets            =         66476
Minimum delay            =      0.000005 s
Maximum delay            =      1.000182 s
Average delay            =      0.042479 s
Average jitter           =      0.000339 s
Delay standard deviation =      0.200161 s
Bytes received           =      34035712
Average bitrate          =  27095.171940 Kbit/s
Average packet rate      =   6615.032212 pkt/s
Packets dropped          =             0 (0.00 %)
Average loss-burst size  =      0.000000 pkt
----------------------------------------------------------

__________________________________________________________
****************  TOTAL RESULTS   ******************
__________________________________________________________
Number of flows          =             1
Total time               =     10.049233 s
Total packets            =         66476
Minimum delay            =      0.000005 s
Maximum delay            =      1.000182 s
Average delay            =      0.042479 s
Average jitter           =      0.000339 s
Delay standard deviation =      0.200161 s
Bytes received           =      34035712
Average bitrate          =  27095.171940 Kbit/s
Average packet rate      =   6615.032212 pkt/s
Packets dropped          =             0 (0.00 %)
Average loss-burst size  =             0 pkt
Error lines              =             0
----------------------------------------------------------
