ITGDec version 2.8.1 (r1023)
Compile-time options: bursty multiport
----------------------------------------------------------
Flow number: 1
From 192.168.10.9:48547
To    192.168.10.4:8999
----------------------------------------------------------
Total time               =      9.998809 s
Total packets            =        168134
Minimum delay            =      0.000002 s
Maximum delay            =      1.000091 s
Average delay            =      0.002546 s
Average jitter           =      0.000134 s
Delay standard deviation =      0.050154 s
Bytes received           =      10760576
Average bitrate          =   8609.486190 Kbit/s
Average packet rate      =  16815.402714 pkt/s
Packets dropped          =             0 (0.00 %)
Average loss-burst size  =      0.000000 pkt
----------------------------------------------------------

__________________________________________________________
****************  TOTAL RESULTS   ******************
__________________________________________________________
Number of flows          =             1
Total time               =      9.998809 s
Total packets            =        168134
Minimum delay            =      0.000002 s
Maximum delay            =      1.000091 s
Average delay            =      0.002546 s
Average jitter           =      0.000134 s
Delay standard deviation =      0.050154 s
Bytes received           =      10760576
Average bitrate          =   8609.486190 Kbit/s
Average packet rate      =  16815.402714 pkt/s
Packets dropped          =             0 (0.00 %)
Average loss-burst size  =             0 pkt
Error lines              =             0
----------------------------------------------------------
