ITGDec version 2.8.1 (r1023)
Compile-time options: bursty multiport
----------------------------------------------------------
Flow number: 1
From 192.168.10.9:36700
To    192.168.10.4:8999
----------------------------------------------------------
Total time               =     10.265630 s
Total packets            =         36405
Minimum delay            =      0.000003 s
Maximum delay            =      1.000765 s
Average delay            =      0.307958 s
Average jitter           =      0.000603 s
Delay standard deviation =      0.450756 s
Bytes received           =      37278720
Average bitrate          =  29051.286672 Kbit/s
Average packet rate      =   3546.299643 pkt/s
Packets dropped          =          2338 (6.03 %)
Average loss-burst size  =      1.715334 pkt
----------------------------------------------------------

__________________________________________________________
****************  TOTAL RESULTS   ******************
__________________________________________________________
Number of flows          =             1
Total time               =     10.265630 s
Total packets            =         36405
Minimum delay            =      0.000003 s
Maximum delay            =      1.000765 s
Average delay            =      0.307958 s
Average jitter           =      0.000603 s
Delay standard deviation =      0.450756 s
Bytes received           =      37278720
Average bitrate          =  29051.286672 Kbit/s
Average packet rate      =   3546.299643 pkt/s
Packets dropped          =          2338 (6.03 %)
Average loss-burst size  =      1.715334 pkt
Error lines              =             0
----------------------------------------------------------
