ITGDec version 2.8.1 (r1023)
Compile-time options: bursty multiport
----------------------------------------------------------
Flow number: 1
From 192.168.10.9:37150
To    192.168.10.4:8999
----------------------------------------------------------
Total time               =     10.048217 s
Total packets            =         66493
Minimum delay            =      0.000006 s
Maximum delay            =      1.000176 s
Average delay            =      0.042601 s
Average jitter           =      0.000339 s
Delay standard deviation =      0.200479 s
Bytes received           =      34044416
Average bitrate          =  27104.841386 Kbit/s
Average packet rate      =   6617.392917 pkt/s
Packets dropped          =             0 (0.00 %)
Average loss-burst size  =      0.000000 pkt
----------------------------------------------------------

__________________________________________________________
****************  TOTAL RESULTS   ******************
__________________________________________________________
Number of flows          =             1
Total time               =     10.048217 s
Total packets            =         66493
Minimum delay            =      0.000006 s
Maximum delay            =      1.000176 s
Average delay            =      0.042601 s
Average jitter           =      0.000339 s
Delay standard deviation =      0.200479 s
Bytes received           =      34044416
Average bitrate          =  27104.841386 Kbit/s
Average packet rate      =   6617.392917 pkt/s
Packets dropped          =             0 (0.00 %)
Average loss-burst size  =             0 pkt
Error lines              =             0
----------------------------------------------------------
