ITGDec version 2.8.1 (r1023)
Compile-time options: bursty multiport
----------------------------------------------------------
Flow number: 1
From 192.168.10.9:35668
To    192.168.10.4:8999
----------------------------------------------------------
Total time               =      9.983358 s
Total packets            =           237
Minimum delay            =      0.003304 s
Maximum delay            =      0.003851 s
Average delay            =      0.003554 s
Average jitter           =      0.000111 s
Delay standard deviation =      0.000098 s
Bytes received           =         10189
Average bitrate          =      8.164788 Kbit/s
Average packet rate      =     23.739507 pkt/s
Packets dropped          =             0 (0.00 %)
Average loss-burst size  =      0.000000 pkt
----------------------------------------------------------

__________________________________________________________
****************  TOTAL RESULTS   ******************
__________________________________________________________
Number of flows          =             1
Total time               =      9.983358 s
Total packets            =           237
Minimum delay            =      0.003304 s
Maximum delay            =      0.003851 s
Average delay            =      0.003554 s
Average jitter           =      0.000111 s
Delay standard deviation =      0.000098 s
Bytes received           =         10189
Average bitrate          =      8.164788 Kbit/s
Average packet rate      =     23.739507 pkt/s
Packets dropped          =             0 (0.00 %)
Average loss-burst size  =             0 pkt
Error lines              =             0
----------------------------------------------------------
