ITGDec version 2.8.1 (r1023)
Compile-time options: bursty multiport
----------------------------------------------------------
Flow number: 1
From 192.168.10.9:40649
To    192.168.10.4:8999
----------------------------------------------------------
Total time               =      9.998435 s
Total packets            =        169073
Minimum delay            =      0.000002 s
Maximum delay            =      1.000086 s
Average delay            =      0.002407 s
Average jitter           =      0.000133 s
Delay standard deviation =      0.048764 s
Bytes received           =      10820672
Average bitrate          =   8657.892560 Kbit/s
Average packet rate      =  16909.946407 pkt/s
Packets dropped          =             0 (0.00 %)
Average loss-burst size  =      0.000000 pkt
----------------------------------------------------------

__________________________________________________________
****************  TOTAL RESULTS   ******************
__________________________________________________________
Number of flows          =             1
Total time               =      9.998435 s
Total packets            =        169073
Minimum delay            =      0.000002 s
Maximum delay            =      1.000086 s
Average delay            =      0.002407 s
Average jitter           =      0.000133 s
Delay standard deviation =      0.048764 s
Bytes received           =      10820672
Average bitrate          =   8657.892560 Kbit/s
Average packet rate      =  16909.946407 pkt/s
Packets dropped          =             0 (0.00 %)
Average loss-burst size  =             0 pkt
Error lines              =             0
----------------------------------------------------------
