ITGDec version 2.8.1 (r1023)
Compile-time options: bursty multiport
----------------------------------------------------------
Flow number: 1
From 192.168.10.9:33635
To    192.168.10.4:8999
----------------------------------------------------------
Total time               =      9.998506 s
Total packets            =        129506
Minimum delay            =      0.000003 s
Maximum delay            =      1.000098 s
Average delay            =      0.002592 s
Average jitter           =      0.000178 s
Delay standard deviation =      0.050491 s
Bytes received           =      16576768
Average bitrate          =  13263.395951 Kbit/s
Average packet rate      =  12952.535109 pkt/s
Packets dropped          =            39 (0.03 %)
Average loss-burst size  =     39.000000 pkt
----------------------------------------------------------

__________________________________________________________
****************  TOTAL RESULTS   ******************
__________________________________________________________
Number of flows          =             1
Total time               =      9.998506 s
Total packets            =        129506
Minimum delay            =      0.000003 s
Maximum delay            =      1.000098 s
Average delay            =      0.002592 s
Average jitter           =      0.000178 s
Delay standard deviation =      0.050491 s
Bytes received           =      16576768
Average bitrate          =  13263.395951 Kbit/s
Average packet rate      =  12952.535109 pkt/s
Packets dropped          =            39 (0.03 %)
Average loss-burst size  =     39.000000 pkt
Error lines              =             0
----------------------------------------------------------
