ITGDec version 2.8.1 (r1023)
Compile-time options: bursty multiport
----------------------------------------------------------
Flow number: 1
From 192.168.10.9:57586
To    192.168.10.4:8999
----------------------------------------------------------
Total time               =      9.998989 s
Total packets            =        128945
Minimum delay            =      0.000003 s
Maximum delay            =      1.000110 s
Average delay            =      0.002673 s
Average jitter           =      0.000180 s
Delay standard deviation =      0.051282 s
Bytes received           =      16504960
Average bitrate          =  13205.303056 Kbit/s
Average packet rate      =  12895.803766 pkt/s
Packets dropped          =             0 (0.00 %)
Average loss-burst size  =      0.000000 pkt
----------------------------------------------------------

__________________________________________________________
****************  TOTAL RESULTS   ******************
__________________________________________________________
Number of flows          =             1
Total time               =      9.998989 s
Total packets            =        128945
Minimum delay            =      0.000003 s
Maximum delay            =      1.000110 s
Average delay            =      0.002673 s
Average jitter           =      0.000180 s
Delay standard deviation =      0.051282 s
Bytes received           =      16504960
Average bitrate          =  13205.303056 Kbit/s
Average packet rate      =  12895.803766 pkt/s
Packets dropped          =             0 (0.00 %)
Average loss-burst size  =             0 pkt
Error lines              =             0
----------------------------------------------------------
