ITGDec version 2.8.1 (r1023)
Compile-time options: bursty multiport
----------------------------------------------------------
Flow number: 1
From 192.168.10.9:53055
To    192.168.10.4:8999
----------------------------------------------------------
Total time               =     10.266221 s
Total packets            =         36438
Minimum delay            =      0.000004 s
Maximum delay            =      1.000287 s
Average delay            =      0.287083 s
Average jitter           =      0.000627 s
Delay standard deviation =      0.441499 s
Bytes received           =      37312512
Average bitrate          =  29075.946836 Kbit/s
Average packet rate      =   3549.309916 pkt/s
Packets dropped          =          2278 (5.88 %)
Average loss-burst size  =      1.663988 pkt
----------------------------------------------------------

__________________________________________________________
****************  TOTAL RESULTS   ******************
__________________________________________________________
Number of flows          =             1
Total time               =     10.266221 s
Total packets            =         36438
Minimum delay            =      0.000004 s
Maximum delay            =      1.000287 s
Average delay            =      0.287083 s
Average jitter           =      0.000627 s
Delay standard deviation =      0.441499 s
Bytes received           =      37312512
Average bitrate          =  29075.946836 Kbit/s
Average packet rate      =   3549.309916 pkt/s
Packets dropped          =          2278 (5.88 %)
Average loss-burst size  =      1.663988 pkt
Error lines              =             0
----------------------------------------------------------
