ITGDec version 2.8.1 (r1023)
Compile-time options: bursty multiport
----------------------------------------------------------
Flow number: 1
From 192.168.10.9:38217
To    192.168.10.4:8999
----------------------------------------------------------
Total time               =      9.993031 s
Total packets            =           242
Minimum delay            =      0.003203 s
Maximum delay            =      0.004558 s
Average delay            =      0.003562 s
Average jitter           =      0.000143 s
Delay standard deviation =      0.000136 s
Bytes received           =         10344
Average bitrate          =      8.280971 Kbit/s
Average packet rate      =     24.216877 pkt/s
Packets dropped          =             0 (0.00 %)
Average loss-burst size  =      0.000000 pkt
----------------------------------------------------------

__________________________________________________________
****************  TOTAL RESULTS   ******************
__________________________________________________________
Number of flows          =             1
Total time               =      9.993031 s
Total packets            =           242
Minimum delay            =      0.003203 s
Maximum delay            =      0.004558 s
Average delay            =      0.003562 s
Average jitter           =      0.000143 s
Delay standard deviation =      0.000136 s
Bytes received           =         10344
Average bitrate          =      8.280971 Kbit/s
Average packet rate      =     24.216877 pkt/s
Packets dropped          =             0 (0.00 %)
Average loss-burst size  =             0 pkt
Error lines              =             0
----------------------------------------------------------
