ITGDec version 2.8.1 (r1023)
Compile-time options: bursty multiport
----------------------------------------------------------
Flow number: 1
From 192.168.10.9:55523
To    192.168.10.4:8999
----------------------------------------------------------
Total time               =      9.996879 s
Total packets            =        129286
Minimum delay            =      0.000003 s
Maximum delay            =      1.000107 s
Average delay            =      0.002512 s
Average jitter           =      0.000178 s
Delay standard deviation =      0.049689 s
Bytes received           =      16548608
Average bitrate          =  13243.019546 Kbit/s
Average packet rate      =  12932.636276 pkt/s
Packets dropped          =             0 (0.00 %)
Average loss-burst size  =      0.000000 pkt
----------------------------------------------------------

__________________________________________________________
****************  TOTAL RESULTS   ******************
__________________________________________________________
Number of flows          =             1
Total time               =      9.996879 s
Total packets            =        129286
Minimum delay            =      0.000003 s
Maximum delay            =      1.000107 s
Average delay            =      0.002512 s
Average jitter           =      0.000178 s
Delay standard deviation =      0.049689 s
Bytes received           =      16548608
Average bitrate          =  13243.019546 Kbit/s
Average packet rate      =  12932.636276 pkt/s
Packets dropped          =             0 (0.00 %)
Average loss-burst size  =             0 pkt
Error lines              =             0
----------------------------------------------------------
