ITGDec version 2.8.1 (r1023)
Compile-time options: bursty multiport
----------------------------------------------------------
Flow number: 1
From 192.168.10.9:59996
To    192.168.10.4:8999
----------------------------------------------------------
Total time               =      9.991414 s
Total packets            =           239
Minimum delay            =      0.003321 s
Maximum delay            =      0.004551 s
Average delay            =      0.003555 s
Average jitter           =      0.000130 s
Delay standard deviation =      0.000135 s
Bytes received           =         10407
Average bitrate          =      8.332755 Kbit/s
Average packet rate      =     23.920538 pkt/s
Packets dropped          =             0 (0.00 %)
Average loss-burst size  =      0.000000 pkt
----------------------------------------------------------

__________________________________________________________
****************  TOTAL RESULTS   ******************
__________________________________________________________
Number of flows          =             1
Total time               =      9.991414 s
Total packets            =           239
Minimum delay            =      0.003321 s
Maximum delay            =      0.004551 s
Average delay            =      0.003555 s
Average jitter           =      0.000130 s
Delay standard deviation =      0.000135 s
Bytes received           =         10407
Average bitrate          =      8.332755 Kbit/s
Average packet rate      =     23.920538 pkt/s
Packets dropped          =             0 (0.00 %)
Average loss-burst size  =             0 pkt
Error lines              =             0
----------------------------------------------------------
