ITGDec version 2.8.1 (r1023)
Compile-time options: bursty multiport
----------------------------------------------------------
Flow number: 1
From 192.168.10.9:38826
To    192.168.10.4:8999
----------------------------------------------------------
Total time               =     10.327055 s
Total packets            =         29547
Minimum delay            =      0.000004 s
Maximum delay            =      1.000334 s
Average delay            =      0.395929 s
Average jitter           =      0.000770 s
Delay standard deviation =      0.475183 s
Bytes received           =      37820160
Average bitrate          =  29297.924723 Kbit/s
Average packet rate      =   2861.125461 pkt/s
Packets dropped          =          2772 (8.58 %)
Average loss-burst size  =      1.985673 pkt
----------------------------------------------------------

__________________________________________________________
****************  TOTAL RESULTS   ******************
__________________________________________________________
Number of flows          =             1
Total time               =     10.327055 s
Total packets            =         29547
Minimum delay            =      0.000004 s
Maximum delay            =      1.000334 s
Average delay            =      0.395929 s
Average jitter           =      0.000770 s
Delay standard deviation =      0.475183 s
Bytes received           =      37820160
Average bitrate          =  29297.924723 Kbit/s
Average packet rate      =   2861.125461 pkt/s
Packets dropped          =          2772 (8.58 %)
Average loss-burst size  =      1.985673 pkt
Error lines              =             0
----------------------------------------------------------
