ITGDec version 2.8.1 (r1023)
Compile-time options: bursty multiport
----------------------------------------------------------
Flow number: 1
From 192.168.10.9:41282
To    192.168.10.4:8999
----------------------------------------------------------
Total time               =     10.045163 s
Total packets            =         66471
Minimum delay            =      0.000003 s
Maximum delay            =      1.000177 s
Average delay            =      0.045227 s
Average jitter           =      0.000339 s
Delay standard deviation =      0.206510 s
Bytes received           =      34033152
Average bitrate          =  27104.111302 Kbit/s
Average packet rate      =   6617.214673 pkt/s
Packets dropped          =             2 (0.00 %)
Average loss-burst size  =      1.000000 pkt
----------------------------------------------------------

__________________________________________________________
****************  TOTAL RESULTS   ******************
__________________________________________________________
Number of flows          =             1
Total time               =     10.045163 s
Total packets            =         66471
Minimum delay            =      0.000003 s
Maximum delay            =      1.000177 s
Average delay            =      0.045227 s
Average jitter           =      0.000339 s
Delay standard deviation =      0.206510 s
Bytes received           =      34033152
Average bitrate          =  27104.111302 Kbit/s
Average packet rate      =   6617.214673 pkt/s
Packets dropped          =             2 (0.00 %)
Average loss-burst size  =      1.000000 pkt
Error lines              =             0
----------------------------------------------------------
