ITGDec version 2.8.1 (r1023)
Compile-time options: bursty multiport
----------------------------------------------------------
Flow number: 1
From 192.168.10.9:47781
To    192.168.10.4:8999
----------------------------------------------------------
Total time               =      9.999275 s
Total packets            =        127670
Minimum delay            =      0.000003 s
Maximum delay            =      1.000107 s
Average delay            =      0.002418 s
Average jitter           =      0.000182 s
Delay standard deviation =      0.048740 s
Bytes received           =      16341760
Average bitrate          =  13074.355891 Kbit/s
Average packet rate      =  12767.925675 pkt/s
Packets dropped          =             0 (0.00 %)
Average loss-burst size  =      0.000000 pkt
----------------------------------------------------------

__________________________________________________________
****************  TOTAL RESULTS   ******************
__________________________________________________________
Number of flows          =             1
Total time               =      9.999275 s
Total packets            =        127670
Minimum delay            =      0.000003 s
Maximum delay            =      1.000107 s
Average delay            =      0.002418 s
Average jitter           =      0.000182 s
Delay standard deviation =      0.048740 s
Bytes received           =      16341760
Average bitrate          =  13074.355891 Kbit/s
Average packet rate      =  12767.925675 pkt/s
Packets dropped          =             0 (0.00 %)
Average loss-burst size  =             0 pkt
Error lines              =             0
----------------------------------------------------------
