ITGDec version 2.8.1 (r1023)
Compile-time options: bursty multiport
----------------------------------------------------------
Flow number: 1
From 192.168.10.9:60133
To    192.168.10.4:8999
----------------------------------------------------------
Total time               =     10.318308 s
Total packets            =         29608
Minimum delay            =      0.000007 s
Maximum delay            =      1.001144 s
Average delay            =      0.375114 s
Average jitter           =      0.000732 s
Delay standard deviation =      0.471086 s
Bytes received           =      37898240
Average bitrate          =  29383.298114 Kbit/s
Average packet rate      =   2869.462706 pkt/s
Packets dropped          =          2706 (8.37 %)
Average loss-burst size  =      2.117371 pkt
----------------------------------------------------------

__________________________________________________________
****************  TOTAL RESULTS   ******************
__________________________________________________________
Number of flows          =             1
Total time               =     10.318308 s
Total packets            =         29608
Minimum delay            =      0.000007 s
Maximum delay            =      1.001144 s
Average delay            =      0.375114 s
Average jitter           =      0.000732 s
Delay standard deviation =      0.471086 s
Bytes received           =      37898240
Average bitrate          =  29383.298114 Kbit/s
Average packet rate      =   2869.462706 pkt/s
Packets dropped          =          2706 (8.37 %)
Average loss-burst size  =      2.117371 pkt
Error lines              =             0
----------------------------------------------------------
