ITGDec version 2.8.1 (r1023)
Compile-time options: bursty multiport
----------------------------------------------------------
Flow number: 1
From 192.168.10.9:39467
To    192.168.10.4:8999
----------------------------------------------------------
Total time               =      9.998816 s
Total packets            =        128997
Minimum delay            =      0.000003 s
Maximum delay            =      1.000116 s
Average delay            =      0.002378 s
Average jitter           =      0.000180 s
Delay standard deviation =      0.048329 s
Bytes received           =      16511616
Average bitrate          =  13210.856965 Kbit/s
Average packet rate      =  12901.227505 pkt/s
Packets dropped          =             0 (0.00 %)
Average loss-burst size  =      0.000000 pkt
----------------------------------------------------------

__________________________________________________________
****************  TOTAL RESULTS   ******************
__________________________________________________________
Number of flows          =             1
Total time               =      9.998816 s
Total packets            =        128997
Minimum delay            =      0.000003 s
Maximum delay            =      1.000116 s
Average delay            =      0.002378 s
Average jitter           =      0.000180 s
Delay standard deviation =      0.048329 s
Bytes received           =      16511616
Average bitrate          =  13210.856965 Kbit/s
Average packet rate      =  12901.227505 pkt/s
Packets dropped          =             0 (0.00 %)
Average loss-burst size  =             0 pkt
Error lines              =             0
----------------------------------------------------------
