ITGDec version 2.8.1 (r1023)
Compile-time options: bursty multiport
----------------------------------------------------------
Flow number: 1
From 192.168.10.9:44295
To    192.168.10.4:8999
----------------------------------------------------------
Total time               =     10.317495 s
Total packets            =         29647
Minimum delay            =      0.000006 s
Maximum delay            =      1.000403 s
Average delay            =      0.371213 s
Average jitter           =      0.000767 s
Delay standard deviation =      0.470012 s
Bytes received           =      37948160
Average bitrate          =  29424.320535 Kbit/s
Average packet rate      =   2873.468802 pkt/s
Packets dropped          =          2642 (8.18 %)
Average loss-burst size  =      2.065676 pkt
----------------------------------------------------------

__________________________________________________________
****************  TOTAL RESULTS   ******************
__________________________________________________________
Number of flows          =             1
Total time               =     10.317495 s
Total packets            =         29647
Minimum delay            =      0.000006 s
Maximum delay            =      1.000403 s
Average delay            =      0.371213 s
Average jitter           =      0.000767 s
Delay standard deviation =      0.470012 s
Bytes received           =      37948160
Average bitrate          =  29424.320535 Kbit/s
Average packet rate      =   2873.468802 pkt/s
Packets dropped          =          2642 (8.18 %)
Average loss-burst size  =      2.065676 pkt
Error lines              =             0
----------------------------------------------------------
