ITGDec version 2.8.1 (r1023)
Compile-time options: bursty multiport
----------------------------------------------------------
Flow number: 1
From 192.168.10.9:41830
To    192.168.10.4:8999
----------------------------------------------------------
Total time               =     10.048305 s
Total packets            =         66483
Minimum delay            =      0.000004 s
Maximum delay            =      1.000176 s
Average delay            =      0.044391 s
Average jitter           =      0.000339 s
Delay standard deviation =      0.204496 s
Bytes received           =      34039296
Average bitrate          =  27100.527701 Kbit/s
Average packet rate      =   6616.339771 pkt/s
Packets dropped          =             0 (0.00 %)
Average loss-burst size  =      0.000000 pkt
----------------------------------------------------------

__________________________________________________________
****************  TOTAL RESULTS   ******************
__________________________________________________________
Number of flows          =             1
Total time               =     10.048305 s
Total packets            =         66483
Minimum delay            =      0.000004 s
Maximum delay            =      1.000176 s
Average delay            =      0.044391 s
Average jitter           =      0.000339 s
Delay standard deviation =      0.204496 s
Bytes received           =      34039296
Average bitrate          =  27100.527701 Kbit/s
Average packet rate      =   6616.339771 pkt/s
Packets dropped          =             0 (0.00 %)
Average loss-burst size  =             0 pkt
Error lines              =             0
----------------------------------------------------------
