ITGDec version 2.8.1 (r1023)
Compile-time options: bursty multiport
----------------------------------------------------------
Flow number: 1
From 192.168.10.9:44497
To    192.168.10.4:8999
----------------------------------------------------------
Total time               =      9.997192 s
Total packets            =        128741
Minimum delay            =      0.000003 s
Maximum delay            =      1.000112 s
Average delay            =      0.003424 s
Average jitter           =      0.000180 s
Delay standard deviation =      0.058096 s
Bytes received           =      16478848
Average bitrate          =  13186.781248 Kbit/s
Average packet rate      =  12877.716063 pkt/s
Packets dropped          =             0 (0.00 %)
Average loss-burst size  =      0.000000 pkt
----------------------------------------------------------

__________________________________________________________
****************  TOTAL RESULTS   ******************
__________________________________________________________
Number of flows          =             1
Total time               =      9.997192 s
Total packets            =        128741
Minimum delay            =      0.000003 s
Maximum delay            =      1.000112 s
Average delay            =      0.003424 s
Average jitter           =      0.000180 s
Delay standard deviation =      0.058096 s
Bytes received           =      16478848
Average bitrate          =  13186.781248 Kbit/s
Average packet rate      =  12877.716063 pkt/s
Packets dropped          =             0 (0.00 %)
Average loss-burst size  =             0 pkt
Error lines              =             0
----------------------------------------------------------
