ITGDec version 2.8.1 (r1023)
Compile-time options: bursty multiport
----------------------------------------------------------
Flow number: 1
From 192.168.10.9:44454
To    192.168.10.4:8999
----------------------------------------------------------
Total time               =      9.973478 s
Total packets            =           144
Minimum delay            =      0.003309 s
Maximum delay            =      0.004598 s
Average delay            =      0.003549 s
Average jitter           =      0.000136 s
Delay standard deviation =      0.000158 s
Bytes received           =          6178
Average bitrate          =      4.955543 Kbit/s
Average packet rate      =     14.438293 pkt/s
Packets dropped          =             0 (0.00 %)
Average loss-burst size  =      0.000000 pkt
----------------------------------------------------------

__________________________________________________________
****************  TOTAL RESULTS   ******************
__________________________________________________________
Number of flows          =             1
Total time               =      9.973478 s
Total packets            =           144
Minimum delay            =      0.003309 s
Maximum delay            =      0.004598 s
Average delay            =      0.003549 s
Average jitter           =      0.000136 s
Delay standard deviation =      0.000158 s
Bytes received           =          6178
Average bitrate          =      4.955543 Kbit/s
Average packet rate      =     14.438293 pkt/s
Packets dropped          =             0 (0.00 %)
Average loss-burst size  =             0 pkt
Error lines              =             0
----------------------------------------------------------
