ITGDec version 2.8.1 (r1023)
Compile-time options: bursty multiport
----------------------------------------------------------
Flow number: 1
From 192.168.10.9:48803
To    192.168.10.4:8999
----------------------------------------------------------
Total time               =     10.044099 s
Total packets            =         66470
Minimum delay            =      0.000006 s
Maximum delay            =      1.000184 s
Average delay            =      0.044496 s
Average jitter           =      0.000339 s
Delay standard deviation =      0.204946 s
Bytes received           =      34032640
Average bitrate          =  27106.574716 Kbit/s
Average packet rate      =   6617.816093 pkt/s
Packets dropped          =             0 (0.00 %)
Average loss-burst size  =      0.000000 pkt
----------------------------------------------------------

__________________________________________________________
****************  TOTAL RESULTS   ******************
__________________________________________________________
Number of flows          =             1
Total time               =     10.044099 s
Total packets            =         66470
Minimum delay            =      0.000006 s
Maximum delay            =      1.000184 s
Average delay            =      0.044496 s
Average jitter           =      0.000339 s
Delay standard deviation =      0.204946 s
Bytes received           =      34032640
Average bitrate          =  27106.574716 Kbit/s
Average packet rate      =   6617.816093 pkt/s
Packets dropped          =             0 (0.00 %)
Average loss-burst size  =             0 pkt
Error lines              =             0
----------------------------------------------------------
