ITGDec version 2.8.1 (r1023)
Compile-time options: bursty multiport
----------------------------------------------------------
Flow number: 1
From 192.168.10.9:47178
To    192.168.10.4:8999
----------------------------------------------------------
Total time               =      9.999097 s
Total packets            =        129752
Minimum delay            =      0.000003 s
Maximum delay            =      1.000099 s
Average delay            =      0.002410 s
Average jitter           =      0.000178 s
Delay standard deviation =      0.048664 s
Bytes received           =      16608256
Average bitrate          =  13287.804689 Kbit/s
Average packet rate      =  12976.371766 pkt/s
Packets dropped          =             8 (0.01 %)
Average loss-burst size  =      8.000000 pkt
----------------------------------------------------------

__________________________________________________________
****************  TOTAL RESULTS   ******************
__________________________________________________________
Number of flows          =             1
Total time               =      9.999097 s
Total packets            =        129752
Minimum delay            =      0.000003 s
Maximum delay            =      1.000099 s
Average delay            =      0.002410 s
Average jitter           =      0.000178 s
Delay standard deviation =      0.048664 s
Bytes received           =      16608256
Average bitrate          =  13287.804689 Kbit/s
Average packet rate      =  12976.371766 pkt/s
Packets dropped          =             8 (0.01 %)
Average loss-burst size  =      8.000000 pkt
Error lines              =             0
----------------------------------------------------------
