ITGDec version 2.8.1 (r1023)
Compile-time options: bursty multiport
----------------------------------------------------------
Flow number: 1
From 192.168.10.9:53296
To    192.168.10.4:8999
----------------------------------------------------------
Total time               =      9.989576 s
Total packets            =           241
Minimum delay            =      0.003307 s
Maximum delay            =      0.003727 s
Average delay            =      0.003511 s
Average jitter           =      0.000081 s
Delay standard deviation =      0.000083 s
Bytes received           =         10270
Average bitrate          =      8.224573 Kbit/s
Average packet rate      =     24.125148 pkt/s
Packets dropped          =             0 (0.00 %)
Average loss-burst size  =      0.000000 pkt
----------------------------------------------------------

__________________________________________________________
****************  TOTAL RESULTS   ******************
__________________________________________________________
Number of flows          =             1
Total time               =      9.989576 s
Total packets            =           241
Minimum delay            =      0.003307 s
Maximum delay            =      0.003727 s
Average delay            =      0.003511 s
Average jitter           =      0.000081 s
Delay standard deviation =      0.000083 s
Bytes received           =         10270
Average bitrate          =      8.224573 Kbit/s
Average packet rate      =     24.125148 pkt/s
Packets dropped          =             0 (0.00 %)
Average loss-burst size  =             0 pkt
Error lines              =             0
----------------------------------------------------------
