ITGDec version 2.8.1 (r1023)
Compile-time options: bursty multiport
----------------------------------------------------------
Flow number: 1
From 192.168.10.9:56500
To    192.168.10.4:8999
----------------------------------------------------------
Total time               =     10.056960 s
Total packets            =         66409
Minimum delay            =      0.000005 s
Maximum delay            =      1.000177 s
Average delay            =      0.057334 s
Average jitter           =      0.000340 s
Delay standard deviation =      0.230747 s
Bytes received           =      34001408
Average bitrate          =  27047.066310 Kbit/s
Average packet rate      =   6603.287673 pkt/s
Packets dropped          =             0 (0.00 %)
Average loss-burst size  =      0.000000 pkt
----------------------------------------------------------

__________________________________________________________
****************  TOTAL RESULTS   ******************
__________________________________________________________
Number of flows          =             1
Total time               =     10.056960 s
Total packets            =         66409
Minimum delay            =      0.000005 s
Maximum delay            =      1.000177 s
Average delay            =      0.057334 s
Average jitter           =      0.000340 s
Delay standard deviation =      0.230747 s
Bytes received           =      34001408
Average bitrate          =  27047.066310 Kbit/s
Average packet rate      =   6603.287673 pkt/s
Packets dropped          =             0 (0.00 %)
Average loss-burst size  =             0 pkt
Error lines              =             0
----------------------------------------------------------
