ITGDec version 2.8.1 (r1023)
Compile-time options: bursty multiport
----------------------------------------------------------
Flow number: 1
From 192.168.10.9:46383
To    192.168.10.4:8999
----------------------------------------------------------
Total time               =      9.985462 s
Total packets            =           230
Minimum delay            =      0.003073 s
Maximum delay            =      0.008962 s
Average delay            =      0.003601 s
Average jitter           =      0.000173 s
Delay standard deviation =      0.000378 s
Bytes received           =          9859
Average bitrate          =      7.898683 Kbit/s
Average packet rate      =     23.033486 pkt/s
Packets dropped          =             0 (0.00 %)
Average loss-burst size  =      0.000000 pkt
----------------------------------------------------------

__________________________________________________________
****************  TOTAL RESULTS   ******************
__________________________________________________________
Number of flows          =             1
Total time               =      9.985462 s
Total packets            =           230
Minimum delay            =      0.003073 s
Maximum delay            =      0.008962 s
Average delay            =      0.003601 s
Average jitter           =      0.000173 s
Delay standard deviation =      0.000378 s
Bytes received           =          9859
Average bitrate          =      7.898683 Kbit/s
Average packet rate      =     23.033486 pkt/s
Packets dropped          =             0 (0.00 %)
Average loss-burst size  =             0 pkt
Error lines              =             0
----------------------------------------------------------
