ITGDec version 2.8.1 (r1023)
Compile-time options: bursty multiport
----------------------------------------------------------
Flow number: 1
From 192.168.10.9:49944
To    192.168.10.4:8999
----------------------------------------------------------
Total time               =     10.315941 s
Total packets            =         29636
Minimum delay            =      0.000006 s
Maximum delay            =      1.000330 s
Average delay            =      0.376872 s
Average jitter           =      0.000767 s
Delay standard deviation =      0.471777 s
Bytes received           =      37934080
Average bitrate          =  29417.834010 Kbit/s
Average packet rate      =   2872.835353 pkt/s
Packets dropped          =          2663 (8.24 %)
Average loss-burst size  =      2.125299 pkt
----------------------------------------------------------

__________________________________________________________
****************  TOTAL RESULTS   ******************
__________________________________________________________
Number of flows          =             1
Total time               =     10.315941 s
Total packets            =         29636
Minimum delay            =      0.000006 s
Maximum delay            =      1.000330 s
Average delay            =      0.376872 s
Average jitter           =      0.000767 s
Delay standard deviation =      0.471777 s
Bytes received           =      37934080
Average bitrate          =  29417.834010 Kbit/s
Average packet rate      =   2872.835353 pkt/s
Packets dropped          =          2663 (8.24 %)
Average loss-burst size  =      2.125299 pkt
Error lines              =             0
----------------------------------------------------------
