ITGDec version 2.8.1 (r1023)
Compile-time options: bursty multiport
----------------------------------------------------------
Flow number: 1
From 192.168.10.9:44443
To    192.168.10.4:8999
----------------------------------------------------------
Total time               =     10.317482 s
Total packets            =         29623
Minimum delay            =      0.000006 s
Maximum delay            =      1.000971 s
Average delay            =      0.367957 s
Average jitter           =      0.000733 s
Delay standard deviation =      0.469163 s
Bytes received           =      37917440
Average bitrate          =  29400.537844 Kbit/s
Average packet rate      =   2871.146274 pkt/s
Packets dropped          =          2694 (8.34 %)
Average loss-burst size  =      2.039364 pkt
----------------------------------------------------------

__________________________________________________________
****************  TOTAL RESULTS   ******************
__________________________________________________________
Number of flows          =             1
Total time               =     10.317482 s
Total packets            =         29623
Minimum delay            =      0.000006 s
Maximum delay            =      1.000971 s
Average delay            =      0.367957 s
Average jitter           =      0.000733 s
Delay standard deviation =      0.469163 s
Bytes received           =      37917440
Average bitrate          =  29400.537844 Kbit/s
Average packet rate      =   2871.146274 pkt/s
Packets dropped          =          2694 (8.34 %)
Average loss-burst size  =      2.039364 pkt
Error lines              =             0
----------------------------------------------------------
