ITGDec version 2.8.1 (r1023)
Compile-time options: bursty multiport
----------------------------------------------------------
Flow number: 1
From 192.168.10.9:36373
To    192.168.10.4:8999
----------------------------------------------------------
Total time               =      9.998988 s
Total packets            =         99783
Minimum delay            =      0.000004 s
Maximum delay            =      1.000120 s
Average delay            =      0.003141 s
Average jitter           =      0.000221 s
Delay standard deviation =      0.055562 s
Bytes received           =      25544448
Average bitrate          =  20437.626688 Kbit/s
Average packet rate      =   9979.309906 pkt/s
Packets dropped          =             0 (0.00 %)
Average loss-burst size  =      0.000000 pkt
----------------------------------------------------------

__________________________________________________________
****************  TOTAL RESULTS   ******************
__________________________________________________________
Number of flows          =             1
Total time               =      9.998988 s
Total packets            =         99783
Minimum delay            =      0.000004 s
Maximum delay            =      1.000120 s
Average delay            =      0.003141 s
Average jitter           =      0.000221 s
Delay standard deviation =      0.055562 s
Bytes received           =      25544448
Average bitrate          =  20437.626688 Kbit/s
Average packet rate      =   9979.309906 pkt/s
Packets dropped          =             0 (0.00 %)
Average loss-burst size  =             0 pkt
Error lines              =             0
----------------------------------------------------------
