ITGDec version 2.8.1 (r1023)
Compile-time options: bursty multiport
----------------------------------------------------------
Flow number: 1
From 192.168.10.9:56186
To    192.168.10.4:8999
----------------------------------------------------------
Total time               =     10.000717 s
Total packets            =        127766
Minimum delay            =      0.000003 s
Maximum delay            =      1.000100 s
Average delay            =      0.004235 s
Average jitter           =      0.000182 s
Delay standard deviation =      0.064635 s
Bytes received           =      16354048
Average bitrate          =  13082.300399 Kbit/s
Average packet rate      =  12775.683983 pkt/s
Packets dropped          =             0 (0.00 %)
Average loss-burst size  =      0.000000 pkt
----------------------------------------------------------

__________________________________________________________
****************  TOTAL RESULTS   ******************
__________________________________________________________
Number of flows          =             1
Total time               =     10.000717 s
Total packets            =        127766
Minimum delay            =      0.000003 s
Maximum delay            =      1.000100 s
Average delay            =      0.004235 s
Average jitter           =      0.000182 s
Delay standard deviation =      0.064635 s
Bytes received           =      16354048
Average bitrate          =  13082.300399 Kbit/s
Average packet rate      =  12775.683983 pkt/s
Packets dropped          =             0 (0.00 %)
Average loss-burst size  =             0 pkt
Error lines              =             0
----------------------------------------------------------
