ITGDec version 2.8.1 (r1023)
Compile-time options: bursty multiport
----------------------------------------------------------
Flow number: 1
From 192.168.10.9:33059
To    192.168.10.4:8999
----------------------------------------------------------
Total time               =     10.201080 s
Total packets            =         34747
Minimum delay            =      0.000004 s
Maximum delay            =      1.000344 s
Average delay            =      0.322731 s
Average jitter           =      0.000625 s
Delay standard deviation =      0.455844 s
Bytes received           =      35580928
Average bitrate          =  27903.655691 Kbit/s
Average packet rate      =   3406.207970 pkt/s
Packets dropped          =          3932 (10.17 %)
Average loss-burst size  =      2.299415 pkt
----------------------------------------------------------

__________________________________________________________
****************  TOTAL RESULTS   ******************
__________________________________________________________
Number of flows          =             1
Total time               =     10.201080 s
Total packets            =         34747
Minimum delay            =      0.000004 s
Maximum delay            =      1.000344 s
Average delay            =      0.322731 s
Average jitter           =      0.000625 s
Delay standard deviation =      0.455844 s
Bytes received           =      35580928
Average bitrate          =  27903.655691 Kbit/s
Average packet rate      =   3406.207970 pkt/s
Packets dropped          =          3932 (10.17 %)
Average loss-burst size  =      2.299415 pkt
Error lines              =             0
----------------------------------------------------------
