ITGDec version 2.8.1 (r1023)
Compile-time options: bursty multiport
----------------------------------------------------------
Flow number: 1
From 192.168.10.9:39549
To    192.168.10.4:8999
----------------------------------------------------------
Total time               =     10.337629 s
Total packets            =         29673
Minimum delay            =      0.000004 s
Maximum delay            =      1.000603 s
Average delay            =      0.389663 s
Average jitter           =      0.000737 s
Delay standard deviation =      0.473529 s
Bytes received           =      37981440
Average bitrate          =  29392.766949 Kbit/s
Average packet rate      =   2870.387397 pkt/s
Packets dropped          =          2620 (8.11 %)
Average loss-burst size  =      2.016936 pkt
----------------------------------------------------------

__________________________________________________________
****************  TOTAL RESULTS   ******************
__________________________________________________________
Number of flows          =             1
Total time               =     10.337629 s
Total packets            =         29673
Minimum delay            =      0.000004 s
Maximum delay            =      1.000603 s
Average delay            =      0.389663 s
Average jitter           =      0.000737 s
Delay standard deviation =      0.473529 s
Bytes received           =      37981440
Average bitrate          =  29392.766949 Kbit/s
Average packet rate      =   2870.387397 pkt/s
Packets dropped          =          2620 (8.11 %)
Average loss-burst size  =      2.016936 pkt
Error lines              =             0
----------------------------------------------------------
