ITGDec version 2.8.1 (r1023)
Compile-time options: bursty multiport
----------------------------------------------------------
Flow number: 1
From 192.168.10.9:59501
To    192.168.10.4:8999
----------------------------------------------------------
Total time               =     10.318914 s
Total packets            =         29634
Minimum delay            =      0.000006 s
Maximum delay            =      1.000822 s
Average delay            =      0.392198 s
Average jitter           =      0.000731 s
Delay standard deviation =      0.474996 s
Bytes received           =      37931520
Average bitrate          =  29407.373683 Kbit/s
Average packet rate      =   2871.813836 pkt/s
Packets dropped          =          2690 (8.32 %)
Average loss-burst size  =      2.090132 pkt
----------------------------------------------------------

__________________________________________________________
****************  TOTAL RESULTS   ******************
__________________________________________________________
Number of flows          =             1
Total time               =     10.318914 s
Total packets            =         29634
Minimum delay            =      0.000006 s
Maximum delay            =      1.000822 s
Average delay            =      0.392198 s
Average jitter           =      0.000731 s
Delay standard deviation =      0.474996 s
Bytes received           =      37931520
Average bitrate          =  29407.373683 Kbit/s
Average packet rate      =   2871.813836 pkt/s
Packets dropped          =          2690 (8.32 %)
Average loss-burst size  =      2.090132 pkt
Error lines              =             0
----------------------------------------------------------
