ITGDec version 2.8.1 (r1023)
Compile-time options: bursty multiport
----------------------------------------------------------
Flow number: 1
From 192.168.10.9:41938
To    192.168.10.4:8999
----------------------------------------------------------
Total time               =     10.319689 s
Total packets            =         29655
Minimum delay            =      0.000004 s
Maximum delay            =      1.000334 s
Average delay            =      0.382584 s
Average jitter           =      0.000766 s
Delay standard deviation =      0.472726 s
Bytes received           =      37958400
Average bitrate          =  29426.003051 Kbit/s
Average packet rate      =   2873.633110 pkt/s
Packets dropped          =          2638 (8.17 %)
Average loss-burst size  =      2.090333 pkt
----------------------------------------------------------

__________________________________________________________
****************  TOTAL RESULTS   ******************
__________________________________________________________
Number of flows          =             1
Total time               =     10.319689 s
Total packets            =         29655
Minimum delay            =      0.000004 s
Maximum delay            =      1.000334 s
Average delay            =      0.382584 s
Average jitter           =      0.000766 s
Delay standard deviation =      0.472726 s
Bytes received           =      37958400
Average bitrate          =  29426.003051 Kbit/s
Average packet rate      =   2873.633110 pkt/s
Packets dropped          =          2638 (8.17 %)
Average loss-burst size  =      2.090333 pkt
Error lines              =             0
----------------------------------------------------------
