ITGDec version 2.8.1 (r1023)
Compile-time options: bursty multiport
----------------------------------------------------------
Flow number: 1
From 192.168.10.9:57352
To    192.168.10.4:8999
----------------------------------------------------------
Total time               =     10.319313 s
Total packets            =         29613
Minimum delay            =      0.000006 s
Maximum delay            =      1.000757 s
Average delay            =      0.386261 s
Average jitter           =      0.000732 s
Delay standard deviation =      0.473840 s
Bytes received           =      37904640
Average bitrate          =  29385.398040 Kbit/s
Average packet rate      =   2869.667777 pkt/s
Packets dropped          =          2683 (8.31 %)
Average loss-burst size  =      2.067026 pkt
----------------------------------------------------------

__________________________________________________________
****************  TOTAL RESULTS   ******************
__________________________________________________________
Number of flows          =             1
Total time               =     10.319313 s
Total packets            =         29613
Minimum delay            =      0.000006 s
Maximum delay            =      1.000757 s
Average delay            =      0.386261 s
Average jitter           =      0.000732 s
Delay standard deviation =      0.473840 s
Bytes received           =      37904640
Average bitrate          =  29385.398040 Kbit/s
Average packet rate      =   2869.667777 pkt/s
Packets dropped          =          2683 (8.31 %)
Average loss-burst size  =      2.067026 pkt
Error lines              =             0
----------------------------------------------------------
