ITGDec version 2.8.1 (r1023)
Compile-time options: bursty multiport
----------------------------------------------------------
Flow number: 1
From 192.168.10.9:54711
To    192.168.10.4:8999
----------------------------------------------------------
Total time               =      9.998806 s
Total packets            =         99631
Minimum delay            =      0.000004 s
Maximum delay            =      1.000203 s
Average delay            =      0.002995 s
Average jitter           =      0.000221 s
Delay standard deviation =      0.054242 s
Bytes received           =      25505536
Average bitrate          =  20406.865380 Kbit/s
Average packet rate      =   9964.289736 pkt/s
Packets dropped          =             0 (0.00 %)
Average loss-burst size  =      0.000000 pkt
----------------------------------------------------------

__________________________________________________________
****************  TOTAL RESULTS   ******************
__________________________________________________________
Number of flows          =             1
Total time               =      9.998806 s
Total packets            =         99631
Minimum delay            =      0.000004 s
Maximum delay            =      1.000203 s
Average delay            =      0.002995 s
Average jitter           =      0.000221 s
Delay standard deviation =      0.054242 s
Bytes received           =      25505536
Average bitrate          =  20406.865380 Kbit/s
Average packet rate      =   9964.289736 pkt/s
Packets dropped          =             0 (0.00 %)
Average loss-burst size  =             0 pkt
Error lines              =             0
----------------------------------------------------------
