ITGDec version 2.8.1 (r1023)
Compile-time options: bursty multiport
----------------------------------------------------------
Flow number: 1
From 192.168.10.9:48333
To    192.168.10.4:8999
----------------------------------------------------------
Total time               =      9.998797 s
Total packets            =         99607
Minimum delay            =      0.000004 s
Maximum delay            =      1.000129 s
Average delay            =      0.003378 s
Average jitter           =      0.000222 s
Delay standard deviation =      0.057637 s
Bytes received           =      25499392
Average bitrate          =  20401.967957 Kbit/s
Average packet rate      =   9961.898416 pkt/s
Packets dropped          =             0 (0.00 %)
Average loss-burst size  =      0.000000 pkt
----------------------------------------------------------

__________________________________________________________
****************  TOTAL RESULTS   ******************
__________________________________________________________
Number of flows          =             1
Total time               =      9.998797 s
Total packets            =         99607
Minimum delay            =      0.000004 s
Maximum delay            =      1.000129 s
Average delay            =      0.003378 s
Average jitter           =      0.000222 s
Delay standard deviation =      0.057637 s
Bytes received           =      25499392
Average bitrate          =  20401.967957 Kbit/s
Average packet rate      =   9961.898416 pkt/s
Packets dropped          =             0 (0.00 %)
Average loss-burst size  =             0 pkt
Error lines              =             0
----------------------------------------------------------
