ITGDec version 2.8.1 (r1023)
Compile-time options: bursty multiport
----------------------------------------------------------
Flow number: 1
From 192.168.10.9:34318
To    192.168.10.4:8999
----------------------------------------------------------
Total time               =     10.271228 s
Total packets            =         36369
Minimum delay            =      0.000006 s
Maximum delay            =      1.000290 s
Average delay            =      0.295487 s
Average jitter           =      0.000626 s
Delay standard deviation =      0.444862 s
Bytes received           =      37241856
Average bitrate          =  29006.740771 Kbit/s
Average packet rate      =   3540.861911 pkt/s
Packets dropped          =          2371 (6.12 %)
Average loss-burst size  =      1.674435 pkt
----------------------------------------------------------

__________________________________________________________
****************  TOTAL RESULTS   ******************
__________________________________________________________
Number of flows          =             1
Total time               =     10.271228 s
Total packets            =         36369
Minimum delay            =      0.000006 s
Maximum delay            =      1.000290 s
Average delay            =      0.295487 s
Average jitter           =      0.000626 s
Delay standard deviation =      0.444862 s
Bytes received           =      37241856
Average bitrate          =  29006.740771 Kbit/s
Average packet rate      =   3540.861911 pkt/s
Packets dropped          =          2371 (6.12 %)
Average loss-burst size  =      1.674435 pkt
Error lines              =             0
----------------------------------------------------------
