ITGDec version 2.8.1 (r1023)
Compile-time options: bursty multiport
----------------------------------------------------------
Flow number: 1
From 192.168.10.9:47218
To    192.168.10.4:8999
----------------------------------------------------------
Total time               =     10.265282 s
Total packets            =         36369
Minimum delay            =      0.000004 s
Maximum delay            =      1.000734 s
Average delay            =      0.298328 s
Average jitter           =      0.000602 s
Delay standard deviation =      0.446645 s
Bytes received           =      37241856
Average bitrate          =  29023.542461 Kbit/s
Average packet rate      =   3542.912898 pkt/s
Packets dropped          =          2371 (6.12 %)
Average loss-burst size  =      1.700861 pkt
----------------------------------------------------------

__________________________________________________________
****************  TOTAL RESULTS   ******************
__________________________________________________________
Number of flows          =             1
Total time               =     10.265282 s
Total packets            =         36369
Minimum delay            =      0.000004 s
Maximum delay            =      1.000734 s
Average delay            =      0.298328 s
Average jitter           =      0.000602 s
Delay standard deviation =      0.446645 s
Bytes received           =      37241856
Average bitrate          =  29023.542461 Kbit/s
Average packet rate      =   3542.912898 pkt/s
Packets dropped          =          2371 (6.12 %)
Average loss-burst size  =      1.700861 pkt
Error lines              =             0
----------------------------------------------------------
