ITGDec version 2.8.1 (r1023)
Compile-time options: bursty multiport
----------------------------------------------------------
Flow number: 1
From 192.168.10.9:59461
To    192.168.10.4:8999
----------------------------------------------------------
Total time               =     10.264384 s
Total packets            =         36391
Minimum delay            =      0.000006 s
Maximum delay            =      1.000730 s
Average delay            =      0.296527 s
Average jitter           =      0.000628 s
Delay standard deviation =      0.446008 s
Bytes received           =      37264384
Average bitrate          =  29043.639833 Kbit/s
Average packet rate      =   3545.366191 pkt/s
Packets dropped          =          2337 (6.03 %)
Average loss-burst size  =      1.680086 pkt
----------------------------------------------------------

__________________________________________________________
****************  TOTAL RESULTS   ******************
__________________________________________________________
Number of flows          =             1
Total time               =     10.264384 s
Total packets            =         36391
Minimum delay            =      0.000006 s
Maximum delay            =      1.000730 s
Average delay            =      0.296527 s
Average jitter           =      0.000628 s
Delay standard deviation =      0.446008 s
Bytes received           =      37264384
Average bitrate          =  29043.639833 Kbit/s
Average packet rate      =   3545.366191 pkt/s
Packets dropped          =          2337 (6.03 %)
Average loss-burst size  =      1.680086 pkt
Error lines              =             0
----------------------------------------------------------
