ITGDec version 2.8.1 (r1023)
Compile-time options: bursty multiport
----------------------------------------------------------
Flow number: 1
From 192.168.10.9:38687
To    192.168.10.4:8999
----------------------------------------------------------
Total time               =     10.266845 s
Total packets            =         36434
Minimum delay            =      0.000006 s
Maximum delay            =      1.000788 s
Average delay            =      0.312241 s
Average jitter           =      0.000601 s
Delay standard deviation =      0.452861 s
Bytes received           =      37308416
Average bitrate          =  29070.988020 Kbit/s
Average packet rate      =   3548.704592 pkt/s
Packets dropped          =          2270 (5.87 %)
Average loss-burst size  =      1.697831 pkt
----------------------------------------------------------

__________________________________________________________
****************  TOTAL RESULTS   ******************
__________________________________________________________
Number of flows          =             1
Total time               =     10.266845 s
Total packets            =         36434
Minimum delay            =      0.000006 s
Maximum delay            =      1.000788 s
Average delay            =      0.312241 s
Average jitter           =      0.000601 s
Delay standard deviation =      0.452861 s
Bytes received           =      37308416
Average bitrate          =  29070.988020 Kbit/s
Average packet rate      =   3548.704592 pkt/s
Packets dropped          =          2270 (5.87 %)
Average loss-burst size  =      1.697831 pkt
Error lines              =             0
----------------------------------------------------------
