ITGDec version 2.8.1 (r1023)
Compile-time options: bursty multiport
----------------------------------------------------------
Flow number: 1
From 192.168.10.9:43606
To    192.168.10.4:8999
----------------------------------------------------------
Total time               =     10.049641 s
Total packets            =         66506
Minimum delay            =      0.000005 s
Maximum delay            =      1.000188 s
Average delay            =      0.045617 s
Average jitter           =      0.000339 s
Delay standard deviation =      0.207157 s
Bytes received           =      34051072
Average bitrate          =  27106.299220 Kbit/s
Average packet rate      =   6617.748833 pkt/s
Packets dropped          =             0 (0.00 %)
Average loss-burst size  =      0.000000 pkt
----------------------------------------------------------

__________________________________________________________
****************  TOTAL RESULTS   ******************
__________________________________________________________
Number of flows          =             1
Total time               =     10.049641 s
Total packets            =         66506
Minimum delay            =      0.000005 s
Maximum delay            =      1.000188 s
Average delay            =      0.045617 s
Average jitter           =      0.000339 s
Delay standard deviation =      0.207157 s
Bytes received           =      34051072
Average bitrate          =  27106.299220 Kbit/s
Average packet rate      =   6617.748833 pkt/s
Packets dropped          =             0 (0.00 %)
Average loss-burst size  =             0 pkt
Error lines              =             0
----------------------------------------------------------
