ITGDec version 2.8.1 (r1023)
Compile-time options: bursty multiport
----------------------------------------------------------
Flow number: 1
From 192.168.10.9:34391
To    192.168.10.4:8999
----------------------------------------------------------
Total time               =     10.317926 s
Total packets            =         29636
Minimum delay            =      0.000007 s
Maximum delay            =      1.000553 s
Average delay            =      0.387809 s
Average jitter           =      0.000767 s
Delay standard deviation =      0.474276 s
Bytes received           =      37934080
Average bitrate          =  29412.174501 Kbit/s
Average packet rate      =   2872.282666 pkt/s
Packets dropped          =          2694 (8.33 %)
Average loss-burst size  =      2.155200 pkt
----------------------------------------------------------

__________________________________________________________
****************  TOTAL RESULTS   ******************
__________________________________________________________
Number of flows          =             1
Total time               =     10.317926 s
Total packets            =         29636
Minimum delay            =      0.000007 s
Maximum delay            =      1.000553 s
Average delay            =      0.387809 s
Average jitter           =      0.000767 s
Delay standard deviation =      0.474276 s
Bytes received           =      37934080
Average bitrate          =  29412.174501 Kbit/s
Average packet rate      =   2872.282666 pkt/s
Packets dropped          =          2694 (8.33 %)
Average loss-burst size  =      2.155200 pkt
Error lines              =             0
----------------------------------------------------------
