ITGDec version 2.8.1 (r1023)
Compile-time options: bursty multiport
----------------------------------------------------------
Flow number: 1
From 192.168.10.9:47332
To    192.168.10.4:8999
----------------------------------------------------------
Total time               =     10.316780 s
Total packets            =         29643
Minimum delay            =      0.000005 s
Maximum delay            =      1.000331 s
Average delay            =      0.362948 s
Average jitter           =      0.000731 s
Delay standard deviation =      0.467179 s
Bytes received           =      37943040
Average bitrate          =  29422.389544 Kbit/s
Average packet rate      =   2873.280229 pkt/s
Packets dropped          =          2662 (8.24 %)
Average loss-burst size  =      2.133013 pkt
----------------------------------------------------------

__________________________________________________________
****************  TOTAL RESULTS   ******************
__________________________________________________________
Number of flows          =             1
Total time               =     10.316780 s
Total packets            =         29643
Minimum delay            =      0.000005 s
Maximum delay            =      1.000331 s
Average delay            =      0.362948 s
Average jitter           =      0.000731 s
Delay standard deviation =      0.467179 s
Bytes received           =      37943040
Average bitrate          =  29422.389544 Kbit/s
Average packet rate      =   2873.280229 pkt/s
Packets dropped          =          2662 (8.24 %)
Average loss-burst size  =      2.133013 pkt
Error lines              =             0
----------------------------------------------------------
