ITGDec version 2.8.1 (r1023)
Compile-time options: bursty multiport
----------------------------------------------------------
Flow number: 1
From 192.168.10.9:40071
To    192.168.10.4:8999
----------------------------------------------------------
Total time               =     10.314616 s
Total packets            =         29644
Minimum delay            =      0.000006 s
Maximum delay            =      1.000335 s
Average delay            =      0.372408 s
Average jitter           =      0.000767 s
Delay standard deviation =      0.470647 s
Bytes received           =      37944320
Average bitrate          =  29429.555109 Kbit/s
Average packet rate      =   2873.979991 pkt/s
Packets dropped          =          2656 (8.22 %)
Average loss-burst size  =      2.213333 pkt
----------------------------------------------------------

__________________________________________________________
****************  TOTAL RESULTS   ******************
__________________________________________________________
Number of flows          =             1
Total time               =     10.314616 s
Total packets            =         29644
Minimum delay            =      0.000006 s
Maximum delay            =      1.000335 s
Average delay            =      0.372408 s
Average jitter           =      0.000767 s
Delay standard deviation =      0.470647 s
Bytes received           =      37944320
Average bitrate          =  29429.555109 Kbit/s
Average packet rate      =   2873.979991 pkt/s
Packets dropped          =          2656 (8.22 %)
Average loss-burst size  =      2.213333 pkt
Error lines              =             0
----------------------------------------------------------
