ITGDec version 2.8.1 (r1023)
Compile-time options: bursty multiport
----------------------------------------------------------
Flow number: 1
From 192.168.10.9:50071
To    192.168.10.4:8999
----------------------------------------------------------
Total time               =      9.998601 s
Total packets            =         99928
Minimum delay            =      0.000004 s
Maximum delay            =      1.000119 s
Average delay            =      0.002977 s
Average jitter           =      0.000221 s
Delay standard deviation =      0.054070 s
Bytes received           =      25581568
Average bitrate          =  20468.117890 Kbit/s
Average packet rate      =   9994.198188 pkt/s
Packets dropped          =             0 (0.00 %)
Average loss-burst size  =      0.000000 pkt
----------------------------------------------------------

__________________________________________________________
****************  TOTAL RESULTS   ******************
__________________________________________________________
Number of flows          =             1
Total time               =      9.998601 s
Total packets            =         99928
Minimum delay            =      0.000004 s
Maximum delay            =      1.000119 s
Average delay            =      0.002977 s
Average jitter           =      0.000221 s
Delay standard deviation =      0.054070 s
Bytes received           =      25581568
Average bitrate          =  20468.117890 Kbit/s
Average packet rate      =   9994.198188 pkt/s
Packets dropped          =             0 (0.00 %)
Average loss-burst size  =             0 pkt
Error lines              =             0
----------------------------------------------------------
