ITGDec version 2.8.1 (r1023)
Compile-time options: bursty multiport
----------------------------------------------------------
Flow number: 1
From 192.168.10.9:45773
To    192.168.10.4:8999
----------------------------------------------------------
Total time               =     10.266569 s
Total packets            =         36408
Minimum delay            =      0.000006 s
Maximum delay            =      1.000282 s
Average delay            =      0.288208 s
Average jitter           =      0.000626 s
Delay standard deviation =      0.442050 s
Bytes received           =      37281792
Average bitrate          =  29051.023375 Kbit/s
Average packet rate      =   3546.267502 pkt/s
Packets dropped          =          2328 (6.01 %)
Average loss-burst size  =      1.676026 pkt
----------------------------------------------------------

__________________________________________________________
****************  TOTAL RESULTS   ******************
__________________________________________________________
Number of flows          =             1
Total time               =     10.266569 s
Total packets            =         36408
Minimum delay            =      0.000006 s
Maximum delay            =      1.000282 s
Average delay            =      0.288208 s
Average jitter           =      0.000626 s
Delay standard deviation =      0.442050 s
Bytes received           =      37281792
Average bitrate          =  29051.023375 Kbit/s
Average packet rate      =   3546.267502 pkt/s
Packets dropped          =          2328 (6.01 %)
Average loss-burst size  =      1.676026 pkt
Error lines              =             0
----------------------------------------------------------
