ITGDec version 2.8.1 (r1023)
Compile-time options: bursty multiport
----------------------------------------------------------
Flow number: 1
From 192.168.10.9:50630
To    192.168.10.4:8999
----------------------------------------------------------
Total time               =      9.998601 s
Total packets            =         99800
Minimum delay            =      0.000003 s
Maximum delay            =      1.000121 s
Average delay            =      0.003050 s
Average jitter           =      0.000222 s
Delay standard deviation =      0.054745 s
Bytes received           =      25548800
Average bitrate          =  20441.899822 Kbit/s
Average packet rate      =   9981.396397 pkt/s
Packets dropped          =             0 (0.00 %)
Average loss-burst size  =      0.000000 pkt
----------------------------------------------------------

__________________________________________________________
****************  TOTAL RESULTS   ******************
__________________________________________________________
Number of flows          =             1
Total time               =      9.998601 s
Total packets            =         99800
Minimum delay            =      0.000003 s
Maximum delay            =      1.000121 s
Average delay            =      0.003050 s
Average jitter           =      0.000222 s
Delay standard deviation =      0.054745 s
Bytes received           =      25548800
Average bitrate          =  20441.899822 Kbit/s
Average packet rate      =   9981.396397 pkt/s
Packets dropped          =             0 (0.00 %)
Average loss-burst size  =             0 pkt
Error lines              =             0
----------------------------------------------------------
