ITGDec version 2.8.1 (r1023)
Compile-time options: bursty multiport
----------------------------------------------------------
Flow number: 1
From 192.168.10.9:48116
To    192.168.10.4:8999
----------------------------------------------------------
Total time               =      9.963869 s
Total packets            =           237
Minimum delay            =      0.003418 s
Maximum delay            =      0.004526 s
Average delay            =      0.003663 s
Average jitter           =      0.000122 s
Delay standard deviation =      0.000123 s
Bytes received           =         10300
Average bitrate          =      8.269880 Kbit/s
Average packet rate      =     23.785941 pkt/s
Packets dropped          =             0 (0.00 %)
Average loss-burst size  =      0.000000 pkt
----------------------------------------------------------

__________________________________________________________
****************  TOTAL RESULTS   ******************
__________________________________________________________
Number of flows          =             1
Total time               =      9.963869 s
Total packets            =           237
Minimum delay            =      0.003418 s
Maximum delay            =      0.004526 s
Average delay            =      0.003663 s
Average jitter           =      0.000122 s
Delay standard deviation =      0.000123 s
Bytes received           =         10300
Average bitrate          =      8.269880 Kbit/s
Average packet rate      =     23.785941 pkt/s
Packets dropped          =             0 (0.00 %)
Average loss-burst size  =             0 pkt
Error lines              =             0
----------------------------------------------------------
