ITGDec version 2.8.1 (r1023)
Compile-time options: bursty multiport
----------------------------------------------------------
Flow number: 1
From 192.168.10.9:45594
To    192.168.10.4:8999
----------------------------------------------------------
Total time               =     10.263804 s
Total packets            =         36359
Minimum delay            =      0.000006 s
Maximum delay            =      1.000290 s
Average delay            =      0.287722 s
Average jitter           =      0.000627 s
Delay standard deviation =      0.441620 s
Bytes received           =      37231616
Average bitrate          =  29019.740439 Kbit/s
Average packet rate      =   3542.448784 pkt/s
Packets dropped          =          2391 (6.17 %)
Average loss-burst size  =      1.680253 pkt
----------------------------------------------------------

__________________________________________________________
****************  TOTAL RESULTS   ******************
__________________________________________________________
Number of flows          =             1
Total time               =     10.263804 s
Total packets            =         36359
Minimum delay            =      0.000006 s
Maximum delay            =      1.000290 s
Average delay            =      0.287722 s
Average jitter           =      0.000627 s
Delay standard deviation =      0.441620 s
Bytes received           =      37231616
Average bitrate          =  29019.740439 Kbit/s
Average packet rate      =   3542.448784 pkt/s
Packets dropped          =          2391 (6.17 %)
Average loss-burst size  =      1.680253 pkt
Error lines              =             0
----------------------------------------------------------
