ITGDec version 2.8.1 (r1023)
Compile-time options: bursty multiport
----------------------------------------------------------
Flow number: 1
From 192.168.10.9:34106
To    192.168.10.4:8999
----------------------------------------------------------
Total time               =      8.937691 s
Total packets            =             6
Minimum delay            =      0.003913 s
Maximum delay            =      0.004439 s
Average delay            =      0.004128 s
Average jitter           =      0.000288 s
Delay standard deviation =      0.000176 s
Bytes received           =          1388
Average bitrate          =      1.242379 Kbit/s
Average packet rate      =      0.671314 pkt/s
Packets dropped          =             0 (0.00 %)
Average loss-burst size  =      0.000000 pkt
----------------------------------------------------------

__________________________________________________________
****************  TOTAL RESULTS   ******************
__________________________________________________________
Number of flows          =             1
Total time               =      8.937691 s
Total packets            =             6
Minimum delay            =      0.003913 s
Maximum delay            =      0.004439 s
Average delay            =      0.004128 s
Average jitter           =      0.000288 s
Delay standard deviation =      0.000176 s
Bytes received           =          1388
Average bitrate          =      1.242379 Kbit/s
Average packet rate      =      0.671314 pkt/s
Packets dropped          =             0 (0.00 %)
Average loss-burst size  =             0 pkt
Error lines              =             0
----------------------------------------------------------
