ITGDec version 2.8.1 (r1023)
Compile-time options: bursty multiport
----------------------------------------------------------
Flow number: 1
From 192.168.10.9:33507
To    192.168.10.4:8999
----------------------------------------------------------
Total time               =     10.263595 s
Total packets            =         36399
Minimum delay            =      0.000006 s
Maximum delay            =      1.000290 s
Average delay            =      0.271625 s
Average jitter           =      0.000600 s
Delay standard deviation =      0.433902 s
Bytes received           =      37272576
Average bitrate          =  29052.257810 Kbit/s
Average packet rate      =   3546.418190 pkt/s
Packets dropped          =          2323 (6.00 %)
Average loss-burst size  =      1.704329 pkt
----------------------------------------------------------

__________________________________________________________
****************  TOTAL RESULTS   ******************
__________________________________________________________
Number of flows          =             1
Total time               =     10.263595 s
Total packets            =         36399
Minimum delay            =      0.000006 s
Maximum delay            =      1.000290 s
Average delay            =      0.271625 s
Average jitter           =      0.000600 s
Delay standard deviation =      0.433902 s
Bytes received           =      37272576
Average bitrate          =  29052.257810 Kbit/s
Average packet rate      =   3546.418190 pkt/s
Packets dropped          =          2323 (6.00 %)
Average loss-burst size  =      1.704329 pkt
Error lines              =             0
----------------------------------------------------------
