ITGDec version 2.8.1 (r1023)
Compile-time options: bursty multiport
----------------------------------------------------------
Flow number: 1
From 192.168.10.9:59526
To    192.168.10.4:8999
----------------------------------------------------------
Total time               =     10.327795 s
Total packets            =         29548
Minimum delay            =      0.000006 s
Maximum delay            =      1.000343 s
Average delay            =      0.382526 s
Average jitter           =      0.000736 s
Delay standard deviation =      0.472447 s
Bytes received           =      37821440
Average bitrate          =  29296.816988 Kbit/s
Average packet rate      =   2861.017284 pkt/s
Packets dropped          =          2746 (8.50 %)
Average loss-burst size  =      1.981241 pkt
----------------------------------------------------------

__________________________________________________________
****************  TOTAL RESULTS   ******************
__________________________________________________________
Number of flows          =             1
Total time               =     10.327795 s
Total packets            =         29548
Minimum delay            =      0.000006 s
Maximum delay            =      1.000343 s
Average delay            =      0.382526 s
Average jitter           =      0.000736 s
Delay standard deviation =      0.472447 s
Bytes received           =      37821440
Average bitrate          =  29296.816988 Kbit/s
Average packet rate      =   2861.017284 pkt/s
Packets dropped          =          2746 (8.50 %)
Average loss-burst size  =      1.981241 pkt
Error lines              =             0
----------------------------------------------------------
