ITGDec version 2.8.1 (r1023)
Compile-time options: bursty multiport
----------------------------------------------------------
Flow number: 1
From 192.168.10.9:43806
To    192.168.10.4:8999
----------------------------------------------------------
Total time               =      9.990612 s
Total packets            =           222
Minimum delay            =      0.003173 s
Maximum delay            =      0.004295 s
Average delay            =      0.003553 s
Average jitter           =      0.000118 s
Delay standard deviation =      0.000116 s
Bytes received           =          9587
Average bitrate          =      7.676807 Kbit/s
Average packet rate      =     22.220861 pkt/s
Packets dropped          =             0 (0.00 %)
Average loss-burst size  =      0.000000 pkt
----------------------------------------------------------

__________________________________________________________
****************  TOTAL RESULTS   ******************
__________________________________________________________
Number of flows          =             1
Total time               =      9.990612 s
Total packets            =           222
Minimum delay            =      0.003173 s
Maximum delay            =      0.004295 s
Average delay            =      0.003553 s
Average jitter           =      0.000118 s
Delay standard deviation =      0.000116 s
Bytes received           =          9587
Average bitrate          =      7.676807 Kbit/s
Average packet rate      =     22.220861 pkt/s
Packets dropped          =             0 (0.00 %)
Average loss-burst size  =             0 pkt
Error lines              =             0
----------------------------------------------------------
