ITGDec version 2.8.1 (r1023)
Compile-time options: bursty multiport
----------------------------------------------------------
Flow number: 1
From 192.168.10.9:50517
To    192.168.10.4:8999
----------------------------------------------------------
Total time               =     10.264933 s
Total packets            =         36442
Minimum delay            =      0.000006 s
Maximum delay            =      1.000742 s
Average delay            =      0.294781 s
Average jitter           =      0.000625 s
Delay standard deviation =      0.445231 s
Bytes received           =      37316608
Average bitrate          =  29082.787389 Kbit/s
Average packet rate      =   3550.144945 pkt/s
Packets dropped          =          2266 (5.85 %)
Average loss-burst size  =      1.712774 pkt
----------------------------------------------------------

__________________________________________________________
****************  TOTAL RESULTS   ******************
__________________________________________________________
Number of flows          =             1
Total time               =     10.264933 s
Total packets            =         36442
Minimum delay            =      0.000006 s
Maximum delay            =      1.000742 s
Average delay            =      0.294781 s
Average jitter           =      0.000625 s
Delay standard deviation =      0.445231 s
Bytes received           =      37316608
Average bitrate          =  29082.787389 Kbit/s
Average packet rate      =   3550.144945 pkt/s
Packets dropped          =          2266 (5.85 %)
Average loss-burst size  =      1.712774 pkt
Error lines              =             0
----------------------------------------------------------
