ITGDec version 2.8.1 (r1023)
Compile-time options: bursty multiport
----------------------------------------------------------
Flow number: 1
From 192.168.10.9:32768
To    192.168.10.4:8999
----------------------------------------------------------
Total time               =      9.999570 s
Total packets            =         99941
Minimum delay            =      0.000005 s
Maximum delay            =      1.000114 s
Average delay            =      0.003076 s
Average jitter           =      0.000221 s
Delay standard deviation =      0.054978 s
Bytes received           =      25584896
Average bitrate          =  20468.796958 Kbit/s
Average packet rate      =   9994.529765 pkt/s
Packets dropped          =             0 (0.00 %)
Average loss-burst size  =      0.000000 pkt
----------------------------------------------------------

__________________________________________________________
****************  TOTAL RESULTS   ******************
__________________________________________________________
Number of flows          =             1
Total time               =      9.999570 s
Total packets            =         99941
Minimum delay            =      0.000005 s
Maximum delay            =      1.000114 s
Average delay            =      0.003076 s
Average jitter           =      0.000221 s
Delay standard deviation =      0.054978 s
Bytes received           =      25584896
Average bitrate          =  20468.796958 Kbit/s
Average packet rate      =   9994.529765 pkt/s
Packets dropped          =             0 (0.00 %)
Average loss-burst size  =             0 pkt
Error lines              =             0
----------------------------------------------------------
