ITGDec version 2.8.1 (r1023)
Compile-time options: bursty multiport
----------------------------------------------------------
Flow number: 1
From 192.168.10.9:51586
To    192.168.10.4:8999
----------------------------------------------------------
Total time               =     10.317530 s
Total packets            =         29620
Minimum delay            =      0.000006 s
Maximum delay            =      1.000620 s
Average delay            =      0.381459 s
Average jitter           =      0.000768 s
Delay standard deviation =      0.472528 s
Bytes received           =      37913600
Average bitrate          =  29397.423608 Kbit/s
Average packet rate      =   2870.842149 pkt/s
Packets dropped          =          2684 (8.31 %)
Average loss-burst size  =      2.028723 pkt
----------------------------------------------------------

__________________________________________________________
****************  TOTAL RESULTS   ******************
__________________________________________________________
Number of flows          =             1
Total time               =     10.317530 s
Total packets            =         29620
Minimum delay            =      0.000006 s
Maximum delay            =      1.000620 s
Average delay            =      0.381459 s
Average jitter           =      0.000768 s
Delay standard deviation =      0.472528 s
Bytes received           =      37913600
Average bitrate          =  29397.423608 Kbit/s
Average packet rate      =   2870.842149 pkt/s
Packets dropped          =          2684 (8.31 %)
Average loss-burst size  =      2.028723 pkt
Error lines              =             0
----------------------------------------------------------
