ITGDec version 2.8.1 (r1023)
Compile-time options: bursty multiport
----------------------------------------------------------
Flow number: 1
From 192.168.10.7:51142
To    192.168.10.5:8999
----------------------------------------------------------
Total time               =      9.999133 s
Total packets            =         32736
Minimum delay            =      0.000003 s
Maximum delay            =      1.000346 s
Average delay            =      0.003643 s
Average jitter           =      0.000665 s
Delay standard deviation =      0.058391 s
Bytes received           =      41902080
Average bitrate          =  33524.570580 Kbit/s
Average packet rate      =   3273.883846 pkt/s
Packets dropped          =             2 (0.01 %)
Average loss-burst size  =      1.000000 pkt
----------------------------------------------------------

__________________________________________________________
****************  TOTAL RESULTS   ******************
__________________________________________________________
Number of flows          =             1
Total time               =      9.999133 s
Total packets            =         32736
Minimum delay            =      0.000003 s
Maximum delay            =      1.000346 s
Average delay            =      0.003643 s
Average jitter           =      0.000665 s
Delay standard deviation =      0.058391 s
Bytes received           =      41902080
Average bitrate          =  33524.570580 Kbit/s
Average packet rate      =   3273.883846 pkt/s
Packets dropped          =             2 (0.01 %)
Average loss-burst size  =      1.000000 pkt
Error lines              =             0
----------------------------------------------------------
