ITGDec version 2.8.1 (r1023)
Compile-time options: bursty multiport
----------------------------------------------------------
Flow number: 1
From 192.168.10.7:56738
To    192.168.10.5:8999
----------------------------------------------------------
Total time               =      9.998285 s
Total packets            =        130825
Minimum delay            =      0.000003 s
Maximum delay            =      1.000102 s
Average delay            =      0.001999 s
Average jitter           =      0.000175 s
Delay standard deviation =      0.044278 s
Bytes received           =      16745600
Average bitrate          =  13398.777890 Kbit/s
Average packet rate      =  13084.744034 pkt/s
Packets dropped          =           211 (0.16 %)
Average loss-burst size  =     52.750000 pkt
----------------------------------------------------------

__________________________________________________________
****************  TOTAL RESULTS   ******************
__________________________________________________________
Number of flows          =             1
Total time               =      9.998285 s
Total packets            =        130825
Minimum delay            =      0.000003 s
Maximum delay            =      1.000102 s
Average delay            =      0.001999 s
Average jitter           =      0.000175 s
Delay standard deviation =      0.044278 s
Bytes received           =      16745600
Average bitrate          =  13398.777890 Kbit/s
Average packet rate      =  13084.744034 pkt/s
Packets dropped          =           211 (0.16 %)
Average loss-burst size  =     52.750000 pkt
Error lines              =             0
----------------------------------------------------------
