ITGDec version 2.8.1 (r1023)
Compile-time options: bursty multiport
----------------------------------------------------------
Flow number: 1
From 192.168.10.7:48198
To    192.168.10.5:8999
----------------------------------------------------------
Total time               =      9.998676 s
Total packets            =         65990
Minimum delay            =      0.000003 s
Maximum delay            =      1.000172 s
Average delay            =      0.002414 s
Average jitter           =      0.000340 s
Delay standard deviation =      0.048095 s
Bytes received           =      33786880
Average bitrate          =  27033.083180 Kbit/s
Average packet rate      =   6599.873823 pkt/s
Packets dropped          =             0 (0.00 %)
Average loss-burst size  =      0.000000 pkt
----------------------------------------------------------

__________________________________________________________
****************  TOTAL RESULTS   ******************
__________________________________________________________
Number of flows          =             1
Total time               =      9.998676 s
Total packets            =         65990
Minimum delay            =      0.000003 s
Maximum delay            =      1.000172 s
Average delay            =      0.002414 s
Average jitter           =      0.000340 s
Delay standard deviation =      0.048095 s
Bytes received           =      33786880
Average bitrate          =  27033.083180 Kbit/s
Average packet rate      =   6599.873823 pkt/s
Packets dropped          =             0 (0.00 %)
Average loss-burst size  =             0 pkt
Error lines              =             0
----------------------------------------------------------
