ITGDec version 2.8.1 (r1023)
Compile-time options: bursty multiport
----------------------------------------------------------
Flow number: 1
From 192.168.10.7:34642
To    192.168.10.5:8999
----------------------------------------------------------
Total time               =      9.998737 s
Total packets            =         32721
Minimum delay            =      0.000003 s
Maximum delay            =      1.000324 s
Average delay            =      0.003952 s
Average jitter           =      0.000666 s
Delay standard deviation =      0.060947 s
Bytes received           =      41882880
Average bitrate          =  33510.536381 Kbit/s
Average packet rate      =   3272.513318 pkt/s
Packets dropped          =             0 (0.00 %)
Average loss-burst size  =      0.000000 pkt
----------------------------------------------------------

__________________________________________________________
****************  TOTAL RESULTS   ******************
__________________________________________________________
Number of flows          =             1
Total time               =      9.998737 s
Total packets            =         32721
Minimum delay            =      0.000003 s
Maximum delay            =      1.000324 s
Average delay            =      0.003952 s
Average jitter           =      0.000666 s
Delay standard deviation =      0.060947 s
Bytes received           =      41882880
Average bitrate          =  33510.536381 Kbit/s
Average packet rate      =   3272.513318 pkt/s
Packets dropped          =             0 (0.00 %)
Average loss-burst size  =             0 pkt
Error lines              =             0
----------------------------------------------------------
