ITGDec version 2.8.1 (r1023)
Compile-time options: bursty multiport
----------------------------------------------------------
Flow number: 1
From 192.168.10.7:57757
To    192.168.10.5:8999
----------------------------------------------------------
Total time               =      9.995972 s
Total packets            =           988
Minimum delay            =      0.000356 s
Maximum delay            =      0.012601 s
Average delay            =      0.002727 s
Average jitter           =      0.000233 s
Delay standard deviation =      0.000674 s
Bytes received           =         63232
Average bitrate          =     50.605984 Kbit/s
Average packet rate      =     98.839813 pkt/s
Packets dropped          =             0 (0.00 %)
Average loss-burst size  =      0.000000 pkt
----------------------------------------------------------

__________________________________________________________
****************  TOTAL RESULTS   ******************
__________________________________________________________
Number of flows          =             1
Total time               =      9.995972 s
Total packets            =           988
Minimum delay            =      0.000356 s
Maximum delay            =      0.012601 s
Average delay            =      0.002727 s
Average jitter           =      0.000233 s
Delay standard deviation =      0.000674 s
Bytes received           =         63232
Average bitrate          =     50.605984 Kbit/s
Average packet rate      =     98.839813 pkt/s
Packets dropped          =             0 (0.00 %)
Average loss-burst size  =             0 pkt
Error lines              =             0
----------------------------------------------------------
