ITGDec version 2.8.1 (r1023)
Compile-time options: bursty multiport
----------------------------------------------------------
Flow number: 1
From 192.168.10.7:46572
To    192.168.10.5:8999
----------------------------------------------------------
Total time               =      9.998446 s
Total packets            =         99362
Minimum delay            =      0.000004 s
Maximum delay            =      1.000116 s
Average delay            =      0.001968 s
Average jitter           =      0.000224 s
Delay standard deviation =      0.043802 s
Bytes received           =      25436672
Average bitrate          =  20352.500379 Kbit/s
Average packet rate      =   9937.744325 pkt/s
Packets dropped          =             3 (0.00 %)
Average loss-burst size  =      0.000000 pkt
----------------------------------------------------------

__________________________________________________________
****************  TOTAL RESULTS   ******************
__________________________________________________________
Number of flows          =             1
Total time               =      9.998446 s
Total packets            =         99362
Minimum delay            =      0.000004 s
Maximum delay            =      1.000116 s
Average delay            =      0.001968 s
Average jitter           =      0.000224 s
Delay standard deviation =      0.043802 s
Bytes received           =      25436672
Average bitrate          =  20352.500379 Kbit/s
Average packet rate      =   9937.744325 pkt/s
Packets dropped          =             3 (0.00 %)
Average loss-burst size  =      0.000000 pkt
Error lines              =             0
----------------------------------------------------------
