ITGDec version 2.8.1 (r1023)
Compile-time options: bursty multiport
----------------------------------------------------------
Flow number: 1
From 192.168.10.7:45809
To    192.168.10.5:8999
----------------------------------------------------------
Total time               =      9.998709 s
Total packets            =         97322
Minimum delay            =      0.000004 s
Maximum delay            =      1.000117 s
Average delay            =      0.002861 s
Average jitter           =      0.000228 s
Delay standard deviation =      0.052985 s
Bytes received           =      24914432
Average bitrate          =  19934.119095 Kbit/s
Average packet rate      =   9733.456589 pkt/s
Packets dropped          =          1946 (1.96 %)
Average loss-burst size  =    648.666667 pkt
----------------------------------------------------------

__________________________________________________________
****************  TOTAL RESULTS   ******************
__________________________________________________________
Number of flows          =             1
Total time               =      9.998709 s
Total packets            =         97322
Minimum delay            =      0.000004 s
Maximum delay            =      1.000117 s
Average delay            =      0.002861 s
Average jitter           =      0.000228 s
Delay standard deviation =      0.052985 s
Bytes received           =      24914432
Average bitrate          =  19934.119095 Kbit/s
Average packet rate      =   9733.456589 pkt/s
Packets dropped          =          1946 (1.96 %)
Average loss-burst size  =    648.666667 pkt
Error lines              =             0
----------------------------------------------------------
