ITGDec version 2.8.1 (r1023)
Compile-time options: bursty multiport
----------------------------------------------------------
Flow number: 1
From 192.168.10.7:42238
To    192.168.10.5:8999
----------------------------------------------------------
Total time               =      9.998192 s
Total packets            =        169223
Minimum delay            =      0.000002 s
Maximum delay            =      1.000087 s
Average delay            =      0.001845 s
Average jitter           =      0.000133 s
Delay standard deviation =      0.042624 s
Bytes received           =      10830272
Average bitrate          =   8665.784374 Kbit/s
Average packet rate      =  16925.360105 pkt/s
Packets dropped          =             0 (0.00 %)
Average loss-burst size  =      0.000000 pkt
----------------------------------------------------------

__________________________________________________________
****************  TOTAL RESULTS   ******************
__________________________________________________________
Number of flows          =             1
Total time               =      9.998192 s
Total packets            =        169223
Minimum delay            =      0.000002 s
Maximum delay            =      1.000087 s
Average delay            =      0.001845 s
Average jitter           =      0.000133 s
Delay standard deviation =      0.042624 s
Bytes received           =      10830272
Average bitrate          =   8665.784374 Kbit/s
Average packet rate      =  16925.360105 pkt/s
Packets dropped          =             0 (0.00 %)
Average loss-burst size  =             0 pkt
Error lines              =             0
----------------------------------------------------------
