ITGDec version 2.8.1 (r1023)
Compile-time options: bursty multiport
----------------------------------------------------------
Flow number: 1
From 192.168.10.7:47375
To    192.168.10.5:8999
----------------------------------------------------------
Total time               =      9.998409 s
Total packets            =        131749
Minimum delay            =      0.000003 s
Maximum delay            =      1.000095 s
Average delay            =      0.002260 s
Average jitter           =      0.000175 s
Delay standard deviation =      0.047106 s
Bytes received           =      16863872
Average bitrate          =  13493.244375 Kbit/s
Average packet rate      =  13176.996460 pkt/s
Packets dropped          =            79 (0.06 %)
Average loss-burst size  =      0.000000 pkt
----------------------------------------------------------

__________________________________________________________
****************  TOTAL RESULTS   ******************
__________________________________________________________
Number of flows          =             1
Total time               =      9.998409 s
Total packets            =        131749
Minimum delay            =      0.000003 s
Maximum delay            =      1.000095 s
Average delay            =      0.002260 s
Average jitter           =      0.000175 s
Delay standard deviation =      0.047106 s
Bytes received           =      16863872
Average bitrate          =  13493.244375 Kbit/s
Average packet rate      =  13176.996460 pkt/s
Packets dropped          =            79 (0.06 %)
Average loss-burst size  =      0.000000 pkt
Error lines              =             0
----------------------------------------------------------
