ITGDec version 2.8.1 (r1023)
Compile-time options: bursty multiport
----------------------------------------------------------
Flow number: 1
From 192.168.10.7:57413
To    192.168.10.5:8999
----------------------------------------------------------
Total time               =      9.999153 s
Total packets            =         32726
Minimum delay            =      0.000004 s
Maximum delay            =      1.000315 s
Average delay            =      0.003490 s
Average jitter           =      0.000665 s
Delay standard deviation =      0.057086 s
Bytes received           =      41889280
Average bitrate          =  33514.262658 Kbit/s
Average packet rate      =   3272.877213 pkt/s
Packets dropped          =             0 (0.00 %)
Average loss-burst size  =      0.000000 pkt
----------------------------------------------------------

__________________________________________________________
****************  TOTAL RESULTS   ******************
__________________________________________________________
Number of flows          =             1
Total time               =      9.999153 s
Total packets            =         32726
Minimum delay            =      0.000004 s
Maximum delay            =      1.000315 s
Average delay            =      0.003490 s
Average jitter           =      0.000665 s
Delay standard deviation =      0.057086 s
Bytes received           =      41889280
Average bitrate          =  33514.262658 Kbit/s
Average packet rate      =   3272.877213 pkt/s
Packets dropped          =             0 (0.00 %)
Average loss-burst size  =             0 pkt
Error lines              =             0
----------------------------------------------------------
