ITGDec version 2.8.1 (r1023)
Compile-time options: bursty multiport
----------------------------------------------------------
Flow number: 1
From 192.168.10.7:54830
To    192.168.10.5:8999
----------------------------------------------------------
Total time               =      9.994533 s
Total packets            =           237
Minimum delay            =      0.002357 s
Maximum delay            =      0.004157 s
Average delay            =      0.002622 s
Average jitter           =      0.000117 s
Delay standard deviation =      0.000154 s
Bytes received           =         10271
Average bitrate          =      8.221295 Kbit/s
Average packet rate      =     23.712964 pkt/s
Packets dropped          =             0 (0.00 %)
Average loss-burst size  =      0.000000 pkt
----------------------------------------------------------

__________________________________________________________
****************  TOTAL RESULTS   ******************
__________________________________________________________
Number of flows          =             1
Total time               =      9.994533 s
Total packets            =           237
Minimum delay            =      0.002357 s
Maximum delay            =      0.004157 s
Average delay            =      0.002622 s
Average jitter           =      0.000117 s
Delay standard deviation =      0.000154 s
Bytes received           =         10271
Average bitrate          =      8.221295 Kbit/s
Average packet rate      =     23.712964 pkt/s
Packets dropped          =             0 (0.00 %)
Average loss-burst size  =             0 pkt
Error lines              =             0
----------------------------------------------------------
