ITGDec version 2.8.1 (r1023)
Compile-time options: bursty multiport
----------------------------------------------------------
Flow number: 1
From 192.168.10.7:42094
To    192.168.10.5:8999
----------------------------------------------------------
Total time               =      8.937824 s
Total packets            =             6
Minimum delay            =      0.002610 s
Maximum delay            =      0.003300 s
Average delay            =      0.003044 s
Average jitter           =      0.000379 s
Delay standard deviation =      0.000240 s
Bytes received           =          1344
Average bitrate          =      1.202977 Kbit/s
Average packet rate      =      0.671304 pkt/s
Packets dropped          =             0 (0.00 %)
Average loss-burst size  =      0.000000 pkt
----------------------------------------------------------

__________________________________________________________
****************  TOTAL RESULTS   ******************
__________________________________________________________
Number of flows          =             1
Total time               =      8.937824 s
Total packets            =             6
Minimum delay            =      0.002610 s
Maximum delay            =      0.003300 s
Average delay            =      0.003044 s
Average jitter           =      0.000379 s
Delay standard deviation =      0.000240 s
Bytes received           =          1344
Average bitrate          =      1.202977 Kbit/s
Average packet rate      =      0.671304 pkt/s
Packets dropped          =             0 (0.00 %)
Average loss-burst size  =             0 pkt
Error lines              =             0
----------------------------------------------------------
