ITGDec version 2.8.1 (r1023)
Compile-time options: bursty multiport
----------------------------------------------------------
Flow number: 1
From 192.168.10.7:39339
To    192.168.10.5:8999
----------------------------------------------------------
Total time               =      8.936688 s
Total packets            =             6
Minimum delay            =      0.002773 s
Maximum delay            =      0.003145 s
Average delay            =      0.002959 s
Average jitter           =      0.000123 s
Delay standard deviation =      0.000140 s
Bytes received           =          1284
Average bitrate          =      1.149419 Kbit/s
Average packet rate      =      0.671390 pkt/s
Packets dropped          =             0 (0.00 %)
Average loss-burst size  =      0.000000 pkt
----------------------------------------------------------

__________________________________________________________
****************  TOTAL RESULTS   ******************
__________________________________________________________
Number of flows          =             1
Total time               =      8.936688 s
Total packets            =             6
Minimum delay            =      0.002773 s
Maximum delay            =      0.003145 s
Average delay            =      0.002959 s
Average jitter           =      0.000123 s
Delay standard deviation =      0.000140 s
Bytes received           =          1284
Average bitrate          =      1.149419 Kbit/s
Average packet rate      =      0.671390 pkt/s
Packets dropped          =             0 (0.00 %)
Average loss-burst size  =             0 pkt
Error lines              =             0
----------------------------------------------------------
