ITGDec version 2.8.1 (r1023)
Compile-time options: bursty multiport
----------------------------------------------------------
Flow number: 1
From 192.168.10.7:50584
To    192.168.10.5:8999
----------------------------------------------------------
Total time               =      9.998865 s
Total packets            =         32717
Minimum delay            =      0.000004 s
Maximum delay            =      1.000322 s
Average delay            =      0.003613 s
Average jitter           =      0.000665 s
Delay standard deviation =      0.058148 s
Bytes received           =      41877760
Average bitrate          =  33506.010932 Kbit/s
Average packet rate      =   3272.071380 pkt/s
Packets dropped          =             0 (0.00 %)
Average loss-burst size  =      0.000000 pkt
----------------------------------------------------------

__________________________________________________________
****************  TOTAL RESULTS   ******************
__________________________________________________________
Number of flows          =             1
Total time               =      9.998865 s
Total packets            =         32717
Minimum delay            =      0.000004 s
Maximum delay            =      1.000322 s
Average delay            =      0.003613 s
Average jitter           =      0.000665 s
Delay standard deviation =      0.058148 s
Bytes received           =      41877760
Average bitrate          =  33506.010932 Kbit/s
Average packet rate      =   3272.071380 pkt/s
Packets dropped          =             0 (0.00 %)
Average loss-burst size  =             0 pkt
Error lines              =             0
----------------------------------------------------------
