ITGDec version 2.8.1 (r1023)
Compile-time options: bursty multiport
----------------------------------------------------------
Flow number: 1
From 192.168.10.7:56855
To    192.168.10.5:8999
----------------------------------------------------------
Total time               =     10.003623 s
Total packets            =         99018
Minimum delay            =      0.000004 s
Maximum delay            =      1.000126 s
Average delay            =      0.001835 s
Average jitter           =      0.000225 s
Delay standard deviation =      0.042242 s
Bytes received           =      25348608
Average bitrate          =  20271.542020 Kbit/s
Average packet rate      =   9898.213877 pkt/s
Packets dropped          =            16 (0.02 %)
Average loss-burst size  =     16.000000 pkt
----------------------------------------------------------

__________________________________________________________
****************  TOTAL RESULTS   ******************
__________________________________________________________
Number of flows          =             1
Total time               =     10.003623 s
Total packets            =         99018
Minimum delay            =      0.000004 s
Maximum delay            =      1.000126 s
Average delay            =      0.001835 s
Average jitter           =      0.000225 s
Delay standard deviation =      0.042242 s
Bytes received           =      25348608
Average bitrate          =  20271.542020 Kbit/s
Average packet rate      =   9898.213877 pkt/s
Packets dropped          =            16 (0.02 %)
Average loss-burst size  =     16.000000 pkt
Error lines              =             0
----------------------------------------------------------
