ITGDec version 2.8.1 (r1023)
Compile-time options: bursty multiport
----------------------------------------------------------
Flow number: 1
From 192.168.10.7:50356
To    192.168.10.5:8999
----------------------------------------------------------
Total time               =      9.997690 s
Total packets            =        166142
Minimum delay            =      0.000002 s
Maximum delay            =      1.000082 s
Average delay            =      0.001535 s
Average jitter           =      0.000136 s
Delay standard deviation =      0.038839 s
Bytes received           =      10633088
Average bitrate          =   8508.435849 Kbit/s
Average packet rate      =  16618.038767 pkt/s
Packets dropped          =             0 (0.00 %)
Average loss-burst size  =      0.000000 pkt
----------------------------------------------------------

__________________________________________________________
****************  TOTAL RESULTS   ******************
__________________________________________________________
Number of flows          =             1
Total time               =      9.997690 s
Total packets            =        166142
Minimum delay            =      0.000002 s
Maximum delay            =      1.000082 s
Average delay            =      0.001535 s
Average jitter           =      0.000136 s
Delay standard deviation =      0.038839 s
Bytes received           =      10633088
Average bitrate          =   8508.435849 Kbit/s
Average packet rate      =  16618.038767 pkt/s
Packets dropped          =             0 (0.00 %)
Average loss-burst size  =             0 pkt
Error lines              =             0
----------------------------------------------------------
