ITGDec version 2.8.1 (r1023)
Compile-time options: bursty multiport
----------------------------------------------------------
Flow number: 1
From 192.168.10.7:42854
To    192.168.10.5:8999
----------------------------------------------------------
Total time               =      9.998519 s
Total packets            =         38359
Minimum delay            =      0.000004 s
Maximum delay            =      1.000270 s
Average delay            =      0.003004 s
Average jitter           =      0.000563 s
Delay standard deviation =      0.053957 s
Bytes received           =      39279616
Average bitrate          =  31428.347338 Kbit/s
Average packet rate      =   3836.468181 pkt/s
Packets dropped          =             1 (0.00 %)
Average loss-burst size  =      1.000000 pkt
----------------------------------------------------------

__________________________________________________________
****************  TOTAL RESULTS   ******************
__________________________________________________________
Number of flows          =             1
Total time               =      9.998519 s
Total packets            =         38359
Minimum delay            =      0.000004 s
Maximum delay            =      1.000270 s
Average delay            =      0.003004 s
Average jitter           =      0.000563 s
Delay standard deviation =      0.053957 s
Bytes received           =      39279616
Average bitrate          =  31428.347338 Kbit/s
Average packet rate      =   3836.468181 pkt/s
Packets dropped          =             1 (0.00 %)
Average loss-burst size  =      1.000000 pkt
Error lines              =             0
----------------------------------------------------------
