ITGDec version 2.8.1 (r1023)
Compile-time options: bursty multiport
----------------------------------------------------------
Flow number: 1
From 192.168.10.7:44156
To    192.168.10.5:8999
----------------------------------------------------------
Total time               =      9.970174 s
Total packets            =           240
Minimum delay            =      0.002376 s
Maximum delay            =      0.003538 s
Average delay            =      0.002624 s
Average jitter           =      0.000106 s
Delay standard deviation =      0.000114 s
Bytes received           =         10289
Average bitrate          =      8.255824 Kbit/s
Average packet rate      =     24.071797 pkt/s
Packets dropped          =             0 (0.00 %)
Average loss-burst size  =      0.000000 pkt
----------------------------------------------------------

__________________________________________________________
****************  TOTAL RESULTS   ******************
__________________________________________________________
Number of flows          =             1
Total time               =      9.970174 s
Total packets            =           240
Minimum delay            =      0.002376 s
Maximum delay            =      0.003538 s
Average delay            =      0.002624 s
Average jitter           =      0.000106 s
Delay standard deviation =      0.000114 s
Bytes received           =         10289
Average bitrate          =      8.255824 Kbit/s
Average packet rate      =     24.071797 pkt/s
Packets dropped          =             0 (0.00 %)
Average loss-burst size  =             0 pkt
Error lines              =             0
----------------------------------------------------------
