ITGDec version 2.8.1 (r1023)
Compile-time options: bursty multiport
----------------------------------------------------------
Flow number: 1
From 192.168.10.7:48739
To    192.168.10.5:8999
----------------------------------------------------------
Total time               =      9.998380 s
Total packets            =         99546
Minimum delay            =      0.000004 s
Maximum delay            =      1.000123 s
Average delay            =      0.003532 s
Average jitter           =      0.000224 s
Delay standard deviation =      0.058937 s
Bytes received           =      25483776
Average bitrate          =  20390.324032 Kbit/s
Average packet rate      =   9956.212906 pkt/s
Packets dropped          =            31 (0.03 %)
Average loss-burst size  =     31.000000 pkt
----------------------------------------------------------

__________________________________________________________
****************  TOTAL RESULTS   ******************
__________________________________________________________
Number of flows          =             1
Total time               =      9.998380 s
Total packets            =         99546
Minimum delay            =      0.000004 s
Maximum delay            =      1.000123 s
Average delay            =      0.003532 s
Average jitter           =      0.000224 s
Delay standard deviation =      0.058937 s
Bytes received           =      25483776
Average bitrate          =  20390.324032 Kbit/s
Average packet rate      =   9956.212906 pkt/s
Packets dropped          =            31 (0.03 %)
Average loss-burst size  =     31.000000 pkt
Error lines              =             0
----------------------------------------------------------
