ITGDec version 2.8.1 (r1023)
Compile-time options: bursty multiport
----------------------------------------------------------
Flow number: 1
From 192.168.10.7:48592
To    192.168.10.5:8999
----------------------------------------------------------
Total time               =      9.952482 s
Total packets            =           235
Minimum delay            =      0.002150 s
Maximum delay            =      0.005445 s
Average delay            =      0.002661 s
Average jitter           =      0.000173 s
Delay standard deviation =      0.000266 s
Bytes received           =         10441
Average bitrate          =      8.392680 Kbit/s
Average packet rate      =     23.612200 pkt/s
Packets dropped          =             0 (0.00 %)
Average loss-burst size  =      0.000000 pkt
----------------------------------------------------------

__________________________________________________________
****************  TOTAL RESULTS   ******************
__________________________________________________________
Number of flows          =             1
Total time               =      9.952482 s
Total packets            =           235
Minimum delay            =      0.002150 s
Maximum delay            =      0.005445 s
Average delay            =      0.002661 s
Average jitter           =      0.000173 s
Delay standard deviation =      0.000266 s
Bytes received           =         10441
Average bitrate          =      8.392680 Kbit/s
Average packet rate      =     23.612200 pkt/s
Packets dropped          =             0 (0.00 %)
Average loss-burst size  =             0 pkt
Error lines              =             0
----------------------------------------------------------
