ITGDec version 2.8.1 (r1023)
Compile-time options: bursty multiport
----------------------------------------------------------
Flow number: 1
From 192.168.10.7:46784
To    192.168.10.5:8999
----------------------------------------------------------
Total time               =      9.998315 s
Total packets            =         99229
Minimum delay            =      0.000003 s
Maximum delay            =      1.000130 s
Average delay            =      0.004461 s
Average jitter           =      0.000224 s
Delay standard deviation =      0.066291 s
Bytes received           =      25402624
Average bitrate          =  20325.524051 Kbit/s
Average packet rate      =   9924.572290 pkt/s
Packets dropped          =            81 (0.08 %)
Average loss-burst size  =     40.500000 pkt
----------------------------------------------------------

__________________________________________________________
****************  TOTAL RESULTS   ******************
__________________________________________________________
Number of flows          =             1
Total time               =      9.998315 s
Total packets            =         99229
Minimum delay            =      0.000003 s
Maximum delay            =      1.000130 s
Average delay            =      0.004461 s
Average jitter           =      0.000224 s
Delay standard deviation =      0.066291 s
Bytes received           =      25402624
Average bitrate          =  20325.524051 Kbit/s
Average packet rate      =   9924.572290 pkt/s
Packets dropped          =            81 (0.08 %)
Average loss-burst size  =     40.500000 pkt
Error lines              =             0
----------------------------------------------------------
