ITGDec version 2.8.1 (r1023)
Compile-time options: bursty multiport
----------------------------------------------------------
Flow number: 1
From 192.168.10.7:53644
To    192.168.10.5:8999
----------------------------------------------------------
Total time               =      9.998342 s
Total packets            =         99409
Minimum delay            =      0.000003 s
Maximum delay            =      1.000126 s
Average delay            =      0.002591 s
Average jitter           =      0.000224 s
Delay standard deviation =      0.050384 s
Bytes received           =      25448704
Average bitrate          =  20362.339276 Kbit/s
Average packet rate      =   9942.548475 pkt/s
Packets dropped          =             7 (0.01 %)
Average loss-burst size  =      7.000000 pkt
----------------------------------------------------------

__________________________________________________________
****************  TOTAL RESULTS   ******************
__________________________________________________________
Number of flows          =             1
Total time               =      9.998342 s
Total packets            =         99409
Minimum delay            =      0.000003 s
Maximum delay            =      1.000126 s
Average delay            =      0.002591 s
Average jitter           =      0.000224 s
Delay standard deviation =      0.050384 s
Bytes received           =      25448704
Average bitrate          =  20362.339276 Kbit/s
Average packet rate      =   9942.548475 pkt/s
Packets dropped          =             7 (0.01 %)
Average loss-burst size  =      7.000000 pkt
Error lines              =             0
----------------------------------------------------------
