ITGDec version 2.8.1 (r1023)
Compile-time options: bursty multiport
----------------------------------------------------------
Flow number: 1
From 192.168.10.7:56601
To    192.168.10.5:8999
----------------------------------------------------------
Total time               =      9.999086 s
Total packets            =         32739
Minimum delay            =      0.000003 s
Maximum delay            =      1.000322 s
Average delay            =      0.003458 s
Average jitter           =      0.000665 s
Delay standard deviation =      0.056807 s
Bytes received           =      41905920
Average bitrate          =  33527.800441 Kbit/s
Average packet rate      =   3274.199262 pkt/s
Packets dropped          =             5 (0.02 %)
Average loss-burst size  =      1.000000 pkt
----------------------------------------------------------

__________________________________________________________
****************  TOTAL RESULTS   ******************
__________________________________________________________
Number of flows          =             1
Total time               =      9.999086 s
Total packets            =         32739
Minimum delay            =      0.000003 s
Maximum delay            =      1.000322 s
Average delay            =      0.003458 s
Average jitter           =      0.000665 s
Delay standard deviation =      0.056807 s
Bytes received           =      41905920
Average bitrate          =  33527.800441 Kbit/s
Average packet rate      =   3274.199262 pkt/s
Packets dropped          =             5 (0.02 %)
Average loss-burst size  =      1.000000 pkt
Error lines              =             0
----------------------------------------------------------
