ITGDec version 2.8.1 (r1023)
Compile-time options: bursty multiport
----------------------------------------------------------
Flow number: 1
From 192.168.10.7:60140
To    192.168.10.5:8999
----------------------------------------------------------
Total time               =     10.002926 s
Total packets            =         99374
Minimum delay            =      0.000003 s
Maximum delay            =      1.000127 s
Average delay            =      0.006120 s
Average jitter           =      0.000224 s
Delay standard deviation =      0.077660 s
Bytes received           =      25439744
Average bitrate          =  20345.842007 Kbit/s
Average packet rate      =   9934.493167 pkt/s
Packets dropped          =            89 (0.09 %)
Average loss-burst size  =     89.000000 pkt
----------------------------------------------------------

__________________________________________________________
****************  TOTAL RESULTS   ******************
__________________________________________________________
Number of flows          =             1
Total time               =     10.002926 s
Total packets            =         99374
Minimum delay            =      0.000003 s
Maximum delay            =      1.000127 s
Average delay            =      0.006120 s
Average jitter           =      0.000224 s
Delay standard deviation =      0.077660 s
Bytes received           =      25439744
Average bitrate          =  20345.842007 Kbit/s
Average packet rate      =   9934.493167 pkt/s
Packets dropped          =            89 (0.09 %)
Average loss-burst size  =     89.000000 pkt
Error lines              =             0
----------------------------------------------------------
