ITGDec version 2.8.1 (r1023)
Compile-time options: bursty multiport
----------------------------------------------------------
Flow number: 1
From 192.168.10.7:57923
To    192.168.10.5:8999
----------------------------------------------------------
Total time               =      9.997494 s
Total packets            =        165525
Minimum delay            =      0.000002 s
Maximum delay            =      1.000084 s
Average delay            =      0.001571 s
Average jitter           =      0.000137 s
Delay standard deviation =      0.039296 s
Bytes received           =      10593600
Average bitrate          =   8477.004337 Kbit/s
Average packet rate      =  16556.649096 pkt/s
Packets dropped          =             0 (0.00 %)
Average loss-burst size  =      0.000000 pkt
----------------------------------------------------------

__________________________________________________________
****************  TOTAL RESULTS   ******************
__________________________________________________________
Number of flows          =             1
Total time               =      9.997494 s
Total packets            =        165525
Minimum delay            =      0.000002 s
Maximum delay            =      1.000084 s
Average delay            =      0.001571 s
Average jitter           =      0.000137 s
Delay standard deviation =      0.039296 s
Bytes received           =      10593600
Average bitrate          =   8477.004337 Kbit/s
Average packet rate      =  16556.649096 pkt/s
Packets dropped          =             0 (0.00 %)
Average loss-burst size  =             0 pkt
Error lines              =             0
----------------------------------------------------------
