ITGDec version 2.8.1 (r1023)
Compile-time options: bursty multiport
----------------------------------------------------------
Flow number: 1
From 192.168.10.7:46692
To    192.168.10.5:8999
----------------------------------------------------------
Total time               =      9.959043 s
Total packets            =           241
Minimum delay            =      0.002361 s
Maximum delay            =      0.012124 s
Average delay            =      0.002745 s
Average jitter           =      0.000299 s
Delay standard deviation =      0.000841 s
Bytes received           =         10444
Average bitrate          =      8.389561 Kbit/s
Average packet rate      =     24.199112 pkt/s
Packets dropped          =             0 (0.00 %)
Average loss-burst size  =      0.000000 pkt
----------------------------------------------------------

__________________________________________________________
****************  TOTAL RESULTS   ******************
__________________________________________________________
Number of flows          =             1
Total time               =      9.959043 s
Total packets            =           241
Minimum delay            =      0.002361 s
Maximum delay            =      0.012124 s
Average delay            =      0.002745 s
Average jitter           =      0.000299 s
Delay standard deviation =      0.000841 s
Bytes received           =         10444
Average bitrate          =      8.389561 Kbit/s
Average packet rate      =     24.199112 pkt/s
Packets dropped          =             0 (0.00 %)
Average loss-burst size  =             0 pkt
Error lines              =             0
----------------------------------------------------------
