ITGDec version 2.8.1 (r1023)
Compile-time options: bursty multiport
----------------------------------------------------------
Flow number: 1
From 192.168.10.7:36948
To    192.168.10.5:8999
----------------------------------------------------------
Total time               =      9.999114 s
Total packets            =           985
Minimum delay            =      0.000439 s
Maximum delay            =      0.012900 s
Average delay            =      0.002723 s
Average jitter           =      0.000188 s
Delay standard deviation =      0.000511 s
Bytes received           =         63040
Average bitrate          =     50.436469 Kbit/s
Average packet rate      =     98.508728 pkt/s
Packets dropped          =             0 (0.00 %)
Average loss-burst size  =      0.000000 pkt
----------------------------------------------------------

__________________________________________________________
****************  TOTAL RESULTS   ******************
__________________________________________________________
Number of flows          =             1
Total time               =      9.999114 s
Total packets            =           985
Minimum delay            =      0.000439 s
Maximum delay            =      0.012900 s
Average delay            =      0.002723 s
Average jitter           =      0.000188 s
Delay standard deviation =      0.000511 s
Bytes received           =         63040
Average bitrate          =     50.436469 Kbit/s
Average packet rate      =     98.508728 pkt/s
Packets dropped          =             0 (0.00 %)
Average loss-burst size  =             0 pkt
Error lines              =             0
----------------------------------------------------------
