ITGDec version 2.8.1 (r1023)
Compile-time options: bursty multiport
----------------------------------------------------------
Flow number: 1
From 192.168.10.7:52294
To    192.168.10.5:8999
----------------------------------------------------------
Total time               =      9.998619 s
Total packets            =         66204
Minimum delay            =      0.000004 s
Maximum delay            =      1.000170 s
Average delay            =      0.002603 s
Average jitter           =      0.000338 s
Delay standard deviation =      0.050011 s
Bytes received           =      33896448
Average bitrate          =  27120.903797 Kbit/s
Average packet rate      =   6621.314404 pkt/s
Packets dropped          =             0 (0.00 %)
Average loss-burst size  =      0.000000 pkt
----------------------------------------------------------

__________________________________________________________
****************  TOTAL RESULTS   ******************
__________________________________________________________
Number of flows          =             1
Total time               =      9.998619 s
Total packets            =         66204
Minimum delay            =      0.000004 s
Maximum delay            =      1.000170 s
Average delay            =      0.002603 s
Average jitter           =      0.000338 s
Delay standard deviation =      0.050011 s
Bytes received           =      33896448
Average bitrate          =  27120.903797 Kbit/s
Average packet rate      =   6621.314404 pkt/s
Packets dropped          =             0 (0.00 %)
Average loss-burst size  =             0 pkt
Error lines              =             0
----------------------------------------------------------
