ITGDec version 2.8.1 (r1023)
Compile-time options: bursty multiport
----------------------------------------------------------
Flow number: 1
From 192.168.10.7:48284
To    192.168.10.5:8999
----------------------------------------------------------
Total time               =      8.937490 s
Total packets            =             6
Minimum delay            =      0.002592 s
Maximum delay            =      0.003298 s
Average delay            =      0.002996 s
Average jitter           =      0.000382 s
Delay standard deviation =      0.000244 s
Bytes received           =          1329
Average bitrate          =      1.189596 Kbit/s
Average packet rate      =      0.671329 pkt/s
Packets dropped          =             0 (0.00 %)
Average loss-burst size  =      0.000000 pkt
----------------------------------------------------------

__________________________________________________________
****************  TOTAL RESULTS   ******************
__________________________________________________________
Number of flows          =             1
Total time               =      8.937490 s
Total packets            =             6
Minimum delay            =      0.002592 s
Maximum delay            =      0.003298 s
Average delay            =      0.002996 s
Average jitter           =      0.000382 s
Delay standard deviation =      0.000244 s
Bytes received           =          1329
Average bitrate          =      1.189596 Kbit/s
Average packet rate      =      0.671329 pkt/s
Packets dropped          =             0 (0.00 %)
Average loss-burst size  =             0 pkt
Error lines              =             0
----------------------------------------------------------
