ITGDec version 2.8.1 (r1023)
Compile-time options: bursty multiport
----------------------------------------------------------
Flow number: 1
From 192.168.10.7:47085
To    192.168.10.5:8999
----------------------------------------------------------
Total time               =      9.988160 s
Total packets            =           239
Minimum delay            =      0.002364 s
Maximum delay            =      0.003307 s
Average delay            =      0.002620 s
Average jitter           =      0.000105 s
Delay standard deviation =      0.000106 s
Bytes received           =         10396
Average bitrate          =      8.326659 Kbit/s
Average packet rate      =     23.928331 pkt/s
Packets dropped          =             0 (0.00 %)
Average loss-burst size  =      0.000000 pkt
----------------------------------------------------------

__________________________________________________________
****************  TOTAL RESULTS   ******************
__________________________________________________________
Number of flows          =             1
Total time               =      9.988160 s
Total packets            =           239
Minimum delay            =      0.002364 s
Maximum delay            =      0.003307 s
Average delay            =      0.002620 s
Average jitter           =      0.000105 s
Delay standard deviation =      0.000106 s
Bytes received           =         10396
Average bitrate          =      8.326659 Kbit/s
Average packet rate      =     23.928331 pkt/s
Packets dropped          =             0 (0.00 %)
Average loss-burst size  =             0 pkt
Error lines              =             0
----------------------------------------------------------
