ITGDec version 2.8.1 (r1023)
Compile-time options: bursty multiport
----------------------------------------------------------
Flow number: 1
From 192.168.10.7:34624
To    192.168.10.5:8999
----------------------------------------------------------
Total time               =     10.000295 s
Total packets            =         99361
Minimum delay            =      0.000004 s
Maximum delay            =      1.000191 s
Average delay            =      0.003863 s
Average jitter           =      0.000224 s
Delay standard deviation =      0.061642 s
Bytes received           =      25436416
Average bitrate          =  20348.532518 Kbit/s
Average packet rate      =   9935.806894 pkt/s
Packets dropped          =             0 (0.00 %)
Average loss-burst size  =      0.000000 pkt
----------------------------------------------------------

__________________________________________________________
****************  TOTAL RESULTS   ******************
__________________________________________________________
Number of flows          =             1
Total time               =     10.000295 s
Total packets            =         99361
Minimum delay            =      0.000004 s
Maximum delay            =      1.000191 s
Average delay            =      0.003863 s
Average jitter           =      0.000224 s
Delay standard deviation =      0.061642 s
Bytes received           =      25436416
Average bitrate          =  20348.532518 Kbit/s
Average packet rate      =   9935.806894 pkt/s
Packets dropped          =             0 (0.00 %)
Average loss-burst size  =             0 pkt
Error lines              =             0
----------------------------------------------------------
