ITGDec version 2.8.1 (r1023)
Compile-time options: bursty multiport
----------------------------------------------------------
Flow number: 1
From 192.168.10.7:42517
To    192.168.10.5:8999
----------------------------------------------------------
Total time               =      9.999060 s
Total packets            =         32736
Minimum delay            =      0.000004 s
Maximum delay            =      1.000319 s
Average delay            =      0.003491 s
Average jitter           =      0.000665 s
Delay standard deviation =      0.057078 s
Bytes received           =      41902080
Average bitrate          =  33524.815333 Kbit/s
Average packet rate      =   3273.907747 pkt/s
Packets dropped          =             1 (0.00 %)
Average loss-burst size  =      1.000000 pkt
----------------------------------------------------------

__________________________________________________________
****************  TOTAL RESULTS   ******************
__________________________________________________________
Number of flows          =             1
Total time               =      9.999060 s
Total packets            =         32736
Minimum delay            =      0.000004 s
Maximum delay            =      1.000319 s
Average delay            =      0.003491 s
Average jitter           =      0.000665 s
Delay standard deviation =      0.057078 s
Bytes received           =      41902080
Average bitrate          =  33524.815333 Kbit/s
Average packet rate      =   3273.907747 pkt/s
Packets dropped          =             1 (0.00 %)
Average loss-burst size  =      1.000000 pkt
Error lines              =             0
----------------------------------------------------------
