ITGDec version 2.8.1 (r1023)
Compile-time options: bursty multiport
----------------------------------------------------------
Flow number: 1
From 192.168.10.7:37024
To    192.168.10.5:8999
----------------------------------------------------------
Total time               =      9.999189 s
Total packets            =         38409
Minimum delay            =      0.000003 s
Maximum delay            =      1.000266 s
Average delay            =      0.002974 s
Average jitter           =      0.000561 s
Delay standard deviation =      0.053680 s
Bytes received           =      39330816
Average bitrate          =  31467.204790 Kbit/s
Average packet rate      =   3841.211522 pkt/s
Packets dropped          =             0 (0.00 %)
Average loss-burst size  =      0.000000 pkt
----------------------------------------------------------

__________________________________________________________
****************  TOTAL RESULTS   ******************
__________________________________________________________
Number of flows          =             1
Total time               =      9.999189 s
Total packets            =         38409
Minimum delay            =      0.000003 s
Maximum delay            =      1.000266 s
Average delay            =      0.002974 s
Average jitter           =      0.000561 s
Delay standard deviation =      0.053680 s
Bytes received           =      39330816
Average bitrate          =  31467.204790 Kbit/s
Average packet rate      =   3841.211522 pkt/s
Packets dropped          =             0 (0.00 %)
Average loss-burst size  =             0 pkt
Error lines              =             0
----------------------------------------------------------
