ITGDec version 2.8.1 (r1023)
Compile-time options: bursty multiport
----------------------------------------------------------
Flow number: 1
From 192.168.10.7:56137
To    192.168.10.5:8999
----------------------------------------------------------
Total time               =     10.001342 s
Total packets            =         38382
Minimum delay            =      0.000004 s
Maximum delay            =      1.000267 s
Average delay            =      0.003054 s
Average jitter           =      0.000561 s
Delay standard deviation =      0.054418 s
Bytes received           =      39303168
Average bitrate          =  31438.315378 Kbit/s
Average packet rate      =   3837.684983 pkt/s
Packets dropped          =             0 (0.00 %)
Average loss-burst size  =      0.000000 pkt
----------------------------------------------------------

__________________________________________________________
****************  TOTAL RESULTS   ******************
__________________________________________________________
Number of flows          =             1
Total time               =     10.001342 s
Total packets            =         38382
Minimum delay            =      0.000004 s
Maximum delay            =      1.000267 s
Average delay            =      0.003054 s
Average jitter           =      0.000561 s
Delay standard deviation =      0.054418 s
Bytes received           =      39303168
Average bitrate          =  31438.315378 Kbit/s
Average packet rate      =   3837.684983 pkt/s
Packets dropped          =             0 (0.00 %)
Average loss-burst size  =             0 pkt
Error lines              =             0
----------------------------------------------------------
