ITGDec version 2.8.1 (r1023)
Compile-time options: bursty multiport
----------------------------------------------------------
Flow number: 1
From 192.168.10.7:35669
To    192.168.10.5:8999
----------------------------------------------------------
Total time               =      9.998487 s
Total packets            =        130829
Minimum delay            =      0.000003 s
Maximum delay            =      1.000098 s
Average delay            =      0.002954 s
Average jitter           =      0.000176 s
Delay standard deviation =      0.053956 s
Bytes received           =      16746112
Average bitrate          =  13398.916856 Kbit/s
Average packet rate      =  13084.879742 pkt/s
Packets dropped          =            77 (0.06 %)
Average loss-burst size  =     19.250000 pkt
----------------------------------------------------------

__________________________________________________________
****************  TOTAL RESULTS   ******************
__________________________________________________________
Number of flows          =             1
Total time               =      9.998487 s
Total packets            =        130829
Minimum delay            =      0.000003 s
Maximum delay            =      1.000098 s
Average delay            =      0.002954 s
Average jitter           =      0.000176 s
Delay standard deviation =      0.053956 s
Bytes received           =      16746112
Average bitrate          =  13398.916856 Kbit/s
Average packet rate      =  13084.879742 pkt/s
Packets dropped          =            77 (0.06 %)
Average loss-burst size  =     19.250000 pkt
Error lines              =             0
----------------------------------------------------------
