ITGDec version 2.8.1 (r1023)
Compile-time options: bursty multiport
----------------------------------------------------------
Flow number: 1
From 192.168.10.7:37328
To    192.168.10.5:8999
----------------------------------------------------------
Total time               =      9.998427 s
Total packets            =        127816
Minimum delay            =      0.000002 s
Maximum delay            =      1.000103 s
Average delay            =      0.001709 s
Average jitter           =      0.000179 s
Delay standard deviation =      0.040884 s
Bytes received           =      16360448
Average bitrate          =  13090.417523 Kbit/s
Average packet rate      =  12783.610862 pkt/s
Packets dropped          =          2679 (2.05 %)
Average loss-burst size  =   1339.500000 pkt
----------------------------------------------------------

__________________________________________________________
****************  TOTAL RESULTS   ******************
__________________________________________________________
Number of flows          =             1
Total time               =      9.998427 s
Total packets            =        127816
Minimum delay            =      0.000002 s
Maximum delay            =      1.000103 s
Average delay            =      0.001709 s
Average jitter           =      0.000179 s
Delay standard deviation =      0.040884 s
Bytes received           =      16360448
Average bitrate          =  13090.417523 Kbit/s
Average packet rate      =  12783.610862 pkt/s
Packets dropped          =          2679 (2.05 %)
Average loss-burst size  =   1339.500000 pkt
Error lines              =             0
----------------------------------------------------------
