ITGDec version 2.8.1 (r1023)
Compile-time options: bursty multiport
----------------------------------------------------------
Flow number: 1
From 192.168.10.7:57680
To    192.168.10.5:8999
----------------------------------------------------------
Total time               =      9.998243 s
Total packets            =        130865
Minimum delay            =      0.000003 s
Maximum delay            =      1.000140 s
Average delay            =      0.003351 s
Average jitter           =      0.000175 s
Delay standard deviation =      0.057492 s
Bytes received           =      16750720
Average bitrate          =  13402.930895 Kbit/s
Average packet rate      =  13088.799702 pkt/s
Packets dropped          =            40 (0.03 %)
Average loss-burst size  =      0.000000 pkt
----------------------------------------------------------

__________________________________________________________
****************  TOTAL RESULTS   ******************
__________________________________________________________
Number of flows          =             1
Total time               =      9.998243 s
Total packets            =        130865
Minimum delay            =      0.000003 s
Maximum delay            =      1.000140 s
Average delay            =      0.003351 s
Average jitter           =      0.000175 s
Delay standard deviation =      0.057492 s
Bytes received           =      16750720
Average bitrate          =  13402.930895 Kbit/s
Average packet rate      =  13088.799702 pkt/s
Packets dropped          =            40 (0.03 %)
Average loss-burst size  =      0.000000 pkt
Error lines              =             0
----------------------------------------------------------
