ITGDec version 2.8.1 (r1023)
Compile-time options: bursty multiport
----------------------------------------------------------
Flow number: 1
From 192.168.10.7:60268
To    192.168.10.5:8999
----------------------------------------------------------
Total time               =      9.988297 s
Total packets            =           222
Minimum delay            =      0.002426 s
Maximum delay            =      0.005872 s
Average delay            =      0.002677 s
Average jitter           =      0.000185 s
Delay standard deviation =      0.000324 s
Bytes received           =          9844
Average bitrate          =      7.884427 Kbit/s
Average packet rate      =     22.226011 pkt/s
Packets dropped          =             0 (0.00 %)
Average loss-burst size  =      0.000000 pkt
----------------------------------------------------------

__________________________________________________________
****************  TOTAL RESULTS   ******************
__________________________________________________________
Number of flows          =             1
Total time               =      9.988297 s
Total packets            =           222
Minimum delay            =      0.002426 s
Maximum delay            =      0.005872 s
Average delay            =      0.002677 s
Average jitter           =      0.000185 s
Delay standard deviation =      0.000324 s
Bytes received           =          9844
Average bitrate          =      7.884427 Kbit/s
Average packet rate      =     22.226011 pkt/s
Packets dropped          =             0 (0.00 %)
Average loss-burst size  =             0 pkt
Error lines              =             0
----------------------------------------------------------
