ITGDec version 2.8.1 (r1023)
Compile-time options: bursty multiport
----------------------------------------------------------
Flow number: 1
From 192.168.10.7:34989
To    192.168.10.5:8999
----------------------------------------------------------
Total time               =      9.998852 s
Total packets            =         38342
Minimum delay            =      0.000003 s
Maximum delay            =      1.000276 s
Average delay            =      0.003269 s
Average jitter           =      0.000563 s
Delay standard deviation =      0.056319 s
Bytes received           =      39262208
Average bitrate          =  31413.372655 Kbit/s
Average packet rate      =   3834.640217 pkt/s
Packets dropped          =             0 (0.00 %)
Average loss-burst size  =      0.000000 pkt
----------------------------------------------------------

__________________________________________________________
****************  TOTAL RESULTS   ******************
__________________________________________________________
Number of flows          =             1
Total time               =      9.998852 s
Total packets            =         38342
Minimum delay            =      0.000003 s
Maximum delay            =      1.000276 s
Average delay            =      0.003269 s
Average jitter           =      0.000563 s
Delay standard deviation =      0.056319 s
Bytes received           =      39262208
Average bitrate          =  31413.372655 Kbit/s
Average packet rate      =   3834.640217 pkt/s
Packets dropped          =             0 (0.00 %)
Average loss-burst size  =             0 pkt
Error lines              =             0
----------------------------------------------------------
