ITGDec version 2.8.1 (r1023)
Compile-time options: bursty multiport
----------------------------------------------------------
Flow number: 1
From 192.168.10.7:56272
To    192.168.10.5:8999
----------------------------------------------------------
Total time               =      9.998308 s
Total packets            =        129828
Minimum delay            =      0.000003 s
Maximum delay            =      1.000098 s
Average delay            =      0.001961 s
Average jitter           =      0.000177 s
Delay standard deviation =      0.043840 s
Bytes received           =      16617984
Average bitrate          =  13296.636991 Kbit/s
Average packet rate      =  12984.997062 pkt/s
Packets dropped          =           105 (0.08 %)
Average loss-burst size  =     52.500000 pkt
----------------------------------------------------------

__________________________________________________________
****************  TOTAL RESULTS   ******************
__________________________________________________________
Number of flows          =             1
Total time               =      9.998308 s
Total packets            =        129828
Minimum delay            =      0.000003 s
Maximum delay            =      1.000098 s
Average delay            =      0.001961 s
Average jitter           =      0.000177 s
Delay standard deviation =      0.043840 s
Bytes received           =      16617984
Average bitrate          =  13296.636991 Kbit/s
Average packet rate      =  12984.997062 pkt/s
Packets dropped          =           105 (0.08 %)
Average loss-burst size  =     52.500000 pkt
Error lines              =             0
----------------------------------------------------------
