ITGDec version 2.8.1 (r1023)
Compile-time options: bursty multiport
----------------------------------------------------------
Flow number: 1
From 192.168.10.7:55313
To    192.168.10.5:8999
----------------------------------------------------------
Total time               =      9.999031 s
Total packets            =         66007
Minimum delay            =      0.000003 s
Maximum delay            =      1.000167 s
Average delay            =      0.002292 s
Average jitter           =      0.000340 s
Delay standard deviation =      0.046818 s
Bytes received           =      33795584
Average bitrate          =  27039.087288 Kbit/s
Average packet rate      =   6601.339670 pkt/s
Packets dropped          =             0 (0.00 %)
Average loss-burst size  =      0.000000 pkt
----------------------------------------------------------

__________________________________________________________
****************  TOTAL RESULTS   ******************
__________________________________________________________
Number of flows          =             1
Total time               =      9.999031 s
Total packets            =         66007
Minimum delay            =      0.000003 s
Maximum delay            =      1.000167 s
Average delay            =      0.002292 s
Average jitter           =      0.000340 s
Delay standard deviation =      0.046818 s
Bytes received           =      33795584
Average bitrate          =  27039.087288 Kbit/s
Average packet rate      =   6601.339670 pkt/s
Packets dropped          =             0 (0.00 %)
Average loss-burst size  =             0 pkt
Error lines              =             0
----------------------------------------------------------
