ITGDec version 2.8.1 (r1023)
Compile-time options: bursty multiport
----------------------------------------------------------
Flow number: 1
From 192.168.10.7:47645
To    192.168.10.5:8999
----------------------------------------------------------
Total time               =      9.998439 s
Total packets            =         99246
Minimum delay            =      0.000004 s
Maximum delay            =      1.000103 s
Average delay            =      0.001860 s
Average jitter           =      0.000225 s
Delay standard deviation =      0.042549 s
Bytes received           =      25406976
Average bitrate          =  20328.754119 Kbit/s
Average packet rate      =   9926.149472 pkt/s
Packets dropped          =             0 (0.00 %)
Average loss-burst size  =      0.000000 pkt
----------------------------------------------------------

__________________________________________________________
****************  TOTAL RESULTS   ******************
__________________________________________________________
Number of flows          =             1
Total time               =      9.998439 s
Total packets            =         99246
Minimum delay            =      0.000004 s
Maximum delay            =      1.000103 s
Average delay            =      0.001860 s
Average jitter           =      0.000225 s
Delay standard deviation =      0.042549 s
Bytes received           =      25406976
Average bitrate          =  20328.754119 Kbit/s
Average packet rate      =   9926.149472 pkt/s
Packets dropped          =             0 (0.00 %)
Average loss-burst size  =             0 pkt
Error lines              =             0
----------------------------------------------------------
