ITGDec version 2.8.1 (r1023)
Compile-time options: bursty multiport
----------------------------------------------------------
Flow number: 1
From 192.168.10.7:35501
To    192.168.10.5:8999
----------------------------------------------------------
Total time               =     10.100522 s
Total packets            =        163078
Minimum delay            =      0.000002 s
Maximum delay            =      1.000102 s
Average delay            =      0.003922 s
Average jitter           =      0.000140 s
Delay standard deviation =      0.059903 s
Bytes received           =      10436992
Average bitrate          =   8266.497118 Kbit/s
Average packet rate      =  16145.502183 pkt/s
Packets dropped          =            35 (0.02 %)
Average loss-burst size  =      0.000000 pkt
----------------------------------------------------------

__________________________________________________________
****************  TOTAL RESULTS   ******************
__________________________________________________________
Number of flows          =             1
Total time               =     10.100522 s
Total packets            =        163078
Minimum delay            =      0.000002 s
Maximum delay            =      1.000102 s
Average delay            =      0.003922 s
Average jitter           =      0.000140 s
Delay standard deviation =      0.059903 s
Bytes received           =      10436992
Average bitrate          =   8266.497118 Kbit/s
Average packet rate      =  16145.502183 pkt/s
Packets dropped          =            35 (0.02 %)
Average loss-burst size  =      0.000000 pkt
Error lines              =             0
----------------------------------------------------------
