ITGDec version 2.8.1 (r1023)
Compile-time options: bursty multiport
----------------------------------------------------------
Flow number: 1
From 192.168.10.7:57580
To    192.168.10.5:8999
----------------------------------------------------------
Total time               =      9.998550 s
Total packets            =         32701
Minimum delay            =      0.000004 s
Maximum delay            =      1.000325 s
Average delay            =      0.003524 s
Average jitter           =      0.000667 s
Delay standard deviation =      0.057374 s
Bytes received           =      41857280
Average bitrate          =  33490.680149 Kbit/s
Average packet rate      =   3270.574233 pkt/s
Packets dropped          =             4 (0.01 %)
Average loss-burst size  =      1.000000 pkt
----------------------------------------------------------

__________________________________________________________
****************  TOTAL RESULTS   ******************
__________________________________________________________
Number of flows          =             1
Total time               =      9.998550 s
Total packets            =         32701
Minimum delay            =      0.000004 s
Maximum delay            =      1.000325 s
Average delay            =      0.003524 s
Average jitter           =      0.000667 s
Delay standard deviation =      0.057374 s
Bytes received           =      41857280
Average bitrate          =  33490.680149 Kbit/s
Average packet rate      =   3270.574233 pkt/s
Packets dropped          =             4 (0.01 %)
Average loss-burst size  =      1.000000 pkt
Error lines              =             0
----------------------------------------------------------
