ITGDec version 2.8.1 (r1023)
Compile-time options: bursty multiport
----------------------------------------------------------
Flow number: 1
From 192.168.10.7:34556
To    192.168.10.5:8999
----------------------------------------------------------
Total time               =      9.998806 s
Total packets            =         32739
Minimum delay            =      0.000004 s
Maximum delay            =      1.000327 s
Average delay            =      0.003551 s
Average jitter           =      0.000665 s
Delay standard deviation =      0.057604 s
Bytes received           =      41905920
Average bitrate          =  33528.739331 Kbit/s
Average packet rate      =   3274.290950 pkt/s
Packets dropped          =             2 (0.01 %)
Average loss-burst size  =      1.000000 pkt
----------------------------------------------------------

__________________________________________________________
****************  TOTAL RESULTS   ******************
__________________________________________________________
Number of flows          =             1
Total time               =      9.998806 s
Total packets            =         32739
Minimum delay            =      0.000004 s
Maximum delay            =      1.000327 s
Average delay            =      0.003551 s
Average jitter           =      0.000665 s
Delay standard deviation =      0.057604 s
Bytes received           =      41905920
Average bitrate          =  33528.739331 Kbit/s
Average packet rate      =   3274.290950 pkt/s
Packets dropped          =             2 (0.01 %)
Average loss-burst size  =      1.000000 pkt
Error lines              =             0
----------------------------------------------------------
