ITGDec version 2.8.1 (r1023)
Compile-time options: bursty multiport
----------------------------------------------------------
Flow number: 1
From 192.168.10.7:46030
To    192.168.10.5:8999
----------------------------------------------------------
Total time               =      9.998685 s
Total packets            =         38387
Minimum delay            =      0.000004 s
Maximum delay            =      1.000268 s
Average delay            =      0.003603 s
Average jitter           =      0.000563 s
Delay standard deviation =      0.059199 s
Bytes received           =      39308288
Average bitrate          =  31450.766176 Kbit/s
Average packet rate      =   3839.204855 pkt/s
Packets dropped          =             0 (0.00 %)
Average loss-burst size  =      0.000000 pkt
----------------------------------------------------------

__________________________________________________________
****************  TOTAL RESULTS   ******************
__________________________________________________________
Number of flows          =             1
Total time               =      9.998685 s
Total packets            =         38387
Minimum delay            =      0.000004 s
Maximum delay            =      1.000268 s
Average delay            =      0.003603 s
Average jitter           =      0.000563 s
Delay standard deviation =      0.059199 s
Bytes received           =      39308288
Average bitrate          =  31450.766176 Kbit/s
Average packet rate      =   3839.204855 pkt/s
Packets dropped          =             0 (0.00 %)
Average loss-burst size  =             0 pkt
Error lines              =             0
----------------------------------------------------------
