ITGDec version 2.8.1 (r1023)
Compile-time options: bursty multiport
----------------------------------------------------------
Flow number: 1
From 192.168.10.7:36684
To    192.168.10.5:8999
----------------------------------------------------------
Total time               =      9.998641 s
Total packets            =        169224
Minimum delay            =      0.000002 s
Maximum delay            =      1.000082 s
Average delay            =      0.001673 s
Average jitter           =      0.000133 s
Delay standard deviation =      0.040571 s
Bytes received           =      10830336
Average bitrate          =   8665.446434 Kbit/s
Average packet rate      =  16924.700067 pkt/s
Packets dropped          =           158 (0.09 %)
Average loss-burst size  =      0.000000 pkt
----------------------------------------------------------

__________________________________________________________
****************  TOTAL RESULTS   ******************
__________________________________________________________
Number of flows          =             1
Total time               =      9.998641 s
Total packets            =        169224
Minimum delay            =      0.000002 s
Maximum delay            =      1.000082 s
Average delay            =      0.001673 s
Average jitter           =      0.000133 s
Delay standard deviation =      0.040571 s
Bytes received           =      10830336
Average bitrate          =   8665.446434 Kbit/s
Average packet rate      =  16924.700067 pkt/s
Packets dropped          =           158 (0.09 %)
Average loss-burst size  =      0.000000 pkt
Error lines              =             0
----------------------------------------------------------
