ITGDec version 2.8.1 (r1023)
Compile-time options: bursty multiport
----------------------------------------------------------
Flow number: 1
From 192.168.10.7:45553
To    192.168.10.5:8999
----------------------------------------------------------
Total time               =      9.997600 s
Total packets            =        169747
Minimum delay            =      0.000002 s
Maximum delay            =      1.000074 s
Average delay            =      0.001660 s
Average jitter           =      0.000131 s
Delay standard deviation =      0.040436 s
Bytes received           =      10863808
Average bitrate          =   8693.132752 Kbit/s
Average packet rate      =  16978.774906 pkt/s
Packets dropped          =             0 (0.00 %)
Average loss-burst size  =      0.000000 pkt
----------------------------------------------------------

__________________________________________________________
****************  TOTAL RESULTS   ******************
__________________________________________________________
Number of flows          =             1
Total time               =      9.997600 s
Total packets            =        169747
Minimum delay            =      0.000002 s
Maximum delay            =      1.000074 s
Average delay            =      0.001660 s
Average jitter           =      0.000131 s
Delay standard deviation =      0.040436 s
Bytes received           =      10863808
Average bitrate          =   8693.132752 Kbit/s
Average packet rate      =  16978.774906 pkt/s
Packets dropped          =             0 (0.00 %)
Average loss-burst size  =             0 pkt
Error lines              =             0
----------------------------------------------------------
