ITGDec version 2.8.1 (r1023)
Compile-time options: bursty multiport
----------------------------------------------------------
Flow number: 1
From 192.168.10.7:49998
To    192.168.10.5:8999
----------------------------------------------------------
Total time               =      9.993419 s
Total packets            =           987
Minimum delay            =      0.000197 s
Maximum delay            =      0.012976 s
Average delay            =      0.002719 s
Average jitter           =      0.000205 s
Delay standard deviation =      0.000603 s
Bytes received           =         63168
Average bitrate          =     50.567679 Kbit/s
Average packet rate      =     98.764997 pkt/s
Packets dropped          =             0 (0.00 %)
Average loss-burst size  =      0.000000 pkt
----------------------------------------------------------

__________________________________________________________
****************  TOTAL RESULTS   ******************
__________________________________________________________
Number of flows          =             1
Total time               =      9.993419 s
Total packets            =           987
Minimum delay            =      0.000197 s
Maximum delay            =      0.012976 s
Average delay            =      0.002719 s
Average jitter           =      0.000205 s
Delay standard deviation =      0.000603 s
Bytes received           =         63168
Average bitrate          =     50.567679 Kbit/s
Average packet rate      =     98.764997 pkt/s
Packets dropped          =             0 (0.00 %)
Average loss-burst size  =             0 pkt
Error lines              =             0
----------------------------------------------------------
