ITGDec version 2.8.1 (r1023)
Compile-time options: bursty multiport
----------------------------------------------------------
Flow number: 1
From 192.168.10.7:43342
To    192.168.10.5:8999
----------------------------------------------------------
Total time               =      9.964717 s
Total packets            =           229
Minimum delay            =      0.002260 s
Maximum delay            =      0.007944 s
Average delay            =      0.002650 s
Average jitter           =      0.000170 s
Delay standard deviation =      0.000371 s
Bytes received           =          9872
Average bitrate          =      7.925564 Kbit/s
Average packet rate      =     22.981084 pkt/s
Packets dropped          =             0 (0.00 %)
Average loss-burst size  =      0.000000 pkt
----------------------------------------------------------

__________________________________________________________
****************  TOTAL RESULTS   ******************
__________________________________________________________
Number of flows          =             1
Total time               =      9.964717 s
Total packets            =           229
Minimum delay            =      0.002260 s
Maximum delay            =      0.007944 s
Average delay            =      0.002650 s
Average jitter           =      0.000170 s
Delay standard deviation =      0.000371 s
Bytes received           =          9872
Average bitrate          =      7.925564 Kbit/s
Average packet rate      =     22.981084 pkt/s
Packets dropped          =             0 (0.00 %)
Average loss-burst size  =             0 pkt
Error lines              =             0
----------------------------------------------------------
