ITGDec version 2.8.1 (r1023)
Compile-time options: bursty multiport
----------------------------------------------------------
Flow number: 1
From 192.168.10.7:34803
To    192.168.10.5:8999
----------------------------------------------------------
Total time               =      9.994360 s
Total packets            =           238
Minimum delay            =      0.002292 s
Maximum delay            =      0.003916 s
Average delay            =      0.002612 s
Average jitter           =      0.000133 s
Delay standard deviation =      0.000162 s
Bytes received           =         10342
Average bitrate          =      8.278269 Kbit/s
Average packet rate      =     23.813431 pkt/s
Packets dropped          =             0 (0.00 %)
Average loss-burst size  =      0.000000 pkt
----------------------------------------------------------

__________________________________________________________
****************  TOTAL RESULTS   ******************
__________________________________________________________
Number of flows          =             1
Total time               =      9.994360 s
Total packets            =           238
Minimum delay            =      0.002292 s
Maximum delay            =      0.003916 s
Average delay            =      0.002612 s
Average jitter           =      0.000133 s
Delay standard deviation =      0.000162 s
Bytes received           =         10342
Average bitrate          =      8.278269 Kbit/s
Average packet rate      =     23.813431 pkt/s
Packets dropped          =             0 (0.00 %)
Average loss-burst size  =             0 pkt
Error lines              =             0
----------------------------------------------------------
