ITGDec version 2.8.1 (r1023)
Compile-time options: bursty multiport
----------------------------------------------------------
Flow number: 1
From 192.168.10.7:40367
To    192.168.10.5:8999
----------------------------------------------------------
Total time               =      9.998244 s
Total packets            =         98835
Minimum delay            =      0.000003 s
Maximum delay            =      1.000135 s
Average delay            =      0.003051 s
Average jitter           =      0.000225 s
Delay standard deviation =      0.054735 s
Bytes received           =      25301760
Average bitrate          =  20244.963016 Kbit/s
Average packet rate      =   9885.235847 pkt/s
Packets dropped          =           579 (0.58 %)
Average loss-burst size  =      0.000000 pkt
----------------------------------------------------------

__________________________________________________________
****************  TOTAL RESULTS   ******************
__________________________________________________________
Number of flows          =             1
Total time               =      9.998244 s
Total packets            =         98835
Minimum delay            =      0.000003 s
Maximum delay            =      1.000135 s
Average delay            =      0.003051 s
Average jitter           =      0.000225 s
Delay standard deviation =      0.054735 s
Bytes received           =      25301760
Average bitrate          =  20244.963016 Kbit/s
Average packet rate      =   9885.235847 pkt/s
Packets dropped          =           579 (0.58 %)
Average loss-burst size  =      0.000000 pkt
Error lines              =             0
----------------------------------------------------------
