ITGDec version 2.8.1 (r1023)
Compile-time options: bursty multiport
----------------------------------------------------------
Flow number: 1
From 192.168.10.7:47415
To    192.168.10.5:8999
----------------------------------------------------------
Total time               =      9.998371 s
Total packets            =         99115
Minimum delay            =      0.000003 s
Maximum delay            =      1.000123 s
Average delay            =      0.001943 s
Average jitter           =      0.000224 s
Delay standard deviation =      0.043511 s
Bytes received           =      25373440
Average bitrate          =  20302.059205 Kbit/s
Average packet rate      =   9913.114846 pkt/s
Packets dropped          =            31 (0.03 %)
Average loss-burst size  =      0.000000 pkt
----------------------------------------------------------

__________________________________________________________
****************  TOTAL RESULTS   ******************
__________________________________________________________
Number of flows          =             1
Total time               =      9.998371 s
Total packets            =         99115
Minimum delay            =      0.000003 s
Maximum delay            =      1.000123 s
Average delay            =      0.001943 s
Average jitter           =      0.000224 s
Delay standard deviation =      0.043511 s
Bytes received           =      25373440
Average bitrate          =  20302.059205 Kbit/s
Average packet rate      =   9913.114846 pkt/s
Packets dropped          =            31 (0.03 %)
Average loss-burst size  =      0.000000 pkt
Error lines              =             0
----------------------------------------------------------
