ITGDec version 2.8.1 (r1023)
Compile-time options: bursty multiport
----------------------------------------------------------
Flow number: 1
From 192.168.10.7:52205
To    192.168.10.5:8999
----------------------------------------------------------
Total time               =      9.998643 s
Total packets            =        165250
Minimum delay            =      0.000002 s
Maximum delay            =      1.000088 s
Average delay            =      0.001641 s
Average jitter           =      0.000137 s
Delay standard deviation =      0.040164 s
Bytes received           =      10576000
Average bitrate          =   8461.948286 Kbit/s
Average packet rate      =  16527.242747 pkt/s
Packets dropped          =             0 (0.00 %)
Average loss-burst size  =      0.000000 pkt
----------------------------------------------------------

__________________________________________________________
****************  TOTAL RESULTS   ******************
__________________________________________________________
Number of flows          =             1
Total time               =      9.998643 s
Total packets            =        165250
Minimum delay            =      0.000002 s
Maximum delay            =      1.000088 s
Average delay            =      0.001641 s
Average jitter           =      0.000137 s
Delay standard deviation =      0.040164 s
Bytes received           =      10576000
Average bitrate          =   8461.948286 Kbit/s
Average packet rate      =  16527.242747 pkt/s
Packets dropped          =             0 (0.00 %)
Average loss-burst size  =             0 pkt
Error lines              =             0
----------------------------------------------------------
