ITGDec version 2.8.1 (r1023)
Compile-time options: bursty multiport
----------------------------------------------------------
Flow number: 1
From 192.168.10.7:48990
To    192.168.10.5:8999
----------------------------------------------------------
Total time               =      9.998468 s
Total packets            =        131929
Minimum delay            =      0.000003 s
Maximum delay            =      1.000128 s
Average delay            =      0.002028 s
Average jitter           =      0.000174 s
Delay standard deviation =      0.044604 s
Bytes received           =      16886912
Average bitrate          =  13511.599577 Kbit/s
Average packet rate      =  13194.921462 pkt/s
Packets dropped          =           153 (0.12 %)
Average loss-burst size  =     76.500000 pkt
----------------------------------------------------------

__________________________________________________________
****************  TOTAL RESULTS   ******************
__________________________________________________________
Number of flows          =             1
Total time               =      9.998468 s
Total packets            =        131929
Minimum delay            =      0.000003 s
Maximum delay            =      1.000128 s
Average delay            =      0.002028 s
Average jitter           =      0.000174 s
Delay standard deviation =      0.044604 s
Bytes received           =      16886912
Average bitrate          =  13511.599577 Kbit/s
Average packet rate      =  13194.921462 pkt/s
Packets dropped          =           153 (0.12 %)
Average loss-burst size  =     76.500000 pkt
Error lines              =             0
----------------------------------------------------------
