ITGDec version 2.8.1 (r1023)
Compile-time options: bursty multiport
----------------------------------------------------------
Flow number: 1
From 192.168.10.7:51511
To    192.168.10.5:8999
----------------------------------------------------------
Total time               =      9.996352 s
Total packets            =           244
Minimum delay            =      0.002376 s
Maximum delay            =      0.006873 s
Average delay            =      0.002631 s
Average jitter           =      0.000127 s
Delay standard deviation =      0.000288 s
Bytes received           =         10657
Average bitrate          =      8.528711 Kbit/s
Average packet rate      =     24.408904 pkt/s
Packets dropped          =             0 (0.00 %)
Average loss-burst size  =      0.000000 pkt
----------------------------------------------------------

__________________________________________________________
****************  TOTAL RESULTS   ******************
__________________________________________________________
Number of flows          =             1
Total time               =      9.996352 s
Total packets            =           244
Minimum delay            =      0.002376 s
Maximum delay            =      0.006873 s
Average delay            =      0.002631 s
Average jitter           =      0.000127 s
Delay standard deviation =      0.000288 s
Bytes received           =         10657
Average bitrate          =      8.528711 Kbit/s
Average packet rate      =     24.408904 pkt/s
Packets dropped          =             0 (0.00 %)
Average loss-burst size  =             0 pkt
Error lines              =             0
----------------------------------------------------------
