ITGDec version 2.8.1 (r1023)
Compile-time options: bursty multiport
----------------------------------------------------------
Flow number: 1
From 192.168.10.7:48203
To    192.168.10.5:8999
----------------------------------------------------------
Total time               =      9.993911 s
Total packets            =           986
Minimum delay            =      0.001541 s
Maximum delay            =      0.008938 s
Average delay            =      0.002680 s
Average jitter           =      0.000143 s
Delay standard deviation =      0.000346 s
Bytes received           =         63104
Average bitrate          =     50.513958 Kbit/s
Average packet rate      =     98.660074 pkt/s
Packets dropped          =             0 (0.00 %)
Average loss-burst size  =      0.000000 pkt
----------------------------------------------------------

__________________________________________________________
****************  TOTAL RESULTS   ******************
__________________________________________________________
Number of flows          =             1
Total time               =      9.993911 s
Total packets            =           986
Minimum delay            =      0.001541 s
Maximum delay            =      0.008938 s
Average delay            =      0.002680 s
Average jitter           =      0.000143 s
Delay standard deviation =      0.000346 s
Bytes received           =         63104
Average bitrate          =     50.513958 Kbit/s
Average packet rate      =     98.660074 pkt/s
Packets dropped          =             0 (0.00 %)
Average loss-burst size  =             0 pkt
Error lines              =             0
----------------------------------------------------------
