ITGDec version 2.8.1 (r1023)
Compile-time options: bursty multiport
----------------------------------------------------------
Flow number: 1
From 192.168.10.7:59258
To    192.168.10.5:8999
----------------------------------------------------------
Total time               =      9.998537 s
Total packets            =         99259
Minimum delay            =      0.000003 s
Maximum delay            =      1.000122 s
Average delay            =      0.002767 s
Average jitter           =      0.000224 s
Delay standard deviation =      0.052084 s
Bytes received           =      25410304
Average bitrate          =  20331.217657 Kbit/s
Average packet rate      =   9927.352372 pkt/s
Packets dropped          =            69 (0.07 %)
Average loss-burst size  =     23.000000 pkt
----------------------------------------------------------

__________________________________________________________
****************  TOTAL RESULTS   ******************
__________________________________________________________
Number of flows          =             1
Total time               =      9.998537 s
Total packets            =         99259
Minimum delay            =      0.000003 s
Maximum delay            =      1.000122 s
Average delay            =      0.002767 s
Average jitter           =      0.000224 s
Delay standard deviation =      0.052084 s
Bytes received           =      25410304
Average bitrate          =  20331.217657 Kbit/s
Average packet rate      =   9927.352372 pkt/s
Packets dropped          =            69 (0.07 %)
Average loss-burst size  =     23.000000 pkt
Error lines              =             0
----------------------------------------------------------
