ITGDec version 2.8.1 (r1023)
Compile-time options: bursty multiport
----------------------------------------------------------
Flow number: 1
From 192.168.10.7:59781
To    192.168.10.5:8999
----------------------------------------------------------
Total time               =      9.998034 s
Total packets            =        130380
Minimum delay            =      0.000003 s
Maximum delay            =      1.000105 s
Average delay            =      0.002190 s
Average jitter           =      0.000176 s
Delay standard deviation =      0.046374 s
Bytes received           =      16688640
Average bitrate          =  13353.537305 Kbit/s
Average packet rate      =  13040.563775 pkt/s
Packets dropped          =           321 (0.25 %)
Average loss-burst size  =     32.100000 pkt
----------------------------------------------------------

__________________________________________________________
****************  TOTAL RESULTS   ******************
__________________________________________________________
Number of flows          =             1
Total time               =      9.998034 s
Total packets            =        130380
Minimum delay            =      0.000003 s
Maximum delay            =      1.000105 s
Average delay            =      0.002190 s
Average jitter           =      0.000176 s
Delay standard deviation =      0.046374 s
Bytes received           =      16688640
Average bitrate          =  13353.537305 Kbit/s
Average packet rate      =  13040.563775 pkt/s
Packets dropped          =           321 (0.25 %)
Average loss-burst size  =     32.100000 pkt
Error lines              =             0
----------------------------------------------------------
