ITGDec version 2.8.1 (r1023)
Compile-time options: bursty multiport
----------------------------------------------------------
Flow number: 1
From 192.168.10.7:36147
To    192.168.10.5:8999
----------------------------------------------------------
Total time               =      9.998011 s
Total packets            =        169396
Minimum delay            =      0.000002 s
Maximum delay            =      1.000086 s
Average delay            =      0.001553 s
Average jitter           =      0.000133 s
Delay standard deviation =      0.039072 s
Bytes received           =      10841344
Average bitrate          =   8674.800618 Kbit/s
Average packet rate      =  16942.969957 pkt/s
Packets dropped          =             0 (0.00 %)
Average loss-burst size  =      0.000000 pkt
----------------------------------------------------------

__________________________________________________________
****************  TOTAL RESULTS   ******************
__________________________________________________________
Number of flows          =             1
Total time               =      9.998011 s
Total packets            =        169396
Minimum delay            =      0.000002 s
Maximum delay            =      1.000086 s
Average delay            =      0.001553 s
Average jitter           =      0.000133 s
Delay standard deviation =      0.039072 s
Bytes received           =      10841344
Average bitrate          =   8674.800618 Kbit/s
Average packet rate      =  16942.969957 pkt/s
Packets dropped          =             0 (0.00 %)
Average loss-burst size  =             0 pkt
Error lines              =             0
----------------------------------------------------------
