ITGDec version 2.8.1 (r1023)
Compile-time options: bursty multiport
----------------------------------------------------------
Flow number: 1
From 192.168.10.7:48691
To    192.168.10.5:8999
----------------------------------------------------------
Total time               =      9.998607 s
Total packets            =         66234
Minimum delay            =      0.000003 s
Maximum delay            =      1.000168 s
Average delay            =      0.002270 s
Average jitter           =      0.000338 s
Delay standard deviation =      0.046577 s
Bytes received           =      33911808
Average bitrate          =  27133.226058 Kbit/s
Average packet rate      =   6624.322768 pkt/s
Packets dropped          =             0 (0.00 %)
Average loss-burst size  =      0.000000 pkt
----------------------------------------------------------

__________________________________________________________
****************  TOTAL RESULTS   ******************
__________________________________________________________
Number of flows          =             1
Total time               =      9.998607 s
Total packets            =         66234
Minimum delay            =      0.000003 s
Maximum delay            =      1.000168 s
Average delay            =      0.002270 s
Average jitter           =      0.000338 s
Delay standard deviation =      0.046577 s
Bytes received           =      33911808
Average bitrate          =  27133.226058 Kbit/s
Average packet rate      =   6624.322768 pkt/s
Packets dropped          =             0 (0.00 %)
Average loss-burst size  =             0 pkt
Error lines              =             0
----------------------------------------------------------
