ITGDec version 2.8.1 (r1023)
Compile-time options: bursty multiport
----------------------------------------------------------
Flow number: 1
From 192.168.10.7:42942
To    192.168.10.5:8999
----------------------------------------------------------
Total time               =      4.850028 s
Total packets            =           116
Minimum delay            =      0.002356 s
Maximum delay            =      0.007713 s
Average delay            =      0.002723 s
Average jitter           =      0.000314 s
Delay standard deviation =      0.000683 s
Bytes received           =          4895
Average bitrate          =      8.074180 Kbit/s
Average packet rate      =     23.917388 pkt/s
Packets dropped          =             0 (0.00 %)
Average loss-burst size  =      0.000000 pkt
----------------------------------------------------------

__________________________________________________________
****************  TOTAL RESULTS   ******************
__________________________________________________________
Number of flows          =             1
Total time               =      4.850028 s
Total packets            =           116
Minimum delay            =      0.002356 s
Maximum delay            =      0.007713 s
Average delay            =      0.002723 s
Average jitter           =      0.000314 s
Delay standard deviation =      0.000683 s
Bytes received           =          4895
Average bitrate          =      8.074180 Kbit/s
Average packet rate      =     23.917388 pkt/s
Packets dropped          =             0 (0.00 %)
Average loss-burst size  =             0 pkt
Error lines              =             0
----------------------------------------------------------
