ITGDec version 2.8.1 (r1023)
Compile-time options: bursty multiport
----------------------------------------------------------
Flow number: 1
From 192.168.10.7:41930
To    192.168.10.5:8999
----------------------------------------------------------
Total time               =      8.937737 s
Total packets            =             6
Minimum delay            =      0.002800 s
Maximum delay            =      0.003194 s
Average delay            =      0.002968 s
Average jitter           =      0.000243 s
Delay standard deviation =      0.000157 s
Bytes received           =          1157
Average bitrate          =      1.035609 Kbit/s
Average packet rate      =      0.671311 pkt/s
Packets dropped          =             0 (0.00 %)
Average loss-burst size  =      0.000000 pkt
----------------------------------------------------------

__________________________________________________________
****************  TOTAL RESULTS   ******************
__________________________________________________________
Number of flows          =             1
Total time               =      8.937737 s
Total packets            =             6
Minimum delay            =      0.002800 s
Maximum delay            =      0.003194 s
Average delay            =      0.002968 s
Average jitter           =      0.000243 s
Delay standard deviation =      0.000157 s
Bytes received           =          1157
Average bitrate          =      1.035609 Kbit/s
Average packet rate      =      0.671311 pkt/s
Packets dropped          =             0 (0.00 %)
Average loss-burst size  =             0 pkt
Error lines              =             0
----------------------------------------------------------
