ITGDec version 2.8.1 (r1023)
Compile-time options: bursty multiport
----------------------------------------------------------
Flow number: 1
From 192.168.10.7:60957
To    192.168.10.5:8999
----------------------------------------------------------
Total time               =      9.998368 s
Total packets            =         99490
Minimum delay            =      0.000004 s
Maximum delay            =      1.000117 s
Average delay            =      0.001875 s
Average jitter           =      0.000224 s
Delay standard deviation =      0.042732 s
Bytes received           =      25469440
Average bitrate          =  20378.877833 Kbit/s
Average packet rate      =   9950.623942 pkt/s
Packets dropped          =             3 (0.00 %)
Average loss-burst size  =      1.500000 pkt
----------------------------------------------------------

__________________________________________________________
****************  TOTAL RESULTS   ******************
__________________________________________________________
Number of flows          =             1
Total time               =      9.998368 s
Total packets            =         99490
Minimum delay            =      0.000004 s
Maximum delay            =      1.000117 s
Average delay            =      0.001875 s
Average jitter           =      0.000224 s
Delay standard deviation =      0.042732 s
Bytes received           =      25469440
Average bitrate          =  20378.877833 Kbit/s
Average packet rate      =   9950.623942 pkt/s
Packets dropped          =             3 (0.00 %)
Average loss-burst size  =      1.500000 pkt
Error lines              =             0
----------------------------------------------------------
