ITGDec version 2.8.1 (r1023)
Compile-time options: bursty multiport
----------------------------------------------------------
Flow number: 1
From 192.168.10.7:59618
To    192.168.10.5:8999
----------------------------------------------------------
Total time               =      9.998683 s
Total packets            =         32759
Minimum delay            =      0.000003 s
Maximum delay            =      1.000329 s
Average delay            =      0.003672 s
Average jitter           =      0.000664 s
Delay standard deviation =      0.058630 s
Bytes received           =      41931520
Average bitrate          =  33549.634487 Kbit/s
Average packet rate      =   3276.331493 pkt/s
Packets dropped          =             2 (0.01 %)
Average loss-burst size  =      1.000000 pkt
----------------------------------------------------------

__________________________________________________________
****************  TOTAL RESULTS   ******************
__________________________________________________________
Number of flows          =             1
Total time               =      9.998683 s
Total packets            =         32759
Minimum delay            =      0.000003 s
Maximum delay            =      1.000329 s
Average delay            =      0.003672 s
Average jitter           =      0.000664 s
Delay standard deviation =      0.058630 s
Bytes received           =      41931520
Average bitrate          =  33549.634487 Kbit/s
Average packet rate      =   3276.331493 pkt/s
Packets dropped          =             2 (0.01 %)
Average loss-burst size  =      1.000000 pkt
Error lines              =             0
----------------------------------------------------------
