ITGDec version 2.8.1 (r1023)
Compile-time options: bursty multiport
----------------------------------------------------------
Flow number: 1
From 192.168.10.7:54941
To    192.168.10.5:8999
----------------------------------------------------------
Total time               =      9.958796 s
Total packets            =           233
Minimum delay            =      0.002377 s
Maximum delay            =      0.006586 s
Average delay            =      0.002659 s
Average jitter           =      0.000148 s
Delay standard deviation =      0.000387 s
Bytes received           =         10088
Average bitrate          =      8.103791 Kbit/s
Average packet rate      =     23.396403 pkt/s
Packets dropped          =             0 (0.00 %)
Average loss-burst size  =      0.000000 pkt
----------------------------------------------------------

__________________________________________________________
****************  TOTAL RESULTS   ******************
__________________________________________________________
Number of flows          =             1
Total time               =      9.958796 s
Total packets            =           233
Minimum delay            =      0.002377 s
Maximum delay            =      0.006586 s
Average delay            =      0.002659 s
Average jitter           =      0.000148 s
Delay standard deviation =      0.000387 s
Bytes received           =         10088
Average bitrate          =      8.103791 Kbit/s
Average packet rate      =     23.396403 pkt/s
Packets dropped          =             0 (0.00 %)
Average loss-burst size  =             0 pkt
Error lines              =             0
----------------------------------------------------------
