ITGDec version 2.8.1 (r1023)
Compile-time options: bursty multiport
----------------------------------------------------------
Flow number: 1
From 192.168.10.7:49357
To    192.168.10.5:8999
----------------------------------------------------------
Total time               =      8.937357 s
Total packets            =             6
Minimum delay            =      0.002676 s
Maximum delay            =      0.003269 s
Average delay            =      0.002947 s
Average jitter           =      0.000236 s
Delay standard deviation =      0.000206 s
Bytes received           =          1251
Average bitrate          =      1.119794 Kbit/s
Average packet rate      =      0.671339 pkt/s
Packets dropped          =             0 (0.00 %)
Average loss-burst size  =      0.000000 pkt
----------------------------------------------------------

__________________________________________________________
****************  TOTAL RESULTS   ******************
__________________________________________________________
Number of flows          =             1
Total time               =      8.937357 s
Total packets            =             6
Minimum delay            =      0.002676 s
Maximum delay            =      0.003269 s
Average delay            =      0.002947 s
Average jitter           =      0.000236 s
Delay standard deviation =      0.000206 s
Bytes received           =          1251
Average bitrate          =      1.119794 Kbit/s
Average packet rate      =      0.671339 pkt/s
Packets dropped          =             0 (0.00 %)
Average loss-burst size  =             0 pkt
Error lines              =             0
----------------------------------------------------------
