ITGDec version 2.8.1 (r1023)
Compile-time options: bursty multiport
----------------------------------------------------------
Flow number: 1
From 192.168.10.7:47254
To    192.168.10.5:8999
----------------------------------------------------------
Total time               =      9.998726 s
Total packets            =         32752
Minimum delay            =      0.000004 s
Maximum delay            =      1.000318 s
Average delay            =      0.003581 s
Average jitter           =      0.000664 s
Delay standard deviation =      0.057855 s
Bytes received           =      41922560
Average bitrate          =  33542.321292 Kbit/s
Average packet rate      =   3275.617314 pkt/s
Packets dropped          =             2 (0.01 %)
Average loss-burst size  =      1.000000 pkt
----------------------------------------------------------

__________________________________________________________
****************  TOTAL RESULTS   ******************
__________________________________________________________
Number of flows          =             1
Total time               =      9.998726 s
Total packets            =         32752
Minimum delay            =      0.000004 s
Maximum delay            =      1.000318 s
Average delay            =      0.003581 s
Average jitter           =      0.000664 s
Delay standard deviation =      0.057855 s
Bytes received           =      41922560
Average bitrate          =  33542.321292 Kbit/s
Average packet rate      =   3275.617314 pkt/s
Packets dropped          =             2 (0.01 %)
Average loss-burst size  =      1.000000 pkt
Error lines              =             0
----------------------------------------------------------
