ITGDec version 2.8.1 (r1023)
Compile-time options: bursty multiport
----------------------------------------------------------
Flow number: 1
From 192.168.10.7:58519
To    192.168.10.5:8999
----------------------------------------------------------
Total time               =      9.992449 s
Total packets            =           986
Minimum delay            =      0.002184 s
Maximum delay            =      0.008595 s
Average delay            =      0.002726 s
Average jitter           =      0.000156 s
Delay standard deviation =      0.000394 s
Bytes received           =         63104
Average bitrate          =     50.521349 Kbit/s
Average packet rate      =     98.674509 pkt/s
Packets dropped          =             0 (0.00 %)
Average loss-burst size  =      0.000000 pkt
----------------------------------------------------------

__________________________________________________________
****************  TOTAL RESULTS   ******************
__________________________________________________________
Number of flows          =             1
Total time               =      9.992449 s
Total packets            =           986
Minimum delay            =      0.002184 s
Maximum delay            =      0.008595 s
Average delay            =      0.002726 s
Average jitter           =      0.000156 s
Delay standard deviation =      0.000394 s
Bytes received           =         63104
Average bitrate          =     50.521349 Kbit/s
Average packet rate      =     98.674509 pkt/s
Packets dropped          =             0 (0.00 %)
Average loss-burst size  =             0 pkt
Error lines              =             0
----------------------------------------------------------
