ITGDec version 2.8.1 (r1023)
Compile-time options: bursty multiport
----------------------------------------------------------
Flow number: 1
From 192.168.10.7:33028
To    192.168.10.5:8999
----------------------------------------------------------
Total time               =      9.998646 s
Total packets            =         38404
Minimum delay            =      0.000004 s
Maximum delay            =      1.000267 s
Average delay            =      0.003053 s
Average jitter           =      0.000562 s
Delay standard deviation =      0.054402 s
Bytes received           =      39325696
Average bitrate          =  31464.817136 Kbit/s
Average packet rate      =   3840.920061 pkt/s
Packets dropped          =             0 (0.00 %)
Average loss-burst size  =      0.000000 pkt
----------------------------------------------------------

__________________________________________________________
****************  TOTAL RESULTS   ******************
__________________________________________________________
Number of flows          =             1
Total time               =      9.998646 s
Total packets            =         38404
Minimum delay            =      0.000004 s
Maximum delay            =      1.000267 s
Average delay            =      0.003053 s
Average jitter           =      0.000562 s
Delay standard deviation =      0.054402 s
Bytes received           =      39325696
Average bitrate          =  31464.817136 Kbit/s
Average packet rate      =   3840.920061 pkt/s
Packets dropped          =             0 (0.00 %)
Average loss-burst size  =             0 pkt
Error lines              =             0
----------------------------------------------------------
