ITGDec version 2.8.1 (r1023)
Compile-time options: bursty multiport
----------------------------------------------------------
Flow number: 1
From 192.168.10.7:43809
To    192.168.10.5:8999
----------------------------------------------------------
Total time               =      9.998481 s
Total packets            =         99516
Minimum delay            =      0.000003 s
Maximum delay            =      1.000122 s
Average delay            =      0.002458 s
Average jitter           =      0.000224 s
Delay standard deviation =      0.049049 s
Bytes received           =      25476096
Average bitrate          =  20383.973126 Kbit/s
Average packet rate      =   9953.111878 pkt/s
Packets dropped          =             5 (0.01 %)
Average loss-burst size  =      0.000000 pkt
----------------------------------------------------------

__________________________________________________________
****************  TOTAL RESULTS   ******************
__________________________________________________________
Number of flows          =             1
Total time               =      9.998481 s
Total packets            =         99516
Minimum delay            =      0.000003 s
Maximum delay            =      1.000122 s
Average delay            =      0.002458 s
Average jitter           =      0.000224 s
Delay standard deviation =      0.049049 s
Bytes received           =      25476096
Average bitrate          =  20383.973126 Kbit/s
Average packet rate      =   9953.111878 pkt/s
Packets dropped          =             5 (0.01 %)
Average loss-burst size  =      0.000000 pkt
Error lines              =             0
----------------------------------------------------------
