ITGDec version 2.8.1 (r1023)
Compile-time options: bursty multiport
----------------------------------------------------------
Flow number: 1
From 192.168.10.7:36024
To    192.168.10.5:8999
----------------------------------------------------------
Total time               =      9.998512 s
Total packets            =         99505
Minimum delay            =      0.000004 s
Maximum delay            =      1.000114 s
Average delay            =      0.001885 s
Average jitter           =      0.000224 s
Delay standard deviation =      0.042845 s
Bytes received           =      25473280
Average bitrate          =  20381.656791 Kbit/s
Average packet rate      =   9951.980855 pkt/s
Packets dropped          =             0 (0.00 %)
Average loss-burst size  =      0.000000 pkt
----------------------------------------------------------

__________________________________________________________
****************  TOTAL RESULTS   ******************
__________________________________________________________
Number of flows          =             1
Total time               =      9.998512 s
Total packets            =         99505
Minimum delay            =      0.000004 s
Maximum delay            =      1.000114 s
Average delay            =      0.001885 s
Average jitter           =      0.000224 s
Delay standard deviation =      0.042845 s
Bytes received           =      25473280
Average bitrate          =  20381.656791 Kbit/s
Average packet rate      =   9951.980855 pkt/s
Packets dropped          =             0 (0.00 %)
Average loss-burst size  =             0 pkt
Error lines              =             0
----------------------------------------------------------
