ITGDec version 2.8.1 (r1023)
Compile-time options: bursty multiport
----------------------------------------------------------
Flow number: 1
From 192.168.10.7:59209
To    192.168.10.5:8999
----------------------------------------------------------
Total time               =      9.999168 s
Total packets            =         32755
Minimum delay            =      0.000004 s
Maximum delay            =      1.000319 s
Average delay            =      0.003518 s
Average jitter           =      0.000664 s
Delay standard deviation =      0.057327 s
Bytes received           =      41926400
Average bitrate          =  33543.910853 Kbit/s
Average packet rate      =   3275.772544 pkt/s
Packets dropped          =             2 (0.01 %)
Average loss-burst size  =      1.000000 pkt
----------------------------------------------------------

__________________________________________________________
****************  TOTAL RESULTS   ******************
__________________________________________________________
Number of flows          =             1
Total time               =      9.999168 s
Total packets            =         32755
Minimum delay            =      0.000004 s
Maximum delay            =      1.000319 s
Average delay            =      0.003518 s
Average jitter           =      0.000664 s
Delay standard deviation =      0.057327 s
Bytes received           =      41926400
Average bitrate          =  33543.910853 Kbit/s
Average packet rate      =   3275.772544 pkt/s
Packets dropped          =             2 (0.01 %)
Average loss-burst size  =      1.000000 pkt
Error lines              =             0
----------------------------------------------------------
