ITGDec version 2.8.1 (r1023)
Compile-time options: bursty multiport
----------------------------------------------------------
Flow number: 1
From 192.168.10.7:35478
To    192.168.10.5:8999
----------------------------------------------------------
Total time               =      9.998779 s
Total packets            =         38010
Minimum delay            =      0.000004 s
Maximum delay            =      1.000276 s
Average delay            =      0.003111 s
Average jitter           =      0.000567 s
Delay standard deviation =      0.054921 s
Bytes received           =      38922240
Average bitrate          =  31141.594389 Kbit/s
Average packet rate      =   3801.464159 pkt/s
Packets dropped          =           356 (0.93 %)
Average loss-burst size  =      0.000000 pkt
----------------------------------------------------------

__________________________________________________________
****************  TOTAL RESULTS   ******************
__________________________________________________________
Number of flows          =             1
Total time               =      9.998779 s
Total packets            =         38010
Minimum delay            =      0.000004 s
Maximum delay            =      1.000276 s
Average delay            =      0.003111 s
Average jitter           =      0.000567 s
Delay standard deviation =      0.054921 s
Bytes received           =      38922240
Average bitrate          =  31141.594389 Kbit/s
Average packet rate      =   3801.464159 pkt/s
Packets dropped          =           356 (0.93 %)
Average loss-burst size  =      0.000000 pkt
Error lines              =             0
----------------------------------------------------------
