ITGDec version 2.8.1 (r1023)
Compile-time options: bursty multiport
----------------------------------------------------------
Flow number: 1
From 192.168.10.7:52190
To    192.168.10.5:8999
----------------------------------------------------------
Total time               =      9.998580 s
Total packets            =        130081
Minimum delay            =      0.000003 s
Maximum delay            =      1.000103 s
Average delay            =      0.001880 s
Average jitter           =      0.000177 s
Delay standard deviation =      0.042914 s
Bytes received           =      16650368
Average bitrate          =  13322.186150 Kbit/s
Average packet rate      =  13009.947413 pkt/s
Packets dropped          =           180 (0.14 %)
Average loss-burst size  =     36.000000 pkt
----------------------------------------------------------

__________________________________________________________
****************  TOTAL RESULTS   ******************
__________________________________________________________
Number of flows          =             1
Total time               =      9.998580 s
Total packets            =        130081
Minimum delay            =      0.000003 s
Maximum delay            =      1.000103 s
Average delay            =      0.001880 s
Average jitter           =      0.000177 s
Delay standard deviation =      0.042914 s
Bytes received           =      16650368
Average bitrate          =  13322.186150 Kbit/s
Average packet rate      =  13009.947413 pkt/s
Packets dropped          =           180 (0.14 %)
Average loss-burst size  =     36.000000 pkt
Error lines              =             0
----------------------------------------------------------
