ITGDec version 2.8.1 (r1023)
Compile-time options: bursty multiport
----------------------------------------------------------
Flow number: 1
From 192.168.10.7:53798
To    192.168.10.5:8999
----------------------------------------------------------
Total time               =      9.998712 s
Total packets            =         66107
Minimum delay            =      0.000003 s
Maximum delay            =      1.000164 s
Average delay            =      0.002304 s
Average jitter           =      0.000339 s
Delay standard deviation =      0.046943 s
Bytes received           =      33846784
Average bitrate          =  27080.915222 Kbit/s
Average packet rate      =   6611.551568 pkt/s
Packets dropped          =             0 (0.00 %)
Average loss-burst size  =      0.000000 pkt
----------------------------------------------------------

__________________________________________________________
****************  TOTAL RESULTS   ******************
__________________________________________________________
Number of flows          =             1
Total time               =      9.998712 s
Total packets            =         66107
Minimum delay            =      0.000003 s
Maximum delay            =      1.000164 s
Average delay            =      0.002304 s
Average jitter           =      0.000339 s
Delay standard deviation =      0.046943 s
Bytes received           =      33846784
Average bitrate          =  27080.915222 Kbit/s
Average packet rate      =   6611.551568 pkt/s
Packets dropped          =             0 (0.00 %)
Average loss-burst size  =             0 pkt
Error lines              =             0
----------------------------------------------------------
