ITGDec version 2.8.1 (r1023)
Compile-time options: bursty multiport
----------------------------------------------------------
Flow number: 1
From 192.168.10.7:54177
To    192.168.10.5:8999
----------------------------------------------------------
Total time               =      9.998791 s
Total packets            =         38393
Minimum delay            =      0.000004 s
Maximum delay            =      1.000289 s
Average delay            =      0.003756 s
Average jitter           =      0.000562 s
Delay standard deviation =      0.060490 s
Bytes received           =      39314432
Average bitrate          =  31455.348552 Kbit/s
Average packet rate      =   3839.764227 pkt/s
Packets dropped          =             0 (0.00 %)
Average loss-burst size  =      0.000000 pkt
----------------------------------------------------------

__________________________________________________________
****************  TOTAL RESULTS   ******************
__________________________________________________________
Number of flows          =             1
Total time               =      9.998791 s
Total packets            =         38393
Minimum delay            =      0.000004 s
Maximum delay            =      1.000289 s
Average delay            =      0.003756 s
Average jitter           =      0.000562 s
Delay standard deviation =      0.060490 s
Bytes received           =      39314432
Average bitrate          =  31455.348552 Kbit/s
Average packet rate      =   3839.764227 pkt/s
Packets dropped          =             0 (0.00 %)
Average loss-burst size  =             0 pkt
Error lines              =             0
----------------------------------------------------------
