ITGDec version 2.8.1 (r1023)
Compile-time options: bursty multiport
----------------------------------------------------------
Flow number: 1
From 192.168.10.7:53765
To    192.168.10.5:8999
----------------------------------------------------------
Total time               =      8.937717 s
Total packets            =             6
Minimum delay            =      0.002674 s
Maximum delay            =      0.003139 s
Average delay            =      0.002992 s
Average jitter           =      0.000246 s
Delay standard deviation =      0.000154 s
Bytes received           =          1373
Average bitrate          =      1.228949 Kbit/s
Average packet rate      =      0.671312 pkt/s
Packets dropped          =             0 (0.00 %)
Average loss-burst size  =      0.000000 pkt
----------------------------------------------------------

__________________________________________________________
****************  TOTAL RESULTS   ******************
__________________________________________________________
Number of flows          =             1
Total time               =      8.937717 s
Total packets            =             6
Minimum delay            =      0.002674 s
Maximum delay            =      0.003139 s
Average delay            =      0.002992 s
Average jitter           =      0.000246 s
Delay standard deviation =      0.000154 s
Bytes received           =          1373
Average bitrate          =      1.228949 Kbit/s
Average packet rate      =      0.671312 pkt/s
Packets dropped          =             0 (0.00 %)
Average loss-burst size  =             0 pkt
Error lines              =             0
----------------------------------------------------------
