ITGDec version 2.8.1 (r1023)
Compile-time options: bursty multiport
----------------------------------------------------------
Flow number: 1
From 192.168.10.7:60601
To    192.168.10.5:8999
----------------------------------------------------------
Total time               =      9.998961 s
Total packets            =         38373
Minimum delay            =      0.000003 s
Maximum delay            =      1.000268 s
Average delay            =      0.003287 s
Average jitter           =      0.000561 s
Delay standard deviation =      0.056526 s
Bytes received           =      39293952
Average bitrate          =  31438.428053 Kbit/s
Average packet rate      =   3837.698737 pkt/s
Packets dropped          =             0 (0.00 %)
Average loss-burst size  =      0.000000 pkt
----------------------------------------------------------

__________________________________________________________
****************  TOTAL RESULTS   ******************
__________________________________________________________
Number of flows          =             1
Total time               =      9.998961 s
Total packets            =         38373
Minimum delay            =      0.000003 s
Maximum delay            =      1.000268 s
Average delay            =      0.003287 s
Average jitter           =      0.000561 s
Delay standard deviation =      0.056526 s
Bytes received           =      39293952
Average bitrate          =  31438.428053 Kbit/s
Average packet rate      =   3837.698737 pkt/s
Packets dropped          =             0 (0.00 %)
Average loss-burst size  =             0 pkt
Error lines              =             0
----------------------------------------------------------
