ITGDec version 2.8.1 (r1023)
Compile-time options: bursty multiport
----------------------------------------------------------
Flow number: 1
From 192.168.10.7:38873
To    192.168.10.5:8999
----------------------------------------------------------
Total time               =      9.998567 s
Total packets            =        130229
Minimum delay            =      0.000002 s
Maximum delay            =      1.000098 s
Average delay            =      0.002223 s
Average jitter           =      0.000176 s
Delay standard deviation =      0.046730 s
Bytes received           =      16669312
Average bitrate          =  13337.360844 Kbit/s
Average packet rate      =  13024.766449 pkt/s
Packets dropped          =            34 (0.03 %)
Average loss-burst size  =     11.333333 pkt
----------------------------------------------------------

__________________________________________________________
****************  TOTAL RESULTS   ******************
__________________________________________________________
Number of flows          =             1
Total time               =      9.998567 s
Total packets            =        130229
Minimum delay            =      0.000002 s
Maximum delay            =      1.000098 s
Average delay            =      0.002223 s
Average jitter           =      0.000176 s
Delay standard deviation =      0.046730 s
Bytes received           =      16669312
Average bitrate          =  13337.360844 Kbit/s
Average packet rate      =  13024.766449 pkt/s
Packets dropped          =            34 (0.03 %)
Average loss-burst size  =     11.333333 pkt
Error lines              =             0
----------------------------------------------------------
