ITGDec version 2.8.1 (r1023)
Compile-time options: bursty multiport
----------------------------------------------------------
Flow number: 1
From 192.168.10.7:37382
To    192.168.10.5:8999
----------------------------------------------------------
Total time               =      9.998534 s
Total packets            =        169208
Minimum delay            =      0.000002 s
Maximum delay            =      1.000100 s
Average delay            =      0.001567 s
Average jitter           =      0.000134 s
Delay standard deviation =      0.039244 s
Bytes received           =      10829312
Average bitrate          =   8664.719848 Kbit/s
Average packet rate      =  16923.280953 pkt/s
Packets dropped          =             0 (0.00 %)
Average loss-burst size  =      0.000000 pkt
----------------------------------------------------------

__________________________________________________________
****************  TOTAL RESULTS   ******************
__________________________________________________________
Number of flows          =             1
Total time               =      9.998534 s
Total packets            =        169208
Minimum delay            =      0.000002 s
Maximum delay            =      1.000100 s
Average delay            =      0.001567 s
Average jitter           =      0.000134 s
Delay standard deviation =      0.039244 s
Bytes received           =      10829312
Average bitrate          =   8664.719848 Kbit/s
Average packet rate      =  16923.280953 pkt/s
Packets dropped          =             0 (0.00 %)
Average loss-burst size  =             0 pkt
Error lines              =             0
----------------------------------------------------------
