ITGDec version 2.8.1 (r1023)
Compile-time options: bursty multiport
----------------------------------------------------------
Flow number: 1
From 192.168.10.7:51357
To    192.168.10.5:8999
----------------------------------------------------------
Total time               =      9.997033 s
Total packets            =        170081
Minimum delay            =      0.000002 s
Maximum delay            =      1.000088 s
Average delay            =      0.001541 s
Average jitter           =      0.000133 s
Delay standard deviation =      0.038918 s
Bytes received           =      10885184
Average bitrate          =   8710.731674 Kbit/s
Average packet rate      =  17013.147801 pkt/s
Packets dropped          =             0 (0.00 %)
Average loss-burst size  =      0.000000 pkt
----------------------------------------------------------

__________________________________________________________
****************  TOTAL RESULTS   ******************
__________________________________________________________
Number of flows          =             1
Total time               =      9.997033 s
Total packets            =        170081
Minimum delay            =      0.000002 s
Maximum delay            =      1.000088 s
Average delay            =      0.001541 s
Average jitter           =      0.000133 s
Delay standard deviation =      0.038918 s
Bytes received           =      10885184
Average bitrate          =   8710.731674 Kbit/s
Average packet rate      =  17013.147801 pkt/s
Packets dropped          =             0 (0.00 %)
Average loss-burst size  =             0 pkt
Error lines              =             0
----------------------------------------------------------
