ITGDec version 2.8.1 (r1023)
Compile-time options: bursty multiport
----------------------------------------------------------
Flow number: 1
From 192.168.10.7:45819
To    192.168.10.5:8999
----------------------------------------------------------
Total time               =      9.997695 s
Total packets            =        169134
Minimum delay            =      0.000002 s
Maximum delay            =      1.000071 s
Average delay            =      0.001548 s
Average jitter           =      0.000132 s
Delay standard deviation =      0.039027 s
Bytes received           =      10824576
Average bitrate          =   8661.657312 Kbit/s
Average packet rate      =  16917.299438 pkt/s
Packets dropped          =             0 (0.00 %)
Average loss-burst size  =      0.000000 pkt
----------------------------------------------------------

__________________________________________________________
****************  TOTAL RESULTS   ******************
__________________________________________________________
Number of flows          =             1
Total time               =      9.997695 s
Total packets            =        169134
Minimum delay            =      0.000002 s
Maximum delay            =      1.000071 s
Average delay            =      0.001548 s
Average jitter           =      0.000132 s
Delay standard deviation =      0.039027 s
Bytes received           =      10824576
Average bitrate          =   8661.657312 Kbit/s
Average packet rate      =  16917.299438 pkt/s
Packets dropped          =             0 (0.00 %)
Average loss-burst size  =             0 pkt
Error lines              =             0
----------------------------------------------------------
