ITGDec version 2.8.1 (r1023)
Compile-time options: bursty multiport
----------------------------------------------------------
Flow number: 1
From 192.168.10.7:58411
To    192.168.10.5:8999
----------------------------------------------------------
Total time               =      9.969150 s
Total packets            =           239
Minimum delay            =      0.002383 s
Maximum delay            =      0.014625 s
Average delay            =      0.002770 s
Average jitter           =      0.000309 s
Delay standard deviation =      0.000874 s
Bytes received           =         10633
Average bitrate          =      8.532723 Kbit/s
Average packet rate      =     23.973960 pkt/s
Packets dropped          =             0 (0.00 %)
Average loss-burst size  =      0.000000 pkt
----------------------------------------------------------

__________________________________________________________
****************  TOTAL RESULTS   ******************
__________________________________________________________
Number of flows          =             1
Total time               =      9.969150 s
Total packets            =           239
Minimum delay            =      0.002383 s
Maximum delay            =      0.014625 s
Average delay            =      0.002770 s
Average jitter           =      0.000309 s
Delay standard deviation =      0.000874 s
Bytes received           =         10633
Average bitrate          =      8.532723 Kbit/s
Average packet rate      =     23.973960 pkt/s
Packets dropped          =             0 (0.00 %)
Average loss-burst size  =             0 pkt
Error lines              =             0
----------------------------------------------------------
