ITGDec version 2.8.1 (r1023)
Compile-time options: bursty multiport
----------------------------------------------------------
Flow number: 1
From 192.168.10.7:59979
To    192.168.10.5:8999
----------------------------------------------------------
Total time               =      9.998559 s
Total packets            =         66069
Minimum delay            =      0.000003 s
Maximum delay            =      1.000166 s
Average delay            =      0.003259 s
Average jitter           =      0.000339 s
Delay standard deviation =      0.056154 s
Bytes received           =      33827328
Average bitrate          =  27065.762576 Kbit/s
Average packet rate      =   6607.852192 pkt/s
Packets dropped          =             0 (0.00 %)
Average loss-burst size  =      0.000000 pkt
----------------------------------------------------------

__________________________________________________________
****************  TOTAL RESULTS   ******************
__________________________________________________________
Number of flows          =             1
Total time               =      9.998559 s
Total packets            =         66069
Minimum delay            =      0.000003 s
Maximum delay            =      1.000166 s
Average delay            =      0.003259 s
Average jitter           =      0.000339 s
Delay standard deviation =      0.056154 s
Bytes received           =      33827328
Average bitrate          =  27065.762576 Kbit/s
Average packet rate      =   6607.852192 pkt/s
Packets dropped          =             0 (0.00 %)
Average loss-burst size  =             0 pkt
Error lines              =             0
----------------------------------------------------------
