ITGDec version 2.8.1 (r1023)
Compile-time options: bursty multiport
----------------------------------------------------------
Flow number: 1
From 192.168.10.7:35460
To    192.168.10.5:8999
----------------------------------------------------------
Total time               =      9.982402 s
Total packets            =           244
Minimum delay            =      0.002372 s
Maximum delay            =      0.003543 s
Average delay            =      0.002622 s
Average jitter           =      0.000105 s
Delay standard deviation =      0.000110 s
Bytes received           =         10694
Average bitrate          =      8.570282 Kbit/s
Average packet rate      =     24.443015 pkt/s
Packets dropped          =             0 (0.00 %)
Average loss-burst size  =      0.000000 pkt
----------------------------------------------------------

__________________________________________________________
****************  TOTAL RESULTS   ******************
__________________________________________________________
Number of flows          =             1
Total time               =      9.982402 s
Total packets            =           244
Minimum delay            =      0.002372 s
Maximum delay            =      0.003543 s
Average delay            =      0.002622 s
Average jitter           =      0.000105 s
Delay standard deviation =      0.000110 s
Bytes received           =         10694
Average bitrate          =      8.570282 Kbit/s
Average packet rate      =     24.443015 pkt/s
Packets dropped          =             0 (0.00 %)
Average loss-burst size  =             0 pkt
Error lines              =             0
----------------------------------------------------------
