ITGDec version 2.8.1 (r1023)
Compile-time options: bursty multiport
----------------------------------------------------------
Flow number: 1
From 192.168.10.7:49594
To    192.168.10.5:8999
----------------------------------------------------------
Total time               =      8.937479 s
Total packets            =             6
Minimum delay            =      0.002894 s
Maximum delay            =      0.009357 s
Average delay            =      0.004164 s
Average jitter           =      0.002659 s
Delay standard deviation =      0.002328 s
Bytes received           =          1415
Average bitrate          =      1.266576 Kbit/s
Average packet rate      =      0.671330 pkt/s
Packets dropped          =             0 (0.00 %)
Average loss-burst size  =      0.000000 pkt
----------------------------------------------------------

__________________________________________________________
****************  TOTAL RESULTS   ******************
__________________________________________________________
Number of flows          =             1
Total time               =      8.937479 s
Total packets            =             6
Minimum delay            =      0.002894 s
Maximum delay            =      0.009357 s
Average delay            =      0.004164 s
Average jitter           =      0.002659 s
Delay standard deviation =      0.002328 s
Bytes received           =          1415
Average bitrate          =      1.266576 Kbit/s
Average packet rate      =      0.671330 pkt/s
Packets dropped          =             0 (0.00 %)
Average loss-burst size  =             0 pkt
Error lines              =             0
----------------------------------------------------------
