ITGDec version 2.8.1 (r1023)
Compile-time options: bursty multiport
----------------------------------------------------------
Flow number: 1
From 192.168.10.7:56844
To    192.168.10.5:8999
----------------------------------------------------------
Total time               =      9.989615 s
Total packets            =           240
Minimum delay            =      0.002356 s
Maximum delay            =      0.014070 s
Average delay            =      0.002662 s
Average jitter           =      0.000233 s
Delay standard deviation =      0.000774 s
Bytes received           =         10461
Average bitrate          =      8.377500 Kbit/s
Average packet rate      =     24.024950 pkt/s
Packets dropped          =             0 (0.00 %)
Average loss-burst size  =      0.000000 pkt
----------------------------------------------------------

__________________________________________________________
****************  TOTAL RESULTS   ******************
__________________________________________________________
Number of flows          =             1
Total time               =      9.989615 s
Total packets            =           240
Minimum delay            =      0.002356 s
Maximum delay            =      0.014070 s
Average delay            =      0.002662 s
Average jitter           =      0.000233 s
Delay standard deviation =      0.000774 s
Bytes received           =         10461
Average bitrate          =      8.377500 Kbit/s
Average packet rate      =     24.024950 pkt/s
Packets dropped          =             0 (0.00 %)
Average loss-burst size  =             0 pkt
Error lines              =             0
----------------------------------------------------------
