ITGDec version 2.8.1 (r1023)
Compile-time options: bursty multiport
----------------------------------------------------------
Flow number: 1
From 192.168.10.7:37184
To    192.168.10.5:8999
----------------------------------------------------------
Total time               =      9.998785 s
Total packets            =        130583
Minimum delay            =      0.000003 s
Maximum delay            =      1.000122 s
Average delay            =      0.002041 s
Average jitter           =      0.000176 s
Delay standard deviation =      0.044748 s
Bytes received           =      16714624
Average bitrate          =  13373.324059 Kbit/s
Average packet rate      =  13059.886776 pkt/s
Packets dropped          =            57 (0.04 %)
Average loss-burst size  =     14.250000 pkt
----------------------------------------------------------

__________________________________________________________
****************  TOTAL RESULTS   ******************
__________________________________________________________
Number of flows          =             1
Total time               =      9.998785 s
Total packets            =        130583
Minimum delay            =      0.000003 s
Maximum delay            =      1.000122 s
Average delay            =      0.002041 s
Average jitter           =      0.000176 s
Delay standard deviation =      0.044748 s
Bytes received           =      16714624
Average bitrate          =  13373.324059 Kbit/s
Average packet rate      =  13059.886776 pkt/s
Packets dropped          =            57 (0.04 %)
Average loss-burst size  =     14.250000 pkt
Error lines              =             0
----------------------------------------------------------
