ITGDec version 2.8.1 (r1023)
Compile-time options: bursty multiport
----------------------------------------------------------
Flow number: 1
From 192.168.10.7:43941
To    192.168.10.5:8999
----------------------------------------------------------
Total time               =      9.998460 s
Total packets            =         66018
Minimum delay            =      0.000003 s
Maximum delay            =      1.000168 s
Average delay            =      0.002443 s
Average jitter           =      0.000339 s
Delay standard deviation =      0.048398 s
Bytes received           =      33801216
Average bitrate          =  27045.137751 Kbit/s
Average packet rate      =   6602.816834 pkt/s
Packets dropped          =            61 (0.09 %)
Average loss-burst size  =     61.000000 pkt
----------------------------------------------------------

__________________________________________________________
****************  TOTAL RESULTS   ******************
__________________________________________________________
Number of flows          =             1
Total time               =      9.998460 s
Total packets            =         66018
Minimum delay            =      0.000003 s
Maximum delay            =      1.000168 s
Average delay            =      0.002443 s
Average jitter           =      0.000339 s
Delay standard deviation =      0.048398 s
Bytes received           =      33801216
Average bitrate          =  27045.137751 Kbit/s
Average packet rate      =   6602.816834 pkt/s
Packets dropped          =            61 (0.09 %)
Average loss-burst size  =     61.000000 pkt
Error lines              =             0
----------------------------------------------------------
