ITGDec version 2.8.1 (r1023)
Compile-time options: bursty multiport
----------------------------------------------------------
Flow number: 1
From 192.168.10.7:47508
To    192.168.10.5:8999
----------------------------------------------------------
Total time               =      9.957778 s
Total packets            =           239
Minimum delay            =      0.002320 s
Maximum delay            =      0.012282 s
Average delay            =      0.002700 s
Average jitter           =      0.000273 s
Delay standard deviation =      0.000867 s
Bytes received           =         10532
Average bitrate          =      8.461325 Kbit/s
Average packet rate      =     24.001338 pkt/s
Packets dropped          =             0 (0.00 %)
Average loss-burst size  =      0.000000 pkt
----------------------------------------------------------

__________________________________________________________
****************  TOTAL RESULTS   ******************
__________________________________________________________
Number of flows          =             1
Total time               =      9.957778 s
Total packets            =           239
Minimum delay            =      0.002320 s
Maximum delay            =      0.012282 s
Average delay            =      0.002700 s
Average jitter           =      0.000273 s
Delay standard deviation =      0.000867 s
Bytes received           =         10532
Average bitrate          =      8.461325 Kbit/s
Average packet rate      =     24.001338 pkt/s
Packets dropped          =             0 (0.00 %)
Average loss-burst size  =             0 pkt
Error lines              =             0
----------------------------------------------------------
