ITGDec version 2.8.1 (r1023)
Compile-time options: bursty multiport
----------------------------------------------------------
Flow number: 1
From 192.168.10.7:45776
To    192.168.10.5:8999
----------------------------------------------------------
Total time               =      9.998605 s
Total packets            =         38379
Minimum delay            =      0.000004 s
Maximum delay            =      1.000268 s
Average delay            =      0.003079 s
Average jitter           =      0.000560 s
Delay standard deviation =      0.054657 s
Bytes received           =      39300096
Average bitrate          =  31444.463303 Kbit/s
Average packet rate      =   3838.435462 pkt/s
Packets dropped          =             1 (0.00 %)
Average loss-burst size  =           inf pkt
----------------------------------------------------------

__________________________________________________________
****************  TOTAL RESULTS   ******************
__________________________________________________________
Number of flows          =             1
Total time               =      9.998605 s
Total packets            =         38379
Minimum delay            =      0.000004 s
Maximum delay            =      1.000268 s
Average delay            =      0.003079 s
Average jitter           =      0.000560 s
Delay standard deviation =      0.054657 s
Bytes received           =      39300096
Average bitrate          =  31444.463303 Kbit/s
Average packet rate      =   3838.435462 pkt/s
Packets dropped          =             1 (0.00 %)
Average loss-burst size  =           inf pkt
Error lines              =             0
----------------------------------------------------------
