ITGDec version 2.8.1 (r1023)
Compile-time options: bursty multiport
----------------------------------------------------------
Flow number: 1
From 192.168.10.7:34420
To    192.168.10.5:8999
----------------------------------------------------------
Total time               =      9.998753 s
Total packets            =        129402
Minimum delay            =      0.000002 s
Maximum delay            =      1.000089 s
Average delay            =      0.001912 s
Average jitter           =      0.000176 s
Delay standard deviation =      0.043294 s
Bytes received           =      16563456
Average bitrate          =  13252.417376 Kbit/s
Average packet rate      =  12941.813844 pkt/s
Packets dropped          =           212 (0.16 %)
Average loss-burst size  =     35.333333 pkt
----------------------------------------------------------

__________________________________________________________
****************  TOTAL RESULTS   ******************
__________________________________________________________
Number of flows          =             1
Total time               =      9.998753 s
Total packets            =        129402
Minimum delay            =      0.000002 s
Maximum delay            =      1.000089 s
Average delay            =      0.001912 s
Average jitter           =      0.000176 s
Delay standard deviation =      0.043294 s
Bytes received           =      16563456
Average bitrate          =  13252.417376 Kbit/s
Average packet rate      =  12941.813844 pkt/s
Packets dropped          =           212 (0.16 %)
Average loss-burst size  =     35.333333 pkt
Error lines              =             0
----------------------------------------------------------
