ITGDec version 2.8.1 (r1023)
Compile-time options: bursty multiport
----------------------------------------------------------
Flow number: 1
From 192.168.10.7:45670
To    192.168.10.5:8999
----------------------------------------------------------
Total time               =      9.998843 s
Total packets            =         38408
Minimum delay            =      0.000003 s
Maximum delay            =      1.000277 s
Average delay            =      0.003132 s
Average jitter           =      0.000560 s
Delay standard deviation =      0.055109 s
Bytes received           =      39329792
Average bitrate          =  31467.474387 Kbit/s
Average packet rate      =   3841.244432 pkt/s
Packets dropped          =             1 (0.00 %)
Average loss-burst size  =      1.000000 pkt
----------------------------------------------------------

__________________________________________________________
****************  TOTAL RESULTS   ******************
__________________________________________________________
Number of flows          =             1
Total time               =      9.998843 s
Total packets            =         38408
Minimum delay            =      0.000003 s
Maximum delay            =      1.000277 s
Average delay            =      0.003132 s
Average jitter           =      0.000560 s
Delay standard deviation =      0.055109 s
Bytes received           =      39329792
Average bitrate          =  31467.474387 Kbit/s
Average packet rate      =   3841.244432 pkt/s
Packets dropped          =             1 (0.00 %)
Average loss-burst size  =      1.000000 pkt
Error lines              =             0
----------------------------------------------------------
