ITGDec version 2.8.1 (r1023)
Compile-time options: bursty multiport
----------------------------------------------------------
Flow number: 1
From 192.168.10.7:38010
To    192.168.10.5:8999
----------------------------------------------------------
Total time               =      9.998360 s
Total packets            =         66025
Minimum delay            =      0.000003 s
Maximum delay            =      1.000165 s
Average delay            =      0.002291 s
Average jitter           =      0.000340 s
Delay standard deviation =      0.046811 s
Bytes received           =      33804800
Average bitrate          =  27048.275917 Kbit/s
Average packet rate      =   6603.582988 pkt/s
Packets dropped          =             0 (0.00 %)
Average loss-burst size  =      0.000000 pkt
----------------------------------------------------------

__________________________________________________________
****************  TOTAL RESULTS   ******************
__________________________________________________________
Number of flows          =             1
Total time               =      9.998360 s
Total packets            =         66025
Minimum delay            =      0.000003 s
Maximum delay            =      1.000165 s
Average delay            =      0.002291 s
Average jitter           =      0.000340 s
Delay standard deviation =      0.046811 s
Bytes received           =      33804800
Average bitrate          =  27048.275917 Kbit/s
Average packet rate      =   6603.582988 pkt/s
Packets dropped          =             0 (0.00 %)
Average loss-burst size  =             0 pkt
Error lines              =             0
----------------------------------------------------------
