ITGDec version 2.8.1 (r1023)
Compile-time options: bursty multiport
----------------------------------------------------------
Flow number: 1
From 192.168.10.7:38645
To    192.168.10.5:8999
----------------------------------------------------------
Total time               =      9.985877 s
Total packets            =           243
Minimum delay            =      0.002369 s
Maximum delay            =      0.011807 s
Average delay            =      0.002664 s
Average jitter           =      0.000177 s
Delay standard deviation =      0.000598 s
Bytes received           =         10810
Average bitrate          =      8.660231 Kbit/s
Average packet rate      =     24.334367 pkt/s
Packets dropped          =             0 (0.00 %)
Average loss-burst size  =      0.000000 pkt
----------------------------------------------------------

__________________________________________________________
****************  TOTAL RESULTS   ******************
__________________________________________________________
Number of flows          =             1
Total time               =      9.985877 s
Total packets            =           243
Minimum delay            =      0.002369 s
Maximum delay            =      0.011807 s
Average delay            =      0.002664 s
Average jitter           =      0.000177 s
Delay standard deviation =      0.000598 s
Bytes received           =         10810
Average bitrate          =      8.660231 Kbit/s
Average packet rate      =     24.334367 pkt/s
Packets dropped          =             0 (0.00 %)
Average loss-burst size  =             0 pkt
Error lines              =             0
----------------------------------------------------------
