ITGDec version 2.8.1 (r1023)
Compile-time options: bursty multiport
----------------------------------------------------------
Flow number: 1
From 192.168.10.7:42052
To    192.168.10.5:8999
----------------------------------------------------------
Total time               =      9.998884 s
Total packets            =         65942
Minimum delay            =      0.000003 s
Maximum delay            =      1.000172 s
Average delay            =      0.002326 s
Average jitter           =      0.000340 s
Delay standard deviation =      0.047162 s
Bytes received           =      33762304
Average bitrate          =  27012.857835 Kbit/s
Average packet rate      =   6594.935995 pkt/s
Packets dropped          =             0 (0.00 %)
Average loss-burst size  =      0.000000 pkt
----------------------------------------------------------

__________________________________________________________
****************  TOTAL RESULTS   ******************
__________________________________________________________
Number of flows          =             1
Total time               =      9.998884 s
Total packets            =         65942
Minimum delay            =      0.000003 s
Maximum delay            =      1.000172 s
Average delay            =      0.002326 s
Average jitter           =      0.000340 s
Delay standard deviation =      0.047162 s
Bytes received           =      33762304
Average bitrate          =  27012.857835 Kbit/s
Average packet rate      =   6594.935995 pkt/s
Packets dropped          =             0 (0.00 %)
Average loss-burst size  =             0 pkt
Error lines              =             0
----------------------------------------------------------
