ITGDec version 2.8.1 (r1023)
Compile-time options: bursty multiport
----------------------------------------------------------
Flow number: 1
From 192.168.10.7:44627
To    192.168.10.5:8999
----------------------------------------------------------
Total time               =      9.998908 s
Total packets            =         32747
Minimum delay            =      0.000004 s
Maximum delay            =      1.000320 s
Average delay            =      0.003734 s
Average jitter           =      0.000664 s
Delay standard deviation =      0.059156 s
Bytes received           =      41916160
Average bitrate          =  33536.590196 Kbit/s
Average packet rate      =   3275.057636 pkt/s
Packets dropped          =             1 (0.00 %)
Average loss-burst size  =      1.000000 pkt
----------------------------------------------------------

__________________________________________________________
****************  TOTAL RESULTS   ******************
__________________________________________________________
Number of flows          =             1
Total time               =      9.998908 s
Total packets            =         32747
Minimum delay            =      0.000004 s
Maximum delay            =      1.000320 s
Average delay            =      0.003734 s
Average jitter           =      0.000664 s
Delay standard deviation =      0.059156 s
Bytes received           =      41916160
Average bitrate          =  33536.590196 Kbit/s
Average packet rate      =   3275.057636 pkt/s
Packets dropped          =             1 (0.00 %)
Average loss-burst size  =      1.000000 pkt
Error lines              =             0
----------------------------------------------------------
