ITGDec version 2.8.1 (r1023)
Compile-time options: bursty multiport
----------------------------------------------------------
Flow number: 1
From 192.168.10.7:41375
To    192.168.10.5:8999
----------------------------------------------------------
Total time               =      9.998621 s
Total packets            =         38410
Minimum delay            =      0.000003 s
Maximum delay            =      1.000268 s
Average delay            =      0.003108 s
Average jitter           =      0.000562 s
Delay standard deviation =      0.054873 s
Bytes received           =      39331840
Average bitrate          =  31469.811687 Kbit/s
Average packet rate      =   3841.529747 pkt/s
Packets dropped          =             1 (0.00 %)
Average loss-burst size  =      1.000000 pkt
----------------------------------------------------------

__________________________________________________________
****************  TOTAL RESULTS   ******************
__________________________________________________________
Number of flows          =             1
Total time               =      9.998621 s
Total packets            =         38410
Minimum delay            =      0.000003 s
Maximum delay            =      1.000268 s
Average delay            =      0.003108 s
Average jitter           =      0.000562 s
Delay standard deviation =      0.054873 s
Bytes received           =      39331840
Average bitrate          =  31469.811687 Kbit/s
Average packet rate      =   3841.529747 pkt/s
Packets dropped          =             1 (0.00 %)
Average loss-burst size  =      1.000000 pkt
Error lines              =             0
----------------------------------------------------------
