ITGDec version 2.8.1 (r1023)
Compile-time options: bursty multiport
----------------------------------------------------------
Flow number: 1
From 192.168.10.7:52629
To    192.168.10.5:8999
----------------------------------------------------------
Total time               =      9.998171 s
Total packets            =         99325
Minimum delay            =      0.000003 s
Maximum delay            =      1.000122 s
Average delay            =      0.001868 s
Average jitter           =      0.000224 s
Delay standard deviation =      0.042649 s
Bytes received           =      25427200
Average bitrate          =  20345.481189 Kbit/s
Average packet rate      =   9934.316987 pkt/s
Packets dropped          =             0 (0.00 %)
Average loss-burst size  =      0.000000 pkt
----------------------------------------------------------

__________________________________________________________
****************  TOTAL RESULTS   ******************
__________________________________________________________
Number of flows          =             1
Total time               =      9.998171 s
Total packets            =         99325
Minimum delay            =      0.000003 s
Maximum delay            =      1.000122 s
Average delay            =      0.001868 s
Average jitter           =      0.000224 s
Delay standard deviation =      0.042649 s
Bytes received           =      25427200
Average bitrate          =  20345.481189 Kbit/s
Average packet rate      =   9934.316987 pkt/s
Packets dropped          =             0 (0.00 %)
Average loss-burst size  =             0 pkt
Error lines              =             0
----------------------------------------------------------
