ITGDec version 2.8.1 (r1023)
Compile-time options: bursty multiport
----------------------------------------------------------
Flow number: 1
From 192.168.10.7:35204
To    192.168.10.5:8999
----------------------------------------------------------
Total time               =      9.998787 s
Total packets            =         32735
Minimum delay            =      0.000004 s
Maximum delay            =      1.000324 s
Average delay            =      0.003644 s
Average jitter           =      0.000664 s
Delay standard deviation =      0.058392 s
Bytes received           =      41900800
Average bitrate          =  33524.706547 Kbit/s
Average packet rate      =   3273.897124 pkt/s
Packets dropped          =             3 (0.01 %)
Average loss-burst size  =      1.000000 pkt
----------------------------------------------------------

__________________________________________________________
****************  TOTAL RESULTS   ******************
__________________________________________________________
Number of flows          =             1
Total time               =      9.998787 s
Total packets            =         32735
Minimum delay            =      0.000004 s
Maximum delay            =      1.000324 s
Average delay            =      0.003644 s
Average jitter           =      0.000664 s
Delay standard deviation =      0.058392 s
Bytes received           =      41900800
Average bitrate          =  33524.706547 Kbit/s
Average packet rate      =   3273.897124 pkt/s
Packets dropped          =             3 (0.01 %)
Average loss-burst size  =      1.000000 pkt
Error lines              =             0
----------------------------------------------------------
