ITGDec version 2.8.1 (r1023)
Compile-time options: bursty multiport
----------------------------------------------------------
Flow number: 1
From 192.168.10.7:37665
To    192.168.10.5:8999
----------------------------------------------------------
Total time               =      9.998362 s
Total packets            =         65567
Minimum delay            =      0.000003 s
Maximum delay            =      1.000202 s
Average delay            =      0.002338 s
Average jitter           =      0.000343 s
Delay standard deviation =      0.047297 s
Bytes received           =      33570304
Average bitrate          =  26860.642973 Kbit/s
Average packet rate      =   6557.774163 pkt/s
Packets dropped          =             0 (0.00 %)
Average loss-burst size  =      0.000000 pkt
----------------------------------------------------------

__________________________________________________________
****************  TOTAL RESULTS   ******************
__________________________________________________________
Number of flows          =             1
Total time               =      9.998362 s
Total packets            =         65567
Minimum delay            =      0.000003 s
Maximum delay            =      1.000202 s
Average delay            =      0.002338 s
Average jitter           =      0.000343 s
Delay standard deviation =      0.047297 s
Bytes received           =      33570304
Average bitrate          =  26860.642973 Kbit/s
Average packet rate      =   6557.774163 pkt/s
Packets dropped          =             0 (0.00 %)
Average loss-burst size  =             0 pkt
Error lines              =             0
----------------------------------------------------------
