ITGDec version 2.8.1 (r1023)
Compile-time options: bursty multiport
----------------------------------------------------------
Flow number: 1
From 192.168.10.7:36568
To    192.168.10.5:8999
----------------------------------------------------------
Total time               =      9.972310 s
Total packets            =           238
Minimum delay            =      0.002365 s
Maximum delay            =      0.005183 s
Average delay            =      0.002636 s
Average jitter           =      0.000122 s
Delay standard deviation =      0.000198 s
Bytes received           =         10379
Average bitrate          =      8.326255 Kbit/s
Average packet rate      =     23.866085 pkt/s
Packets dropped          =             0 (0.00 %)
Average loss-burst size  =      0.000000 pkt
----------------------------------------------------------

__________________________________________________________
****************  TOTAL RESULTS   ******************
__________________________________________________________
Number of flows          =             1
Total time               =      9.972310 s
Total packets            =           238
Minimum delay            =      0.002365 s
Maximum delay            =      0.005183 s
Average delay            =      0.002636 s
Average jitter           =      0.000122 s
Delay standard deviation =      0.000198 s
Bytes received           =         10379
Average bitrate          =      8.326255 Kbit/s
Average packet rate      =     23.866085 pkt/s
Packets dropped          =             0 (0.00 %)
Average loss-burst size  =             0 pkt
Error lines              =             0
----------------------------------------------------------
