ITGDec version 2.8.1 (r1023)
Compile-time options: bursty multiport
----------------------------------------------------------
Flow number: 1
From 192.168.10.7:43380
To    192.168.10.5:8999
----------------------------------------------------------
Total time               =      9.998697 s
Total packets            =         99571
Minimum delay            =      0.000003 s
Maximum delay            =      1.000122 s
Average delay            =      0.003360 s
Average jitter           =      0.000224 s
Delay standard deviation =      0.057473 s
Bytes received           =      25490176
Average bitrate          =  20394.798242 Kbit/s
Average packet rate      =   9958.397579 pkt/s
Packets dropped          =            92 (0.09 %)
Average loss-burst size  =     13.142857 pkt
----------------------------------------------------------

__________________________________________________________
****************  TOTAL RESULTS   ******************
__________________________________________________________
Number of flows          =             1
Total time               =      9.998697 s
Total packets            =         99571
Minimum delay            =      0.000003 s
Maximum delay            =      1.000122 s
Average delay            =      0.003360 s
Average jitter           =      0.000224 s
Delay standard deviation =      0.057473 s
Bytes received           =      25490176
Average bitrate          =  20394.798242 Kbit/s
Average packet rate      =   9958.397579 pkt/s
Packets dropped          =            92 (0.09 %)
Average loss-burst size  =     13.142857 pkt
Error lines              =             0
----------------------------------------------------------
