ITGDec version 2.8.1 (r1023)
Compile-time options: bursty multiport
----------------------------------------------------------
Flow number: 1
From 192.168.10.7:57820
To    192.168.10.5:8999
----------------------------------------------------------
Total time               =      9.998871 s
Total packets            =         32742
Minimum delay            =      0.000004 s
Maximum delay            =      1.000330 s
Average delay            =      0.003583 s
Average jitter           =      0.000664 s
Delay standard deviation =      0.057865 s
Bytes received           =      41909760
Average bitrate          =  33531.593717 Kbit/s
Average packet rate      =   3274.569699 pkt/s
Packets dropped          =             1 (0.00 %)
Average loss-burst size  =      1.000000 pkt
----------------------------------------------------------

__________________________________________________________
****************  TOTAL RESULTS   ******************
__________________________________________________________
Number of flows          =             1
Total time               =      9.998871 s
Total packets            =         32742
Minimum delay            =      0.000004 s
Maximum delay            =      1.000330 s
Average delay            =      0.003583 s
Average jitter           =      0.000664 s
Delay standard deviation =      0.057865 s
Bytes received           =      41909760
Average bitrate          =  33531.593717 Kbit/s
Average packet rate      =   3274.569699 pkt/s
Packets dropped          =             1 (0.00 %)
Average loss-burst size  =      1.000000 pkt
Error lines              =             0
----------------------------------------------------------
