ITGDec version 2.8.1 (r1023)
Compile-time options: bursty multiport
----------------------------------------------------------
Flow number: 1
From 192.168.10.7:54670
To    192.168.10.5:8999
----------------------------------------------------------
Total time               =      9.998308 s
Total packets            =         99429
Minimum delay            =      0.000003 s
Maximum delay            =      1.000118 s
Average delay            =      0.003104 s
Average jitter           =      0.000224 s
Delay standard deviation =      0.055209 s
Bytes received           =      25453824
Average bitrate          =  20366.505213 Kbit/s
Average packet rate      =   9944.582623 pkt/s
Packets dropped          =            88 (0.09 %)
Average loss-burst size  =     44.000000 pkt
----------------------------------------------------------

__________________________________________________________
****************  TOTAL RESULTS   ******************
__________________________________________________________
Number of flows          =             1
Total time               =      9.998308 s
Total packets            =         99429
Minimum delay            =      0.000003 s
Maximum delay            =      1.000118 s
Average delay            =      0.003104 s
Average jitter           =      0.000224 s
Delay standard deviation =      0.055209 s
Bytes received           =      25453824
Average bitrate          =  20366.505213 Kbit/s
Average packet rate      =   9944.582623 pkt/s
Packets dropped          =            88 (0.09 %)
Average loss-burst size  =     44.000000 pkt
Error lines              =             0
----------------------------------------------------------
