ITGDec version 2.8.1 (r1023)
Compile-time options: bursty multiport
----------------------------------------------------------
Flow number: 1
From 192.168.10.7:39596
To    192.168.10.5:8999
----------------------------------------------------------
Total time               =      9.998485 s
Total packets            =         66077
Minimum delay            =      0.000003 s
Maximum delay            =      1.000169 s
Average delay            =      0.002305 s
Average jitter           =      0.000339 s
Delay standard deviation =      0.046954 s
Bytes received           =      33831424
Average bitrate          =  27069.240190 Kbit/s
Average packet rate      =   6608.701218 pkt/s
Packets dropped          =             0 (0.00 %)
Average loss-burst size  =      0.000000 pkt
----------------------------------------------------------

__________________________________________________________
****************  TOTAL RESULTS   ******************
__________________________________________________________
Number of flows          =             1
Total time               =      9.998485 s
Total packets            =         66077
Minimum delay            =      0.000003 s
Maximum delay            =      1.000169 s
Average delay            =      0.002305 s
Average jitter           =      0.000339 s
Delay standard deviation =      0.046954 s
Bytes received           =      33831424
Average bitrate          =  27069.240190 Kbit/s
Average packet rate      =   6608.701218 pkt/s
Packets dropped          =             0 (0.00 %)
Average loss-burst size  =             0 pkt
Error lines              =             0
----------------------------------------------------------
