ITGDec version 2.8.1 (r1023)
Compile-time options: bursty multiport
----------------------------------------------------------
Flow number: 1
From 192.168.10.7:46480
To    192.168.10.5:8999
----------------------------------------------------------
Total time               =      9.998848 s
Total packets            =         66090
Minimum delay            =      0.000003 s
Maximum delay            =      1.000172 s
Average delay            =      0.002320 s
Average jitter           =      0.000339 s
Delay standard deviation =      0.047109 s
Bytes received           =      33838080
Average bitrate          =  27073.582877 Kbit/s
Average packet rate      =   6609.761445 pkt/s
Packets dropped          =             0 (0.00 %)
Average loss-burst size  =      0.000000 pkt
----------------------------------------------------------

__________________________________________________________
****************  TOTAL RESULTS   ******************
__________________________________________________________
Number of flows          =             1
Total time               =      9.998848 s
Total packets            =         66090
Minimum delay            =      0.000003 s
Maximum delay            =      1.000172 s
Average delay            =      0.002320 s
Average jitter           =      0.000339 s
Delay standard deviation =      0.047109 s
Bytes received           =      33838080
Average bitrate          =  27073.582877 Kbit/s
Average packet rate      =   6609.761445 pkt/s
Packets dropped          =             0 (0.00 %)
Average loss-burst size  =             0 pkt
Error lines              =             0
----------------------------------------------------------
