ITGDec version 2.8.1 (r1023)
Compile-time options: bursty multiport
----------------------------------------------------------
Flow number: 1
From 192.168.10.7:33054
To    192.168.10.5:8999
----------------------------------------------------------
Total time               =      9.998049 s
Total packets            =        134641
Minimum delay            =      0.000003 s
Maximum delay            =      1.000098 s
Average delay            =      0.001803 s
Average jitter           =      0.000171 s
Delay standard deviation =      0.042006 s
Bytes received           =      17234048
Average bitrate          =  13789.928815 Kbit/s
Average packet rate      =  13466.727359 pkt/s
Packets dropped          =            87 (0.06 %)
Average loss-burst size  =     43.500000 pkt
----------------------------------------------------------

__________________________________________________________
****************  TOTAL RESULTS   ******************
__________________________________________________________
Number of flows          =             1
Total time               =      9.998049 s
Total packets            =        134641
Minimum delay            =      0.000003 s
Maximum delay            =      1.000098 s
Average delay            =      0.001803 s
Average jitter           =      0.000171 s
Delay standard deviation =      0.042006 s
Bytes received           =      17234048
Average bitrate          =  13789.928815 Kbit/s
Average packet rate      =  13466.727359 pkt/s
Packets dropped          =            87 (0.06 %)
Average loss-burst size  =     43.500000 pkt
Error lines              =             0
----------------------------------------------------------
