ITGDec version 2.8.1 (r1023)
Compile-time options: bursty multiport
----------------------------------------------------------
Flow number: 1
From 192.168.10.7:52722
To    192.168.10.5:8999
----------------------------------------------------------
Total time               =      9.999018 s
Total packets            =         32756
Minimum delay            =      0.000004 s
Maximum delay            =      1.000325 s
Average delay            =      0.003611 s
Average jitter           =      0.000664 s
Delay standard deviation =      0.058114 s
Bytes received           =      41927680
Average bitrate          =  33545.438162 Kbit/s
Average packet rate      =   3275.921696 pkt/s
Packets dropped          =             1 (0.00 %)
Average loss-burst size  =      1.000000 pkt
----------------------------------------------------------

__________________________________________________________
****************  TOTAL RESULTS   ******************
__________________________________________________________
Number of flows          =             1
Total time               =      9.999018 s
Total packets            =         32756
Minimum delay            =      0.000004 s
Maximum delay            =      1.000325 s
Average delay            =      0.003611 s
Average jitter           =      0.000664 s
Delay standard deviation =      0.058114 s
Bytes received           =      41927680
Average bitrate          =  33545.438162 Kbit/s
Average packet rate      =   3275.921696 pkt/s
Packets dropped          =             1 (0.00 %)
Average loss-burst size  =      1.000000 pkt
Error lines              =             0
----------------------------------------------------------
