ITGDec version 2.8.1 (r1023)
Compile-time options: bursty multiport
----------------------------------------------------------
Flow number: 1
From 192.168.10.7:41204
To    192.168.10.5:8999
----------------------------------------------------------
Total time               =      9.998819 s
Total packets            =         38395
Minimum delay            =      0.000003 s
Maximum delay            =      1.000278 s
Average delay            =      0.003134 s
Average jitter           =      0.000562 s
Delay standard deviation =      0.055116 s
Bytes received           =      39316480
Average bitrate          =  31456.899060 Kbit/s
Average packet rate      =   3839.953499 pkt/s
Packets dropped          =             2 (0.01 %)
Average loss-burst size  =      1.000000 pkt
----------------------------------------------------------

__________________________________________________________
****************  TOTAL RESULTS   ******************
__________________________________________________________
Number of flows          =             1
Total time               =      9.998819 s
Total packets            =         38395
Minimum delay            =      0.000003 s
Maximum delay            =      1.000278 s
Average delay            =      0.003134 s
Average jitter           =      0.000562 s
Delay standard deviation =      0.055116 s
Bytes received           =      39316480
Average bitrate          =  31456.899060 Kbit/s
Average packet rate      =   3839.953499 pkt/s
Packets dropped          =             2 (0.01 %)
Average loss-burst size  =      1.000000 pkt
Error lines              =             0
----------------------------------------------------------
