ITGDec version 2.8.1 (r1023)
Compile-time options: bursty multiport
----------------------------------------------------------
Flow number: 1
From 192.168.10.7:54282
To    192.168.10.5:8999
----------------------------------------------------------
Total time               =      9.998264 s
Total packets            =         99289
Minimum delay            =      0.000003 s
Maximum delay            =      1.000124 s
Average delay            =      0.001839 s
Average jitter           =      0.000224 s
Delay standard deviation =      0.042303 s
Bytes received           =      25417984
Average bitrate          =  20337.917863 Kbit/s
Average packet rate      =   9930.623956 pkt/s
Packets dropped          =           116 (0.12 %)
Average loss-burst size  =     29.000000 pkt
----------------------------------------------------------

__________________________________________________________
****************  TOTAL RESULTS   ******************
__________________________________________________________
Number of flows          =             1
Total time               =      9.998264 s
Total packets            =         99289
Minimum delay            =      0.000003 s
Maximum delay            =      1.000124 s
Average delay            =      0.001839 s
Average jitter           =      0.000224 s
Delay standard deviation =      0.042303 s
Bytes received           =      25417984
Average bitrate          =  20337.917863 Kbit/s
Average packet rate      =   9930.623956 pkt/s
Packets dropped          =           116 (0.12 %)
Average loss-burst size  =     29.000000 pkt
Error lines              =             0
----------------------------------------------------------
