ITGDec version 2.8.1 (r1023)
Compile-time options: bursty multiport
----------------------------------------------------------
Flow number: 1
From 192.168.10.7:54009
To    192.168.10.5:8999
----------------------------------------------------------
Total time               =     10.000041 s
Total packets            =        166567
Minimum delay            =      0.000002 s
Maximum delay            =      1.000088 s
Average delay            =      0.001595 s
Average jitter           =      0.000135 s
Delay standard deviation =      0.039554 s
Bytes received           =      10660288
Average bitrate          =   8528.195434 Kbit/s
Average packet rate      =  16656.631708 pkt/s
Packets dropped          =             0 (0.00 %)
Average loss-burst size  =      0.000000 pkt
----------------------------------------------------------

__________________________________________________________
****************  TOTAL RESULTS   ******************
__________________________________________________________
Number of flows          =             1
Total time               =     10.000041 s
Total packets            =        166567
Minimum delay            =      0.000002 s
Maximum delay            =      1.000088 s
Average delay            =      0.001595 s
Average jitter           =      0.000135 s
Delay standard deviation =      0.039554 s
Bytes received           =      10660288
Average bitrate          =   8528.195434 Kbit/s
Average packet rate      =  16656.631708 pkt/s
Packets dropped          =             0 (0.00 %)
Average loss-burst size  =             0 pkt
Error lines              =             0
----------------------------------------------------------
