ITGDec version 2.8.1 (r1023)
Compile-time options: bursty multiport
----------------------------------------------------------
Flow number: 1
From 192.168.10.7:53141
To    192.168.10.5:8999
----------------------------------------------------------
Total time               =      9.997371 s
Total packets            =        166148
Minimum delay            =      0.000002 s
Maximum delay            =      1.000079 s
Average delay            =      0.001607 s
Average jitter           =      0.000136 s
Delay standard deviation =      0.039754 s
Bytes received           =      10633472
Average bitrate          =   8509.014620 Kbit/s
Average packet rate      =  16619.169180 pkt/s
Packets dropped          =             0 (0.00 %)
Average loss-burst size  =      0.000000 pkt
----------------------------------------------------------

__________________________________________________________
****************  TOTAL RESULTS   ******************
__________________________________________________________
Number of flows          =             1
Total time               =      9.997371 s
Total packets            =        166148
Minimum delay            =      0.000002 s
Maximum delay            =      1.000079 s
Average delay            =      0.001607 s
Average jitter           =      0.000136 s
Delay standard deviation =      0.039754 s
Bytes received           =      10633472
Average bitrate          =   8509.014620 Kbit/s
Average packet rate      =  16619.169180 pkt/s
Packets dropped          =             0 (0.00 %)
Average loss-burst size  =             0 pkt
Error lines              =             0
----------------------------------------------------------
