ITGDec version 2.8.1 (r1023)
Compile-time options: bursty multiport
----------------------------------------------------------
Flow number: 1
From 192.168.10.7:42152
To    192.168.10.5:8999
----------------------------------------------------------
Total time               =      9.998217 s
Total packets            =        130744
Minimum delay            =      0.000003 s
Maximum delay            =      1.000124 s
Average delay            =      0.001732 s
Average jitter           =      0.000176 s
Delay standard deviation =      0.041171 s
Bytes received           =      16735232
Average bitrate          =  13390.573139 Kbit/s
Average packet rate      =  13076.731581 pkt/s
Packets dropped          =            61 (0.05 %)
Average loss-burst size  =     20.333333 pkt
----------------------------------------------------------

__________________________________________________________
****************  TOTAL RESULTS   ******************
__________________________________________________________
Number of flows          =             1
Total time               =      9.998217 s
Total packets            =        130744
Minimum delay            =      0.000003 s
Maximum delay            =      1.000124 s
Average delay            =      0.001732 s
Average jitter           =      0.000176 s
Delay standard deviation =      0.041171 s
Bytes received           =      16735232
Average bitrate          =  13390.573139 Kbit/s
Average packet rate      =  13076.731581 pkt/s
Packets dropped          =            61 (0.05 %)
Average loss-burst size  =     20.333333 pkt
Error lines              =             0
----------------------------------------------------------
