66883.0 2e-06 1.051939 0.010284 0.000484 3414.216797 6668.392182 1.24
122084.0 2e-06 1.01182 0.010578 0.000219 6251.204022 12209.382855 0.23
152980.0 2e-06 1.000103 0.00459 0.000155 7837.246999 15307.123045 0.0
149827.0 2e-06 1.006949 0.004114 0.000162 7671.499892 14983.398226 0.0
136072.0 2e-06 1.02708 0.006245 0.000188 6967.636814 13608.665653 0.0
114463.0 2e-06 1.019193 0.004981 0.000243 5860.344441 11445.985235 0.0
156394.0 2e-06 1.008059 0.005298 0.000151 8007.979805 15640.585556 0.0
149025.0 2e-06 1.005507 0.005232 0.000161 7631.38115 14905.04131 0.0
155651.0 2e-06 1.004654 0.005298 0.000153 7970.445468 15567.276305 0.0
156705.0 2e-06 1.000089 0.006315 0.00015 8023.521461 15670.940353 0.0
154418.0 2e-06 1.010671 0.006538 0.000154 7907.179718 15443.710387 0.16
147344.0 2e-06 1.002746 0.004466 0.000166 7547.931686 14742.054074 0.0
161341.0 2e-06 1.000099 0.004478 0.000143 8260.888853 16134.54854 0.0
157744.0 2e-06 1.000101 0.008448 0.000149 8076.783564 15774.967899 0.0
154986.0 2e-06 1.000088 0.005114 0.000153 7936.449858 15500.878629 0.0
131354.0 2e-06 1.009086 0.004192 0.000198 6725.677225 13136.088331 0.0
156040.0 2e-06 1.041506 0.004368 0.000151 7990.066982 15605.599574 0.0
155205.0 2e-06 1.000092 0.009363 0.000151 7961.604737 15550.009253 0.17
151123.0 2e-06 1.0001 0.007127 0.000158 7752.851347 15142.287787 0.05
159192.0 2e-06 1.0001 0.007164 0.000145 8155.486176 15928.683938 0.04
159029.0 2e-06 1.00785 0.01249 0.000145 8143.417549 15905.112401 0.0
161788.0 2e-06 1.00012 0.009013 0.000141 8286.401094 16184.377136 0.0
159261.0 2e-06 1.000094 0.00973 0.000145 8154.139553 15926.053814 0.0
154778.0 2e-06 1.027301 0.008647 0.000151 7934.427858 15496.92941 0.18
157881.0 2e-06 1.015268 0.006566 0.000147 8084.883247 15790.787592 0.0
155235.0 2e-06 1.000383 0.006206 0.000149 7958.426501 15543.801759 0.35
145272.0 2e-06 1.009755 0.012285 0.000166 7441.176706 14533.548254 0.27
115051.0 2e-06 1.133216 0.007579 0.000237 5893.905893 11511.534948 0.15
156725.0 2e-06 1.000099 0.009094 0.000148 8033.088116 15689.625226 0.35
156480.0 2e-06 1.00793 0.007056 0.000149 8017.451554 15659.085066 0.0
157688.0 2e-06 1.000094 0.006736 0.000146 8080.974438 15783.1532 0.0
151803.0 2e-06 1.000081 0.011816 0.000152 7773.493616 15182.604719 0.47
157398.0 2e-06 1.000098 0.007454 0.000146 8063.814258 15749.637223 0.1
125711.0 2e-06 1.008767 0.010947 0.000208 6438.184002 12574.578128 0.2
125373.0 2e-06 1.004396 0.008571 0.00021 6420.959678 12540.936872 0.44
155229.0 2e-06 1.00011 0.01254 0.000152 7951.168451 15529.625881 0.0
134763.0 2e-06 1.007087 0.009769 0.000188 6919.26098 13514.181602 0.34
154301.0 2e-06 1.035842 0.009208 0.000153 7901.499144 15432.615516 0.1
158298.0 2e-06 1.007723 0.010932 0.000146 8109.103527 15838.092825 0.32
155843.0 2e-06 1.00041 0.006197 0.00015 7985.398196 15596.480852 0.0
104237.0 2e-06 1.06408 0.008516 0.000273 5343.321272 10436.174359 0.31
156248.0 2e-06 1.000116 0.013639 0.000149 7998.885741 15622.823713 0.0
123696.0 2e-06 1.009736 0.006205 0.000215 6335.652251 12374.320803 0.01
151697.0 2e-06 1.005748 0.009212 0.000156 7776.713833 15188.894206 0.07
152157.0 2e-06 1.00789 0.009887 0.000156 7789.794184 15214.441766 0.11
149237.0 2e-06 1.062977 0.009372 0.00016 7647.195924 14935.929539 0.22
158169.0 2e-06 1.000082 0.01169 0.000145 8110.293341 15840.416683 0.46
145849.0 2e-06 1.00021 0.007558 0.000168 7470.589265 14590.994658 0.08
135085.0 2e-06 1.008242 0.009916 0.000188 6931.064571 13537.23549 0.0
119687.0 2e-06 1.003516 0.005569 0.000225 6128.988135 11970.67995 0.0
147392.0 2e-06 1.010858 0.011459 0.000163 7551.913064 14749.830203 0.1
112943.0 2e-06 1.000093 0.004752 0.000245 5783.609869 11296.113026 0.14
156079.0 2e-06 1.000097 0.006958 0.000149 8007.707847 15640.054388 0.0
118204.0 2e-06 1.010725 0.012045 0.000229 6052.314733 11820.927213 0.67
162764.0 2e-06 1.025835 0.010972 0.000139 8336.623026 16282.466847 0.0
107163.0 2e-06 1.002642 0.007662 0.000265 5500.768158 10743.687809 0.14
149167.0 2e-06 1.000114 0.01309 0.000161 7638.407556 14918.764757 0.08
129309.0 2e-06 1.032276 0.011618 0.000201 6617.042965 12923.912041 0.4
165125.0 2e-06 1.012471 0.009589 0.000135 8463.420313 16530.1178 0.07
149190.0 2e-06 1.006268 0.012225 0.000161 7640.919608 14923.671109 0.19
162177.0 2e-06 1.000082 0.011159 0.000139 8302.437049 16215.697361 0.15
164169.0 2e-06 1.0001 0.007216 0.000136 8426.160933 16457.345572 0.24
130913.0 2e-06 1.000089 0.007037 0.000197 6676.483652 13040.007132 0.0
164108.0 2e-06 1.000107 0.009289 0.000138 8410.444838 16426.650075 0.0
153109.0 2e-06 1.023246 0.007462 0.000154 7848.535469 15329.170839 0.29
107275.0 2e-06 1.176223 0.012075 0.000262 5489.019722 10720.741644 0.09
160458.0 2e-06 1.00029 0.007822 0.000142 8218.492086 16051.742355 0.03
134624.0 2e-06 1.00011 0.007354 0.000188 6893.00453 13462.899474 0.5
160594.0 2e-06 1.000114 0.005804 0.000142 8237.145759 16088.17531 0.31
154288.0 2e-06 1.010197 0.00708 0.000153 7907.19502 15443.740274 0.0
125854.0 2e-06 1.000108 0.008362 0.00021 6451.093239 12599.791482 0.0
161453.0 2e-06 1.000089 0.009965 0.000141 8265.552993 16143.65819 0.0
154457.0 2e-06 1.000121 0.007463 0.000152 7911.216529 15451.594783 0.04
131923.0 2e-06 1.005838 0.008489 0.000193 6765.762513 13214.379907 0.06
163068.0 2e-06 1.009274 0.008818 0.000139 8346.766207 16302.277748 0.0
159232.0 2e-06 1.008464 0.007736 0.000144 8154.403872 15926.570062 0.11
131920.0 2e-06 1.007785 0.015488 0.000194 6755.772029 13194.867245 0.51
106355.0 2e-06 1.008721 0.007081 0.000265 5447.901647 10640.432905 0.36
149320.0 2e-06 1.000082 0.008693 0.000159 7639.819319 14921.522107 0.0
94491.0 2e-06 1.064167 0.008528 0.000311 4834.414428 9442.215681 0.23
139590.0 2e-06 1.000103 0.006176 0.000178 7147.223846 13959.421575 0.34
155055.0 2e-06 1.020358 0.014596 0.000149 7938.915236 15505.693821 0.21
115036.0 2e-06 1.037777 0.007993 0.000238 5903.038261 11529.371604 0.32
162763.0 2e-06 1.000236 0.01475 0.000139 8349.084232 16306.80514 0.0
158704.0 2e-06 1.000186 0.007027 0.000145 8140.102436 15898.63757 0.36
131379.0 2e-06 1.011588 0.007447 0.000196 6732.718782 13149.841371 0.44
102112.0 2e-06 1.019115 0.015435 0.000278 5229.150424 10213.184422 0.39
149191.0 2e-06 1.000095 0.01053 0.000161 7638.738086 14919.410324 0.0
142303.0 2e-06 1.007759 0.009925 0.000173 7291.285819 14240.792616 0.29
134807.0 2e-06 1.009275 0.008426 0.000188 6909.065465 13494.268487 0.0
160195.0 2e-06 1.000103 0.007556 0.000142 8214.789213 16044.510182 0.26
157977.0 2e-06 1.008745 0.0086 0.000146 8091.625065 15803.955205 0.07
154342.0 2e-06 1.000419 0.012255 0.000152 7907.550734 15444.435027 0.04
141546.0 2e-06 1.000117 0.010981 0.000175 7261.762962 14183.130786 0.0
116946.0 2e-06 1.010946 0.007254 0.000232 5990.135483 11699.483364 0.0
157268.0 2e-06 1.000094 0.006705 0.000147 8059.051578 15740.335114 0.28
136282.0 2e-06 1.008427 0.006365 0.000185 6993.08052 13658.360391 0.15
101428.0 2e-06 1.01661 0.020443 0.000286 5188.391126 10133.576419 0.27
155346.0 2e-06 1.000095 0.008068 0.00015 7965.257655 15557.143857 0.0
135028.0 2e-06 1.004548 0.007992 0.000188 6916.461627 13508.714115 0.28
