97866.0 2e-06 1.013248 0.009268 0.000271 10023.611425 9788.683032 0.68
117795.0 3e-06 1.000274 0.021666 0.000204 12065.614123 11782.826292 1.07
87257.0 2e-06 1.008853 0.005057 0.000318 8935.643109 8726.213974 0.87
119002.0 2e-06 1.000119 0.021356 0.0002 12182.49238 11896.965215 1.42
98855.0 2e-06 1.008823 0.011599 0.000266 10118.320176 9881.172047 0.81
116543.0 2e-06 1.010512 0.01486 0.000208 11910.682084 11631.525473 1.31
106425.0 2e-06 1.009092 0.018346 0.000238 10908.991536 10653.312046 0.81
124196.0 2e-06 1.00011 0.021279 0.000188 12719.813689 12421.693055 1.74
109219.0 2e-06 1.009697 0.012973 0.00023 11183.52346 10921.409629 0.83
125189.0 3e-06 1.000105 0.018164 0.000186 12821.065212 12520.571496 0.64
124459.0 3e-06 1.013411 0.02486 0.000187 12747.570509 12448.799325 1.1
124427.0 2e-06 1.000113 0.015983 0.000187 12738.265069 12439.711981 0.72
119806.0 3e-06 1.000113 0.016778 0.000199 12265.308473 11977.840306 1.05
124588.0 3e-06 1.000105 0.023436 0.000187 12761.235039 12462.143593 1.44
124395.0 2e-06 1.003428 0.012845 0.000188 12726.51396 12428.236289 0.92
125280.0 2e-06 1.027135 0.016326 0.000185 12835.879346 12535.038424 0.97
124653.0 3e-06 1.000097 0.022142 0.000186 12745.24864 12446.531875 0.91
124506.0 2e-06 1.000127 0.0187 0.000187 12748.959262 12450.155529 1.18
124678.0 3e-06 1.012366 0.024763 0.000187 12741.683991 12443.050772 0.93
123671.0 2e-06 1.004456 0.018182 0.000188 12658.396403 12361.715237 1.5
125393.0 3e-06 1.000107 0.014386 0.000185 12834.361212 12533.555871 0.97
125106.0 2e-06 1.017446 0.027183 0.000186 12808.053279 12507.86453 1.22
122320.0 3e-06 1.000131 0.018419 0.000193 12522.234581 12228.744708 1.19
124613.0 3e-06 1.005099 0.018889 0.000188 12745.919876 12447.187379 0.62
125700.0 3e-06 1.000115 0.036302 0.000184 12861.907523 12560.456565 0.68
125488.0 2e-06 1.015819 0.043503 0.000184 12805.6317 12505.499707 1.16
126647.0 2e-06 1.000113 0.027838 0.000183 12929.828404 12626.785551 0.25
124756.0 3e-06 1.003338 0.0233 0.000187 12750.637731 12451.794659 0.86
125520.0 3e-06 1.000114 0.020846 0.000184 12853.926687 12552.662781 0.81
124807.0 2e-06 1.000104 0.013489 0.000187 12776.078187 12476.638854 0.81
125550.0 3e-06 1.001058 0.020165 0.000182 12842.847853 12541.843606 1.11
125304.0 2e-06 1.000109 0.013903 0.000185 12829.586201 12528.892774 0.63
126587.0 3e-06 1.000115 0.020618 0.000183 12951.272276 12647.726832 0.49
123113.0 3e-06 1.000323 0.013274 0.000191 12604.007141 12308.600724 0.61
110496.0 2e-06 1.00886 0.009454 0.000226 11318.234539 11052.963417 0.69
126199.0 3e-06 1.000118 0.031676 0.000183 12906.610779 12604.112089 0.95
121997.0 2e-06 1.00011 0.019034 0.000194 12494.613136 12201.77064 0.6
110474.0 2e-06 1.005743 0.011705 0.000224 11314.352422 11049.172287 1.22
124540.0 2e-06 1.000114 0.012747 0.000188 12749.671608 12450.85118 0.5
117497.0 2e-06 1.00672 0.012724 0.000205 12029.748793 11747.801555 1.06
125657.0 2e-06 1.000107 0.013981 0.000185 12862.669392 12561.200578 0.75
125793.0 3e-06 1.000105 0.014302 0.000184 12884.337959 12582.361289 0.42
126168.0 3e-06 1.000523 0.03102 0.000184 12900.34814 12597.996231 1.0
123021.0 2e-06 1.00023 0.015907 0.000191 12596.136132 12300.914192 1.08
115084.0 2e-06 1.000123 0.01201 0.000213 11784.167943 11507.976506 0.73
125662.0 2e-06 1.000106 0.019428 0.000185 12889.715495 12587.612788 0.81
123402.0 3e-06 1.027839 0.014779 0.000191 12634.902942 12338.772404 0.49
117878.0 3e-06 1.0476 0.01397 0.000203 12063.89713 11781.149541 1.42
126429.0 3e-06 1.000117 0.066113 0.000184 12912.953489 12610.306142 1.12
121136.0 2e-06 1.010191 0.011055 0.000196 12404.777934 12114.040951 1.17
126576.0 3e-06 1.000113 0.033998 0.000183 12948.433966 12644.955045 0.48
120778.0 2e-06 1.000327 0.013451 0.000197 12378.754851 12088.627784 0.89
124711.0 3e-06 1.000107 0.035259 0.000186 12771.508581 12472.176349 1.42
124381.0 2e-06 1.007338 0.062646 0.000187 12733.89444 12435.443789 1.24
115965.0 2e-06 1.017685 0.014408 0.00021 11876.817244 11598.45434 0.9
128215.0 3e-06 1.007792 0.080229 0.00018 13025.899773 12720.605247 0.19
116797.0 2e-06 1.000118 0.01311 0.000207 11960.692167 11680.363445 0.93
126943.0 2e-06 1.000104 0.059328 0.000181 12935.604609 12632.426376 0.72
126444.0 3e-06 1.00011 0.023567 0.000183 12933.810428 12630.674246 0.46
121435.0 2e-06 1.000371 0.018747 0.000195 12434.435432 12143.003351 0.84
126468.0 3e-06 1.009046 0.019187 0.000183 12935.03399 12631.869131 0.49
119096.0 3e-06 1.000107 0.021348 0.000201 12221.489059 11935.047909 1.32
115857.0 2e-06 1.027587 0.011035 0.000211 11862.308412 11584.285559 0.64
126967.0 2e-06 1.000109 0.06893 0.000181 12937.015164 12633.803871 0.76
119479.0 2e-06 1.010401 0.028894 0.000201 12241.661624 11954.747679 0.83
116998.0 2e-06 1.007213 0.034475 0.000207 11984.171277 11703.292262 1.02
127854.0 3e-06 1.006711 0.083808 0.000182 13054.972432 12748.996515 0.3
121869.0 2e-06 1.000109 0.049217 0.000195 12482.568655 12190.008452 0.71
128047.0 3e-06 1.000457 0.08876 0.000182 13025.023876 12719.749878 0.42
126378.0 3e-06 1.010138 0.091838 0.000183 12941.280613 12637.969349 0.55
126713.0 3e-06 1.005174 0.050428 0.000183 12957.258081 12653.572345 0.49
127916.0 3e-06 1.000117 0.064505 0.000181 13034.820328 12729.316726 0.1
127559.0 3e-06 1.000126 0.067118 0.000183 12996.439472 12691.835422 0.39
126080.0 3e-06 1.001918 0.056491 0.000185 12825.403107 12524.807722 0.98
128293.0 3e-06 1.001914 0.109255 0.000181 13020.016541 12714.859903 0.65
127767.0 3e-06 1.010469 0.082619 0.000183 12983.165293 12678.872357 0.28
128696.0 3e-06 1.000115 0.083665 0.000181 13074.701722 12768.263401 0.15
128186.0 3e-06 1.000114 0.060196 0.000181 13082.429419 12775.80998 0.19
128357.0 3e-06 1.000118 0.104651 0.000181 13032.227001 12726.784181 0.36
127308.0 3e-06 1.000116 0.033885 0.000182 12989.267394 12684.831439 0.21
128512.0 3e-06 1.000121 0.097261 0.000181 13049.317698 12743.474314 0.22
127656.0 3e-06 1.000116 0.040419 0.000182 13027.303775 12721.976343 0.2
127566.0 3e-06 1.000117 0.067773 0.000182 12994.003231 12689.45628 0.37
127300.0 3e-06 1.000112 0.033534 0.000182 12997.862592 12693.225188 0.25
120070.0 2e-06 1.007332 0.018958 0.000197 12295.096688 12006.93036 1.66
113690.0 2e-06 1.000106 0.009357 0.000217 11658.623432 11385.374446 0.94
127870.0 3e-06 1.000116 0.082436 0.00018 13017.960744 12712.852289 0.4
117368.0 2e-06 1.010159 0.02819 0.000206 12020.853712 11739.114953 0.73
128417.0 3e-06 1.000118 0.098747 0.000181 13033.378486 12727.908678 0.52
126989.0 3e-06 1.000117 0.078561 0.000182 12994.882562 12690.315002 0.82
115182.0 2e-06 1.000111 0.029494 0.00021 11797.30181 11520.802549 1.23
128182.0 3e-06 1.000123 0.110468 0.000179 13045.979749 12740.214598 0.57
123363.0 2e-06 1.037542 0.043495 0.00019 12628.773262 12332.786389 1.14
126847.0 3e-06 1.006664 0.086241 0.000183 12991.606402 12687.115627 0.8
126710.0 3e-06 1.000116 0.077859 0.000183 12889.305052 12587.211965 1.19
127825.0 3e-06 1.000495 0.103876 0.000182 12991.967565 12687.468325 0.57
128389.0 3e-06 1.002085 0.109355 0.000182 13032.957427 12727.497487 0.45
127053.0 3e-06 1.000693 0.107252 0.000183 12906.586024 12604.087914 1.52
128314.0 3e-06 1.002098 0.12059 0.000181 13023.725062 12718.481506 0.72
128427.0 3e-06 1.000124 0.106719 0.000181 13033.865051 12728.383839 0.6
