237.0 0.004167 0.005698 0.004664 0.000168 8.272822 23.769018 0.0
229.0 0.004297 0.005522 0.004686 0.000172 8.039121 22.963761 0.0
173.0 0.00437 0.005061 0.00465 0.000134 5.956727 17.344045 0.0
241.0 0.004191 0.005463 0.004659 0.000132 8.382328 24.108997 0.0
231.0 0.004135 0.027965 0.00476 0.000351 7.948097 23.10726 0.0
240.0 0.004276 0.005159 0.004653 0.000146 8.348776 24.029864 0.0
190.0 0.002076 0.005722 0.004667 0.000196 6.757379 19.012885 0.0
241.0 0.004306 0.005752 0.004694 0.00015 8.548037 24.304824 0.0
236.0 0.004335 0.005778 0.004658 0.000157 8.317882 23.671379 0.0
234.0 0.004268 0.005962 0.004671 0.000169 8.056897 23.423541 0.0
238.0 0.004291 0.006135 0.004718 0.000186 8.205122 23.894124 0.0
230.0 0.00421 0.005324 0.004665 0.00013 7.975619 23.070635 0.0
239.0 0.004375 0.006265 0.004672 0.000143 8.312995 23.97902 0.0
239.0 0.004212 0.005624 0.004675 0.000149 8.34568 23.978378 0.0
219.0 0.00432 0.005609 0.004667 0.000173 7.824211 21.914036 0.0
160.0 0.004374 0.005115 0.004682 0.000131 5.590833 16.028764 0.0
241.0 0.004321 0.005149 0.004647 0.000134 8.179058 24.116093 0.0
234.0 0.000868 0.005643 0.004656 0.000177 8.127725 23.426878 0.0
236.0 0.004305 0.005641 0.004688 0.000154 8.30172 23.641349 0.0
241.0 0.004327 0.005909 0.004681 0.000169 8.414666 24.174309 0.0
240.0 0.004311 0.006128 0.004695 0.000184 8.505394 24.006191 0.0
242.0 0.004375 0.008751 0.004705 0.000214 8.505333 24.215183 0.0
236.0 0.00428 0.005844 0.004653 0.000155 8.361358 23.683154 0.0
239.0 0.004333 0.006388 0.004708 0.000192 8.354715 23.974366 0.0
238.0 0.0043 0.005447 0.00469 0.000147 8.352372 23.810184 0.0
243.0 0.004373 0.006365 0.004672 0.000184 8.641377 24.335418 0.0
239.0 0.004238 0.004955 0.004647 0.000127 8.191913 23.906749 0.0
239.0 0.00429 0.005786 0.004676 0.000158 8.520866 24.209308 0.0
237.0 0.003972 0.008271 0.004697 0.000208 8.321367 23.793119 0.0
241.0 0.004366 0.005702 0.004679 0.000171 8.526007 24.128319 0.0
243.0 0.004295 0.005573 0.004656 0.000155 8.441267 24.319784 0.0
241.0 0.004349 0.005519 0.004658 0.000148 8.401237 24.124228 0.0
239.0 0.004325 0.005453 0.004677 0.000141 8.208344 23.982815 0.0
237.0 0.004172 0.005977 0.004643 0.000171 8.163292 23.716538 0.0
239.0 0.004395 0.005547 0.004666 0.000152 8.306368 23.966848 0.0
240.0 0.003597 0.008866 0.004681 0.000201 8.38004 24.016163 0.0
239.0 0.004322 0.005477 0.004696 0.000142 8.470263 23.981152 0.0
241.0 0.004377 0.005799 0.004684 0.000163 8.335998 24.195196 0.0
239.0 0.004306 0.006503 0.004671 0.000174 8.283766 23.980377 0.0
237.0 0.004064 0.005972 0.004673 0.000168 8.410441 23.781552 0.0
238.0 0.004362 0.005637 0.004659 0.000144 8.255062 23.892217 0.0
174.0 0.004303 0.005556 0.004677 0.000148 6.140072 17.425179 0.0
235.0 0.004177 0.005638 0.0047 0.000169 8.350919 23.582797 0.0
241.0 0.004351 0.005298 0.004702 0.000149 8.404079 24.173863 0.0
236.0 0.004333 0.00559 0.004671 0.000138 8.224379 23.642486 0.0
229.0 0.00373 0.005682 0.004709 0.000166 7.922098 22.929226 0.0
241.0 0.000551 0.005493 0.004657 0.000178 8.188433 24.105986 0.0
243.0 0.000524 0.006033 0.004698 0.000197 8.360214 24.351889 0.0
237.0 0.004419 0.005695 0.004728 0.000162 8.413095 23.727909 0.0
172.0 0.00427 0.005419 0.004626 0.00016 6.1817 17.229264 0.0
241.0 0.004295 0.005275 0.004641 0.000169 8.351319 24.148923 0.0
240.0 0.00429 0.00574 0.004601 0.000155 8.3177 24.055819 0.0
210.0 0.004262 0.005598 0.004636 0.000147 7.200373 21.057242 0.0
200.0 0.004295 0.005385 0.00462 0.000133 7.002526 20.078352 0.0
240.0 0.004263 0.005548 0.004627 0.00015 8.40672 24.037515 0.0
242.0 0.004119 0.005183 0.004578 0.000153 8.504969 24.218707 0.0
240.0 0.004224 0.005523 0.004617 0.000166 8.356571 24.086966 0.0
240.0 0.004349 0.005648 0.004607 0.000151 8.393163 24.010192 0.0
241.0 0.004154 0.0064 0.004616 0.00019 8.588812 24.129252 0.0
225.0 0.004274 0.005468 0.004593 0.000166 7.95923 22.502347 0.0
239.0 0.004221 0.005745 0.004613 0.000183 8.367214 23.977988 0.0
236.0 0.004283 0.005855 0.004597 0.000161 8.290782 23.687949 0.0
230.0 0.004237 0.005657 0.004597 0.000154 8.158941 23.04446 0.0
240.0 0.00429 0.005467 0.004599 0.00013 8.432416 24.010296 0.0
238.0 0.00422 0.007037 0.004624 0.00019 8.376887 23.834391 0.0
216.0 0.004238 0.005686 0.004585 0.000176 7.541014 21.635042 0.0
238.0 0.003981 0.005222 0.004578 0.000146 8.303559 23.833178 0.0
240.0 0.004354 0.005409 0.004587 0.000133 8.454001 24.071758 0.0
237.0 0.004236 0.005588 0.004585 0.00015 8.33458 23.79186 0.0
241.0 0.004245 0.005376 0.004597 0.000144 8.465403 24.113113 0.0
237.0 0.004162 0.004898 0.004588 0.000173 8.273385 23.722323 0.0
240.0 0.004036 0.005113 0.004596 0.000143 8.321069 24.007702 0.0
232.0 0.002036 0.005486 0.004586 0.000158 7.992878 23.214168 0.0
235.0 0.004293 0.005531 0.004591 0.000127 8.292251 23.908997 0.0
240.0 0.004193 0.005826 0.004598 0.000162 8.45156 24.046547 0.0
238.0 0.004225 0.005522 0.004586 0.000149 8.303098 23.804294 0.0
238.0 0.004289 0.005645 0.004607 0.000152 8.253473 23.889941 0.0
240.0 0.003936 0.008274 0.004614 0.00017 8.409646 24.013837 0.0
236.0 0.00398 0.005502 0.004588 0.000139 8.264435 23.699895 0.0
238.0 0.004215 0.005732 0.004621 0.000147 8.390944 23.878953 0.0
235.0 0.004275 0.005157 0.004602 0.000151 8.118483 23.583904 0.0
244.0 0.002491 0.005379 0.004559 0.000151 8.463943 24.422921 0.0
208.0 0.003877 0.005711 0.004579 0.000168 7.138522 20.854108 0.0
241.0 0.004269 0.0057 0.0046 0.000161 8.310182 24.145855 0.0
240.0 0.00433 0.005561 0.004643 0.00015 8.524609 24.09216 0.0
104.0 0.004299 0.005627 0.00461 0.000176 8.434556 24.377329 0.0
239.0 0.004117 0.004929 0.004547 0.000147 8.35793 23.978984 0.0
192.0 0.002671 0.004926 0.004614 0.000164 6.624657 19.239082 0.0
241.0 0.00332 0.00564 0.004592 0.000173 8.346011 24.179995 0.0
225.0 0.004211 0.005653 0.004597 0.000151 7.903702 22.567676 0.0
230.0 0.004295 0.005226 0.004599 0.000153 8.016816 23.078349 0.0
238.0 0.004276 0.03345 0.004704 0.000373 8.220774 23.857968 0.0
241.0 0.004217 0.005688 0.004576 0.000166 8.303752 24.103924 0.0
243.0 0.004153 0.005551 0.004619 0.000154 8.615605 24.316949 0.0
239.0 0.004021 0.005677 0.00458 0.000172 8.439121 23.990745 0.0
244.0 0.004222 0.004925 0.004585 0.000153 8.437199 24.440552 0.0
232.0 0.00404 0.005262 0.004602 0.000133 8.161257 23.405503 0.0
230.0 0.004146 0.005729 0.004593 0.000154 8.130023 23.007988 0.0
242.0 0.004251 0.005586 0.004599 0.000161 8.317875 24.207785 0.0
244.0 0.004287 0.005521 0.004613 0.000162 8.462365 24.494839 0.0
