46830.0 6e-06 1.000941 0.394572 0.000484 18624.736794 4547.054881 26.65
46628.0 5e-06 1.00062 0.377772 0.000464 18611.25124 4543.76251 27.09
46472.0 4e-06 1.000183 0.387777 0.000466 18558.495644 4530.882726 27.62
46626.0 5e-06 1.001499 0.391085 0.000483 18613.318779 4544.26728 27.04
46954.0 5e-06 1.000186 0.432055 0.000482 18609.56151 4543.349978 26.42
46620.0 5e-06 1.000181 0.381689 0.000482 18610.528138 4543.585971 27.07
46640.0 6e-06 1.000183 0.356371 0.000483 18619.112701 4545.681812 26.97
46607.0 6e-06 1.000197 0.364935 0.000464 18617.900376 4545.385834 26.99
46646.0 6e-06 1.000608 0.411122 0.000464 18613.708921 4544.36253 27.03
46579.0 5e-06 1.000723 0.409464 0.000465 18572.340811 4534.262893 27.09
46602.0 6e-06 1.0002 0.387517 0.000483 18602.871216 4541.716606 27.02
46593.0 4e-06 1.000184 0.389092 0.000483 18601.836528 4541.463996 27.09
46625.0 5e-06 1.000186 0.366528 0.000483 18617.403181 4545.264449 27.01
46611.0 5e-06 1.000189 0.379294 0.000464 18608.413436 4543.069687 27.08
46607.0 6e-06 1.000717 0.385699 0.000464 18608.942265 4543.198795 27.1
46621.0 5e-06 1.000602 0.408139 0.000482 18612.666951 4544.108142 27.06
46611.0 4e-06 1.000185 0.391624 0.000483 18607.872963 4542.937735 27.02
46543.0 6e-06 1.000181 0.366964 0.000482 18593.239415 4539.365092 27.17
46643.0 6e-06 1.000185 0.369636 0.000483 18612.176346 4543.988366 27.02
46535.0 5e-06 1.000464 0.377194 0.000465 18584.002444 4537.109972 27.21
46597.0 5e-06 1.000708 0.392129 0.000464 18595.462041 4539.907725 27.12
46565.0 5e-06 1.000936 0.397416 0.000483 18585.431488 4537.458859 27.18
46617.0 5e-06 1.00019 0.414713 0.000484 18610.418812 4543.55928 27.05
46609.0 6e-06 1.000188 0.383406 0.000483 18603.910447 4541.970324 27.03
46582.0 4e-06 1.000183 0.384783 0.000485 18588.239053 4538.1443 27.36
46558.0 6e-06 1.000245 0.369475 0.000465 18626.354111 4547.449734 27.1
46985.0 4e-06 1.000655 0.428178 0.00046 18634.613997 4549.466308 26.35
46656.0 5e-06 1.002711 0.425688 0.000463 18624.027955 4546.881825 26.88
46608.0 5e-06 1.000228 0.387151 0.000483 18609.96014 4543.4473 27.06
46586.0 6e-06 1.000193 0.368676 0.000484 18590.244538 4538.63392 27.14
46626.0 5e-06 1.000238 0.372961 0.000483 18608.380315 4543.0616 27.06
46630.0 6e-06 1.001129 0.388713 0.000464 18615.078882 4544.696993 26.98
46616.0 4e-06 1.000695 0.383914 0.000463 18609.314036 4543.28956 27.08
46508.0 5e-06 1.035678 0.389616 0.000485 18575.032704 4534.920094 26.98
46569.0 5e-06 1.000189 0.391869 0.000483 18593.137329 4539.340168 27.0
46647.0 6e-06 1.00018 0.373754 0.000482 18622.244752 4546.446473 26.95
46635.0 4e-06 1.000198 0.369457 0.000484 18619.831518 4545.857304 26.96
46597.0 6e-06 1.000183 0.378922 0.000464 18601.627626 4541.412995 27.05
46514.0 5e-06 1.000643 0.382655 0.000465 18573.899215 4534.643363 27.27
46626.0 5e-06 1.027364 0.398573 0.000484 18611.680797 4543.867382 26.84
46536.0 5e-06 1.000191 0.376066 0.000483 18587.276009 4537.909182 27.27
46636.0 5e-06 1.000181 0.377044 0.000483 18615.059326 4544.692218 27.01
46558.0 6e-06 1.000182 0.370602 0.000484 18587.455452 4537.952991 27.13
46641.0 6e-06 1.000187 0.401305 0.000463 18617.797161 4545.360635 27.0
46555.0 6e-06 1.000185 0.386943 0.000465 18606.112125 4542.507843 27.16
46630.0 6e-06 1.000674 0.386485 0.000483 18616.628406 4545.075294 27.02
46619.0 5e-06 1.00019 0.409516 0.000483 18610.176099 4543.500024 27.0
46666.0 4e-06 1.000316 0.373456 0.000482 18635.623922 4549.712872 26.29
46946.0 5e-06 1.000219 0.389508 0.000482 18630.298226 4548.412653 26.44
46510.0 5e-06 1.00019 0.38304 0.000483 18591.719298 4538.993969 27.21
46600.0 5e-06 1.000184 0.379993 0.000483 18605.425523 4542.340216 27.13
46624.0 5e-06 1.000196 0.380967 0.000483 18615.316187 4544.754928 27.02
46602.0 6e-06 1.000186 0.365608 0.000483 18603.868414 4541.960062 27.07
46720.0 5e-06 1.000715 0.396068 0.000463 18626.483492 4547.481321 26.86
46592.0 3e-06 1.00067 0.393097 0.000464 18601.876068 4541.473649 27.14
46831.0 6e-06 1.000703 0.421809 0.000461 18641.071493 4551.042845 26.7
46604.0 5e-06 1.000197 0.379971 0.000482 18607.033438 4542.732773 27.01
46547.0 4e-06 1.000196 0.379295 0.000483 18586.674458 4537.762319 27.19
46599.0 4e-06 1.000217 0.372947 0.000483 18605.472404 4542.351661 27.07
46611.0 5e-06 1.000668 0.389513 0.000464 18607.673468 4542.88903 27.1
46575.0 5e-06 1.000691 0.386622 0.000464 18603.127201 4541.779102 27.14
46613.0 6e-06 1.000644 0.394102 0.000483 18604.928687 4542.218918 27.05
46570.0 5e-06 1.000186 0.379821 0.000482 18607.192289 4542.771555 27.11
46605.0 4e-06 1.000185 0.367282 0.000483 18603.639078 4541.904072 27.16
46631.0 5e-06 1.000921 0.358667 0.000483 18617.094789 4545.189157 27.0
46552.0 5e-06 1.000706 0.380712 0.000464 18606.752265 4542.664127 27.08
46617.0 3e-06 1.000968 0.383904 0.000464 18611.795647 4543.895422 27.07
46541.0 4e-06 1.000806 0.387104 0.000485 18581.653759 4536.536562 27.43
46612.0 5e-06 1.000189 0.377541 0.000482 18609.048456 4543.224721 27.1
46617.0 6e-06 1.000189 0.375568 0.000483 18608.059256 4542.983217 27.1
46900.0 5e-06 1.000197 0.381845 0.000482 18624.972586 4547.112448 26.52
46602.0 4e-06 1.000681 0.371094 0.000463 18607.796601 4542.919092 27.11
46622.0 5e-06 1.000676 0.390532 0.000463 18612.982732 4544.185237 27.05
46605.0 4e-06 1.00065 0.388981 0.000483 18607.432696 4542.830248 27.13
46621.0 6e-06 1.000186 0.385335 0.000483 18606.974044 4542.718272 26.98
46588.0 5e-06 1.000183 0.378831 0.000483 18599.089795 4540.793407 27.03
46590.0 6e-06 1.000184 0.362018 0.000483 18606.064949 4542.496325 27.11
46766.0 5e-06 1.000752 0.414646 0.000462 18631.689473 4548.752313 26.81
46563.0 5e-06 1.000641 0.387181 0.000464 18588.924368 4538.311613 27.11
46620.0 5e-06 1.000653 0.423748 0.000483 18609.184222 4543.257867 27.1
46645.0 6e-06 1.000186 0.379999 0.000482 18615.805386 4544.874362 26.98
46618.0 6e-06 1.000207 0.382002 0.000484 18609.577395 4543.353856 27.05
46641.0 4e-06 1.000184 0.379854 0.00044 18615.661878 4544.839326 27.02
46610.0 5e-06 1.000699 0.391247 0.000464 18582.51438 4536.746675 27.12
46624.0 5e-06 1.000673 0.397126 0.000464 18613.470962 4544.304434 27.0
46581.0 4e-06 1.000999 0.395234 0.000484 18597.705472 4540.455437 27.16
46609.0 6e-06 1.000189 0.387427 0.000482 18606.855095 4542.689232 27.12
46602.0 6e-06 1.000179 0.363827 0.000483 18604.363427 4542.080915 27.13
46592.0 5e-06 1.000185 0.35652 0.000441 18601.284988 4541.329343 27.12
46760.0 4e-06 1.000633 0.401752 0.000462 18623.84834 4546.837974 26.86
46623.0 4e-06 1.000735 0.399765 0.000464 18610.753527 4543.640998 27.06
46628.0 5e-06 1.000632 0.393971 0.000483 18613.552998 4544.324463 27.03
46826.0 4e-06 1.000187 0.387139 0.000482 18586.753798 4537.781689 26.75
46646.0 4e-06 1.000205 0.385451 0.000483 18610.342063 4543.540543 27.02
46646.0 6e-06 1.000189 0.392668 0.000484 18611.500473 4543.823358 26.99
46560.0 4e-06 1.000701 0.37211 0.000464 18588.514816 4538.211625 27.12
46598.0 5e-06 1.000677 0.389109 0.000464 18608.820737 4543.169125 27.11
46601.0 6e-06 1.00064 0.398348 0.000483 18605.72322 4542.412895 27.08
46591.0 5e-06 1.000182 0.387017 0.000483 18599.875947 4540.985339 27.18
46625.0 6e-06 1.000186 0.380049 0.000482 18615.318063 4544.755386 27.03
