23495.0 6e-06 1.000312 0.542827 0.000905 18556.53552 2265.20209 39.07
23460.0 6e-06 1.000832 0.646938 0.000893 18023.103715 2200.085903 39.18
24630.0 6e-06 1.000872 0.615747 0.000868 19360.979782 2363.400852 36.12
24686.0 6e-06 1.001106 0.630208 0.000866 19394.723191 2367.519921 35.77
24629.0 6e-06 1.000289 0.633047 0.000925 19356.720376 2362.880905 36.12
24576.0 6e-06 1.000288 0.590514 0.000925 19322.00821 2358.64358 36.27
24599.0 6e-06 1.000991 0.620967 0.000867 19331.098639 2359.753252 36.21
24555.0 6e-06 1.000807 0.600881 0.00087 19314.968382 2357.784226 36.35
24578.0 6e-06 1.000672 0.607375 0.000867 19314.590253 2357.738068 36.26
24589.0 6e-06 1.00082 0.634475 0.000867 19334.548503 2360.174378 36.17
24442.0 3e-06 1.001036 0.641337 0.000875 19200.10617 2343.76296 36.64
24529.0 6e-06 1.000842 0.642504 0.000873 19292.410521 2355.030581 36.39
23392.0 6e-06 1.000282 0.613399 0.000969 18985.788346 2317.601116 39.33
24573.0 5e-06 1.000336 0.590545 0.000927 19325.777699 2359.103723 36.27
24592.0 6e-06 1.000823 0.609542 0.000866 19300.162587 2355.976878 36.21
24587.0 6e-06 1.017223 0.605815 0.000869 19325.211149 2359.034564 36.13
24545.0 6e-06 1.000892 0.613325 0.000871 19302.146382 2356.219041 36.37
23513.0 6e-06 1.000802 0.537354 0.000821 18575.54632 2267.522744 39.02
22386.0 6e-06 1.00061 0.59564 0.000866 18214.392685 2223.436607 41.96
24392.0 6e-06 1.000639 0.667462 0.000874 19144.674274 2336.996371 36.75
24597.0 6e-06 1.000708 0.61401 0.000926 19346.458163 2361.628194 36.22
24583.0 6e-06 1.000285 0.602408 0.000927 19328.242581 2359.404612 36.26
24580.0 4e-06 1.000295 0.616484 0.000847 19320.053984 2358.405027 36.27
24532.0 6e-06 1.00065 0.626675 0.00087 19287.601732 2354.443571 36.38
24557.0 6e-06 1.000806 0.605749 0.000871 19303.32972 2356.363491 36.33
24565.0 6e-06 1.000739 0.629125 0.000872 19306.448509 2356.744203 36.32
23511.0 6e-06 1.001249 0.539327 0.000821 18577.544047 2267.766607 39.02
24523.0 6e-06 1.000791 0.636445 0.000873 19285.689833 2354.210185 36.41
23301.0 6e-06 1.000629 0.598794 0.000968 18409.777074 2247.28724 39.55
24585.0 6e-06 1.000295 0.600126 0.000925 19327.603901 2359.326648 36.26
23440.0 6e-06 1.000309 0.572992 0.000971 18459.845898 2253.399157 39.18
24558.0 6e-06 1.000784 0.593002 0.000867 19315.525427 2357.852225 36.25
23519.0 6e-06 1.000652 0.545787 0.00082 18585.312032 2268.714848 38.91
24591.0 6e-06 1.000857 0.626781 0.000866 19328.705626 2359.461136 36.24
24602.0 6e-06 1.000595 0.598959 0.000865 19335.062434 2360.237114 36.23
24579.0 6e-06 1.000571 0.638181 0.000867 19312.586036 2357.493413 36.28
24601.0 6e-06 1.000878 0.613791 0.000925 19337.485975 2360.532956 36.22
24440.0 6e-06 1.000301 0.639287 0.000934 19191.748024 2342.742679 36.63
24547.0 6e-06 1.000292 0.609871 0.000929 19298.548624 2355.779861 36.34
24507.0 6e-06 1.000837 0.599336 0.000873 19271.045985 2352.422606 36.43
24585.0 6e-06 1.000878 0.630037 0.000866 19329.920818 2359.609475 36.23
24546.0 6e-06 1.00088 0.613075 0.000871 19298.656998 2355.793091 36.36
24572.0 6e-06 1.000643 0.621394 0.00087 19320.368997 2358.443481 36.31
24567.0 6e-06 1.000673 0.633338 0.00087 19320.311421 2358.436453 36.33
24546.0 6e-06 1.000899 0.632614 0.000868 19298.405105 2355.762342 36.3
24546.0 6e-06 1.000607 0.6314 0.000928 19305.612593 2356.642162 36.36
24424.0 6e-06 1.000283 0.642385 0.000934 19165.467764 2339.534639 36.69
24575.0 6e-06 1.000741 0.619931 0.000866 19316.020162 2357.912617 36.25
24552.0 6e-06 1.000623 0.614988 0.000869 19291.904095 2354.968762 36.32
24586.0 6e-06 1.000579 0.631505 0.000868 19322.044773 2358.648044 36.24
24589.0 6e-06 1.000725 0.604769 0.000927 19332.045318 2359.868813 36.25
23483.0 5e-06 1.000287 0.564155 0.000959 18554.315232 2264.931059 39.09
24598.0 6e-06 1.000296 0.590099 0.000867 19348.519087 2361.879771 36.24
24553.0 6e-06 1.000801 0.616963 0.000867 19294.5683 2355.293982 36.34
24510.0 6e-06 1.00081 0.603454 0.00087 19283.030099 2353.88551 36.45
24565.0 6e-06 1.001133 0.634135 0.000868 19308.828935 2357.034782 36.3
23521.0 6e-06 1.000585 0.550519 0.00082 18583.022313 2268.435341 38.97
24524.0 5e-06 1.000623 0.616514 0.000873 19284.441678 2354.057822 36.42
24565.0 6e-06 1.000626 0.59113 0.000927 19324.09242 2358.898 36.32
24575.0 6e-06 1.000293 0.603002 0.000927 19322.162184 2358.662376 36.28
24562.0 6e-06 1.000297 0.598393 0.000928 19312.863996 2357.527343 36.3
24566.0 5e-06 1.000823 0.606625 0.000869 19324.53206 2358.951668 36.34
24522.0 6e-06 1.004343 0.606059 0.00087 19283.139223 2353.898831 36.39
24609.0 6e-06 1.000827 0.629681 0.000865 19345.439387 2361.503831 36.17
24449.0 6e-06 1.00063 0.653811 0.000873 19204.853572 2344.342477 36.62
24625.0 6e-06 1.000621 0.631164 0.000866 19355.257164 2362.70229 36.09
24562.0 5e-06 1.000865 0.636272 0.000927 19322.79567 2358.739706 36.3
24570.0 4e-06 1.000645 0.618575 0.000942 19316.041443 2357.915215 36.15
23549.0 6e-06 1.000285 0.550159 0.000958 18599.907826 2270.496561 38.91
24548.0 6e-06 1.000594 0.602935 0.000869 19305.773217 2356.66177 36.36
23476.0 5e-06 1.000842 0.549162 0.00082 18559.974367 2265.621871 39.11
24573.0 6e-06 1.000577 0.5986 0.000865 19313.067639 2357.552202 36.26
23498.0 6e-06 1.00068 0.545425 0.000819 18552.810791 2264.747411 39.03
24441.0 6e-06 1.000757 0.655691 0.000873 19189.81086 2342.506208 36.63
23518.0 6e-06 1.000599 0.543276 0.000958 18582.65398 2268.390378 38.97
24555.0 6e-06 1.000289 0.63434 0.000926 19317.453911 2358.087636 36.33
24582.0 6e-06 1.000291 0.589303 0.000926 19325.202783 2359.033543 36.28
24576.0 4e-06 1.000293 0.618943 0.00087 19324.933041 2359.000615 36.3
24559.0 4e-06 1.000825 0.6118 0.000866 19307.295441 2356.847588 36.35
24551.0 6e-06 1.000794 0.614062 0.000868 19315.733558 2357.877632 36.34
24588.0 6e-06 1.000807 0.62985 0.000865 19326.494097 2359.191174 36.24
24527.0 6e-06 1.000824 0.63871 0.00087 19275.024148 2352.908221 36.39
23444.0 6e-06 1.000556 0.570949 0.000962 18525.135546 2261.369085 39.17
24570.0 6e-06 1.000772 0.617516 0.000929 19310.682009 2357.260987 36.28
24623.0 6e-06 1.000296 0.62165 0.000928 19344.627567 2361.404732 36.14
24608.0 6e-06 1.000565 0.597334 0.000865 19341.433075 2361.01478 36.19
24561.0 6e-06 1.001201 0.614236 0.000865 19298.209577 2355.738474 36.31
24578.0 6e-06 1.000911 0.628715 0.00087 19323.321005 2358.803834 36.27
24584.0 6e-06 1.000924 0.599766 0.000866 19332.066173 2359.871359 36.26
23543.0 6e-06 1.000621 0.545269 0.000904 18596.721549 2270.107611 38.95
23495.0 6e-06 1.000523 0.576072 0.00096 18570.905751 2266.956268 39.06
23436.0 6e-06 1.000299 0.5571 0.000962 18515.834994 2260.233764 39.23
24504.0 6e-06 1.000298 0.613313 0.000929 19261.668423 2351.277884 36.41
24562.0 6e-06 1.000308 0.570012 0.000846 19317.078378 2358.041794 36.25
23558.0 6e-06 1.000877 0.556074 0.00082 18608.369156 2271.529438 38.86
24528.0 6e-06 1.000641 0.624483 0.000872 19284.832566 2354.105538 36.41
24582.0 6e-06 1.000714 0.591978 0.000867 19316.414311 2357.960731 36.28
23489.0 6e-06 1.000655 0.545283 0.00082 18568.006756 2266.602387 39.08
24542.0 6e-06 1.000891 0.628504 0.000869 19275.977902 2353.024646 36.34
24572.0 6e-06 1.000644 0.636592 0.000927 19316.049241 2357.916167 36.25
