82164.0 4e-06 1.000171 0.23296 0.000265 16521.392742 8067.0863 13.5
81974.0 5e-06 1.000148 0.222166 0.000265 16478.17409 8045.983442 13.64
82186.0 4e-06 1.000148 0.239808 0.000258 16520.089225 8066.449817 13.46
82121.0 5e-06 1.000931 0.246646 0.000265 16504.70233 8058.936685 13.6
82138.0 5e-06 1.000145 0.242828 0.000265 16503.142166 8058.174886 13.5
82198.0 4e-06 1.000135 0.226052 0.000264 16515.952409 8064.429887 13.47
82207.0 4e-06 1.000139 0.226649 0.000257 16517.401014 8065.137214 13.4
82144.0 3e-06 1.000806 0.250571 0.000264 16518.242087 8065.547894 13.44
82130.0 4e-06 1.000139 0.237732 0.000265 16503.955402 8058.571974 13.52
82176.0 5e-06 1.000148 0.22534 0.000265 16524.573089 8068.639204 13.43
82098.0 3e-06 1.000138 0.218022 0.000258 16504.496616 8058.836238 13.63
82337.0 3e-06 1.000866 0.241741 0.000257 16524.622962 8068.663556 13.36
82150.0 3e-06 1.000131 0.231234 0.000264 16512.344028 8062.667982 13.6
82250.0 5e-06 1.000145 0.229814 0.000265 16520.089383 8066.449894 13.43
82162.0 5e-06 1.000135 0.217196 0.000258 16517.703291 8065.28481 13.53
82602.0 5e-06 1.000629 0.286505 0.000256 16533.426532 8072.962174 12.88
82700.0 4e-06 1.000636 0.281195 0.000264 16524.746884 8068.724064 12.75
82113.0 5e-06 1.00014 0.226127 0.000265 16508.02743 8060.560268 13.62
82224.0 4e-06 1.000142 0.224236 0.000258 16517.612993 8065.240719 13.51
82138.0 5e-06 1.001188 0.239268 0.000265 16512.448831 8062.719156 13.57
82189.0 4e-06 1.000142 0.235519 0.000265 16520.19447 8066.501206 13.47
82109.0 4e-06 1.001238 0.230968 0.000265 16510.070836 8061.558025 13.59
82281.0 5e-06 1.001355 0.220703 0.000257 16523.39568 8068.064297 13.41
81971.0 4e-06 1.000702 0.241564 0.000258 16486.543966 8050.070296 13.83
82211.0 3e-06 1.000136 0.244844 0.000265 16506.666269 8059.895639 13.49
82045.0 3e-06 1.00014 0.234634 0.000265 16505.500764 8059.326545 13.45
81940.0 5e-06 1.000137 0.219132 0.000265 16502.735916 8057.976522 13.73
81979.0 4e-06 1.000148 0.238304 0.000258 16489.310817 8051.421297 13.68
82264.0 4e-06 1.000667 0.244284 0.000264 16516.0076 8064.456836 13.39
82162.0 4e-06 1.000135 0.234446 0.000264 16511.694834 8062.350993 13.51
82251.0 5e-06 1.000143 0.227736 0.000265 16519.802574 8066.309851 13.4
82427.0 5e-06 1.000136 0.231356 0.000257 16514.805708 8063.869975 13.3
82115.0 5e-06 1.000639 0.244697 0.000265 16500.856973 8057.059069 13.62
82086.0 4e-06 1.000135 0.242485 0.000265 16492.20086 8052.832451 13.56
82247.0 4e-06 1.000136 0.230633 0.000265 16500.257532 8056.766373 13.52
82032.0 4e-06 1.000137 0.227809 0.000265 16500.854501 8057.057862 13.61
82422.0 4e-06 1.000152 0.238495 0.000257 16537.207632 8074.808414 13.14
82082.0 4e-06 1.000592 0.242246 0.000265 16494.36325 8053.888305 13.57
82903.0 4e-06 1.000136 0.283844 0.000264 16552.191332 8082.124674 12.47
82366.0 4e-06 1.000141 0.229571 0.000265 16532.683757 8072.599491 13.2
82435.0 4e-06 1.00014 0.237545 0.000257 16543.876036 8078.064471 13.06
82113.0 6e-06 1.000604 0.241369 0.000265 16487.293305 8050.436184 13.57
82367.0 4e-06 1.000233 0.257979 0.000265 16503.407514 8058.30445 13.22
82078.0 4e-06 1.00015 0.219072 0.000265 16508.56385 8060.822192 13.73
81805.0 5e-06 1.001246 0.241931 0.000259 16464.658208 8039.383891 13.99
82103.0 4e-06 1.001552 0.234934 0.000265 16514.742094 8063.838913 13.55
82034.0 4e-06 1.000196 0.233242 0.000265 16496.285907 8054.827103 13.48
82172.0 3e-06 1.001369 0.236917 0.000264 16516.757975 8064.82323 13.38
82477.0 4e-06 1.000139 0.256732 0.000257 16540.195825 8076.267493 13.1
82387.0 3e-06 1.001166 0.239139 0.000265 16517.983589 8065.421674 13.2
82164.0 4e-06 1.00014 0.23167 0.000265 16493.046328 8053.245277 13.54
82255.0 4e-06 1.000139 0.232228 0.000257 16525.547325 8069.114905 13.33
82044.0 4e-06 1.000647 0.238229 0.000265 16499.82619 8056.555757 13.59
82489.0 5e-06 1.000133 0.248123 0.000265 16513.155299 8063.064111 13.17
82305.0 4e-06 1.000135 0.235245 0.000265 16529.090491 8070.844966 13.32
82034.0 3e-06 1.000142 0.236796 0.000258 16485.919534 8049.765398 13.62
82420.0 4e-06 1.000684 0.243562 0.000264 16536.974842 8074.694747 13.16
82165.0 4e-06 1.000139 0.23692 0.000264 16512.041725 8062.520373 13.43
82419.0 3e-06 1.000133 0.228295 0.000265 16532.898187 8072.704193 13.18
82137.0 3e-06 1.00013 0.228355 0.000258 16511.761557 8062.383573 13.46
82865.0 5e-06 1.000569 0.289501 0.000255 16535.293395 8073.873728 12.56
82149.0 4e-06 1.000141 0.235997 0.000265 16522.800454 8067.773659 13.5
82117.0 5e-06 1.000139 0.226032 0.000265 16514.226634 8063.587224 13.41
82130.0 4e-06 1.000246 0.219471 0.000257 16517.750945 8065.308078 13.54
81970.0 5e-06 1.000731 0.235287 0.000258 16493.874923 8053.649865 13.79
82340.0 5e-06 1.001422 0.242072 0.000265 16522.27179 8067.515523 13.28
82084.0 5e-06 1.000243 0.230086 0.000265 16501.042333 8057.149577 13.49
82143.0 5e-06 1.001319 0.223458 0.000265 16518.465939 8065.657197 13.51
82325.0 4e-06 1.001912 0.258621 0.000257 16522.758659 8067.753252 13.25
82229.0 3e-06 1.000891 0.253495 0.000264 16526.380631 8069.521792 13.34
82019.0 4e-06 1.000154 0.227884 0.000265 16496.543114 8054.952693 13.6
82428.0 6e-06 1.000143 0.255469 0.000265 16508.126176 8060.608485 13.03
82293.0 3e-06 1.000147 0.230897 0.000258 16515.887873 8064.398376 13.34
82029.0 5e-06 1.000641 0.231982 0.000265 16519.840135 8066.328191 13.49
82184.0 4e-06 1.000163 0.232271 0.000265 16523.443192 8068.087496 13.41
81974.0 4e-06 1.000134 0.228498 0.000265 16476.877053 8045.350123 13.68
82144.0 4e-06 1.000145 0.223305 0.000258 16519.031986 8065.933587 13.48
82243.0 5e-06 1.000631 0.240366 0.000258 16542.197498 8077.244872 13.33
82226.0 5e-06 1.000138 0.244967 0.000265 16508.104908 8060.598099 13.3
82168.0 5e-06 1.000144 0.233433 0.000264 16513.709229 8063.334585 13.42
82167.0 4e-06 1.000155 0.220929 0.000265 16508.963979 8061.017568 13.47
82220.0 3e-06 1.000136 0.23764 0.000257 16527.038686 8069.843108 13.32
82759.0 4e-06 1.000899 0.281077 0.000264 16534.456582 8073.465128 12.54
82148.0 5e-06 1.000138 0.237607 0.000265 16501.492685 8057.369475 13.42
82182.0 4e-06 1.000148 0.225017 0.000265 16516.595815 8064.74405 13.28
82399.0 3e-06 1.000137 0.260492 0.000257 16523.199215 8067.968367 13.39
75098.0 3e-06 1.000677 0.230829 0.000261 15138.959757 7392.070194 20.68
82429.0 4e-06 1.000131 0.240017 0.000265 16530.169946 8071.372044 13.21
82044.0 3e-06 1.001503 0.226331 0.000265 16491.209343 8052.348312 13.63
82350.0 3e-06 1.006266 0.2549 0.000263 16475.323911 8044.591753 10.45
82796.0 3e-06 1.058721 0.211991 0.000265 16672.529238 8140.883417 8.05
82822.0 3e-06 1.003988 0.261478 0.000267 16580.353733 8095.875846 11.55
79827.0 3e-06 1.029316 0.204452 0.000281 16097.435124 7860.075744 12.17
81505.0 3e-06 1.007813 0.216035 0.000271 16387.805759 8001.858281 12.86
82855.0 3e-06 1.028496 0.220091 0.000264 16640.673068 8125.328647 8.71
62163.0 3e-06 3.369096 0.216488 0.000359 12560.996941 6133.299287 14.26
72579.0 4e-06 1.095879 0.205579 0.0003 14670.056214 7163.113386 13.89
81459.0 3e-06 1.00239 0.200111 0.000272 16421.5608 8018.340234 11.42
82162.0 4e-06 1.000141 0.241152 0.000258 16516.039871 8064.472593 13.36
82190.0 3e-06 1.000143 0.273264 0.000264 16520.560858 8066.680106 13.42
