ITGDec version 2.8.1 (r1023)
Compile-time options: bursty multiport
----------------------------------------------------------
Flow number: 1
From 192.168.10.9:43860
To    192.168.10.4:8999
----------------------------------------------------------
Total time               =      9.999039 s
Total packets            =         66916
Minimum delay            =      0.000006 s
Maximum delay            =      1.000169 s
Average delay            =      0.002572 s
Average jitter           =      0.000333 s
Delay standard deviation =      0.049745 s
Bytes received           =      34260992
Average bitrate          =  27411.427838 Kbit/s
Average packet rate      =   6692.243125 pkt/s
Packets dropped          =             0 (0.00 %)
Average loss-burst size  =      0.000000 pkt
----------------------------------------------------------

__________________________________________________________
****************  TOTAL RESULTS   ******************
__________________________________________________________
Number of flows          =             1
Total time               =      9.999039 s
Total packets            =         66916
Minimum delay            =      0.000006 s
Maximum delay            =      1.000169 s
Average delay            =      0.002572 s
Average jitter           =      0.000333 s
Delay standard deviation =      0.049745 s
Bytes received           =      34260992
Average bitrate          =  27411.427838 Kbit/s
Average packet rate      =   6692.243125 pkt/s
Packets dropped          =             0 (0.00 %)
Average loss-burst size  =             0 pkt
Error lines              =             0
----------------------------------------------------------
