ITGDec version 2.8.1 (r1023)
Compile-time options: bursty multiport
----------------------------------------------------------
Flow number: 1
From 192.168.10.9:58811
To    192.168.10.4:8999
----------------------------------------------------------
Total time               =      9.997301 s
Total packets            =           989
Minimum delay            =      0.002431 s
Maximum delay            =      0.009814 s
Average delay            =      0.002694 s
Average jitter           =      0.000104 s
Delay standard deviation =      0.000342 s
Bytes received           =         63296
Average bitrate          =     50.650471 Kbit/s
Average packet rate      =     98.926700 pkt/s
Packets dropped          =             0 (0.00 %)
Average loss-burst size  =      0.000000 pkt
----------------------------------------------------------

__________________________________________________________
****************  TOTAL RESULTS   ******************
__________________________________________________________
Number of flows          =             1
Total time               =      9.997301 s
Total packets            =           989
Minimum delay            =      0.002431 s
Maximum delay            =      0.009814 s
Average delay            =      0.002694 s
Average jitter           =      0.000104 s
Delay standard deviation =      0.000342 s
Bytes received           =         63296
Average bitrate          =     50.650471 Kbit/s
Average packet rate      =     98.926700 pkt/s
Packets dropped          =             0 (0.00 %)
Average loss-burst size  =             0 pkt
Error lines              =             0
----------------------------------------------------------
