ITGDec version 2.8.1 (r1023)
Compile-time options: bursty multiport
----------------------------------------------------------
Flow number: 1
From 192.168.10.9:55937
To    192.168.10.4:8999
----------------------------------------------------------
Total time               =      9.998559 s
Total packets            =         66967
Minimum delay            =      0.000005 s
Maximum delay            =      1.000166 s
Average delay            =      0.004094 s
Average jitter           =      0.000332 s
Delay standard deviation =      0.063134 s
Bytes received           =      34287104
Average bitrate          =  27433.636387 Kbit/s
Average packet rate      =   6697.665134 pkt/s
Packets dropped          =             0 (0.00 %)
Average loss-burst size  =      0.000000 pkt
----------------------------------------------------------

__________________________________________________________
****************  TOTAL RESULTS   ******************
__________________________________________________________
Number of flows          =             1
Total time               =      9.998559 s
Total packets            =         66967
Minimum delay            =      0.000005 s
Maximum delay            =      1.000166 s
Average delay            =      0.004094 s
Average jitter           =      0.000332 s
Delay standard deviation =      0.063134 s
Bytes received           =      34287104
Average bitrate          =  27433.636387 Kbit/s
Average packet rate      =   6697.665134 pkt/s
Packets dropped          =             0 (0.00 %)
Average loss-burst size  =             0 pkt
Error lines              =             0
----------------------------------------------------------
