ITGDec version 2.8.1 (r1023)
Compile-time options: bursty multiport
----------------------------------------------------------
Flow number: 1
From 192.168.10.9:38277
To    192.168.10.4:8999
----------------------------------------------------------
Total time               =      9.998925 s
Total packets            =         67023
Minimum delay            =      0.000004 s
Maximum delay            =      1.000147 s
Average delay            =      0.002152 s
Average jitter           =      0.000332 s
Delay standard deviation =      0.045330 s
Bytes received           =      34315776
Average bitrate          =  27455.572274 Kbit/s
Average packet rate      =   6703.020575 pkt/s
Packets dropped          =             0 (0.00 %)
Average loss-burst size  =      0.000000 pkt
----------------------------------------------------------

__________________________________________________________
****************  TOTAL RESULTS   ******************
__________________________________________________________
Number of flows          =             1
Total time               =      9.998925 s
Total packets            =         67023
Minimum delay            =      0.000004 s
Maximum delay            =      1.000147 s
Average delay            =      0.002152 s
Average jitter           =      0.000332 s
Delay standard deviation =      0.045330 s
Bytes received           =      34315776
Average bitrate          =  27455.572274 Kbit/s
Average packet rate      =   6703.020575 pkt/s
Packets dropped          =             0 (0.00 %)
Average loss-burst size  =             0 pkt
Error lines              =             0
----------------------------------------------------------
