ITGDec version 2.8.1 (r1023)
Compile-time options: bursty multiport
----------------------------------------------------------
Flow number: 1
From 192.168.10.9:57938
To    192.168.10.4:8999
----------------------------------------------------------
Total time               =      9.998759 s
Total packets            =        130120
Minimum delay            =      0.000003 s
Maximum delay            =      1.000105 s
Average delay            =      0.001621 s
Average jitter           =      0.000179 s
Delay standard deviation =      0.039757 s
Bytes received           =      16655360
Average bitrate          =  13325.941749 Kbit/s
Average packet rate      =  13013.614990 pkt/s
Packets dropped          =             0 (0.00 %)
Average loss-burst size  =      0.000000 pkt
----------------------------------------------------------

__________________________________________________________
****************  TOTAL RESULTS   ******************
__________________________________________________________
Number of flows          =             1
Total time               =      9.998759 s
Total packets            =        130120
Minimum delay            =      0.000003 s
Maximum delay            =      1.000105 s
Average delay            =      0.001621 s
Average jitter           =      0.000179 s
Delay standard deviation =      0.039757 s
Bytes received           =      16655360
Average bitrate          =  13325.941749 Kbit/s
Average packet rate      =  13013.614990 pkt/s
Packets dropped          =             0 (0.00 %)
Average loss-burst size  =             0 pkt
Error lines              =             0
----------------------------------------------------------
