ITGDec version 2.8.1 (r1023)
Compile-time options: bursty multiport
----------------------------------------------------------
Flow number: 1
From 192.168.10.9:50703
To    192.168.10.4:8999
----------------------------------------------------------
Total time               =      9.999102 s
Total packets            =        130153
Minimum delay            =      0.000003 s
Maximum delay            =      1.000101 s
Average delay            =      0.001628 s
Average jitter           =      0.000179 s
Delay standard deviation =      0.039848 s
Bytes received           =      16659584
Average bitrate          =  13328.864132 Kbit/s
Average packet rate      =  13016.468879 pkt/s
Packets dropped          =             0 (0.00 %)
Average loss-burst size  =      0.000000 pkt
----------------------------------------------------------

__________________________________________________________
****************  TOTAL RESULTS   ******************
__________________________________________________________
Number of flows          =             1
Total time               =      9.999102 s
Total packets            =        130153
Minimum delay            =      0.000003 s
Maximum delay            =      1.000101 s
Average delay            =      0.001628 s
Average jitter           =      0.000179 s
Delay standard deviation =      0.039848 s
Bytes received           =      16659584
Average bitrate          =  13328.864132 Kbit/s
Average packet rate      =  13016.468879 pkt/s
Packets dropped          =             0 (0.00 %)
Average loss-burst size  =             0 pkt
Error lines              =             0
----------------------------------------------------------
