ITGDec version 2.8.1 (r1023)
Compile-time options: bursty multiport
----------------------------------------------------------
Flow number: 1
From 192.168.10.9:36176
To    192.168.10.4:8999
----------------------------------------------------------
Total time               =      9.978531 s
Total packets            =           237
Minimum delay            =      0.002350 s
Maximum delay            =      0.003384 s
Average delay            =      0.002537 s
Average jitter           =      0.000082 s
Delay standard deviation =      0.000090 s
Bytes received           =         10064
Average bitrate          =      8.068522 Kbit/s
Average packet rate      =     23.750991 pkt/s
Packets dropped          =             0 (0.00 %)
Average loss-burst size  =      0.000000 pkt
----------------------------------------------------------

__________________________________________________________
****************  TOTAL RESULTS   ******************
__________________________________________________________
Number of flows          =             1
Total time               =      9.978531 s
Total packets            =           237
Minimum delay            =      0.002350 s
Maximum delay            =      0.003384 s
Average delay            =      0.002537 s
Average jitter           =      0.000082 s
Delay standard deviation =      0.000090 s
Bytes received           =         10064
Average bitrate          =      8.068522 Kbit/s
Average packet rate      =     23.750991 pkt/s
Packets dropped          =             0 (0.00 %)
Average loss-burst size  =             0 pkt
Error lines              =             0
----------------------------------------------------------
