ITGDec version 2.8.1 (r1023)
Compile-time options: bursty multiport
----------------------------------------------------------
Flow number: 1
From 192.168.10.9:48303
To    192.168.10.4:8999
----------------------------------------------------------
Total time               =      8.938086 s
Total packets            =             6
Minimum delay            =      0.002704 s
Maximum delay            =      0.003177 s
Average delay            =      0.002885 s
Average jitter           =      0.000179 s
Delay standard deviation =      0.000151 s
Bytes received           =          1440
Average bitrate          =      1.288867 Kbit/s
Average packet rate      =      0.671285 pkt/s
Packets dropped          =             0 (0.00 %)
Average loss-burst size  =      0.000000 pkt
----------------------------------------------------------

__________________________________________________________
****************  TOTAL RESULTS   ******************
__________________________________________________________
Number of flows          =             1
Total time               =      8.938086 s
Total packets            =             6
Minimum delay            =      0.002704 s
Maximum delay            =      0.003177 s
Average delay            =      0.002885 s
Average jitter           =      0.000179 s
Delay standard deviation =      0.000151 s
Bytes received           =          1440
Average bitrate          =      1.288867 Kbit/s
Average packet rate      =      0.671285 pkt/s
Packets dropped          =             0 (0.00 %)
Average loss-burst size  =             0 pkt
Error lines              =             0
----------------------------------------------------------
