ITGDec version 2.8.1 (r1023)
Compile-time options: bursty multiport
----------------------------------------------------------
Flow number: 1
From 192.168.10.9:48489
To    192.168.10.4:8999
----------------------------------------------------------
Total time               =      9.999423 s
Total packets            =         33026
Minimum delay            =      0.000006 s
Maximum delay            =      1.000317 s
Average delay            =      0.003673 s
Average jitter           =      0.000655 s
Delay standard deviation =      0.058650 s
Bytes received           =      42273280
Average bitrate          =  33820.575447 Kbit/s
Average packet rate      =   3302.790571 pkt/s
Packets dropped          =             0 (0.00 %)
Average loss-burst size  =      0.000000 pkt
----------------------------------------------------------

__________________________________________________________
****************  TOTAL RESULTS   ******************
__________________________________________________________
Number of flows          =             1
Total time               =      9.999423 s
Total packets            =         33026
Minimum delay            =      0.000006 s
Maximum delay            =      1.000317 s
Average delay            =      0.003673 s
Average jitter           =      0.000655 s
Delay standard deviation =      0.058650 s
Bytes received           =      42273280
Average bitrate          =  33820.575447 Kbit/s
Average packet rate      =   3302.790571 pkt/s
Packets dropped          =             0 (0.00 %)
Average loss-burst size  =             0 pkt
Error lines              =             0
----------------------------------------------------------
