ITGDec version 2.8.1 (r1023)
Compile-time options: bursty multiport
----------------------------------------------------------
Flow number: 1
From 192.168.10.9:48122
To    192.168.10.4:8999
----------------------------------------------------------
Total time               =      9.999011 s
Total packets            =         32991
Minimum delay            =      0.000007 s
Maximum delay            =      1.000319 s
Average delay            =      0.003494 s
Average jitter           =      0.000655 s
Delay standard deviation =      0.057123 s
Bytes received           =      42228480
Average bitrate          =  33786.125448 Kbit/s
Average packet rate      =   3299.426313 pkt/s
Packets dropped          =             0 (0.00 %)
Average loss-burst size  =      0.000000 pkt
----------------------------------------------------------

__________________________________________________________
****************  TOTAL RESULTS   ******************
__________________________________________________________
Number of flows          =             1
Total time               =      9.999011 s
Total packets            =         32991
Minimum delay            =      0.000007 s
Maximum delay            =      1.000319 s
Average delay            =      0.003494 s
Average jitter           =      0.000655 s
Delay standard deviation =      0.057123 s
Bytes received           =      42228480
Average bitrate          =  33786.125448 Kbit/s
Average packet rate      =   3299.426313 pkt/s
Packets dropped          =             0 (0.00 %)
Average loss-burst size  =             0 pkt
Error lines              =             0
----------------------------------------------------------
