ITGDec version 2.8.1 (r1023)
Compile-time options: bursty multiport
----------------------------------------------------------
Flow number: 1
From 192.168.10.9:53620
To    192.168.10.4:8999
----------------------------------------------------------
Total time               =      8.655327 s
Total packets            =           193
Minimum delay            =      0.002386 s
Maximum delay            =      0.003598 s
Average delay            =      0.002619 s
Average jitter           =      0.000123 s
Delay standard deviation =      0.000120 s
Bytes received           =          8352
Average bitrate          =      7.719639 Kbit/s
Average packet rate      =     22.298407 pkt/s
Packets dropped          =             0 (0.00 %)
Average loss-burst size  =      0.000000 pkt
----------------------------------------------------------

__________________________________________________________
****************  TOTAL RESULTS   ******************
__________________________________________________________
Number of flows          =             1
Total time               =      8.655327 s
Total packets            =           193
Minimum delay            =      0.002386 s
Maximum delay            =      0.003598 s
Average delay            =      0.002619 s
Average jitter           =      0.000123 s
Delay standard deviation =      0.000120 s
Bytes received           =          8352
Average bitrate          =      7.719639 Kbit/s
Average packet rate      =     22.298407 pkt/s
Packets dropped          =             0 (0.00 %)
Average loss-burst size  =             0 pkt
Error lines              =             0
----------------------------------------------------------
