ITGDec version 2.8.1 (r1023)
Compile-time options: bursty multiport
----------------------------------------------------------
Flow number: 1
From 192.168.10.9:51202
To    192.168.10.4:8999
----------------------------------------------------------
Total time               =      9.999198 s
Total packets            =        100656
Minimum delay            =      0.000004 s
Maximum delay            =      1.000096 s
Average delay            =      0.001804 s
Average jitter           =      0.000221 s
Delay standard deviation =      0.041897 s
Bytes received           =      25767936
Average bitrate          =  20616.002203 Kbit/s
Average packet rate      =  10066.407326 pkt/s
Packets dropped          =             0 (0.00 %)
Average loss-burst size  =      0.000000 pkt
----------------------------------------------------------

__________________________________________________________
****************  TOTAL RESULTS   ******************
__________________________________________________________
Number of flows          =             1
Total time               =      9.999198 s
Total packets            =        100656
Minimum delay            =      0.000004 s
Maximum delay            =      1.000096 s
Average delay            =      0.001804 s
Average jitter           =      0.000221 s
Delay standard deviation =      0.041897 s
Bytes received           =      25767936
Average bitrate          =  20616.002203 Kbit/s
Average packet rate      =  10066.407326 pkt/s
Packets dropped          =             0 (0.00 %)
Average loss-burst size  =             0 pkt
Error lines              =             0
----------------------------------------------------------
