ITGDec version 2.8.1 (r1023)
Compile-time options: bursty multiport
----------------------------------------------------------
Flow number: 1
From 192.168.10.9:46088
To    192.168.10.4:8999
----------------------------------------------------------
Total time               =      9.998580 s
Total packets            =        130175
Minimum delay            =      0.000003 s
Maximum delay            =      1.000100 s
Average delay            =      0.001650 s
Average jitter           =      0.000178 s
Delay standard deviation =      0.040132 s
Bytes received           =      16662400
Average bitrate          =  13331.813117 Kbit/s
Average packet rate      =  13019.348748 pkt/s
Packets dropped          =             0 (0.00 %)
Average loss-burst size  =      0.000000 pkt
----------------------------------------------------------

__________________________________________________________
****************  TOTAL RESULTS   ******************
__________________________________________________________
Number of flows          =             1
Total time               =      9.998580 s
Total packets            =        130175
Minimum delay            =      0.000003 s
Maximum delay            =      1.000100 s
Average delay            =      0.001650 s
Average jitter           =      0.000178 s
Delay standard deviation =      0.040132 s
Bytes received           =      16662400
Average bitrate          =  13331.813117 Kbit/s
Average packet rate      =  13019.348748 pkt/s
Packets dropped          =             0 (0.00 %)
Average loss-burst size  =             0 pkt
Error lines              =             0
----------------------------------------------------------
