ITGDec version 2.8.1 (r1023)
Compile-time options: bursty multiport
----------------------------------------------------------
Flow number: 1
From 192.168.10.9:36836
To    192.168.10.4:8999
----------------------------------------------------------
Total time               =      8.937904 s
Total packets            =             6
Minimum delay            =      0.002783 s
Maximum delay            =      0.003283 s
Average delay            =      0.002974 s
Average jitter           =      0.000316 s
Delay standard deviation =      0.000176 s
Bytes received           =          1239
Average bitrate          =      1.108985 Kbit/s
Average packet rate      =      0.671298 pkt/s
Packets dropped          =             0 (0.00 %)
Average loss-burst size  =      0.000000 pkt
----------------------------------------------------------

__________________________________________________________
****************  TOTAL RESULTS   ******************
__________________________________________________________
Number of flows          =             1
Total time               =      8.937904 s
Total packets            =             6
Minimum delay            =      0.002783 s
Maximum delay            =      0.003283 s
Average delay            =      0.002974 s
Average jitter           =      0.000316 s
Delay standard deviation =      0.000176 s
Bytes received           =          1239
Average bitrate          =      1.108985 Kbit/s
Average packet rate      =      0.671298 pkt/s
Packets dropped          =             0 (0.00 %)
Average loss-burst size  =             0 pkt
Error lines              =             0
----------------------------------------------------------
