ITGDec version 2.8.1 (r1023)
Compile-time options: bursty multiport
----------------------------------------------------------
Flow number: 1
From 192.168.10.9:59712
To    192.168.10.4:8999
----------------------------------------------------------
Total time               =      9.961159 s
Total packets            =           236
Minimum delay            =      0.002322 s
Maximum delay            =      0.003558 s
Average delay            =      0.002554 s
Average jitter           =      0.000109 s
Delay standard deviation =      0.000115 s
Bytes received           =         10166
Average bitrate          =      8.164512 Kbit/s
Average packet rate      =     23.692022 pkt/s
Packets dropped          =             0 (0.00 %)
Average loss-burst size  =      0.000000 pkt
----------------------------------------------------------

__________________________________________________________
****************  TOTAL RESULTS   ******************
__________________________________________________________
Number of flows          =             1
Total time               =      9.961159 s
Total packets            =           236
Minimum delay            =      0.002322 s
Maximum delay            =      0.003558 s
Average delay            =      0.002554 s
Average jitter           =      0.000109 s
Delay standard deviation =      0.000115 s
Bytes received           =         10166
Average bitrate          =      8.164512 Kbit/s
Average packet rate      =     23.692022 pkt/s
Packets dropped          =             0 (0.00 %)
Average loss-burst size  =             0 pkt
Error lines              =             0
----------------------------------------------------------
