ITGDec version 2.8.1 (r1023)
Compile-time options: bursty multiport
----------------------------------------------------------
Flow number: 1
From 192.168.10.9:45917
To    192.168.10.4:8999
----------------------------------------------------------
Total time               =      9.999067 s
Total packets            =         32988
Minimum delay            =      0.000004 s
Maximum delay            =      1.000322 s
Average delay            =      0.003435 s
Average jitter           =      0.000656 s
Delay standard deviation =      0.056594 s
Bytes received           =      42224640
Average bitrate          =  33782.863941 Kbit/s
Average packet rate      =   3299.107807 pkt/s
Packets dropped          =             1 (0.00 %)
Average loss-burst size  =      1.000000 pkt
----------------------------------------------------------

__________________________________________________________
****************  TOTAL RESULTS   ******************
__________________________________________________________
Number of flows          =             1
Total time               =      9.999067 s
Total packets            =         32988
Minimum delay            =      0.000004 s
Maximum delay            =      1.000322 s
Average delay            =      0.003435 s
Average jitter           =      0.000656 s
Delay standard deviation =      0.056594 s
Bytes received           =      42224640
Average bitrate          =  33782.863941 Kbit/s
Average packet rate      =   3299.107807 pkt/s
Packets dropped          =             1 (0.00 %)
Average loss-burst size  =      1.000000 pkt
Error lines              =             0
----------------------------------------------------------
