ITGDec version 2.8.1 (r1023)
Compile-time options: bursty multiport
----------------------------------------------------------
Flow number: 1
From 192.168.10.9:60118
To    192.168.10.4:8999
----------------------------------------------------------
Total time               =      9.998810 s
Total packets            =         32986
Minimum delay            =      0.000006 s
Maximum delay            =      1.000324 s
Average delay            =      0.003494 s
Average jitter           =      0.000656 s
Delay standard deviation =      0.057126 s
Bytes received           =      42222080
Average bitrate          =  33781.684020 Kbit/s
Average packet rate      =   3298.992580 pkt/s
Packets dropped          =             0 (0.00 %)
Average loss-burst size  =      0.000000 pkt
----------------------------------------------------------

__________________________________________________________
****************  TOTAL RESULTS   ******************
__________________________________________________________
Number of flows          =             1
Total time               =      9.998810 s
Total packets            =         32986
Minimum delay            =      0.000006 s
Maximum delay            =      1.000324 s
Average delay            =      0.003494 s
Average jitter           =      0.000656 s
Delay standard deviation =      0.057126 s
Bytes received           =      42222080
Average bitrate          =  33781.684020 Kbit/s
Average packet rate      =   3298.992580 pkt/s
Packets dropped          =             0 (0.00 %)
Average loss-burst size  =             0 pkt
Error lines              =             0
----------------------------------------------------------
