ITGDec version 2.8.1 (r1023)
Compile-time options: bursty multiport
----------------------------------------------------------
Flow number: 1
From 192.168.10.9:33548
To    192.168.10.4:8999
----------------------------------------------------------
Total time               =      9.999003 s
Total packets            =         32998
Minimum delay            =      0.000006 s
Maximum delay            =      1.000321 s
Average delay            =      0.004251 s
Average jitter           =      0.000656 s
Delay standard deviation =      0.063359 s
Bytes received           =      42237440
Average bitrate          =  33793.321194 Kbit/s
Average packet rate      =   3300.129023 pkt/s
Packets dropped          =             1 (0.00 %)
Average loss-burst size  =      1.000000 pkt
----------------------------------------------------------

__________________________________________________________
****************  TOTAL RESULTS   ******************
__________________________________________________________
Number of flows          =             1
Total time               =      9.999003 s
Total packets            =         32998
Minimum delay            =      0.000006 s
Maximum delay            =      1.000321 s
Average delay            =      0.004251 s
Average jitter           =      0.000656 s
Delay standard deviation =      0.063359 s
Bytes received           =      42237440
Average bitrate          =  33793.321194 Kbit/s
Average packet rate      =   3300.129023 pkt/s
Packets dropped          =             1 (0.00 %)
Average loss-burst size  =      1.000000 pkt
Error lines              =             0
----------------------------------------------------------
