ITGDec version 2.8.1 (r1023)
Compile-time options: bursty multiport
----------------------------------------------------------
Flow number: 1
From 192.168.10.9:38938
To    192.168.10.4:8999
----------------------------------------------------------
Total time               =      9.999269 s
Total packets            =         38624
Minimum delay            =      0.000006 s
Maximum delay            =      1.000275 s
Average delay            =      0.003772 s
Average jitter           =      0.000562 s
Delay standard deviation =      0.060311 s
Bytes received           =      39550976
Average bitrate          =  31643.093910 Kbit/s
Average packet rate      =   3862.682362 pkt/s
Packets dropped          =             0 (0.00 %)
Average loss-burst size  =      0.000000 pkt
----------------------------------------------------------

__________________________________________________________
****************  TOTAL RESULTS   ******************
__________________________________________________________
Number of flows          =             1
Total time               =      9.999269 s
Total packets            =         38624
Minimum delay            =      0.000006 s
Maximum delay            =      1.000275 s
Average delay            =      0.003772 s
Average jitter           =      0.000562 s
Delay standard deviation =      0.060311 s
Bytes received           =      39550976
Average bitrate          =  31643.093910 Kbit/s
Average packet rate      =   3862.682362 pkt/s
Packets dropped          =             0 (0.00 %)
Average loss-burst size  =             0 pkt
Error lines              =             0
----------------------------------------------------------
