ITGDec version 2.8.1 (r1023)
Compile-time options: bursty multiport
----------------------------------------------------------
Flow number: 1
From 192.168.10.9:38141
To    192.168.10.4:8999
----------------------------------------------------------
Total time               =      9.999026 s
Total packets            =        171566
Minimum delay            =      0.000002 s
Maximum delay            =      1.000073 s
Average delay            =      0.001543 s
Average jitter           =      0.000130 s
Delay standard deviation =      0.038974 s
Bytes received           =      10980224
Average bitrate          =   8785.034862 Kbit/s
Average packet rate      =  17158.271216 pkt/s
Packets dropped          =             0 (0.00 %)
Average loss-burst size  =      0.000000 pkt
----------------------------------------------------------

__________________________________________________________
****************  TOTAL RESULTS   ******************
__________________________________________________________
Number of flows          =             1
Total time               =      9.999026 s
Total packets            =        171566
Minimum delay            =      0.000002 s
Maximum delay            =      1.000073 s
Average delay            =      0.001543 s
Average jitter           =      0.000130 s
Delay standard deviation =      0.038974 s
Bytes received           =      10980224
Average bitrate          =   8785.034862 Kbit/s
Average packet rate      =  17158.271216 pkt/s
Packets dropped          =             0 (0.00 %)
Average loss-burst size  =             0 pkt
Error lines              =             0
----------------------------------------------------------
