ITGDec version 2.8.1 (r1023)
Compile-time options: bursty multiport
----------------------------------------------------------
Flow number: 1
From 192.168.10.9:32859
To    192.168.10.4:8999
----------------------------------------------------------
Total time               =      9.998914 s
Total packets            =        100582
Minimum delay            =      0.000004 s
Maximum delay            =      1.000092 s
Average delay            =      0.001925 s
Average jitter           =      0.000222 s
Delay standard deviation =      0.043307 s
Bytes received           =      25748992
Average bitrate          =  20601.430915 Kbit/s
Average packet rate      =  10059.292439 pkt/s
Packets dropped          =             0 (0.00 %)
Average loss-burst size  =      0.000000 pkt
----------------------------------------------------------

__________________________________________________________
****************  TOTAL RESULTS   ******************
__________________________________________________________
Number of flows          =             1
Total time               =      9.998914 s
Total packets            =        100582
Minimum delay            =      0.000004 s
Maximum delay            =      1.000092 s
Average delay            =      0.001925 s
Average jitter           =      0.000222 s
Delay standard deviation =      0.043307 s
Bytes received           =      25748992
Average bitrate          =  20601.430915 Kbit/s
Average packet rate      =  10059.292439 pkt/s
Packets dropped          =             0 (0.00 %)
Average loss-burst size  =             0 pkt
Error lines              =             0
----------------------------------------------------------
