ITGDec version 2.8.1 (r1023)
Compile-time options: bursty multiport
----------------------------------------------------------
Flow number: 1
From 192.168.10.9:34313
To    192.168.10.4:8999
----------------------------------------------------------
Total time               =      9.999257 s
Total packets            =         67017
Minimum delay            =      0.000004 s
Maximum delay            =      1.000169 s
Average delay            =      0.002211 s
Average jitter           =      0.000333 s
Delay standard deviation =      0.045982 s
Bytes received           =      34312704
Average bitrate          =  27452.202899 Kbit/s
Average packet rate      =   6702.197973 pkt/s
Packets dropped          =             0 (0.00 %)
Average loss-burst size  =      0.000000 pkt
----------------------------------------------------------

__________________________________________________________
****************  TOTAL RESULTS   ******************
__________________________________________________________
Number of flows          =             1
Total time               =      9.999257 s
Total packets            =         67017
Minimum delay            =      0.000004 s
Maximum delay            =      1.000169 s
Average delay            =      0.002211 s
Average jitter           =      0.000333 s
Delay standard deviation =      0.045982 s
Bytes received           =      34312704
Average bitrate          =  27452.202899 Kbit/s
Average packet rate      =   6702.197973 pkt/s
Packets dropped          =             0 (0.00 %)
Average loss-burst size  =             0 pkt
Error lines              =             0
----------------------------------------------------------
