ITGDec version 2.8.1 (r1023)
Compile-time options: bursty multiport
----------------------------------------------------------
Flow number: 1
From 192.168.10.9:53433
To    192.168.10.4:8999
----------------------------------------------------------
Total time               =     10.000144 s
Total packets            =        100366
Minimum delay            =      0.000005 s
Maximum delay            =      1.000118 s
Average delay            =      0.003613 s
Average jitter           =      0.000222 s
Delay standard deviation =      0.059617 s
Bytes received           =      25693696
Average bitrate          =  20554.660813 Kbit/s
Average packet rate      =  10036.455475 pkt/s
Packets dropped          =             0 (0.00 %)
Average loss-burst size  =      0.000000 pkt
----------------------------------------------------------

__________________________________________________________
****************  TOTAL RESULTS   ******************
__________________________________________________________
Number of flows          =             1
Total time               =     10.000144 s
Total packets            =        100366
Minimum delay            =      0.000005 s
Maximum delay            =      1.000118 s
Average delay            =      0.003613 s
Average jitter           =      0.000222 s
Delay standard deviation =      0.059617 s
Bytes received           =      25693696
Average bitrate          =  20554.660813 Kbit/s
Average packet rate      =  10036.455475 pkt/s
Packets dropped          =             0 (0.00 %)
Average loss-burst size  =             0 pkt
Error lines              =             0
----------------------------------------------------------
