ITGDec version 2.8.1 (r1023)
Compile-time options: bursty multiport
----------------------------------------------------------
Flow number: 1
From 192.168.10.9:50994
To    192.168.10.4:8999
----------------------------------------------------------
Total time               =      9.998982 s
Total packets            =         32983
Minimum delay            =      0.000007 s
Maximum delay            =      1.000317 s
Average delay            =      0.004829 s
Average jitter           =      0.000656 s
Delay standard deviation =      0.067728 s
Bytes received           =      42218240
Average bitrate          =  33778.030604 Kbit/s
Average packet rate      =   3298.635801 pkt/s
Packets dropped          =             0 (0.00 %)
Average loss-burst size  =      0.000000 pkt
----------------------------------------------------------

__________________________________________________________
****************  TOTAL RESULTS   ******************
__________________________________________________________
Number of flows          =             1
Total time               =      9.998982 s
Total packets            =         32983
Minimum delay            =      0.000007 s
Maximum delay            =      1.000317 s
Average delay            =      0.004829 s
Average jitter           =      0.000656 s
Delay standard deviation =      0.067728 s
Bytes received           =      42218240
Average bitrate          =  33778.030604 Kbit/s
Average packet rate      =   3298.635801 pkt/s
Packets dropped          =             0 (0.00 %)
Average loss-burst size  =             0 pkt
Error lines              =             0
----------------------------------------------------------
