ITGDec version 2.8.1 (r1023)
Compile-time options: bursty multiport
----------------------------------------------------------
Flow number: 1
From 192.168.10.9:55880
To    192.168.10.4:8999
----------------------------------------------------------
Total time               =      9.991672 s
Total packets            =           988
Minimum delay            =      0.002260 s
Maximum delay            =      0.003901 s
Average delay            =      0.002658 s
Average jitter           =      0.000086 s
Delay standard deviation =      0.000101 s
Bytes received           =         63232
Average bitrate          =     50.627763 Kbit/s
Average packet rate      =     98.882349 pkt/s
Packets dropped          =             0 (0.00 %)
Average loss-burst size  =      0.000000 pkt
----------------------------------------------------------

__________________________________________________________
****************  TOTAL RESULTS   ******************
__________________________________________________________
Number of flows          =             1
Total time               =      9.991672 s
Total packets            =           988
Minimum delay            =      0.002260 s
Maximum delay            =      0.003901 s
Average delay            =      0.002658 s
Average jitter           =      0.000086 s
Delay standard deviation =      0.000101 s
Bytes received           =         63232
Average bitrate          =     50.627763 Kbit/s
Average packet rate      =     98.882349 pkt/s
Packets dropped          =             0 (0.00 %)
Average loss-burst size  =             0 pkt
Error lines              =             0
----------------------------------------------------------
