ITGDec version 2.8.1 (r1023)
Compile-time options: bursty multiport
----------------------------------------------------------
Flow number: 1
From 192.168.10.9:38943
To    192.168.10.4:8999
----------------------------------------------------------
Total time               =      9.998943 s
Total packets            =         38615
Minimum delay            =      0.000006 s
Maximum delay            =      1.000277 s
Average delay            =      0.003171 s
Average jitter           =      0.000559 s
Delay standard deviation =      0.055196 s
Bytes received           =      39541760
Average bitrate          =  31636.752005 Kbit/s
Average packet rate      =   3861.908204 pkt/s
Packets dropped          =             0 (0.00 %)
Average loss-burst size  =      0.000000 pkt
----------------------------------------------------------

__________________________________________________________
****************  TOTAL RESULTS   ******************
__________________________________________________________
Number of flows          =             1
Total time               =      9.998943 s
Total packets            =         38615
Minimum delay            =      0.000006 s
Maximum delay            =      1.000277 s
Average delay            =      0.003171 s
Average jitter           =      0.000559 s
Delay standard deviation =      0.055196 s
Bytes received           =      39541760
Average bitrate          =  31636.752005 Kbit/s
Average packet rate      =   3861.908204 pkt/s
Packets dropped          =             0 (0.00 %)
Average loss-burst size  =             0 pkt
Error lines              =             0
----------------------------------------------------------
