ITGDec version 2.8.1 (r1023)
Compile-time options: bursty multiport
----------------------------------------------------------
Flow number: 1
From 192.168.10.9:57289
To    192.168.10.4:8999
----------------------------------------------------------
Total time               =      9.999476 s
Total packets            =         33001
Minimum delay            =      0.000007 s
Maximum delay            =      1.000317 s
Average delay            =      0.003433 s
Average jitter           =      0.000656 s
Delay standard deviation =      0.056585 s
Bytes received           =      42241280
Average bitrate          =  33794.794847 Kbit/s
Average packet rate      =   3300.272934 pkt/s
Packets dropped          =             0 (0.00 %)
Average loss-burst size  =      0.000000 pkt
----------------------------------------------------------

__________________________________________________________
****************  TOTAL RESULTS   ******************
__________________________________________________________
Number of flows          =             1
Total time               =      9.999476 s
Total packets            =         33001
Minimum delay            =      0.000007 s
Maximum delay            =      1.000317 s
Average delay            =      0.003433 s
Average jitter           =      0.000656 s
Delay standard deviation =      0.056585 s
Bytes received           =      42241280
Average bitrate          =  33794.794847 Kbit/s
Average packet rate      =   3300.272934 pkt/s
Packets dropped          =             0 (0.00 %)
Average loss-burst size  =             0 pkt
Error lines              =             0
----------------------------------------------------------
