ITGDec version 2.8.1 (r1023)
Compile-time options: bursty multiport
----------------------------------------------------------
Flow number: 1
From 192.168.10.9:55761
To    192.168.10.4:8999
----------------------------------------------------------
Total time               =      9.999009 s
Total packets            =         66935
Minimum delay            =      0.000005 s
Maximum delay            =      1.000166 s
Average delay            =      0.002228 s
Average jitter           =      0.000333 s
Delay standard deviation =      0.046172 s
Bytes received           =      34270720
Average bitrate          =  27419.293252 Kbit/s
Average packet rate      =   6694.163392 pkt/s
Packets dropped          =             0 (0.00 %)
Average loss-burst size  =      0.000000 pkt
----------------------------------------------------------

__________________________________________________________
****************  TOTAL RESULTS   ******************
__________________________________________________________
Number of flows          =             1
Total time               =      9.999009 s
Total packets            =         66935
Minimum delay            =      0.000005 s
Maximum delay            =      1.000166 s
Average delay            =      0.002228 s
Average jitter           =      0.000333 s
Delay standard deviation =      0.046172 s
Bytes received           =      34270720
Average bitrate          =  27419.293252 Kbit/s
Average packet rate      =   6694.163392 pkt/s
Packets dropped          =             0 (0.00 %)
Average loss-burst size  =             0 pkt
Error lines              =             0
----------------------------------------------------------
