ITGDec version 2.8.1 (r1023)
Compile-time options: bursty multiport
----------------------------------------------------------
Flow number: 1
From 192.168.10.9:48036
To    192.168.10.4:8999
----------------------------------------------------------
Total time               =      9.999039 s
Total packets            =        100577
Minimum delay            =      0.000004 s
Maximum delay            =      1.000121 s
Average delay            =      0.001846 s
Average jitter           =      0.000222 s
Delay standard deviation =      0.042384 s
Bytes received           =      25747712
Average bitrate          =  20600.149274 Kbit/s
Average packet rate      =  10058.666638 pkt/s
Packets dropped          =             0 (0.00 %)
Average loss-burst size  =      0.000000 pkt
----------------------------------------------------------

__________________________________________________________
****************  TOTAL RESULTS   ******************
__________________________________________________________
Number of flows          =             1
Total time               =      9.999039 s
Total packets            =        100577
Minimum delay            =      0.000004 s
Maximum delay            =      1.000121 s
Average delay            =      0.001846 s
Average jitter           =      0.000222 s
Delay standard deviation =      0.042384 s
Bytes received           =      25747712
Average bitrate          =  20600.149274 Kbit/s
Average packet rate      =  10058.666638 pkt/s
Packets dropped          =             0 (0.00 %)
Average loss-burst size  =             0 pkt
Error lines              =             0
----------------------------------------------------------
