ITGDec version 2.8.1 (r1023)
Compile-time options: bursty multiport
----------------------------------------------------------
Flow number: 1
From 192.168.10.9:33956
To    192.168.10.4:8999
----------------------------------------------------------
Total time               =      9.998619 s
Total packets            =         67100
Minimum delay            =      0.000005 s
Maximum delay            =      1.000167 s
Average delay            =      0.002358 s
Average jitter           =      0.000317 s
Delay standard deviation =      0.047541 s
Bytes received           =      34355200
Average bitrate          =  27487.956087 Kbit/s
Average packet rate      =   6710.926779 pkt/s
Packets dropped          =             0 (0.00 %)
Average loss-burst size  =      0.000000 pkt
----------------------------------------------------------

__________________________________________________________
****************  TOTAL RESULTS   ******************
__________________________________________________________
Number of flows          =             1
Total time               =      9.998619 s
Total packets            =         67100
Minimum delay            =      0.000005 s
Maximum delay            =      1.000167 s
Average delay            =      0.002358 s
Average jitter           =      0.000317 s
Delay standard deviation =      0.047541 s
Bytes received           =      34355200
Average bitrate          =  27487.956087 Kbit/s
Average packet rate      =   6710.926779 pkt/s
Packets dropped          =             0 (0.00 %)
Average loss-burst size  =             0 pkt
Error lines              =             0
----------------------------------------------------------
