ITGDec version 2.8.1 (r1023)
Compile-time options: bursty multiport
----------------------------------------------------------
Flow number: 1
From 192.168.10.9:47003
To    192.168.10.4:8999
----------------------------------------------------------
Total time               =      9.999723 s
Total packets            =        130224
Minimum delay            =      0.000003 s
Maximum delay            =      1.000102 s
Average delay            =      0.001858 s
Average jitter           =      0.000178 s
Delay standard deviation =      0.042622 s
Bytes received           =      16668672
Average bitrate          =  13335.306988 Kbit/s
Average packet rate      =  13022.760730 pkt/s
Packets dropped          =             0 (0.00 %)
Average loss-burst size  =      0.000000 pkt
----------------------------------------------------------

__________________________________________________________
****************  TOTAL RESULTS   ******************
__________________________________________________________
Number of flows          =             1
Total time               =      9.999723 s
Total packets            =        130224
Minimum delay            =      0.000003 s
Maximum delay            =      1.000102 s
Average delay            =      0.001858 s
Average jitter           =      0.000178 s
Delay standard deviation =      0.042622 s
Bytes received           =      16668672
Average bitrate          =  13335.306988 Kbit/s
Average packet rate      =  13022.760730 pkt/s
Packets dropped          =             0 (0.00 %)
Average loss-burst size  =             0 pkt
Error lines              =             0
----------------------------------------------------------
