ITGDec version 2.8.1 (r1023)
Compile-time options: bursty multiport
----------------------------------------------------------
Flow number: 1
From 192.168.10.9:52925
To    192.168.10.4:8999
----------------------------------------------------------
Total time               =      9.999152 s
Total packets            =         38673
Minimum delay            =      0.000007 s
Maximum delay            =      1.000284 s
Average delay            =      0.002948 s
Average jitter           =      0.000562 s
Delay standard deviation =      0.053014 s
Bytes received           =      39601152
Average bitrate          =  31683.608370 Kbit/s
Average packet rate      =   3867.627975 pkt/s
Packets dropped          =             0 (0.00 %)
Average loss-burst size  =      0.000000 pkt
----------------------------------------------------------

__________________________________________________________
****************  TOTAL RESULTS   ******************
__________________________________________________________
Number of flows          =             1
Total time               =      9.999152 s
Total packets            =         38673
Minimum delay            =      0.000007 s
Maximum delay            =      1.000284 s
Average delay            =      0.002948 s
Average jitter           =      0.000562 s
Delay standard deviation =      0.053014 s
Bytes received           =      39601152
Average bitrate          =  31683.608370 Kbit/s
Average packet rate      =   3867.627975 pkt/s
Packets dropped          =             0 (0.00 %)
Average loss-burst size  =             0 pkt
Error lines              =             0
----------------------------------------------------------
