ITGDec version 2.8.1 (r1023)
Compile-time options: bursty multiport
----------------------------------------------------------
Flow number: 1
From 192.168.10.9:56096
To    192.168.10.4:8999
----------------------------------------------------------
Total time               =      9.998881 s
Total packets            =         66915
Minimum delay            =      0.000004 s
Maximum delay            =      1.000167 s
Average delay            =      0.002422 s
Average jitter           =      0.000334 s
Delay standard deviation =      0.048228 s
Bytes received           =      34260480
Average bitrate          =  27411.451341 Kbit/s
Average packet rate      =   6692.248863 pkt/s
Packets dropped          =             0 (0.00 %)
Average loss-burst size  =      0.000000 pkt
----------------------------------------------------------

__________________________________________________________
****************  TOTAL RESULTS   ******************
__________________________________________________________
Number of flows          =             1
Total time               =      9.998881 s
Total packets            =         66915
Minimum delay            =      0.000004 s
Maximum delay            =      1.000167 s
Average delay            =      0.002422 s
Average jitter           =      0.000334 s
Delay standard deviation =      0.048228 s
Bytes received           =      34260480
Average bitrate          =  27411.451341 Kbit/s
Average packet rate      =   6692.248863 pkt/s
Packets dropped          =             0 (0.00 %)
Average loss-burst size  =             0 pkt
Error lines              =             0
----------------------------------------------------------
