ITGDec version 2.8.1 (r1023)
Compile-time options: bursty multiport
----------------------------------------------------------
Flow number: 1
From 192.168.10.9:35228
To    192.168.10.4:8999
----------------------------------------------------------
Total time               =      9.998951 s
Total packets            =         38590
Minimum delay            =      0.000006 s
Maximum delay            =      1.000276 s
Average delay            =      0.003041 s
Average jitter           =      0.000561 s
Delay standard deviation =      0.054034 s
Bytes received           =      39516160
Average bitrate          =  31616.244544 Kbit/s
Average packet rate      =   3859.404852 pkt/s
Packets dropped          =             0 (0.00 %)
Average loss-burst size  =      0.000000 pkt
----------------------------------------------------------

__________________________________________________________
****************  TOTAL RESULTS   ******************
__________________________________________________________
Number of flows          =             1
Total time               =      9.998951 s
Total packets            =         38590
Minimum delay            =      0.000006 s
Maximum delay            =      1.000276 s
Average delay            =      0.003041 s
Average jitter           =      0.000561 s
Delay standard deviation =      0.054034 s
Bytes received           =      39516160
Average bitrate          =  31616.244544 Kbit/s
Average packet rate      =   3859.404852 pkt/s
Packets dropped          =             0 (0.00 %)
Average loss-burst size  =             0 pkt
Error lines              =             0
----------------------------------------------------------
