ITGDec version 2.8.1 (r1023)
Compile-time options: bursty multiport
----------------------------------------------------------
Flow number: 1
From 192.168.10.9:56389
To    192.168.10.4:8999
----------------------------------------------------------
Total time               =      9.998933 s
Total packets            =         33002
Minimum delay            =      0.000004 s
Maximum delay            =      1.000324 s
Average delay            =      0.003494 s
Average jitter           =      0.000655 s
Delay standard deviation =      0.057113 s
Bytes received           =      42242560
Average bitrate          =  33797.654210 Kbit/s
Average packet rate      =   3300.552169 pkt/s
Packets dropped          =             0 (0.00 %)
Average loss-burst size  =      0.000000 pkt
----------------------------------------------------------

__________________________________________________________
****************  TOTAL RESULTS   ******************
__________________________________________________________
Number of flows          =             1
Total time               =      9.998933 s
Total packets            =         33002
Minimum delay            =      0.000004 s
Maximum delay            =      1.000324 s
Average delay            =      0.003494 s
Average jitter           =      0.000655 s
Delay standard deviation =      0.057113 s
Bytes received           =      42242560
Average bitrate          =  33797.654210 Kbit/s
Average packet rate      =   3300.552169 pkt/s
Packets dropped          =             0 (0.00 %)
Average loss-burst size  =             0 pkt
Error lines              =             0
----------------------------------------------------------
