ITGDec version 2.8.1 (r1023)
Compile-time options: bursty multiport
----------------------------------------------------------
Flow number: 1
From 192.168.10.9:46272
To    192.168.10.4:8999
----------------------------------------------------------
Total time               =      9.999322 s
Total packets            =        100533
Minimum delay            =      0.000004 s
Maximum delay            =      1.000115 s
Average delay            =      0.001827 s
Average jitter           =      0.000222 s
Delay standard deviation =      0.042159 s
Bytes received           =      25736448
Average bitrate          =  20590.554440 Kbit/s
Average packet rate      =  10053.981660 pkt/s
Packets dropped          =             0 (0.00 %)
Average loss-burst size  =      0.000000 pkt
----------------------------------------------------------

__________________________________________________________
****************  TOTAL RESULTS   ******************
__________________________________________________________
Number of flows          =             1
Total time               =      9.999322 s
Total packets            =        100533
Minimum delay            =      0.000004 s
Maximum delay            =      1.000115 s
Average delay            =      0.001827 s
Average jitter           =      0.000222 s
Delay standard deviation =      0.042159 s
Bytes received           =      25736448
Average bitrate          =  20590.554440 Kbit/s
Average packet rate      =  10053.981660 pkt/s
Packets dropped          =             0 (0.00 %)
Average loss-burst size  =             0 pkt
Error lines              =             0
----------------------------------------------------------
