ITGDec version 2.8.1 (r1023)
Compile-time options: bursty multiport
----------------------------------------------------------
Flow number: 1
From 192.168.10.9:58518
To    192.168.10.4:8999
----------------------------------------------------------
Total time               =      9.999502 s
Total packets            =         33015
Minimum delay            =      0.000006 s
Maximum delay            =      1.000318 s
Average delay            =      0.003857 s
Average jitter           =      0.000655 s
Delay standard deviation =      0.060178 s
Bytes received           =      42259200
Average bitrate          =  33809.043690 Kbit/s
Average packet rate      =   3301.664423 pkt/s
Packets dropped          =             0 (0.00 %)
Average loss-burst size  =      0.000000 pkt
----------------------------------------------------------

__________________________________________________________
****************  TOTAL RESULTS   ******************
__________________________________________________________
Number of flows          =             1
Total time               =      9.999502 s
Total packets            =         33015
Minimum delay            =      0.000006 s
Maximum delay            =      1.000318 s
Average delay            =      0.003857 s
Average jitter           =      0.000655 s
Delay standard deviation =      0.060178 s
Bytes received           =      42259200
Average bitrate          =  33809.043690 Kbit/s
Average packet rate      =   3301.664423 pkt/s
Packets dropped          =             0 (0.00 %)
Average loss-burst size  =             0 pkt
Error lines              =             0
----------------------------------------------------------
