ITGDec version 2.8.1 (r1023)
Compile-time options: bursty multiport
----------------------------------------------------------
Flow number: 1
From 192.168.10.9:37012
To    192.168.10.4:8999
----------------------------------------------------------
Total time               =      9.998415 s
Total packets            =        168122
Minimum delay            =      0.000002 s
Maximum delay            =      1.000093 s
Average delay            =      0.001832 s
Average jitter           =      0.000134 s
Delay standard deviation =      0.042485 s
Bytes received           =      10759808
Average bitrate          =   8609.210960 Kbit/s
Average packet rate      =  16814.865156 pkt/s
Packets dropped          =             0 (0.00 %)
Average loss-burst size  =      0.000000 pkt
----------------------------------------------------------

__________________________________________________________
****************  TOTAL RESULTS   ******************
__________________________________________________________
Number of flows          =             1
Total time               =      9.998415 s
Total packets            =        168122
Minimum delay            =      0.000002 s
Maximum delay            =      1.000093 s
Average delay            =      0.001832 s
Average jitter           =      0.000134 s
Delay standard deviation =      0.042485 s
Bytes received           =      10759808
Average bitrate          =   8609.210960 Kbit/s
Average packet rate      =  16814.865156 pkt/s
Packets dropped          =             0 (0.00 %)
Average loss-burst size  =             0 pkt
Error lines              =             0
----------------------------------------------------------
