ITGDec version 2.8.1 (r1023)
Compile-time options: bursty multiport
----------------------------------------------------------
Flow number: 1
From 192.168.10.9:48697
To    192.168.10.4:8999
----------------------------------------------------------
Total time               =      9.969167 s
Total packets            =           228
Minimum delay            =      0.002281 s
Maximum delay            =      0.003050 s
Average delay            =      0.002559 s
Average jitter           =      0.000123 s
Delay standard deviation =      0.000100 s
Bytes received           =         10023
Average bitrate          =      8.043200 Kbit/s
Average packet rate      =     22.870517 pkt/s
Packets dropped          =             0 (0.00 %)
Average loss-burst size  =      0.000000 pkt
----------------------------------------------------------

__________________________________________________________
****************  TOTAL RESULTS   ******************
__________________________________________________________
Number of flows          =             1
Total time               =      9.969167 s
Total packets            =           228
Minimum delay            =      0.002281 s
Maximum delay            =      0.003050 s
Average delay            =      0.002559 s
Average jitter           =      0.000123 s
Delay standard deviation =      0.000100 s
Bytes received           =         10023
Average bitrate          =      8.043200 Kbit/s
Average packet rate      =     22.870517 pkt/s
Packets dropped          =             0 (0.00 %)
Average loss-burst size  =             0 pkt
Error lines              =             0
----------------------------------------------------------
