ITGDec version 2.8.1 (r1023)
Compile-time options: bursty multiport
----------------------------------------------------------
Flow number: 1
From 192.168.10.9:38088
To    192.168.10.4:8999
----------------------------------------------------------
Total time               =      9.969989 s
Total packets            =           233
Minimum delay            =      0.002246 s
Maximum delay            =      0.003921 s
Average delay            =      0.002557 s
Average jitter           =      0.000167 s
Delay standard deviation =      0.000169 s
Bytes received           =         10144
Average bitrate          =      8.139628 Kbit/s
Average packet rate      =     23.370136 pkt/s
Packets dropped          =             0 (0.00 %)
Average loss-burst size  =      0.000000 pkt
----------------------------------------------------------

__________________________________________________________
****************  TOTAL RESULTS   ******************
__________________________________________________________
Number of flows          =             1
Total time               =      9.969989 s
Total packets            =           233
Minimum delay            =      0.002246 s
Maximum delay            =      0.003921 s
Average delay            =      0.002557 s
Average jitter           =      0.000167 s
Delay standard deviation =      0.000169 s
Bytes received           =         10144
Average bitrate          =      8.139628 Kbit/s
Average packet rate      =     23.370136 pkt/s
Packets dropped          =             0 (0.00 %)
Average loss-burst size  =             0 pkt
Error lines              =             0
----------------------------------------------------------
