ITGDec version 2.8.1 (r1023)
Compile-time options: bursty multiport
----------------------------------------------------------
Flow number: 1
From 192.168.10.9:45418
To    192.168.10.4:8999
----------------------------------------------------------
Total time               =      9.998967 s
Total packets            =         38632
Minimum delay            =      0.000006 s
Maximum delay            =      1.000288 s
Average delay            =      0.003064 s
Average jitter           =      0.000559 s
Delay standard deviation =      0.054242 s
Bytes received           =      39559168
Average bitrate          =  31650.603907 Kbit/s
Average packet rate      =   3863.599110 pkt/s
Packets dropped          =             0 (0.00 %)
Average loss-burst size  =      0.000000 pkt
----------------------------------------------------------

__________________________________________________________
****************  TOTAL RESULTS   ******************
__________________________________________________________
Number of flows          =             1
Total time               =      9.998967 s
Total packets            =         38632
Minimum delay            =      0.000006 s
Maximum delay            =      1.000288 s
Average delay            =      0.003064 s
Average jitter           =      0.000559 s
Delay standard deviation =      0.054242 s
Bytes received           =      39559168
Average bitrate          =  31650.603907 Kbit/s
Average packet rate      =   3863.599110 pkt/s
Packets dropped          =             0 (0.00 %)
Average loss-burst size  =             0 pkt
Error lines              =             0
----------------------------------------------------------
