ITGDec version 2.8.1 (r1023)
Compile-time options: bursty multiport
----------------------------------------------------------
Flow number: 1
From 192.168.10.9:44152
To    192.168.10.4:8999
----------------------------------------------------------
Total time               =      9.978336 s
Total packets            =           239
Minimum delay            =      0.002269 s
Maximum delay            =      0.003445 s
Average delay            =      0.002563 s
Average jitter           =      0.000083 s
Delay standard deviation =      0.000102 s
Bytes received           =         10452
Average bitrate          =      8.379754 Kbit/s
Average packet rate      =     23.951889 pkt/s
Packets dropped          =             0 (0.00 %)
Average loss-burst size  =      0.000000 pkt
----------------------------------------------------------

__________________________________________________________
****************  TOTAL RESULTS   ******************
__________________________________________________________
Number of flows          =             1
Total time               =      9.978336 s
Total packets            =           239
Minimum delay            =      0.002269 s
Maximum delay            =      0.003445 s
Average delay            =      0.002563 s
Average jitter           =      0.000083 s
Delay standard deviation =      0.000102 s
Bytes received           =         10452
Average bitrate          =      8.379754 Kbit/s
Average packet rate      =     23.951889 pkt/s
Packets dropped          =             0 (0.00 %)
Average loss-burst size  =             0 pkt
Error lines              =             0
----------------------------------------------------------
