ITGDec version 2.8.1 (r1023)
Compile-time options: bursty multiport
----------------------------------------------------------
Flow number: 1
From 192.168.10.9:41845
To    192.168.10.4:8999
----------------------------------------------------------
Total time               =      9.999251 s
Total packets            =         32965
Minimum delay            =      0.000004 s
Maximum delay            =      1.000319 s
Average delay            =      0.003526 s
Average jitter           =      0.000657 s
Delay standard deviation =      0.057408 s
Bytes received           =      42195200
Average bitrate          =  33758.688526 Kbit/s
Average packet rate      =   3296.746926 pkt/s
Packets dropped          =             0 (0.00 %)
Average loss-burst size  =      0.000000 pkt
----------------------------------------------------------

__________________________________________________________
****************  TOTAL RESULTS   ******************
__________________________________________________________
Number of flows          =             1
Total time               =      9.999251 s
Total packets            =         32965
Minimum delay            =      0.000004 s
Maximum delay            =      1.000319 s
Average delay            =      0.003526 s
Average jitter           =      0.000657 s
Delay standard deviation =      0.057408 s
Bytes received           =      42195200
Average bitrate          =  33758.688526 Kbit/s
Average packet rate      =   3296.746926 pkt/s
Packets dropped          =             0 (0.00 %)
Average loss-burst size  =             0 pkt
Error lines              =             0
----------------------------------------------------------
