ITGDec version 2.8.1 (r1023)
Compile-time options: bursty multiport
----------------------------------------------------------
Flow number: 1
From 192.168.10.9:54883
To    192.168.10.4:8999
----------------------------------------------------------
Total time               =      9.972532 s
Total packets            =           239
Minimum delay            =      0.002096 s
Maximum delay            =      0.003623 s
Average delay            =      0.002546 s
Average jitter           =      0.000093 s
Delay standard deviation =      0.000125 s
Bytes received           =         10280
Average bitrate          =      8.246652 Kbit/s
Average packet rate      =     23.965829 pkt/s
Packets dropped          =             0 (0.00 %)
Average loss-burst size  =      0.000000 pkt
----------------------------------------------------------

__________________________________________________________
****************  TOTAL RESULTS   ******************
__________________________________________________________
Number of flows          =             1
Total time               =      9.972532 s
Total packets            =           239
Minimum delay            =      0.002096 s
Maximum delay            =      0.003623 s
Average delay            =      0.002546 s
Average jitter           =      0.000093 s
Delay standard deviation =      0.000125 s
Bytes received           =         10280
Average bitrate          =      8.246652 Kbit/s
Average packet rate      =     23.965829 pkt/s
Packets dropped          =             0 (0.00 %)
Average loss-burst size  =             0 pkt
Error lines              =             0
----------------------------------------------------------
