ITGDec version 2.8.1 (r1023)
Compile-time options: bursty multiport
----------------------------------------------------------
Flow number: 1
From 192.168.10.9:53930
To    192.168.10.4:8999
----------------------------------------------------------
Total time               =      9.999008 s
Total packets            =        100557
Minimum delay            =      0.000004 s
Maximum delay            =      1.000143 s
Average delay            =      0.001796 s
Average jitter           =      0.000222 s
Delay standard deviation =      0.041799 s
Bytes received           =      25742592
Average bitrate          =  20596.116735 Kbit/s
Average packet rate      =  10056.697624 pkt/s
Packets dropped          =             0 (0.00 %)
Average loss-burst size  =      0.000000 pkt
----------------------------------------------------------

__________________________________________________________
****************  TOTAL RESULTS   ******************
__________________________________________________________
Number of flows          =             1
Total time               =      9.999008 s
Total packets            =        100557
Minimum delay            =      0.000004 s
Maximum delay            =      1.000143 s
Average delay            =      0.001796 s
Average jitter           =      0.000222 s
Delay standard deviation =      0.041799 s
Bytes received           =      25742592
Average bitrate          =  20596.116735 Kbit/s
Average packet rate      =  10056.697624 pkt/s
Packets dropped          =             0 (0.00 %)
Average loss-burst size  =             0 pkt
Error lines              =             0
----------------------------------------------------------
