ITGDec version 2.8.1 (r1023)
Compile-time options: bursty multiport
----------------------------------------------------------
Flow number: 1
From 192.168.10.9:49677
To    192.168.10.4:8999
----------------------------------------------------------
Total time               =      9.999387 s
Total packets            =         33028
Minimum delay            =      0.000003 s
Maximum delay            =      1.000319 s
Average delay            =      0.003430 s
Average jitter           =      0.000655 s
Delay standard deviation =      0.056561 s
Bytes received           =      42275840
Average bitrate          =  33822.745334 Kbit/s
Average packet rate      =   3303.002474 pkt/s
Packets dropped          =             0 (0.00 %)
Average loss-burst size  =      0.000000 pkt
----------------------------------------------------------

__________________________________________________________
****************  TOTAL RESULTS   ******************
__________________________________________________________
Number of flows          =             1
Total time               =      9.999387 s
Total packets            =         33028
Minimum delay            =      0.000003 s
Maximum delay            =      1.000319 s
Average delay            =      0.003430 s
Average jitter           =      0.000655 s
Delay standard deviation =      0.056561 s
Bytes received           =      42275840
Average bitrate          =  33822.745334 Kbit/s
Average packet rate      =   3303.002474 pkt/s
Packets dropped          =             0 (0.00 %)
Average loss-burst size  =             0 pkt
Error lines              =             0
----------------------------------------------------------
