ITGDec version 2.8.1 (r1023)
Compile-time options: bursty multiport
----------------------------------------------------------
Flow number: 1
From 192.168.10.9:48232
To    192.168.10.4:8999
----------------------------------------------------------
Total time               =      9.999174 s
Total packets            =         38599
Minimum delay            =      0.000006 s
Maximum delay            =      1.000266 s
Average delay            =      0.003093 s
Average jitter           =      0.000561 s
Delay standard deviation =      0.054501 s
Bytes received           =      39525376
Average bitrate          =  31622.912853 Kbit/s
Average packet rate      =   3860.218854 pkt/s
Packets dropped          =             0 (0.00 %)
Average loss-burst size  =      0.000000 pkt
----------------------------------------------------------

__________________________________________________________
****************  TOTAL RESULTS   ******************
__________________________________________________________
Number of flows          =             1
Total time               =      9.999174 s
Total packets            =         38599
Minimum delay            =      0.000006 s
Maximum delay            =      1.000266 s
Average delay            =      0.003093 s
Average jitter           =      0.000561 s
Delay standard deviation =      0.054501 s
Bytes received           =      39525376
Average bitrate          =  31622.912853 Kbit/s
Average packet rate      =   3860.218854 pkt/s
Packets dropped          =             0 (0.00 %)
Average loss-burst size  =             0 pkt
Error lines              =             0
----------------------------------------------------------
