ITGDec version 2.8.1 (r1023)
Compile-time options: bursty multiport
----------------------------------------------------------
Flow number: 1
From 192.168.10.9:59554
To    192.168.10.4:8999
----------------------------------------------------------
Total time               =      9.998905 s
Total packets            =         66999
Minimum delay            =      0.000006 s
Maximum delay            =      1.000168 s
Average delay            =      0.002555 s
Average jitter           =      0.000332 s
Delay standard deviation =      0.049565 s
Bytes received           =      34303488
Average bitrate          =  27445.795715 Kbit/s
Average packet rate      =   6700.633719 pkt/s
Packets dropped          =             0 (0.00 %)
Average loss-burst size  =      0.000000 pkt
----------------------------------------------------------

__________________________________________________________
****************  TOTAL RESULTS   ******************
__________________________________________________________
Number of flows          =             1
Total time               =      9.998905 s
Total packets            =         66999
Minimum delay            =      0.000006 s
Maximum delay            =      1.000168 s
Average delay            =      0.002555 s
Average jitter           =      0.000332 s
Delay standard deviation =      0.049565 s
Bytes received           =      34303488
Average bitrate          =  27445.795715 Kbit/s
Average packet rate      =   6700.633719 pkt/s
Packets dropped          =             0 (0.00 %)
Average loss-burst size  =             0 pkt
Error lines              =             0
----------------------------------------------------------
