ITGDec version 2.8.1 (r1023)
Compile-time options: bursty multiport
----------------------------------------------------------
Flow number: 1
From 192.168.10.9:56725
To    192.168.10.4:8999
----------------------------------------------------------
Total time               =      9.999106 s
Total packets            =         32994
Minimum delay            =      0.000007 s
Maximum delay            =      1.000316 s
Average delay            =      0.004433 s
Average jitter           =      0.000656 s
Delay standard deviation =      0.064769 s
Bytes received           =      42232320
Average bitrate          =  33788.876726 Kbit/s
Average packet rate      =   3299.694993 pkt/s
Packets dropped          =             0 (0.00 %)
Average loss-burst size  =      0.000000 pkt
----------------------------------------------------------

__________________________________________________________
****************  TOTAL RESULTS   ******************
__________________________________________________________
Number of flows          =             1
Total time               =      9.999106 s
Total packets            =         32994
Minimum delay            =      0.000007 s
Maximum delay            =      1.000316 s
Average delay            =      0.004433 s
Average jitter           =      0.000656 s
Delay standard deviation =      0.064769 s
Bytes received           =      42232320
Average bitrate          =  33788.876726 Kbit/s
Average packet rate      =   3299.694993 pkt/s
Packets dropped          =             0 (0.00 %)
Average loss-burst size  =             0 pkt
Error lines              =             0
----------------------------------------------------------
