ITGDec version 2.8.1 (r1023)
Compile-time options: bursty multiport
----------------------------------------------------------
Flow number: 1
From 192.168.10.9:37235
To    192.168.10.4:8999
----------------------------------------------------------
Total time               =      9.998991 s
Total packets            =         32806
Minimum delay            =      0.000006 s
Maximum delay            =      1.000327 s
Average delay            =      0.004366 s
Average jitter           =      0.000663 s
Delay standard deviation =      0.064253 s
Bytes received           =      41991680
Average bitrate          =  33596.733910 Kbit/s
Average packet rate      =   3280.931046 pkt/s
Packets dropped          =             0 (0.00 %)
Average loss-burst size  =      0.000000 pkt
----------------------------------------------------------

__________________________________________________________
****************  TOTAL RESULTS   ******************
__________________________________________________________
Number of flows          =             1
Total time               =      9.998991 s
Total packets            =         32806
Minimum delay            =      0.000006 s
Maximum delay            =      1.000327 s
Average delay            =      0.004366 s
Average jitter           =      0.000663 s
Delay standard deviation =      0.064253 s
Bytes received           =      41991680
Average bitrate          =  33596.733910 Kbit/s
Average packet rate      =   3280.931046 pkt/s
Packets dropped          =             0 (0.00 %)
Average loss-burst size  =             0 pkt
Error lines              =             0
----------------------------------------------------------
