ITGDec version 2.8.1 (r1023)
Compile-time options: bursty multiport
----------------------------------------------------------
Flow number: 1
From 192.168.10.9:33794
To    192.168.10.4:8999
----------------------------------------------------------
Total time               =      9.999036 s
Total packets            =         33032
Minimum delay            =      0.000005 s
Maximum delay            =      1.000314 s
Average delay            =      0.004399 s
Average jitter           =      0.000655 s
Delay standard deviation =      0.064500 s
Bytes received           =      42280960
Average bitrate          =  33828.029022 Kbit/s
Average packet rate      =   3303.518459 pkt/s
Packets dropped          =             0 (0.00 %)
Average loss-burst size  =      0.000000 pkt
----------------------------------------------------------

__________________________________________________________
****************  TOTAL RESULTS   ******************
__________________________________________________________
Number of flows          =             1
Total time               =      9.999036 s
Total packets            =         33032
Minimum delay            =      0.000005 s
Maximum delay            =      1.000314 s
Average delay            =      0.004399 s
Average jitter           =      0.000655 s
Delay standard deviation =      0.064500 s
Bytes received           =      42280960
Average bitrate          =  33828.029022 Kbit/s
Average packet rate      =   3303.518459 pkt/s
Packets dropped          =             0 (0.00 %)
Average loss-burst size  =             0 pkt
Error lines              =             0
----------------------------------------------------------
