ITGDec version 2.8.1 (r1023)
Compile-time options: bursty multiport
----------------------------------------------------------
Flow number: 1
From 192.168.10.9:52132
To    192.168.10.4:8999
----------------------------------------------------------
Total time               =      9.998651 s
Total packets            =        129608
Minimum delay            =      0.000003 s
Maximum delay            =      1.000107 s
Average delay            =      0.002699 s
Average jitter           =      0.000179 s
Delay standard deviation =      0.051524 s
Bytes received           =      16589824
Average bitrate          =  13273.649815 Kbit/s
Average packet rate      =  12962.548648 pkt/s
Packets dropped          =            14 (0.01 %)
Average loss-burst size  =     14.000000 pkt
----------------------------------------------------------

__________________________________________________________
****************  TOTAL RESULTS   ******************
__________________________________________________________
Number of flows          =             1
Total time               =      9.998651 s
Total packets            =        129608
Minimum delay            =      0.000003 s
Maximum delay            =      1.000107 s
Average delay            =      0.002699 s
Average jitter           =      0.000179 s
Delay standard deviation =      0.051524 s
Bytes received           =      16589824
Average bitrate          =  13273.649815 Kbit/s
Average packet rate      =  12962.548648 pkt/s
Packets dropped          =            14 (0.01 %)
Average loss-burst size  =     14.000000 pkt
Error lines              =             0
----------------------------------------------------------
