ITGDec version 2.8.1 (r1023)
Compile-time options: bursty multiport
----------------------------------------------------------
Flow number: 1
From 192.168.10.9:41731
To    192.168.10.4:8999
----------------------------------------------------------
Total time               =      9.999362 s
Total packets            =         33011
Minimum delay            =      0.000006 s
Maximum delay            =      1.000318 s
Average delay            =      0.003463 s
Average jitter           =      0.000655 s
Delay standard deviation =      0.056840 s
Bytes received           =      42254080
Average bitrate          =  33805.420786 Kbit/s
Average packet rate      =   3301.310624 pkt/s
Packets dropped          =             0 (0.00 %)
Average loss-burst size  =      0.000000 pkt
----------------------------------------------------------

__________________________________________________________
****************  TOTAL RESULTS   ******************
__________________________________________________________
Number of flows          =             1
Total time               =      9.999362 s
Total packets            =         33011
Minimum delay            =      0.000006 s
Maximum delay            =      1.000318 s
Average delay            =      0.003463 s
Average jitter           =      0.000655 s
Delay standard deviation =      0.056840 s
Bytes received           =      42254080
Average bitrate          =  33805.420786 Kbit/s
Average packet rate      =   3301.310624 pkt/s
Packets dropped          =             0 (0.00 %)
Average loss-burst size  =             0 pkt
Error lines              =             0
----------------------------------------------------------
