ITGDec version 2.8.1 (r1023)
Compile-time options: bursty multiport
----------------------------------------------------------
Flow number: 1
From 192.168.10.9:51839
To    192.168.10.4:8999
----------------------------------------------------------
Total time               =      8.937944 s
Total packets            =             6
Minimum delay            =      0.002692 s
Maximum delay            =      0.003130 s
Average delay            =      0.002903 s
Average jitter           =      0.000257 s
Delay standard deviation =      0.000158 s
Bytes received           =          1203
Average bitrate          =      1.076758 Kbit/s
Average packet rate      =      0.671295 pkt/s
Packets dropped          =             0 (0.00 %)
Average loss-burst size  =      0.000000 pkt
----------------------------------------------------------

__________________________________________________________
****************  TOTAL RESULTS   ******************
__________________________________________________________
Number of flows          =             1
Total time               =      8.937944 s
Total packets            =             6
Minimum delay            =      0.002692 s
Maximum delay            =      0.003130 s
Average delay            =      0.002903 s
Average jitter           =      0.000257 s
Delay standard deviation =      0.000158 s
Bytes received           =          1203
Average bitrate          =      1.076758 Kbit/s
Average packet rate      =      0.671295 pkt/s
Packets dropped          =             0 (0.00 %)
Average loss-burst size  =             0 pkt
Error lines              =             0
----------------------------------------------------------
