ITGDec version 2.8.1 (r1023)
Compile-time options: bursty multiport
----------------------------------------------------------
Flow number: 1
From 192.168.10.9:49464
To    192.168.10.4:8999
----------------------------------------------------------
Total time               =      9.973357 s
Total packets            =           241
Minimum delay            =      0.002296 s
Maximum delay            =      0.002816 s
Average delay            =      0.002544 s
Average jitter           =      0.000104 s
Delay standard deviation =      0.000085 s
Bytes received           =         10504
Average bitrate          =      8.425648 Kbit/s
Average packet rate      =     24.164381 pkt/s
Packets dropped          =             0 (0.00 %)
Average loss-burst size  =      0.000000 pkt
----------------------------------------------------------

__________________________________________________________
****************  TOTAL RESULTS   ******************
__________________________________________________________
Number of flows          =             1
Total time               =      9.973357 s
Total packets            =           241
Minimum delay            =      0.002296 s
Maximum delay            =      0.002816 s
Average delay            =      0.002544 s
Average jitter           =      0.000104 s
Delay standard deviation =      0.000085 s
Bytes received           =         10504
Average bitrate          =      8.425648 Kbit/s
Average packet rate      =     24.164381 pkt/s
Packets dropped          =             0 (0.00 %)
Average loss-burst size  =             0 pkt
Error lines              =             0
----------------------------------------------------------
