ITGDec version 2.8.1 (r1023)
Compile-time options: bursty multiport
----------------------------------------------------------
Flow number: 1
From 192.168.10.9:36344
To    192.168.10.4:8999
----------------------------------------------------------
Total time               =      9.999368 s
Total packets            =         38581
Minimum delay            =      0.000006 s
Maximum delay            =      1.000275 s
Average delay            =      0.003796 s
Average jitter           =      0.000563 s
Delay standard deviation =      0.060555 s
Bytes received           =      39506944
Average bitrate          =  31607.552797 Kbit/s
Average packet rate      =   3858.343847 pkt/s
Packets dropped          =             0 (0.00 %)
Average loss-burst size  =      0.000000 pkt
----------------------------------------------------------

__________________________________________________________
****************  TOTAL RESULTS   ******************
__________________________________________________________
Number of flows          =             1
Total time               =      9.999368 s
Total packets            =         38581
Minimum delay            =      0.000006 s
Maximum delay            =      1.000275 s
Average delay            =      0.003796 s
Average jitter           =      0.000563 s
Delay standard deviation =      0.060555 s
Bytes received           =      39506944
Average bitrate          =  31607.552797 Kbit/s
Average packet rate      =   3858.343847 pkt/s
Packets dropped          =             0 (0.00 %)
Average loss-burst size  =             0 pkt
Error lines              =             0
----------------------------------------------------------
