ITGDec version 2.8.1 (r1023)
Compile-time options: bursty multiport
----------------------------------------------------------
Flow number: 1
From 192.168.10.9:40340
To    192.168.10.4:8999
----------------------------------------------------------
Total time               =      9.992085 s
Total packets            =           988
Minimum delay            =      0.002430 s
Maximum delay            =      0.004751 s
Average delay            =      0.002706 s
Average jitter           =      0.000096 s
Delay standard deviation =      0.000121 s
Bytes received           =         63232
Average bitrate          =     50.625670 Kbit/s
Average packet rate      =     98.878262 pkt/s
Packets dropped          =             0 (0.00 %)
Average loss-burst size  =      0.000000 pkt
----------------------------------------------------------

__________________________________________________________
****************  TOTAL RESULTS   ******************
__________________________________________________________
Number of flows          =             1
Total time               =      9.992085 s
Total packets            =           988
Minimum delay            =      0.002430 s
Maximum delay            =      0.004751 s
Average delay            =      0.002706 s
Average jitter           =      0.000096 s
Delay standard deviation =      0.000121 s
Bytes received           =         63232
Average bitrate          =     50.625670 Kbit/s
Average packet rate      =     98.878262 pkt/s
Packets dropped          =             0 (0.00 %)
Average loss-burst size  =             0 pkt
Error lines              =             0
----------------------------------------------------------
