ITGDec version 2.8.1 (r1023)
Compile-time options: bursty multiport
----------------------------------------------------------
Flow number: 1
From 192.168.10.9:43560
To    192.168.10.4:8999
----------------------------------------------------------
Total time               =      8.938055 s
Total packets            =             6
Minimum delay            =      0.002499 s
Maximum delay            =      0.002943 s
Average delay            =      0.002719 s
Average jitter           =      0.000136 s
Delay standard deviation =      0.000168 s
Bytes received           =          1112
Average bitrate          =      0.995295 Kbit/s
Average packet rate      =      0.671287 pkt/s
Packets dropped          =             0 (0.00 %)
Average loss-burst size  =      0.000000 pkt
----------------------------------------------------------

__________________________________________________________
****************  TOTAL RESULTS   ******************
__________________________________________________________
Number of flows          =             1
Total time               =      8.938055 s
Total packets            =             6
Minimum delay            =      0.002499 s
Maximum delay            =      0.002943 s
Average delay            =      0.002719 s
Average jitter           =      0.000136 s
Delay standard deviation =      0.000168 s
Bytes received           =          1112
Average bitrate          =      0.995295 Kbit/s
Average packet rate      =      0.671287 pkt/s
Packets dropped          =             0 (0.00 %)
Average loss-burst size  =             0 pkt
Error lines              =             0
----------------------------------------------------------
