ITGDec version 2.8.1 (r1023)
Compile-time options: bursty multiport
----------------------------------------------------------
Flow number: 1
From 192.168.10.9:36032
To    192.168.10.4:8999
----------------------------------------------------------
Total time               =      9.994218 s
Total packets            =           989
Minimum delay            =      0.002400 s
Maximum delay            =      0.003765 s
Average delay            =      0.002689 s
Average jitter           =      0.000098 s
Delay standard deviation =      0.000109 s
Bytes received           =         63296
Average bitrate          =     50.666095 Kbit/s
Average packet rate      =     98.957217 pkt/s
Packets dropped          =             0 (0.00 %)
Average loss-burst size  =      0.000000 pkt
----------------------------------------------------------

__________________________________________________________
****************  TOTAL RESULTS   ******************
__________________________________________________________
Number of flows          =             1
Total time               =      9.994218 s
Total packets            =           989
Minimum delay            =      0.002400 s
Maximum delay            =      0.003765 s
Average delay            =      0.002689 s
Average jitter           =      0.000098 s
Delay standard deviation =      0.000109 s
Bytes received           =         63296
Average bitrate          =     50.666095 Kbit/s
Average packet rate      =     98.957217 pkt/s
Packets dropped          =             0 (0.00 %)
Average loss-burst size  =             0 pkt
Error lines              =             0
----------------------------------------------------------
