ITGDec version 2.8.1 (r1023)
Compile-time options: bursty multiport
----------------------------------------------------------
Flow number: 1
From 192.168.10.9:51257
To    192.168.10.4:8999
----------------------------------------------------------
Total time               =      9.998961 s
Total packets            =        129822
Minimum delay            =      0.000003 s
Maximum delay            =      1.000099 s
Average delay            =      0.002895 s
Average jitter           =      0.000179 s
Delay standard deviation =      0.053381 s
Bytes received           =      16617216
Average bitrate          =  13295.154167 Kbit/s
Average packet rate      =  12983.548991 pkt/s
Packets dropped          =            14 (0.01 %)
Average loss-burst size  =     14.000000 pkt
----------------------------------------------------------

__________________________________________________________
****************  TOTAL RESULTS   ******************
__________________________________________________________
Number of flows          =             1
Total time               =      9.998961 s
Total packets            =        129822
Minimum delay            =      0.000003 s
Maximum delay            =      1.000099 s
Average delay            =      0.002895 s
Average jitter           =      0.000179 s
Delay standard deviation =      0.053381 s
Bytes received           =      16617216
Average bitrate          =  13295.154167 Kbit/s
Average packet rate      =  12983.548991 pkt/s
Packets dropped          =            14 (0.01 %)
Average loss-burst size  =     14.000000 pkt
Error lines              =             0
----------------------------------------------------------
