ITGDec version 2.8.1 (r1023)
Compile-time options: bursty multiport
----------------------------------------------------------
Flow number: 1
From 192.168.10.9:37145
To    192.168.10.4:8999
----------------------------------------------------------
Total time               =      9.999181 s
Total packets            =         66715
Minimum delay            =      0.000006 s
Maximum delay            =      1.000154 s
Average delay            =      0.002238 s
Average jitter           =      0.000333 s
Delay standard deviation =      0.046248 s
Bytes received           =      34158080
Average bitrate          =  27328.702221 Kbit/s
Average packet rate      =   6672.046441 pkt/s
Packets dropped          =             0 (0.00 %)
Average loss-burst size  =      0.000000 pkt
----------------------------------------------------------

__________________________________________________________
****************  TOTAL RESULTS   ******************
__________________________________________________________
Number of flows          =             1
Total time               =      9.999181 s
Total packets            =         66715
Minimum delay            =      0.000006 s
Maximum delay            =      1.000154 s
Average delay            =      0.002238 s
Average jitter           =      0.000333 s
Delay standard deviation =      0.046248 s
Bytes received           =      34158080
Average bitrate          =  27328.702221 Kbit/s
Average packet rate      =   6672.046441 pkt/s
Packets dropped          =             0 (0.00 %)
Average loss-burst size  =             0 pkt
Error lines              =             0
----------------------------------------------------------
