ITGDec version 2.8.1 (r1023)
Compile-time options: bursty multiport
----------------------------------------------------------
Flow number: 1
From 192.168.10.9:46251
To    192.168.10.4:8999
----------------------------------------------------------
Total time               =      9.993385 s
Total packets            =           988
Minimum delay            =      0.002363 s
Maximum delay            =      0.003805 s
Average delay            =      0.002699 s
Average jitter           =      0.000098 s
Delay standard deviation =      0.000107 s
Bytes received           =         63232
Average bitrate          =     50.619085 Kbit/s
Average packet rate      =     98.865399 pkt/s
Packets dropped          =             0 (0.00 %)
Average loss-burst size  =      0.000000 pkt
----------------------------------------------------------

__________________________________________________________
****************  TOTAL RESULTS   ******************
__________________________________________________________
Number of flows          =             1
Total time               =      9.993385 s
Total packets            =           988
Minimum delay            =      0.002363 s
Maximum delay            =      0.003805 s
Average delay            =      0.002699 s
Average jitter           =      0.000098 s
Delay standard deviation =      0.000107 s
Bytes received           =         63232
Average bitrate          =     50.619085 Kbit/s
Average packet rate      =     98.865399 pkt/s
Packets dropped          =             0 (0.00 %)
Average loss-burst size  =             0 pkt
Error lines              =             0
----------------------------------------------------------
