ITGDec version 2.8.1 (r1023)
Compile-time options: bursty multiport
----------------------------------------------------------
Flow number: 1
From 192.168.10.9:33504
To    192.168.10.4:8999
----------------------------------------------------------
Total time               =      9.998926 s
Total packets            =         67014
Minimum delay            =      0.000006 s
Maximum delay            =      1.000167 s
Average delay            =      0.003196 s
Average jitter           =      0.000332 s
Delay standard deviation =      0.055625 s
Bytes received           =      34311168
Average bitrate          =  27451.882732 Kbit/s
Average packet rate      =   6702.119808 pkt/s
Packets dropped          =             0 (0.00 %)
Average loss-burst size  =      0.000000 pkt
----------------------------------------------------------

__________________________________________________________
****************  TOTAL RESULTS   ******************
__________________________________________________________
Number of flows          =             1
Total time               =      9.998926 s
Total packets            =         67014
Minimum delay            =      0.000006 s
Maximum delay            =      1.000167 s
Average delay            =      0.003196 s
Average jitter           =      0.000332 s
Delay standard deviation =      0.055625 s
Bytes received           =      34311168
Average bitrate          =  27451.882732 Kbit/s
Average packet rate      =   6702.119808 pkt/s
Packets dropped          =             0 (0.00 %)
Average loss-burst size  =             0 pkt
Error lines              =             0
----------------------------------------------------------
