ITGDec version 2.8.1 (r1023)
Compile-time options: bursty multiport
----------------------------------------------------------
Flow number: 1
From 192.168.10.9:51198
To    192.168.10.4:8999
----------------------------------------------------------
Total time               =      9.999274 s
Total packets            =         38637
Minimum delay            =      0.000006 s
Maximum delay            =      1.000268 s
Average delay            =      0.003068 s
Average jitter           =      0.000560 s
Delay standard deviation =      0.054237 s
Bytes received           =      39564288
Average bitrate          =  31653.728461 Kbit/s
Average packet rate      =   3863.980525 pkt/s
Packets dropped          =             0 (0.00 %)
Average loss-burst size  =      0.000000 pkt
----------------------------------------------------------

__________________________________________________________
****************  TOTAL RESULTS   ******************
__________________________________________________________
Number of flows          =             1
Total time               =      9.999274 s
Total packets            =         38637
Minimum delay            =      0.000006 s
Maximum delay            =      1.000268 s
Average delay            =      0.003068 s
Average jitter           =      0.000560 s
Delay standard deviation =      0.054237 s
Bytes received           =      39564288
Average bitrate          =  31653.728461 Kbit/s
Average packet rate      =   3863.980525 pkt/s
Packets dropped          =             0 (0.00 %)
Average loss-burst size  =             0 pkt
Error lines              =             0
----------------------------------------------------------
