ITGDec version 2.8.1 (r1023)
Compile-time options: bursty multiport
----------------------------------------------------------
Flow number: 1
From 192.168.10.9:56425
To    192.168.10.4:8999
----------------------------------------------------------
Total time               =      9.999075 s
Total packets            =        100731
Minimum delay            =      0.000004 s
Maximum delay            =      1.000099 s
Average delay            =      0.001843 s
Average jitter           =      0.000222 s
Delay standard deviation =      0.042351 s
Bytes received           =      25787136
Average bitrate          =  20631.617225 Kbit/s
Average packet rate      =  10074.031848 pkt/s
Packets dropped          =             0 (0.00 %)
Average loss-burst size  =      0.000000 pkt
----------------------------------------------------------

__________________________________________________________
****************  TOTAL RESULTS   ******************
__________________________________________________________
Number of flows          =             1
Total time               =      9.999075 s
Total packets            =        100731
Minimum delay            =      0.000004 s
Maximum delay            =      1.000099 s
Average delay            =      0.001843 s
Average jitter           =      0.000222 s
Delay standard deviation =      0.042351 s
Bytes received           =      25787136
Average bitrate          =  20631.617225 Kbit/s
Average packet rate      =  10074.031848 pkt/s
Packets dropped          =             0 (0.00 %)
Average loss-burst size  =             0 pkt
Error lines              =             0
----------------------------------------------------------
