ITGDec version 2.8.1 (r1023)
Compile-time options: bursty multiport
----------------------------------------------------------
Flow number: 1
From 192.168.10.9:57041
To    192.168.10.4:8999
----------------------------------------------------------
Total time               =      9.999057 s
Total packets            =        100467
Minimum delay            =      0.000004 s
Maximum delay            =      1.000116 s
Average delay            =      0.001907 s
Average jitter           =      0.000222 s
Delay standard deviation =      0.043103 s
Bytes received           =      25719552
Average bitrate          =  20577.582066 Kbit/s
Average packet rate      =  10047.647493 pkt/s
Packets dropped          =             0 (0.00 %)
Average loss-burst size  =      0.000000 pkt
----------------------------------------------------------

__________________________________________________________
****************  TOTAL RESULTS   ******************
__________________________________________________________
Number of flows          =             1
Total time               =      9.999057 s
Total packets            =        100467
Minimum delay            =      0.000004 s
Maximum delay            =      1.000116 s
Average delay            =      0.001907 s
Average jitter           =      0.000222 s
Delay standard deviation =      0.043103 s
Bytes received           =      25719552
Average bitrate          =  20577.582066 Kbit/s
Average packet rate      =  10047.647493 pkt/s
Packets dropped          =             0 (0.00 %)
Average loss-burst size  =             0 pkt
Error lines              =             0
----------------------------------------------------------
