ITGDec version 2.8.1 (r1023)
Compile-time options: bursty multiport
----------------------------------------------------------
Flow number: 1
From 192.168.10.9:57986
To    192.168.10.4:8999
----------------------------------------------------------
Total time               =      9.999491 s
Total packets            =        168145
Minimum delay            =      0.000002 s
Maximum delay            =      1.000075 s
Average delay            =      0.001713 s
Average jitter           =      0.000135 s
Delay standard deviation =      0.041063 s
Bytes received           =      10761280
Average bitrate          =   8609.462222 Kbit/s
Average packet rate      =  16815.355902 pkt/s
Packets dropped          =             0 (0.00 %)
Average loss-burst size  =      0.000000 pkt
----------------------------------------------------------

__________________________________________________________
****************  TOTAL RESULTS   ******************
__________________________________________________________
Number of flows          =             1
Total time               =      9.999491 s
Total packets            =        168145
Minimum delay            =      0.000002 s
Maximum delay            =      1.000075 s
Average delay            =      0.001713 s
Average jitter           =      0.000135 s
Delay standard deviation =      0.041063 s
Bytes received           =      10761280
Average bitrate          =   8609.462222 Kbit/s
Average packet rate      =  16815.355902 pkt/s
Packets dropped          =             0 (0.00 %)
Average loss-burst size  =             0 pkt
Error lines              =             0
----------------------------------------------------------
