ITGDec version 2.8.1 (r1023)
Compile-time options: bursty multiport
----------------------------------------------------------
Flow number: 1
From 192.168.10.9:60357
To    192.168.10.4:8999
----------------------------------------------------------
Total time               =      9.999380 s
Total packets            =         32994
Minimum delay            =      0.000004 s
Maximum delay            =      1.000315 s
Average delay            =      0.003373 s
Average jitter           =      0.000656 s
Delay standard deviation =      0.056055 s
Bytes received           =      42232320
Average bitrate          =  33787.950853 Kbit/s
Average packet rate      =   3299.604575 pkt/s
Packets dropped          =             0 (0.00 %)
Average loss-burst size  =      0.000000 pkt
----------------------------------------------------------

__________________________________________________________
****************  TOTAL RESULTS   ******************
__________________________________________________________
Number of flows          =             1
Total time               =      9.999380 s
Total packets            =         32994
Minimum delay            =      0.000004 s
Maximum delay            =      1.000315 s
Average delay            =      0.003373 s
Average jitter           =      0.000656 s
Delay standard deviation =      0.056055 s
Bytes received           =      42232320
Average bitrate          =  33787.950853 Kbit/s
Average packet rate      =   3299.604575 pkt/s
Packets dropped          =             0 (0.00 %)
Average loss-burst size  =             0 pkt
Error lines              =             0
----------------------------------------------------------
