ITGDec version 2.8.1 (r1023)
Compile-time options: bursty multiport
----------------------------------------------------------
Flow number: 1
From 192.168.10.9:58396
To    192.168.10.4:8999
----------------------------------------------------------
Total time               =      9.999076 s
Total packets            =         33029
Minimum delay            =      0.000006 s
Maximum delay            =      1.000313 s
Average delay            =      0.003642 s
Average jitter           =      0.000655 s
Delay standard deviation =      0.058391 s
Bytes received           =      42277120
Average bitrate          =  33824.821413 Kbit/s
Average packet rate      =   3303.205216 pkt/s
Packets dropped          =             0 (0.00 %)
Average loss-burst size  =      0.000000 pkt
----------------------------------------------------------

__________________________________________________________
****************  TOTAL RESULTS   ******************
__________________________________________________________
Number of flows          =             1
Total time               =      9.999076 s
Total packets            =         33029
Minimum delay            =      0.000006 s
Maximum delay            =      1.000313 s
Average delay            =      0.003642 s
Average jitter           =      0.000655 s
Delay standard deviation =      0.058391 s
Bytes received           =      42277120
Average bitrate          =  33824.821413 Kbit/s
Average packet rate      =   3303.205216 pkt/s
Packets dropped          =             0 (0.00 %)
Average loss-burst size  =             0 pkt
Error lines              =             0
----------------------------------------------------------
