ITGDec version 2.8.1 (r1023)
Compile-time options: bursty multiport
----------------------------------------------------------
Flow number: 1
From 192.168.10.9:37357
To    192.168.10.4:8999
----------------------------------------------------------
Total time               =      9.999343 s
Total packets            =         33063
Minimum delay            =      0.000004 s
Maximum delay            =      1.000309 s
Average delay            =      0.003429 s
Average jitter           =      0.000654 s
Delay standard deviation =      0.056532 s
Bytes received           =      42320640
Average bitrate          =  33858.736519 Kbit/s
Average packet rate      =   3306.517238 pkt/s
Packets dropped          =             0 (0.00 %)
Average loss-burst size  =      0.000000 pkt
----------------------------------------------------------

__________________________________________________________
****************  TOTAL RESULTS   ******************
__________________________________________________________
Number of flows          =             1
Total time               =      9.999343 s
Total packets            =         33063
Minimum delay            =      0.000004 s
Maximum delay            =      1.000309 s
Average delay            =      0.003429 s
Average jitter           =      0.000654 s
Delay standard deviation =      0.056532 s
Bytes received           =      42320640
Average bitrate          =  33858.736519 Kbit/s
Average packet rate      =   3306.517238 pkt/s
Packets dropped          =             0 (0.00 %)
Average loss-burst size  =             0 pkt
Error lines              =             0
----------------------------------------------------------
