ITGDec version 2.8.1 (r1023)
Compile-time options: bursty multiport
----------------------------------------------------------
Flow number: 1
From 192.168.10.9:36774
To    192.168.10.4:8999
----------------------------------------------------------
Total time               =      9.973075 s
Total packets            =           242
Minimum delay            =      0.002349 s
Maximum delay            =      0.011361 s
Average delay            =      0.002581 s
Average jitter           =      0.000164 s
Delay standard deviation =      0.000577 s
Bytes received           =         10567
Average bitrate          =      8.476423 Kbit/s
Average packet rate      =     24.265334 pkt/s
Packets dropped          =             0 (0.00 %)
Average loss-burst size  =      0.000000 pkt
----------------------------------------------------------

__________________________________________________________
****************  TOTAL RESULTS   ******************
__________________________________________________________
Number of flows          =             1
Total time               =      9.973075 s
Total packets            =           242
Minimum delay            =      0.002349 s
Maximum delay            =      0.011361 s
Average delay            =      0.002581 s
Average jitter           =      0.000164 s
Delay standard deviation =      0.000577 s
Bytes received           =         10567
Average bitrate          =      8.476423 Kbit/s
Average packet rate      =     24.265334 pkt/s
Packets dropped          =             0 (0.00 %)
Average loss-burst size  =             0 pkt
Error lines              =             0
----------------------------------------------------------
