ITGDec version 2.8.1 (r1023)
Compile-time options: bursty multiport
----------------------------------------------------------
Flow number: 1
From 192.168.10.9:43697
To    192.168.10.4:8999
----------------------------------------------------------
Total time               =      9.999183 s
Total packets            =         38556
Minimum delay            =      0.000006 s
Maximum delay            =      1.000280 s
Average delay            =      0.002937 s
Average jitter           =      0.000561 s
Delay standard deviation =      0.053094 s
Bytes received           =      39481344
Average bitrate          =  31587.655911 Kbit/s
Average packet rate      =   3855.915028 pkt/s
Packets dropped          =             0 (0.00 %)
Average loss-burst size  =      0.000000 pkt
----------------------------------------------------------

__________________________________________________________
****************  TOTAL RESULTS   ******************
__________________________________________________________
Number of flows          =             1
Total time               =      9.999183 s
Total packets            =         38556
Minimum delay            =      0.000006 s
Maximum delay            =      1.000280 s
Average delay            =      0.002937 s
Average jitter           =      0.000561 s
Delay standard deviation =      0.053094 s
Bytes received           =      39481344
Average bitrate          =  31587.655911 Kbit/s
Average packet rate      =   3855.915028 pkt/s
Packets dropped          =             0 (0.00 %)
Average loss-burst size  =             0 pkt
Error lines              =             0
----------------------------------------------------------
