ITGDec version 2.8.1 (r1023)
Compile-time options: bursty multiport
----------------------------------------------------------
Flow number: 1
From 192.168.10.9:46748
To    192.168.10.4:8999
----------------------------------------------------------
Total time               =      9.998878 s
Total packets            =         67180
Minimum delay            =      0.000006 s
Maximum delay            =      1.000165 s
Average delay            =      0.002222 s
Average jitter           =      0.000331 s
Delay standard deviation =      0.046088 s
Bytes received           =      34396160
Average bitrate          =  27520.015746 Kbit/s
Average packet rate      =   6718.753844 pkt/s
Packets dropped          =             0 (0.00 %)
Average loss-burst size  =      0.000000 pkt
----------------------------------------------------------

__________________________________________________________
****************  TOTAL RESULTS   ******************
__________________________________________________________
Number of flows          =             1
Total time               =      9.998878 s
Total packets            =         67180
Minimum delay            =      0.000006 s
Maximum delay            =      1.000165 s
Average delay            =      0.002222 s
Average jitter           =      0.000331 s
Delay standard deviation =      0.046088 s
Bytes received           =      34396160
Average bitrate          =  27520.015746 Kbit/s
Average packet rate      =   6718.753844 pkt/s
Packets dropped          =             0 (0.00 %)
Average loss-burst size  =             0 pkt
Error lines              =             0
----------------------------------------------------------
