ITGDec version 2.8.1 (r1023)
Compile-time options: bursty multiport
----------------------------------------------------------
Flow number: 1
From 192.168.10.9:38718
To    192.168.10.4:8999
----------------------------------------------------------
Total time               =      8.938113 s
Total packets            =             6
Minimum delay            =      0.002656 s
Maximum delay            =      0.003173 s
Average delay            =      0.002866 s
Average jitter           =      0.000307 s
Delay standard deviation =      0.000196 s
Bytes received           =          1275
Average bitrate          =      1.141180 Kbit/s
Average packet rate      =      0.671283 pkt/s
Packets dropped          =             0 (0.00 %)
Average loss-burst size  =      0.000000 pkt
----------------------------------------------------------

__________________________________________________________
****************  TOTAL RESULTS   ******************
__________________________________________________________
Number of flows          =             1
Total time               =      8.938113 s
Total packets            =             6
Minimum delay            =      0.002656 s
Maximum delay            =      0.003173 s
Average delay            =      0.002866 s
Average jitter           =      0.000307 s
Delay standard deviation =      0.000196 s
Bytes received           =          1275
Average bitrate          =      1.141180 Kbit/s
Average packet rate      =      0.671283 pkt/s
Packets dropped          =             0 (0.00 %)
Average loss-burst size  =             0 pkt
Error lines              =             0
----------------------------------------------------------
