ITGDec version 2.8.1 (r1023)
Compile-time options: bursty multiport
----------------------------------------------------------
Flow number: 1
From 192.168.10.9:42206
To    192.168.10.4:8999
----------------------------------------------------------
Total time               =      9.998833 s
Total packets            =        128990
Minimum delay            =      0.000002 s
Maximum delay            =      1.000089 s
Average delay            =      0.002438 s
Average jitter           =      0.000178 s
Delay standard deviation =      0.048964 s
Bytes received           =      16510720
Average bitrate          =  13210.117621 Kbit/s
Average packet rate      =  12900.505489 pkt/s
Packets dropped          =             0 (0.00 %)
Average loss-burst size  =      0.000000 pkt
----------------------------------------------------------

__________________________________________________________
****************  TOTAL RESULTS   ******************
__________________________________________________________
Number of flows          =             1
Total time               =      9.998833 s
Total packets            =        128990
Minimum delay            =      0.000002 s
Maximum delay            =      1.000089 s
Average delay            =      0.002438 s
Average jitter           =      0.000178 s
Delay standard deviation =      0.048964 s
Bytes received           =      16510720
Average bitrate          =  13210.117621 Kbit/s
Average packet rate      =  12900.505489 pkt/s
Packets dropped          =             0 (0.00 %)
Average loss-burst size  =             0 pkt
Error lines              =             0
----------------------------------------------------------
