ITGDec version 2.8.1 (r1023)
Compile-time options: bursty multiport
----------------------------------------------------------
Flow number: 1
From 192.168.10.9:50146
To    192.168.10.4:8999
----------------------------------------------------------
Total time               =      9.990304 s
Total packets            =           988
Minimum delay            =      0.002461 s
Maximum delay            =      0.003553 s
Average delay            =      0.002689 s
Average jitter           =      0.000079 s
Delay standard deviation =      0.000086 s
Bytes received           =         63232
Average bitrate          =     50.634695 Kbit/s
Average packet rate      =     98.895889 pkt/s
Packets dropped          =             0 (0.00 %)
Average loss-burst size  =      0.000000 pkt
----------------------------------------------------------

__________________________________________________________
****************  TOTAL RESULTS   ******************
__________________________________________________________
Number of flows          =             1
Total time               =      9.990304 s
Total packets            =           988
Minimum delay            =      0.002461 s
Maximum delay            =      0.003553 s
Average delay            =      0.002689 s
Average jitter           =      0.000079 s
Delay standard deviation =      0.000086 s
Bytes received           =         63232
Average bitrate          =     50.634695 Kbit/s
Average packet rate      =     98.895889 pkt/s
Packets dropped          =             0 (0.00 %)
Average loss-burst size  =             0 pkt
Error lines              =             0
----------------------------------------------------------
