ITGDec version 2.8.1 (r1023)
Compile-time options: bursty multiport
----------------------------------------------------------
Flow number: 1
From 192.168.10.9:56939
To    192.168.10.4:8999
----------------------------------------------------------
Total time               =      9.976119 s
Total packets            =           235
Minimum delay            =      0.002309 s
Maximum delay            =      0.003232 s
Average delay            =      0.002552 s
Average jitter           =      0.000119 s
Delay standard deviation =      0.000109 s
Bytes received           =         10212
Average bitrate          =      8.189157 Kbit/s
Average packet rate      =     23.556255 pkt/s
Packets dropped          =             0 (0.00 %)
Average loss-burst size  =      0.000000 pkt
----------------------------------------------------------

__________________________________________________________
****************  TOTAL RESULTS   ******************
__________________________________________________________
Number of flows          =             1
Total time               =      9.976119 s
Total packets            =           235
Minimum delay            =      0.002309 s
Maximum delay            =      0.003232 s
Average delay            =      0.002552 s
Average jitter           =      0.000119 s
Delay standard deviation =      0.000109 s
Bytes received           =         10212
Average bitrate          =      8.189157 Kbit/s
Average packet rate      =     23.556255 pkt/s
Packets dropped          =             0 (0.00 %)
Average loss-burst size  =             0 pkt
Error lines              =             0
----------------------------------------------------------
