ITGDec version 2.8.1 (r1023)
Compile-time options: bursty multiport
----------------------------------------------------------
Flow number: 1
From 192.168.10.9:45642
To    192.168.10.4:8999
----------------------------------------------------------
Total time               =      9.998632 s
Total packets            =        129595
Minimum delay            =      0.000003 s
Maximum delay            =      1.000102 s
Average delay            =      0.001704 s
Average jitter           =      0.000179 s
Delay standard deviation =      0.040792 s
Bytes received           =      16588160
Average bitrate          =  13272.343657 Kbit/s
Average packet rate      =  12961.273102 pkt/s
Packets dropped          =           138 (0.11 %)
Average loss-burst size  =    138.000000 pkt
----------------------------------------------------------

__________________________________________________________
****************  TOTAL RESULTS   ******************
__________________________________________________________
Number of flows          =             1
Total time               =      9.998632 s
Total packets            =        129595
Minimum delay            =      0.000003 s
Maximum delay            =      1.000102 s
Average delay            =      0.001704 s
Average jitter           =      0.000179 s
Delay standard deviation =      0.040792 s
Bytes received           =      16588160
Average bitrate          =  13272.343657 Kbit/s
Average packet rate      =  12961.273102 pkt/s
Packets dropped          =           138 (0.11 %)
Average loss-burst size  =    138.000000 pkt
Error lines              =             0
----------------------------------------------------------
