ITGDec version 2.8.1 (r1023)
Compile-time options: bursty multiport
----------------------------------------------------------
Flow number: 1
From 192.168.10.9:60204
To    192.168.10.4:8999
----------------------------------------------------------
Total time               =      9.998960 s
Total packets            =        129704
Minimum delay            =      0.000003 s
Maximum delay            =      1.000098 s
Average delay            =      0.001603 s
Average jitter           =      0.000180 s
Delay standard deviation =      0.039530 s
Bytes received           =      16602112
Average bitrate          =  13283.071039 Kbit/s
Average packet rate      =  12971.749062 pkt/s
Packets dropped          =            11 (0.01 %)
Average loss-burst size  =     11.000000 pkt
----------------------------------------------------------

__________________________________________________________
****************  TOTAL RESULTS   ******************
__________________________________________________________
Number of flows          =             1
Total time               =      9.998960 s
Total packets            =        129704
Minimum delay            =      0.000003 s
Maximum delay            =      1.000098 s
Average delay            =      0.001603 s
Average jitter           =      0.000180 s
Delay standard deviation =      0.039530 s
Bytes received           =      16602112
Average bitrate          =  13283.071039 Kbit/s
Average packet rate      =  12971.749062 pkt/s
Packets dropped          =            11 (0.01 %)
Average loss-burst size  =     11.000000 pkt
Error lines              =             0
----------------------------------------------------------
