ITGDec version 2.8.1 (r1023)
Compile-time options: bursty multiport
----------------------------------------------------------
Flow number: 1
From 192.168.10.9:44091
To    192.168.10.4:8999
----------------------------------------------------------
Total time               =      9.998235 s
Total packets            =        165632
Minimum delay            =      0.000002 s
Maximum delay            =      1.000204 s
Average delay            =      0.001601 s
Average jitter           =      0.000138 s
Delay standard deviation =      0.039667 s
Bytes received           =      10600448
Average bitrate          =   8481.855447 Kbit/s
Average packet rate      =  16566.123921 pkt/s
Packets dropped          =             0 (0.00 %)
Average loss-burst size  =      0.000000 pkt
----------------------------------------------------------

__________________________________________________________
****************  TOTAL RESULTS   ******************
__________________________________________________________
Number of flows          =             1
Total time               =      9.998235 s
Total packets            =        165632
Minimum delay            =      0.000002 s
Maximum delay            =      1.000204 s
Average delay            =      0.001601 s
Average jitter           =      0.000138 s
Delay standard deviation =      0.039667 s
Bytes received           =      10600448
Average bitrate          =   8481.855447 Kbit/s
Average packet rate      =  16566.123921 pkt/s
Packets dropped          =             0 (0.00 %)
Average loss-burst size  =             0 pkt
Error lines              =             0
----------------------------------------------------------
