ITGDec version 2.8.1 (r1023)
Compile-time options: bursty multiport
----------------------------------------------------------
Flow number: 1
From 192.168.10.9:58251
To    192.168.10.4:8999
----------------------------------------------------------
Total time               =      9.999426 s
Total packets            =         67041
Minimum delay            =      0.000006 s
Maximum delay            =      1.000159 s
Average delay            =      0.002210 s
Average jitter           =      0.000332 s
Delay standard deviation =      0.045974 s
Bytes received           =      34324992
Average bitrate          =  27461.569894 Kbit/s
Average packet rate      =   6704.484837 pkt/s
Packets dropped          =             0 (0.00 %)
Average loss-burst size  =      0.000000 pkt
----------------------------------------------------------

__________________________________________________________
****************  TOTAL RESULTS   ******************
__________________________________________________________
Number of flows          =             1
Total time               =      9.999426 s
Total packets            =         67041
Minimum delay            =      0.000006 s
Maximum delay            =      1.000159 s
Average delay            =      0.002210 s
Average jitter           =      0.000332 s
Delay standard deviation =      0.045974 s
Bytes received           =      34324992
Average bitrate          =  27461.569894 Kbit/s
Average packet rate      =   6704.484837 pkt/s
Packets dropped          =             0 (0.00 %)
Average loss-burst size  =             0 pkt
Error lines              =             0
----------------------------------------------------------
