ITGDec version 2.8.1 (r1023)
Compile-time options: bursty multiport
----------------------------------------------------------
Flow number: 1
From 192.168.10.9:38726
To    192.168.10.4:8999
----------------------------------------------------------
Total time               =      9.999493 s
Total packets            =        168113
Minimum delay            =      0.000002 s
Maximum delay            =      1.000086 s
Average delay            =      0.001511 s
Average jitter           =      0.000134 s
Delay standard deviation =      0.038534 s
Bytes received           =      10759232
Average bitrate          =   8607.822017 Kbit/s
Average packet rate      =  16812.152376 pkt/s
Packets dropped          =             0 (0.00 %)
Average loss-burst size  =      0.000000 pkt
----------------------------------------------------------

__________________________________________________________
****************  TOTAL RESULTS   ******************
__________________________________________________________
Number of flows          =             1
Total time               =      9.999493 s
Total packets            =        168113
Minimum delay            =      0.000002 s
Maximum delay            =      1.000086 s
Average delay            =      0.001511 s
Average jitter           =      0.000134 s
Delay standard deviation =      0.038534 s
Bytes received           =      10759232
Average bitrate          =   8607.822017 Kbit/s
Average packet rate      =  16812.152376 pkt/s
Packets dropped          =             0 (0.00 %)
Average loss-burst size  =             0 pkt
Error lines              =             0
----------------------------------------------------------
