ITGDec version 2.8.1 (r1023)
Compile-time options: bursty multiport
----------------------------------------------------------
Flow number: 1
From 192.168.10.9:46159
To    192.168.10.4:8999
----------------------------------------------------------
Total time               =      9.999018 s
Total packets            =        170881
Minimum delay            =      0.000002 s
Maximum delay            =      1.000074 s
Average delay            =      0.001602 s
Average jitter           =      0.000130 s
Delay standard deviation =      0.039718 s
Bytes received           =      10936384
Average bitrate          =   8749.966447 Kbit/s
Average packet rate      =  17089.778216 pkt/s
Packets dropped          =             0 (0.00 %)
Average loss-burst size  =      0.000000 pkt
----------------------------------------------------------

__________________________________________________________
****************  TOTAL RESULTS   ******************
__________________________________________________________
Number of flows          =             1
Total time               =      9.999018 s
Total packets            =        170881
Minimum delay            =      0.000002 s
Maximum delay            =      1.000074 s
Average delay            =      0.001602 s
Average jitter           =      0.000130 s
Delay standard deviation =      0.039718 s
Bytes received           =      10936384
Average bitrate          =   8749.966447 Kbit/s
Average packet rate      =  17089.778216 pkt/s
Packets dropped          =             0 (0.00 %)
Average loss-burst size  =             0 pkt
Error lines              =             0
----------------------------------------------------------
