ITGDec version 2.8.1 (r1023)
Compile-time options: bursty multiport
----------------------------------------------------------
Flow number: 1
From 192.168.10.9:37177
To    192.168.10.4:8999
----------------------------------------------------------
Total time               =      9.998873 s
Total packets            =        168697
Minimum delay            =      0.000002 s
Maximum delay            =      1.000086 s
Average delay            =      0.001583 s
Average jitter           =      0.000134 s
Delay standard deviation =      0.039453 s
Bytes received           =      10796608
Average bitrate          =   8638.259932 Kbit/s
Average packet rate      =  16871.601429 pkt/s
Packets dropped          =             0 (0.00 %)
Average loss-burst size  =      0.000000 pkt
----------------------------------------------------------

__________________________________________________________
****************  TOTAL RESULTS   ******************
__________________________________________________________
Number of flows          =             1
Total time               =      9.998873 s
Total packets            =        168697
Minimum delay            =      0.000002 s
Maximum delay            =      1.000086 s
Average delay            =      0.001583 s
Average jitter           =      0.000134 s
Delay standard deviation =      0.039453 s
Bytes received           =      10796608
Average bitrate          =   8638.259932 Kbit/s
Average packet rate      =  16871.601429 pkt/s
Packets dropped          =             0 (0.00 %)
Average loss-burst size  =             0 pkt
Error lines              =             0
----------------------------------------------------------
