ITGDec version 2.8.1 (r1023)
Compile-time options: bursty multiport
----------------------------------------------------------
Flow number: 1
From 192.168.10.9:50718
To    192.168.10.4:8999
----------------------------------------------------------
Total time               =      9.999576 s
Total packets            =         38660
Minimum delay            =      0.000005 s
Maximum delay            =      1.000273 s
Average delay            =      0.004003 s
Average jitter           =      0.000562 s
Delay standard deviation =      0.062168 s
Bytes received           =      39587840
Average bitrate          =  31671.614876 Kbit/s
Average packet rate      =   3866.163925 pkt/s
Packets dropped          =             0 (0.00 %)
Average loss-burst size  =      0.000000 pkt
----------------------------------------------------------

__________________________________________________________
****************  TOTAL RESULTS   ******************
__________________________________________________________
Number of flows          =             1
Total time               =      9.999576 s
Total packets            =         38660
Minimum delay            =      0.000005 s
Maximum delay            =      1.000273 s
Average delay            =      0.004003 s
Average jitter           =      0.000562 s
Delay standard deviation =      0.062168 s
Bytes received           =      39587840
Average bitrate          =  31671.614876 Kbit/s
Average packet rate      =   3866.163925 pkt/s
Packets dropped          =             0 (0.00 %)
Average loss-burst size  =             0 pkt
Error lines              =             0
----------------------------------------------------------
