ITGDec version 2.8.1 (r1023)
Compile-time options: bursty multiport
----------------------------------------------------------
Flow number: 1
From 192.168.10.9:42373
To    192.168.10.4:8999
----------------------------------------------------------
Total time               =      8.938031 s
Total packets            =             6
Minimum delay            =      0.002625 s
Maximum delay            =      0.003028 s
Average delay            =      0.002835 s
Average jitter           =      0.000122 s
Delay standard deviation =      0.000132 s
Bytes received           =           944
Average bitrate          =      0.844929 Kbit/s
Average packet rate      =      0.671289 pkt/s
Packets dropped          =             0 (0.00 %)
Average loss-burst size  =      0.000000 pkt
----------------------------------------------------------

__________________________________________________________
****************  TOTAL RESULTS   ******************
__________________________________________________________
Number of flows          =             1
Total time               =      8.938031 s
Total packets            =             6
Minimum delay            =      0.002625 s
Maximum delay            =      0.003028 s
Average delay            =      0.002835 s
Average jitter           =      0.000122 s
Delay standard deviation =      0.000132 s
Bytes received           =           944
Average bitrate          =      0.844929 Kbit/s
Average packet rate      =      0.671289 pkt/s
Packets dropped          =             0 (0.00 %)
Average loss-burst size  =             0 pkt
Error lines              =             0
----------------------------------------------------------
