ITGDec version 2.8.1 (r1023)
Compile-time options: bursty multiport
----------------------------------------------------------
Flow number: 1
From 192.168.10.9:59916
To    192.168.10.4:8999
----------------------------------------------------------
Total time               =      9.999402 s
Total packets            =         38617
Minimum delay            =      0.000006 s
Maximum delay            =      1.000273 s
Average delay            =      0.002965 s
Average jitter           =      0.000560 s
Delay standard deviation =      0.053295 s
Bytes received           =      39543808
Average bitrate          =  31636.938289 Kbit/s
Average packet rate      =   3861.930943 pkt/s
Packets dropped          =             0 (0.00 %)
Average loss-burst size  =      0.000000 pkt
----------------------------------------------------------

__________________________________________________________
****************  TOTAL RESULTS   ******************
__________________________________________________________
Number of flows          =             1
Total time               =      9.999402 s
Total packets            =         38617
Minimum delay            =      0.000006 s
Maximum delay            =      1.000273 s
Average delay            =      0.002965 s
Average jitter           =      0.000560 s
Delay standard deviation =      0.053295 s
Bytes received           =      39543808
Average bitrate          =  31636.938289 Kbit/s
Average packet rate      =   3861.930943 pkt/s
Packets dropped          =             0 (0.00 %)
Average loss-burst size  =             0 pkt
Error lines              =             0
----------------------------------------------------------
