ITGDec version 2.8.1 (r1023)
Compile-time options: bursty multiport
----------------------------------------------------------
Flow number: 1
From 192.168.10.9:52721
To    192.168.10.4:8999
----------------------------------------------------------
Total time               =      9.984902 s
Total packets            =           206
Minimum delay            =      0.002073 s
Maximum delay            =      0.004103 s
Average delay            =      0.002634 s
Average jitter           =      0.000115 s
Delay standard deviation =      0.000144 s
Bytes received           =          9049
Average bitrate          =      7.250146 Kbit/s
Average packet rate      =     20.631149 pkt/s
Packets dropped          =             0 (0.00 %)
Average loss-burst size  =      0.000000 pkt
----------------------------------------------------------

__________________________________________________________
****************  TOTAL RESULTS   ******************
__________________________________________________________
Number of flows          =             1
Total time               =      9.984902 s
Total packets            =           206
Minimum delay            =      0.002073 s
Maximum delay            =      0.004103 s
Average delay            =      0.002634 s
Average jitter           =      0.000115 s
Delay standard deviation =      0.000144 s
Bytes received           =          9049
Average bitrate          =      7.250146 Kbit/s
Average packet rate      =     20.631149 pkt/s
Packets dropped          =             0 (0.00 %)
Average loss-burst size  =             0 pkt
Error lines              =             0
----------------------------------------------------------
