ITGDec version 2.8.1 (r1023)
Compile-time options: bursty multiport
----------------------------------------------------------
Flow number: 1
From 192.168.10.9:39935
To    192.168.10.4:8999
----------------------------------------------------------
Total time               =      9.998895 s
Total packets            =         38601
Minimum delay            =      0.000006 s
Maximum delay            =      1.000279 s
Average delay            =      0.003220 s
Average jitter           =      0.000560 s
Delay standard deviation =      0.055670 s
Bytes received           =      39527424
Average bitrate          =  31625.433810 Kbit/s
Average packet rate      =   3860.526588 pkt/s
Packets dropped          =             0 (0.00 %)
Average loss-burst size  =      0.000000 pkt
----------------------------------------------------------

__________________________________________________________
****************  TOTAL RESULTS   ******************
__________________________________________________________
Number of flows          =             1
Total time               =      9.998895 s
Total packets            =         38601
Minimum delay            =      0.000006 s
Maximum delay            =      1.000279 s
Average delay            =      0.003220 s
Average jitter           =      0.000560 s
Delay standard deviation =      0.055670 s
Bytes received           =      39527424
Average bitrate          =  31625.433810 Kbit/s
Average packet rate      =   3860.526588 pkt/s
Packets dropped          =             0 (0.00 %)
Average loss-burst size  =             0 pkt
Error lines              =             0
----------------------------------------------------------
