ITGDec version 2.8.1 (r1023)
Compile-time options: bursty multiport
----------------------------------------------------------
Flow number: 1
From 192.168.10.9:60666
To    192.168.10.4:8999
----------------------------------------------------------
Total time               =      9.998871 s
Total packets            =        100418
Minimum delay            =      0.000004 s
Maximum delay            =      1.000120 s
Average delay            =      0.001829 s
Average jitter           =      0.000222 s
Delay standard deviation =      0.042183 s
Bytes received           =      25707008
Average bitrate          =  20567.928519 Kbit/s
Average packet rate      =  10042.933847 pkt/s
Packets dropped          =             0 (0.00 %)
Average loss-burst size  =      0.000000 pkt
----------------------------------------------------------

__________________________________________________________
****************  TOTAL RESULTS   ******************
__________________________________________________________
Number of flows          =             1
Total time               =      9.998871 s
Total packets            =        100418
Minimum delay            =      0.000004 s
Maximum delay            =      1.000120 s
Average delay            =      0.001829 s
Average jitter           =      0.000222 s
Delay standard deviation =      0.042183 s
Bytes received           =      25707008
Average bitrate          =  20567.928519 Kbit/s
Average packet rate      =  10042.933847 pkt/s
Packets dropped          =             0 (0.00 %)
Average loss-burst size  =             0 pkt
Error lines              =             0
----------------------------------------------------------
