ITGDec version 2.8.1 (r1023)
Compile-time options: bursty multiport
----------------------------------------------------------
Flow number: 1
From 192.168.10.9:37788
To    192.168.10.4:8999
----------------------------------------------------------
Total time               =      9.999467 s
Total packets            =         38598
Minimum delay            =      0.000003 s
Maximum delay            =      1.000275 s
Average delay            =      0.003069 s
Average jitter           =      0.000561 s
Delay standard deviation =      0.054265 s
Bytes received           =      39524352
Average bitrate          =  31621.167008 Kbit/s
Average packet rate      =   3860.005738 pkt/s
Packets dropped          =             0 (0.00 %)
Average loss-burst size  =      0.000000 pkt
----------------------------------------------------------

__________________________________________________________
****************  TOTAL RESULTS   ******************
__________________________________________________________
Number of flows          =             1
Total time               =      9.999467 s
Total packets            =         38598
Minimum delay            =      0.000003 s
Maximum delay            =      1.000275 s
Average delay            =      0.003069 s
Average jitter           =      0.000561 s
Delay standard deviation =      0.054265 s
Bytes received           =      39524352
Average bitrate          =  31621.167008 Kbit/s
Average packet rate      =   3860.005738 pkt/s
Packets dropped          =             0 (0.00 %)
Average loss-burst size  =             0 pkt
Error lines              =             0
----------------------------------------------------------
