ITGDec version 2.8.1 (r1023)
Compile-time options: bursty multiport
----------------------------------------------------------
Flow number: 1
From 192.168.10.9:34949
To    192.168.10.4:8999
----------------------------------------------------------
Total time               =      9.999545 s
Total packets            =         32987
Minimum delay            =      0.000007 s
Maximum delay            =      1.000335 s
Average delay            =      0.003464 s
Average jitter           =      0.000656 s
Delay standard deviation =      0.056861 s
Bytes received           =      42223360
Average bitrate          =  33780.225000 Kbit/s
Average packet rate      =   3298.850098 pkt/s
Packets dropped          =             0 (0.00 %)
Average loss-burst size  =      0.000000 pkt
----------------------------------------------------------

__________________________________________________________
****************  TOTAL RESULTS   ******************
__________________________________________________________
Number of flows          =             1
Total time               =      9.999545 s
Total packets            =         32987
Minimum delay            =      0.000007 s
Maximum delay            =      1.000335 s
Average delay            =      0.003464 s
Average jitter           =      0.000656 s
Delay standard deviation =      0.056861 s
Bytes received           =      42223360
Average bitrate          =  33780.225000 Kbit/s
Average packet rate      =   3298.850098 pkt/s
Packets dropped          =             0 (0.00 %)
Average loss-burst size  =             0 pkt
Error lines              =             0
----------------------------------------------------------
