ITGDec version 2.8.1 (r1023)
Compile-time options: bursty multiport
----------------------------------------------------------
Flow number: 1
From 192.168.10.9:56634
To    192.168.10.4:8999
----------------------------------------------------------
Total time               =      9.999487 s
Total packets            =         32996
Minimum delay            =      0.000004 s
Maximum delay            =      1.000314 s
Average delay            =      0.003464 s
Average jitter           =      0.000655 s
Delay standard deviation =      0.056853 s
Bytes received           =      42234880
Average bitrate          =  33789.637408 Kbit/s
Average packet rate      =   3299.769278 pkt/s
Packets dropped          =             0 (0.00 %)
Average loss-burst size  =      0.000000 pkt
----------------------------------------------------------

__________________________________________________________
****************  TOTAL RESULTS   ******************
__________________________________________________________
Number of flows          =             1
Total time               =      9.999487 s
Total packets            =         32996
Minimum delay            =      0.000004 s
Maximum delay            =      1.000314 s
Average delay            =      0.003464 s
Average jitter           =      0.000655 s
Delay standard deviation =      0.056853 s
Bytes received           =      42234880
Average bitrate          =  33789.637408 Kbit/s
Average packet rate      =   3299.769278 pkt/s
Packets dropped          =             0 (0.00 %)
Average loss-burst size  =             0 pkt
Error lines              =             0
----------------------------------------------------------
