ITGDec version 2.8.1 (r1023)
Compile-time options: bursty multiport
----------------------------------------------------------
Flow number: 1
From 192.168.10.9:52020
To    192.168.10.4:8999
----------------------------------------------------------
Total time               =      9.998756 s
Total packets            =         66953
Minimum delay            =      0.000004 s
Maximum delay            =      1.000171 s
Average delay            =      0.002272 s
Average jitter           =      0.000333 s
Delay standard deviation =      0.046646 s
Bytes received           =      34279936
Average bitrate          =  27427.360764 Kbit/s
Average packet rate      =   6696.132999 pkt/s
Packets dropped          =             0 (0.00 %)
Average loss-burst size  =      0.000000 pkt
----------------------------------------------------------

__________________________________________________________
****************  TOTAL RESULTS   ******************
__________________________________________________________
Number of flows          =             1
Total time               =      9.998756 s
Total packets            =         66953
Minimum delay            =      0.000004 s
Maximum delay            =      1.000171 s
Average delay            =      0.002272 s
Average jitter           =      0.000333 s
Delay standard deviation =      0.046646 s
Bytes received           =      34279936
Average bitrate          =  27427.360764 Kbit/s
Average packet rate      =   6696.132999 pkt/s
Packets dropped          =             0 (0.00 %)
Average loss-burst size  =             0 pkt
Error lines              =             0
----------------------------------------------------------
