ITGDec version 2.8.1 (r1023)
Compile-time options: bursty multiport
----------------------------------------------------------
Flow number: 1
From 192.168.10.9:43279
To    192.168.10.4:8999
----------------------------------------------------------
Total time               =      9.998820 s
Total packets            =         38241
Minimum delay            =      0.000006 s
Maximum delay            =      1.000267 s
Average delay            =      0.003011 s
Average jitter           =      0.000565 s
Delay standard deviation =      0.053798 s
Bytes received           =      39158784
Average bitrate          =  31330.724225 Kbit/s
Average packet rate      =   3824.551297 pkt/s
Packets dropped          =           318 (0.82 %)
Average loss-burst size  =    318.000000 pkt
----------------------------------------------------------

__________________________________________________________
****************  TOTAL RESULTS   ******************
__________________________________________________________
Number of flows          =             1
Total time               =      9.998820 s
Total packets            =         38241
Minimum delay            =      0.000006 s
Maximum delay            =      1.000267 s
Average delay            =      0.003011 s
Average jitter           =      0.000565 s
Delay standard deviation =      0.053798 s
Bytes received           =      39158784
Average bitrate          =  31330.724225 Kbit/s
Average packet rate      =   3824.551297 pkt/s
Packets dropped          =           318 (0.82 %)
Average loss-burst size  =    318.000000 pkt
Error lines              =             0
----------------------------------------------------------
