ITGDec version 2.8.1 (r1023)
Compile-time options: bursty multiport
----------------------------------------------------------
Flow number: 1
From 192.168.10.9:39896
To    192.168.10.4:8999
----------------------------------------------------------
Total time               =      8.937868 s
Total packets            =             6
Minimum delay            =      0.002731 s
Maximum delay            =      0.002961 s
Average delay            =      0.002824 s
Average jitter           =      0.000125 s
Delay standard deviation =      0.000072 s
Bytes received           =          1007
Average bitrate          =      0.901334 Kbit/s
Average packet rate      =      0.671301 pkt/s
Packets dropped          =             0 (0.00 %)
Average loss-burst size  =      0.000000 pkt
----------------------------------------------------------

__________________________________________________________
****************  TOTAL RESULTS   ******************
__________________________________________________________
Number of flows          =             1
Total time               =      8.937868 s
Total packets            =             6
Minimum delay            =      0.002731 s
Maximum delay            =      0.002961 s
Average delay            =      0.002824 s
Average jitter           =      0.000125 s
Delay standard deviation =      0.000072 s
Bytes received           =          1007
Average bitrate          =      0.901334 Kbit/s
Average packet rate      =      0.671301 pkt/s
Packets dropped          =             0 (0.00 %)
Average loss-burst size  =             0 pkt
Error lines              =             0
----------------------------------------------------------
