ITGDec version 2.8.1 (r1023)
Compile-time options: bursty multiport
----------------------------------------------------------
Flow number: 1
From 192.168.10.9:44768
To    192.168.10.4:8999
----------------------------------------------------------
Total time               =      9.999109 s
Total packets            =         33021
Minimum delay            =      0.000006 s
Maximum delay            =      1.000305 s
Average delay            =      0.003523 s
Average jitter           =      0.000654 s
Delay standard deviation =      0.057358 s
Bytes received           =      42266880
Average bitrate          =  33816.517052 Kbit/s
Average packet rate      =   3302.394243 pkt/s
Packets dropped          =             0 (0.00 %)
Average loss-burst size  =      0.000000 pkt
----------------------------------------------------------

__________________________________________________________
****************  TOTAL RESULTS   ******************
__________________________________________________________
Number of flows          =             1
Total time               =      9.999109 s
Total packets            =         33021
Minimum delay            =      0.000006 s
Maximum delay            =      1.000305 s
Average delay            =      0.003523 s
Average jitter           =      0.000654 s
Delay standard deviation =      0.057358 s
Bytes received           =      42266880
Average bitrate          =  33816.517052 Kbit/s
Average packet rate      =   3302.394243 pkt/s
Packets dropped          =             0 (0.00 %)
Average loss-burst size  =             0 pkt
Error lines              =             0
----------------------------------------------------------
