ITGDec version 2.8.1 (r1023)
Compile-time options: bursty multiport
----------------------------------------------------------
Flow number: 1
From 192.168.10.9:37556
To    192.168.10.4:8999
----------------------------------------------------------
Total time               =      9.998666 s
Total packets            =        129227
Minimum delay            =      0.000003 s
Maximum delay            =      1.000092 s
Average delay            =      0.001691 s
Average jitter           =      0.000178 s
Delay standard deviation =      0.040660 s
Bytes received           =      16541056
Average bitrate          =  13234.610297 Kbit/s
Average packet rate      =  12924.424118 pkt/s
Packets dropped          =             0 (0.00 %)
Average loss-burst size  =      0.000000 pkt
----------------------------------------------------------

__________________________________________________________
****************  TOTAL RESULTS   ******************
__________________________________________________________
Number of flows          =             1
Total time               =      9.998666 s
Total packets            =        129227
Minimum delay            =      0.000003 s
Maximum delay            =      1.000092 s
Average delay            =      0.001691 s
Average jitter           =      0.000178 s
Delay standard deviation =      0.040660 s
Bytes received           =      16541056
Average bitrate          =  13234.610297 Kbit/s
Average packet rate      =  12924.424118 pkt/s
Packets dropped          =             0 (0.00 %)
Average loss-burst size  =             0 pkt
Error lines              =             0
----------------------------------------------------------
