ITGDec version 2.8.1 (r1023)
Compile-time options: bursty multiport
----------------------------------------------------------
Flow number: 1
From 192.168.10.9:54065
To    192.168.10.4:8999
----------------------------------------------------------
Total time               =      9.994477 s
Total packets            =           989
Minimum delay            =      0.002310 s
Maximum delay            =      0.003910 s
Average delay            =      0.002698 s
Average jitter           =      0.000105 s
Delay standard deviation =      0.000131 s
Bytes received           =         63296
Average bitrate          =     50.664782 Kbit/s
Average packet rate      =     98.954653 pkt/s
Packets dropped          =             0 (0.00 %)
Average loss-burst size  =      0.000000 pkt
----------------------------------------------------------

__________________________________________________________
****************  TOTAL RESULTS   ******************
__________________________________________________________
Number of flows          =             1
Total time               =      9.994477 s
Total packets            =           989
Minimum delay            =      0.002310 s
Maximum delay            =      0.003910 s
Average delay            =      0.002698 s
Average jitter           =      0.000105 s
Delay standard deviation =      0.000131 s
Bytes received           =         63296
Average bitrate          =     50.664782 Kbit/s
Average packet rate      =     98.954653 pkt/s
Packets dropped          =             0 (0.00 %)
Average loss-burst size  =             0 pkt
Error lines              =             0
----------------------------------------------------------
