37884.0 4e-06 1.000383 0.284306 0.000581 15270.041523 3728.037481 41.09
37702.0 4e-06 1.000711 0.279027 0.000585 15192.557282 3709.12043 41.32
37748.0 4e-06 1.000321 0.252476 0.000583 15234.472895 3719.353734 41.23
37982.0 4e-06 1.000762 0.270463 0.000564 15304.852746 3736.536315 40.88
37960.0 3e-06 1.000776 0.281375 0.000564 15299.151514 3735.144413 40.92
37651.0 4e-06 1.000679 0.280096 0.000584 15181.529032 3706.427986 41.56
37657.0 3e-06 1.000246 0.284056 0.000585 15183.649394 3706.945653 41.57
37875.0 3e-06 1.00056 0.289161 0.000583 15261.933765 3726.058048 41.22
37677.0 4e-06 1.000635 0.261454 0.000583 15207.474204 3712.762257 41.56
37811.0 4e-06 1.000215 0.263525 0.000583 15242.988666 3721.43278 41.17
37767.0 3e-06 1.000693 0.260373 0.000566 15228.081857 3717.793422 41.39
37694.0 4e-06 1.000744 0.268133 0.000567 15209.452886 3713.245333 41.58
37531.0 3e-06 1.00069 0.274001 0.000585 15144.539061 3697.397232 41.78
37719.0 3e-06 1.000232 0.302006 0.000584 15194.574852 3709.613001 41.55
37906.0 4e-06 1.000245 0.309408 0.000583 15247.711242 3722.585752 40.96
37681.0 4e-06 1.000804 0.275691 0.000584 15193.739219 3709.408989 41.58
37844.0 4e-06 1.000201 0.266629 0.000583 15259.322904 3725.420631 41.11
37831.0 4e-06 1.000698 0.264017 0.000565 15248.759651 3722.841712 41.33
37606.0 3e-06 1.000719 0.275628 0.000569 15166.766 3702.82373 41.68
37819.0 4e-06 1.000709 0.275484 0.000581 15255.802374 3724.561126 41.27
37756.0 4e-06 1.000426 0.288263 0.000583 15214.612223 3714.504937 41.45
37771.0 5e-06 1.000456 0.268126 0.000582 15242.035739 3721.200132 41.39
37610.0 4e-06 1.00056 0.273251 0.000585 15171.06209 3703.87258 41.64
37696.0 4e-06 1.000428 0.281882 0.000584 15175.523349 3704.961755 41.59
37789.0 3e-06 1.000629 0.268556 0.000566 15225.327927 3717.121076 41.38
37880.0 3e-06 1.000665 0.291067 0.000564 15257.087661 3724.874917 41.31
37614.0 4e-06 1.000767 0.2789 0.000585 15162.229229 3701.71612 41.64
37643.0 6e-06 1.000195 0.286301 0.000584 15175.884606 3705.049953 41.64
37493.0 4e-06 1.000678 0.271105 0.000586 15129.715027 3693.778083 41.87
37696.0 3e-06 1.000673 0.271071 0.000583 15208.438086 3712.99758 41.55
37418.0 4e-06 1.000229 0.26296 0.000587 15091.08989 3684.348118 42.09
37724.0 4e-06 1.000201 0.255093 0.000566 15225.909059 3717.262954 41.45
37781.0 4e-06 1.000708 0.290351 0.000566 15212.777591 3714.057029 41.46
37541.0 4e-06 1.000713 0.275725 0.000586 15140.536132 3696.419954 41.83
37676.0 4e-06 1.000704 0.289687 0.000584 15184.618284 3707.182198 41.59
37713.0 4e-06 1.000682 0.278697 0.000582 15206.044994 3712.413329 41.52
37504.0 5e-06 1.000214 0.270518 0.000586 15128.525969 3693.487785 41.87
37600.0 4e-06 1.000698 0.254974 0.000584 15165.842428 3702.598249 41.72
37564.0 4e-06 1.000614 0.274186 0.000569 15124.734957 3692.562245 41.7
37816.0 3e-06 1.000688 0.294087 0.000565 15228.162493 3717.813109 41.39
37544.0 4e-06 1.000689 0.274803 0.000586 15146.51996 3697.88085 41.76
37562.0 3e-06 1.000726 0.292454 0.000586 15135.506475 3695.19201 41.78
37382.0 6e-06 1.000223 0.275143 0.000588 15082.135201 3682.161914 42.07
37599.0 4e-06 1.000222 0.284644 0.000585 15169.333353 3703.450526 41.72
37790.0 3e-06 1.000247 0.259101 0.000582 15240.191187 3720.749801 41.38
37709.0 4e-06 1.000485 0.268064 0.000567 15197.060003 3710.219727 41.59
37976.0 4e-06 1.000839 0.319313 0.000562 15264.902863 3726.782925 41.12
37663.0 3e-06 1.000781 0.283366 0.000585 15180.697833 3706.225057 41.55
37492.0 4e-06 1.000668 0.29104 0.000587 15108.853395 3688.684911 41.93
37791.0 3e-06 1.000187 0.24733 0.000558 15248.034915 3722.664774 40.96
37678.0 5e-06 1.000781 0.264978 0.000568 15191.840123 3708.945343 41.59
37575.0 3e-06 1.000636 0.279639 0.00057 15158.856199 3700.892627 41.69
37676.0 4e-06 1.00066 0.278692 0.000585 15192.855304 3709.193189 41.58
37680.0 3e-06 1.000615 0.274742 0.000583 15197.580397 3710.346777 41.55
37991.0 3e-06 1.000196 0.266973 0.00058 15329.013934 3742.435043 40.87
37741.0 3e-06 1.000204 0.262065 0.000583 15224.134053 3716.829603 41.25
37652.0 4e-06 1.000193 0.250354 0.000586 15190.246414 3708.556253 41.28
37689.0 4e-06 1.000718 0.264219 0.000567 15200.961917 3711.172343 41.49
37587.0 5e-06 1.000745 0.273109 0.000569 15173.031653 3704.353431 41.67
37682.0 4e-06 1.000717 0.274575 0.000584 15201.677266 3711.346989 41.56
37709.0 4e-06 1.000405 0.293052 0.000584 15189.010845 3708.254601 41.57
37538.0 3e-06 1.000548 0.277336 0.000586 15136.107046 3695.338634 41.78
37904.0 4e-06 1.000197 0.273534 0.000581 15280.120914 3730.49827 40.98
37677.0 5e-06 1.000701 0.251157 0.000583 15197.965713 3710.440848 41.61
37651.0 6e-06 1.000613 0.268908 0.000568 15181.727802 3706.476514 41.63
37582.0 4e-06 1.000718 0.278163 0.000569 15154.1158 3699.735303 41.78
38044.0 4e-06 1.000765 0.280483 0.00058 15340.715232 3745.291805 40.73
37951.0 4e-06 1.000986 0.286872 0.000581 15300.496948 3735.472888 40.91
38096.0 3e-06 1.000194 0.328621 0.000581 15303.409601 3736.183985 40.71
37614.0 4e-06 1.000427 0.26703 0.000584 15173.884525 3704.561651 41.68
37711.0 3e-06 1.000673 0.277356 0.000584 15185.624645 3707.427892 41.58
37849.0 3e-06 1.000674 0.255567 0.000566 15269.48757 3727.902239 41.12
37851.0 4e-06 1.000753 0.278289 0.000566 15254.979195 3724.360155 41.09
37532.0 4e-06 1.000809 0.277098 0.000586 15141.301446 3696.606798 41.84
37606.0 4e-06 1.00019 0.285463 0.000586 15165.042841 3702.403037 41.5
37529.0 3e-06 1.000899 0.27285 0.000586 15138.205067 3695.850846 41.8
34855.0 4e-06 1.000295 0.245416 0.000568 14091.774647 3440.37467 45.91
37720.0 4e-06 1.000189 0.260196 0.000584 15208.485663 3713.009195 41.49
37605.0 4e-06 1.000182 0.263286 0.000569 15166.561309 3702.773757 41.38
34947.0 4e-06 1.000984 0.254063 0.000553 14135.741239 3451.108701 45.48
37830.0 3e-06 1.000703 0.284176 0.000583 15255.227677 3724.42082 41.1
37435.0 3e-06 1.000578 0.268707 0.000587 15108.788393 3688.669041 42.0
37600.0 3e-06 1.000629 0.270573 0.000584 15177.62579 3705.475046 41.72
37557.0 4e-06 1.000614 0.27085 0.000585 15142.024217 3696.783256 41.79
37562.0 4e-06 1.000675 0.248242 0.000585 15160.73733 3701.351887 41.73
37729.0 3e-06 1.000546 0.271736 0.000566 15198.414875 3710.550507 41.5
37646.0 4e-06 1.000764 0.269949 0.000569 15184.14668 3707.067061 41.38
37711.0 4e-06 1.023918 0.303422 0.000585 15191.821309 3708.940749 41.41
37915.0 4e-06 1.000668 0.274182 0.000581 15288.855811 3732.630813 40.91
37574.0 4e-06 1.000202 0.274049 0.000585 15154.209334 3699.758138 41.75
38248.0 3e-06 1.000692 0.318423 0.00058 15351.837011 3748.007083 40.47
37661.0 4e-06 1.000219 0.257164 0.000585 15190.539331 3708.627766 41.62
37789.0 4e-06 1.000673 0.249179 0.000567 15248.644423 3722.81358 41.18
37896.0 4e-06 1.000785 0.268073 0.000566 15274.825796 3729.205517 41.03
37666.0 4e-06 1.000725 0.27886 0.000583 15193.53906 3709.360122 41.52
37584.0 4e-06 1.00068 0.278241 0.000585 15157.457446 3700.551134 41.68
37598.0 3e-06 1.000655 0.280805 0.000585 15167.101322 3702.905596 41.62
37855.0 4e-06 1.000197 0.278116 0.000582 15262.132658 3726.106606 41.08
37846.0 5e-06 1.000701 0.273633 0.000582 15248.648923 3722.814678 41.28
37720.0 3e-06 1.00021 0.252719 0.000584 15217.073176 3715.105756 41.34
