ITGDec version 2.8.1 (r1023)
Compile-time options: bursty multiport
----------------------------------------------------------
Flow number: 1
From 192.168.10.9:53052
To    192.168.10.4:8999
----------------------------------------------------------
Total time               =      9.999305 s
Total packets            =        100340
Minimum delay            =      0.000003 s
Maximum delay            =      1.000100 s
Average delay            =      0.001084 s
Average jitter           =      0.000226 s
Delay standard deviation =      0.032178 s
Bytes received           =      25687040
Average bitrate          =  20551.060299 Kbit/s
Average packet rate      =  10034.697411 pkt/s
Packets dropped          =             0 (0.00 %)
Average loss-burst size  =      0.000000 pkt
----------------------------------------------------------

__________________________________________________________
****************  TOTAL RESULTS   ******************
__________________________________________________________
Number of flows          =             1
Total time               =      9.999305 s
Total packets            =        100340
Minimum delay            =      0.000003 s
Maximum delay            =      1.000100 s
Average delay            =      0.001084 s
Average jitter           =      0.000226 s
Delay standard deviation =      0.032178 s
Bytes received           =      25687040
Average bitrate          =  20551.060299 Kbit/s
Average packet rate      =  10034.697411 pkt/s
Packets dropped          =             0 (0.00 %)
Average loss-burst size  =             0 pkt
Error lines              =             0
----------------------------------------------------------
