ITGDec version 2.8.1 (r1023)
Compile-time options: bursty multiport
----------------------------------------------------------
Flow number: 1
From 192.168.10.9:49774
To    192.168.10.4:8999
----------------------------------------------------------
Total time               =      9.999219 s
Total packets            =        129562
Minimum delay            =      0.000003 s
Maximum delay            =      1.000096 s
Average delay            =      0.000957 s
Average jitter           =      0.000184 s
Delay standard deviation =      0.030293 s
Bytes received           =      16583936
Average bitrate          =  13268.185045 Kbit/s
Average packet rate      =  12957.211958 pkt/s
Packets dropped          =            99 (0.08 %)
Average loss-burst size  =     99.000000 pkt
----------------------------------------------------------

__________________________________________________________
****************  TOTAL RESULTS   ******************
__________________________________________________________
Number of flows          =             1
Total time               =      9.999219 s
Total packets            =        129562
Minimum delay            =      0.000003 s
Maximum delay            =      1.000096 s
Average delay            =      0.000957 s
Average jitter           =      0.000184 s
Delay standard deviation =      0.030293 s
Bytes received           =      16583936
Average bitrate          =  13268.185045 Kbit/s
Average packet rate      =  12957.211958 pkt/s
Packets dropped          =            99 (0.08 %)
Average loss-burst size  =     99.000000 pkt
Error lines              =             0
----------------------------------------------------------
