ITGDec version 2.8.1 (r1023)
Compile-time options: bursty multiport
----------------------------------------------------------
Flow number: 1
From 192.168.10.9:47034
To    192.168.10.4:8999
----------------------------------------------------------
Total time               =      9.999390 s
Total packets            =         67943
Minimum delay            =      0.000003 s
Maximum delay            =      1.000168 s
Average delay            =      0.001249 s
Average jitter           =      0.000318 s
Delay standard deviation =      0.033863 s
Bytes received           =      34786816
Average bitrate          =  27831.150500 Kbit/s
Average packet rate      =   6794.714478 pkt/s
Packets dropped          =             0 (0.00 %)
Average loss-burst size  =      0.000000 pkt
----------------------------------------------------------

__________________________________________________________
****************  TOTAL RESULTS   ******************
__________________________________________________________
Number of flows          =             1
Total time               =      9.999390 s
Total packets            =         67943
Minimum delay            =      0.000003 s
Maximum delay            =      1.000168 s
Average delay            =      0.001249 s
Average jitter           =      0.000318 s
Delay standard deviation =      0.033863 s
Bytes received           =      34786816
Average bitrate          =  27831.150500 Kbit/s
Average packet rate      =   6794.714478 pkt/s
Packets dropped          =             0 (0.00 %)
Average loss-burst size  =             0 pkt
Error lines              =             0
----------------------------------------------------------
