ITGDec version 2.8.1 (r1023)
Compile-time options: bursty multiport
----------------------------------------------------------
Flow number: 1
From 192.168.10.9:58677
To    192.168.10.4:8999
----------------------------------------------------------
Total time               =      9.989552 s
Total packets            =           243
Minimum delay            =      0.001358 s
Maximum delay            =      0.002093 s
Average delay            =      0.001517 s
Average jitter           =      0.000082 s
Delay standard deviation =      0.000071 s
Bytes received           =         10497
Average bitrate          =      8.406383 Kbit/s
Average packet rate      =     24.325415 pkt/s
Packets dropped          =             0 (0.00 %)
Average loss-burst size  =      0.000000 pkt
----------------------------------------------------------

__________________________________________________________
****************  TOTAL RESULTS   ******************
__________________________________________________________
Number of flows          =             1
Total time               =      9.989552 s
Total packets            =           243
Minimum delay            =      0.001358 s
Maximum delay            =      0.002093 s
Average delay            =      0.001517 s
Average jitter           =      0.000082 s
Delay standard deviation =      0.000071 s
Bytes received           =         10497
Average bitrate          =      8.406383 Kbit/s
Average packet rate      =     24.325415 pkt/s
Packets dropped          =             0 (0.00 %)
Average loss-burst size  =             0 pkt
Error lines              =             0
----------------------------------------------------------
