ITGDec version 2.8.1 (r1023)
Compile-time options: bursty multiport
----------------------------------------------------------
Flow number: 1
From 192.168.10.9:58729
To    192.168.10.4:8999
----------------------------------------------------------
Total time               =      9.999367 s
Total packets            =         33611
Minimum delay            =      0.000006 s
Maximum delay            =      1.000318 s
Average delay            =      0.001899 s
Average jitter           =      0.000639 s
Delay standard deviation =      0.040784 s
Bytes received           =      43022080
Average bitrate          =  34419.842776 Kbit/s
Average packet rate      =   3361.312771 pkt/s
Packets dropped          =             0 (0.00 %)
Average loss-burst size  =      0.000000 pkt
----------------------------------------------------------

__________________________________________________________
****************  TOTAL RESULTS   ******************
__________________________________________________________
Number of flows          =             1
Total time               =      9.999367 s
Total packets            =         33611
Minimum delay            =      0.000006 s
Maximum delay            =      1.000318 s
Average delay            =      0.001899 s
Average jitter           =      0.000639 s
Delay standard deviation =      0.040784 s
Bytes received           =      43022080
Average bitrate          =  34419.842776 Kbit/s
Average packet rate      =   3361.312771 pkt/s
Packets dropped          =             0 (0.00 %)
Average loss-burst size  =             0 pkt
Error lines              =             0
----------------------------------------------------------
