ITGDec version 2.8.1 (r1023)
Compile-time options: bursty multiport
----------------------------------------------------------
Flow number: 1
From 192.168.10.9:60321
To    192.168.10.4:8999
----------------------------------------------------------
Total time               =      9.999252 s
Total packets            =        172396
Minimum delay            =      0.000002 s
Maximum delay            =      1.000075 s
Average delay            =      0.000975 s
Average jitter           =      0.000131 s
Delay standard deviation =      0.030828 s
Bytes received           =      11033344
Average bitrate          =   8827.335485 Kbit/s
Average packet rate      =  17240.889619 pkt/s
Packets dropped          =            54 (0.03 %)
Average loss-burst size  =     54.000000 pkt
----------------------------------------------------------

__________________________________________________________
****************  TOTAL RESULTS   ******************
__________________________________________________________
Number of flows          =             1
Total time               =      9.999252 s
Total packets            =        172396
Minimum delay            =      0.000002 s
Maximum delay            =      1.000075 s
Average delay            =      0.000975 s
Average jitter           =      0.000131 s
Delay standard deviation =      0.030828 s
Bytes received           =      11033344
Average bitrate          =   8827.335485 Kbit/s
Average packet rate      =  17240.889619 pkt/s
Packets dropped          =            54 (0.03 %)
Average loss-burst size  =     54.000000 pkt
Error lines              =             0
----------------------------------------------------------
