ITGDec version 2.8.1 (r1023)
Compile-time options: bursty multiport
----------------------------------------------------------
Flow number: 1
From 192.168.10.9:50744
To    192.168.10.4:8999
----------------------------------------------------------
Total time               =      8.937882 s
Total packets            =             6
Minimum delay            =      0.001782 s
Maximum delay            =      0.001939 s
Average delay            =      0.001834 s
Average jitter           =      0.000070 s
Delay standard deviation =      0.000051 s
Bytes received           =          1161
Average bitrate          =      1.039172 Kbit/s
Average packet rate      =      0.671300 pkt/s
Packets dropped          =             0 (0.00 %)
Average loss-burst size  =      0.000000 pkt
----------------------------------------------------------

__________________________________________________________
****************  TOTAL RESULTS   ******************
__________________________________________________________
Number of flows          =             1
Total time               =      8.937882 s
Total packets            =             6
Minimum delay            =      0.001782 s
Maximum delay            =      0.001939 s
Average delay            =      0.001834 s
Average jitter           =      0.000070 s
Delay standard deviation =      0.000051 s
Bytes received           =          1161
Average bitrate          =      1.039172 Kbit/s
Average packet rate      =      0.671300 pkt/s
Packets dropped          =             0 (0.00 %)
Average loss-burst size  =             0 pkt
Error lines              =             0
----------------------------------------------------------
