ITGDec version 2.8.1 (r1023)
Compile-time options: bursty multiport
----------------------------------------------------------
Flow number: 1
From 192.168.10.9:48685
To    192.168.10.4:8999
----------------------------------------------------------
Total time               =      9.999408 s
Total packets            =         67579
Minimum delay            =      0.000004 s
Maximum delay            =      1.000154 s
Average delay            =      0.001315 s
Average jitter           =      0.000320 s
Delay standard deviation =      0.034813 s
Bytes received           =      34600448
Average bitrate          =  27681.997174 Kbit/s
Average packet rate      =   6758.300091 pkt/s
Packets dropped          =             0 (0.00 %)
Average loss-burst size  =      0.000000 pkt
----------------------------------------------------------

__________________________________________________________
****************  TOTAL RESULTS   ******************
__________________________________________________________
Number of flows          =             1
Total time               =      9.999408 s
Total packets            =         67579
Minimum delay            =      0.000004 s
Maximum delay            =      1.000154 s
Average delay            =      0.001315 s
Average jitter           =      0.000320 s
Delay standard deviation =      0.034813 s
Bytes received           =      34600448
Average bitrate          =  27681.997174 Kbit/s
Average packet rate      =   6758.300091 pkt/s
Packets dropped          =             0 (0.00 %)
Average loss-burst size  =             0 pkt
Error lines              =             0
----------------------------------------------------------
