ITGDec version 2.8.1 (r1023)
Compile-time options: bursty multiport
----------------------------------------------------------
Flow number: 1
From 192.168.10.9:51984
To    192.168.10.4:8999
----------------------------------------------------------
Total time               =      9.999160 s
Total packets            =         39420
Minimum delay            =      0.000005 s
Maximum delay            =      1.000265 s
Average delay            =      0.001782 s
Average jitter           =      0.000546 s
Delay standard deviation =      0.039628 s
Bytes received           =      40366080
Average bitrate          =  32295.576828 Kbit/s
Average packet rate      =   3942.331156 pkt/s
Packets dropped          =             0 (0.00 %)
Average loss-burst size  =      0.000000 pkt
----------------------------------------------------------

__________________________________________________________
****************  TOTAL RESULTS   ******************
__________________________________________________________
Number of flows          =             1
Total time               =      9.999160 s
Total packets            =         39420
Minimum delay            =      0.000005 s
Maximum delay            =      1.000265 s
Average delay            =      0.001782 s
Average jitter           =      0.000546 s
Delay standard deviation =      0.039628 s
Bytes received           =      40366080
Average bitrate          =  32295.576828 Kbit/s
Average packet rate      =   3942.331156 pkt/s
Packets dropped          =             0 (0.00 %)
Average loss-burst size  =             0 pkt
Error lines              =             0
----------------------------------------------------------
