ITGDec version 2.8.1 (r1023)
Compile-time options: bursty multiport
----------------------------------------------------------
Flow number: 1
From 192.168.10.9:32808
To    192.168.10.4:8999
----------------------------------------------------------
Total time               =      9.970549 s
Total packets            =           238
Minimum delay            =      0.001408 s
Maximum delay            =      0.002766 s
Average delay            =      0.001614 s
Average jitter           =      0.000094 s
Delay standard deviation =      0.000133 s
Bytes received           =         10212
Average bitrate          =      8.193731 Kbit/s
Average packet rate      =     23.870300 pkt/s
Packets dropped          =             0 (0.00 %)
Average loss-burst size  =      0.000000 pkt
----------------------------------------------------------

__________________________________________________________
****************  TOTAL RESULTS   ******************
__________________________________________________________
Number of flows          =             1
Total time               =      9.970549 s
Total packets            =           238
Minimum delay            =      0.001408 s
Maximum delay            =      0.002766 s
Average delay            =      0.001614 s
Average jitter           =      0.000094 s
Delay standard deviation =      0.000133 s
Bytes received           =         10212
Average bitrate          =      8.193731 Kbit/s
Average packet rate      =     23.870300 pkt/s
Packets dropped          =             0 (0.00 %)
Average loss-burst size  =             0 pkt
Error lines              =             0
----------------------------------------------------------
