ITGDec version 2.8.1 (r1023)
Compile-time options: bursty multiport
----------------------------------------------------------
Flow number: 1
From 192.168.10.9:39654
To    192.168.10.4:8999
----------------------------------------------------------
Total time               =      9.999355 s
Total packets            =        129066
Minimum delay            =      0.000003 s
Maximum delay            =      1.000106 s
Average delay            =      0.001016 s
Average jitter           =      0.000185 s
Delay standard deviation =      0.031230 s
Bytes received           =      16520448
Average bitrate          =  13217.210910 Kbit/s
Average packet rate      =  12907.432529 pkt/s
Packets dropped          =             6 (0.00 %)
Average loss-burst size  =      6.000000 pkt
----------------------------------------------------------

__________________________________________________________
****************  TOTAL RESULTS   ******************
__________________________________________________________
Number of flows          =             1
Total time               =      9.999355 s
Total packets            =        129066
Minimum delay            =      0.000003 s
Maximum delay            =      1.000106 s
Average delay            =      0.001016 s
Average jitter           =      0.000185 s
Delay standard deviation =      0.031230 s
Bytes received           =      16520448
Average bitrate          =  13217.210910 Kbit/s
Average packet rate      =  12907.432529 pkt/s
Packets dropped          =             6 (0.00 %)
Average loss-burst size  =      6.000000 pkt
Error lines              =             0
----------------------------------------------------------
