ITGDec version 2.8.1 (r1023)
Compile-time options: bursty multiport
----------------------------------------------------------
Flow number: 1
From 192.168.10.9:37577
To    192.168.10.4:8999
----------------------------------------------------------
Total time               =      9.999383 s
Total packets            =        129923
Minimum delay            =      0.000003 s
Maximum delay            =      1.000098 s
Average delay            =      0.001077 s
Average jitter           =      0.000183 s
Delay standard deviation =      0.032218 s
Bytes received           =      16630144
Average bitrate          =  13304.936115 Kbit/s
Average packet rate      =  12993.101674 pkt/s
Packets dropped          =           119 (0.09 %)
Average loss-burst size  =    119.000000 pkt
----------------------------------------------------------

__________________________________________________________
****************  TOTAL RESULTS   ******************
__________________________________________________________
Number of flows          =             1
Total time               =      9.999383 s
Total packets            =        129923
Minimum delay            =      0.000003 s
Maximum delay            =      1.000098 s
Average delay            =      0.001077 s
Average jitter           =      0.000183 s
Delay standard deviation =      0.032218 s
Bytes received           =      16630144
Average bitrate          =  13304.936115 Kbit/s
Average packet rate      =  12993.101674 pkt/s
Packets dropped          =           119 (0.09 %)
Average loss-burst size  =    119.000000 pkt
Error lines              =             0
----------------------------------------------------------
