ITGDec version 2.8.1 (r1023)
Compile-time options: bursty multiport
----------------------------------------------------------
Flow number: 1
From 192.168.10.9:54662
To    192.168.10.4:8999
----------------------------------------------------------
Total time               =      9.999372 s
Total packets            =         33575
Minimum delay            =      0.000008 s
Maximum delay            =      1.000320 s
Average delay            =      0.001900 s
Average jitter           =      0.000640 s
Delay standard deviation =      0.040806 s
Bytes received           =      42976000
Average bitrate          =  34382.959250 Kbit/s
Average packet rate      =   3357.710864 pkt/s
Packets dropped          =             0 (0.00 %)
Average loss-burst size  =      0.000000 pkt
----------------------------------------------------------

__________________________________________________________
****************  TOTAL RESULTS   ******************
__________________________________________________________
Number of flows          =             1
Total time               =      9.999372 s
Total packets            =         33575
Minimum delay            =      0.000008 s
Maximum delay            =      1.000320 s
Average delay            =      0.001900 s
Average jitter           =      0.000640 s
Delay standard deviation =      0.040806 s
Bytes received           =      42976000
Average bitrate          =  34382.959250 Kbit/s
Average packet rate      =   3357.710864 pkt/s
Packets dropped          =             0 (0.00 %)
Average loss-burst size  =             0 pkt
Error lines              =             0
----------------------------------------------------------
