ITGDec version 2.8.1 (r1023)
Compile-time options: bursty multiport
----------------------------------------------------------
Flow number: 1
From 192.168.10.9:59395
To    192.168.10.4:8999
----------------------------------------------------------
Total time               =      9.999296 s
Total packets            =         33508
Minimum delay            =      0.000003 s
Maximum delay            =      1.000316 s
Average delay            =      0.001903 s
Average jitter           =      0.000642 s
Delay standard deviation =      0.040846 s
Bytes received           =      42890240
Average bitrate          =  34314.607748 Kbit/s
Average packet rate      =   3351.035913 pkt/s
Packets dropped          =             0 (0.00 %)
Average loss-burst size  =      0.000000 pkt
----------------------------------------------------------

__________________________________________________________
****************  TOTAL RESULTS   ******************
__________________________________________________________
Number of flows          =             1
Total time               =      9.999296 s
Total packets            =         33508
Minimum delay            =      0.000003 s
Maximum delay            =      1.000316 s
Average delay            =      0.001903 s
Average jitter           =      0.000642 s
Delay standard deviation =      0.040846 s
Bytes received           =      42890240
Average bitrate          =  34314.607748 Kbit/s
Average packet rate      =   3351.035913 pkt/s
Packets dropped          =             0 (0.00 %)
Average loss-burst size  =             0 pkt
Error lines              =             0
----------------------------------------------------------
