ITGDec version 2.8.1 (r1023)
Compile-time options: bursty multiport
----------------------------------------------------------
Flow number: 1
From 192.168.10.9:43870
To    192.168.10.4:8999
----------------------------------------------------------
Total time               =      8.937977 s
Total packets            =             6
Minimum delay            =      0.001706 s
Maximum delay            =      0.001872 s
Average delay            =      0.001769 s
Average jitter           =      0.000088 s
Delay standard deviation =      0.000064 s
Bytes received           =           852
Average bitrate          =      0.762589 Kbit/s
Average packet rate      =      0.671293 pkt/s
Packets dropped          =             0 (0.00 %)
Average loss-burst size  =      0.000000 pkt
----------------------------------------------------------

__________________________________________________________
****************  TOTAL RESULTS   ******************
__________________________________________________________
Number of flows          =             1
Total time               =      8.937977 s
Total packets            =             6
Minimum delay            =      0.001706 s
Maximum delay            =      0.001872 s
Average delay            =      0.001769 s
Average jitter           =      0.000088 s
Delay standard deviation =      0.000064 s
Bytes received           =           852
Average bitrate          =      0.762589 Kbit/s
Average packet rate      =      0.671293 pkt/s
Packets dropped          =             0 (0.00 %)
Average loss-burst size  =             0 pkt
Error lines              =             0
----------------------------------------------------------
