ITGDec version 2.8.1 (r1023)
Compile-time options: bursty multiport
----------------------------------------------------------
Flow number: 1
From 192.168.10.9:57523
To    192.168.10.4:8999
----------------------------------------------------------
Total time               =      9.999570 s
Total packets            =         67863
Minimum delay            =      0.000003 s
Maximum delay            =      1.000153 s
Average delay            =      0.001236 s
Average jitter           =      0.000318 s
Delay standard deviation =      0.033665 s
Bytes received           =      34745856
Average bitrate          =  27797.880109 Kbit/s
Average packet rate      =   6786.591823 pkt/s
Packets dropped          =             0 (0.00 %)
Average loss-burst size  =      0.000000 pkt
----------------------------------------------------------

__________________________________________________________
****************  TOTAL RESULTS   ******************
__________________________________________________________
Number of flows          =             1
Total time               =      9.999570 s
Total packets            =         67863
Minimum delay            =      0.000003 s
Maximum delay            =      1.000153 s
Average delay            =      0.001236 s
Average jitter           =      0.000318 s
Delay standard deviation =      0.033665 s
Bytes received           =      34745856
Average bitrate          =  27797.880109 Kbit/s
Average packet rate      =   6786.591823 pkt/s
Packets dropped          =             0 (0.00 %)
Average loss-burst size  =             0 pkt
Error lines              =             0
----------------------------------------------------------
