ITGDec version 2.8.1 (r1023)
Compile-time options: bursty multiport
----------------------------------------------------------
Flow number: 1
From 192.168.10.9:58577
To    192.168.10.4:8999
----------------------------------------------------------
Total time               =      9.999161 s
Total packets            =        129542
Minimum delay            =      0.000003 s
Maximum delay            =      1.000097 s
Average delay            =      0.000973 s
Average jitter           =      0.000184 s
Delay standard deviation =      0.030548 s
Bytes received           =      16581376
Average bitrate          =  13266.213835 Kbit/s
Average packet rate      =  12955.286949 pkt/s
Packets dropped          =           126 (0.10 %)
Average loss-burst size  =    126.000000 pkt
----------------------------------------------------------

__________________________________________________________
****************  TOTAL RESULTS   ******************
__________________________________________________________
Number of flows          =             1
Total time               =      9.999161 s
Total packets            =        129542
Minimum delay            =      0.000003 s
Maximum delay            =      1.000097 s
Average delay            =      0.000973 s
Average jitter           =      0.000184 s
Delay standard deviation =      0.030548 s
Bytes received           =      16581376
Average bitrate          =  13266.213835 Kbit/s
Average packet rate      =  12955.286949 pkt/s
Packets dropped          =           126 (0.10 %)
Average loss-burst size  =    126.000000 pkt
Error lines              =             0
----------------------------------------------------------
