ITGDec version 2.8.1 (r1023)
Compile-time options: bursty multiport
----------------------------------------------------------
Flow number: 1
From 192.168.10.9:42107
To    192.168.10.4:8999
----------------------------------------------------------
Total time               =      9.999226 s
Total packets            =         33510
Minimum delay            =      0.000004 s
Maximum delay            =      1.000317 s
Average delay            =      0.001932 s
Average jitter           =      0.000642 s
Delay standard deviation =      0.041208 s
Bytes received           =      42892800
Average bitrate          =  34316.896128 Kbit/s
Average packet rate      =   3351.259387 pkt/s
Packets dropped          =             0 (0.00 %)
Average loss-burst size  =      0.000000 pkt
----------------------------------------------------------

__________________________________________________________
****************  TOTAL RESULTS   ******************
__________________________________________________________
Number of flows          =             1
Total time               =      9.999226 s
Total packets            =         33510
Minimum delay            =      0.000004 s
Maximum delay            =      1.000317 s
Average delay            =      0.001932 s
Average jitter           =      0.000642 s
Delay standard deviation =      0.041208 s
Bytes received           =      42892800
Average bitrate          =  34316.896128 Kbit/s
Average packet rate      =   3351.259387 pkt/s
Packets dropped          =             0 (0.00 %)
Average loss-burst size  =             0 pkt
Error lines              =             0
----------------------------------------------------------
