ITGDec version 2.8.1 (r1023)
Compile-time options: bursty multiport
----------------------------------------------------------
Flow number: 1
From 192.168.10.9:60338
To    192.168.10.4:8999
----------------------------------------------------------
Total time               =      9.999373 s
Total packets            =         33540
Minimum delay            =      0.000008 s
Maximum delay            =      1.000320 s
Average delay            =      0.001932 s
Average jitter           =      0.000641 s
Delay standard deviation =      0.041189 s
Bytes received           =      42931200
Average bitrate          =  34347.113564 Kbit/s
Average packet rate      =   3354.210309 pkt/s
Packets dropped          =             0 (0.00 %)
Average loss-burst size  =      0.000000 pkt
----------------------------------------------------------

__________________________________________________________
****************  TOTAL RESULTS   ******************
__________________________________________________________
Number of flows          =             1
Total time               =      9.999373 s
Total packets            =         33540
Minimum delay            =      0.000008 s
Maximum delay            =      1.000320 s
Average delay            =      0.001932 s
Average jitter           =      0.000641 s
Delay standard deviation =      0.041189 s
Bytes received           =      42931200
Average bitrate          =  34347.113564 Kbit/s
Average packet rate      =   3354.210309 pkt/s
Packets dropped          =             0 (0.00 %)
Average loss-burst size  =             0 pkt
Error lines              =             0
----------------------------------------------------------
