ITGDec version 2.8.1 (r1023)
Compile-time options: bursty multiport
----------------------------------------------------------
Flow number: 1
From 192.168.10.9:55337
To    192.168.10.4:8999
----------------------------------------------------------
Total time               =      9.999083 s
Total packets            =        158396
Minimum delay            =      0.000002 s
Maximum delay            =      1.000202 s
Average delay            =      0.000893 s
Average jitter           =      0.000143 s
Delay standard deviation =      0.029426 s
Bytes received           =      10137344
Average bitrate          =   8110.618944 Kbit/s
Average packet rate      =  15841.052625 pkt/s
Packets dropped          =            65 (0.04 %)
Average loss-burst size  =     65.000000 pkt
----------------------------------------------------------

__________________________________________________________
****************  TOTAL RESULTS   ******************
__________________________________________________________
Number of flows          =             1
Total time               =      9.999083 s
Total packets            =        158396
Minimum delay            =      0.000002 s
Maximum delay            =      1.000202 s
Average delay            =      0.000893 s
Average jitter           =      0.000143 s
Delay standard deviation =      0.029426 s
Bytes received           =      10137344
Average bitrate          =   8110.618944 Kbit/s
Average packet rate      =  15841.052625 pkt/s
Packets dropped          =            65 (0.04 %)
Average loss-burst size  =     65.000000 pkt
Error lines              =             0
----------------------------------------------------------
