ITGDec version 2.8.1 (r1023)
Compile-time options: bursty multiport
----------------------------------------------------------
Flow number: 1
From 192.168.10.9:36859
To    192.168.10.4:8999
----------------------------------------------------------
Total time               =      9.999226 s
Total packets            =        129298
Minimum delay            =      0.000003 s
Maximum delay            =      1.000096 s
Average delay            =      0.000975 s
Average jitter           =      0.000184 s
Delay standard deviation =      0.030577 s
Bytes received           =      16550144
Average bitrate          =  13241.140064 Kbit/s
Average packet rate      =  12930.800844 pkt/s
Packets dropped          =           298 (0.23 %)
Average loss-burst size  =    298.000000 pkt
----------------------------------------------------------

__________________________________________________________
****************  TOTAL RESULTS   ******************
__________________________________________________________
Number of flows          =             1
Total time               =      9.999226 s
Total packets            =        129298
Minimum delay            =      0.000003 s
Maximum delay            =      1.000096 s
Average delay            =      0.000975 s
Average jitter           =      0.000184 s
Delay standard deviation =      0.030577 s
Bytes received           =      16550144
Average bitrate          =  13241.140064 Kbit/s
Average packet rate      =  12930.800844 pkt/s
Packets dropped          =           298 (0.23 %)
Average loss-burst size  =    298.000000 pkt
Error lines              =             0
----------------------------------------------------------
