ITGDec version 2.8.1 (r1023)
Compile-time options: bursty multiport
----------------------------------------------------------
Flow number: 1
From 192.168.10.9:51914
To    192.168.10.4:8999
----------------------------------------------------------
Total time               =      9.999373 s
Total packets            =        128811
Minimum delay            =      0.000003 s
Maximum delay            =      1.000101 s
Average delay            =      0.001025 s
Average jitter           =      0.000186 s
Delay standard deviation =      0.031385 s
Bytes received           =      16487808
Average bitrate          =  13191.073480 Kbit/s
Average packet rate      =  12881.907696 pkt/s
Packets dropped          =           234 (0.18 %)
Average loss-burst size  =     58.500000 pkt
----------------------------------------------------------

__________________________________________________________
****************  TOTAL RESULTS   ******************
__________________________________________________________
Number of flows          =             1
Total time               =      9.999373 s
Total packets            =        128811
Minimum delay            =      0.000003 s
Maximum delay            =      1.000101 s
Average delay            =      0.001025 s
Average jitter           =      0.000186 s
Delay standard deviation =      0.031385 s
Bytes received           =      16487808
Average bitrate          =  13191.073480 Kbit/s
Average packet rate      =  12881.907696 pkt/s
Packets dropped          =           234 (0.18 %)
Average loss-burst size  =     58.500000 pkt
Error lines              =             0
----------------------------------------------------------
