ITGDec version 2.8.1 (r1023)
Compile-time options: bursty multiport
----------------------------------------------------------
Flow number: 1
From 192.168.10.9:55253
To    192.168.10.4:8999
----------------------------------------------------------
Total time               =      9.999464 s
Total packets            =         67477
Minimum delay            =      0.000004 s
Maximum delay            =      1.000163 s
Average delay            =      0.001296 s
Average jitter           =      0.000334 s
Delay standard deviation =      0.034626 s
Bytes received           =      34548224
Average bitrate          =  27640.060707 Kbit/s
Average packet rate      =   6748.061696 pkt/s
Packets dropped          =             0 (0.00 %)
Average loss-burst size  =      0.000000 pkt
----------------------------------------------------------

__________________________________________________________
****************  TOTAL RESULTS   ******************
__________________________________________________________
Number of flows          =             1
Total time               =      9.999464 s
Total packets            =         67477
Minimum delay            =      0.000004 s
Maximum delay            =      1.000163 s
Average delay            =      0.001296 s
Average jitter           =      0.000334 s
Delay standard deviation =      0.034626 s
Bytes received           =      34548224
Average bitrate          =  27640.060707 Kbit/s
Average packet rate      =   6748.061696 pkt/s
Packets dropped          =             0 (0.00 %)
Average loss-burst size  =             0 pkt
Error lines              =             0
----------------------------------------------------------
