ITGDec version 2.8.1 (r1023)
Compile-time options: bursty multiport
----------------------------------------------------------
Flow number: 1
From 192.168.10.9:32940
To    192.168.10.4:8999
----------------------------------------------------------
Total time               =      9.999372 s
Total packets            =        102032
Minimum delay            =      0.000003 s
Maximum delay            =      1.000097 s
Average delay            =      0.001077 s
Average jitter           =      0.000223 s
Delay standard deviation =      0.032063 s
Bytes received           =      26120192
Average bitrate          =  20897.465961 Kbit/s
Average packet rate      =  10203.840801 pkt/s
Packets dropped          =           132 (0.13 %)
Average loss-burst size  =    132.000000 pkt
----------------------------------------------------------

__________________________________________________________
****************  TOTAL RESULTS   ******************
__________________________________________________________
Number of flows          =             1
Total time               =      9.999372 s
Total packets            =        102032
Minimum delay            =      0.000003 s
Maximum delay            =      1.000097 s
Average delay            =      0.001077 s
Average jitter           =      0.000223 s
Delay standard deviation =      0.032063 s
Bytes received           =      26120192
Average bitrate          =  20897.465961 Kbit/s
Average packet rate      =  10203.840801 pkt/s
Packets dropped          =           132 (0.13 %)
Average loss-burst size  =    132.000000 pkt
Error lines              =             0
----------------------------------------------------------
