ITGDec version 2.8.1 (r1023)
Compile-time options: bursty multiport
----------------------------------------------------------
Flow number: 1
From 192.168.10.9:59081
To    192.168.10.4:8999
----------------------------------------------------------
Total time               =      9.999459 s
Total packets            =        101972
Minimum delay            =      0.000005 s
Maximum delay            =      1.000112 s
Average delay            =      0.001038 s
Average jitter           =      0.000223 s
Delay standard deviation =      0.031456 s
Bytes received           =      26104832
Average bitrate          =  20884.995478 Kbit/s
Average packet rate      =  10197.751698 pkt/s
Packets dropped          =           125 (0.12 %)
Average loss-burst size  =    125.000000 pkt
----------------------------------------------------------

__________________________________________________________
****************  TOTAL RESULTS   ******************
__________________________________________________________
Number of flows          =             1
Total time               =      9.999459 s
Total packets            =        101972
Minimum delay            =      0.000005 s
Maximum delay            =      1.000112 s
Average delay            =      0.001038 s
Average jitter           =      0.000223 s
Delay standard deviation =      0.031456 s
Bytes received           =      26104832
Average bitrate          =  20884.995478 Kbit/s
Average packet rate      =  10197.751698 pkt/s
Packets dropped          =           125 (0.12 %)
Average loss-burst size  =    125.000000 pkt
Error lines              =             0
----------------------------------------------------------
