ITGDec version 2.8.1 (r1023)
Compile-time options: bursty multiport
----------------------------------------------------------
Flow number: 1
From 192.168.10.9:42098
To    192.168.10.4:8999
----------------------------------------------------------
Total time               =      9.997694 s
Total packets            =           989
Minimum delay            =      0.001343 s
Maximum delay            =      0.005493 s
Average delay            =      0.001626 s
Average jitter           =      0.000083 s
Delay standard deviation =      0.000184 s
Bytes received           =         63296
Average bitrate          =     50.648480 Kbit/s
Average packet rate      =     98.922812 pkt/s
Packets dropped          =             0 (0.00 %)
Average loss-burst size  =      0.000000 pkt
----------------------------------------------------------

__________________________________________________________
****************  TOTAL RESULTS   ******************
__________________________________________________________
Number of flows          =             1
Total time               =      9.997694 s
Total packets            =           989
Minimum delay            =      0.001343 s
Maximum delay            =      0.005493 s
Average delay            =      0.001626 s
Average jitter           =      0.000083 s
Delay standard deviation =      0.000184 s
Bytes received           =         63296
Average bitrate          =     50.648480 Kbit/s
Average packet rate      =     98.922812 pkt/s
Packets dropped          =             0 (0.00 %)
Average loss-burst size  =             0 pkt
Error lines              =             0
----------------------------------------------------------
