ITGDec version 2.8.1 (r1023)
Compile-time options: bursty multiport
----------------------------------------------------------
Flow number: 1
From 192.168.10.9:48769
To    192.168.10.4:8999
----------------------------------------------------------
Total time               =      9.993150 s
Total packets            =           238
Minimum delay            =      0.001390 s
Maximum delay            =      0.028479 s
Average delay            =      0.001626 s
Average jitter           =      0.000282 s
Delay standard deviation =      0.001745 s
Bytes received           =         10246
Average bitrate          =      8.202419 Kbit/s
Average packet rate      =     23.816314 pkt/s
Packets dropped          =             0 (0.00 %)
Average loss-burst size  =      0.000000 pkt
----------------------------------------------------------

__________________________________________________________
****************  TOTAL RESULTS   ******************
__________________________________________________________
Number of flows          =             1
Total time               =      9.993150 s
Total packets            =           238
Minimum delay            =      0.001390 s
Maximum delay            =      0.028479 s
Average delay            =      0.001626 s
Average jitter           =      0.000282 s
Delay standard deviation =      0.001745 s
Bytes received           =         10246
Average bitrate          =      8.202419 Kbit/s
Average packet rate      =     23.816314 pkt/s
Packets dropped          =             0 (0.00 %)
Average loss-burst size  =             0 pkt
Error lines              =             0
----------------------------------------------------------
