ITGDec version 2.8.1 (r1023)
Compile-time options: bursty multiport
----------------------------------------------------------
Flow number: 1
From 192.168.10.9:43590
To    192.168.10.4:8999
----------------------------------------------------------
Total time               =      8.937680 s
Total packets            =             6
Minimum delay            =      0.001685 s
Maximum delay            =      0.002079 s
Average delay            =      0.001826 s
Average jitter           =      0.000169 s
Delay standard deviation =      0.000127 s
Bytes received           =          1346
Average bitrate          =      1.204787 Kbit/s
Average packet rate      =      0.671315 pkt/s
Packets dropped          =             0 (0.00 %)
Average loss-burst size  =      0.000000 pkt
----------------------------------------------------------

__________________________________________________________
****************  TOTAL RESULTS   ******************
__________________________________________________________
Number of flows          =             1
Total time               =      8.937680 s
Total packets            =             6
Minimum delay            =      0.001685 s
Maximum delay            =      0.002079 s
Average delay            =      0.001826 s
Average jitter           =      0.000169 s
Delay standard deviation =      0.000127 s
Bytes received           =          1346
Average bitrate          =      1.204787 Kbit/s
Average packet rate      =      0.671315 pkt/s
Packets dropped          =             0 (0.00 %)
Average loss-burst size  =             0 pkt
Error lines              =             0
----------------------------------------------------------
