ITGDec version 2.8.1 (r1023)
Compile-time options: bursty multiport
----------------------------------------------------------
Flow number: 1
From 192.168.10.9:50987
To    192.168.10.4:8999
----------------------------------------------------------
Total time               =      9.999338 s
Total packets            =        166731
Minimum delay            =      0.000002 s
Maximum delay            =      1.000090 s
Average delay            =      0.000900 s
Average jitter           =      0.000137 s
Delay standard deviation =      0.029579 s
Bytes received           =      10670784
Average bitrate          =   8537.192362 Kbit/s
Average packet rate      =  16674.203832 pkt/s
Packets dropped          =           186 (0.11 %)
Average loss-burst size  =     62.000000 pkt
----------------------------------------------------------

__________________________________________________________
****************  TOTAL RESULTS   ******************
__________________________________________________________
Number of flows          =             1
Total time               =      9.999338 s
Total packets            =        166731
Minimum delay            =      0.000002 s
Maximum delay            =      1.000090 s
Average delay            =      0.000900 s
Average jitter           =      0.000137 s
Delay standard deviation =      0.029579 s
Bytes received           =      10670784
Average bitrate          =   8537.192362 Kbit/s
Average packet rate      =  16674.203832 pkt/s
Packets dropped          =           186 (0.11 %)
Average loss-burst size  =     62.000000 pkt
Error lines              =             0
----------------------------------------------------------
