ITGDec version 2.8.1 (r1023)
Compile-time options: bursty multiport
----------------------------------------------------------
Flow number: 1
From 192.168.10.9:58863
To    192.168.10.4:8999
----------------------------------------------------------
Total time               =      9.999406 s
Total packets            =         39486
Minimum delay            =      0.000004 s
Maximum delay            =      1.000269 s
Average delay            =      0.001759 s
Average jitter           =      0.000540 s
Delay standard deviation =      0.039274 s
Bytes received           =      40433664
Average bitrate          =  32348.852722 Kbit/s
Average packet rate      =   3948.834561 pkt/s
Packets dropped          =             0 (0.00 %)
Average loss-burst size  =      0.000000 pkt
----------------------------------------------------------

__________________________________________________________
****************  TOTAL RESULTS   ******************
__________________________________________________________
Number of flows          =             1
Total time               =      9.999406 s
Total packets            =         39486
Minimum delay            =      0.000004 s
Maximum delay            =      1.000269 s
Average delay            =      0.001759 s
Average jitter           =      0.000540 s
Delay standard deviation =      0.039274 s
Bytes received           =      40433664
Average bitrate          =  32348.852722 Kbit/s
Average packet rate      =   3948.834561 pkt/s
Packets dropped          =             0 (0.00 %)
Average loss-burst size  =             0 pkt
Error lines              =             0
----------------------------------------------------------
