ITGDec version 2.8.1 (r1023)
Compile-time options: bursty multiport
----------------------------------------------------------
Flow number: 1
From 192.168.10.9:49312
To    192.168.10.4:8999
----------------------------------------------------------
Total time               =      9.999088 s
Total packets            =        100034
Minimum delay            =      0.000004 s
Maximum delay            =      1.000101 s
Average delay            =      0.001086 s
Average jitter           =      0.000227 s
Delay standard deviation =      0.032227 s
Bytes received           =      25608704
Average bitrate          =  20488.831781 Kbit/s
Average packet rate      =  10004.312393 pkt/s
Packets dropped          =             0 (0.00 %)
Average loss-burst size  =      0.000000 pkt
----------------------------------------------------------

__________________________________________________________
****************  TOTAL RESULTS   ******************
__________________________________________________________
Number of flows          =             1
Total time               =      9.999088 s
Total packets            =        100034
Minimum delay            =      0.000004 s
Maximum delay            =      1.000101 s
Average delay            =      0.001086 s
Average jitter           =      0.000227 s
Delay standard deviation =      0.032227 s
Bytes received           =      25608704
Average bitrate          =  20488.831781 Kbit/s
Average packet rate      =  10004.312393 pkt/s
Packets dropped          =             0 (0.00 %)
Average loss-burst size  =             0 pkt
Error lines              =             0
----------------------------------------------------------
