ITGDec version 2.8.1 (r1023)
Compile-time options: bursty multiport
----------------------------------------------------------
Flow number: 1
From 192.168.10.9:47150
To    192.168.10.4:8999
----------------------------------------------------------
Total time               =      9.999025 s
Total packets            =        129777
Minimum delay            =      0.000003 s
Maximum delay            =      1.000098 s
Average delay            =      0.000971 s
Average jitter           =      0.000184 s
Delay standard deviation =      0.030520 s
Bytes received           =      16611456
Average bitrate          =  13290.460620 Kbit/s
Average packet rate      =  12978.965449 pkt/s
Packets dropped          =            19 (0.01 %)
Average loss-burst size  =     19.000000 pkt
----------------------------------------------------------

__________________________________________________________
****************  TOTAL RESULTS   ******************
__________________________________________________________
Number of flows          =             1
Total time               =      9.999025 s
Total packets            =        129777
Minimum delay            =      0.000003 s
Maximum delay            =      1.000098 s
Average delay            =      0.000971 s
Average jitter           =      0.000184 s
Delay standard deviation =      0.030520 s
Bytes received           =      16611456
Average bitrate          =  13290.460620 Kbit/s
Average packet rate      =  12978.965449 pkt/s
Packets dropped          =            19 (0.01 %)
Average loss-burst size  =     19.000000 pkt
Error lines              =             0
----------------------------------------------------------
