ITGDec version 2.8.1 (r1023)
Compile-time options: bursty multiport
----------------------------------------------------------
Flow number: 1
From 192.168.10.9:54808
To    192.168.10.4:8999
----------------------------------------------------------
Total time               =      9.999340 s
Total packets            =         67875
Minimum delay            =      0.000004 s
Maximum delay            =      1.000166 s
Average delay            =      0.001280 s
Average jitter           =      0.000318 s
Delay standard deviation =      0.034311 s
Bytes received           =      34752000
Average bitrate          =  27803.435027 Kbit/s
Average packet rate      =   6787.948005 pkt/s
Packets dropped          =             0 (0.00 %)
Average loss-burst size  =      0.000000 pkt
----------------------------------------------------------

__________________________________________________________
****************  TOTAL RESULTS   ******************
__________________________________________________________
Number of flows          =             1
Total time               =      9.999340 s
Total packets            =         67875
Minimum delay            =      0.000004 s
Maximum delay            =      1.000166 s
Average delay            =      0.001280 s
Average jitter           =      0.000318 s
Delay standard deviation =      0.034311 s
Bytes received           =      34752000
Average bitrate          =  27803.435027 Kbit/s
Average packet rate      =   6787.948005 pkt/s
Packets dropped          =             0 (0.00 %)
Average loss-burst size  =             0 pkt
Error lines              =             0
----------------------------------------------------------
