ITGDec version 2.8.1 (r1023)
Compile-time options: bursty multiport
----------------------------------------------------------
Flow number: 1
From 192.168.10.9:57011
To    192.168.10.4:8999
----------------------------------------------------------
Total time               =      9.999341 s
Total packets            =         68028
Minimum delay            =      0.000004 s
Maximum delay            =      1.000142 s
Average delay            =      0.001263 s
Average jitter           =      0.000316 s
Delay standard deviation =      0.034057 s
Bytes received           =      34830336
Average bitrate          =  27866.105176 Kbit/s
Average packet rate      =   6803.248334 pkt/s
Packets dropped          =             0 (0.00 %)
Average loss-burst size  =      0.000000 pkt
----------------------------------------------------------

__________________________________________________________
****************  TOTAL RESULTS   ******************
__________________________________________________________
Number of flows          =             1
Total time               =      9.999341 s
Total packets            =         68028
Minimum delay            =      0.000004 s
Maximum delay            =      1.000142 s
Average delay            =      0.001263 s
Average jitter           =      0.000316 s
Delay standard deviation =      0.034057 s
Bytes received           =      34830336
Average bitrate          =  27866.105176 Kbit/s
Average packet rate      =   6803.248334 pkt/s
Packets dropped          =             0 (0.00 %)
Average loss-burst size  =             0 pkt
Error lines              =             0
----------------------------------------------------------
