ITGDec version 2.8.1 (r1023)
Compile-time options: bursty multiport
----------------------------------------------------------
Flow number: 1
From 192.168.10.9:37808
To    192.168.10.4:8999
----------------------------------------------------------
Total time               =      9.987104 s
Total packets            =           240
Minimum delay            =      0.001445 s
Maximum delay            =      0.002614 s
Average delay            =      0.001598 s
Average jitter           =      0.000067 s
Delay standard deviation =      0.000084 s
Bytes received           =         10437
Average bitrate          =      8.360382 Kbit/s
Average packet rate      =     24.030990 pkt/s
Packets dropped          =             0 (0.00 %)
Average loss-burst size  =      0.000000 pkt
----------------------------------------------------------

__________________________________________________________
****************  TOTAL RESULTS   ******************
__________________________________________________________
Number of flows          =             1
Total time               =      9.987104 s
Total packets            =           240
Minimum delay            =      0.001445 s
Maximum delay            =      0.002614 s
Average delay            =      0.001598 s
Average jitter           =      0.000067 s
Delay standard deviation =      0.000084 s
Bytes received           =         10437
Average bitrate          =      8.360382 Kbit/s
Average packet rate      =     24.030990 pkt/s
Packets dropped          =             0 (0.00 %)
Average loss-burst size  =             0 pkt
Error lines              =             0
----------------------------------------------------------
