ITGDec version 2.8.1 (r1023)
Compile-time options: bursty multiport
----------------------------------------------------------
Flow number: 1
From 192.168.10.9:42203
To    192.168.10.4:8999
----------------------------------------------------------
Total time               =      9.999576 s
Total packets            =        102172
Minimum delay            =      0.000004 s
Maximum delay            =      1.000095 s
Average delay            =      0.001017 s
Average jitter           =      0.000222 s
Delay standard deviation =      0.031113 s
Bytes received           =      26156032
Average bitrate          =  20925.712850 Kbit/s
Average packet rate      =  10217.633228 pkt/s
Packets dropped          =             0 (0.00 %)
Average loss-burst size  =      0.000000 pkt
----------------------------------------------------------

__________________________________________________________
****************  TOTAL RESULTS   ******************
__________________________________________________________
Number of flows          =             1
Total time               =      9.999576 s
Total packets            =        102172
Minimum delay            =      0.000004 s
Maximum delay            =      1.000095 s
Average delay            =      0.001017 s
Average jitter           =      0.000222 s
Delay standard deviation =      0.031113 s
Bytes received           =      26156032
Average bitrate          =  20925.712850 Kbit/s
Average packet rate      =  10217.633228 pkt/s
Packets dropped          =             0 (0.00 %)
Average loss-burst size  =             0 pkt
Error lines              =             0
----------------------------------------------------------
