ITGDec version 2.8.1 (r1023)
Compile-time options: bursty multiport
----------------------------------------------------------
Flow number: 1
From 192.168.10.9:32989
To    192.168.10.4:8999
----------------------------------------------------------
Total time               =      9.968276 s
Total packets            =           243
Minimum delay            =      0.001406 s
Maximum delay            =      0.002954 s
Average delay            =      0.001524 s
Average jitter           =      0.000067 s
Delay standard deviation =      0.000106 s
Bytes received           =         10620
Average bitrate          =      8.523038 Kbit/s
Average packet rate      =     24.377335 pkt/s
Packets dropped          =             0 (0.00 %)
Average loss-burst size  =      0.000000 pkt
----------------------------------------------------------

__________________________________________________________
****************  TOTAL RESULTS   ******************
__________________________________________________________
Number of flows          =             1
Total time               =      9.968276 s
Total packets            =           243
Minimum delay            =      0.001406 s
Maximum delay            =      0.002954 s
Average delay            =      0.001524 s
Average jitter           =      0.000067 s
Delay standard deviation =      0.000106 s
Bytes received           =         10620
Average bitrate          =      8.523038 Kbit/s
Average packet rate      =     24.377335 pkt/s
Packets dropped          =             0 (0.00 %)
Average loss-burst size  =             0 pkt
Error lines              =             0
----------------------------------------------------------
