ITGDec version 2.8.1 (r1023)
Compile-time options: bursty multiport
----------------------------------------------------------
Flow number: 1
From 192.168.10.9:39493
To    192.168.10.4:8999
----------------------------------------------------------
Total time               =      9.999477 s
Total packets            =         39664
Minimum delay            =      0.000007 s
Maximum delay            =      1.000271 s
Average delay            =      0.001765 s
Average jitter           =      0.000534 s
Delay standard deviation =      0.039186 s
Bytes received           =      40615936
Average bitrate          =  32494.448260 Kbit/s
Average packet rate      =   3966.607454 pkt/s
Packets dropped          =             0 (0.00 %)
Average loss-burst size  =      0.000000 pkt
----------------------------------------------------------

__________________________________________________________
****************  TOTAL RESULTS   ******************
__________________________________________________________
Number of flows          =             1
Total time               =      9.999477 s
Total packets            =         39664
Minimum delay            =      0.000007 s
Maximum delay            =      1.000271 s
Average delay            =      0.001765 s
Average jitter           =      0.000534 s
Delay standard deviation =      0.039186 s
Bytes received           =      40615936
Average bitrate          =  32494.448260 Kbit/s
Average packet rate      =   3966.607454 pkt/s
Packets dropped          =             0 (0.00 %)
Average loss-burst size  =             0 pkt
Error lines              =             0
----------------------------------------------------------
