ITGDec version 2.8.1 (r1023)
Compile-time options: bursty multiport
----------------------------------------------------------
Flow number: 1
From 192.168.10.9:54947
To    192.168.10.4:8999
----------------------------------------------------------
Total time               =      9.999347 s
Total packets            =         99250
Minimum delay            =      0.000004 s
Maximum delay            =      1.000110 s
Average delay            =      0.001075 s
Average jitter           =      0.000230 s
Delay standard deviation =      0.032041 s
Bytes received           =      25408000
Average bitrate          =  20327.727401 Kbit/s
Average packet rate      =   9925.648145 pkt/s
Packets dropped          =           575 (0.58 %)
Average loss-burst size  =    575.000000 pkt
----------------------------------------------------------

__________________________________________________________
****************  TOTAL RESULTS   ******************
__________________________________________________________
Number of flows          =             1
Total time               =      9.999347 s
Total packets            =         99250
Minimum delay            =      0.000004 s
Maximum delay            =      1.000110 s
Average delay            =      0.001075 s
Average jitter           =      0.000230 s
Delay standard deviation =      0.032041 s
Bytes received           =      25408000
Average bitrate          =  20327.727401 Kbit/s
Average packet rate      =   9925.648145 pkt/s
Packets dropped          =           575 (0.58 %)
Average loss-burst size  =    575.000000 pkt
Error lines              =             0
----------------------------------------------------------
