ITGDec version 2.8.1 (r1023)
Compile-time options: bursty multiport
----------------------------------------------------------
Flow number: 1
From 192.168.10.9:39411
To    192.168.10.4:8999
----------------------------------------------------------
Total time               =      9.999185 s
Total packets            =         33443
Minimum delay            =      0.000007 s
Maximum delay            =      1.000317 s
Average delay            =      0.001848 s
Average jitter           =      0.000644 s
Delay standard deviation =      0.040151 s
Bytes received           =      42807040
Average bitrate          =  34248.423246 Kbit/s
Average packet rate      =   3344.572583 pkt/s
Packets dropped          =             0 (0.00 %)
Average loss-burst size  =      0.000000 pkt
----------------------------------------------------------

__________________________________________________________
****************  TOTAL RESULTS   ******************
__________________________________________________________
Number of flows          =             1
Total time               =      9.999185 s
Total packets            =         33443
Minimum delay            =      0.000007 s
Maximum delay            =      1.000317 s
Average delay            =      0.001848 s
Average jitter           =      0.000644 s
Delay standard deviation =      0.040151 s
Bytes received           =      42807040
Average bitrate          =  34248.423246 Kbit/s
Average packet rate      =   3344.572583 pkt/s
Packets dropped          =             0 (0.00 %)
Average loss-burst size  =             0 pkt
Error lines              =             0
----------------------------------------------------------
