ITGDec version 2.8.1 (r1023)
Compile-time options: bursty multiport
----------------------------------------------------------
Flow number: 1
From 192.168.10.9:50860
To    192.168.10.4:8999
----------------------------------------------------------
Total time               =      9.999357 s
Total packets            =         39508
Minimum delay            =      0.000007 s
Maximum delay            =      1.000270 s
Average delay            =      0.001841 s
Average jitter           =      0.000542 s
Delay standard deviation =      0.040215 s
Bytes received           =      40456192
Average bitrate          =  32367.034800 Kbit/s
Average packet rate      =   3951.054053 pkt/s
Packets dropped          =             0 (0.00 %)
Average loss-burst size  =      0.000000 pkt
----------------------------------------------------------

__________________________________________________________
****************  TOTAL RESULTS   ******************
__________________________________________________________
Number of flows          =             1
Total time               =      9.999357 s
Total packets            =         39508
Minimum delay            =      0.000007 s
Maximum delay            =      1.000270 s
Average delay            =      0.001841 s
Average jitter           =      0.000542 s
Delay standard deviation =      0.040215 s
Bytes received           =      40456192
Average bitrate          =  32367.034800 Kbit/s
Average packet rate      =   3951.054053 pkt/s
Packets dropped          =             0 (0.00 %)
Average loss-burst size  =             0 pkt
Error lines              =             0
----------------------------------------------------------
