ITGDec version 2.8.1 (r1023)
Compile-time options: bursty multiport
----------------------------------------------------------
Flow number: 1
From 192.168.10.9:58811
To    192.168.10.4:8999
----------------------------------------------------------
Total time               =      9.999255 s
Total packets            =        166864
Minimum delay            =      0.000002 s
Maximum delay            =      1.000078 s
Average delay            =      0.000900 s
Average jitter           =      0.000137 s
Delay standard deviation =      0.029567 s
Bytes received           =      10679296
Average bitrate          =   8544.073333 Kbit/s
Average packet rate      =  16687.643229 pkt/s
Packets dropped          =            92 (0.06 %)
Average loss-burst size  =     92.000000 pkt
----------------------------------------------------------

__________________________________________________________
****************  TOTAL RESULTS   ******************
__________________________________________________________
Number of flows          =             1
Total time               =      9.999255 s
Total packets            =        166864
Minimum delay            =      0.000002 s
Maximum delay            =      1.000078 s
Average delay            =      0.000900 s
Average jitter           =      0.000137 s
Delay standard deviation =      0.029567 s
Bytes received           =      10679296
Average bitrate          =   8544.073333 Kbit/s
Average packet rate      =  16687.643229 pkt/s
Packets dropped          =            92 (0.06 %)
Average loss-burst size  =     92.000000 pkt
Error lines              =             0
----------------------------------------------------------
