ITGDec version 2.8.1 (r1023)
Compile-time options: bursty multiport
----------------------------------------------------------
Flow number: 1
From 192.168.10.9:53206
To    192.168.10.4:8999
----------------------------------------------------------
Total time               =      9.999341 s
Total packets            =        165371
Minimum delay            =      0.000002 s
Maximum delay            =      1.000078 s
Average delay            =      0.000848 s
Average jitter           =      0.000139 s
Delay standard deviation =      0.028666 s
Bytes received           =      10583744
Average bitrate          =   8467.553212 Kbit/s
Average packet rate      =  16538.189867 pkt/s
Packets dropped          =             0 (0.00 %)
Average loss-burst size  =      0.000000 pkt
----------------------------------------------------------

__________________________________________________________
****************  TOTAL RESULTS   ******************
__________________________________________________________
Number of flows          =             1
Total time               =      9.999341 s
Total packets            =        165371
Minimum delay            =      0.000002 s
Maximum delay            =      1.000078 s
Average delay            =      0.000848 s
Average jitter           =      0.000139 s
Delay standard deviation =      0.028666 s
Bytes received           =      10583744
Average bitrate          =   8467.553212 Kbit/s
Average packet rate      =  16538.189867 pkt/s
Packets dropped          =             0 (0.00 %)
Average loss-burst size  =             0 pkt
Error lines              =             0
----------------------------------------------------------
