ITGDec version 2.8.1 (r1023)
Compile-time options: bursty multiport
----------------------------------------------------------
Flow number: 1
From 192.168.10.9:59408
To    192.168.10.4:8999
----------------------------------------------------------
Total time               =      9.999177 s
Total packets            =        128682
Minimum delay            =      0.000003 s
Maximum delay            =      1.000094 s
Average delay            =      0.000972 s
Average jitter           =      0.000185 s
Delay standard deviation =      0.030523 s
Bytes received           =      16471296
Average bitrate          =  13178.121359 Kbit/s
Average packet rate      =  12869.259140 pkt/s
Packets dropped          =           735 (0.57 %)
Average loss-burst size  =    122.500000 pkt
----------------------------------------------------------

__________________________________________________________
****************  TOTAL RESULTS   ******************
__________________________________________________________
Number of flows          =             1
Total time               =      9.999177 s
Total packets            =        128682
Minimum delay            =      0.000003 s
Maximum delay            =      1.000094 s
Average delay            =      0.000972 s
Average jitter           =      0.000185 s
Delay standard deviation =      0.030523 s
Bytes received           =      16471296
Average bitrate          =  13178.121359 Kbit/s
Average packet rate      =  12869.259140 pkt/s
Packets dropped          =           735 (0.57 %)
Average loss-burst size  =    122.500000 pkt
Error lines              =             0
----------------------------------------------------------
