ITGDec version 2.8.1 (r1023)
Compile-time options: bursty multiport
----------------------------------------------------------
Flow number: 1
From 192.168.10.9:46028
To    192.168.10.4:8999
----------------------------------------------------------
Total time               =      9.999391 s
Total packets            =        128839
Minimum delay            =      0.000003 s
Maximum delay            =      1.000096 s
Average delay            =      0.001002 s
Average jitter           =      0.000185 s
Delay standard deviation =      0.031009 s
Bytes received           =      16491392
Average bitrate          =  13193.917110 Kbit/s
Average packet rate      =  12884.684677 pkt/s
Packets dropped          =           171 (0.13 %)
Average loss-burst size  =     57.000000 pkt
----------------------------------------------------------

__________________________________________________________
****************  TOTAL RESULTS   ******************
__________________________________________________________
Number of flows          =             1
Total time               =      9.999391 s
Total packets            =        128839
Minimum delay            =      0.000003 s
Maximum delay            =      1.000096 s
Average delay            =      0.001002 s
Average jitter           =      0.000185 s
Delay standard deviation =      0.031009 s
Bytes received           =      16491392
Average bitrate          =  13193.917110 Kbit/s
Average packet rate      =  12884.684677 pkt/s
Packets dropped          =           171 (0.13 %)
Average loss-burst size  =     57.000000 pkt
Error lines              =             0
----------------------------------------------------------
