ITGDec version 2.8.1 (r1023)
Compile-time options: bursty multiport
----------------------------------------------------------
Flow number: 1
From 192.168.10.9:35072
To    192.168.10.4:8999
----------------------------------------------------------
Total time               =      9.999308 s
Total packets            =         39517
Minimum delay            =      0.000006 s
Maximum delay            =      1.000267 s
Average delay            =      0.001764 s
Average jitter           =      0.000540 s
Delay standard deviation =      0.039259 s
Bytes received           =      40465408
Average bitrate          =  32374.566720 Kbit/s
Average packet rate      =   3951.973477 pkt/s
Packets dropped          =             0 (0.00 %)
Average loss-burst size  =      0.000000 pkt
----------------------------------------------------------

__________________________________________________________
****************  TOTAL RESULTS   ******************
__________________________________________________________
Number of flows          =             1
Total time               =      9.999308 s
Total packets            =         39517
Minimum delay            =      0.000006 s
Maximum delay            =      1.000267 s
Average delay            =      0.001764 s
Average jitter           =      0.000540 s
Delay standard deviation =      0.039259 s
Bytes received           =      40465408
Average bitrate          =  32374.566720 Kbit/s
Average packet rate      =   3951.973477 pkt/s
Packets dropped          =             0 (0.00 %)
Average loss-burst size  =             0 pkt
Error lines              =             0
----------------------------------------------------------
