ITGDec version 2.8.1 (r1023)
Compile-time options: bursty multiport
----------------------------------------------------------
Flow number: 1
From 192.168.10.9:46387
To    192.168.10.4:8999
----------------------------------------------------------
Total time               =      9.999426 s
Total packets            =        129183
Minimum delay            =      0.000003 s
Maximum delay            =      1.000094 s
Average delay            =      0.000975 s
Average jitter           =      0.000185 s
Delay standard deviation =      0.030591 s
Bytes received           =      16535424
Average bitrate          =  13229.098550 Kbit/s
Average packet rate      =  12919.041553 pkt/s
Packets dropped          =           245 (0.19 %)
Average loss-burst size  =    245.000000 pkt
----------------------------------------------------------

__________________________________________________________
****************  TOTAL RESULTS   ******************
__________________________________________________________
Number of flows          =             1
Total time               =      9.999426 s
Total packets            =        129183
Minimum delay            =      0.000003 s
Maximum delay            =      1.000094 s
Average delay            =      0.000975 s
Average jitter           =      0.000185 s
Delay standard deviation =      0.030591 s
Bytes received           =      16535424
Average bitrate          =  13229.098550 Kbit/s
Average packet rate      =  12919.041553 pkt/s
Packets dropped          =           245 (0.19 %)
Average loss-burst size  =    245.000000 pkt
Error lines              =             0
----------------------------------------------------------
