ITGDec version 2.8.1 (r1023)
Compile-time options: bursty multiport
----------------------------------------------------------
Flow number: 1
From 192.168.10.9:36432
To    192.168.10.4:8999
----------------------------------------------------------
Total time               =      9.975644 s
Total packets            =           216
Minimum delay            =      0.001440 s
Maximum delay            =      0.002157 s
Average delay            =      0.001623 s
Average jitter           =      0.000069 s
Delay standard deviation =      0.000068 s
Bytes received           =          9390
Average bitrate          =      7.530341 Kbit/s
Average packet rate      =     21.652737 pkt/s
Packets dropped          =             0 (0.00 %)
Average loss-burst size  =      0.000000 pkt
----------------------------------------------------------

__________________________________________________________
****************  TOTAL RESULTS   ******************
__________________________________________________________
Number of flows          =             1
Total time               =      9.975644 s
Total packets            =           216
Minimum delay            =      0.001440 s
Maximum delay            =      0.002157 s
Average delay            =      0.001623 s
Average jitter           =      0.000069 s
Delay standard deviation =      0.000068 s
Bytes received           =          9390
Average bitrate          =      7.530341 Kbit/s
Average packet rate      =     21.652737 pkt/s
Packets dropped          =             0 (0.00 %)
Average loss-burst size  =             0 pkt
Error lines              =             0
----------------------------------------------------------
