ITGDec version 2.8.1 (r1023)
Compile-time options: bursty multiport
----------------------------------------------------------
Flow number: 1
From 192.168.10.9:56559
To    192.168.10.4:8999
----------------------------------------------------------
Total time               =      9.999207 s
Total packets            =         33471
Minimum delay            =      0.000006 s
Maximum delay            =      1.000318 s
Average delay            =      0.001904 s
Average jitter           =      0.000644 s
Delay standard deviation =      0.040869 s
Bytes received           =      42842880
Average bitrate          =  34277.022168 Kbit/s
Average packet rate      =   3347.365446 pkt/s
Packets dropped          =             0 (0.00 %)
Average loss-burst size  =      0.000000 pkt
----------------------------------------------------------

__________________________________________________________
****************  TOTAL RESULTS   ******************
__________________________________________________________
Number of flows          =             1
Total time               =      9.999207 s
Total packets            =         33471
Minimum delay            =      0.000006 s
Maximum delay            =      1.000318 s
Average delay            =      0.001904 s
Average jitter           =      0.000644 s
Delay standard deviation =      0.040869 s
Bytes received           =      42842880
Average bitrate          =  34277.022168 Kbit/s
Average packet rate      =   3347.365446 pkt/s
Packets dropped          =             0 (0.00 %)
Average loss-burst size  =             0 pkt
Error lines              =             0
----------------------------------------------------------
