ITGDec version 2.8.1 (r1023)
Compile-time options: bursty multiport
----------------------------------------------------------
Flow number: 1
From 192.168.10.9:34651
To    192.168.10.4:8999
----------------------------------------------------------
Total time               =      9.999299 s
Total packets            =         67501
Minimum delay            =      0.000004 s
Maximum delay            =      1.000157 s
Average delay            =      0.001227 s
Average jitter           =      0.000321 s
Delay standard deviation =      0.033536 s
Bytes received           =      34560512
Average bitrate          =  27650.347889 Kbit/s
Average packet rate      =   6750.573215 pkt/s
Packets dropped          =            49 (0.07 %)
Average loss-burst size  =     49.000000 pkt
----------------------------------------------------------

__________________________________________________________
****************  TOTAL RESULTS   ******************
__________________________________________________________
Number of flows          =             1
Total time               =      9.999299 s
Total packets            =         67501
Minimum delay            =      0.000004 s
Maximum delay            =      1.000157 s
Average delay            =      0.001227 s
Average jitter           =      0.000321 s
Delay standard deviation =      0.033536 s
Bytes received           =      34560512
Average bitrate          =  27650.347889 Kbit/s
Average packet rate      =   6750.573215 pkt/s
Packets dropped          =            49 (0.07 %)
Average loss-burst size  =     49.000000 pkt
Error lines              =             0
----------------------------------------------------------
