ITGDec version 2.8.1 (r1023)
Compile-time options: bursty multiport
----------------------------------------------------------
Flow number: 1
From 192.168.10.9:41944
To    192.168.10.4:8999
----------------------------------------------------------
Total time               =      9.999462 s
Total packets            =        167243
Minimum delay            =      0.000002 s
Maximum delay            =      1.000082 s
Average delay            =      0.000856 s
Average jitter           =      0.000136 s
Delay standard deviation =      0.028817 s
Bytes received           =      10703552
Average bitrate          =   8563.302306 Kbit/s
Average packet rate      =  16725.199816 pkt/s
Packets dropped          =             0 (0.00 %)
Average loss-burst size  =      0.000000 pkt
----------------------------------------------------------

__________________________________________________________
****************  TOTAL RESULTS   ******************
__________________________________________________________
Number of flows          =             1
Total time               =      9.999462 s
Total packets            =        167243
Minimum delay            =      0.000002 s
Maximum delay            =      1.000082 s
Average delay            =      0.000856 s
Average jitter           =      0.000136 s
Delay standard deviation =      0.028817 s
Bytes received           =      10703552
Average bitrate          =   8563.302306 Kbit/s
Average packet rate      =  16725.199816 pkt/s
Packets dropped          =             0 (0.00 %)
Average loss-burst size  =             0 pkt
Error lines              =             0
----------------------------------------------------------
