ITGDec version 2.8.1 (r1023)
Compile-time options: bursty multiport
----------------------------------------------------------
Flow number: 1
From 192.168.10.9:60295
To    192.168.10.4:8999
----------------------------------------------------------
Total time               =      9.999132 s
Total packets            =         33425
Minimum delay            =      0.000008 s
Maximum delay            =      1.000304 s
Average delay            =      0.001874 s
Average jitter           =      0.000645 s
Delay standard deviation =      0.040531 s
Bytes received           =      42784000
Average bitrate          =  34230.171179 Kbit/s
Average packet rate      =   3342.790154 pkt/s
Packets dropped          =             0 (0.00 %)
Average loss-burst size  =      0.000000 pkt
----------------------------------------------------------

__________________________________________________________
****************  TOTAL RESULTS   ******************
__________________________________________________________
Number of flows          =             1
Total time               =      9.999132 s
Total packets            =         33425
Minimum delay            =      0.000008 s
Maximum delay            =      1.000304 s
Average delay            =      0.001874 s
Average jitter           =      0.000645 s
Delay standard deviation =      0.040531 s
Bytes received           =      42784000
Average bitrate          =  34230.171179 Kbit/s
Average packet rate      =   3342.790154 pkt/s
Packets dropped          =             0 (0.00 %)
Average loss-burst size  =             0 pkt
Error lines              =             0
----------------------------------------------------------
