ITGDec version 2.8.1 (r1023)
Compile-time options: bursty multiport
----------------------------------------------------------
Flow number: 1
From 192.168.10.9:60750
To    192.168.10.4:8999
----------------------------------------------------------
Total time               =      9.980850 s
Total packets            =           240
Minimum delay            =      0.001401 s
Maximum delay            =      0.002112 s
Average delay            =      0.001518 s
Average jitter           =      0.000060 s
Delay standard deviation =      0.000064 s
Bytes received           =         10579
Average bitrate          =      8.479438 Kbit/s
Average packet rate      =     24.046048 pkt/s
Packets dropped          =             0 (0.00 %)
Average loss-burst size  =      0.000000 pkt
----------------------------------------------------------

__________________________________________________________
****************  TOTAL RESULTS   ******************
__________________________________________________________
Number of flows          =             1
Total time               =      9.980850 s
Total packets            =           240
Minimum delay            =      0.001401 s
Maximum delay            =      0.002112 s
Average delay            =      0.001518 s
Average jitter           =      0.000060 s
Delay standard deviation =      0.000064 s
Bytes received           =         10579
Average bitrate          =      8.479438 Kbit/s
Average packet rate      =     24.046048 pkt/s
Packets dropped          =             0 (0.00 %)
Average loss-burst size  =             0 pkt
Error lines              =             0
----------------------------------------------------------
