ITGDec version 2.8.1 (r1023)
Compile-time options: bursty multiport
----------------------------------------------------------
Flow number: 1
From 192.168.10.9:49442
To    192.168.10.4:8999
----------------------------------------------------------
Total time               =      9.999591 s
Total packets            =         67952
Minimum delay            =      0.000004 s
Maximum delay            =      1.000150 s
Average delay            =      0.001219 s
Average jitter           =      0.000318 s
Delay standard deviation =      0.033424 s
Bytes received           =      34791424
Average bitrate          =  27834.277622 Kbit/s
Average packet rate      =   6795.477935 pkt/s
Packets dropped          =             0 (0.00 %)
Average loss-burst size  =      0.000000 pkt
----------------------------------------------------------

__________________________________________________________
****************  TOTAL RESULTS   ******************
__________________________________________________________
Number of flows          =             1
Total time               =      9.999591 s
Total packets            =         67952
Minimum delay            =      0.000004 s
Maximum delay            =      1.000150 s
Average delay            =      0.001219 s
Average jitter           =      0.000318 s
Delay standard deviation =      0.033424 s
Bytes received           =      34791424
Average bitrate          =  27834.277622 Kbit/s
Average packet rate      =   6795.477935 pkt/s
Packets dropped          =             0 (0.00 %)
Average loss-burst size  =             0 pkt
Error lines              =             0
----------------------------------------------------------
