ITGDec version 2.8.1 (r1023)
Compile-time options: bursty multiport
----------------------------------------------------------
Flow number: 1
From 192.168.10.9:38671
To    192.168.10.4:8999
----------------------------------------------------------
Total time               =      9.984013 s
Total packets            =           238
Minimum delay            =      0.001438 s
Maximum delay            =      0.002704 s
Average delay            =      0.001596 s
Average jitter           =      0.000073 s
Delay standard deviation =      0.000090 s
Bytes received           =         10631
Average bitrate          =      8.518418 Kbit/s
Average packet rate      =     23.838110 pkt/s
Packets dropped          =             0 (0.00 %)
Average loss-burst size  =      0.000000 pkt
----------------------------------------------------------

__________________________________________________________
****************  TOTAL RESULTS   ******************
__________________________________________________________
Number of flows          =             1
Total time               =      9.984013 s
Total packets            =           238
Minimum delay            =      0.001438 s
Maximum delay            =      0.002704 s
Average delay            =      0.001596 s
Average jitter           =      0.000073 s
Delay standard deviation =      0.000090 s
Bytes received           =         10631
Average bitrate          =      8.518418 Kbit/s
Average packet rate      =     23.838110 pkt/s
Packets dropped          =             0 (0.00 %)
Average loss-burst size  =             0 pkt
Error lines              =             0
----------------------------------------------------------
