ITGDec version 2.8.1 (r1023)
Compile-time options: bursty multiport
----------------------------------------------------------
Flow number: 1
From 192.168.10.9:54422
To    192.168.10.4:8999
----------------------------------------------------------
Total time               =      9.999345 s
Total packets            =        129014
Minimum delay            =      0.000003 s
Maximum delay            =      1.000102 s
Average delay            =      0.000992 s
Average jitter           =      0.000184 s
Delay standard deviation =      0.030862 s
Bytes received           =      16513792
Average bitrate          =  13211.898979 Kbit/s
Average packet rate      =  12902.245097 pkt/s
Packets dropped          =           827 (0.64 %)
Average loss-burst size  =    827.000000 pkt
----------------------------------------------------------

__________________________________________________________
****************  TOTAL RESULTS   ******************
__________________________________________________________
Number of flows          =             1
Total time               =      9.999345 s
Total packets            =        129014
Minimum delay            =      0.000003 s
Maximum delay            =      1.000102 s
Average delay            =      0.000992 s
Average jitter           =      0.000184 s
Delay standard deviation =      0.030862 s
Bytes received           =      16513792
Average bitrate          =  13211.898979 Kbit/s
Average packet rate      =  12902.245097 pkt/s
Packets dropped          =           827 (0.64 %)
Average loss-burst size  =    827.000000 pkt
Error lines              =             0
----------------------------------------------------------
