ITGDec version 2.8.1 (r1023)
Compile-time options: bursty multiport
----------------------------------------------------------
Flow number: 1
From 192.168.10.9:42789
To    192.168.10.4:8999
----------------------------------------------------------
Total time               =      9.992574 s
Total packets            =           241
Minimum delay            =      0.001340 s
Maximum delay            =      0.002460 s
Average delay            =      0.001599 s
Average jitter           =      0.000074 s
Delay standard deviation =      0.000089 s
Bytes received           =         10514
Average bitrate          =      8.417451 Kbit/s
Average packet rate      =     24.117910 pkt/s
Packets dropped          =             0 (0.00 %)
Average loss-burst size  =      0.000000 pkt
----------------------------------------------------------

__________________________________________________________
****************  TOTAL RESULTS   ******************
__________________________________________________________
Number of flows          =             1
Total time               =      9.992574 s
Total packets            =           241
Minimum delay            =      0.001340 s
Maximum delay            =      0.002460 s
Average delay            =      0.001599 s
Average jitter           =      0.000074 s
Delay standard deviation =      0.000089 s
Bytes received           =         10514
Average bitrate          =      8.417451 Kbit/s
Average packet rate      =     24.117910 pkt/s
Packets dropped          =             0 (0.00 %)
Average loss-burst size  =             0 pkt
Error lines              =             0
----------------------------------------------------------
