ITGDec version 2.8.1 (r1023)
Compile-time options: bursty multiport
----------------------------------------------------------
Flow number: 1
From 192.168.10.9:33452
To    192.168.10.4:8999
----------------------------------------------------------
Total time               =      9.999229 s
Total packets            =        129195
Minimum delay            =      0.000003 s
Maximum delay            =      1.000097 s
Average delay            =      0.000952 s
Average jitter           =      0.000185 s
Delay standard deviation =      0.030208 s
Bytes received           =      16536960
Average bitrate          =  13230.588078 Kbit/s
Average packet rate      =  12920.496170 pkt/s
Packets dropped          =           306 (0.24 %)
Average loss-burst size  =    102.000000 pkt
----------------------------------------------------------

__________________________________________________________
****************  TOTAL RESULTS   ******************
__________________________________________________________
Number of flows          =             1
Total time               =      9.999229 s
Total packets            =        129195
Minimum delay            =      0.000003 s
Maximum delay            =      1.000097 s
Average delay            =      0.000952 s
Average jitter           =      0.000185 s
Delay standard deviation =      0.030208 s
Bytes received           =      16536960
Average bitrate          =  13230.588078 Kbit/s
Average packet rate      =  12920.496170 pkt/s
Packets dropped          =           306 (0.24 %)
Average loss-burst size  =    102.000000 pkt
Error lines              =             0
----------------------------------------------------------
