ITGDec version 2.8.1 (r1023)
Compile-time options: bursty multiport
----------------------------------------------------------
Flow number: 1
From 192.168.10.9:45305
To    192.168.10.4:8999
----------------------------------------------------------
Total time               =      9.999299 s
Total packets            =        170223
Minimum delay            =      0.000002 s
Maximum delay            =      1.000075 s
Average delay            =      0.000946 s
Average jitter           =      0.000133 s
Delay standard deviation =      0.030356 s
Bytes received           =      10894272
Average bitrate          =   8716.028594 Kbit/s
Average packet rate      =  17023.493347 pkt/s
Packets dropped          =           625 (0.37 %)
Average loss-burst size  =    625.000000 pkt
----------------------------------------------------------

__________________________________________________________
****************  TOTAL RESULTS   ******************
__________________________________________________________
Number of flows          =             1
Total time               =      9.999299 s
Total packets            =        170223
Minimum delay            =      0.000002 s
Maximum delay            =      1.000075 s
Average delay            =      0.000946 s
Average jitter           =      0.000133 s
Delay standard deviation =      0.030356 s
Bytes received           =      10894272
Average bitrate          =   8716.028594 Kbit/s
Average packet rate      =  17023.493347 pkt/s
Packets dropped          =           625 (0.37 %)
Average loss-burst size  =    625.000000 pkt
Error lines              =             0
----------------------------------------------------------
