ITGDec version 2.8.1 (r1023)
Compile-time options: bursty multiport
----------------------------------------------------------
Flow number: 1
From 192.168.10.9:55558
To    192.168.10.4:8999
----------------------------------------------------------
Total time               =      9.999316 s
Total packets            =        102023
Minimum delay            =      0.000005 s
Maximum delay            =      1.000103 s
Average delay            =      0.001037 s
Average jitter           =      0.000223 s
Delay standard deviation =      0.031448 s
Bytes received           =      26117888
Average bitrate          =  20895.739669 Kbit/s
Average packet rate      =  10202.997885 pkt/s
Packets dropped          =           216 (0.21 %)
Average loss-burst size  =    216.000000 pkt
----------------------------------------------------------

__________________________________________________________
****************  TOTAL RESULTS   ******************
__________________________________________________________
Number of flows          =             1
Total time               =      9.999316 s
Total packets            =        102023
Minimum delay            =      0.000005 s
Maximum delay            =      1.000103 s
Average delay            =      0.001037 s
Average jitter           =      0.000223 s
Delay standard deviation =      0.031448 s
Bytes received           =      26117888
Average bitrate          =  20895.739669 Kbit/s
Average packet rate      =  10202.997885 pkt/s
Packets dropped          =           216 (0.21 %)
Average loss-burst size  =    216.000000 pkt
Error lines              =             0
----------------------------------------------------------
