ITGDec version 2.8.1 (r1023)
Compile-time options: bursty multiport
----------------------------------------------------------
Flow number: 1
From 192.168.10.9:58274
To    192.168.10.4:8999
----------------------------------------------------------
Total time               =      9.999156 s
Total packets            =        166264
Minimum delay            =      0.000002 s
Maximum delay            =      1.000083 s
Average delay            =      0.000915 s
Average jitter           =      0.000137 s
Delay standard deviation =      0.029822 s
Bytes received           =      10640896
Average bitrate          =   8513.435334 Kbit/s
Average packet rate      =  16627.803387 pkt/s
Packets dropped          =           138 (0.08 %)
Average loss-burst size  =    138.000000 pkt
----------------------------------------------------------

__________________________________________________________
****************  TOTAL RESULTS   ******************
__________________________________________________________
Number of flows          =             1
Total time               =      9.999156 s
Total packets            =        166264
Minimum delay            =      0.000002 s
Maximum delay            =      1.000083 s
Average delay            =      0.000915 s
Average jitter           =      0.000137 s
Delay standard deviation =      0.029822 s
Bytes received           =      10640896
Average bitrate          =   8513.435334 Kbit/s
Average packet rate      =  16627.803387 pkt/s
Packets dropped          =           138 (0.08 %)
Average loss-burst size  =    138.000000 pkt
Error lines              =             0
----------------------------------------------------------
