ITGDec version 2.8.1 (r1023)
Compile-time options: bursty multiport
----------------------------------------------------------
Flow number: 1
From 192.168.10.9:35589
To    192.168.10.4:8999
----------------------------------------------------------
Total time               =      9.999129 s
Total packets            =         39694
Minimum delay            =      0.000004 s
Maximum delay            =      1.000267 s
Average delay            =      0.001762 s
Average jitter           =      0.000531 s
Delay standard deviation =      0.039171 s
Bytes received           =      40646656
Average bitrate          =  32520.157306 Kbit/s
Average packet rate      =   3969.745765 pkt/s
Packets dropped          =             0 (0.00 %)
Average loss-burst size  =      0.000000 pkt
----------------------------------------------------------

__________________________________________________________
****************  TOTAL RESULTS   ******************
__________________________________________________________
Number of flows          =             1
Total time               =      9.999129 s
Total packets            =         39694
Minimum delay            =      0.000004 s
Maximum delay            =      1.000267 s
Average delay            =      0.001762 s
Average jitter           =      0.000531 s
Delay standard deviation =      0.039171 s
Bytes received           =      40646656
Average bitrate          =  32520.157306 Kbit/s
Average packet rate      =   3969.745765 pkt/s
Packets dropped          =             0 (0.00 %)
Average loss-burst size  =             0 pkt
Error lines              =             0
----------------------------------------------------------
