ITGDec version 2.8.1 (r1023)
Compile-time options: bursty multiport
----------------------------------------------------------
Flow number: 1
From 192.168.10.9:42210
To    192.168.10.4:8999
----------------------------------------------------------
Total time               =      9.999260 s
Total packets            =         39583
Minimum delay            =      0.000007 s
Maximum delay            =      1.000276 s
Average delay            =      0.001758 s
Average jitter           =      0.000532 s
Delay standard deviation =      0.039227 s
Bytes received           =      40532992
Average bitrate          =  32428.793331 Kbit/s
Average packet rate      =   3958.592936 pkt/s
Packets dropped          =             0 (0.00 %)
Average loss-burst size  =      0.000000 pkt
----------------------------------------------------------

__________________________________________________________
****************  TOTAL RESULTS   ******************
__________________________________________________________
Number of flows          =             1
Total time               =      9.999260 s
Total packets            =         39583
Minimum delay            =      0.000007 s
Maximum delay            =      1.000276 s
Average delay            =      0.001758 s
Average jitter           =      0.000532 s
Delay standard deviation =      0.039227 s
Bytes received           =      40532992
Average bitrate          =  32428.793331 Kbit/s
Average packet rate      =   3958.592936 pkt/s
Packets dropped          =             0 (0.00 %)
Average loss-burst size  =             0 pkt
Error lines              =             0
----------------------------------------------------------
