ITGDec version 2.8.1 (r1023)
Compile-time options: bursty multiport
----------------------------------------------------------
Flow number: 1
From 192.168.10.9:52391
To    192.168.10.4:8999
----------------------------------------------------------
Total time               =      9.999414 s
Total packets            =         33451
Minimum delay            =      0.000006 s
Maximum delay            =      1.000306 s
Average delay            =      0.001874 s
Average jitter           =      0.000645 s
Delay standard deviation =      0.040515 s
Bytes received           =      42817280
Average bitrate          =  34255.831392 Kbit/s
Average packet rate      =   3345.296034 pkt/s
Packets dropped          =             0 (0.00 %)
Average loss-burst size  =      0.000000 pkt
----------------------------------------------------------

__________________________________________________________
****************  TOTAL RESULTS   ******************
__________________________________________________________
Number of flows          =             1
Total time               =      9.999414 s
Total packets            =         33451
Minimum delay            =      0.000006 s
Maximum delay            =      1.000306 s
Average delay            =      0.001874 s
Average jitter           =      0.000645 s
Delay standard deviation =      0.040515 s
Bytes received           =      42817280
Average bitrate          =  34255.831392 Kbit/s
Average packet rate      =   3345.296034 pkt/s
Packets dropped          =             0 (0.00 %)
Average loss-burst size  =             0 pkt
Error lines              =             0
----------------------------------------------------------
