ITGDec version 2.8.1 (r1023)
Compile-time options: bursty multiport
----------------------------------------------------------
Flow number: 1
From 192.168.10.9:40510
To    192.168.10.4:8999
----------------------------------------------------------
Total time               =      9.999493 s
Total packets            =         66453
Minimum delay            =      0.000004 s
Maximum delay            =      1.000173 s
Average delay            =      0.001299 s
Average jitter           =      0.000338 s
Delay standard deviation =      0.034676 s
Bytes received           =      34023936
Average bitrate          =  27220.528881 Kbit/s
Average packet rate      =   6645.636934 pkt/s
Packets dropped          =            53 (0.08 %)
Average loss-burst size  =     53.000000 pkt
----------------------------------------------------------

__________________________________________________________
****************  TOTAL RESULTS   ******************
__________________________________________________________
Number of flows          =             1
Total time               =      9.999493 s
Total packets            =         66453
Minimum delay            =      0.000004 s
Maximum delay            =      1.000173 s
Average delay            =      0.001299 s
Average jitter           =      0.000338 s
Delay standard deviation =      0.034676 s
Bytes received           =      34023936
Average bitrate          =  27220.528881 Kbit/s
Average packet rate      =   6645.636934 pkt/s
Packets dropped          =            53 (0.08 %)
Average loss-burst size  =     53.000000 pkt
Error lines              =             0
----------------------------------------------------------
