ITGDec version 2.8.1 (r1023)
Compile-time options: bursty multiport
----------------------------------------------------------
Flow number: 1
From 192.168.10.9:49241
To    192.168.10.4:8999
----------------------------------------------------------
Total time               =      8.938015 s
Total packets            =             6
Minimum delay            =      0.001617 s
Maximum delay            =      0.001928 s
Average delay            =      0.001761 s
Average jitter           =      0.000123 s
Delay standard deviation =      0.000094 s
Bytes received           =          1269
Average bitrate          =      1.135823 Kbit/s
Average packet rate      =      0.671290 pkt/s
Packets dropped          =             0 (0.00 %)
Average loss-burst size  =      0.000000 pkt
----------------------------------------------------------

__________________________________________________________
****************  TOTAL RESULTS   ******************
__________________________________________________________
Number of flows          =             1
Total time               =      8.938015 s
Total packets            =             6
Minimum delay            =      0.001617 s
Maximum delay            =      0.001928 s
Average delay            =      0.001761 s
Average jitter           =      0.000123 s
Delay standard deviation =      0.000094 s
Bytes received           =          1269
Average bitrate          =      1.135823 Kbit/s
Average packet rate      =      0.671290 pkt/s
Packets dropped          =             0 (0.00 %)
Average loss-burst size  =             0 pkt
Error lines              =             0
----------------------------------------------------------
