ITGDec version 2.8.1 (r1023)
Compile-time options: bursty multiport
----------------------------------------------------------
Flow number: 1
From 192.168.10.9:39361
To    192.168.10.4:8999
----------------------------------------------------------
Total time               =      9.999109 s
Total packets            =         67562
Minimum delay            =      0.000006 s
Maximum delay            =      1.000148 s
Average delay            =      0.001226 s
Average jitter           =      0.000321 s
Delay standard deviation =      0.033520 s
Bytes received           =      34591744
Average bitrate          =  27675.861119 Kbit/s
Average packet rate      =   6756.802031 pkt/s
Packets dropped          =             0 (0.00 %)
Average loss-burst size  =      0.000000 pkt
----------------------------------------------------------

__________________________________________________________
****************  TOTAL RESULTS   ******************
__________________________________________________________
Number of flows          =             1
Total time               =      9.999109 s
Total packets            =         67562
Minimum delay            =      0.000006 s
Maximum delay            =      1.000148 s
Average delay            =      0.001226 s
Average jitter           =      0.000321 s
Delay standard deviation =      0.033520 s
Bytes received           =      34591744
Average bitrate          =  27675.861119 Kbit/s
Average packet rate      =   6756.802031 pkt/s
Packets dropped          =             0 (0.00 %)
Average loss-burst size  =             0 pkt
Error lines              =             0
----------------------------------------------------------
