ITGDec version 2.8.1 (r1023)
Compile-time options: bursty multiport
----------------------------------------------------------
Flow number: 1
From 192.168.10.9:35609
To    192.168.10.4:8999
----------------------------------------------------------
Total time               =      9.999168 s
Total packets            =         67312
Minimum delay            =      0.000004 s
Maximum delay            =      1.000183 s
Average delay            =      0.001319 s
Average jitter           =      0.000322 s
Delay standard deviation =      0.034881 s
Bytes received           =      34463744
Average bitrate          =  27573.289298 Kbit/s
Average packet rate      =   6731.760082 pkt/s
Packets dropped          =            46 (0.07 %)
Average loss-burst size  =     46.000000 pkt
----------------------------------------------------------

__________________________________________________________
****************  TOTAL RESULTS   ******************
__________________________________________________________
Number of flows          =             1
Total time               =      9.999168 s
Total packets            =         67312
Minimum delay            =      0.000004 s
Maximum delay            =      1.000183 s
Average delay            =      0.001319 s
Average jitter           =      0.000322 s
Delay standard deviation =      0.034881 s
Bytes received           =      34463744
Average bitrate          =  27573.289298 Kbit/s
Average packet rate      =   6731.760082 pkt/s
Packets dropped          =            46 (0.07 %)
Average loss-burst size  =     46.000000 pkt
Error lines              =             0
----------------------------------------------------------
