ITGDec version 2.8.1 (r1023)
Compile-time options: bursty multiport
----------------------------------------------------------
Flow number: 1
From 192.168.10.9:45832
To    192.168.10.4:8999
----------------------------------------------------------
Total time               =      9.999397 s
Total packets            =         39582
Minimum delay            =      0.000004 s
Maximum delay            =      1.000267 s
Average delay            =      0.001737 s
Average jitter           =      0.000535 s
Delay standard deviation =      0.038904 s
Bytes received           =      40531968
Average bitrate          =  32427.529780 Kbit/s
Average packet rate      =   3958.438694 pkt/s
Packets dropped          =             0 (0.00 %)
Average loss-burst size  =      0.000000 pkt
----------------------------------------------------------

__________________________________________________________
****************  TOTAL RESULTS   ******************
__________________________________________________________
Number of flows          =             1
Total time               =      9.999397 s
Total packets            =         39582
Minimum delay            =      0.000004 s
Maximum delay            =      1.000267 s
Average delay            =      0.001737 s
Average jitter           =      0.000535 s
Delay standard deviation =      0.038904 s
Bytes received           =      40531968
Average bitrate          =  32427.529780 Kbit/s
Average packet rate      =   3958.438694 pkt/s
Packets dropped          =             0 (0.00 %)
Average loss-burst size  =             0 pkt
Error lines              =             0
----------------------------------------------------------
