ITGDec version 2.8.1 (r1023)
Compile-time options: bursty multiport
----------------------------------------------------------
Flow number: 1
From 192.168.10.9:49243
To    192.168.10.4:8999
----------------------------------------------------------
Total time               =      9.999135 s
Total packets            =        172194
Minimum delay            =      0.000002 s
Maximum delay            =      1.000072 s
Average delay            =      0.000837 s
Average jitter           =      0.000131 s
Delay standard deviation =      0.028502 s
Bytes received           =      11020416
Average bitrate          =   8817.095479 Kbit/s
Average packet rate      =  17220.889607 pkt/s
Packets dropped          =             0 (0.00 %)
Average loss-burst size  =      0.000000 pkt
----------------------------------------------------------

__________________________________________________________
****************  TOTAL RESULTS   ******************
__________________________________________________________
Number of flows          =             1
Total time               =      9.999135 s
Total packets            =        172194
Minimum delay            =      0.000002 s
Maximum delay            =      1.000072 s
Average delay            =      0.000837 s
Average jitter           =      0.000131 s
Delay standard deviation =      0.028502 s
Bytes received           =      11020416
Average bitrate          =   8817.095479 Kbit/s
Average packet rate      =  17220.889607 pkt/s
Packets dropped          =             0 (0.00 %)
Average loss-burst size  =             0 pkt
Error lines              =             0
----------------------------------------------------------
