ITGDec version 2.8.1 (r1023)
Compile-time options: bursty multiport
----------------------------------------------------------
Flow number: 1
From 192.168.10.9:51900
To    192.168.10.4:8999
----------------------------------------------------------
Total time               =      9.999322 s
Total packets            =         39653
Minimum delay            =      0.000004 s
Maximum delay            =      1.000275 s
Average delay            =      0.001736 s
Average jitter           =      0.000532 s
Delay standard deviation =      0.038870 s
Bytes received           =      40604672
Average bitrate          =  32485.940147 Kbit/s
Average packet rate      =   3965.568866 pkt/s
Packets dropped          =             0 (0.00 %)
Average loss-burst size  =      0.000000 pkt
----------------------------------------------------------

__________________________________________________________
****************  TOTAL RESULTS   ******************
__________________________________________________________
Number of flows          =             1
Total time               =      9.999322 s
Total packets            =         39653
Minimum delay            =      0.000004 s
Maximum delay            =      1.000275 s
Average delay            =      0.001736 s
Average jitter           =      0.000532 s
Delay standard deviation =      0.038870 s
Bytes received           =      40604672
Average bitrate          =  32485.940147 Kbit/s
Average packet rate      =   3965.568866 pkt/s
Packets dropped          =             0 (0.00 %)
Average loss-burst size  =             0 pkt
Error lines              =             0
----------------------------------------------------------
