ITGDec version 2.8.1 (r1023)
Compile-time options: bursty multiport
----------------------------------------------------------
Flow number: 1
From 192.168.10.9:37891
To    192.168.10.4:8999
----------------------------------------------------------
Total time               =      9.999204 s
Total packets            =         33462
Minimum delay            =      0.000006 s
Maximum delay            =      1.000303 s
Average delay            =      0.002024 s
Average jitter           =      0.000644 s
Delay standard deviation =      0.042306 s
Bytes received           =      42831360
Average bitrate          =  34267.815718 Kbit/s
Average packet rate      =   3346.466379 pkt/s
Packets dropped          =             0 (0.00 %)
Average loss-burst size  =      0.000000 pkt
----------------------------------------------------------

__________________________________________________________
****************  TOTAL RESULTS   ******************
__________________________________________________________
Number of flows          =             1
Total time               =      9.999204 s
Total packets            =         33462
Minimum delay            =      0.000006 s
Maximum delay            =      1.000303 s
Average delay            =      0.002024 s
Average jitter           =      0.000644 s
Delay standard deviation =      0.042306 s
Bytes received           =      42831360
Average bitrate          =  34267.815718 Kbit/s
Average packet rate      =   3346.466379 pkt/s
Packets dropped          =             0 (0.00 %)
Average loss-burst size  =             0 pkt
Error lines              =             0
----------------------------------------------------------
