ITGDec version 2.8.1 (r1023)
Compile-time options: bursty multiport
----------------------------------------------------------
Flow number: 1
From 192.168.10.9:39116
To    192.168.10.4:8999
----------------------------------------------------------
Total time               =      9.999476 s
Total packets            =         33570
Minimum delay            =      0.000006 s
Maximum delay            =      1.000318 s
Average delay            =      0.001929 s
Average jitter           =      0.000641 s
Delay standard deviation =      0.041171 s
Bytes received           =      42969600
Average bitrate          =  34377.481380 Kbit/s
Average packet rate      =   3357.175916 pkt/s
Packets dropped          =             0 (0.00 %)
Average loss-burst size  =      0.000000 pkt
----------------------------------------------------------

__________________________________________________________
****************  TOTAL RESULTS   ******************
__________________________________________________________
Number of flows          =             1
Total time               =      9.999476 s
Total packets            =         33570
Minimum delay            =      0.000006 s
Maximum delay            =      1.000318 s
Average delay            =      0.001929 s
Average jitter           =      0.000641 s
Delay standard deviation =      0.041171 s
Bytes received           =      42969600
Average bitrate          =  34377.481380 Kbit/s
Average packet rate      =   3357.175916 pkt/s
Packets dropped          =             0 (0.00 %)
Average loss-burst size  =             0 pkt
Error lines              =             0
----------------------------------------------------------
