ITGDec version 2.8.1 (r1023)
Compile-time options: bursty multiport
----------------------------------------------------------
Flow number: 1
From 192.168.10.9:36287
To    192.168.10.4:8999
----------------------------------------------------------
Total time               =      9.991303 s
Total packets            =           988
Minimum delay            =      0.001406 s
Maximum delay            =      0.002591 s
Average delay            =      0.001581 s
Average jitter           =      0.000058 s
Delay standard deviation =      0.000074 s
Bytes received           =         63232
Average bitrate          =     50.629633 Kbit/s
Average packet rate      =     98.886001 pkt/s
Packets dropped          =             0 (0.00 %)
Average loss-burst size  =      0.000000 pkt
----------------------------------------------------------

__________________________________________________________
****************  TOTAL RESULTS   ******************
__________________________________________________________
Number of flows          =             1
Total time               =      9.991303 s
Total packets            =           988
Minimum delay            =      0.001406 s
Maximum delay            =      0.002591 s
Average delay            =      0.001581 s
Average jitter           =      0.000058 s
Delay standard deviation =      0.000074 s
Bytes received           =         63232
Average bitrate          =     50.629633 Kbit/s
Average packet rate      =     98.886001 pkt/s
Packets dropped          =             0 (0.00 %)
Average loss-burst size  =             0 pkt
Error lines              =             0
----------------------------------------------------------
