ITGDec version 2.8.1 (r1023)
Compile-time options: bursty multiport
----------------------------------------------------------
Flow number: 1
From 192.168.10.9:47111
To    192.168.10.4:8999
----------------------------------------------------------
Total time               =      9.999122 s
Total packets            =         39432
Minimum delay            =      0.000004 s
Maximum delay            =      1.000265 s
Average delay            =      0.001765 s
Average jitter           =      0.000547 s
Delay standard deviation =      0.039301 s
Bytes received           =      40378368
Average bitrate          =  32305.530826 Kbit/s
Average packet rate      =   3943.546243 pkt/s
Packets dropped          =             0 (0.00 %)
Average loss-burst size  =      0.000000 pkt
----------------------------------------------------------

__________________________________________________________
****************  TOTAL RESULTS   ******************
__________________________________________________________
Number of flows          =             1
Total time               =      9.999122 s
Total packets            =         39432
Minimum delay            =      0.000004 s
Maximum delay            =      1.000265 s
Average delay            =      0.001765 s
Average jitter           =      0.000547 s
Delay standard deviation =      0.039301 s
Bytes received           =      40378368
Average bitrate          =  32305.530826 Kbit/s
Average packet rate      =   3943.546243 pkt/s
Packets dropped          =             0 (0.00 %)
Average loss-burst size  =             0 pkt
Error lines              =             0
----------------------------------------------------------
