ITGDec version 2.8.1 (r1023)
Compile-time options: bursty multiport
----------------------------------------------------------
Flow number: 1
From 192.168.10.9:41992
To    192.168.10.4:8999
----------------------------------------------------------
Total time               =      9.999270 s
Total packets            =         39657
Minimum delay            =      0.000007 s
Maximum delay            =      1.000268 s
Average delay            =      0.001742 s
Average jitter           =      0.000534 s
Delay standard deviation =      0.038868 s
Bytes received           =      40608768
Average bitrate          =  32489.386125 Kbit/s
Average packet rate      =   3965.989517 pkt/s
Packets dropped          =             0 (0.00 %)
Average loss-burst size  =      0.000000 pkt
----------------------------------------------------------

__________________________________________________________
****************  TOTAL RESULTS   ******************
__________________________________________________________
Number of flows          =             1
Total time               =      9.999270 s
Total packets            =         39657
Minimum delay            =      0.000007 s
Maximum delay            =      1.000268 s
Average delay            =      0.001742 s
Average jitter           =      0.000534 s
Delay standard deviation =      0.038868 s
Bytes received           =      40608768
Average bitrate          =  32489.386125 Kbit/s
Average packet rate      =   3965.989517 pkt/s
Packets dropped          =             0 (0.00 %)
Average loss-burst size  =             0 pkt
Error lines              =             0
----------------------------------------------------------
