ITGDec version 2.8.1 (r1023)
Compile-time options: bursty multiport
----------------------------------------------------------
Flow number: 1
From 192.168.10.9:37673
To    192.168.10.4:8999
----------------------------------------------------------
Total time               =      9.999633 s
Total packets            =         67327
Minimum delay            =      0.000003 s
Maximum delay            =      1.000154 s
Average delay            =      0.001288 s
Average jitter           =      0.000323 s
Delay standard deviation =      0.034450 s
Bytes received           =      34471424
Average bitrate          =  27578.151318 Kbit/s
Average packet rate      =   6732.947099 pkt/s
Packets dropped          =             6 (0.01 %)
Average loss-burst size  =      6.000000 pkt
----------------------------------------------------------

__________________________________________________________
****************  TOTAL RESULTS   ******************
__________________________________________________________
Number of flows          =             1
Total time               =      9.999633 s
Total packets            =         67327
Minimum delay            =      0.000003 s
Maximum delay            =      1.000154 s
Average delay            =      0.001288 s
Average jitter           =      0.000323 s
Delay standard deviation =      0.034450 s
Bytes received           =      34471424
Average bitrate          =  27578.151318 Kbit/s
Average packet rate      =   6732.947099 pkt/s
Packets dropped          =             6 (0.01 %)
Average loss-burst size  =      6.000000 pkt
Error lines              =             0
----------------------------------------------------------
