ITGDec version 2.8.1 (r1023)
Compile-time options: bursty multiport
----------------------------------------------------------
Flow number: 1
From 192.168.10.9:38684
To    192.168.10.4:8999
----------------------------------------------------------
Total time               =      9.998995 s
Total packets            =        166854
Minimum delay            =      0.000002 s
Maximum delay            =      1.000094 s
Average delay            =      0.000858 s
Average jitter           =      0.000137 s
Delay standard deviation =      0.028851 s
Bytes received           =      10678656
Average bitrate          =   8543.783450 Kbit/s
Average packet rate      =  16687.077051 pkt/s
Packets dropped          =             0 (0.00 %)
Average loss-burst size  =      0.000000 pkt
----------------------------------------------------------

__________________________________________________________
****************  TOTAL RESULTS   ******************
__________________________________________________________
Number of flows          =             1
Total time               =      9.998995 s
Total packets            =        166854
Minimum delay            =      0.000002 s
Maximum delay            =      1.000094 s
Average delay            =      0.000858 s
Average jitter           =      0.000137 s
Delay standard deviation =      0.028851 s
Bytes received           =      10678656
Average bitrate          =   8543.783450 Kbit/s
Average packet rate      =  16687.077051 pkt/s
Packets dropped          =             0 (0.00 %)
Average loss-burst size  =             0 pkt
Error lines              =             0
----------------------------------------------------------
