ITGDec version 2.8.1 (r1023)
Compile-time options: bursty multiport
----------------------------------------------------------
Flow number: 1
From 192.168.10.9:38130
To    192.168.10.4:8999
----------------------------------------------------------
Total time               =      9.999546 s
Total packets            =         39628
Minimum delay            =      0.000003 s
Maximum delay            =      1.000264 s
Average delay            =      0.001740 s
Average jitter           =      0.000538 s
Delay standard deviation =      0.038881 s
Bytes received           =      40579072
Average bitrate          =  32464.731499 Kbit/s
Average packet rate      =   3962.979919 pkt/s
Packets dropped          =             0 (0.00 %)
Average loss-burst size  =      0.000000 pkt
----------------------------------------------------------

__________________________________________________________
****************  TOTAL RESULTS   ******************
__________________________________________________________
Number of flows          =             1
Total time               =      9.999546 s
Total packets            =         39628
Minimum delay            =      0.000003 s
Maximum delay            =      1.000264 s
Average delay            =      0.001740 s
Average jitter           =      0.000538 s
Delay standard deviation =      0.038881 s
Bytes received           =      40579072
Average bitrate          =  32464.731499 Kbit/s
Average packet rate      =   3962.979919 pkt/s
Packets dropped          =             0 (0.00 %)
Average loss-burst size  =             0 pkt
Error lines              =             0
----------------------------------------------------------
