ITGDec version 2.8.1 (r1023)
Compile-time options: bursty multiport
----------------------------------------------------------
Flow number: 1
From 192.168.10.9:34134
To    192.168.10.4:8999
----------------------------------------------------------
Total time               =      9.999356 s
Total packets            =        129865
Minimum delay            =      0.000003 s
Maximum delay            =      1.000094 s
Average delay            =      0.000978 s
Average jitter           =      0.000183 s
Delay standard deviation =      0.030636 s
Bytes received           =      16622720
Average bitrate          =  13299.032458 Kbit/s
Average packet rate      =  12987.336384 pkt/s
Packets dropped          =             0 (0.00 %)
Average loss-burst size  =      0.000000 pkt
----------------------------------------------------------

__________________________________________________________
****************  TOTAL RESULTS   ******************
__________________________________________________________
Number of flows          =             1
Total time               =      9.999356 s
Total packets            =        129865
Minimum delay            =      0.000003 s
Maximum delay            =      1.000094 s
Average delay            =      0.000978 s
Average jitter           =      0.000183 s
Delay standard deviation =      0.030636 s
Bytes received           =      16622720
Average bitrate          =  13299.032458 Kbit/s
Average packet rate      =  12987.336384 pkt/s
Packets dropped          =             0 (0.00 %)
Average loss-burst size  =             0 pkt
Error lines              =             0
----------------------------------------------------------
