ITGDec version 2.8.1 (r1023)
Compile-time options: bursty multiport
----------------------------------------------------------
Flow number: 1
From 192.168.10.9:46847
To    192.168.10.4:8999
----------------------------------------------------------
Total time               =      9.999179 s
Total packets            =        129016
Minimum delay            =      0.000003 s
Maximum delay            =      1.000095 s
Average delay            =      0.001000 s
Average jitter           =      0.000185 s
Delay standard deviation =      0.030987 s
Bytes received           =      16514048
Average bitrate          =  13212.323132 Kbit/s
Average packet rate      =  12902.659308 pkt/s
Packets dropped          =           779 (0.60 %)
Average loss-burst size  =    779.000000 pkt
----------------------------------------------------------

__________________________________________________________
****************  TOTAL RESULTS   ******************
__________________________________________________________
Number of flows          =             1
Total time               =      9.999179 s
Total packets            =        129016
Minimum delay            =      0.000003 s
Maximum delay            =      1.000095 s
Average delay            =      0.001000 s
Average jitter           =      0.000185 s
Delay standard deviation =      0.030987 s
Bytes received           =      16514048
Average bitrate          =  13212.323132 Kbit/s
Average packet rate      =  12902.659308 pkt/s
Packets dropped          =           779 (0.60 %)
Average loss-burst size  =    779.000000 pkt
Error lines              =             0
----------------------------------------------------------
