ITGDec version 2.8.1 (r1023)
Compile-time options: bursty multiport
----------------------------------------------------------
Flow number: 1
From 192.168.10.9:45990
To    192.168.10.4:8999
----------------------------------------------------------
Total time               =      9.999304 s
Total packets            =        102056
Minimum delay            =      0.000003 s
Maximum delay            =      1.000108 s
Average delay            =      0.001037 s
Average jitter           =      0.000222 s
Delay standard deviation =      0.031443 s
Bytes received           =      26126336
Average bitrate          =  20902.523616 Kbit/s
Average packet rate      =  10206.310359 pkt/s
Packets dropped          =             0 (0.00 %)
Average loss-burst size  =      0.000000 pkt
----------------------------------------------------------

__________________________________________________________
****************  TOTAL RESULTS   ******************
__________________________________________________________
Number of flows          =             1
Total time               =      9.999304 s
Total packets            =        102056
Minimum delay            =      0.000003 s
Maximum delay            =      1.000108 s
Average delay            =      0.001037 s
Average jitter           =      0.000222 s
Delay standard deviation =      0.031443 s
Bytes received           =      26126336
Average bitrate          =  20902.523616 Kbit/s
Average packet rate      =  10206.310359 pkt/s
Packets dropped          =             0 (0.00 %)
Average loss-burst size  =             0 pkt
Error lines              =             0
----------------------------------------------------------
