ITGDec version 2.8.1 (r1023)
Compile-time options: bursty multiport
----------------------------------------------------------
Flow number: 1
From 192.168.10.9:58377
To    192.168.10.4:8999
----------------------------------------------------------
Total time               =      9.976542 s
Total packets            =           241
Minimum delay            =      0.001451 s
Maximum delay            =      0.002951 s
Average delay            =      0.001599 s
Average jitter           =      0.000084 s
Delay standard deviation =      0.000131 s
Bytes received           =         10428
Average bitrate          =      8.362016 Kbit/s
Average packet rate      =     24.156667 pkt/s
Packets dropped          =             0 (0.00 %)
Average loss-burst size  =      0.000000 pkt
----------------------------------------------------------

__________________________________________________________
****************  TOTAL RESULTS   ******************
__________________________________________________________
Number of flows          =             1
Total time               =      9.976542 s
Total packets            =           241
Minimum delay            =      0.001451 s
Maximum delay            =      0.002951 s
Average delay            =      0.001599 s
Average jitter           =      0.000084 s
Delay standard deviation =      0.000131 s
Bytes received           =         10428
Average bitrate          =      8.362016 Kbit/s
Average packet rate      =     24.156667 pkt/s
Packets dropped          =             0 (0.00 %)
Average loss-burst size  =             0 pkt
Error lines              =             0
----------------------------------------------------------
