ITGDec version 2.8.1 (r1023)
Compile-time options: bursty multiport
----------------------------------------------------------
Flow number: 1
From 192.168.10.9:51883
To    192.168.10.4:8999
----------------------------------------------------------
Total time               =      9.976177 s
Total packets            =           235
Minimum delay            =      0.001374 s
Maximum delay            =      0.002642 s
Average delay            =      0.001544 s
Average jitter           =      0.000088 s
Delay standard deviation =      0.000101 s
Bytes received           =         10004
Average bitrate          =      8.022312 Kbit/s
Average packet rate      =     23.556118 pkt/s
Packets dropped          =             0 (0.00 %)
Average loss-burst size  =      0.000000 pkt
----------------------------------------------------------

__________________________________________________________
****************  TOTAL RESULTS   ******************
__________________________________________________________
Number of flows          =             1
Total time               =      9.976177 s
Total packets            =           235
Minimum delay            =      0.001374 s
Maximum delay            =      0.002642 s
Average delay            =      0.001544 s
Average jitter           =      0.000088 s
Delay standard deviation =      0.000101 s
Bytes received           =         10004
Average bitrate          =      8.022312 Kbit/s
Average packet rate      =     23.556118 pkt/s
Packets dropped          =             0 (0.00 %)
Average loss-burst size  =             0 pkt
Error lines              =             0
----------------------------------------------------------
