ITGDec version 2.8.1 (r1023)
Compile-time options: bursty multiport
----------------------------------------------------------
Flow number: 1
From 192.168.10.9:45144
To    192.168.10.4:8999
----------------------------------------------------------
Total time               =      9.964881 s
Total packets            =           241
Minimum delay            =      0.001071 s
Maximum delay            =      0.002772 s
Average delay            =      0.001552 s
Average jitter           =      0.000101 s
Delay standard deviation =      0.000108 s
Bytes received           =         10421
Average bitrate          =      8.366181 Kbit/s
Average packet rate      =     24.184935 pkt/s
Packets dropped          =             0 (0.00 %)
Average loss-burst size  =      0.000000 pkt
----------------------------------------------------------

__________________________________________________________
****************  TOTAL RESULTS   ******************
__________________________________________________________
Number of flows          =             1
Total time               =      9.964881 s
Total packets            =           241
Minimum delay            =      0.001071 s
Maximum delay            =      0.002772 s
Average delay            =      0.001552 s
Average jitter           =      0.000101 s
Delay standard deviation =      0.000108 s
Bytes received           =         10421
Average bitrate          =      8.366181 Kbit/s
Average packet rate      =     24.184935 pkt/s
Packets dropped          =             0 (0.00 %)
Average loss-burst size  =             0 pkt
Error lines              =             0
----------------------------------------------------------
