ITGDec version 2.8.1 (r1023)
Compile-time options: bursty multiport
----------------------------------------------------------
Flow number: 1
From 192.168.10.9:48485
To    192.168.10.4:8999
----------------------------------------------------------
Total time               =      9.999732 s
Total packets            =        166903
Minimum delay            =      0.000002 s
Maximum delay            =      1.000080 s
Average delay            =      0.000857 s
Average jitter           =      0.000137 s
Delay standard deviation =      0.028847 s
Bytes received           =      10681792
Average bitrate          =   8545.662624 Kbit/s
Average packet rate      =  16690.747312 pkt/s
Packets dropped          =            36 (0.02 %)
Average loss-burst size  =     36.000000 pkt
----------------------------------------------------------

__________________________________________________________
****************  TOTAL RESULTS   ******************
__________________________________________________________
Number of flows          =             1
Total time               =      9.999732 s
Total packets            =        166903
Minimum delay            =      0.000002 s
Maximum delay            =      1.000080 s
Average delay            =      0.000857 s
Average jitter           =      0.000137 s
Delay standard deviation =      0.028847 s
Bytes received           =      10681792
Average bitrate          =   8545.662624 Kbit/s
Average packet rate      =  16690.747312 pkt/s
Packets dropped          =            36 (0.02 %)
Average loss-burst size  =     36.000000 pkt
Error lines              =             0
----------------------------------------------------------
