ITGDec version 2.8.1 (r1023)
Compile-time options: bursty multiport
----------------------------------------------------------
Flow number: 1
From 192.168.10.9:60709
To    192.168.10.4:8999
----------------------------------------------------------
Total time               =      9.999208 s
Total packets            =         39360
Minimum delay            =      0.000005 s
Maximum delay            =      1.000264 s
Average delay            =      0.001763 s
Average jitter           =      0.000544 s
Delay standard deviation =      0.039337 s
Bytes received           =      40304640
Average bitrate          =  32246.265904 Kbit/s
Average packet rate      =   3936.311756 pkt/s
Packets dropped          =            80 (0.20 %)
Average loss-burst size  =     80.000000 pkt
----------------------------------------------------------

__________________________________________________________
****************  TOTAL RESULTS   ******************
__________________________________________________________
Number of flows          =             1
Total time               =      9.999208 s
Total packets            =         39360
Minimum delay            =      0.000005 s
Maximum delay            =      1.000264 s
Average delay            =      0.001763 s
Average jitter           =      0.000544 s
Delay standard deviation =      0.039337 s
Bytes received           =      40304640
Average bitrate          =  32246.265904 Kbit/s
Average packet rate      =   3936.311756 pkt/s
Packets dropped          =            80 (0.20 %)
Average loss-burst size  =     80.000000 pkt
Error lines              =             0
----------------------------------------------------------
