ITGDec version 2.8.1 (r1023)
Compile-time options: bursty multiport
----------------------------------------------------------
Flow number: 1
From 192.168.10.9:47105
To    192.168.10.4:8999
----------------------------------------------------------
Total time               =      9.999446 s
Total packets            =        166397
Minimum delay            =      0.000002 s
Maximum delay            =      1.000087 s
Average delay            =      0.000806 s
Average jitter           =      0.000137 s
Delay standard deviation =      0.027940 s
Bytes received           =      10649408
Average bitrate          =   8519.998408 Kbit/s
Average packet rate      =  16640.621890 pkt/s
Packets dropped          =             0 (0.00 %)
Average loss-burst size  =      0.000000 pkt
----------------------------------------------------------

__________________________________________________________
****************  TOTAL RESULTS   ******************
__________________________________________________________
Number of flows          =             1
Total time               =      9.999446 s
Total packets            =        166397
Minimum delay            =      0.000002 s
Maximum delay            =      1.000087 s
Average delay            =      0.000806 s
Average jitter           =      0.000137 s
Delay standard deviation =      0.027940 s
Bytes received           =      10649408
Average bitrate          =   8519.998408 Kbit/s
Average packet rate      =  16640.621890 pkt/s
Packets dropped          =             0 (0.00 %)
Average loss-burst size  =             0 pkt
Error lines              =             0
----------------------------------------------------------
