ITGDec version 2.8.1 (r1023)
Compile-time options: bursty multiport
----------------------------------------------------------
Flow number: 1
From 192.168.10.9:42007
To    192.168.10.4:8999
----------------------------------------------------------
Total time               =      9.904723 s
Total packets            =           237
Minimum delay            =      0.001400 s
Maximum delay            =      0.001650 s
Average delay            =      0.001508 s
Average jitter           =      0.000051 s
Delay standard deviation =      0.000048 s
Bytes received           =         10145
Average bitrate          =      8.194071 Kbit/s
Average packet rate      =     23.927979 pkt/s
Packets dropped          =             0 (0.00 %)
Average loss-burst size  =      0.000000 pkt
----------------------------------------------------------

__________________________________________________________
****************  TOTAL RESULTS   ******************
__________________________________________________________
Number of flows          =             1
Total time               =      9.904723 s
Total packets            =           237
Minimum delay            =      0.001400 s
Maximum delay            =      0.001650 s
Average delay            =      0.001508 s
Average jitter           =      0.000051 s
Delay standard deviation =      0.000048 s
Bytes received           =         10145
Average bitrate          =      8.194071 Kbit/s
Average packet rate      =     23.927979 pkt/s
Packets dropped          =             0 (0.00 %)
Average loss-burst size  =             0 pkt
Error lines              =             0
----------------------------------------------------------
