ITGDec version 2.8.1 (r1023)
Compile-time options: bursty multiport
----------------------------------------------------------
Flow number: 1
From 192.168.10.9:47692
To    192.168.10.4:8999
----------------------------------------------------------
Total time               =      9.999220 s
Total packets            =         39631
Minimum delay            =      0.000007 s
Maximum delay            =      1.000267 s
Average delay            =      0.001741 s
Average jitter           =      0.000533 s
Delay standard deviation =      0.038881 s
Bytes received           =      40582144
Average bitrate          =  32468.247723 Kbit/s
Average packet rate      =   3963.409146 pkt/s
Packets dropped          =             0 (0.00 %)
Average loss-burst size  =      0.000000 pkt
----------------------------------------------------------

__________________________________________________________
****************  TOTAL RESULTS   ******************
__________________________________________________________
Number of flows          =             1
Total time               =      9.999220 s
Total packets            =         39631
Minimum delay            =      0.000007 s
Maximum delay            =      1.000267 s
Average delay            =      0.001741 s
Average jitter           =      0.000533 s
Delay standard deviation =      0.038881 s
Bytes received           =      40582144
Average bitrate          =  32468.247723 Kbit/s
Average packet rate      =   3963.409146 pkt/s
Packets dropped          =             0 (0.00 %)
Average loss-burst size  =             0 pkt
Error lines              =             0
----------------------------------------------------------
