ITGDec version 2.8.1 (r1023)
Compile-time options: bursty multiport
----------------------------------------------------------
Flow number: 1
From 192.168.10.9:33220
To    192.168.10.4:8999
----------------------------------------------------------
Total time               =      9.999243 s
Total packets            =        101440
Minimum delay            =      0.000004 s
Maximum delay            =      1.000122 s
Average delay            =      0.001063 s
Average jitter           =      0.000224 s
Delay standard deviation =      0.031849 s
Bytes received           =      25968640
Average bitrate          =  20776.484780 Kbit/s
Average packet rate      =  10144.767959 pkt/s
Packets dropped          =           596 (0.58 %)
Average loss-burst size  =    596.000000 pkt
----------------------------------------------------------

__________________________________________________________
****************  TOTAL RESULTS   ******************
__________________________________________________________
Number of flows          =             1
Total time               =      9.999243 s
Total packets            =        101440
Minimum delay            =      0.000004 s
Maximum delay            =      1.000122 s
Average delay            =      0.001063 s
Average jitter           =      0.000224 s
Delay standard deviation =      0.031849 s
Bytes received           =      25968640
Average bitrate          =  20776.484780 Kbit/s
Average packet rate      =  10144.767959 pkt/s
Packets dropped          =           596 (0.58 %)
Average loss-burst size  =    596.000000 pkt
Error lines              =             0
----------------------------------------------------------
