ITGDec version 2.8.1 (r1023)
Compile-time options: bursty multiport
----------------------------------------------------------
Flow number: 1
From 192.168.10.9:46094
To    192.168.10.4:8999
----------------------------------------------------------
Total time               =      9.999335 s
Total packets            =        128664
Minimum delay            =      0.000003 s
Maximum delay            =      1.000101 s
Average delay            =      0.000956 s
Average jitter           =      0.000185 s
Delay standard deviation =      0.030270 s
Bytes received           =      16468992
Average bitrate          =  13176.069809 Kbit/s
Average packet rate      =  12867.255673 pkt/s
Packets dropped          =           905 (0.70 %)
Average loss-burst size  =    226.250000 pkt
----------------------------------------------------------

__________________________________________________________
****************  TOTAL RESULTS   ******************
__________________________________________________________
Number of flows          =             1
Total time               =      9.999335 s
Total packets            =        128664
Minimum delay            =      0.000003 s
Maximum delay            =      1.000101 s
Average delay            =      0.000956 s
Average jitter           =      0.000185 s
Delay standard deviation =      0.030270 s
Bytes received           =      16468992
Average bitrate          =  13176.069809 Kbit/s
Average packet rate      =  12867.255673 pkt/s
Packets dropped          =           905 (0.70 %)
Average loss-burst size  =    226.250000 pkt
Error lines              =             0
----------------------------------------------------------
