ITGDec version 2.8.1 (r1023)
Compile-time options: bursty multiport
----------------------------------------------------------
Flow number: 1
From 192.168.10.9:50748
To    192.168.10.4:8999
----------------------------------------------------------
Total time               =      9.999296 s
Total packets            =        129357
Minimum delay            =      0.000003 s
Maximum delay            =      1.000095 s
Average delay            =      0.000967 s
Average jitter           =      0.000185 s
Delay standard deviation =      0.030444 s
Bytes received           =      16557696
Average bitrate          =  13247.089395 Kbit/s
Average packet rate      =  12936.610737 pkt/s
Packets dropped          =           149 (0.12 %)
Average loss-burst size  =    149.000000 pkt
----------------------------------------------------------

__________________________________________________________
****************  TOTAL RESULTS   ******************
__________________________________________________________
Number of flows          =             1
Total time               =      9.999296 s
Total packets            =        129357
Minimum delay            =      0.000003 s
Maximum delay            =      1.000095 s
Average delay            =      0.000967 s
Average jitter           =      0.000185 s
Delay standard deviation =      0.030444 s
Bytes received           =      16557696
Average bitrate          =  13247.089395 Kbit/s
Average packet rate      =  12936.610737 pkt/s
Packets dropped          =           149 (0.12 %)
Average loss-burst size  =    149.000000 pkt
Error lines              =             0
----------------------------------------------------------
