ITGDec version 2.8.1 (r1023)
Compile-time options: bursty multiport
----------------------------------------------------------
Flow number: 1
From 192.168.10.9:43003
To    192.168.10.4:8999
----------------------------------------------------------
Total time               =      9.965229 s
Total packets            =           242
Minimum delay            =      0.001382 s
Maximum delay            =      0.002235 s
Average delay            =      0.001514 s
Average jitter           =      0.000072 s
Delay standard deviation =      0.000072 s
Bytes received           =         10657
Average bitrate          =      8.555348 Kbit/s
Average packet rate      =     24.284439 pkt/s
Packets dropped          =             0 (0.00 %)
Average loss-burst size  =      0.000000 pkt
----------------------------------------------------------

__________________________________________________________
****************  TOTAL RESULTS   ******************
__________________________________________________________
Number of flows          =             1
Total time               =      9.965229 s
Total packets            =           242
Minimum delay            =      0.001382 s
Maximum delay            =      0.002235 s
Average delay            =      0.001514 s
Average jitter           =      0.000072 s
Delay standard deviation =      0.000072 s
Bytes received           =         10657
Average bitrate          =      8.555348 Kbit/s
Average packet rate      =     24.284439 pkt/s
Packets dropped          =             0 (0.00 %)
Average loss-burst size  =             0 pkt
Error lines              =             0
----------------------------------------------------------
