ITGDec version 2.8.1 (r1023)
Compile-time options: bursty multiport
----------------------------------------------------------
Flow number: 1
From 192.168.10.9:56855
To    192.168.10.4:8999
----------------------------------------------------------
Total time               =      9.999641 s
Total packets            =        128618
Minimum delay            =      0.000003 s
Maximum delay            =      1.000098 s
Average delay            =      0.000918 s
Average jitter           =      0.000186 s
Delay standard deviation =      0.029628 s
Bytes received           =      16463104
Average bitrate          =  13170.956037 Kbit/s
Average packet rate      =  12862.261755 pkt/s
Packets dropped          =           186 (0.14 %)
Average loss-burst size  =     93.000000 pkt
----------------------------------------------------------

__________________________________________________________
****************  TOTAL RESULTS   ******************
__________________________________________________________
Number of flows          =             1
Total time               =      9.999641 s
Total packets            =        128618
Minimum delay            =      0.000003 s
Maximum delay            =      1.000098 s
Average delay            =      0.000918 s
Average jitter           =      0.000186 s
Delay standard deviation =      0.029628 s
Bytes received           =      16463104
Average bitrate          =  13170.956037 Kbit/s
Average packet rate      =  12862.261755 pkt/s
Packets dropped          =           186 (0.14 %)
Average loss-burst size  =     93.000000 pkt
Error lines              =             0
----------------------------------------------------------
