ITGDec version 2.8.1 (r1023)
Compile-time options: bursty multiport
----------------------------------------------------------
Flow number: 1
From 192.168.10.9:36123
To    192.168.10.4:8999
----------------------------------------------------------
Total time               =      9.999288 s
Total packets            =        102235
Minimum delay            =      0.000004 s
Maximum delay            =      1.000089 s
Average delay            =      0.001065 s
Average jitter           =      0.000223 s
Delay standard deviation =      0.031878 s
Bytes received           =      26172160
Average bitrate          =  20939.218872 Kbit/s
Average packet rate      =  10224.227965 pkt/s
Packets dropped          =             0 (0.00 %)
Average loss-burst size  =      0.000000 pkt
----------------------------------------------------------

__________________________________________________________
****************  TOTAL RESULTS   ******************
__________________________________________________________
Number of flows          =             1
Total time               =      9.999288 s
Total packets            =        102235
Minimum delay            =      0.000004 s
Maximum delay            =      1.000089 s
Average delay            =      0.001065 s
Average jitter           =      0.000223 s
Delay standard deviation =      0.031878 s
Bytes received           =      26172160
Average bitrate          =  20939.218872 Kbit/s
Average packet rate      =  10224.227965 pkt/s
Packets dropped          =             0 (0.00 %)
Average loss-burst size  =             0 pkt
Error lines              =             0
----------------------------------------------------------
