ITGDec version 2.8.1 (r1023)
Compile-time options: bursty multiport
----------------------------------------------------------
Flow number: 1
From 192.168.10.9:50871
To    192.168.10.4:8999
----------------------------------------------------------
Total time               =      9.999241 s
Total packets            =        129557
Minimum delay            =      0.000003 s
Maximum delay            =      1.000104 s
Average delay            =      0.000973 s
Average jitter           =      0.000184 s
Delay standard deviation =      0.030546 s
Bytes received           =      16583296
Average bitrate          =  13267.643814 Kbit/s
Average packet rate      =  12956.683412 pkt/s
Packets dropped          =           143 (0.11 %)
Average loss-burst size  =    143.000000 pkt
----------------------------------------------------------

__________________________________________________________
****************  TOTAL RESULTS   ******************
__________________________________________________________
Number of flows          =             1
Total time               =      9.999241 s
Total packets            =        129557
Minimum delay            =      0.000003 s
Maximum delay            =      1.000104 s
Average delay            =      0.000973 s
Average jitter           =      0.000184 s
Delay standard deviation =      0.030546 s
Bytes received           =      16583296
Average bitrate          =  13267.643814 Kbit/s
Average packet rate      =  12956.683412 pkt/s
Packets dropped          =           143 (0.11 %)
Average loss-burst size  =    143.000000 pkt
Error lines              =             0
----------------------------------------------------------
