ITGDec version 2.8.1 (r1023)
Compile-time options: bursty multiport
----------------------------------------------------------
Flow number: 1
From 192.168.10.9:41675
To    192.168.10.4:8999
----------------------------------------------------------
Total time               =      9.999556 s
Total packets            =         33463
Minimum delay            =      0.000004 s
Maximum delay            =      1.000318 s
Average delay            =      0.001964 s
Average jitter           =      0.000644 s
Delay standard deviation =      0.041595 s
Bytes received           =      42832640
Average bitrate          =  34267.633483 Kbit/s
Average packet rate      =   3346.448582 pkt/s
Packets dropped          =             0 (0.00 %)
Average loss-burst size  =      0.000000 pkt
----------------------------------------------------------

__________________________________________________________
****************  TOTAL RESULTS   ******************
__________________________________________________________
Number of flows          =             1
Total time               =      9.999556 s
Total packets            =         33463
Minimum delay            =      0.000004 s
Maximum delay            =      1.000318 s
Average delay            =      0.001964 s
Average jitter           =      0.000644 s
Delay standard deviation =      0.041595 s
Bytes received           =      42832640
Average bitrate          =  34267.633483 Kbit/s
Average packet rate      =   3346.448582 pkt/s
Packets dropped          =             0 (0.00 %)
Average loss-burst size  =             0 pkt
Error lines              =             0
----------------------------------------------------------
