ITGDec version 2.8.1 (r1023)
Compile-time options: bursty multiport
----------------------------------------------------------
Flow number: 1
From 192.168.10.9:38568
To    192.168.10.4:8999
----------------------------------------------------------
Total time               =      9.999269 s
Total packets            =         67974
Minimum delay            =      0.000006 s
Maximum delay            =      1.000178 s
Average delay            =      0.001221 s
Average jitter           =      0.000317 s
Delay standard deviation =      0.033419 s
Bytes received           =      34802688
Average bitrate          =  27844.185810 Kbit/s
Average packet rate      =   6797.896926 pkt/s
Packets dropped          =             0 (0.00 %)
Average loss-burst size  =      0.000000 pkt
----------------------------------------------------------

__________________________________________________________
****************  TOTAL RESULTS   ******************
__________________________________________________________
Number of flows          =             1
Total time               =      9.999269 s
Total packets            =         67974
Minimum delay            =      0.000006 s
Maximum delay            =      1.000178 s
Average delay            =      0.001221 s
Average jitter           =      0.000317 s
Delay standard deviation =      0.033419 s
Bytes received           =      34802688
Average bitrate          =  27844.185810 Kbit/s
Average packet rate      =   6797.896926 pkt/s
Packets dropped          =             0 (0.00 %)
Average loss-burst size  =             0 pkt
Error lines              =             0
----------------------------------------------------------
