ITGDec version 2.8.1 (r1023)
Compile-time options: bursty multiport
----------------------------------------------------------
Flow number: 1
From 192.168.10.9:52796
To    192.168.10.4:8999
----------------------------------------------------------
Total time               =      9.999417 s
Total packets            =        101605
Minimum delay            =      0.000005 s
Maximum delay            =      1.000103 s
Average delay            =      0.001052 s
Average jitter           =      0.000225 s
Delay standard deviation =      0.031669 s
Bytes received           =      26010880
Average bitrate          =  20809.917218 Kbit/s
Average packet rate      =  10161.092392 pkt/s
Packets dropped          =             0 (0.00 %)
Average loss-burst size  =      0.000000 pkt
----------------------------------------------------------

__________________________________________________________
****************  TOTAL RESULTS   ******************
__________________________________________________________
Number of flows          =             1
Total time               =      9.999417 s
Total packets            =        101605
Minimum delay            =      0.000005 s
Maximum delay            =      1.000103 s
Average delay            =      0.001052 s
Average jitter           =      0.000225 s
Delay standard deviation =      0.031669 s
Bytes received           =      26010880
Average bitrate          =  20809.917218 Kbit/s
Average packet rate      =  10161.092392 pkt/s
Packets dropped          =             0 (0.00 %)
Average loss-burst size  =             0 pkt
Error lines              =             0
----------------------------------------------------------
