ITGDec version 2.8.1 (r1023)
Compile-time options: bursty multiport
----------------------------------------------------------
Flow number: 1
From 192.168.10.9:52603
To    192.168.10.4:8999
----------------------------------------------------------
Total time               =      9.999395 s
Total packets            =        129329
Minimum delay            =      0.000003 s
Maximum delay            =      1.000104 s
Average delay            =      0.000974 s
Average jitter           =      0.000185 s
Delay standard deviation =      0.030574 s
Bytes received           =      16554112
Average bitrate          =  13244.090868 Kbit/s
Average packet rate      =  12933.682488 pkt/s
Packets dropped          =           149 (0.12 %)
Average loss-burst size  =     74.500000 pkt
----------------------------------------------------------

__________________________________________________________
****************  TOTAL RESULTS   ******************
__________________________________________________________
Number of flows          =             1
Total time               =      9.999395 s
Total packets            =        129329
Minimum delay            =      0.000003 s
Maximum delay            =      1.000104 s
Average delay            =      0.000974 s
Average jitter           =      0.000185 s
Delay standard deviation =      0.030574 s
Bytes received           =      16554112
Average bitrate          =  13244.090868 Kbit/s
Average packet rate      =  12933.682488 pkt/s
Packets dropped          =           149 (0.12 %)
Average loss-burst size  =     74.500000 pkt
Error lines              =             0
----------------------------------------------------------
