ITGDec version 2.8.1 (r1023)
Compile-time options: bursty multiport
----------------------------------------------------------
Flow number: 1
From 192.168.10.9:54396
To    192.168.10.4:8999
----------------------------------------------------------
Total time               =      9.999511 s
Total packets            =         33296
Minimum delay            =      0.000006 s
Maximum delay            =      1.000318 s
Average delay            =      0.001973 s
Average jitter           =      0.000648 s
Delay standard deviation =      0.041700 s
Bytes received           =      42618880
Average bitrate          =  34096.771332 Kbit/s
Average packet rate      =   3329.762825 pkt/s
Packets dropped          =             0 (0.00 %)
Average loss-burst size  =      0.000000 pkt
----------------------------------------------------------

__________________________________________________________
****************  TOTAL RESULTS   ******************
__________________________________________________________
Number of flows          =             1
Total time               =      9.999511 s
Total packets            =         33296
Minimum delay            =      0.000006 s
Maximum delay            =      1.000318 s
Average delay            =      0.001973 s
Average jitter           =      0.000648 s
Delay standard deviation =      0.041700 s
Bytes received           =      42618880
Average bitrate          =  34096.771332 Kbit/s
Average packet rate      =   3329.762825 pkt/s
Packets dropped          =             0 (0.00 %)
Average loss-burst size  =             0 pkt
Error lines              =             0
----------------------------------------------------------
