ITGDec version 2.8.1 (r1023)
Compile-time options: bursty multiport
----------------------------------------------------------
Flow number: 1
From 192.168.10.9:41446
To    192.168.10.4:8999
----------------------------------------------------------
Total time               =      9.999243 s
Total packets            =         39621
Minimum delay            =      0.000007 s
Maximum delay            =      1.000267 s
Average delay            =      0.001740 s
Average jitter           =      0.000532 s
Delay standard deviation =      0.038884 s
Bytes received           =      40571904
Average bitrate          =  32459.980421 Kbit/s
Average packet rate      =   3962.399954 pkt/s
Packets dropped          =             0 (0.00 %)
Average loss-burst size  =      0.000000 pkt
----------------------------------------------------------

__________________________________________________________
****************  TOTAL RESULTS   ******************
__________________________________________________________
Number of flows          =             1
Total time               =      9.999243 s
Total packets            =         39621
Minimum delay            =      0.000007 s
Maximum delay            =      1.000267 s
Average delay            =      0.001740 s
Average jitter           =      0.000532 s
Delay standard deviation =      0.038884 s
Bytes received           =      40571904
Average bitrate          =  32459.980421 Kbit/s
Average packet rate      =   3962.399954 pkt/s
Packets dropped          =             0 (0.00 %)
Average loss-burst size  =             0 pkt
Error lines              =             0
----------------------------------------------------------
