ITGDec version 2.8.1 (r1023)
Compile-time options: bursty multiport
----------------------------------------------------------
Flow number: 1
From 192.168.10.9:58634
To    192.168.10.4:8999
----------------------------------------------------------
Total time               =      9.999367 s
Total packets            =         39448
Minimum delay            =      0.000006 s
Maximum delay            =      1.000268 s
Average delay            =      0.001733 s
Average jitter           =      0.000542 s
Delay standard deviation =      0.038971 s
Bytes received           =      40394752
Average bitrate          =  32317.847320 Kbit/s
Average packet rate      =   3945.049722 pkt/s
Packets dropped          =             0 (0.00 %)
Average loss-burst size  =      0.000000 pkt
----------------------------------------------------------

__________________________________________________________
****************  TOTAL RESULTS   ******************
__________________________________________________________
Number of flows          =             1
Total time               =      9.999367 s
Total packets            =         39448
Minimum delay            =      0.000006 s
Maximum delay            =      1.000268 s
Average delay            =      0.001733 s
Average jitter           =      0.000542 s
Delay standard deviation =      0.038971 s
Bytes received           =      40394752
Average bitrate          =  32317.847320 Kbit/s
Average packet rate      =   3945.049722 pkt/s
Packets dropped          =             0 (0.00 %)
Average loss-burst size  =             0 pkt
Error lines              =             0
----------------------------------------------------------
