ITGDec version 2.8.1 (r1023)
Compile-time options: bursty multiport
----------------------------------------------------------
Flow number: 1
From 192.168.10.9:52973
To    192.168.10.4:8999
----------------------------------------------------------
Total time               =      9.999294 s
Total packets            =         39533
Minimum delay            =      0.000004 s
Maximum delay            =      1.000268 s
Average delay            =      0.001765 s
Average jitter           =      0.000541 s
Delay standard deviation =      0.039252 s
Bytes received           =      40481792
Average bitrate          =  32387.720173 Kbit/s
Average packet rate      =   3953.579123 pkt/s
Packets dropped          =             0 (0.00 %)
Average loss-burst size  =      0.000000 pkt
----------------------------------------------------------

__________________________________________________________
****************  TOTAL RESULTS   ******************
__________________________________________________________
Number of flows          =             1
Total time               =      9.999294 s
Total packets            =         39533
Minimum delay            =      0.000004 s
Maximum delay            =      1.000268 s
Average delay            =      0.001765 s
Average jitter           =      0.000541 s
Delay standard deviation =      0.039252 s
Bytes received           =      40481792
Average bitrate          =  32387.720173 Kbit/s
Average packet rate      =   3953.579123 pkt/s
Packets dropped          =             0 (0.00 %)
Average loss-burst size  =             0 pkt
Error lines              =             0
----------------------------------------------------------
