ITGDec version 2.8.1 (r1023)
Compile-time options: bursty multiport
----------------------------------------------------------
Flow number: 1
From 192.168.10.9:44704
To    192.168.10.4:8999
----------------------------------------------------------
Total time               =      9.999177 s
Total packets            =         39678
Minimum delay            =      0.000004 s
Maximum delay            =      1.000273 s
Average delay            =      0.001765 s
Average jitter           =      0.000529 s
Delay standard deviation =      0.039177 s
Bytes received           =      40630272
Average bitrate          =  32506.892917 Kbit/s
Average packet rate      =   3968.126577 pkt/s
Packets dropped          =             0 (0.00 %)
Average loss-burst size  =      0.000000 pkt
----------------------------------------------------------

__________________________________________________________
****************  TOTAL RESULTS   ******************
__________________________________________________________
Number of flows          =             1
Total time               =      9.999177 s
Total packets            =         39678
Minimum delay            =      0.000004 s
Maximum delay            =      1.000273 s
Average delay            =      0.001765 s
Average jitter           =      0.000529 s
Delay standard deviation =      0.039177 s
Bytes received           =      40630272
Average bitrate          =  32506.892917 Kbit/s
Average packet rate      =   3968.126577 pkt/s
Packets dropped          =             0 (0.00 %)
Average loss-burst size  =             0 pkt
Error lines              =             0
----------------------------------------------------------
