ITGDec version 2.8.1 (r1023)
Compile-time options: bursty multiport
----------------------------------------------------------
Flow number: 1
From 192.168.10.9:40766
To    192.168.10.4:8999
----------------------------------------------------------
Total time               =      9.999114 s
Total packets            =        164243
Minimum delay            =      0.000002 s
Maximum delay            =      1.000087 s
Average delay            =      0.000865 s
Average jitter           =      0.000139 s
Delay standard deviation =      0.028975 s
Bytes received           =      10511552
Average bitrate          =   8409.986725 Kbit/s
Average packet rate      =  16425.755322 pkt/s
Packets dropped          =           774 (0.47 %)
Average loss-burst size  =    387.000000 pkt
----------------------------------------------------------

__________________________________________________________
****************  TOTAL RESULTS   ******************
__________________________________________________________
Number of flows          =             1
Total time               =      9.999114 s
Total packets            =        164243
Minimum delay            =      0.000002 s
Maximum delay            =      1.000087 s
Average delay            =      0.000865 s
Average jitter           =      0.000139 s
Delay standard deviation =      0.028975 s
Bytes received           =      10511552
Average bitrate          =   8409.986725 Kbit/s
Average packet rate      =  16425.755322 pkt/s
Packets dropped          =           774 (0.47 %)
Average loss-burst size  =    387.000000 pkt
Error lines              =             0
----------------------------------------------------------
