ITGDec version 2.8.1 (r1023)
Compile-time options: bursty multiport
----------------------------------------------------------
Flow number: 1
From 192.168.10.9:39799
To    192.168.10.4:8999
----------------------------------------------------------
Total time               =      9.999607 s
Total packets            =         39631
Minimum delay            =      0.000006 s
Maximum delay            =      1.000268 s
Average delay            =      0.001734 s
Average jitter           =      0.000530 s
Delay standard deviation =      0.038880 s
Bytes received           =      40582144
Average bitrate          =  32466.991153 Kbit/s
Average packet rate      =   3963.255756 pkt/s
Packets dropped          =             0 (0.00 %)
Average loss-burst size  =      0.000000 pkt
----------------------------------------------------------

__________________________________________________________
****************  TOTAL RESULTS   ******************
__________________________________________________________
Number of flows          =             1
Total time               =      9.999607 s
Total packets            =         39631
Minimum delay            =      0.000006 s
Maximum delay            =      1.000268 s
Average delay            =      0.001734 s
Average jitter           =      0.000530 s
Delay standard deviation =      0.038880 s
Bytes received           =      40582144
Average bitrate          =  32466.991153 Kbit/s
Average packet rate      =   3963.255756 pkt/s
Packets dropped          =             0 (0.00 %)
Average loss-burst size  =             0 pkt
Error lines              =             0
----------------------------------------------------------
