ITGDec version 2.8.1 (r1023)
Compile-time options: bursty multiport
----------------------------------------------------------
Flow number: 1
From 192.168.10.9:58534
To    192.168.10.4:8999
----------------------------------------------------------
Total time               =      9.999350 s
Total packets            =         39691
Minimum delay            =      0.000007 s
Maximum delay            =      1.000268 s
Average delay            =      0.001742 s
Average jitter           =      0.000533 s
Delay standard deviation =      0.038851 s
Bytes received           =      40643584
Average bitrate          =  32516.980804 Kbit/s
Average packet rate      =   3969.358008 pkt/s
Packets dropped          =             0 (0.00 %)
Average loss-burst size  =      0.000000 pkt
----------------------------------------------------------

__________________________________________________________
****************  TOTAL RESULTS   ******************
__________________________________________________________
Number of flows          =             1
Total time               =      9.999350 s
Total packets            =         39691
Minimum delay            =      0.000007 s
Maximum delay            =      1.000268 s
Average delay            =      0.001742 s
Average jitter           =      0.000533 s
Delay standard deviation =      0.038851 s
Bytes received           =      40643584
Average bitrate          =  32516.980804 Kbit/s
Average packet rate      =   3969.358008 pkt/s
Packets dropped          =             0 (0.00 %)
Average loss-burst size  =             0 pkt
Error lines              =             0
----------------------------------------------------------
