ITGDec version 2.8.1 (r1023)
Compile-time options: bursty multiport
----------------------------------------------------------
Flow number: 1
From 192.168.10.9:53477
To    192.168.10.4:8999
----------------------------------------------------------
Total time               =      9.999336 s
Total packets            =        163964
Minimum delay            =      0.000002 s
Maximum delay            =      1.000082 s
Average delay            =      0.000830 s
Average jitter           =      0.000139 s
Delay standard deviation =      0.028362 s
Bytes received           =      10493696
Average bitrate          =   8395.514262 Kbit/s
Average packet rate      =  16397.488793 pkt/s
Packets dropped          =          2049 (1.23 %)
Average loss-burst size  =   1024.500000 pkt
----------------------------------------------------------

__________________________________________________________
****************  TOTAL RESULTS   ******************
__________________________________________________________
Number of flows          =             1
Total time               =      9.999336 s
Total packets            =        163964
Minimum delay            =      0.000002 s
Maximum delay            =      1.000082 s
Average delay            =      0.000830 s
Average jitter           =      0.000139 s
Delay standard deviation =      0.028362 s
Bytes received           =      10493696
Average bitrate          =   8395.514262 Kbit/s
Average packet rate      =  16397.488793 pkt/s
Packets dropped          =          2049 (1.23 %)
Average loss-burst size  =   1024.500000 pkt
Error lines              =             0
----------------------------------------------------------
