ITGDec version 2.8.1 (r1023)
Compile-time options: bursty multiport
----------------------------------------------------------
Flow number: 1
From 192.168.10.9:36140
To    192.168.10.4:8999
----------------------------------------------------------
Total time               =      9.999382 s
Total packets            =        101858
Minimum delay            =      0.000004 s
Maximum delay            =      1.000086 s
Average delay            =      0.001049 s
Average jitter           =      0.000223 s
Delay standard deviation =      0.031629 s
Bytes received           =      26075648
Average bitrate          =  20861.807660 Kbit/s
Average packet rate      =  10186.429521 pkt/s
Packets dropped          =             0 (0.00 %)
Average loss-burst size  =      0.000000 pkt
----------------------------------------------------------

__________________________________________________________
****************  TOTAL RESULTS   ******************
__________________________________________________________
Number of flows          =             1
Total time               =      9.999382 s
Total packets            =        101858
Minimum delay            =      0.000004 s
Maximum delay            =      1.000086 s
Average delay            =      0.001049 s
Average jitter           =      0.000223 s
Delay standard deviation =      0.031629 s
Bytes received           =      26075648
Average bitrate          =  20861.807660 Kbit/s
Average packet rate      =  10186.429521 pkt/s
Packets dropped          =             0 (0.00 %)
Average loss-burst size  =             0 pkt
Error lines              =             0
----------------------------------------------------------
