ITGDec version 2.8.1 (r1023)
Compile-time options: bursty multiport
----------------------------------------------------------
Flow number: 1
From 192.168.10.9:39333
To    192.168.10.4:8999
----------------------------------------------------------
Total time               =      9.971186 s
Total packets            =           232
Minimum delay            =      0.001365 s
Maximum delay            =      0.002276 s
Average delay            =      0.001520 s
Average jitter           =      0.000074 s
Delay standard deviation =      0.000075 s
Bytes received           =         10043
Average bitrate          =      8.057617 Kbit/s
Average packet rate      =     23.267042 pkt/s
Packets dropped          =             0 (0.00 %)
Average loss-burst size  =      0.000000 pkt
----------------------------------------------------------

__________________________________________________________
****************  TOTAL RESULTS   ******************
__________________________________________________________
Number of flows          =             1
Total time               =      9.971186 s
Total packets            =           232
Minimum delay            =      0.001365 s
Maximum delay            =      0.002276 s
Average delay            =      0.001520 s
Average jitter           =      0.000074 s
Delay standard deviation =      0.000075 s
Bytes received           =         10043
Average bitrate          =      8.057617 Kbit/s
Average packet rate      =     23.267042 pkt/s
Packets dropped          =             0 (0.00 %)
Average loss-burst size  =             0 pkt
Error lines              =             0
----------------------------------------------------------
