ITGDec version 2.8.1 (r1023)
Compile-time options: bursty multiport
----------------------------------------------------------
Flow number: 1
From 192.168.10.9:55289
To    192.168.10.4:8999
----------------------------------------------------------
Total time               =      9.999396 s
Total packets            =         39574
Minimum delay            =      0.000006 s
Maximum delay            =      1.000288 s
Average delay            =      0.001784 s
Average jitter           =      0.000534 s
Delay standard deviation =      0.039549 s
Bytes received           =      40523776
Average bitrate          =  32420.979027 Kbit/s
Average packet rate      =   3957.639041 pkt/s
Packets dropped          =             0 (0.00 %)
Average loss-burst size  =      0.000000 pkt
----------------------------------------------------------

__________________________________________________________
****************  TOTAL RESULTS   ******************
__________________________________________________________
Number of flows          =             1
Total time               =      9.999396 s
Total packets            =         39574
Minimum delay            =      0.000006 s
Maximum delay            =      1.000288 s
Average delay            =      0.001784 s
Average jitter           =      0.000534 s
Delay standard deviation =      0.039549 s
Bytes received           =      40523776
Average bitrate          =  32420.979027 Kbit/s
Average packet rate      =   3957.639041 pkt/s
Packets dropped          =             0 (0.00 %)
Average loss-burst size  =             0 pkt
Error lines              =             0
----------------------------------------------------------
