ITGDec version 2.8.1 (r1023)
Compile-time options: bursty multiport
----------------------------------------------------------
Flow number: 1
From 192.168.10.9:48214
To    192.168.10.4:8999
----------------------------------------------------------
Total time               =      9.999423 s
Total packets            =         99900
Minimum delay            =      0.000004 s
Maximum delay            =      1.000092 s
Average delay            =      0.001050 s
Average jitter           =      0.000229 s
Delay standard deviation =      0.031626 s
Bytes received           =      25574400
Average bitrate          =  20460.700582 Kbit/s
Average packet rate      =   9990.576456 pkt/s
Packets dropped          =           485 (0.48 %)
Average loss-burst size  =    485.000000 pkt
----------------------------------------------------------

__________________________________________________________
****************  TOTAL RESULTS   ******************
__________________________________________________________
Number of flows          =             1
Total time               =      9.999423 s
Total packets            =         99900
Minimum delay            =      0.000004 s
Maximum delay            =      1.000092 s
Average delay            =      0.001050 s
Average jitter           =      0.000229 s
Delay standard deviation =      0.031626 s
Bytes received           =      25574400
Average bitrate          =  20460.700582 Kbit/s
Average packet rate      =   9990.576456 pkt/s
Packets dropped          =           485 (0.48 %)
Average loss-burst size  =    485.000000 pkt
Error lines              =             0
----------------------------------------------------------
