ITGDec version 2.8.1 (r1023)
Compile-time options: bursty multiport
----------------------------------------------------------
Flow number: 1
From 192.168.10.9:36213
To    192.168.10.4:8999
----------------------------------------------------------
Total time               =      9.967730 s
Total packets            =           240
Minimum delay            =      0.001449 s
Maximum delay            =      0.002853 s
Average delay            =      0.001635 s
Average jitter           =      0.000082 s
Delay standard deviation =      0.000120 s
Bytes received           =         10697
Average bitrate          =      8.585305 Kbit/s
Average packet rate      =     24.077699 pkt/s
Packets dropped          =             0 (0.00 %)
Average loss-burst size  =      0.000000 pkt
----------------------------------------------------------

__________________________________________________________
****************  TOTAL RESULTS   ******************
__________________________________________________________
Number of flows          =             1
Total time               =      9.967730 s
Total packets            =           240
Minimum delay            =      0.001449 s
Maximum delay            =      0.002853 s
Average delay            =      0.001635 s
Average jitter           =      0.000082 s
Delay standard deviation =      0.000120 s
Bytes received           =         10697
Average bitrate          =      8.585305 Kbit/s
Average packet rate      =     24.077699 pkt/s
Packets dropped          =             0 (0.00 %)
Average loss-burst size  =             0 pkt
Error lines              =             0
----------------------------------------------------------
