ITGDec version 2.8.1 (r1023)
Compile-time options: bursty multiport
----------------------------------------------------------
Flow number: 1
From 192.168.10.9:38462
To    192.168.10.4:8999
----------------------------------------------------------
Total time               =      9.999269 s
Total packets            =        165017
Minimum delay            =      0.000002 s
Maximum delay            =      1.000199 s
Average delay            =      0.000873 s
Average jitter           =      0.000138 s
Delay standard deviation =      0.029115 s
Bytes received           =      10561088
Average bitrate          =   8449.488058 Kbit/s
Average packet rate      =  16502.906362 pkt/s
Packets dropped          =          1163 (0.70 %)
Average loss-burst size  =   1163.000000 pkt
----------------------------------------------------------

__________________________________________________________
****************  TOTAL RESULTS   ******************
__________________________________________________________
Number of flows          =             1
Total time               =      9.999269 s
Total packets            =        165017
Minimum delay            =      0.000002 s
Maximum delay            =      1.000199 s
Average delay            =      0.000873 s
Average jitter           =      0.000138 s
Delay standard deviation =      0.029115 s
Bytes received           =      10561088
Average bitrate          =   8449.488058 Kbit/s
Average packet rate      =  16502.906362 pkt/s
Packets dropped          =          1163 (0.70 %)
Average loss-burst size  =   1163.000000 pkt
Error lines              =             0
----------------------------------------------------------
