ITGDec version 2.8.1 (r1023)
Compile-time options: bursty multiport
----------------------------------------------------------
Flow number: 1
From 192.168.10.9:43725
To    192.168.10.4:8999
----------------------------------------------------------
Total time               =      9.959593 s
Total packets            =           229
Minimum delay            =      0.001411 s
Maximum delay            =      0.001804 s
Average delay            =      0.001515 s
Average jitter           =      0.000049 s
Delay standard deviation =      0.000053 s
Bytes received           =         10029
Average bitrate          =      8.055751 Kbit/s
Average packet rate      =     22.992907 pkt/s
Packets dropped          =             0 (0.00 %)
Average loss-burst size  =      0.000000 pkt
----------------------------------------------------------

__________________________________________________________
****************  TOTAL RESULTS   ******************
__________________________________________________________
Number of flows          =             1
Total time               =      9.959593 s
Total packets            =           229
Minimum delay            =      0.001411 s
Maximum delay            =      0.001804 s
Average delay            =      0.001515 s
Average jitter           =      0.000049 s
Delay standard deviation =      0.000053 s
Bytes received           =         10029
Average bitrate          =      8.055751 Kbit/s
Average packet rate      =     22.992907 pkt/s
Packets dropped          =             0 (0.00 %)
Average loss-burst size  =             0 pkt
Error lines              =             0
----------------------------------------------------------
