ITGDec version 2.8.1 (r1023)
Compile-time options: bursty multiport
----------------------------------------------------------
Flow number: 1
From 192.168.10.9:45434
To    192.168.10.4:8999
----------------------------------------------------------
Total time               =      9.995638 s
Total packets            =           240
Minimum delay            =      0.001406 s
Maximum delay            =      0.002779 s
Average delay            =      0.001563 s
Average jitter           =      0.000067 s
Delay standard deviation =      0.000099 s
Bytes received           =         10292
Average bitrate          =      8.237193 Kbit/s
Average packet rate      =     24.010473 pkt/s
Packets dropped          =             0 (0.00 %)
Average loss-burst size  =      0.000000 pkt
----------------------------------------------------------

__________________________________________________________
****************  TOTAL RESULTS   ******************
__________________________________________________________
Number of flows          =             1
Total time               =      9.995638 s
Total packets            =           240
Minimum delay            =      0.001406 s
Maximum delay            =      0.002779 s
Average delay            =      0.001563 s
Average jitter           =      0.000067 s
Delay standard deviation =      0.000099 s
Bytes received           =         10292
Average bitrate          =      8.237193 Kbit/s
Average packet rate      =     24.010473 pkt/s
Packets dropped          =             0 (0.00 %)
Average loss-burst size  =             0 pkt
Error lines              =             0
----------------------------------------------------------
