ITGDec version 2.8.1 (r1023)
Compile-time options: bursty multiport
----------------------------------------------------------
Flow number: 1
From 192.168.10.9:56658
To    192.168.10.4:8999
----------------------------------------------------------
Total time               =      9.972092 s
Total packets            =           244
Minimum delay            =      0.001337 s
Maximum delay            =      0.002167 s
Average delay            =      0.001512 s
Average jitter           =      0.000077 s
Delay standard deviation =      0.000073 s
Bytes received           =         10613
Average bitrate          =      8.514161 Kbit/s
Average packet rate      =     24.468286 pkt/s
Packets dropped          =             0 (0.00 %)
Average loss-burst size  =      0.000000 pkt
----------------------------------------------------------

__________________________________________________________
****************  TOTAL RESULTS   ******************
__________________________________________________________
Number of flows          =             1
Total time               =      9.972092 s
Total packets            =           244
Minimum delay            =      0.001337 s
Maximum delay            =      0.002167 s
Average delay            =      0.001512 s
Average jitter           =      0.000077 s
Delay standard deviation =      0.000073 s
Bytes received           =         10613
Average bitrate          =      8.514161 Kbit/s
Average packet rate      =     24.468286 pkt/s
Packets dropped          =             0 (0.00 %)
Average loss-burst size  =             0 pkt
Error lines              =             0
----------------------------------------------------------
