ITGDec version 2.8.1 (r1023)
Compile-time options: bursty multiport
----------------------------------------------------------
Flow number: 1
From 192.168.10.7:55397
To    192.168.10.5:8999
----------------------------------------------------------
Total time               =      5.155470 s
Total packets            =           122
Minimum delay            =      0.004358 s
Maximum delay            =      0.014129 s
Average delay            =      0.004891 s
Average jitter           =      0.000497 s
Delay standard deviation =      0.001225 s
Bytes received           =          5293
Average bitrate          =      8.213412 Kbit/s
Average packet rate      =     23.664186 pkt/s
Packets dropped          =             0 (0.00 %)
Average loss-burst size  =      0.000000 pkt
----------------------------------------------------------

__________________________________________________________
****************  TOTAL RESULTS   ******************
__________________________________________________________
Number of flows          =             1
Total time               =      5.155470 s
Total packets            =           122
Minimum delay            =      0.004358 s
Maximum delay            =      0.014129 s
Average delay            =      0.004891 s
Average jitter           =      0.000497 s
Delay standard deviation =      0.001225 s
Bytes received           =          5293
Average bitrate          =      8.213412 Kbit/s
Average packet rate      =     23.664186 pkt/s
Packets dropped          =             0 (0.00 %)
Average loss-burst size  =             0 pkt
Error lines              =             0
----------------------------------------------------------
