ITGDec version 2.8.1 (r1023)
Compile-time options: bursty multiport
----------------------------------------------------------
Flow number: 1
From 192.168.10.7:43479
To    192.168.10.5:8999
----------------------------------------------------------
Total time               =     10.052958 s
Total packets            =        123598
Minimum delay            =      0.000003 s
Maximum delay            =      1.000525 s
Average delay            =      0.119775 s
Average jitter           =      0.000185 s
Delay standard deviation =      0.322874 s
Bytes received           =      15820544
Average bitrate          =  12589.762337 Kbit/s
Average packet rate      =  12294.689782 pkt/s
Packets dropped          =          5818 (4.50 %)
Average loss-burst size  =      2.467345 pkt
----------------------------------------------------------

__________________________________________________________
****************  TOTAL RESULTS   ******************
__________________________________________________________
Number of flows          =             1
Total time               =     10.052958 s
Total packets            =        123598
Minimum delay            =      0.000003 s
Maximum delay            =      1.000525 s
Average delay            =      0.119775 s
Average jitter           =      0.000185 s
Delay standard deviation =      0.322874 s
Bytes received           =      15820544
Average bitrate          =  12589.762337 Kbit/s
Average packet rate      =  12294.689782 pkt/s
Packets dropped          =          5818 (4.50 %)
Average loss-burst size  =      2.467345 pkt
Error lines              =             0
----------------------------------------------------------
