ITGDec version 2.8.1 (r1023)
Compile-time options: bursty multiport
----------------------------------------------------------
Flow number: 1
From 192.168.10.7:45730
To    192.168.10.5:8999
----------------------------------------------------------
Total time               =     10.054201 s
Total packets            =        124265
Minimum delay            =      0.000003 s
Maximum delay            =      1.000118 s
Average delay            =      0.100317 s
Average jitter           =      0.000184 s
Delay standard deviation =      0.298816 s
Bytes received           =      15905920
Average bitrate          =  12656.138464 Kbit/s
Average packet rate      =  12359.510219 pkt/s
Packets dropped          =          4327 (3.36 %)
Average loss-burst size  =      2.481078 pkt
----------------------------------------------------------

__________________________________________________________
****************  TOTAL RESULTS   ******************
__________________________________________________________
Number of flows          =             1
Total time               =     10.054201 s
Total packets            =        124265
Minimum delay            =      0.000003 s
Maximum delay            =      1.000118 s
Average delay            =      0.100317 s
Average jitter           =      0.000184 s
Delay standard deviation =      0.298816 s
Bytes received           =      15905920
Average bitrate          =  12656.138464 Kbit/s
Average packet rate      =  12359.510219 pkt/s
Packets dropped          =          4327 (3.36 %)
Average loss-burst size  =      2.481078 pkt
Error lines              =             0
----------------------------------------------------------
