ITGDec version 2.8.1 (r1023)
Compile-time options: bursty multiport
----------------------------------------------------------
Flow number: 1
From 192.168.10.7:57872
To    192.168.10.5:8999
----------------------------------------------------------
Total time               =     10.051248 s
Total packets            =        123999
Minimum delay            =      0.000003 s
Maximum delay            =      1.000589 s
Average delay            =      0.098133 s
Average jitter           =      0.000184 s
Delay standard deviation =      0.295882 s
Bytes received           =      15871872
Average bitrate          =  12632.757246 Kbit/s
Average packet rate      =  12336.676998 pkt/s
Packets dropped          =          4809 (3.73 %)
Average loss-burst size  =      2.661317 pkt
----------------------------------------------------------

__________________________________________________________
****************  TOTAL RESULTS   ******************
__________________________________________________________
Number of flows          =             1
Total time               =     10.051248 s
Total packets            =        123999
Minimum delay            =      0.000003 s
Maximum delay            =      1.000589 s
Average delay            =      0.098133 s
Average jitter           =      0.000184 s
Delay standard deviation =      0.295882 s
Bytes received           =      15871872
Average bitrate          =  12632.757246 Kbit/s
Average packet rate      =  12336.676998 pkt/s
Packets dropped          =          4809 (3.73 %)
Average loss-burst size  =      2.661317 pkt
Error lines              =             0
----------------------------------------------------------
