ITGDec version 2.8.1 (r1023)
Compile-time options: bursty multiport
----------------------------------------------------------
Flow number: 1
From 192.168.10.7:32801
To    192.168.10.5:8999
----------------------------------------------------------
Total time               =     10.311632 s
Total packets            =         15457
Minimum delay            =      0.000006 s
Maximum delay            =      1.000726 s
Average delay            =      0.541047 s
Average jitter           =      0.001354 s
Delay standard deviation =      0.478649 s
Bytes received           =      19784960
Average bitrate          =  15349.624579 Kbit/s
Average packet rate      =   1498.986775 pkt/s
Packets dropped          =         16706 (51.94 %)
Average loss-burst size  =      3.134922 pkt
----------------------------------------------------------

__________________________________________________________
****************  TOTAL RESULTS   ******************
__________________________________________________________
Number of flows          =             1
Total time               =     10.311632 s
Total packets            =         15457
Minimum delay            =      0.000006 s
Maximum delay            =      1.000726 s
Average delay            =      0.541047 s
Average jitter           =      0.001354 s
Delay standard deviation =      0.478649 s
Bytes received           =      19784960
Average bitrate          =  15349.624579 Kbit/s
Average packet rate      =   1498.986775 pkt/s
Packets dropped          =         16706 (51.94 %)
Average loss-burst size  =      3.134922 pkt
Error lines              =             0
----------------------------------------------------------
