ITGDec version 2.8.1 (r1023)
Compile-time options: bursty multiport
----------------------------------------------------------
Flow number: 1
From 192.168.10.7:35876
To    192.168.10.5:8999
----------------------------------------------------------
Total time               =      8.937504 s
Total packets            =             6
Minimum delay            =      0.004592 s
Maximum delay            =      0.005410 s
Average delay            =      0.005140 s
Average jitter           =      0.000358 s
Delay standard deviation =      0.000275 s
Bytes received           =          1185
Average bitrate          =      1.060699 Kbit/s
Average packet rate      =      0.671328 pkt/s
Packets dropped          =             0 (0.00 %)
Average loss-burst size  =      0.000000 pkt
----------------------------------------------------------

__________________________________________________________
****************  TOTAL RESULTS   ******************
__________________________________________________________
Number of flows          =             1
Total time               =      8.937504 s
Total packets            =             6
Minimum delay            =      0.004592 s
Maximum delay            =      0.005410 s
Average delay            =      0.005140 s
Average jitter           =      0.000358 s
Delay standard deviation =      0.000275 s
Bytes received           =          1185
Average bitrate          =      1.060699 Kbit/s
Average packet rate      =      0.671328 pkt/s
Packets dropped          =             0 (0.00 %)
Average loss-burst size  =             0 pkt
Error lines              =             0
----------------------------------------------------------
