ITGDec version 2.8.1 (r1023)
Compile-time options: bursty multiport
----------------------------------------------------------
Flow number: 1
From 192.168.10.7:38633
To    192.168.10.5:8999
----------------------------------------------------------
Total time               =     10.061763 s
Total packets            =        124254
Minimum delay            =      0.000003 s
Maximum delay            =      1.000127 s
Average delay            =      0.105950 s
Average jitter           =      0.000184 s
Delay standard deviation =      0.305814 s
Bytes received           =      15904512
Average bitrate          =  12645.507154 Kbit/s
Average packet rate      =  12349.128080 pkt/s
Packets dropped          =          4514 (3.51 %)
Average loss-burst size  =      2.394695 pkt
----------------------------------------------------------

__________________________________________________________
****************  TOTAL RESULTS   ******************
__________________________________________________________
Number of flows          =             1
Total time               =     10.061763 s
Total packets            =        124254
Minimum delay            =      0.000003 s
Maximum delay            =      1.000127 s
Average delay            =      0.105950 s
Average jitter           =      0.000184 s
Delay standard deviation =      0.305814 s
Bytes received           =      15904512
Average bitrate          =  12645.507154 Kbit/s
Average packet rate      =  12349.128080 pkt/s
Packets dropped          =          4514 (3.51 %)
Average loss-burst size  =      2.394695 pkt
Error lines              =             0
----------------------------------------------------------
