ITGDec version 2.8.1 (r1023)
Compile-time options: bursty multiport
----------------------------------------------------------
Flow number: 1
From 192.168.10.7:59467
To    192.168.10.5:8999
----------------------------------------------------------
Total time               =      9.960898 s
Total packets            =           237
Minimum delay            =      0.004083 s
Maximum delay            =      0.008512 s
Average delay            =      0.004657 s
Average jitter           =      0.000198 s
Delay standard deviation =      0.000317 s
Bytes received           =         10475
Average bitrate          =      8.412896 Kbit/s
Average packet rate      =     23.793036 pkt/s
Packets dropped          =             0 (0.00 %)
Average loss-burst size  =      0.000000 pkt
----------------------------------------------------------

__________________________________________________________
****************  TOTAL RESULTS   ******************
__________________________________________________________
Number of flows          =             1
Total time               =      9.960898 s
Total packets            =           237
Minimum delay            =      0.004083 s
Maximum delay            =      0.008512 s
Average delay            =      0.004657 s
Average jitter           =      0.000198 s
Delay standard deviation =      0.000317 s
Bytes received           =         10475
Average bitrate          =      8.412896 Kbit/s
Average packet rate      =     23.793036 pkt/s
Packets dropped          =             0 (0.00 %)
Average loss-burst size  =             0 pkt
Error lines              =             0
----------------------------------------------------------
