ITGDec version 2.8.1 (r1023)
Compile-time options: bursty multiport
----------------------------------------------------------
Flow number: 1
From 192.168.10.7:51498
To    192.168.10.5:8999
----------------------------------------------------------
Total time               =     10.093048 s
Total packets            =         72329
Minimum delay            =      0.000004 s
Maximum delay            =      1.000608 s
Average delay            =      0.177836 s
Average jitter           =      0.000304 s
Delay standard deviation =      0.378883 s
Bytes received           =      18516224
Average bitrate          =  14676.418065 Kbit/s
Average packet rate      =   7166.219758 pkt/s
Packets dropped          =         24490 (25.29 %)
Average loss-burst size  =      2.432218 pkt
----------------------------------------------------------

__________________________________________________________
****************  TOTAL RESULTS   ******************
__________________________________________________________
Number of flows          =             1
Total time               =     10.093048 s
Total packets            =         72329
Minimum delay            =      0.000004 s
Maximum delay            =      1.000608 s
Average delay            =      0.177836 s
Average jitter           =      0.000304 s
Delay standard deviation =      0.378883 s
Bytes received           =      18516224
Average bitrate          =  14676.418065 Kbit/s
Average packet rate      =   7166.219758 pkt/s
Packets dropped          =         24490 (25.29 %)
Average loss-burst size  =      2.432218 pkt
Error lines              =             0
----------------------------------------------------------
