ITGDec version 2.8.1 (r1023)
Compile-time options: bursty multiport
----------------------------------------------------------
Flow number: 1
From 192.168.10.7:47109
To    192.168.10.5:8999
----------------------------------------------------------
Total time               =     10.097488 s
Total packets            =         72098
Minimum delay            =      0.000004 s
Maximum delay            =      1.000452 s
Average delay            =      0.161965 s
Average jitter           =      0.000299 s
Delay standard deviation =      0.364596 s
Bytes received           =      18457088
Average bitrate          =  14623.112600 Kbit/s
Average packet rate      =   7140.191699 pkt/s
Packets dropped          =         24765 (25.57 %)
Average loss-burst size  =      2.483952 pkt
----------------------------------------------------------

__________________________________________________________
****************  TOTAL RESULTS   ******************
__________________________________________________________
Number of flows          =             1
Total time               =     10.097488 s
Total packets            =         72098
Minimum delay            =      0.000004 s
Maximum delay            =      1.000452 s
Average delay            =      0.161965 s
Average jitter           =      0.000299 s
Delay standard deviation =      0.364596 s
Bytes received           =      18457088
Average bitrate          =  14623.112600 Kbit/s
Average packet rate      =   7140.191699 pkt/s
Packets dropped          =         24765 (25.57 %)
Average loss-burst size  =      2.483952 pkt
Error lines              =             0
----------------------------------------------------------
