ITGDec version 2.8.1 (r1023)
Compile-time options: bursty multiport
----------------------------------------------------------
Flow number: 1
From 192.168.10.7:42168
To    192.168.10.5:8999
----------------------------------------------------------
Total time               =      9.998444 s
Total packets            =           988
Minimum delay            =      0.001139 s
Maximum delay            =      0.012161 s
Average delay            =      0.004644 s
Average jitter           =      0.000222 s
Delay standard deviation =      0.000482 s
Bytes received           =         63232
Average bitrate          =     50.593472 Kbit/s
Average packet rate      =     98.815376 pkt/s
Packets dropped          =             0 (0.00 %)
Average loss-burst size  =      0.000000 pkt
----------------------------------------------------------

__________________________________________________________
****************  TOTAL RESULTS   ******************
__________________________________________________________
Number of flows          =             1
Total time               =      9.998444 s
Total packets            =           988
Minimum delay            =      0.001139 s
Maximum delay            =      0.012161 s
Average delay            =      0.004644 s
Average jitter           =      0.000222 s
Delay standard deviation =      0.000482 s
Bytes received           =         63232
Average bitrate          =     50.593472 Kbit/s
Average packet rate      =     98.815376 pkt/s
Packets dropped          =             0 (0.00 %)
Average loss-burst size  =             0 pkt
Error lines              =             0
----------------------------------------------------------
