ITGDec version 2.8.1 (r1023)
Compile-time options: bursty multiport
----------------------------------------------------------
Flow number: 1
From 192.168.10.7:54666
To    192.168.10.5:8999
----------------------------------------------------------
Total time               =     10.320783 s
Total packets            =         15337
Minimum delay            =      0.000005 s
Maximum delay            =      1.000356 s
Average delay            =      0.539179 s
Average jitter           =      0.001446 s
Delay standard deviation =      0.478230 s
Bytes received           =      19631360
Average bitrate          =  15216.953985 Kbit/s
Average packet rate      =   1486.030663 pkt/s
Packets dropped          =         16822 (52.31 %)
Average loss-burst size  =      3.036462 pkt
----------------------------------------------------------

__________________________________________________________
****************  TOTAL RESULTS   ******************
__________________________________________________________
Number of flows          =             1
Total time               =     10.320783 s
Total packets            =         15337
Minimum delay            =      0.000005 s
Maximum delay            =      1.000356 s
Average delay            =      0.539179 s
Average jitter           =      0.001446 s
Delay standard deviation =      0.478230 s
Bytes received           =      19631360
Average bitrate          =  15216.953985 Kbit/s
Average packet rate      =   1486.030663 pkt/s
Packets dropped          =         16822 (52.31 %)
Average loss-burst size  =      3.036462 pkt
Error lines              =             0
----------------------------------------------------------
