ITGDec version 2.8.1 (r1023)
Compile-time options: bursty multiport
----------------------------------------------------------
Flow number: 1
From 192.168.10.7:38984
To    192.168.10.5:8999
----------------------------------------------------------
Total time               =     10.090485 s
Total packets            =         72192
Minimum delay            =      0.000004 s
Maximum delay            =      1.000632 s
Average delay            =      0.173763 s
Average jitter           =      0.000305 s
Delay standard deviation =      0.375604 s
Bytes received           =      18481152
Average bitrate          =  14652.339902 Kbit/s
Average packet rate      =   7154.462843 pkt/s
Packets dropped          =         24547 (25.37 %)
Average loss-burst size  =      2.504285 pkt
----------------------------------------------------------

__________________________________________________________
****************  TOTAL RESULTS   ******************
__________________________________________________________
Number of flows          =             1
Total time               =     10.090485 s
Total packets            =         72192
Minimum delay            =      0.000004 s
Maximum delay            =      1.000632 s
Average delay            =      0.173763 s
Average jitter           =      0.000305 s
Delay standard deviation =      0.375604 s
Bytes received           =      18481152
Average bitrate          =  14652.339902 Kbit/s
Average packet rate      =   7154.462843 pkt/s
Packets dropped          =         24547 (25.37 %)
Average loss-burst size  =      2.504285 pkt
Error lines              =             0
----------------------------------------------------------
