ITGDec version 2.8.1 (r1023)
Compile-time options: bursty multiport
----------------------------------------------------------
Flow number: 1
From 192.168.10.7:39459
To    192.168.10.5:8999
----------------------------------------------------------
Total time               =      8.937717 s
Total packets            =             6
Minimum delay            =      0.004889 s
Maximum delay            =      0.005326 s
Average delay            =      0.005070 s
Average jitter           =      0.000185 s
Delay standard deviation =      0.000147 s
Bytes received           =          1110
Average bitrate          =      0.993542 Kbit/s
Average packet rate      =      0.671312 pkt/s
Packets dropped          =             0 (0.00 %)
Average loss-burst size  =      0.000000 pkt
----------------------------------------------------------

__________________________________________________________
****************  TOTAL RESULTS   ******************
__________________________________________________________
Number of flows          =             1
Total time               =      8.937717 s
Total packets            =             6
Minimum delay            =      0.004889 s
Maximum delay            =      0.005326 s
Average delay            =      0.005070 s
Average jitter           =      0.000185 s
Delay standard deviation =      0.000147 s
Bytes received           =          1110
Average bitrate          =      0.993542 Kbit/s
Average packet rate      =      0.671312 pkt/s
Packets dropped          =             0 (0.00 %)
Average loss-burst size  =             0 pkt
Error lines              =             0
----------------------------------------------------------
