ITGDec version 2.8.1 (r1023)
Compile-time options: bursty multiport
----------------------------------------------------------
Flow number: 1
From 192.168.10.7:60914
To    192.168.10.5:8999
----------------------------------------------------------
Total time               =     10.250514 s
Total packets            =         19261
Minimum delay            =      0.000006 s
Maximum delay            =      1.000751 s
Average delay            =      0.435206 s
Average jitter           =      0.001091 s
Delay standard deviation =      0.480392 s
Bytes received           =      19723264
Average bitrate          =  15392.995122 Kbit/s
Average packet rate      =   1879.027725 pkt/s
Packets dropped          =         19061 (49.74 %)
Average loss-burst size  =      2.978281 pkt
----------------------------------------------------------

__________________________________________________________
****************  TOTAL RESULTS   ******************
__________________________________________________________
Number of flows          =             1
Total time               =     10.250514 s
Total packets            =         19261
Minimum delay            =      0.000006 s
Maximum delay            =      1.000751 s
Average delay            =      0.435206 s
Average jitter           =      0.001091 s
Delay standard deviation =      0.480392 s
Bytes received           =      19723264
Average bitrate          =  15392.995122 Kbit/s
Average packet rate      =   1879.027725 pkt/s
Packets dropped          =         19061 (49.74 %)
Average loss-burst size  =      2.978281 pkt
Error lines              =             0
----------------------------------------------------------
