ITGDec version 2.8.1 (r1023)
Compile-time options: bursty multiport
----------------------------------------------------------
Flow number: 1
From 192.168.10.7:58066
To    192.168.10.5:8999
----------------------------------------------------------
Total time               =      9.986185 s
Total packets            =           238
Minimum delay            =      0.004214 s
Maximum delay            =      0.010495 s
Average delay            =      0.004715 s
Average jitter           =      0.000247 s
Delay standard deviation =      0.000490 s
Bytes received           =         10240
Average bitrate          =      8.203333 Kbit/s
Average packet rate      =     23.832925 pkt/s
Packets dropped          =             0 (0.00 %)
Average loss-burst size  =      0.000000 pkt
----------------------------------------------------------

__________________________________________________________
****************  TOTAL RESULTS   ******************
__________________________________________________________
Number of flows          =             1
Total time               =      9.986185 s
Total packets            =           238
Minimum delay            =      0.004214 s
Maximum delay            =      0.010495 s
Average delay            =      0.004715 s
Average jitter           =      0.000247 s
Delay standard deviation =      0.000490 s
Bytes received           =         10240
Average bitrate          =      8.203333 Kbit/s
Average packet rate      =     23.832925 pkt/s
Packets dropped          =             0 (0.00 %)
Average loss-burst size  =             0 pkt
Error lines              =             0
----------------------------------------------------------
