ITGDec version 2.8.1 (r1023)
Compile-time options: bursty multiport
----------------------------------------------------------
Flow number: 1
From 192.168.10.7:47391
To    192.168.10.5:8999
----------------------------------------------------------
Total time               =     10.308571 s
Total packets            =         15339
Minimum delay            =      0.000004 s
Maximum delay            =      1.000351 s
Average delay            =      0.534066 s
Average jitter           =      0.001455 s
Delay standard deviation =      0.478911 s
Bytes received           =      19633920
Average bitrate          =  15236.967374 Kbit/s
Average packet rate      =   1487.985095 pkt/s
Packets dropped          =         16840 (52.33 %)
Average loss-burst size  =      3.171972 pkt
----------------------------------------------------------

__________________________________________________________
****************  TOTAL RESULTS   ******************
__________________________________________________________
Number of flows          =             1
Total time               =     10.308571 s
Total packets            =         15339
Minimum delay            =      0.000004 s
Maximum delay            =      1.000351 s
Average delay            =      0.534066 s
Average jitter           =      0.001455 s
Delay standard deviation =      0.478911 s
Bytes received           =      19633920
Average bitrate          =  15236.967374 Kbit/s
Average packet rate      =   1487.985095 pkt/s
Packets dropped          =         16840 (52.33 %)
Average loss-burst size  =      3.171972 pkt
Error lines              =             0
----------------------------------------------------------
