ITGDec version 2.8.1 (r1023)
Compile-time options: bursty multiport
----------------------------------------------------------
Flow number: 1
From 192.168.10.7:52143
To    192.168.10.5:8999
----------------------------------------------------------
Total time               =     10.088026 s
Total packets            =         72067
Minimum delay            =      0.000003 s
Maximum delay            =      1.005686 s
Average delay            =      0.176090 s
Average jitter           =      0.000305 s
Delay standard deviation =      0.377668 s
Bytes received           =      18449152
Average bitrate          =  14630.534854 Kbit/s
Average packet rate      =   7143.815847 pkt/s
Packets dropped          =         24840 (25.63 %)
Average loss-burst size  =      2.507824 pkt
----------------------------------------------------------

__________________________________________________________
****************  TOTAL RESULTS   ******************
__________________________________________________________
Number of flows          =             1
Total time               =     10.088026 s
Total packets            =         72067
Minimum delay            =      0.000003 s
Maximum delay            =      1.005686 s
Average delay            =      0.176090 s
Average jitter           =      0.000305 s
Delay standard deviation =      0.377668 s
Bytes received           =      18449152
Average bitrate          =  14630.534854 Kbit/s
Average packet rate      =   7143.815847 pkt/s
Packets dropped          =         24840 (25.63 %)
Average loss-burst size  =      2.507824 pkt
Error lines              =             0
----------------------------------------------------------
