ITGDec version 2.8.1 (r1023)
Compile-time options: bursty multiport
----------------------------------------------------------
Flow number: 1
From 192.168.10.7:58335
To    192.168.10.5:8999
----------------------------------------------------------
Total time               =     10.091891 s
Total packets            =         72386
Minimum delay            =      0.000004 s
Maximum delay            =      1.000433 s
Average delay            =      0.168193 s
Average jitter           =      0.000303 s
Delay standard deviation =      0.370651 s
Bytes received           =      18530816
Average bitrate          =  14689.667972 Kbit/s
Average packet rate      =   7172.689439 pkt/s
Packets dropped          =         24335 (25.16 %)
Average loss-burst size  =      2.466302 pkt
----------------------------------------------------------

__________________________________________________________
****************  TOTAL RESULTS   ******************
__________________________________________________________
Number of flows          =             1
Total time               =     10.091891 s
Total packets            =         72386
Minimum delay            =      0.000004 s
Maximum delay            =      1.000433 s
Average delay            =      0.168193 s
Average jitter           =      0.000303 s
Delay standard deviation =      0.370651 s
Bytes received           =      18530816
Average bitrate          =  14689.667972 Kbit/s
Average packet rate      =   7172.689439 pkt/s
Packets dropped          =         24335 (25.16 %)
Average loss-burst size  =      2.466302 pkt
Error lines              =             0
----------------------------------------------------------
