ITGDec version 2.8.1 (r1023)
Compile-time options: bursty multiport
----------------------------------------------------------
Flow number: 1
From 192.168.10.7:37728
To    192.168.10.5:8999
----------------------------------------------------------
Total time               =     10.311337 s
Total packets            =         15425
Minimum delay            =      0.000006 s
Maximum delay            =      1.001077 s
Average delay            =      0.546106 s
Average jitter           =      0.001357 s
Delay standard deviation =      0.478133 s
Bytes received           =      19744000
Average bitrate          =  15318.285107 Kbit/s
Average packet rate      =   1495.926280 pkt/s
Packets dropped          =         16716 (52.01 %)
Average loss-burst size  =      2.993553 pkt
----------------------------------------------------------

__________________________________________________________
****************  TOTAL RESULTS   ******************
__________________________________________________________
Number of flows          =             1
Total time               =     10.311337 s
Total packets            =         15425
Minimum delay            =      0.000006 s
Maximum delay            =      1.001077 s
Average delay            =      0.546106 s
Average jitter           =      0.001357 s
Delay standard deviation =      0.478133 s
Bytes received           =      19744000
Average bitrate          =  15318.285107 Kbit/s
Average packet rate      =   1495.926280 pkt/s
Packets dropped          =         16716 (52.01 %)
Average loss-burst size  =      2.993553 pkt
Error lines              =             0
----------------------------------------------------------
