ITGDec version 2.8.1 (r1023)
Compile-time options: bursty multiport
----------------------------------------------------------
Flow number: 1
From 192.168.10.7:35602
To    192.168.10.5:8999
----------------------------------------------------------
Total time               =     10.263298 s
Total packets            =         19270
Minimum delay            =      0.000004 s
Maximum delay            =      1.000994 s
Average delay            =      0.443499 s
Average jitter           =      0.001090 s
Delay standard deviation =      0.480942 s
Bytes received           =      19732480
Average bitrate          =  15381.005209 Kbit/s
Average packet rate      =   1877.564112 pkt/s
Packets dropped          =         19042 (49.70 %)
Average loss-burst size  =      2.994967 pkt
----------------------------------------------------------

__________________________________________________________
****************  TOTAL RESULTS   ******************
__________________________________________________________
Number of flows          =             1
Total time               =     10.263298 s
Total packets            =         19270
Minimum delay            =      0.000004 s
Maximum delay            =      1.000994 s
Average delay            =      0.443499 s
Average jitter           =      0.001090 s
Delay standard deviation =      0.480942 s
Bytes received           =      19732480
Average bitrate          =  15381.005209 Kbit/s
Average packet rate      =   1877.564112 pkt/s
Packets dropped          =         19042 (49.70 %)
Average loss-burst size  =      2.994967 pkt
Error lines              =             0
----------------------------------------------------------
