ITGDec version 2.8.1 (r1023)
Compile-time options: bursty multiport
----------------------------------------------------------
Flow number: 1
From 192.168.10.7:60463
To    192.168.10.5:8999
----------------------------------------------------------
Total time               =     10.006098 s
Total packets            =        165448
Minimum delay            =      0.000002 s
Maximum delay            =      1.000199 s
Average delay            =      0.013094 s
Average jitter           =      0.000135 s
Delay standard deviation =      0.113433 s
Bytes received           =      10588672
Average bitrate          =   8465.775170 Kbit/s
Average packet rate      =  16534.717129 pkt/s
Packets dropped          =           166 (0.10 %)
Average loss-burst size  =      3.192308 pkt
----------------------------------------------------------

__________________________________________________________
****************  TOTAL RESULTS   ******************
__________________________________________________________
Number of flows          =             1
Total time               =     10.006098 s
Total packets            =        165448
Minimum delay            =      0.000002 s
Maximum delay            =      1.000199 s
Average delay            =      0.013094 s
Average jitter           =      0.000135 s
Delay standard deviation =      0.113433 s
Bytes received           =      10588672
Average bitrate          =   8465.775170 Kbit/s
Average packet rate      =  16534.717129 pkt/s
Packets dropped          =           166 (0.10 %)
Average loss-burst size  =      3.192308 pkt
Error lines              =             0
----------------------------------------------------------
