ITGDec version 2.8.1 (r1023)
Compile-time options: bursty multiport
----------------------------------------------------------
Flow number: 1
From 192.168.10.7:36355
To    192.168.10.5:8999
----------------------------------------------------------
Total time               =     10.327746 s
Total packets            =         15392
Minimum delay            =      0.000004 s
Maximum delay            =      1.000898 s
Average delay            =      0.570246 s
Average jitter           =      0.001362 s
Delay standard deviation =      0.474316 s
Bytes received           =      19701760
Average bitrate          =  15261.227377 Kbit/s
Average packet rate      =   1490.354236 pkt/s
Packets dropped          =         16749 (52.11 %)
Average loss-burst size  =      2.985029 pkt
----------------------------------------------------------

__________________________________________________________
****************  TOTAL RESULTS   ******************
__________________________________________________________
Number of flows          =             1
Total time               =     10.327746 s
Total packets            =         15392
Minimum delay            =      0.000004 s
Maximum delay            =      1.000898 s
Average delay            =      0.570246 s
Average jitter           =      0.001362 s
Delay standard deviation =      0.474316 s
Bytes received           =      19701760
Average bitrate          =  15261.227377 Kbit/s
Average packet rate      =   1490.354236 pkt/s
Packets dropped          =         16749 (52.11 %)
Average loss-burst size  =      2.985029 pkt
Error lines              =             0
----------------------------------------------------------
