ITGDec version 2.8.1 (r1023)
Compile-time options: bursty multiport
----------------------------------------------------------
Flow number: 1
From 192.168.10.7:60834
To    192.168.10.5:8999
----------------------------------------------------------
Total time               =      9.960413 s
Total packets            =           177
Minimum delay            =      0.004293 s
Maximum delay            =      0.009241 s
Average delay            =      0.004715 s
Average jitter           =      0.000203 s
Delay standard deviation =      0.000379 s
Bytes received           =          7799
Average bitrate          =      6.263997 Kbit/s
Average packet rate      =     17.770347 pkt/s
Packets dropped          =             0 (0.00 %)
Average loss-burst size  =      0.000000 pkt
----------------------------------------------------------

__________________________________________________________
****************  TOTAL RESULTS   ******************
__________________________________________________________
Number of flows          =             1
Total time               =      9.960413 s
Total packets            =           177
Minimum delay            =      0.004293 s
Maximum delay            =      0.009241 s
Average delay            =      0.004715 s
Average jitter           =      0.000203 s
Delay standard deviation =      0.000379 s
Bytes received           =          7799
Average bitrate          =      6.263997 Kbit/s
Average packet rate      =     17.770347 pkt/s
Packets dropped          =             0 (0.00 %)
Average loss-burst size  =             0 pkt
Error lines              =             0
----------------------------------------------------------
