ITGDec version 2.8.1 (r1023)
Compile-time options: bursty multiport
----------------------------------------------------------
Flow number: 1
From 192.168.10.7:43577
To    192.168.10.5:8999
----------------------------------------------------------
Total time               =      9.994621 s
Total packets            =        165671
Minimum delay            =      0.000002 s
Maximum delay            =      1.000094 s
Average delay            =      0.010515 s
Average jitter           =      0.000135 s
Delay standard deviation =      0.101885 s
Bytes received           =      10602944
Average bitrate          =   8486.920314 Kbit/s
Average packet rate      =  16576.016239 pkt/s
Packets dropped          =             0 (0.00 %)
Average loss-burst size  =      0.000000 pkt
----------------------------------------------------------

__________________________________________________________
****************  TOTAL RESULTS   ******************
__________________________________________________________
Number of flows          =             1
Total time               =      9.994621 s
Total packets            =        165671
Minimum delay            =      0.000002 s
Maximum delay            =      1.000094 s
Average delay            =      0.010515 s
Average jitter           =      0.000135 s
Delay standard deviation =      0.101885 s
Bytes received           =      10602944
Average bitrate          =   8486.920314 Kbit/s
Average packet rate      =  16576.016239 pkt/s
Packets dropped          =             0 (0.00 %)
Average loss-burst size  =             0 pkt
Error lines              =             0
----------------------------------------------------------
