ITGDec version 2.8.1 (r1023)
Compile-time options: bursty multiport
----------------------------------------------------------
Flow number: 1
From 192.168.10.7:34374
To    192.168.10.5:8999
----------------------------------------------------------
Total time               =     10.165101 s
Total packets            =         37562
Minimum delay            =      0.000003 s
Maximum delay            =      1.000726 s
Average delay            =      0.292454 s
Average jitter           =      0.000586 s
Delay standard deviation =      0.446790 s
Bytes received           =      19231744
Average bitrate          =  15135.506475 Kbit/s
Average packet rate      =   3695.192010 pkt/s
Packets dropped          =         26953 (41.78 %)
Average loss-burst size  =      2.858825 pkt
----------------------------------------------------------

__________________________________________________________
****************  TOTAL RESULTS   ******************
__________________________________________________________
Number of flows          =             1
Total time               =     10.165101 s
Total packets            =         37562
Minimum delay            =      0.000003 s
Maximum delay            =      1.000726 s
Average delay            =      0.292454 s
Average jitter           =      0.000586 s
Delay standard deviation =      0.446790 s
Bytes received           =      19231744
Average bitrate          =  15135.506475 Kbit/s
Average packet rate      =   3695.192010 pkt/s
Packets dropped          =         26953 (41.78 %)
Average loss-burst size  =      2.858825 pkt
Error lines              =             0
----------------------------------------------------------
