ITGDec version 2.8.1 (r1023)
Compile-time options: bursty multiport
----------------------------------------------------------
Flow number: 1
From 192.168.10.7:41745
To    192.168.10.5:8999
----------------------------------------------------------
Total time               =     10.091486 s
Total packets            =         71731
Minimum delay            =      0.000004 s
Maximum delay            =      1.000467 s
Average delay            =      0.163649 s
Average jitter           =      0.000301 s
Delay standard deviation =      0.366475 s
Bytes received           =      18363136
Average bitrate          =  14557.329614 Kbit/s
Average packet rate      =   7108.071101 pkt/s
Packets dropped          =         25269 (26.05 %)
Average loss-burst size  =      2.531457 pkt
----------------------------------------------------------

__________________________________________________________
****************  TOTAL RESULTS   ******************
__________________________________________________________
Number of flows          =             1
Total time               =     10.091486 s
Total packets            =         71731
Minimum delay            =      0.000004 s
Maximum delay            =      1.000467 s
Average delay            =      0.163649 s
Average jitter           =      0.000301 s
Delay standard deviation =      0.366475 s
Bytes received           =      18363136
Average bitrate          =  14557.329614 Kbit/s
Average packet rate      =   7108.071101 pkt/s
Packets dropped          =         25269 (26.05 %)
Average loss-burst size  =      2.531457 pkt
Error lines              =             0
----------------------------------------------------------
