ITGDec version 2.8.1 (r1023)
Compile-time options: bursty multiport
----------------------------------------------------------
Flow number: 1
From 192.168.10.7:36693
To    192.168.10.5:8999
----------------------------------------------------------
Total time               =     10.158222 s
Total packets            =         37681
Minimum delay            =      0.000004 s
Maximum delay            =      1.000804 s
Average delay            =      0.275691 s
Average jitter           =      0.000584 s
Delay standard deviation =      0.439048 s
Bytes received           =      19292672
Average bitrate          =  15193.739219 Kbit/s
Average packet rate      =   3709.408989 pkt/s
Packets dropped          =         26819 (41.58 %)
Average loss-burst size  =      2.866809 pkt
----------------------------------------------------------

__________________________________________________________
****************  TOTAL RESULTS   ******************
__________________________________________________________
Number of flows          =             1
Total time               =     10.158222 s
Total packets            =         37681
Minimum delay            =      0.000004 s
Maximum delay            =      1.000804 s
Average delay            =      0.275691 s
Average jitter           =      0.000584 s
Delay standard deviation =      0.439048 s
Bytes received           =      19292672
Average bitrate          =  15193.739219 Kbit/s
Average packet rate      =   3709.408989 pkt/s
Packets dropped          =         26819 (41.58 %)
Average loss-burst size  =      2.866809 pkt
Error lines              =             0
----------------------------------------------------------
