ITGDec version 2.8.1 (r1023)
Compile-time options: bursty multiport
----------------------------------------------------------
Flow number: 1
From 192.168.10.7:48547
To    192.168.10.5:8999
----------------------------------------------------------
Total time               =     10.302228 s
Total packets            =         15384
Minimum delay            =      0.000005 s
Maximum delay            =      1.001200 s
Average delay            =      0.532888 s
Average jitter           =      0.001450 s
Delay standard deviation =      0.479489 s
Bytes received           =      19691520
Average bitrate          =  15291.076843 Kbit/s
Average packet rate      =   1493.269223 pkt/s
Packets dropped          =         16795 (52.19 %)
Average loss-burst size  =      3.139252 pkt
----------------------------------------------------------

__________________________________________________________
****************  TOTAL RESULTS   ******************
__________________________________________________________
Number of flows          =             1
Total time               =     10.302228 s
Total packets            =         15384
Minimum delay            =      0.000005 s
Maximum delay            =      1.001200 s
Average delay            =      0.532888 s
Average jitter           =      0.001450 s
Delay standard deviation =      0.479489 s
Bytes received           =      19691520
Average bitrate          =  15291.076843 Kbit/s
Average packet rate      =   1493.269223 pkt/s
Packets dropped          =         16795 (52.19 %)
Average loss-burst size  =      3.139252 pkt
Error lines              =             0
----------------------------------------------------------
