ITGDec version 2.8.1 (r1023)
Compile-time options: bursty multiport
----------------------------------------------------------
Flow number: 1
From 192.168.10.7:58043
To    192.168.10.5:8999
----------------------------------------------------------
Total time               =     10.155198 s
Total packets            =         37646
Minimum delay            =      0.000004 s
Maximum delay            =      1.000764 s
Average delay            =      0.269949 s
Average jitter           =      0.000569 s
Delay standard deviation =      0.436147 s
Bytes received           =      19274752
Average bitrate          =  15184.146680 Kbit/s
Average packet rate      =   3707.067061 pkt/s
Packets dropped          =         26571 (41.38 %)
Average loss-burst size  =      2.823398 pkt
----------------------------------------------------------

__________________________________________________________
****************  TOTAL RESULTS   ******************
__________________________________________________________
Number of flows          =             1
Total time               =     10.155198 s
Total packets            =         37646
Minimum delay            =      0.000004 s
Maximum delay            =      1.000764 s
Average delay            =      0.269949 s
Average jitter           =      0.000569 s
Delay standard deviation =      0.436147 s
Bytes received           =      19274752
Average bitrate          =  15184.146680 Kbit/s
Average packet rate      =   3707.067061 pkt/s
Packets dropped          =         26571 (41.38 %)
Average loss-burst size  =      2.823398 pkt
Error lines              =             0
----------------------------------------------------------
