ITGDec version 2.8.1 (r1023)
Compile-time options: bursty multiport
----------------------------------------------------------
Flow number: 1
From 192.168.10.7:59150
To    192.168.10.5:8999
----------------------------------------------------------
Total time               =     10.312919 s
Total packets            =         15391
Minimum delay            =      0.000004 s
Maximum delay            =      1.001371 s
Average delay            =      0.545303 s
Average jitter           =      0.001361 s
Delay standard deviation =      0.478116 s
Bytes received           =      19700480
Average bitrate          =  15282.175687 Kbit/s
Average packet rate      =   1492.399969 pkt/s
Packets dropped          =         16785 (52.17 %)
Average loss-burst size  =      3.006448 pkt
----------------------------------------------------------

__________________________________________________________
****************  TOTAL RESULTS   ******************
__________________________________________________________
Number of flows          =             1
Total time               =     10.312919 s
Total packets            =         15391
Minimum delay            =      0.000004 s
Maximum delay            =      1.001371 s
Average delay            =      0.545303 s
Average jitter           =      0.001361 s
Delay standard deviation =      0.478116 s
Bytes received           =      19700480
Average bitrate          =  15282.175687 Kbit/s
Average packet rate      =   1492.399969 pkt/s
Packets dropped          =         16785 (52.17 %)
Average loss-burst size  =      3.006448 pkt
Error lines              =             0
----------------------------------------------------------
