ITGDec version 2.8.1 (r1023)
Compile-time options: bursty multiport
----------------------------------------------------------
Flow number: 1
From 192.168.10.7:56687
To    192.168.10.5:8999
----------------------------------------------------------
Total time               =      9.970620 s
Total packets            =           242
Minimum delay            =      0.004166 s
Maximum delay            =      0.005768 s
Average delay            =      0.004668 s
Average jitter           =      0.000175 s
Delay standard deviation =      0.000193 s
Bytes received           =         10574
Average bitrate          =      8.484126 Kbit/s
Average packet rate      =     24.271309 pkt/s
Packets dropped          =             0 (0.00 %)
Average loss-burst size  =      0.000000 pkt
----------------------------------------------------------

__________________________________________________________
****************  TOTAL RESULTS   ******************
__________________________________________________________
Number of flows          =             1
Total time               =      9.970620 s
Total packets            =           242
Minimum delay            =      0.004166 s
Maximum delay            =      0.005768 s
Average delay            =      0.004668 s
Average jitter           =      0.000175 s
Delay standard deviation =      0.000193 s
Bytes received           =         10574
Average bitrate          =      8.484126 Kbit/s
Average packet rate      =     24.271309 pkt/s
Packets dropped          =             0 (0.00 %)
Average loss-burst size  =             0 pkt
Error lines              =             0
----------------------------------------------------------
