ITGDec version 2.8.1 (r1023)
Compile-time options: bursty multiport
----------------------------------------------------------
Flow number: 1
From 192.168.10.7:51200
To    192.168.10.5:8999
----------------------------------------------------------
Total time               =     10.058055 s
Total packets            =        121210
Minimum delay            =      0.000003 s
Maximum delay            =      1.000489 s
Average delay            =      0.113953 s
Average jitter           =      0.000186 s
Delay standard deviation =      0.316004 s
Bytes received           =      15514880
Average bitrate          =  12340.262605 Kbit/s
Average packet rate      =  12051.037701 pkt/s
Packets dropped          =         10853 (8.22 %)
Average loss-burst size  =      3.029872 pkt
----------------------------------------------------------

__________________________________________________________
****************  TOTAL RESULTS   ******************
__________________________________________________________
Number of flows          =             1
Total time               =     10.058055 s
Total packets            =        121210
Minimum delay            =      0.000003 s
Maximum delay            =      1.000489 s
Average delay            =      0.113953 s
Average jitter           =      0.000186 s
Delay standard deviation =      0.316004 s
Bytes received           =      15514880
Average bitrate          =  12340.262605 Kbit/s
Average packet rate      =  12051.037701 pkt/s
Packets dropped          =         10853 (8.22 %)
Average loss-burst size  =      3.029872 pkt
Error lines              =             0
----------------------------------------------------------
