ITGDec version 2.8.1 (r1023)
Compile-time options: bursty multiport
----------------------------------------------------------
Flow number: 1
From 192.168.10.7:41940
To    192.168.10.5:8999
----------------------------------------------------------
Total time               =     10.314677 s
Total packets            =         15437
Minimum delay            =      0.000007 s
Maximum delay            =      1.000711 s
Average delay            =      0.560171 s
Average jitter           =      0.001356 s
Delay standard deviation =      0.476318 s
Bytes received           =      19759360
Average bitrate          =  15325.238008 Kbit/s
Average packet rate      =   1496.605274 pkt/s
Packets dropped          =         16734 (52.02 %)
Average loss-burst size  =      3.089734 pkt
----------------------------------------------------------

__________________________________________________________
****************  TOTAL RESULTS   ******************
__________________________________________________________
Number of flows          =             1
Total time               =     10.314677 s
Total packets            =         15437
Minimum delay            =      0.000007 s
Maximum delay            =      1.000711 s
Average delay            =      0.560171 s
Average jitter           =      0.001356 s
Delay standard deviation =      0.476318 s
Bytes received           =      19759360
Average bitrate          =  15325.238008 Kbit/s
Average packet rate      =   1496.605274 pkt/s
Packets dropped          =         16734 (52.02 %)
Average loss-burst size  =      3.089734 pkt
Error lines              =             0
----------------------------------------------------------
