ITGDec version 2.8.1 (r1023)
Compile-time options: bursty multiport
----------------------------------------------------------
Flow number: 1
From 192.168.10.7:45416
To    192.168.10.5:8999
----------------------------------------------------------
Total time               =      9.979069 s
Total packets            =           237
Minimum delay            =      0.004071 s
Maximum delay            =      0.010656 s
Average delay            =      0.004713 s
Average jitter           =      0.000243 s
Delay standard deviation =      0.000516 s
Bytes received           =         10212
Average bitrate          =      8.186736 Kbit/s
Average packet rate      =     23.749711 pkt/s
Packets dropped          =             0 (0.00 %)
Average loss-burst size  =      0.000000 pkt
----------------------------------------------------------

__________________________________________________________
****************  TOTAL RESULTS   ******************
__________________________________________________________
Number of flows          =             1
Total time               =      9.979069 s
Total packets            =           237
Minimum delay            =      0.004071 s
Maximum delay            =      0.010656 s
Average delay            =      0.004713 s
Average jitter           =      0.000243 s
Delay standard deviation =      0.000516 s
Bytes received           =         10212
Average bitrate          =      8.186736 Kbit/s
Average packet rate      =     23.749711 pkt/s
Packets dropped          =             0 (0.00 %)
Average loss-burst size  =             0 pkt
Error lines              =             0
----------------------------------------------------------
