ITGDec version 2.8.1 (r1023)
Compile-time options: bursty multiport
----------------------------------------------------------
Flow number: 1
From 192.168.10.7:58543
To    192.168.10.5:8999
----------------------------------------------------------
Total time               =      8.936512 s
Total packets            =             6
Minimum delay            =      0.004359 s
Maximum delay            =      0.006430 s
Average delay            =      0.005209 s
Average jitter           =      0.000575 s
Delay standard deviation =      0.000618 s
Bytes received           =          1182
Average bitrate          =      1.058131 Kbit/s
Average packet rate      =      0.671403 pkt/s
Packets dropped          =             0 (0.00 %)
Average loss-burst size  =      0.000000 pkt
----------------------------------------------------------

__________________________________________________________
****************  TOTAL RESULTS   ******************
__________________________________________________________
Number of flows          =             1
Total time               =      8.936512 s
Total packets            =             6
Minimum delay            =      0.004359 s
Maximum delay            =      0.006430 s
Average delay            =      0.005209 s
Average jitter           =      0.000575 s
Delay standard deviation =      0.000618 s
Bytes received           =          1182
Average bitrate          =      1.058131 Kbit/s
Average packet rate      =      0.671403 pkt/s
Packets dropped          =             0 (0.00 %)
Average loss-burst size  =             0 pkt
Error lines              =             0
----------------------------------------------------------
