ITGDec version 2.8.1 (r1023)
Compile-time options: bursty multiport
----------------------------------------------------------
Flow number: 1
From 192.168.10.7:38193
To    192.168.10.5:8999
----------------------------------------------------------
Total time               =      9.996804 s
Total packets            =        165869
Minimum delay            =      0.000002 s
Maximum delay            =      1.000110 s
Average delay            =      0.021954 s
Average jitter           =      0.000135 s
Delay standard deviation =      0.146444 s
Bytes received           =      10615616
Average bitrate          =   8495.207868 Kbit/s
Average packet rate      =  16592.202868 pkt/s
Packets dropped          =          2632 (1.56 %)
Average loss-burst size  =      4.650177 pkt
----------------------------------------------------------

__________________________________________________________
****************  TOTAL RESULTS   ******************
__________________________________________________________
Number of flows          =             1
Total time               =      9.996804 s
Total packets            =        165869
Minimum delay            =      0.000002 s
Maximum delay            =      1.000110 s
Average delay            =      0.021954 s
Average jitter           =      0.000135 s
Delay standard deviation =      0.146444 s
Bytes received           =      10615616
Average bitrate          =   8495.207868 Kbit/s
Average packet rate      =  16592.202868 pkt/s
Packets dropped          =          2632 (1.56 %)
Average loss-burst size  =      4.650177 pkt
Error lines              =             0
----------------------------------------------------------
