ITGDec version 2.8.1 (r1023)
Compile-time options: bursty multiport
----------------------------------------------------------
Flow number: 1
From 192.168.10.7:55021
To    192.168.10.5:8999
----------------------------------------------------------
Total time               =      8.937888 s
Total packets            =             6
Minimum delay            =      0.004920 s
Maximum delay            =      0.005476 s
Average delay            =      0.005208 s
Average jitter           =      0.000235 s
Delay standard deviation =      0.000171 s
Bytes received           =          1304
Average bitrate          =      1.167166 Kbit/s
Average packet rate      =      0.671300 pkt/s
Packets dropped          =             0 (0.00 %)
Average loss-burst size  =      0.000000 pkt
----------------------------------------------------------

__________________________________________________________
****************  TOTAL RESULTS   ******************
__________________________________________________________
Number of flows          =             1
Total time               =      8.937888 s
Total packets            =             6
Minimum delay            =      0.004920 s
Maximum delay            =      0.005476 s
Average delay            =      0.005208 s
Average jitter           =      0.000235 s
Delay standard deviation =      0.000171 s
Bytes received           =          1304
Average bitrate          =      1.167166 Kbit/s
Average packet rate      =      0.671300 pkt/s
Packets dropped          =             0 (0.00 %)
Average loss-burst size  =             0 pkt
Error lines              =             0
----------------------------------------------------------
