ITGDec version 2.8.1 (r1023)
Compile-time options: bursty multiport
----------------------------------------------------------
Flow number: 1
From 192.168.10.7:34458
To    192.168.10.5:8999
----------------------------------------------------------
Total time               =     10.253716 s
Total packets            =         19196
Minimum delay            =      0.000004 s
Maximum delay            =      1.000895 s
Average delay            =      0.452610 s
Average jitter           =      0.001094 s
Delay standard deviation =      0.482505 s
Bytes received           =      19656704
Average bitrate          =  15336.257802 Kbit/s
Average packet rate      =   1872.101782 pkt/s
Packets dropped          =         19118 (49.90 %)
Average loss-burst size  =      3.010709 pkt
----------------------------------------------------------

__________________________________________________________
****************  TOTAL RESULTS   ******************
__________________________________________________________
Number of flows          =             1
Total time               =     10.253716 s
Total packets            =         19196
Minimum delay            =      0.000004 s
Maximum delay            =      1.000895 s
Average delay            =      0.452610 s
Average jitter           =      0.001094 s
Delay standard deviation =      0.482505 s
Bytes received           =      19656704
Average bitrate          =  15336.257802 Kbit/s
Average packet rate      =   1872.101782 pkt/s
Packets dropped          =         19118 (49.90 %)
Average loss-burst size  =      3.010709 pkt
Error lines              =             0
----------------------------------------------------------
