ITGDec version 2.8.1 (r1023)
Compile-time options: bursty multiport
----------------------------------------------------------
Flow number: 1
From 192.168.10.7:33420
To    192.168.10.5:8999
----------------------------------------------------------
Total time               =      9.991117 s
Total packets            =           988
Minimum delay            =      0.000861 s
Maximum delay            =      0.012370 s
Average delay            =      0.004634 s
Average jitter           =      0.000229 s
Delay standard deviation =      0.000527 s
Bytes received           =         63232
Average bitrate          =     50.630575 Kbit/s
Average packet rate      =     98.887842 pkt/s
Packets dropped          =             0 (0.00 %)
Average loss-burst size  =      0.000000 pkt
----------------------------------------------------------

__________________________________________________________
****************  TOTAL RESULTS   ******************
__________________________________________________________
Number of flows          =             1
Total time               =      9.991117 s
Total packets            =           988
Minimum delay            =      0.000861 s
Maximum delay            =      0.012370 s
Average delay            =      0.004634 s
Average jitter           =      0.000229 s
Delay standard deviation =      0.000527 s
Bytes received           =         63232
Average bitrate          =     50.630575 Kbit/s
Average packet rate      =     98.887842 pkt/s
Packets dropped          =             0 (0.00 %)
Average loss-burst size  =             0 pkt
Error lines              =             0
----------------------------------------------------------
