ITGDec version 2.8.1 (r1023)
Compile-time options: bursty multiport
----------------------------------------------------------
Flow number: 1
From 192.168.10.7:58928
To    192.168.10.5:8999
----------------------------------------------------------
Total time               =     10.158683 s
Total packets            =         37678
Minimum delay            =      0.000005 s
Maximum delay            =      1.000781 s
Average delay            =      0.264978 s
Average jitter           =      0.000568 s
Delay standard deviation =      0.433404 s
Bytes received           =      19291136
Average bitrate          =  15191.840123 Kbit/s
Average packet rate      =   3708.945343 pkt/s
Packets dropped          =         26831 (41.59 %)
Average loss-burst size  =      2.848604 pkt
----------------------------------------------------------

__________________________________________________________
****************  TOTAL RESULTS   ******************
__________________________________________________________
Number of flows          =             1
Total time               =     10.158683 s
Total packets            =         37678
Minimum delay            =      0.000005 s
Maximum delay            =      1.000781 s
Average delay            =      0.264978 s
Average jitter           =      0.000568 s
Delay standard deviation =      0.433404 s
Bytes received           =      19291136
Average bitrate          =  15191.840123 Kbit/s
Average packet rate      =   3708.945343 pkt/s
Packets dropped          =         26831 (41.59 %)
Average loss-burst size  =      2.848604 pkt
Error lines              =             0
----------------------------------------------------------
