ITGDec version 2.8.1 (r1023)
Compile-time options: bursty multiport
----------------------------------------------------------
Flow number: 1
From 192.168.10.7:51184
To    192.168.10.5:8999
----------------------------------------------------------
Total time               =     10.158445 s
Total packets            =         37767
Minimum delay            =      0.000003 s
Maximum delay            =      1.000693 s
Average delay            =      0.260373 s
Average jitter           =      0.000566 s
Delay standard deviation =      0.430756 s
Bytes received           =      19336704
Average bitrate          =  15228.081857 Kbit/s
Average packet rate      =   3717.793422 pkt/s
Packets dropped          =         26673 (41.39 %)
Average loss-burst size  =      2.853338 pkt
----------------------------------------------------------

__________________________________________________________
****************  TOTAL RESULTS   ******************
__________________________________________________________
Number of flows          =             1
Total time               =     10.158445 s
Total packets            =         37767
Minimum delay            =      0.000003 s
Maximum delay            =      1.000693 s
Average delay            =      0.260373 s
Average jitter           =      0.000566 s
Delay standard deviation =      0.430756 s
Bytes received           =      19336704
Average bitrate          =  15228.081857 Kbit/s
Average packet rate      =   3717.793422 pkt/s
Packets dropped          =         26673 (41.39 %)
Average loss-burst size  =      2.853338 pkt
Error lines              =             0
----------------------------------------------------------
