ITGDec version 2.8.1 (r1023)
Compile-time options: bursty multiport
----------------------------------------------------------
Flow number: 1
From 192.168.10.7:55867
To    192.168.10.5:8999
----------------------------------------------------------
Total time               =     10.313713 s
Total packets            =         15350
Minimum delay            =      0.000004 s
Maximum delay            =      1.000808 s
Average delay            =      0.544644 s
Average jitter           =      0.001444 s
Delay standard deviation =      0.478133 s
Bytes received           =      19648000
Average bitrate          =  15240.292221 Kbit/s
Average packet rate      =   1488.309787 pkt/s
Packets dropped          =         16805 (52.26 %)
Average loss-burst size  =      3.086885 pkt
----------------------------------------------------------

__________________________________________________________
****************  TOTAL RESULTS   ******************
__________________________________________________________
Number of flows          =             1
Total time               =     10.313713 s
Total packets            =         15350
Minimum delay            =      0.000004 s
Maximum delay            =      1.000808 s
Average delay            =      0.544644 s
Average jitter           =      0.001444 s
Delay standard deviation =      0.478133 s
Bytes received           =      19648000
Average bitrate          =  15240.292221 Kbit/s
Average packet rate      =   1488.309787 pkt/s
Packets dropped          =         16805 (52.26 %)
Average loss-burst size  =      3.086885 pkt
Error lines              =             0
----------------------------------------------------------
