ITGDec version 2.8.1 (r1023)
Compile-time options: bursty multiport
----------------------------------------------------------
Flow number: 1
From 192.168.10.7:58676
To    192.168.10.5:8999
----------------------------------------------------------
Total time               =      8.936915 s
Total packets            =             6
Minimum delay            =      0.004934 s
Maximum delay            =      0.005848 s
Average delay            =      0.005308 s
Average jitter           =      0.000311 s
Delay standard deviation =      0.000292 s
Bytes received           =          1165
Average bitrate          =      1.042865 Kbit/s
Average packet rate      =      0.671373 pkt/s
Packets dropped          =             0 (0.00 %)
Average loss-burst size  =      0.000000 pkt
----------------------------------------------------------

__________________________________________________________
****************  TOTAL RESULTS   ******************
__________________________________________________________
Number of flows          =             1
Total time               =      8.936915 s
Total packets            =             6
Minimum delay            =      0.004934 s
Maximum delay            =      0.005848 s
Average delay            =      0.005308 s
Average jitter           =      0.000311 s
Delay standard deviation =      0.000292 s
Bytes received           =          1165
Average bitrate          =      1.042865 Kbit/s
Average packet rate      =      0.671373 pkt/s
Packets dropped          =             0 (0.00 %)
Average loss-burst size  =             0 pkt
Error lines              =             0
----------------------------------------------------------
