ITGDec version 2.8.1 (r1023)
Compile-time options: bursty multiport
----------------------------------------------------------
Flow number: 1
From 192.168.10.7:47465
To    192.168.10.5:8999
----------------------------------------------------------
Total time               =      9.998356 s
Total packets            =        166921
Minimum delay            =      0.000002 s
Maximum delay            =      1.000094 s
Average delay            =      0.014949 s
Average jitter           =      0.000134 s
Delay standard deviation =      0.121245 s
Bytes received           =      10682944
Average bitrate          =   8547.760452 Kbit/s
Average packet rate      =  16694.844632 pkt/s
Packets dropped          =           109 (0.07 %)
Average loss-burst size  =      0.000000 pkt
----------------------------------------------------------

__________________________________________________________
****************  TOTAL RESULTS   ******************
__________________________________________________________
Number of flows          =             1
Total time               =      9.998356 s
Total packets            =        166921
Minimum delay            =      0.000002 s
Maximum delay            =      1.000094 s
Average delay            =      0.014949 s
Average jitter           =      0.000134 s
Delay standard deviation =      0.121245 s
Bytes received           =      10682944
Average bitrate          =   8547.760452 Kbit/s
Average packet rate      =  16694.844632 pkt/s
Packets dropped          =           109 (0.07 %)
Average loss-burst size  =      0.000000 pkt
Error lines              =             0
----------------------------------------------------------
