ITGDec version 2.8.1 (r1023)
Compile-time options: bursty multiport
----------------------------------------------------------
Flow number: 1
From 192.168.10.7:45277
To    192.168.10.5:8999
----------------------------------------------------------
Total time               =     10.051131 s
Total packets            =        124079
Minimum delay            =      0.000002 s
Maximum delay            =      1.000568 s
Average delay            =      0.107696 s
Average jitter           =      0.000184 s
Delay standard deviation =      0.308558 s
Bytes received           =      15882112
Average bitrate          =  12641.054624 Kbit/s
Average packet rate      =  12344.779906 pkt/s
Packets dropped          =          4613 (3.58 %)
Average loss-burst size  =      2.541598 pkt
----------------------------------------------------------

__________________________________________________________
****************  TOTAL RESULTS   ******************
__________________________________________________________
Number of flows          =             1
Total time               =     10.051131 s
Total packets            =        124079
Minimum delay            =      0.000002 s
Maximum delay            =      1.000568 s
Average delay            =      0.107696 s
Average jitter           =      0.000184 s
Delay standard deviation =      0.308558 s
Bytes received           =      15882112
Average bitrate          =  12641.054624 Kbit/s
Average packet rate      =  12344.779906 pkt/s
Packets dropped          =          4613 (3.58 %)
Average loss-burst size  =      2.541598 pkt
Error lines              =             0
----------------------------------------------------------
