ITGDec version 2.8.1 (r1023)
Compile-time options: bursty multiport
----------------------------------------------------------
Flow number: 1
From 192.168.10.7:52336
To    192.168.10.5:8999
----------------------------------------------------------
Total time               =      9.991846 s
Total packets            =           240
Minimum delay            =      0.004247 s
Maximum delay            =      0.011634 s
Average delay            =      0.004710 s
Average jitter           =      0.000223 s
Delay standard deviation =      0.000481 s
Bytes received           =         10390
Average bitrate          =      8.318783 Kbit/s
Average packet rate      =     24.019586 pkt/s
Packets dropped          =             0 (0.00 %)
Average loss-burst size  =      0.000000 pkt
----------------------------------------------------------

__________________________________________________________
****************  TOTAL RESULTS   ******************
__________________________________________________________
Number of flows          =             1
Total time               =      9.991846 s
Total packets            =           240
Minimum delay            =      0.004247 s
Maximum delay            =      0.011634 s
Average delay            =      0.004710 s
Average jitter           =      0.000223 s
Delay standard deviation =      0.000481 s
Bytes received           =         10390
Average bitrate          =      8.318783 Kbit/s
Average packet rate      =     24.019586 pkt/s
Packets dropped          =             0 (0.00 %)
Average loss-burst size  =             0 pkt
Error lines              =             0
----------------------------------------------------------
