ITGDec version 2.8.1 (r1023)
Compile-time options: bursty multiport
----------------------------------------------------------
Flow number: 1
From 192.168.10.7:43693
To    192.168.10.5:8999
----------------------------------------------------------
Total time               =      9.999463 s
Total packets            =           988
Minimum delay            =      0.001323 s
Maximum delay            =      0.012493 s
Average delay            =      0.004637 s
Average jitter           =      0.000256 s
Delay standard deviation =      0.000550 s
Bytes received           =         63232
Average bitrate          =     50.588317 Kbit/s
Average packet rate      =     98.805306 pkt/s
Packets dropped          =             0 (0.00 %)
Average loss-burst size  =      0.000000 pkt
----------------------------------------------------------

__________________________________________________________
****************  TOTAL RESULTS   ******************
__________________________________________________________
Number of flows          =             1
Total time               =      9.999463 s
Total packets            =           988
Minimum delay            =      0.001323 s
Maximum delay            =      0.012493 s
Average delay            =      0.004637 s
Average jitter           =      0.000256 s
Delay standard deviation =      0.000550 s
Bytes received           =         63232
Average bitrate          =     50.588317 Kbit/s
Average packet rate      =     98.805306 pkt/s
Packets dropped          =             0 (0.00 %)
Average loss-burst size  =             0 pkt
Error lines              =             0
----------------------------------------------------------
