ITGDec version 2.8.1 (r1023)
Compile-time options: bursty multiport
----------------------------------------------------------
Flow number: 1
From 192.168.10.7:37882
To    192.168.10.5:8999
----------------------------------------------------------
Total time               =      9.966386 s
Total packets            =           235
Minimum delay            =      0.004277 s
Maximum delay            =      0.015133 s
Average delay            =      0.004791 s
Average jitter           =      0.000375 s
Delay standard deviation =      0.000911 s
Bytes received           =         10375
Average bitrate          =      8.327994 Kbit/s
Average packet rate      =     23.579259 pkt/s
Packets dropped          =             0 (0.00 %)
Average loss-burst size  =      0.000000 pkt
----------------------------------------------------------

__________________________________________________________
****************  TOTAL RESULTS   ******************
__________________________________________________________
Number of flows          =             1
Total time               =      9.966386 s
Total packets            =           235
Minimum delay            =      0.004277 s
Maximum delay            =      0.015133 s
Average delay            =      0.004791 s
Average jitter           =      0.000375 s
Delay standard deviation =      0.000911 s
Bytes received           =         10375
Average bitrate          =      8.327994 Kbit/s
Average packet rate      =     23.579259 pkt/s
Packets dropped          =             0 (0.00 %)
Average loss-burst size  =             0 pkt
Error lines              =             0
----------------------------------------------------------
