ITGDec version 2.8.1 (r1023)
Compile-time options: bursty multiport
----------------------------------------------------------
Flow number: 1
From 192.168.10.7:58738
To    192.168.10.5:8999
----------------------------------------------------------
Total time               =      9.989717 s
Total packets            =           986
Minimum delay            =      0.001528 s
Maximum delay            =      0.013070 s
Average delay            =      0.004676 s
Average jitter           =      0.000287 s
Delay standard deviation =      0.000581 s
Bytes received           =         63104
Average bitrate          =     50.535165 Kbit/s
Average packet rate      =     98.701495 pkt/s
Packets dropped          =             0 (0.00 %)
Average loss-burst size  =      0.000000 pkt
----------------------------------------------------------

__________________________________________________________
****************  TOTAL RESULTS   ******************
__________________________________________________________
Number of flows          =             1
Total time               =      9.989717 s
Total packets            =           986
Minimum delay            =      0.001528 s
Maximum delay            =      0.013070 s
Average delay            =      0.004676 s
Average jitter           =      0.000287 s
Delay standard deviation =      0.000581 s
Bytes received           =         63104
Average bitrate          =     50.535165 Kbit/s
Average packet rate      =     98.701495 pkt/s
Packets dropped          =             0 (0.00 %)
Average loss-burst size  =             0 pkt
Error lines              =             0
----------------------------------------------------------
