ITGDec version 2.8.1 (r1023)
Compile-time options: bursty multiport
----------------------------------------------------------
Flow number: 1
From 192.168.10.7:58825
To    192.168.10.5:8999
----------------------------------------------------------
Total time               =     10.152738 s
Total packets            =         37652
Minimum delay            =      0.000004 s
Maximum delay            =      1.000193 s
Average delay            =      0.250354 s
Average jitter           =      0.000586 s
Delay standard deviation =      0.425471 s
Bytes received           =      19277824
Average bitrate          =  15190.246414 Kbit/s
Average packet rate      =   3708.556253 pkt/s
Packets dropped          =         26468 (41.28 %)
Average loss-burst size  =      2.892361 pkt
----------------------------------------------------------

__________________________________________________________
****************  TOTAL RESULTS   ******************
__________________________________________________________
Number of flows          =             1
Total time               =     10.152738 s
Total packets            =         37652
Minimum delay            =      0.000004 s
Maximum delay            =      1.000193 s
Average delay            =      0.250354 s
Average jitter           =      0.000586 s
Delay standard deviation =      0.425471 s
Bytes received           =      19277824
Average bitrate          =  15190.246414 Kbit/s
Average packet rate      =   3708.556253 pkt/s
Packets dropped          =         26468 (41.28 %)
Average loss-burst size  =      2.892361 pkt
Error lines              =             0
----------------------------------------------------------
