ITGDec version 2.8.1 (r1023)
Compile-time options: bursty multiport
----------------------------------------------------------
Flow number: 1
From 192.168.10.7:41295
To    192.168.10.5:8999
----------------------------------------------------------
Total time               =     10.319959 s
Total packets            =         15254
Minimum delay            =      0.000004 s
Maximum delay            =      1.000760 s
Average delay            =      0.526945 s
Average jitter           =      0.001373 s
Delay standard deviation =      0.478790 s
Bytes received           =      19525120
Average bitrate          =  15135.812071 Kbit/s
Average packet rate      =   1478.106648 pkt/s
Packets dropped          =         16911 (52.58 %)
Average loss-burst size  =      3.026848 pkt
----------------------------------------------------------

__________________________________________________________
****************  TOTAL RESULTS   ******************
__________________________________________________________
Number of flows          =             1
Total time               =     10.319959 s
Total packets            =         15254
Minimum delay            =      0.000004 s
Maximum delay            =      1.000760 s
Average delay            =      0.526945 s
Average jitter           =      0.001373 s
Delay standard deviation =      0.478790 s
Bytes received           =      19525120
Average bitrate          =  15135.812071 Kbit/s
Average packet rate      =   1478.106648 pkt/s
Packets dropped          =         16911 (52.58 %)
Average loss-burst size  =      3.026848 pkt
Error lines              =             0
----------------------------------------------------------
