ITGDec version 2.8.1 (r1023)
Compile-time options: bursty multiport
----------------------------------------------------------
Flow number: 1
From 192.168.10.7:33604
To    192.168.10.5:8999
----------------------------------------------------------
Total time               =     10.152895 s
Total packets            =         37849
Minimum delay            =      0.000003 s
Maximum delay            =      1.000674 s
Average delay            =      0.255567 s
Average jitter           =      0.000566 s
Delay standard deviation =      0.428533 s
Bytes received           =      19378688
Average bitrate          =  15269.487570 Kbit/s
Average packet rate      =   3727.902239 pkt/s
Packets dropped          =         26429 (41.12 %)
Average loss-burst size  =      2.828143 pkt
----------------------------------------------------------

__________________________________________________________
****************  TOTAL RESULTS   ******************
__________________________________________________________
Number of flows          =             1
Total time               =     10.152895 s
Total packets            =         37849
Minimum delay            =      0.000003 s
Maximum delay            =      1.000674 s
Average delay            =      0.255567 s
Average jitter           =      0.000566 s
Delay standard deviation =      0.428533 s
Bytes received           =      19378688
Average bitrate          =  15269.487570 Kbit/s
Average packet rate      =   3727.902239 pkt/s
Packets dropped          =         26429 (41.12 %)
Average loss-burst size  =      2.828143 pkt
Error lines              =             0
----------------------------------------------------------
