ITGDec version 2.8.1 (r1023)
Compile-time options: bursty multiport
----------------------------------------------------------
Flow number: 1
From 192.168.10.7:34873
To    192.168.10.5:8999
----------------------------------------------------------
Total time               =     10.148327 s
Total packets            =         37724
Minimum delay            =      0.000004 s
Maximum delay            =      1.000201 s
Average delay            =      0.255093 s
Average jitter           =      0.000566 s
Delay standard deviation =      0.428531 s
Bytes received           =      19314688
Average bitrate          =  15225.909059 Kbit/s
Average packet rate      =   3717.262954 pkt/s
Packets dropped          =         26701 (41.45 %)
Average loss-burst size  =      2.910191 pkt
----------------------------------------------------------

__________________________________________________________
****************  TOTAL RESULTS   ******************
__________________________________________________________
Number of flows          =             1
Total time               =     10.148327 s
Total packets            =         37724
Minimum delay            =      0.000004 s
Maximum delay            =      1.000201 s
Average delay            =      0.255093 s
Average jitter           =      0.000566 s
Delay standard deviation =      0.428531 s
Bytes received           =      19314688
Average bitrate          =  15225.909059 Kbit/s
Average packet rate      =   3717.262954 pkt/s
Packets dropped          =         26701 (41.45 %)
Average loss-burst size  =      2.910191 pkt
Error lines              =             0
----------------------------------------------------------
