ITGDec version 2.8.1 (r1023)
Compile-time options: bursty multiport
----------------------------------------------------------
Flow number: 1
From 192.168.10.7:59684
To    192.168.10.5:8999
----------------------------------------------------------
Total time               =      9.995056 s
Total packets            =           229
Minimum delay            =      0.004251 s
Maximum delay            =      0.009111 s
Average delay            =      0.004720 s
Average jitter           =      0.000257 s
Delay standard deviation =      0.000442 s
Bytes received           =          9974
Average bitrate          =      7.983147 Kbit/s
Average packet rate      =     22.911327 pkt/s
Packets dropped          =             0 (0.00 %)
Average loss-burst size  =      0.000000 pkt
----------------------------------------------------------

__________________________________________________________
****************  TOTAL RESULTS   ******************
__________________________________________________________
Number of flows          =             1
Total time               =      9.995056 s
Total packets            =           229
Minimum delay            =      0.004251 s
Maximum delay            =      0.009111 s
Average delay            =      0.004720 s
Average jitter           =      0.000257 s
Delay standard deviation =      0.000442 s
Bytes received           =          9974
Average bitrate          =      7.983147 Kbit/s
Average packet rate      =     22.911327 pkt/s
Packets dropped          =             0 (0.00 %)
Average loss-burst size  =             0 pkt
Error lines              =             0
----------------------------------------------------------
