ITGDec version 2.8.1 (r1023)
Compile-time options: bursty multiport
----------------------------------------------------------
Flow number: 1
From 192.168.10.7:37137
To    192.168.10.5:8999
----------------------------------------------------------
Total time               =     10.154319 s
Total packets            =         37677
Minimum delay            =      0.000005 s
Maximum delay            =      1.000701 s
Average delay            =      0.251157 s
Average jitter           =      0.000583 s
Delay standard deviation =      0.426080 s
Bytes received           =      19290624
Average bitrate          =  15197.965713 Kbit/s
Average packet rate      =   3710.440848 pkt/s
Packets dropped          =         26853 (41.61 %)
Average loss-burst size  =      2.909948 pkt
----------------------------------------------------------

__________________________________________________________
****************  TOTAL RESULTS   ******************
__________________________________________________________
Number of flows          =             1
Total time               =     10.154319 s
Total packets            =         37677
Minimum delay            =      0.000005 s
Maximum delay            =      1.000701 s
Average delay            =      0.251157 s
Average jitter           =      0.000583 s
Delay standard deviation =      0.426080 s
Bytes received           =      19290624
Average bitrate          =  15197.965713 Kbit/s
Average packet rate      =   3710.440848 pkt/s
Packets dropped          =         26853 (41.61 %)
Average loss-burst size  =      2.909948 pkt
Error lines              =             0
----------------------------------------------------------
