ITGDec version 2.8.1 (r1023)
Compile-time options: bursty multiport
----------------------------------------------------------
Flow number: 1
From 192.168.10.7:51741
To    192.168.10.5:8999
----------------------------------------------------------
Total time               =     10.302838 s
Total packets            =         19529
Minimum delay            =      0.000004 s
Maximum delay            =      1.000867 s
Average delay            =      0.444667 s
Average jitter           =      0.001074 s
Delay standard deviation =      0.478802 s
Bytes received           =      19997696
Average bitrate          =  15527.912600 Kbit/s
Average packet rate      =   1895.497144 pkt/s
Packets dropped          =         18803 (49.05 %)
Average loss-burst size  =      2.948565 pkt
----------------------------------------------------------

__________________________________________________________
****************  TOTAL RESULTS   ******************
__________________________________________________________
Number of flows          =             1
Total time               =     10.302838 s
Total packets            =         19529
Minimum delay            =      0.000004 s
Maximum delay            =      1.000867 s
Average delay            =      0.444667 s
Average jitter           =      0.001074 s
Delay standard deviation =      0.478802 s
Bytes received           =      19997696
Average bitrate          =  15527.912600 Kbit/s
Average packet rate      =   1895.497144 pkt/s
Packets dropped          =         18803 (49.05 %)
Average loss-burst size  =      2.948565 pkt
Error lines              =             0
----------------------------------------------------------
