ITGDec version 2.8.1 (r1023)
Compile-time options: bursty multiport
----------------------------------------------------------
Flow number: 1
From 192.168.10.7:43108
To    192.168.10.5:8999
----------------------------------------------------------
Total time               =     10.319998 s
Total packets            =         15241
Minimum delay            =      0.000005 s
Maximum delay            =      1.000618 s
Average delay            =      0.532947 s
Average jitter           =      0.001454 s
Delay standard deviation =      0.478133 s
Bytes received           =      19508480
Average bitrate          =  15122.855644 Kbit/s
Average packet rate      =   1476.841371 pkt/s
Packets dropped          =         16910 (52.60 %)
Average loss-burst size  =      3.109599 pkt
----------------------------------------------------------

__________________________________________________________
****************  TOTAL RESULTS   ******************
__________________________________________________________
Number of flows          =             1
Total time               =     10.319998 s
Total packets            =         15241
Minimum delay            =      0.000005 s
Maximum delay            =      1.000618 s
Average delay            =      0.532947 s
Average jitter           =      0.001454 s
Delay standard deviation =      0.478133 s
Bytes received           =      19508480
Average bitrate          =  15122.855644 Kbit/s
Average packet rate      =   1476.841371 pkt/s
Packets dropped          =         16910 (52.60 %)
Average loss-burst size  =      3.109599 pkt
Error lines              =             0
----------------------------------------------------------
