ITGDec version 2.8.1 (r1023)
Compile-time options: bursty multiport
----------------------------------------------------------
Flow number: 1
From 192.168.10.7:40504
To    192.168.10.5:8999
----------------------------------------------------------
Total time               =      8.936258 s
Total packets            =             6
Minimum delay            =      0.004891 s
Maximum delay            =      0.005826 s
Average delay            =      0.005473 s
Average jitter           =      0.000423 s
Delay standard deviation =      0.000368 s
Bytes received           =          1274
Average bitrate          =      1.140522 Kbit/s
Average packet rate      =      0.671422 pkt/s
Packets dropped          =             0 (0.00 %)
Average loss-burst size  =      0.000000 pkt
----------------------------------------------------------

__________________________________________________________
****************  TOTAL RESULTS   ******************
__________________________________________________________
Number of flows          =             1
Total time               =      8.936258 s
Total packets            =             6
Minimum delay            =      0.004891 s
Maximum delay            =      0.005826 s
Average delay            =      0.005473 s
Average jitter           =      0.000423 s
Delay standard deviation =      0.000368 s
Bytes received           =          1274
Average bitrate          =      1.140522 Kbit/s
Average packet rate      =      0.671422 pkt/s
Packets dropped          =             0 (0.00 %)
Average loss-burst size  =             0 pkt
Error lines              =             0
----------------------------------------------------------
