ITGDec version 2.8.1 (r1023)
Compile-time options: bursty multiport
----------------------------------------------------------
Flow number: 1
From 192.168.10.7:45889
To    192.168.10.5:8999
----------------------------------------------------------
Total time               =     10.053442 s
Total packets            =        123645
Minimum delay            =      0.000003 s
Maximum delay            =      1.000459 s
Average delay            =      0.099815 s
Average jitter           =      0.000184 s
Delay standard deviation =      0.298136 s
Bytes received           =      15826560
Average bitrate          =  12593.943447 Kbit/s
Average packet rate      =  12298.772898 pkt/s
Packets dropped          =          5435 (4.21 %)
Average loss-burst size  =      2.660303 pkt
----------------------------------------------------------

__________________________________________________________
****************  TOTAL RESULTS   ******************
__________________________________________________________
Number of flows          =             1
Total time               =     10.053442 s
Total packets            =        123645
Minimum delay            =      0.000003 s
Maximum delay            =      1.000459 s
Average delay            =      0.099815 s
Average jitter           =      0.000184 s
Delay standard deviation =      0.298136 s
Bytes received           =      15826560
Average bitrate          =  12593.943447 Kbit/s
Average packet rate      =  12298.772898 pkt/s
Packets dropped          =          5435 (4.21 %)
Average loss-burst size  =      2.660303 pkt
Error lines              =             0
----------------------------------------------------------
