ITGDec version 2.8.1 (r1023)
Compile-time options: bursty multiport
----------------------------------------------------------
Flow number: 1
From 192.168.10.7:53199
To    192.168.10.5:8999
----------------------------------------------------------
Total time               =      9.999087 s
Total packets            =           242
Minimum delay            =      0.004152 s
Maximum delay            =      0.014796 s
Average delay            =      0.004728 s
Average jitter           =      0.000311 s
Delay standard deviation =      0.000800 s
Bytes received           =         10410
Average bitrate          =      8.328760 Kbit/s
Average packet rate      =     24.202210 pkt/s
Packets dropped          =             0 (0.00 %)
Average loss-burst size  =      0.000000 pkt
----------------------------------------------------------

__________________________________________________________
****************  TOTAL RESULTS   ******************
__________________________________________________________
Number of flows          =             1
Total time               =      9.999087 s
Total packets            =           242
Minimum delay            =      0.004152 s
Maximum delay            =      0.014796 s
Average delay            =      0.004728 s
Average jitter           =      0.000311 s
Delay standard deviation =      0.000800 s
Bytes received           =         10410
Average bitrate          =      8.328760 Kbit/s
Average packet rate      =     24.202210 pkt/s
Packets dropped          =             0 (0.00 %)
Average loss-burst size  =             0 pkt
Error lines              =             0
----------------------------------------------------------
