ITGDec version 2.8.1 (r1023)
Compile-time options: bursty multiport
----------------------------------------------------------
Flow number: 1
From 192.168.10.7:55984
To    192.168.10.5:8999
----------------------------------------------------------
Total time               =     10.260056 s
Total packets            =         19320
Minimum delay            =      0.000004 s
Maximum delay            =      1.000712 s
Average delay            =      0.468944 s
Average jitter           =      0.001089 s
Delay standard deviation =      0.483069 s
Bytes received           =      19783680
Average bitrate          =  15425.787150 Kbit/s
Average packet rate      =   1883.030658 pkt/s
Packets dropped          =         19009 (49.59 %)
Average loss-burst size  =      2.926713 pkt
----------------------------------------------------------

__________________________________________________________
****************  TOTAL RESULTS   ******************
__________________________________________________________
Number of flows          =             1
Total time               =     10.260056 s
Total packets            =         19320
Minimum delay            =      0.000004 s
Maximum delay            =      1.000712 s
Average delay            =      0.468944 s
Average jitter           =      0.001089 s
Delay standard deviation =      0.483069 s
Bytes received           =      19783680
Average bitrate          =  15425.787150 Kbit/s
Average packet rate      =   1883.030658 pkt/s
Packets dropped          =         19009 (49.59 %)
Average loss-burst size  =      2.926713 pkt
Error lines              =             0
----------------------------------------------------------
