ITGDec version 2.8.1 (r1023)
Compile-time options: bursty multiport
----------------------------------------------------------
Flow number: 1
From 192.168.10.7:55403
To    192.168.10.5:8999
----------------------------------------------------------
Total time               =      9.996671 s
Total packets            =        166263
Minimum delay            =      0.000002 s
Maximum delay            =      1.000101 s
Average delay            =      0.021063 s
Average jitter           =      0.000135 s
Delay standard deviation =      0.143432 s
Bytes received           =      10640832
Average bitrate          =   8515.500410 Kbit/s
Average packet rate      =  16631.836738 pkt/s
Packets dropped          =          2577 (1.53 %)
Average loss-burst size  =      5.391213 pkt
----------------------------------------------------------

__________________________________________________________
****************  TOTAL RESULTS   ******************
__________________________________________________________
Number of flows          =             1
Total time               =      9.996671 s
Total packets            =        166263
Minimum delay            =      0.000002 s
Maximum delay            =      1.000101 s
Average delay            =      0.021063 s
Average jitter           =      0.000135 s
Delay standard deviation =      0.143432 s
Bytes received           =      10640832
Average bitrate          =   8515.500410 Kbit/s
Average packet rate      =  16631.836738 pkt/s
Packets dropped          =          2577 (1.53 %)
Average loss-burst size  =      5.391213 pkt
Error lines              =             0
----------------------------------------------------------
