ITGDec version 2.8.1 (r1023)
Compile-time options: bursty multiport
----------------------------------------------------------
Flow number: 1
From 192.168.10.7:55445
To    192.168.10.5:8999
----------------------------------------------------------
Total time               =     10.002011 s
Total packets            =        166506
Minimum delay            =      0.000002 s
Maximum delay            =      1.000098 s
Average delay            =      0.019838 s
Average jitter           =      0.000135 s
Delay standard deviation =      0.139315 s
Bytes received           =      10656384
Average bitrate          =   8523.393146 Kbit/s
Average packet rate      =  16647.252238 pkt/s
Packets dropped          =             0 (0.00 %)
Average loss-burst size  =      0.000000 pkt
----------------------------------------------------------

__________________________________________________________
****************  TOTAL RESULTS   ******************
__________________________________________________________
Number of flows          =             1
Total time               =     10.002011 s
Total packets            =        166506
Minimum delay            =      0.000002 s
Maximum delay            =      1.000098 s
Average delay            =      0.019838 s
Average jitter           =      0.000135 s
Delay standard deviation =      0.139315 s
Bytes received           =      10656384
Average bitrate          =   8523.393146 Kbit/s
Average packet rate      =  16647.252238 pkt/s
Packets dropped          =             0 (0.00 %)
Average loss-burst size  =             0 pkt
Error lines              =             0
----------------------------------------------------------
