ITGDec version 2.8.1 (r1023)
Compile-time options: bursty multiport
----------------------------------------------------------
Flow number: 1
From 192.168.10.7:41482
To    192.168.10.5:8999
----------------------------------------------------------
Total time               =      9.999270 s
Total packets            =           987
Minimum delay            =      0.001455 s
Maximum delay            =      0.011960 s
Average delay            =      0.004667 s
Average jitter           =      0.000212 s
Delay standard deviation =      0.000450 s
Bytes received           =         63168
Average bitrate          =     50.538089 Kbit/s
Average packet rate      =     98.707206 pkt/s
Packets dropped          =             0 (0.00 %)
Average loss-burst size  =      0.000000 pkt
----------------------------------------------------------

__________________________________________________________
****************  TOTAL RESULTS   ******************
__________________________________________________________
Number of flows          =             1
Total time               =      9.999270 s
Total packets            =           987
Minimum delay            =      0.001455 s
Maximum delay            =      0.011960 s
Average delay            =      0.004667 s
Average jitter           =      0.000212 s
Delay standard deviation =      0.000450 s
Bytes received           =         63168
Average bitrate          =     50.538089 Kbit/s
Average packet rate      =     98.707206 pkt/s
Packets dropped          =             0 (0.00 %)
Average loss-burst size  =             0 pkt
Error lines              =             0
----------------------------------------------------------
