ITGDec version 2.8.1 (r1023)
Compile-time options: bursty multiport
----------------------------------------------------------
Flow number: 1
From 192.168.10.7:60550
To    192.168.10.5:8999
----------------------------------------------------------
Total time               =      9.992670 s
Total packets            =           243
Minimum delay            =      0.004268 s
Maximum delay            =      0.011198 s
Average delay            =      0.004735 s
Average jitter           =      0.000258 s
Delay standard deviation =      0.000689 s
Bytes received           =         10572
Average bitrate          =      8.463804 Kbit/s
Average packet rate      =     24.317825 pkt/s
Packets dropped          =             0 (0.00 %)
Average loss-burst size  =      0.000000 pkt
----------------------------------------------------------

__________________________________________________________
****************  TOTAL RESULTS   ******************
__________________________________________________________
Number of flows          =             1
Total time               =      9.992670 s
Total packets            =           243
Minimum delay            =      0.004268 s
Maximum delay            =      0.011198 s
Average delay            =      0.004735 s
Average jitter           =      0.000258 s
Delay standard deviation =      0.000689 s
Bytes received           =         10572
Average bitrate          =      8.463804 Kbit/s
Average packet rate      =     24.317825 pkt/s
Packets dropped          =             0 (0.00 %)
Average loss-burst size  =             0 pkt
Error lines              =             0
----------------------------------------------------------
