ITGDec version 2.8.1 (r1023)
Compile-time options: bursty multiport
----------------------------------------------------------
Flow number: 1
From 192.168.10.7:51765
To    192.168.10.5:8999
----------------------------------------------------------
Total time               =     10.260567 s
Total packets            =         19297
Minimum delay            =      0.000004 s
Maximum delay            =      1.000709 s
Average delay            =      0.446629 s
Average jitter           =      0.001143 s
Delay standard deviation =      0.481493 s
Bytes received           =      19760128
Average bitrate          =  15406.655792 Kbit/s
Average packet rate      =   1880.695287 pkt/s
Packets dropped          =         19017 (49.63 %)
Average loss-burst size  =      2.991035 pkt
----------------------------------------------------------

__________________________________________________________
****************  TOTAL RESULTS   ******************
__________________________________________________________
Number of flows          =             1
Total time               =     10.260567 s
Total packets            =         19297
Minimum delay            =      0.000004 s
Maximum delay            =      1.000709 s
Average delay            =      0.446629 s
Average jitter           =      0.001143 s
Delay standard deviation =      0.481493 s
Bytes received           =      19760128
Average bitrate          =  15406.655792 Kbit/s
Average packet rate      =   1880.695287 pkt/s
Packets dropped          =         19017 (49.63 %)
Average loss-burst size  =      2.991035 pkt
Error lines              =             0
----------------------------------------------------------
