ITGDec version 2.8.1 (r1023)
Compile-time options: bursty multiport
----------------------------------------------------------
Flow number: 1
From 192.168.10.7:41750
To    192.168.10.5:8999
----------------------------------------------------------
Total time               =     10.002207 s
Total packets            =        166403
Minimum delay            =      0.000002 s
Maximum delay            =      1.000091 s
Average delay            =      0.015109 s
Average jitter           =      0.000135 s
Delay standard deviation =      0.121838 s
Bytes received           =      10649792
Average bitrate          =   8517.953688 Kbit/s
Average packet rate      =  16636.628296 pkt/s
Packets dropped          =           108 (0.06 %)
Average loss-burst size  =      0.000000 pkt
----------------------------------------------------------

__________________________________________________________
****************  TOTAL RESULTS   ******************
__________________________________________________________
Number of flows          =             1
Total time               =     10.002207 s
Total packets            =        166403
Minimum delay            =      0.000002 s
Maximum delay            =      1.000091 s
Average delay            =      0.015109 s
Average jitter           =      0.000135 s
Delay standard deviation =      0.121838 s
Bytes received           =      10649792
Average bitrate          =   8517.953688 Kbit/s
Average packet rate      =  16636.628296 pkt/s
Packets dropped          =           108 (0.06 %)
Average loss-burst size  =      0.000000 pkt
Error lines              =             0
----------------------------------------------------------
