ITGDec version 2.8.1 (r1023)
Compile-time options: bursty multiport
----------------------------------------------------------
Flow number: 1
From 192.168.10.7:42221
To    192.168.10.5:8999
----------------------------------------------------------
Total time               =     10.308755 s
Total packets            =         15301
Minimum delay            =      0.000006 s
Maximum delay            =      1.000372 s
Average delay            =      0.534391 s
Average jitter           =      0.001448 s
Delay standard deviation =      0.479003 s
Bytes received           =      19585280
Average bitrate          =  15198.948855 Kbit/s
Average packet rate      =   1484.272349 pkt/s
Packets dropped          =         16874 (52.44 %)
Average loss-burst size  =      3.134101 pkt
----------------------------------------------------------

__________________________________________________________
****************  TOTAL RESULTS   ******************
__________________________________________________________
Number of flows          =             1
Total time               =     10.308755 s
Total packets            =         15301
Minimum delay            =      0.000006 s
Maximum delay            =      1.000372 s
Average delay            =      0.534391 s
Average jitter           =      0.001448 s
Delay standard deviation =      0.479003 s
Bytes received           =      19585280
Average bitrate          =  15198.948855 Kbit/s
Average packet rate      =   1484.272349 pkt/s
Packets dropped          =         16874 (52.44 %)
Average loss-burst size  =      3.134101 pkt
Error lines              =             0
----------------------------------------------------------
