ITGDec version 2.8.1 (r1023)
Compile-time options: bursty multiport
----------------------------------------------------------
Flow number: 1
From 192.168.10.7:53714
To    192.168.10.5:8999
----------------------------------------------------------
Total time               =      8.937883 s
Total packets            =             6
Minimum delay            =      0.004684 s
Maximum delay            =      0.005577 s
Average delay            =      0.005274 s
Average jitter           =      0.000508 s
Delay standard deviation =      0.000296 s
Bytes received           =          1212
Average bitrate          =      1.084821 Kbit/s
Average packet rate      =      0.671300 pkt/s
Packets dropped          =             0 (0.00 %)
Average loss-burst size  =      0.000000 pkt
----------------------------------------------------------

__________________________________________________________
****************  TOTAL RESULTS   ******************
__________________________________________________________
Number of flows          =             1
Total time               =      8.937883 s
Total packets            =             6
Minimum delay            =      0.004684 s
Maximum delay            =      0.005577 s
Average delay            =      0.005274 s
Average jitter           =      0.000508 s
Delay standard deviation =      0.000296 s
Bytes received           =          1212
Average bitrate          =      1.084821 Kbit/s
Average packet rate      =      0.671300 pkt/s
Packets dropped          =             0 (0.00 %)
Average loss-burst size  =             0 pkt
Error lines              =             0
----------------------------------------------------------
