ITGDec version 2.8.1 (r1023)
Compile-time options: bursty multiport
----------------------------------------------------------
Flow number: 1
From 192.168.10.7:50653
To    192.168.10.5:8999
----------------------------------------------------------
Total time               =     10.053478 s
Total packets            =        124142
Minimum delay            =      0.000003 s
Maximum delay            =      1.000114 s
Average delay            =      0.104272 s
Average jitter           =      0.000182 s
Delay standard deviation =      0.304046 s
Bytes received           =      15890176
Average bitrate          =  12644.520434 Kbit/s
Average packet rate      =  12348.164486 pkt/s
Packets dropped          =          4544 (3.53 %)
Average loss-burst size  =      2.574504 pkt
----------------------------------------------------------

__________________________________________________________
****************  TOTAL RESULTS   ******************
__________________________________________________________
Number of flows          =             1
Total time               =     10.053478 s
Total packets            =        124142
Minimum delay            =      0.000003 s
Maximum delay            =      1.000114 s
Average delay            =      0.104272 s
Average jitter           =      0.000182 s
Delay standard deviation =      0.304046 s
Bytes received           =      15890176
Average bitrate          =  12644.520434 Kbit/s
Average packet rate      =  12348.164486 pkt/s
Packets dropped          =          4544 (3.53 %)
Average loss-burst size  =      2.574504 pkt
Error lines              =             0
----------------------------------------------------------
