ITGDec version 2.8.1 (r1023)
Compile-time options: bursty multiport
----------------------------------------------------------
Flow number: 1
From 192.168.10.7:46548
To    192.168.10.5:8999
----------------------------------------------------------
Total time               =     10.092118 s
Total packets            =         72196
Minimum delay            =      0.000003 s
Maximum delay            =      1.000590 s
Average delay            =      0.167423 s
Average jitter           =      0.000299 s
Delay standard deviation =      0.369903 s
Bytes received           =      18482176
Average bitrate          =  14650.780738 Kbit/s
Average packet rate      =   7153.701532 pkt/s
Packets dropped          =         24551 (25.38 %)
Average loss-burst size  =      2.477147 pkt
----------------------------------------------------------

__________________________________________________________
****************  TOTAL RESULTS   ******************
__________________________________________________________
Number of flows          =             1
Total time               =     10.092118 s
Total packets            =         72196
Minimum delay            =      0.000003 s
Maximum delay            =      1.000590 s
Average delay            =      0.167423 s
Average jitter           =      0.000299 s
Delay standard deviation =      0.369903 s
Bytes received           =      18482176
Average bitrate          =  14650.780738 Kbit/s
Average packet rate      =   7153.701532 pkt/s
Packets dropped          =         24551 (25.38 %)
Average loss-burst size  =      2.477147 pkt
Error lines              =             0
----------------------------------------------------------
