ITGDec version 2.8.1 (r1023)
Compile-time options: bursty multiport
----------------------------------------------------------
Flow number: 1
From 192.168.10.7:44829
To    192.168.10.5:8999
----------------------------------------------------------
Total time               =     10.086602 s
Total packets            =         72225
Minimum delay            =      0.000004 s
Maximum delay            =      1.000208 s
Average delay            =      0.155054 s
Average jitter           =      0.000299 s
Delay standard deviation =      0.358762 s
Bytes received           =      18489600
Average bitrate          =  14664.680930 Kbit/s
Average packet rate      =   7160.488735 pkt/s
Packets dropped          =         24712 (25.49 %)
Average loss-burst size  =      2.476897 pkt
----------------------------------------------------------

__________________________________________________________
****************  TOTAL RESULTS   ******************
__________________________________________________________
Number of flows          =             1
Total time               =     10.086602 s
Total packets            =         72225
Minimum delay            =      0.000004 s
Maximum delay            =      1.000208 s
Average delay            =      0.155054 s
Average jitter           =      0.000299 s
Delay standard deviation =      0.358762 s
Bytes received           =      18489600
Average bitrate          =  14664.680930 Kbit/s
Average packet rate      =   7160.488735 pkt/s
Packets dropped          =         24712 (25.49 %)
Average loss-burst size  =      2.476897 pkt
Error lines              =             0
----------------------------------------------------------
