ITGDec version 2.8.1 (r1023)
Compile-time options: bursty multiport
----------------------------------------------------------
Flow number: 1
From 192.168.10.7:40584
To    192.168.10.5:8999
----------------------------------------------------------
Total time               =     10.253649 s
Total packets            =         19335
Minimum delay            =      0.000004 s
Maximum delay            =      1.000659 s
Average delay            =      0.444113 s
Average jitter           =      0.001138 s
Delay standard deviation =      0.481355 s
Bytes received           =      19799040
Average bitrate          =  15447.409990 Kbit/s
Average packet rate      =   1885.670165 pkt/s
Packets dropped          =         18998 (49.56 %)
Average loss-burst size  =      2.974945 pkt
----------------------------------------------------------

__________________________________________________________
****************  TOTAL RESULTS   ******************
__________________________________________________________
Number of flows          =             1
Total time               =     10.253649 s
Total packets            =         19335
Minimum delay            =      0.000004 s
Maximum delay            =      1.000659 s
Average delay            =      0.444113 s
Average jitter           =      0.001138 s
Delay standard deviation =      0.481355 s
Bytes received           =      19799040
Average bitrate          =  15447.409990 Kbit/s
Average packet rate      =   1885.670165 pkt/s
Packets dropped          =         18998 (49.56 %)
Average loss-burst size  =      2.974945 pkt
Error lines              =             0
----------------------------------------------------------
