ITGDec version 2.8.1 (r1023)
Compile-time options: bursty multiport
----------------------------------------------------------
Flow number: 1
From 192.168.10.7:55980
To    192.168.10.5:8999
----------------------------------------------------------
Total time               =     10.153187 s
Total packets            =         37682
Minimum delay            =      0.000004 s
Maximum delay            =      1.000717 s
Average delay            =      0.274575 s
Average jitter           =      0.000584 s
Delay standard deviation =      0.438705 s
Bytes received           =      19293184
Average bitrate          =  15201.677266 Kbit/s
Average packet rate      =   3711.346989 pkt/s
Packets dropped          =         26803 (41.56 %)
Average loss-burst size  =      2.907681 pkt
----------------------------------------------------------

__________________________________________________________
****************  TOTAL RESULTS   ******************
__________________________________________________________
Number of flows          =             1
Total time               =     10.153187 s
Total packets            =         37682
Minimum delay            =      0.000004 s
Maximum delay            =      1.000717 s
Average delay            =      0.274575 s
Average jitter           =      0.000584 s
Delay standard deviation =      0.438705 s
Bytes received           =      19293184
Average bitrate          =  15201.677266 Kbit/s
Average packet rate      =   3711.346989 pkt/s
Packets dropped          =         26803 (41.56 %)
Average loss-burst size  =      2.907681 pkt
Error lines              =             0
----------------------------------------------------------
