ITGDec version 2.8.1 (r1023)
Compile-time options: bursty multiport
----------------------------------------------------------
Flow number: 1
From 192.168.10.7:41561
To    192.168.10.5:8999
----------------------------------------------------------
Total time               =     10.161233 s
Total packets            =         37614
Minimum delay            =      0.000004 s
Maximum delay            =      1.000767 s
Average delay            =      0.278900 s
Average jitter           =      0.000585 s
Delay standard deviation =      0.440662 s
Bytes received           =      19258368
Average bitrate          =  15162.229229 Kbit/s
Average packet rate      =   3701.716120 pkt/s
Packets dropped          =         26843 (41.64 %)
Average loss-burst size  =      2.891007 pkt
----------------------------------------------------------

__________________________________________________________
****************  TOTAL RESULTS   ******************
__________________________________________________________
Number of flows          =             1
Total time               =     10.161233 s
Total packets            =         37614
Minimum delay            =      0.000004 s
Maximum delay            =      1.000767 s
Average delay            =      0.278900 s
Average jitter           =      0.000585 s
Delay standard deviation =      0.440662 s
Bytes received           =      19258368
Average bitrate          =  15162.229229 Kbit/s
Average packet rate      =   3701.716120 pkt/s
Packets dropped          =         26843 (41.64 %)
Average loss-burst size  =      2.891007 pkt
Error lines              =             0
----------------------------------------------------------
