ITGDec version 2.8.1 (r1023)
Compile-time options: bursty multiport
----------------------------------------------------------
Flow number: 1
From 192.168.10.7:49197
To    192.168.10.5:8999
----------------------------------------------------------
Total time               =      9.994113 s
Total packets            =        166462
Minimum delay            =      0.000002 s
Maximum delay            =      1.000096 s
Average delay            =      0.022773 s
Average jitter           =      0.000135 s
Delay standard deviation =      0.149066 s
Bytes received           =      10653568
Average bitrate          =   8527.874760 Kbit/s
Average packet rate      =  16656.005390 pkt/s
Packets dropped          =          2627 (1.55 %)
Average loss-burst size  =      5.081238 pkt
----------------------------------------------------------

__________________________________________________________
****************  TOTAL RESULTS   ******************
__________________________________________________________
Number of flows          =             1
Total time               =      9.994113 s
Total packets            =        166462
Minimum delay            =      0.000002 s
Maximum delay            =      1.000096 s
Average delay            =      0.022773 s
Average jitter           =      0.000135 s
Delay standard deviation =      0.149066 s
Bytes received           =      10653568
Average bitrate          =   8527.874760 Kbit/s
Average packet rate      =  16656.005390 pkt/s
Packets dropped          =          2627 (1.55 %)
Average loss-burst size  =      5.081238 pkt
Error lines              =             0
----------------------------------------------------------
