ITGDec version 2.8.1 (r1023)
Compile-time options: bursty multiport
----------------------------------------------------------
Flow number: 1
From 192.168.10.7:54170
To    192.168.10.5:8999
----------------------------------------------------------
Total time               =     10.092425 s
Total packets            =         72012
Minimum delay            =      0.000003 s
Maximum delay            =      1.001700 s
Average delay            =      0.160752 s
Average jitter           =      0.000299 s
Delay standard deviation =      0.363832 s
Bytes received           =      18435072
Average bitrate          =  14612.996975 Kbit/s
Average packet rate      =   7135.252429 pkt/s
Packets dropped          =         24743 (25.57 %)
Average loss-burst size  =      2.534624 pkt
----------------------------------------------------------

__________________________________________________________
****************  TOTAL RESULTS   ******************
__________________________________________________________
Number of flows          =             1
Total time               =     10.092425 s
Total packets            =         72012
Minimum delay            =      0.000003 s
Maximum delay            =      1.001700 s
Average delay            =      0.160752 s
Average jitter           =      0.000299 s
Delay standard deviation =      0.363832 s
Bytes received           =      18435072
Average bitrate          =  14612.996975 Kbit/s
Average packet rate      =   7135.252429 pkt/s
Packets dropped          =         24743 (25.57 %)
Average loss-burst size  =      2.534624 pkt
Error lines              =             0
----------------------------------------------------------
