ITGDec version 2.8.1 (r1023)
Compile-time options: bursty multiport
----------------------------------------------------------
Flow number: 1
From 192.168.10.7:57881
To    192.168.10.5:8999
----------------------------------------------------------
Total time               =     10.055971 s
Total packets            =        123875
Minimum delay            =      0.000002 s
Maximum delay            =      1.000496 s
Average delay            =      0.102898 s
Average jitter           =      0.000184 s
Delay standard deviation =      0.302098 s
Bytes received           =      15856000
Average bitrate          =  12614.197078 Kbit/s
Average packet rate      =  12318.551834 pkt/s
Packets dropped          =          5294 (4.10 %)
Average loss-burst size  =      2.438508 pkt
----------------------------------------------------------

__________________________________________________________
****************  TOTAL RESULTS   ******************
__________________________________________________________
Number of flows          =             1
Total time               =     10.055971 s
Total packets            =        123875
Minimum delay            =      0.000002 s
Maximum delay            =      1.000496 s
Average delay            =      0.102898 s
Average jitter           =      0.000184 s
Delay standard deviation =      0.302098 s
Bytes received           =      15856000
Average bitrate          =  12614.197078 Kbit/s
Average packet rate      =  12318.551834 pkt/s
Packets dropped          =          5294 (4.10 %)
Average loss-burst size  =      2.438508 pkt
Error lines              =             0
----------------------------------------------------------
