ITGDec version 2.8.1 (r1023)
Compile-time options: bursty multiport
----------------------------------------------------------
Flow number: 1
From 192.168.10.7:49341
To    192.168.10.5:8999
----------------------------------------------------------
Total time               =     10.256754 s
Total packets            =         19272
Minimum delay            =      0.000006 s
Maximum delay            =      1.000634 s
Average delay            =      0.458077 s
Average jitter           =      0.001089 s
Delay standard deviation =      0.482310 s
Bytes received           =      19734528
Average bitrate          =  15392.415963 Kbit/s
Average packet rate      =   1878.957027 pkt/s
Packets dropped          =         19048 (49.71 %)
Average loss-burst size  =      2.912538 pkt
----------------------------------------------------------

__________________________________________________________
****************  TOTAL RESULTS   ******************
__________________________________________________________
Number of flows          =             1
Total time               =     10.256754 s
Total packets            =         19272
Minimum delay            =      0.000006 s
Maximum delay            =      1.000634 s
Average delay            =      0.458077 s
Average jitter           =      0.001089 s
Delay standard deviation =      0.482310 s
Bytes received           =      19734528
Average bitrate          =  15392.415963 Kbit/s
Average packet rate      =   1878.957027 pkt/s
Packets dropped          =         19048 (49.71 %)
Average loss-burst size  =      2.912538 pkt
Error lines              =             0
----------------------------------------------------------
