ITGDec version 2.8.1 (r1023)
Compile-time options: bursty multiport
----------------------------------------------------------
Flow number: 1
From 192.168.10.7:43185
To    192.168.10.5:8999
----------------------------------------------------------
Total time               =      9.995535 s
Total packets            =           986
Minimum delay            =      0.004121 s
Maximum delay            =      0.015791 s
Average delay            =      0.004671 s
Average jitter           =      0.000225 s
Delay standard deviation =      0.000552 s
Bytes received           =         63104
Average bitrate          =     50.505751 Kbit/s
Average packet rate      =     98.644045 pkt/s
Packets dropped          =             0 (0.00 %)
Average loss-burst size  =      0.000000 pkt
----------------------------------------------------------

__________________________________________________________
****************  TOTAL RESULTS   ******************
__________________________________________________________
Number of flows          =             1
Total time               =      9.995535 s
Total packets            =           986
Minimum delay            =      0.004121 s
Maximum delay            =      0.015791 s
Average delay            =      0.004671 s
Average jitter           =      0.000225 s
Delay standard deviation =      0.000552 s
Bytes received           =         63104
Average bitrate          =     50.505751 Kbit/s
Average packet rate      =     98.644045 pkt/s
Packets dropped          =             0 (0.00 %)
Average loss-burst size  =             0 pkt
Error lines              =             0
----------------------------------------------------------
