ITGDec version 2.8.1 (r1023)
Compile-time options: bursty multiport
----------------------------------------------------------
Flow number: 1
From 192.168.10.7:50445
To    192.168.10.5:8999
----------------------------------------------------------
Total time               =     10.000697 s
Total packets            =        165557
Minimum delay            =      0.000002 s
Maximum delay            =      1.000101 s
Average delay            =      0.013341 s
Average jitter           =      0.000135 s
Delay standard deviation =      0.114557 s
Bytes received           =      10595648
Average bitrate          =   8475.927628 Kbit/s
Average packet rate      =  16554.546148 pkt/s
Packets dropped          =             4 (0.00 %)
Average loss-burst size  =      0.000000 pkt
----------------------------------------------------------

__________________________________________________________
****************  TOTAL RESULTS   ******************
__________________________________________________________
Number of flows          =             1
Total time               =     10.000697 s
Total packets            =        165557
Minimum delay            =      0.000002 s
Maximum delay            =      1.000101 s
Average delay            =      0.013341 s
Average jitter           =      0.000135 s
Delay standard deviation =      0.114557 s
Bytes received           =      10595648
Average bitrate          =   8475.927628 Kbit/s
Average packet rate      =  16554.546148 pkt/s
Packets dropped          =             4 (0.00 %)
Average loss-burst size  =      0.000000 pkt
Error lines              =             0
----------------------------------------------------------
