ITGDec version 2.8.1 (r1023)
Compile-time options: bursty multiport
----------------------------------------------------------
Flow number: 1
From 192.168.10.7:40935
To    192.168.10.5:8999
----------------------------------------------------------
Total time               =      9.995886 s
Total packets            =           984
Minimum delay            =      0.000542 s
Maximum delay            =      0.009769 s
Average delay            =      0.004659 s
Average jitter           =      0.000215 s
Delay standard deviation =      0.000449 s
Bytes received           =         62976
Average bitrate          =     50.401535 Kbit/s
Average packet rate      =     98.440498 pkt/s
Packets dropped          =             0 (0.00 %)
Average loss-burst size  =      0.000000 pkt
----------------------------------------------------------

__________________________________________________________
****************  TOTAL RESULTS   ******************
__________________________________________________________
Number of flows          =             1
Total time               =      9.995886 s
Total packets            =           984
Minimum delay            =      0.000542 s
Maximum delay            =      0.009769 s
Average delay            =      0.004659 s
Average jitter           =      0.000215 s
Delay standard deviation =      0.000449 s
Bytes received           =         62976
Average bitrate          =     50.401535 Kbit/s
Average packet rate      =     98.440498 pkt/s
Packets dropped          =             0 (0.00 %)
Average loss-burst size  =             0 pkt
Error lines              =             0
----------------------------------------------------------
