ITGDec version 2.8.1 (r1023)
Compile-time options: bursty multiport
----------------------------------------------------------
Flow number: 1
From 192.168.10.7:51016
To    192.168.10.5:8999
----------------------------------------------------------
Total time               =     10.153428 s
Total packets            =         37614
Minimum delay            =      0.000004 s
Maximum delay            =      1.000427 s
Average delay            =      0.267030 s
Average jitter           =      0.000584 s
Delay standard deviation =      0.434824 s
Bytes received           =      19258368
Average bitrate          =  15173.884525 Kbit/s
Average packet rate      =   3704.561651 pkt/s
Packets dropped          =         26877 (41.68 %)
Average loss-burst size  =      2.894045 pkt
----------------------------------------------------------

__________________________________________________________
****************  TOTAL RESULTS   ******************
__________________________________________________________
Number of flows          =             1
Total time               =     10.153428 s
Total packets            =         37614
Minimum delay            =      0.000004 s
Maximum delay            =      1.000427 s
Average delay            =      0.267030 s
Average jitter           =      0.000584 s
Delay standard deviation =      0.434824 s
Bytes received           =      19258368
Average bitrate          =  15173.884525 Kbit/s
Average packet rate      =   3704.561651 pkt/s
Packets dropped          =         26877 (41.68 %)
Average loss-burst size  =      2.894045 pkt
Error lines              =             0
----------------------------------------------------------
