ITGDec version 2.8.1 (r1023)
Compile-time options: bursty multiport
----------------------------------------------------------
Flow number: 1
From 192.168.10.7:57346
To    192.168.10.5:8999
----------------------------------------------------------
Total time               =     10.092153 s
Total packets            =         72277
Minimum delay            =      0.000003 s
Maximum delay            =      1.000591 s
Average delay            =      0.176065 s
Average jitter           =      0.000304 s
Delay standard deviation =      0.377482 s
Bytes received           =      18502912
Average bitrate          =  14667.167254 Kbit/s
Average packet rate      =   7161.702761 pkt/s
Packets dropped          =         24367 (25.21 %)
Average loss-burst size  =      2.467045 pkt
----------------------------------------------------------

__________________________________________________________
****************  TOTAL RESULTS   ******************
__________________________________________________________
Number of flows          =             1
Total time               =     10.092153 s
Total packets            =         72277
Minimum delay            =      0.000003 s
Maximum delay            =      1.000591 s
Average delay            =      0.176065 s
Average jitter           =      0.000304 s
Delay standard deviation =      0.377482 s
Bytes received           =      18502912
Average bitrate          =  14667.167254 Kbit/s
Average packet rate      =   7161.702761 pkt/s
Packets dropped          =         24367 (25.21 %)
Average loss-burst size  =      2.467045 pkt
Error lines              =             0
----------------------------------------------------------
