ITGDec version 2.8.1 (r1023)
Compile-time options: bursty multiport
----------------------------------------------------------
Flow number: 1
From 192.168.10.7:44607
To    192.168.10.5:8999
----------------------------------------------------------
Total time               =     10.262542 s
Total packets            =         19289
Minimum delay            =      0.000004 s
Maximum delay            =      1.000596 s
Average delay            =      0.452353 s
Average jitter           =      0.001088 s
Delay standard deviation =      0.481937 s
Bytes received           =      19751936
Average bitrate          =  15397.304878 Kbit/s
Average packet rate      =   1879.553818 pkt/s
Packets dropped          =         19038 (49.67 %)
Average loss-burst size  =      2.901250 pkt
----------------------------------------------------------

__________________________________________________________
****************  TOTAL RESULTS   ******************
__________________________________________________________
Number of flows          =             1
Total time               =     10.262542 s
Total packets            =         19289
Minimum delay            =      0.000004 s
Maximum delay            =      1.000596 s
Average delay            =      0.452353 s
Average jitter           =      0.001088 s
Delay standard deviation =      0.481937 s
Bytes received           =      19751936
Average bitrate          =  15397.304878 Kbit/s
Average packet rate      =   1879.553818 pkt/s
Packets dropped          =         19038 (49.67 %)
Average loss-burst size  =      2.901250 pkt
Error lines              =             0
----------------------------------------------------------
