ITGDec version 2.8.1 (r1023)
Compile-time options: bursty multiport
----------------------------------------------------------
Flow number: 1
From 192.168.10.7:44662
To    192.168.10.5:8999
----------------------------------------------------------
Total time               =     10.261880 s
Total packets            =         19423
Minimum delay            =      0.000004 s
Maximum delay            =      1.000576 s
Average delay            =      0.449948 s
Average jitter           =      0.001134 s
Delay standard deviation =      0.481933 s
Bytes received           =      19889152
Average bitrate          =  15505.269600 Kbit/s
Average packet rate      =   1892.733105 pkt/s
Packets dropped          =         18918 (49.34 %)
Average loss-burst size  =      2.965204 pkt
----------------------------------------------------------

__________________________________________________________
****************  TOTAL RESULTS   ******************
__________________________________________________________
Number of flows          =             1
Total time               =     10.261880 s
Total packets            =         19423
Minimum delay            =      0.000004 s
Maximum delay            =      1.000576 s
Average delay            =      0.449948 s
Average jitter           =      0.001134 s
Delay standard deviation =      0.481933 s
Bytes received           =      19889152
Average bitrate          =  15505.269600 Kbit/s
Average packet rate      =   1892.733105 pkt/s
Packets dropped          =         18918 (49.34 %)
Average loss-burst size  =      2.965204 pkt
Error lines              =             0
----------------------------------------------------------
