ITGDec version 2.8.1 (r1023)
Compile-time options: bursty multiport
----------------------------------------------------------
Flow number: 1
From 192.168.10.7:39367
To    192.168.10.5:8999
----------------------------------------------------------
Total time               =     10.085545 s
Total packets            =         72141
Minimum delay            =      0.000003 s
Maximum delay            =      1.000618 s
Average delay            =      0.163656 s
Average jitter           =      0.000304 s
Delay standard deviation =      0.366800 s
Bytes received           =      18468096
Average bitrate          =  14649.160556 Kbit/s
Average packet rate      =   7152.910428 pkt/s
Packets dropped          =         24704 (25.51 %)
Average loss-burst size  =      2.444972 pkt
----------------------------------------------------------

__________________________________________________________
****************  TOTAL RESULTS   ******************
__________________________________________________________
Number of flows          =             1
Total time               =     10.085545 s
Total packets            =         72141
Minimum delay            =      0.000003 s
Maximum delay            =      1.000618 s
Average delay            =      0.163656 s
Average jitter           =      0.000304 s
Delay standard deviation =      0.366800 s
Bytes received           =      18468096
Average bitrate          =  14649.160556 Kbit/s
Average packet rate      =   7152.910428 pkt/s
Packets dropped          =         24704 (25.51 %)
Average loss-burst size  =      2.444972 pkt
Error lines              =             0
----------------------------------------------------------
