ITGDec version 2.8.1 (r1023)
Compile-time options: bursty multiport
----------------------------------------------------------
Flow number: 1
From 192.168.10.7:55537
To    192.168.10.5:8999
----------------------------------------------------------
Total time               =     10.154084 s
Total packets            =         37741
Minimum delay            =      0.000003 s
Maximum delay            =      1.000204 s
Average delay            =      0.262065 s
Average jitter           =      0.000583 s
Delay standard deviation =      0.432119 s
Bytes received           =      19323392
Average bitrate          =  15224.134053 Kbit/s
Average packet rate      =   3716.829603 pkt/s
Packets dropped          =         26501 (41.25 %)
Average loss-burst size  =      2.841016 pkt
----------------------------------------------------------

__________________________________________________________
****************  TOTAL RESULTS   ******************
__________________________________________________________
Number of flows          =             1
Total time               =     10.154084 s
Total packets            =         37741
Minimum delay            =      0.000003 s
Maximum delay            =      1.000204 s
Average delay            =      0.262065 s
Average jitter           =      0.000583 s
Delay standard deviation =      0.432119 s
Bytes received           =      19323392
Average bitrate          =  15224.134053 Kbit/s
Average packet rate      =   3716.829603 pkt/s
Packets dropped          =         26501 (41.25 %)
Average loss-burst size  =      2.841016 pkt
Error lines              =             0
----------------------------------------------------------
