ITGDec version 2.8.1 (r1023)
Compile-time options: bursty multiport
----------------------------------------------------------
Flow number: 1
From 192.168.10.7:47204
To    192.168.10.5:8999
----------------------------------------------------------
Total time               =     10.096129 s
Total packets            =         72545
Minimum delay            =      0.000004 s
Maximum delay            =      1.000644 s
Average delay            =      0.171412 s
Average jitter           =      0.000303 s
Delay standard deviation =      0.373301 s
Bytes received           =      18571520
Average bitrate          =  14715.754920 Kbit/s
Average packet rate      =   7185.427207 pkt/s
Packets dropped          =         24166 (24.99 %)
Average loss-burst size  =      2.440517 pkt
----------------------------------------------------------

__________________________________________________________
****************  TOTAL RESULTS   ******************
__________________________________________________________
Number of flows          =             1
Total time               =     10.096129 s
Total packets            =         72545
Minimum delay            =      0.000004 s
Maximum delay            =      1.000644 s
Average delay            =      0.171412 s
Average jitter           =      0.000303 s
Delay standard deviation =      0.373301 s
Bytes received           =      18571520
Average bitrate          =  14715.754920 Kbit/s
Average packet rate      =   7185.427207 pkt/s
Packets dropped          =         24166 (24.99 %)
Average loss-burst size  =      2.440517 pkt
Error lines              =             0
----------------------------------------------------------
