ITGDec version 2.8.1 (r1023)
Compile-time options: bursty multiport
----------------------------------------------------------
Flow number: 1
From 192.168.10.7:59695
To    192.168.10.5:8999
----------------------------------------------------------
Total time               =      9.998542 s
Total packets            =        166678
Minimum delay            =      0.000002 s
Maximum delay            =      1.000096 s
Average delay            =      0.030035 s
Average jitter           =      0.000134 s
Delay standard deviation =      0.170614 s
Bytes received           =      10667392
Average bitrate          =   8535.158026 Kbit/s
Average packet rate      =  16670.230520 pkt/s
Packets dropped          =          2368 (1.40 %)
Average loss-burst size  =      4.679842 pkt
----------------------------------------------------------

__________________________________________________________
****************  TOTAL RESULTS   ******************
__________________________________________________________
Number of flows          =             1
Total time               =      9.998542 s
Total packets            =        166678
Minimum delay            =      0.000002 s
Maximum delay            =      1.000096 s
Average delay            =      0.030035 s
Average jitter           =      0.000134 s
Delay standard deviation =      0.170614 s
Bytes received           =      10667392
Average bitrate          =   8535.158026 Kbit/s
Average packet rate      =  16670.230520 pkt/s
Packets dropped          =          2368 (1.40 %)
Average loss-burst size  =      4.679842 pkt
Error lines              =             0
----------------------------------------------------------
