ITGDec version 2.8.1 (r1023)
Compile-time options: bursty multiport
----------------------------------------------------------
Flow number: 1
From 192.168.10.7:60350
To    192.168.10.5:8999
----------------------------------------------------------
Total time               =     10.085468 s
Total packets            =         72353
Minimum delay            =      0.000003 s
Maximum delay            =      1.000504 s
Average delay            =      0.165769 s
Average jitter           =      0.000303 s
Delay standard deviation =      0.368778 s
Bytes received           =      18522368
Average bitrate          =  14692.322062 Kbit/s
Average packet rate      =   7173.985382 pkt/s
Packets dropped          =         24575 (25.35 %)
Average loss-burst size  =      2.472832 pkt
----------------------------------------------------------

__________________________________________________________
****************  TOTAL RESULTS   ******************
__________________________________________________________
Number of flows          =             1
Total time               =     10.085468 s
Total packets            =         72353
Minimum delay            =      0.000003 s
Maximum delay            =      1.000504 s
Average delay            =      0.165769 s
Average jitter           =      0.000303 s
Delay standard deviation =      0.368778 s
Bytes received           =      18522368
Average bitrate          =  14692.322062 Kbit/s
Average packet rate      =   7173.985382 pkt/s
Packets dropped          =         24575 (25.35 %)
Average loss-burst size  =      2.472832 pkt
Error lines              =             0
----------------------------------------------------------
