ITGDec version 2.8.1 (r1023)
Compile-time options: bursty multiport
----------------------------------------------------------
Flow number: 1
From 192.168.10.7:55118
To    192.168.10.5:8999
----------------------------------------------------------
Total time               =     10.158498 s
Total packets            =         37657
Minimum delay            =      0.000003 s
Maximum delay            =      1.000246 s
Average delay            =      0.284056 s
Average jitter           =      0.000585 s
Delay standard deviation =      0.443132 s
Bytes received           =      19280384
Average bitrate          =  15183.649394 Kbit/s
Average packet rate      =   3706.945653 pkt/s
Packets dropped          =         26794 (41.57 %)
Average loss-burst size  =      2.910493 pkt
----------------------------------------------------------

__________________________________________________________
****************  TOTAL RESULTS   ******************
__________________________________________________________
Number of flows          =             1
Total time               =     10.158498 s
Total packets            =         37657
Minimum delay            =      0.000003 s
Maximum delay            =      1.000246 s
Average delay            =      0.284056 s
Average jitter           =      0.000585 s
Delay standard deviation =      0.443132 s
Bytes received           =      19280384
Average bitrate          =  15183.649394 Kbit/s
Average packet rate      =   3706.945653 pkt/s
Packets dropped          =         26794 (41.57 %)
Average loss-burst size  =      2.910493 pkt
Error lines              =             0
----------------------------------------------------------
