ITGDec version 2.8.1 (r1023)
Compile-time options: bursty multiport
----------------------------------------------------------
Flow number: 1
From 192.168.10.7:49477
To    192.168.10.5:8999
----------------------------------------------------------
Total time               =      9.996839 s
Total packets            =        165394
Minimum delay            =      0.000002 s
Maximum delay            =      1.000094 s
Average delay            =      0.010564 s
Average jitter           =      0.000135 s
Delay standard deviation =      0.102114 s
Bytes received           =      10585216
Average bitrate          =   8470.850436 Kbit/s
Average packet rate      =  16544.629757 pkt/s
Packets dropped          =             0 (0.00 %)
Average loss-burst size  =      0.000000 pkt
----------------------------------------------------------

__________________________________________________________
****************  TOTAL RESULTS   ******************
__________________________________________________________
Number of flows          =             1
Total time               =      9.996839 s
Total packets            =        165394
Minimum delay            =      0.000002 s
Maximum delay            =      1.000094 s
Average delay            =      0.010564 s
Average jitter           =      0.000135 s
Delay standard deviation =      0.102114 s
Bytes received           =      10585216
Average bitrate          =   8470.850436 Kbit/s
Average packet rate      =  16544.629757 pkt/s
Packets dropped          =             0 (0.00 %)
Average loss-burst size  =             0 pkt
Error lines              =             0
----------------------------------------------------------
