ITGDec version 2.8.1 (r1023)
Compile-time options: bursty multiport
----------------------------------------------------------
Flow number: 1
From 192.168.10.7:34459
To    192.168.10.5:8999
----------------------------------------------------------
Total time               =     10.090764 s
Total packets            =         72328
Minimum delay            =      0.000004 s
Maximum delay            =      1.000191 s
Average delay            =      0.162415 s
Average jitter           =      0.000303 s
Delay standard deviation =      0.365462 s
Bytes received           =      18515968
Average bitrate          =  14679.537050 Kbit/s
Average packet rate      =   7167.742700 pkt/s
Packets dropped          =         24384 (25.21 %)
Average loss-burst size  =      2.456331 pkt
----------------------------------------------------------

__________________________________________________________
****************  TOTAL RESULTS   ******************
__________________________________________________________
Number of flows          =             1
Total time               =     10.090764 s
Total packets            =         72328
Minimum delay            =      0.000004 s
Maximum delay            =      1.000191 s
Average delay            =      0.162415 s
Average jitter           =      0.000303 s
Delay standard deviation =      0.365462 s
Bytes received           =      18515968
Average bitrate          =  14679.537050 Kbit/s
Average packet rate      =   7167.742700 pkt/s
Packets dropped          =         24384 (25.21 %)
Average loss-burst size  =      2.456331 pkt
Error lines              =             0
----------------------------------------------------------
