ITGDec version 2.8.1 (r1023)
Compile-time options: bursty multiport
----------------------------------------------------------
Flow number: 1
From 192.168.10.7:51788
To    192.168.10.5:8999
----------------------------------------------------------
Total time               =      8.937346 s
Total packets            =             6
Minimum delay            =      0.004837 s
Maximum delay            =      0.005757 s
Average delay            =      0.005298 s
Average jitter           =      0.000271 s
Delay standard deviation =      0.000279 s
Bytes received           =          1404
Average bitrate          =      1.256749 Kbit/s
Average packet rate      =      0.671340 pkt/s
Packets dropped          =             0 (0.00 %)
Average loss-burst size  =      0.000000 pkt
----------------------------------------------------------

__________________________________________________________
****************  TOTAL RESULTS   ******************
__________________________________________________________
Number of flows          =             1
Total time               =      8.937346 s
Total packets            =             6
Minimum delay            =      0.004837 s
Maximum delay            =      0.005757 s
Average delay            =      0.005298 s
Average jitter           =      0.000271 s
Delay standard deviation =      0.000279 s
Bytes received           =          1404
Average bitrate          =      1.256749 Kbit/s
Average packet rate      =      0.671340 pkt/s
Packets dropped          =             0 (0.00 %)
Average loss-burst size  =             0 pkt
Error lines              =             0
----------------------------------------------------------
