ITGDec version 2.8.1 (r1023)
Compile-time options: bursty multiport
----------------------------------------------------------
Flow number: 1
From 192.168.10.7:35232
To    192.168.10.5:8999
----------------------------------------------------------
Total time               =     10.081708 s
Total packets            =         72197
Minimum delay            =      0.000003 s
Maximum delay            =      1.000631 s
Average delay            =      0.160434 s
Average jitter           =      0.000304 s
Delay standard deviation =      0.364009 s
Bytes received           =      18482432
Average bitrate          =  14666.111734 Kbit/s
Average packet rate      =   7161.187370 pkt/s
Packets dropped          =         24892 (25.64 %)
Average loss-burst size  =      2.478789 pkt
----------------------------------------------------------

__________________________________________________________
****************  TOTAL RESULTS   ******************
__________________________________________________________
Number of flows          =             1
Total time               =     10.081708 s
Total packets            =         72197
Minimum delay            =      0.000003 s
Maximum delay            =      1.000631 s
Average delay            =      0.160434 s
Average jitter           =      0.000304 s
Delay standard deviation =      0.364009 s
Bytes received           =      18482432
Average bitrate          =  14666.111734 Kbit/s
Average packet rate      =   7161.187370 pkt/s
Packets dropped          =         24892 (25.64 %)
Average loss-burst size  =      2.478789 pkt
Error lines              =             0
----------------------------------------------------------
