ITGDec version 2.8.1 (r1023)
Compile-time options: bursty multiport
----------------------------------------------------------
Flow number: 1
From 192.168.10.7:35231
To    192.168.10.5:8999
----------------------------------------------------------
Total time               =      9.988286 s
Total packets            =           242
Minimum delay            =      0.004191 s
Maximum delay            =      0.010284 s
Average delay            =      0.004732 s
Average jitter           =      0.000242 s
Delay standard deviation =      0.000485 s
Bytes received           =         10375
Average bitrate          =      8.309734 Kbit/s
Average packet rate      =     24.228381 pkt/s
Packets dropped          =             0 (0.00 %)
Average loss-burst size  =      0.000000 pkt
----------------------------------------------------------

__________________________________________________________
****************  TOTAL RESULTS   ******************
__________________________________________________________
Number of flows          =             1
Total time               =      9.988286 s
Total packets            =           242
Minimum delay            =      0.004191 s
Maximum delay            =      0.010284 s
Average delay            =      0.004732 s
Average jitter           =      0.000242 s
Delay standard deviation =      0.000485 s
Bytes received           =         10375
Average bitrate          =      8.309734 Kbit/s
Average packet rate      =     24.228381 pkt/s
Packets dropped          =             0 (0.00 %)
Average loss-burst size  =             0 pkt
Error lines              =             0
----------------------------------------------------------
