ITGDec version 2.8.1 (r1023)
Compile-time options: bursty multiport
----------------------------------------------------------
Flow number: 1
From 192.168.10.7:43067
To    192.168.10.5:8999
----------------------------------------------------------
Total time               =     10.002621 s
Total packets            =        166605
Minimum delay            =      0.000002 s
Maximum delay            =      1.000095 s
Average delay            =      0.014319 s
Average jitter           =      0.000135 s
Delay standard deviation =      0.118589 s
Bytes received           =      10662720
Average bitrate          =   8527.940827 Kbit/s
Average packet rate      =  16656.134427 pkt/s
Packets dropped          =             0 (0.00 %)
Average loss-burst size  =      0.000000 pkt
----------------------------------------------------------

__________________________________________________________
****************  TOTAL RESULTS   ******************
__________________________________________________________
Number of flows          =             1
Total time               =     10.002621 s
Total packets            =        166605
Minimum delay            =      0.000002 s
Maximum delay            =      1.000095 s
Average delay            =      0.014319 s
Average jitter           =      0.000135 s
Delay standard deviation =      0.118589 s
Bytes received           =      10662720
Average bitrate          =   8527.940827 Kbit/s
Average packet rate      =  16656.134427 pkt/s
Packets dropped          =             0 (0.00 %)
Average loss-burst size  =             0 pkt
Error lines              =             0
----------------------------------------------------------
