ITGDec version 2.8.1 (r1023)
Compile-time options: bursty multiport
----------------------------------------------------------
Flow number: 1
From 192.168.10.7:57689
To    192.168.10.5:8999
----------------------------------------------------------
Total time               =     10.084405 s
Total packets            =         71968
Minimum delay            =      0.000004 s
Maximum delay            =      1.000177 s
Average delay            =      0.155420 s
Average jitter           =      0.000305 s
Delay standard deviation =      0.359172 s
Bytes received           =      18423808
Average bitrate          =  14615.682730 Kbit/s
Average packet rate      =   7136.563833 pkt/s
Packets dropped          =         24887 (25.70 %)
Average loss-burst size  =      2.459190 pkt
----------------------------------------------------------

__________________________________________________________
****************  TOTAL RESULTS   ******************
__________________________________________________________
Number of flows          =             1
Total time               =     10.084405 s
Total packets            =         71968
Minimum delay            =      0.000004 s
Maximum delay            =      1.000177 s
Average delay            =      0.155420 s
Average jitter           =      0.000305 s
Delay standard deviation =      0.359172 s
Bytes received           =      18423808
Average bitrate          =  14615.682730 Kbit/s
Average packet rate      =   7136.563833 pkt/s
Packets dropped          =         24887 (25.70 %)
Average loss-burst size  =      2.459190 pkt
Error lines              =             0
----------------------------------------------------------
