ITGDec version 2.8.1 (r1023)
Compile-time options: bursty multiport
----------------------------------------------------------
Flow number: 1
From 192.168.10.7:36054
To    192.168.10.5:8999
----------------------------------------------------------
Total time               =     10.057079 s
Total packets            =        123940
Minimum delay            =      0.000003 s
Maximum delay            =      1.000123 s
Average delay            =      0.101957 s
Average jitter           =      0.000182 s
Delay standard deviation =      0.300823 s
Bytes received           =      15864320
Average bitrate          =  12619.425581 Kbit/s
Average packet rate      =  12323.657794 pkt/s
Packets dropped          =          5125 (3.97 %)
Average loss-burst size  =      2.673448 pkt
----------------------------------------------------------

__________________________________________________________
****************  TOTAL RESULTS   ******************
__________________________________________________________
Number of flows          =             1
Total time               =     10.057079 s
Total packets            =        123940
Minimum delay            =      0.000003 s
Maximum delay            =      1.000123 s
Average delay            =      0.101957 s
Average jitter           =      0.000182 s
Delay standard deviation =      0.300823 s
Bytes received           =      15864320
Average bitrate          =  12619.425581 Kbit/s
Average packet rate      =  12323.657794 pkt/s
Packets dropped          =          5125 (3.97 %)
Average loss-burst size  =      2.673448 pkt
Error lines              =             0
----------------------------------------------------------
