ITGDec version 2.8.1 (r1023)
Compile-time options: bursty multiport
----------------------------------------------------------
Flow number: 1
From 192.168.10.7:40891
To    192.168.10.5:8999
----------------------------------------------------------
Total time               =      9.998190 s
Total packets            =           986
Minimum delay            =      0.000529 s
Maximum delay            =      0.010690 s
Average delay            =      0.004652 s
Average jitter           =      0.000226 s
Delay standard deviation =      0.000441 s
Bytes received           =         63104
Average bitrate          =     50.492339 Kbit/s
Average packet rate      =     98.617850 pkt/s
Packets dropped          =             0 (0.00 %)
Average loss-burst size  =      0.000000 pkt
----------------------------------------------------------

__________________________________________________________
****************  TOTAL RESULTS   ******************
__________________________________________________________
Number of flows          =             1
Total time               =      9.998190 s
Total packets            =           986
Minimum delay            =      0.000529 s
Maximum delay            =      0.010690 s
Average delay            =      0.004652 s
Average jitter           =      0.000226 s
Delay standard deviation =      0.000441 s
Bytes received           =         63104
Average bitrate          =     50.492339 Kbit/s
Average packet rate      =     98.617850 pkt/s
Packets dropped          =             0 (0.00 %)
Average loss-burst size  =             0 pkt
Error lines              =             0
----------------------------------------------------------
