ITGDec version 2.8.1 (r1023)
Compile-time options: bursty multiport
----------------------------------------------------------
Flow number: 1
From 192.168.10.7:41752
To    192.168.10.5:8999
----------------------------------------------------------
Total time               =     10.049693 s
Total packets            =        124411
Minimum delay            =      0.000003 s
Maximum delay            =      1.000524 s
Average delay            =      0.095843 s
Average jitter           =      0.000184 s
Delay standard deviation =      0.292734 s
Bytes received           =      15924608
Average bitrate          =  12676.692114 Kbit/s
Average packet rate      =  12379.582142 pkt/s
Packets dropped          =          4225 (3.28 %)
Average loss-burst size  =      2.445023 pkt
----------------------------------------------------------

__________________________________________________________
****************  TOTAL RESULTS   ******************
__________________________________________________________
Number of flows          =             1
Total time               =     10.049693 s
Total packets            =        124411
Minimum delay            =      0.000003 s
Maximum delay            =      1.000524 s
Average delay            =      0.095843 s
Average jitter           =      0.000184 s
Delay standard deviation =      0.292734 s
Bytes received           =      15924608
Average bitrate          =  12676.692114 Kbit/s
Average packet rate      =  12379.582142 pkt/s
Packets dropped          =          4225 (3.28 %)
Average loss-burst size  =      2.445023 pkt
Error lines              =             0
----------------------------------------------------------
