ITGDec version 2.8.1 (r1023)
Compile-time options: bursty multiport
----------------------------------------------------------
Flow number: 1
From 192.168.10.7:45479
To    192.168.10.5:8999
----------------------------------------------------------
Total time               =     10.248687 s
Total packets            =         19115
Minimum delay            =      0.000003 s
Maximum delay            =      1.001035 s
Average delay            =      0.463789 s
Average jitter           =      0.001151 s
Delay standard deviation =      0.483242 s
Bytes received           =      19573760
Average bitrate          =  15279.038183 Kbit/s
Average packet rate      =   1865.116966 pkt/s
Packets dropped          =         19214 (50.13 %)
Average loss-burst size  =      3.033470 pkt
----------------------------------------------------------

__________________________________________________________
****************  TOTAL RESULTS   ******************
__________________________________________________________
Number of flows          =             1
Total time               =     10.248687 s
Total packets            =         19115
Minimum delay            =      0.000003 s
Maximum delay            =      1.001035 s
Average delay            =      0.463789 s
Average jitter           =      0.001151 s
Delay standard deviation =      0.483242 s
Bytes received           =      19573760
Average bitrate          =  15279.038183 Kbit/s
Average packet rate      =   1865.116966 pkt/s
Packets dropped          =         19214 (50.13 %)
Average loss-burst size  =      3.033470 pkt
Error lines              =             0
----------------------------------------------------------
