ITGDec version 2.8.1 (r1023)
Compile-time options: bursty multiport
----------------------------------------------------------
Flow number: 1
From 192.168.10.7:33914
To    192.168.10.5:8999
----------------------------------------------------------
Total time               =     10.265441 s
Total packets            =         19210
Minimum delay            =      0.000006 s
Maximum delay            =      1.000774 s
Average delay            =      0.431732 s
Average jitter           =      0.001092 s
Delay standard deviation =      0.479508 s
Bytes received           =      19671040
Average bitrate          =  15329.913250 Kbit/s
Average packet rate      =   1871.327301 pkt/s
Packets dropped          =         19127 (49.89 %)
Average loss-burst size  =      2.966346 pkt
----------------------------------------------------------

__________________________________________________________
****************  TOTAL RESULTS   ******************
__________________________________________________________
Number of flows          =             1
Total time               =     10.265441 s
Total packets            =         19210
Minimum delay            =      0.000006 s
Maximum delay            =      1.000774 s
Average delay            =      0.431732 s
Average jitter           =      0.001092 s
Delay standard deviation =      0.479508 s
Bytes received           =      19671040
Average bitrate          =  15329.913250 Kbit/s
Average packet rate      =   1871.327301 pkt/s
Packets dropped          =         19127 (49.89 %)
Average loss-burst size  =      2.966346 pkt
Error lines              =             0
----------------------------------------------------------
