ITGDec version 2.8.1 (r1023)
Compile-time options: bursty multiport
----------------------------------------------------------
Flow number: 1
From 192.168.10.7:54769
To    192.168.10.5:8999
----------------------------------------------------------
Total time               =     10.154237 s
Total packets            =         37610
Minimum delay            =      0.000004 s
Maximum delay            =      1.000560 s
Average delay            =      0.273251 s
Average jitter           =      0.000585 s
Delay standard deviation =      0.438118 s
Bytes received           =      19256320
Average bitrate          =  15171.062090 Kbit/s
Average packet rate      =   3703.872580 pkt/s
Packets dropped          =         26838 (41.64 %)
Average loss-burst size  =      2.914956 pkt
----------------------------------------------------------

__________________________________________________________
****************  TOTAL RESULTS   ******************
__________________________________________________________
Number of flows          =             1
Total time               =     10.154237 s
Total packets            =         37610
Minimum delay            =      0.000004 s
Maximum delay            =      1.000560 s
Average delay            =      0.273251 s
Average jitter           =      0.000585 s
Delay standard deviation =      0.438118 s
Bytes received           =      19256320
Average bitrate          =  15171.062090 Kbit/s
Average packet rate      =   3703.872580 pkt/s
Packets dropped          =         26838 (41.64 %)
Average loss-burst size  =      2.914956 pkt
Error lines              =             0
----------------------------------------------------------
