ITGDec version 2.8.1 (r1023)
Compile-time options: bursty multiport
----------------------------------------------------------
Flow number: 1
From 192.168.10.7:59752
To    192.168.10.5:8999
----------------------------------------------------------
Total time               =      9.987144 s
Total packets            =           239
Minimum delay            =      0.004256 s
Maximum delay            =      0.013461 s
Average delay            =      0.004846 s
Average jitter           =      0.000492 s
Delay standard deviation =      0.001093 s
Bytes received           =         10428
Average bitrate          =      8.353139 Kbit/s
Average packet rate      =     23.930765 pkt/s
Packets dropped          =             0 (0.00 %)
Average loss-burst size  =      0.000000 pkt
----------------------------------------------------------

__________________________________________________________
****************  TOTAL RESULTS   ******************
__________________________________________________________
Number of flows          =             1
Total time               =      9.987144 s
Total packets            =           239
Minimum delay            =      0.004256 s
Maximum delay            =      0.013461 s
Average delay            =      0.004846 s
Average jitter           =      0.000492 s
Delay standard deviation =      0.001093 s
Bytes received           =         10428
Average bitrate          =      8.353139 Kbit/s
Average packet rate      =     23.930765 pkt/s
Packets dropped          =             0 (0.00 %)
Average loss-burst size  =             0 pkt
Error lines              =             0
----------------------------------------------------------
