ITGDec version 2.8.1 (r1023)
Compile-time options: bursty multiport
----------------------------------------------------------
Flow number: 1
From 192.168.10.7:46305
To    192.168.10.5:8999
----------------------------------------------------------
Total time               =     10.319198 s
Total packets            =         15440
Minimum delay            =      0.000004 s
Maximum delay            =      1.000404 s
Average delay            =      0.536431 s
Average jitter           =      0.001438 s
Delay standard deviation =      0.478400 s
Bytes received           =      19763200
Average bitrate          =  15321.500760 Kbit/s
Average packet rate      =   1496.240309 pkt/s
Packets dropped          =         16709 (51.97 %)
Average loss-burst size  =      3.089682 pkt
----------------------------------------------------------

__________________________________________________________
****************  TOTAL RESULTS   ******************
__________________________________________________________
Number of flows          =             1
Total time               =     10.319198 s
Total packets            =         15440
Minimum delay            =      0.000004 s
Maximum delay            =      1.000404 s
Average delay            =      0.536431 s
Average jitter           =      0.001438 s
Delay standard deviation =      0.478400 s
Bytes received           =      19763200
Average bitrate          =  15321.500760 Kbit/s
Average packet rate      =   1496.240309 pkt/s
Packets dropped          =         16709 (51.97 %)
Average loss-burst size  =      3.089682 pkt
Error lines              =             0
----------------------------------------------------------
