ITGDec version 2.8.1 (r1023)
Compile-time options: bursty multiport
----------------------------------------------------------
Flow number: 1
From 192.168.10.7:38711
To    192.168.10.5:8999
----------------------------------------------------------
Total time               =     10.013797 s
Total packets            =        166336
Minimum delay            =      0.000002 s
Maximum delay            =      1.000095 s
Average delay            =      0.028772 s
Average jitter           =      0.000135 s
Delay standard deviation =      0.166804 s
Bytes received           =      10645504
Average bitrate          =   8504.669308 Kbit/s
Average packet rate      =  16610.682242 pkt/s
Packets dropped          =          3244 (1.91 %)
Average loss-burst size  =      5.037267 pkt
----------------------------------------------------------

__________________________________________________________
****************  TOTAL RESULTS   ******************
__________________________________________________________
Number of flows          =             1
Total time               =     10.013797 s
Total packets            =        166336
Minimum delay            =      0.000002 s
Maximum delay            =      1.000095 s
Average delay            =      0.028772 s
Average jitter           =      0.000135 s
Delay standard deviation =      0.166804 s
Bytes received           =      10645504
Average bitrate          =   8504.669308 Kbit/s
Average packet rate      =  16610.682242 pkt/s
Packets dropped          =          3244 (1.91 %)
Average loss-burst size  =      5.037267 pkt
Error lines              =             0
----------------------------------------------------------
