ITGDec version 2.8.1 (r1023)
Compile-time options: bursty multiport
----------------------------------------------------------
Flow number: 1
From 192.168.10.7:36857
To    192.168.10.5:8999
----------------------------------------------------------
Total time               =     10.007713 s
Total packets            =        166976
Minimum delay            =      0.000002 s
Maximum delay            =      1.000096 s
Average delay            =      0.019629 s
Average jitter           =      0.000134 s
Delay standard deviation =      0.138415 s
Bytes received           =      10686464
Average bitrate          =   8542.582306 Kbit/s
Average packet rate      =  16684.731067 pkt/s
Packets dropped          =            79 (0.05 %)
Average loss-burst size  =      0.000000 pkt
----------------------------------------------------------

__________________________________________________________
****************  TOTAL RESULTS   ******************
__________________________________________________________
Number of flows          =             1
Total time               =     10.007713 s
Total packets            =        166976
Minimum delay            =      0.000002 s
Maximum delay            =      1.000096 s
Average delay            =      0.019629 s
Average jitter           =      0.000134 s
Delay standard deviation =      0.138415 s
Bytes received           =      10686464
Average bitrate          =   8542.582306 Kbit/s
Average packet rate      =  16684.731067 pkt/s
Packets dropped          =            79 (0.05 %)
Average loss-burst size  =      0.000000 pkt
Error lines              =             0
----------------------------------------------------------
