ITGDec version 2.8.1 (r1023)
Compile-time options: bursty multiport
----------------------------------------------------------
Flow number: 1
From 192.168.10.7:37689
To    192.168.10.5:8999
----------------------------------------------------------
Total time               =     10.006702 s
Total packets            =        163631
Minimum delay            =      0.000002 s
Maximum delay            =      1.000117 s
Average delay            =      0.020903 s
Average jitter           =      0.000137 s
Delay standard deviation =      0.142843 s
Bytes received           =      10472384
Average bitrate          =   8372.296087 Kbit/s
Average packet rate      =  16352.140795 pkt/s
Packets dropped          =          7734 (4.51 %)
Average loss-burst size  =      8.631696 pkt
----------------------------------------------------------

__________________________________________________________
****************  TOTAL RESULTS   ******************
__________________________________________________________
Number of flows          =             1
Total time               =     10.006702 s
Total packets            =        163631
Minimum delay            =      0.000002 s
Maximum delay            =      1.000117 s
Average delay            =      0.020903 s
Average jitter           =      0.000137 s
Delay standard deviation =      0.142843 s
Bytes received           =      10472384
Average bitrate          =   8372.296087 Kbit/s
Average packet rate      =  16352.140795 pkt/s
Packets dropped          =          7734 (4.51 %)
Average loss-burst size  =      8.631696 pkt
Error lines              =             0
----------------------------------------------------------
