ITGDec version 2.8.1 (r1023)
Compile-time options: bursty multiport
----------------------------------------------------------
Flow number: 1
From 192.168.10.7:35399
To    192.168.10.5:8999
----------------------------------------------------------
Total time               =     10.168033 s
Total packets            =         37729
Minimum delay            =      0.000003 s
Maximum delay            =      1.000546 s
Average delay            =      0.271736 s
Average jitter           =      0.000566 s
Delay standard deviation =      0.436241 s
Bytes received           =      19317248
Average bitrate          =  15198.414875 Kbit/s
Average packet rate      =   3710.550507 pkt/s
Packets dropped          =         26766 (41.50 %)
Average loss-burst size  =      2.961496 pkt
----------------------------------------------------------

__________________________________________________________
****************  TOTAL RESULTS   ******************
__________________________________________________________
Number of flows          =             1
Total time               =     10.168033 s
Total packets            =         37729
Minimum delay            =      0.000003 s
Maximum delay            =      1.000546 s
Average delay            =      0.271736 s
Average jitter           =      0.000566 s
Delay standard deviation =      0.436241 s
Bytes received           =      19317248
Average bitrate          =  15198.414875 Kbit/s
Average packet rate      =   3710.550507 pkt/s
Packets dropped          =         26766 (41.50 %)
Average loss-burst size  =      2.961496 pkt
Error lines              =             0
----------------------------------------------------------
