ITGDec version 2.8.1 (r1023)
Compile-time options: bursty multiport
----------------------------------------------------------
Flow number: 1
From 192.168.10.7:53544
To    192.168.10.5:8999
----------------------------------------------------------
Total time               =     10.004023 s
Total packets            =        166715
Minimum delay            =      0.000002 s
Maximum delay            =      1.000097 s
Average delay            =      0.019373 s
Average jitter           =      0.000134 s
Delay standard deviation =      0.137668 s
Bytes received           =      10669760
Average bitrate          =   8532.375425 Kbit/s
Average packet rate      =  16664.795753 pkt/s
Packets dropped          =            60 (0.04 %)
Average loss-burst size  =      0.000000 pkt
----------------------------------------------------------

__________________________________________________________
****************  TOTAL RESULTS   ******************
__________________________________________________________
Number of flows          =             1
Total time               =     10.004023 s
Total packets            =        166715
Minimum delay            =      0.000002 s
Maximum delay            =      1.000097 s
Average delay            =      0.019373 s
Average jitter           =      0.000134 s
Delay standard deviation =      0.137668 s
Bytes received           =      10669760
Average bitrate          =   8532.375425 Kbit/s
Average packet rate      =  16664.795753 pkt/s
Packets dropped          =            60 (0.04 %)
Average loss-burst size  =      0.000000 pkt
Error lines              =             0
----------------------------------------------------------
