ITGDec version 2.8.1 (r1023)
Compile-time options: bursty multiport
----------------------------------------------------------
Flow number: 1
From 192.168.10.7:55245
To    192.168.10.5:8999
----------------------------------------------------------
Total time               =      9.999603 s
Total packets            =        166705
Minimum delay            =      0.000002 s
Maximum delay            =      1.000098 s
Average delay            =      0.018879 s
Average jitter           =      0.000134 s
Delay standard deviation =      0.135986 s
Bytes received           =      10669120
Average bitrate          =   8535.634865 Kbit/s
Average packet rate      =  16671.161845 pkt/s
Packets dropped          =             0 (0.00 %)
Average loss-burst size  =      0.000000 pkt
----------------------------------------------------------

__________________________________________________________
****************  TOTAL RESULTS   ******************
__________________________________________________________
Number of flows          =             1
Total time               =      9.999603 s
Total packets            =        166705
Minimum delay            =      0.000002 s
Maximum delay            =      1.000098 s
Average delay            =      0.018879 s
Average jitter           =      0.000134 s
Delay standard deviation =      0.135986 s
Bytes received           =      10669120
Average bitrate          =   8535.634865 Kbit/s
Average packet rate      =  16671.161845 pkt/s
Packets dropped          =             0 (0.00 %)
Average loss-burst size  =             0 pkt
Error lines              =             0
----------------------------------------------------------
