ITGDec version 2.8.1 (r1023)
Compile-time options: bursty multiport
----------------------------------------------------------
Flow number: 1
From 192.168.10.7:59341
To    192.168.10.5:8999
----------------------------------------------------------
Total time               =     10.076943 s
Total packets            =         70291
Minimum delay            =      0.000004 s
Maximum delay            =      1.000835 s
Average delay            =      0.162049 s
Average jitter           =      0.000319 s
Delay standard deviation =      0.365740 s
Bytes received           =      17994496
Average bitrate          =  14285.678504 Kbit/s
Average packet rate      =   6975.428957 pkt/s
Packets dropped          =         23726 (25.24 %)
Average loss-burst size  =      2.640036 pkt
----------------------------------------------------------

__________________________________________________________
****************  TOTAL RESULTS   ******************
__________________________________________________________
Number of flows          =             1
Total time               =     10.076943 s
Total packets            =         70291
Minimum delay            =      0.000004 s
Maximum delay            =      1.000835 s
Average delay            =      0.162049 s
Average jitter           =      0.000319 s
Delay standard deviation =      0.365740 s
Bytes received           =      17994496
Average bitrate          =  14285.678504 Kbit/s
Average packet rate      =   6975.428957 pkt/s
Packets dropped          =         23726 (25.24 %)
Average loss-burst size  =      2.640036 pkt
Error lines              =             0
----------------------------------------------------------
