ITGDec version 2.8.1 (r1023)
Compile-time options: bursty multiport
----------------------------------------------------------
Flow number: 1
From 192.168.10.7:44593
To    192.168.10.5:8999
----------------------------------------------------------
Total time               =     10.056418 s
Total packets            =        124277
Minimum delay            =      0.000002 s
Maximum delay            =      1.000420 s
Average delay            =      0.101073 s
Average jitter           =      0.000184 s
Delay standard deviation =      0.299614 s
Bytes received           =      15907456
Average bitrate          =  12654.570246 Kbit/s
Average packet rate      =  12357.978755 pkt/s
Packets dropped          =          4416 (3.43 %)
Average loss-burst size  =      2.406540 pkt
----------------------------------------------------------

__________________________________________________________
****************  TOTAL RESULTS   ******************
__________________________________________________________
Number of flows          =             1
Total time               =     10.056418 s
Total packets            =        124277
Minimum delay            =      0.000002 s
Maximum delay            =      1.000420 s
Average delay            =      0.101073 s
Average jitter           =      0.000184 s
Delay standard deviation =      0.299614 s
Bytes received           =      15907456
Average bitrate          =  12654.570246 Kbit/s
Average packet rate      =  12357.978755 pkt/s
Packets dropped          =          4416 (3.43 %)
Average loss-burst size  =      2.406540 pkt
Error lines              =             0
----------------------------------------------------------
