ITGDec version 2.8.1 (r1023)
Compile-time options: bursty multiport
----------------------------------------------------------
Flow number: 1
From 192.168.10.7:37924
To    192.168.10.5:8999
----------------------------------------------------------
Total time               =     10.263455 s
Total packets            =         19311
Minimum delay            =      0.000004 s
Maximum delay            =      1.000612 s
Average delay            =      0.464288 s
Average jitter           =      0.001142 s
Delay standard deviation =      0.482840 s
Bytes received           =      19774464
Average bitrate          =  15413.494968 Kbit/s
Average packet rate      =   1881.530147 pkt/s
Packets dropped          =         19017 (49.62 %)
Average loss-burst size  =      2.941531 pkt
----------------------------------------------------------

__________________________________________________________
****************  TOTAL RESULTS   ******************
__________________________________________________________
Number of flows          =             1
Total time               =     10.263455 s
Total packets            =         19311
Minimum delay            =      0.000004 s
Maximum delay            =      1.000612 s
Average delay            =      0.464288 s
Average jitter           =      0.001142 s
Delay standard deviation =      0.482840 s
Bytes received           =      19774464
Average bitrate          =  15413.494968 Kbit/s
Average packet rate      =   1881.530147 pkt/s
Packets dropped          =         19017 (49.62 %)
Average loss-burst size  =      2.941531 pkt
Error lines              =             0
----------------------------------------------------------
