ITGDec version 2.8.1 (r1023)
Compile-time options: bursty multiport
----------------------------------------------------------
Flow number: 1
From 192.168.10.7:60820
To    192.168.10.5:8999
----------------------------------------------------------
Total time               =     10.260773 s
Total packets            =         19385
Minimum delay            =      0.000006 s
Maximum delay            =      1.000319 s
Average delay            =      0.431186 s
Average jitter           =      0.001137 s
Delay standard deviation =      0.479278 s
Bytes received           =      19850240
Average bitrate          =  15476.603956 Kbit/s
Average packet rate      =   1889.233881 pkt/s
Packets dropped          =         18933 (49.41 %)
Average loss-burst size  =      2.901609 pkt
----------------------------------------------------------

__________________________________________________________
****************  TOTAL RESULTS   ******************
__________________________________________________________
Number of flows          =             1
Total time               =     10.260773 s
Total packets            =         19385
Minimum delay            =      0.000006 s
Maximum delay            =      1.000319 s
Average delay            =      0.431186 s
Average jitter           =      0.001137 s
Delay standard deviation =      0.479278 s
Bytes received           =      19850240
Average bitrate          =  15476.603956 Kbit/s
Average packet rate      =   1889.233881 pkt/s
Packets dropped          =         18933 (49.41 %)
Average loss-burst size  =      2.901609 pkt
Error lines              =             0
----------------------------------------------------------
