ITGDec version 2.8.1 (r1023)
Compile-time options: bursty multiport
----------------------------------------------------------
Flow number: 1
From 192.168.10.7:50033
To    192.168.10.5:8999
----------------------------------------------------------
Total time               =      9.993648 s
Total packets            =           985
Minimum delay            =      0.002956 s
Maximum delay            =      0.016553 s
Average delay            =      0.004675 s
Average jitter           =      0.000222 s
Delay standard deviation =      0.000550 s
Bytes received           =         63040
Average bitrate          =     50.464055 Kbit/s
Average packet rate      =     98.562607 pkt/s
Packets dropped          =             0 (0.00 %)
Average loss-burst size  =      0.000000 pkt
----------------------------------------------------------

__________________________________________________________
****************  TOTAL RESULTS   ******************
__________________________________________________________
Number of flows          =             1
Total time               =      9.993648 s
Total packets            =           985
Minimum delay            =      0.002956 s
Maximum delay            =      0.016553 s
Average delay            =      0.004675 s
Average jitter           =      0.000222 s
Delay standard deviation =      0.000550 s
Bytes received           =         63040
Average bitrate          =     50.464055 Kbit/s
Average packet rate      =     98.562607 pkt/s
Packets dropped          =             0 (0.00 %)
Average loss-burst size  =             0 pkt
Error lines              =             0
----------------------------------------------------------
