ITGDec version 2.8.1 (r1023)
Compile-time options: bursty multiport
----------------------------------------------------------
Flow number: 1
From 192.168.10.7:49384
To    192.168.10.5:8999
----------------------------------------------------------
Total time               =      9.992225 s
Total packets            =        166051
Minimum delay            =      0.000002 s
Maximum delay            =      1.000112 s
Average delay            =      0.012585 s
Average jitter           =      0.000135 s
Delay standard deviation =      0.111349 s
Bytes received           =      10627264
Average bitrate          =   8508.426502 Kbit/s
Average packet rate      =  16618.020511 pkt/s
Packets dropped          =             0 (0.00 %)
Average loss-burst size  =      0.000000 pkt
----------------------------------------------------------

__________________________________________________________
****************  TOTAL RESULTS   ******************
__________________________________________________________
Number of flows          =             1
Total time               =      9.992225 s
Total packets            =        166051
Minimum delay            =      0.000002 s
Maximum delay            =      1.000112 s
Average delay            =      0.012585 s
Average jitter           =      0.000135 s
Delay standard deviation =      0.111349 s
Bytes received           =      10627264
Average bitrate          =   8508.426502 Kbit/s
Average packet rate      =  16618.020511 pkt/s
Packets dropped          =             0 (0.00 %)
Average loss-burst size  =             0 pkt
Error lines              =             0
----------------------------------------------------------
