ITGDec version 2.8.1 (r1023)
Compile-time options: bursty multiport
----------------------------------------------------------
Flow number: 1
From 192.168.10.7:59671
To    192.168.10.5:8999
----------------------------------------------------------
Total time               =     10.158298 s
Total packets            =         37651
Minimum delay            =      0.000004 s
Maximum delay            =      1.000679 s
Average delay            =      0.280096 s
Average jitter           =      0.000584 s
Delay standard deviation =      0.441379 s
Bytes received           =      19277312
Average bitrate          =  15181.529032 Kbit/s
Average packet rate      =   3706.427986 pkt/s
Packets dropped          =         26776 (41.56 %)
Average loss-burst size  =      2.807297 pkt
----------------------------------------------------------

__________________________________________________________
****************  TOTAL RESULTS   ******************
__________________________________________________________
Number of flows          =             1
Total time               =     10.158298 s
Total packets            =         37651
Minimum delay            =      0.000004 s
Maximum delay            =      1.000679 s
Average delay            =      0.280096 s
Average jitter           =      0.000584 s
Delay standard deviation =      0.441379 s
Bytes received           =      19277312
Average bitrate          =  15181.529032 Kbit/s
Average packet rate      =   3706.427986 pkt/s
Packets dropped          =         26776 (41.56 %)
Average loss-burst size  =      2.807297 pkt
Error lines              =             0
----------------------------------------------------------
