ITGDec version 2.8.1 (r1023)
Compile-time options: bursty multiport
----------------------------------------------------------
Flow number: 1
From 192.168.10.7:49662
To    192.168.10.5:8999
----------------------------------------------------------
Total time               =     10.253679 s
Total packets            =         19312
Minimum delay            =      0.000004 s
Maximum delay            =      1.001030 s
Average delay            =      0.430180 s
Average jitter           =      0.001087 s
Delay standard deviation =      0.479574 s
Bytes received           =      19775488
Average bitrate          =  15428.989341 Kbit/s
Average packet rate      =   1883.421550 pkt/s
Packets dropped          =         19012 (49.61 %)
Average loss-burst size  =      2.953550 pkt
----------------------------------------------------------

__________________________________________________________
****************  TOTAL RESULTS   ******************
__________________________________________________________
Number of flows          =             1
Total time               =     10.253679 s
Total packets            =         19312
Minimum delay            =      0.000004 s
Maximum delay            =      1.001030 s
Average delay            =      0.430180 s
Average jitter           =      0.001087 s
Delay standard deviation =      0.479574 s
Bytes received           =      19775488
Average bitrate          =  15428.989341 Kbit/s
Average packet rate      =   1883.421550 pkt/s
Packets dropped          =         19012 (49.61 %)
Average loss-burst size  =      2.953550 pkt
Error lines              =             0
----------------------------------------------------------
