ITGDec version 2.8.1 (r1023)
Compile-time options: bursty multiport
----------------------------------------------------------
Flow number: 1
From 192.168.10.7:46350
To    192.168.10.5:8999
----------------------------------------------------------
Total time               =     10.325364 s
Total packets            =         15436
Minimum delay            =      0.000006 s
Maximum delay            =      1.000806 s
Average delay            =      0.573605 s
Average jitter           =      0.001436 s
Delay standard deviation =      0.474113 s
Bytes received           =      19758080
Average bitrate          =  15308.384286 Kbit/s
Average packet rate      =   1494.959403 pkt/s
Packets dropped          =         16724 (52.00 %)
Average loss-burst size  =      3.093600 pkt
----------------------------------------------------------

__________________________________________________________
****************  TOTAL RESULTS   ******************
__________________________________________________________
Number of flows          =             1
Total time               =     10.325364 s
Total packets            =         15436
Minimum delay            =      0.000006 s
Maximum delay            =      1.000806 s
Average delay            =      0.573605 s
Average jitter           =      0.001436 s
Delay standard deviation =      0.474113 s
Bytes received           =      19758080
Average bitrate          =  15308.384286 Kbit/s
Average packet rate      =   1494.959403 pkt/s
Packets dropped          =         16724 (52.00 %)
Average loss-burst size  =      3.093600 pkt
Error lines              =             0
----------------------------------------------------------
